Listing '.'...
Listing './bin'...
Compiling './bin/atoms_tests.py'...
***   File "./bin/atoms_tests.py", line 8
    print "Reading PDB"
                      ^
SyntaxError: Missing parentheses in call to 'print'

Listing './include'...
Listing './lib'...
Listing './lib/python3.5'...
Listing './lib/python3.5/site-packages'...
Listing './lib/python3.5/site-packages/atoms'...
Compiling './lib/python3.5/site-packages/atoms/atoms.py'...
***   File "./lib/python3.5/site-packages/atoms/atoms.py", line 111
    print '# Warning, antiquated function, __str__ function added'
                                                                 ^
SyntaxError: Missing parentheses in call to 'print'

Listing './lib/python3.5/site-packages/atoms/tests'...
Compiling './lib/python3.5/site-packages/atoms/tests/atoms_tests.py'...
***   File "./lib/python3.5/site-packages/atoms/tests/atoms_tests.py", line 8
    print "Reading PDB"
                      ^
SyntaxError: Missing parentheses in call to 'print'

Listing './lib/python3.5/site-packages/atoms/tests/data'...
Listing './lib/python3.5/site-packages/atoms-0.1.egg-info'...
Listing './lib/python3.5/site-packages/pip'...
Listing './lib/python3.5/site-packages/pip/_vendor'...
Listing './lib/python3.5/site-packages/pip/commands'...
Listing './lib/python3.5/site-packages/pip/compat'...
Listing './lib/python3.5/site-packages/pip/models'...
Listing './lib/python3.5/site-packages/pip/operations'...
Listing './lib/python3.5/site-packages/pip/req'...
Listing './lib/python3.5/site-packages/pip/utils'...
Listing './lib/python3.5/site-packages/pip/vcs'...
Listing './lib/python3.5/site-packages/pip-9.0.1.dist-info'...
Listing './lib/python3.5/site-packages/pkg_resources'...
Listing './lib/python3.5/site-packages/pkg_resources/_vendor'...
Listing './lib/python3.5/site-packages/pkg_resources/_vendor/packaging'...
Listing './lib/python3.5/site-packages/pkg_resources/extern'...
Listing './lib/python3.5/site-packages/pkg_resources-0.0.0.dist-info'...
Listing './lib/python3.5/site-packages/setuptools'...
Listing './lib/python3.5/site-packages/setuptools/command'...
Listing './lib/python3.5/site-packages/setuptools/extern'...
Listing './lib/python3.5/site-packages/setuptools-32.3.1.dist-info'...
Listing './share'...
Listing './share/python-wheels'...
