Listing '.'...
Listing './bin'...
Listing './include'...
Listing './lib'...
Listing './lib/python3.5'...
Listing './lib/python3.5/site-packages'...
Listing './lib/python3.5/site-packages/IMAPClient-2.0.0.dist-info'...
Listing './lib/python3.5/site-packages/PasteDeploy-1.5.2.dist-info'...
Listing './lib/python3.5/site-packages/WSGIProxy2-0.4.4.dist-info'...
Listing './lib/python3.5/site-packages/WebOb-1.7.4.dist-info'...
Listing './lib/python3.5/site-packages/WebTest-2.0.29.dist-info'...
Listing './lib/python3.5/site-packages/beautifulsoup4-4.6.0.dist-info'...
Listing './lib/python3.5/site-packages/briefkasten_watchdog'...
Compiling './lib/python3.5/site-packages/briefkasten_watchdog/__init__.py'...
***   File "./lib/python3.5/site-packages/briefkasten_watchdog/__init__.py", line 100
    print "Found submission '%s'" % drop_id
                                ^
SyntaxError: Missing parentheses in call to 'print'

Listing './lib/python3.5/site-packages/briefkasten_watchdog-0.2.1.egg-info'...
Listing './lib/python3.5/site-packages/bs4'...
Listing './lib/python3.5/site-packages/bs4/builder'...
Listing './lib/python3.5/site-packages/bs4/tests'...
Listing './lib/python3.5/site-packages/cssselect'...
Listing './lib/python3.5/site-packages/cssselect-1.0.3.dist-info'...
Listing './lib/python3.5/site-packages/hupper'...
Listing './lib/python3.5/site-packages/hupper-1.0.dist-info'...
Listing './lib/python3.5/site-packages/imapclient'...
Listing './lib/python3.5/site-packages/imapclient/examples'...
Listing './lib/python3.5/site-packages/imapclient/test'...
Listing './lib/python3.5/site-packages/lxml'...
Listing './lib/python3.5/site-packages/lxml/html'...
Listing './lib/python3.5/site-packages/lxml/includes'...
Listing './lib/python3.5/site-packages/lxml/includes/libexslt'...
Listing './lib/python3.5/site-packages/lxml/includes/libxml'...
Listing './lib/python3.5/site-packages/lxml/includes/libxslt'...
Listing './lib/python3.5/site-packages/lxml/isoschematron'...
Listing './lib/python3.5/site-packages/lxml/isoschematron/resources'...
Listing './lib/python3.5/site-packages/lxml/isoschematron/resources/rng'...
Listing './lib/python3.5/site-packages/lxml/isoschematron/resources/xsl'...
Listing './lib/python3.5/site-packages/lxml/isoschematron/resources/xsl/iso-schematron-xslt1'...
Listing './lib/python3.5/site-packages/lxml-4.1.1.dist-info'...
Listing './lib/python3.5/site-packages/paste'...
Listing './lib/python3.5/site-packages/paste/deploy'...
Listing './lib/python3.5/site-packages/paste/deploy/paster_templates'...
Listing './lib/python3.5/site-packages/paste/deploy/paster_templates/paste_deploy'...
Listing './lib/python3.5/site-packages/paste/deploy/paster_templates/paste_deploy/+package+'...
Listing './lib/python3.5/site-packages/paste/deploy/paster_templates/paste_deploy/docs'...
Listing './lib/python3.5/site-packages/pip'...
Listing './lib/python3.5/site-packages/pip/_vendor'...
Listing './lib/python3.5/site-packages/pip/commands'...
Listing './lib/python3.5/site-packages/pip/compat'...
Listing './lib/python3.5/site-packages/pip/models'...
Listing './lib/python3.5/site-packages/pip/operations'...
Listing './lib/python3.5/site-packages/pip/req'...
Listing './lib/python3.5/site-packages/pip/utils'...
Listing './lib/python3.5/site-packages/pip/vcs'...
Listing './lib/python3.5/site-packages/pip-9.0.1.dist-info'...
Listing './lib/python3.5/site-packages/pkg_resources'...
Listing './lib/python3.5/site-packages/pkg_resources/_vendor'...
Listing './lib/python3.5/site-packages/pkg_resources/_vendor/packaging'...
Listing './lib/python3.5/site-packages/pkg_resources/extern'...
Listing './lib/python3.5/site-packages/pkg_resources-0.0.0.dist-info'...
Listing './lib/python3.5/site-packages/plaster'...
Listing './lib/python3.5/site-packages/plaster-1.0.dist-info'...
Listing './lib/python3.5/site-packages/plaster_pastedeploy'...
Listing './lib/python3.5/site-packages/plaster_pastedeploy-0.4.2.dist-info'...
Listing './lib/python3.5/site-packages/pyquery'...
Listing './lib/python3.5/site-packages/pyquery-1.4.0.dist-info'...
Listing './lib/python3.5/site-packages/pyramid'...
Listing './lib/python3.5/site-packages/pyramid/config'...
Listing './lib/python3.5/site-packages/pyramid/scaffolds'...
Listing './lib/python3.5/site-packages/pyramid/scaffolds/alchemy'...
Listing './lib/python3.5/site-packages/pyramid/scaffolds/alchemy/+package+'...
Listing './lib/python3.5/site-packages/pyramid/scaffolds/alchemy/+package+/models'...
Listing './lib/python3.5/site-packages/pyramid/scaffolds/alchemy/+package+/scripts'...
Listing './lib/python3.5/site-packages/pyramid/scaffolds/alchemy/+package+/static'...
Listing './lib/python3.5/site-packages/pyramid/scaffolds/alchemy/+package+/templates'...
Listing './lib/python3.5/site-packages/pyramid/scaffolds/alchemy/+package+/views'...
Listing './lib/python3.5/site-packages/pyramid/scaffolds/starter'...
Listing './lib/python3.5/site-packages/pyramid/scaffolds/starter/+package+'...
Listing './lib/python3.5/site-packages/pyramid/scaffolds/starter/+package+/static'...
Listing './lib/python3.5/site-packages/pyramid/scaffolds/starter/+package+/templates'...
Listing './lib/python3.5/site-packages/pyramid/scaffolds/zodb'...
Listing './lib/python3.5/site-packages/pyramid/scaffolds/zodb/+package+'...
Listing './lib/python3.5/site-packages/pyramid/scaffolds/zodb/+package+/static'...
Listing './lib/python3.5/site-packages/pyramid/scaffolds/zodb/+package+/templates'...
Listing './lib/python3.5/site-packages/pyramid/scripts'...
Listing './lib/python3.5/site-packages/pyramid/tests'...
Listing './lib/python3.5/site-packages/pyramid/tests/fixtures'...
Listing './lib/python3.5/site-packages/pyramid/tests/fixtures/static'...
Listing './lib/python3.5/site-packages/pyramid/tests/fixtures/static/subdir'...
Listing './lib/python3.5/site-packages/pyramid/tests/pkgs'...
Listing './lib/python3.5/site-packages/pyramid/tests/pkgs/ccbugapp'...
Listing './lib/python3.5/site-packages/pyramid/tests/pkgs/conflictapp'...
Listing './lib/python3.5/site-packages/pyramid/tests/pkgs/defpermbugapp'...
Listing './lib/python3.5/site-packages/pyramid/tests/pkgs/eventonly'...
Listing './lib/python3.5/site-packages/pyramid/tests/pkgs/exceptionviewapp'...
Listing './lib/python3.5/site-packages/pyramid/tests/pkgs/fixtureapp'...
Listing './lib/python3.5/site-packages/pyramid/tests/pkgs/fixtureapp/subpackage'...
Listing './lib/python3.5/site-packages/pyramid/tests/pkgs/forbiddenapp'...
Listing './lib/python3.5/site-packages/pyramid/tests/pkgs/forbiddenview'...
Listing './lib/python3.5/site-packages/pyramid/tests/pkgs/hybridapp'...
Listing './lib/python3.5/site-packages/pyramid/tests/pkgs/includeapp1'...
Listing './lib/python3.5/site-packages/pyramid/tests/pkgs/localeapp'...
Listing './lib/python3.5/site-packages/pyramid/tests/pkgs/localeapp/locale'...
Listing './lib/python3.5/site-packages/pyramid/tests/pkgs/localeapp/locale/be'...
Listing './lib/python3.5/site-packages/pyramid/tests/pkgs/localeapp/locale/de'...
Listing './lib/python3.5/site-packages/pyramid/tests/pkgs/localeapp/locale/de/LC_MESSAGES'...
Listing './lib/python3.5/site-packages/pyramid/tests/pkgs/localeapp/locale/de_DE'...
Listing './lib/python3.5/site-packages/pyramid/tests/pkgs/localeapp/locale/de_DE/LC_MESSAGES'...
Listing './lib/python3.5/site-packages/pyramid/tests/pkgs/localeapp/locale/en'...
Listing './lib/python3.5/site-packages/pyramid/tests/pkgs/localeapp/locale/en/LC_MESSAGES'...
Listing './lib/python3.5/site-packages/pyramid/tests/pkgs/localeapp/locale2'...
Listing './lib/python3.5/site-packages/pyramid/tests/pkgs/localeapp/locale2/be'...
Listing './lib/python3.5/site-packages/pyramid/tests/pkgs/localeapp/locale2/de'...
Listing './lib/python3.5/site-packages/pyramid/tests/pkgs/localeapp/locale2/de/LC_MESSAGES'...
Listing './lib/python3.5/site-packages/pyramid/tests/pkgs/localeapp/locale2/en'...
Listing './lib/python3.5/site-packages/pyramid/tests/pkgs/localeapp/locale2/en/LC_MESSAGES'...
Listing './lib/python3.5/site-packages/pyramid/tests/pkgs/localeapp/locale3'...
Listing './lib/python3.5/site-packages/pyramid/tests/pkgs/localeapp/locale3/be'...
Listing './lib/python3.5/site-packages/pyramid/tests/pkgs/localeapp/locale3/de'...
Listing './lib/python3.5/site-packages/pyramid/tests/pkgs/localeapp/locale3/de/LC_MESSAGES'...
Listing './lib/python3.5/site-packages/pyramid/tests/pkgs/localeapp/locale3/en'...
Listing './lib/python3.5/site-packages/pyramid/tests/pkgs/localeapp/locale3/en/LC_MESSAGES'...
Listing './lib/python3.5/site-packages/pyramid/tests/pkgs/notfoundview'...
Listing './lib/python3.5/site-packages/pyramid/tests/pkgs/permbugapp'...
Listing './lib/python3.5/site-packages/pyramid/tests/pkgs/rendererscanapp'...
Listing './lib/python3.5/site-packages/pyramid/tests/pkgs/rendererscanapp/two'...
Listing './lib/python3.5/site-packages/pyramid/tests/pkgs/restbugapp'...
Listing './lib/python3.5/site-packages/pyramid/tests/pkgs/static_abspath'...
Listing './lib/python3.5/site-packages/pyramid/tests/pkgs/static_assetspec'...
Listing './lib/python3.5/site-packages/pyramid/tests/pkgs/static_routeprefix'...
Listing './lib/python3.5/site-packages/pyramid/tests/pkgs/staticpermapp'...
Listing './lib/python3.5/site-packages/pyramid/tests/pkgs/subrequestapp'...
Listing './lib/python3.5/site-packages/pyramid/tests/pkgs/viewdecoratorapp'...
Listing './lib/python3.5/site-packages/pyramid/tests/pkgs/viewdecoratorapp/views'...
Listing './lib/python3.5/site-packages/pyramid/tests/pkgs/wsgiapp2app'...
Listing './lib/python3.5/site-packages/pyramid/tests/test_config'...
Listing './lib/python3.5/site-packages/pyramid/tests/test_config/files'...
Listing './lib/python3.5/site-packages/pyramid/tests/test_config/files/assets'...
Listing './lib/python3.5/site-packages/pyramid/tests/test_config/path'...
Listing './lib/python3.5/site-packages/pyramid/tests/test_config/path/scanerror'...
Listing './lib/python3.5/site-packages/pyramid/tests/test_config/pkgs'...
Listing './lib/python3.5/site-packages/pyramid/tests/test_config/pkgs/asset'...
Listing './lib/python3.5/site-packages/pyramid/tests/test_config/pkgs/asset/subpackage'...
Listing './lib/python3.5/site-packages/pyramid/tests/test_config/pkgs/asset/subpackage/templates'...
Listing './lib/python3.5/site-packages/pyramid/tests/test_config/pkgs/scanextrakw'...
Listing './lib/python3.5/site-packages/pyramid/tests/test_config/pkgs/scannable'...
Listing './lib/python3.5/site-packages/pyramid/tests/test_config/pkgs/scannable/pod'...
Listing './lib/python3.5/site-packages/pyramid/tests/test_config/pkgs/scannable/subpackage'...
Listing './lib/python3.5/site-packages/pyramid/tests/test_config/pkgs/scannable/subpackage/subsubpackage'...
Listing './lib/python3.5/site-packages/pyramid/tests/test_config/pkgs/selfscan'...
Listing './lib/python3.5/site-packages/pyramid/tests/test_scaffolds'...
Listing './lib/python3.5/site-packages/pyramid/tests/test_scaffolds/fixture_scaffold'...
Listing './lib/python3.5/site-packages/pyramid/tests/test_scaffolds/fixture_scaffold/+package+'...
Listing './lib/python3.5/site-packages/pyramid/tests/test_scaffolds/fixture_scaffold/+package+/static'...
Listing './lib/python3.5/site-packages/pyramid/tests/test_scaffolds/fixture_scaffold/+package+/templates'...
Listing './lib/python3.5/site-packages/pyramid/tests/test_scripts'...
Listing './lib/python3.5/site-packages/pyramid-1.9.1.dist-info'...
Listing './lib/python3.5/site-packages/pyramid_mailer'...
Listing './lib/python3.5/site-packages/pyramid_mailer-0.15.1.dist-info'...
Listing './lib/python3.5/site-packages/pytz'...
Listing './lib/python3.5/site-packages/pytz/zoneinfo'...
Listing './lib/python3.5/site-packages/pytz/zoneinfo/Africa'...
Listing './lib/python3.5/site-packages/pytz/zoneinfo/America'...
Listing './lib/python3.5/site-packages/pytz/zoneinfo/America/Argentina'...
Listing './lib/python3.5/site-packages/pytz/zoneinfo/America/Indiana'...
Listing './lib/python3.5/site-packages/pytz/zoneinfo/America/Kentucky'...
Listing './lib/python3.5/site-packages/pytz/zoneinfo/America/North_Dakota'...
Listing './lib/python3.5/site-packages/pytz/zoneinfo/Antarctica'...
Listing './lib/python3.5/site-packages/pytz/zoneinfo/Arctic'...
Listing './lib/python3.5/site-packages/pytz/zoneinfo/Asia'...
Listing './lib/python3.5/site-packages/pytz/zoneinfo/Atlantic'...
Listing './lib/python3.5/site-packages/pytz/zoneinfo/Australia'...
Listing './lib/python3.5/site-packages/pytz/zoneinfo/Brazil'...
Listing './lib/python3.5/site-packages/pytz/zoneinfo/Canada'...
Listing './lib/python3.5/site-packages/pytz/zoneinfo/Chile'...
Listing './lib/python3.5/site-packages/pytz/zoneinfo/Etc'...
Listing './lib/python3.5/site-packages/pytz/zoneinfo/Europe'...
Listing './lib/python3.5/site-packages/pytz/zoneinfo/Indian'...
Listing './lib/python3.5/site-packages/pytz/zoneinfo/Mexico'...
Listing './lib/python3.5/site-packages/pytz/zoneinfo/Pacific'...
Listing './lib/python3.5/site-packages/pytz/zoneinfo/US'...
Listing './lib/python3.5/site-packages/pytz-2017.3.dist-info'...
Listing './lib/python3.5/site-packages/repoze'...
Listing './lib/python3.5/site-packages/repoze/lru'...
Listing './lib/python3.5/site-packages/repoze/sendmail'...
Listing './lib/python3.5/site-packages/repoze/sendmail/tests'...
Listing './lib/python3.5/site-packages/repoze.lru-0.7.dist-info'...
Listing './lib/python3.5/site-packages/repoze.sendmail-4.4.1.dist-info'...
Listing './lib/python3.5/site-packages/setuptools'...
Listing './lib/python3.5/site-packages/setuptools/command'...
Listing './lib/python3.5/site-packages/setuptools/extern'...
Listing './lib/python3.5/site-packages/setuptools-32.3.1.dist-info'...
Listing './lib/python3.5/site-packages/six-1.11.0.dist-info'...
Listing './lib/python3.5/site-packages/transaction'...
Listing './lib/python3.5/site-packages/transaction/tests'...
Listing './lib/python3.5/site-packages/transaction-2.1.2.dist-info'...
Listing './lib/python3.5/site-packages/translationstring'...
Listing './lib/python3.5/site-packages/translationstring/tests'...
Listing './lib/python3.5/site-packages/translationstring/tests/fixtures'...
Listing './lib/python3.5/site-packages/translationstring/tests/fixtures/locales'...
Listing './lib/python3.5/site-packages/translationstring/tests/fixtures/locales/de'...
Listing './lib/python3.5/site-packages/translationstring/tests/fixtures/locales/de/LC_MESSAGES'...
Listing './lib/python3.5/site-packages/translationstring-1.3.dist-info'...
Listing './lib/python3.5/site-packages/venusian'...
Listing './lib/python3.5/site-packages/venusian/tests'...
Listing './lib/python3.5/site-packages/venusian/tests/fixtures'...
Listing './lib/python3.5/site-packages/venusian/tests/fixtures/attrerror'...
Listing './lib/python3.5/site-packages/venusian/tests/fixtures/attrerror_package'...
Listing './lib/python3.5/site-packages/venusian/tests/fixtures/attrerror_package/will_cause_import_error'...
Listing './lib/python3.5/site-packages/venusian/tests/fixtures/import_and_scan'...
Listing './lib/python3.5/site-packages/venusian/tests/fixtures/importerror'...
Listing './lib/python3.5/site-packages/venusian/tests/fixtures/importerror_package'...
Listing './lib/python3.5/site-packages/venusian/tests/fixtures/importerror_package/will_cause_import_error'...
Listing './lib/python3.5/site-packages/venusian/tests/fixtures/importonly'...
Listing './lib/python3.5/site-packages/venusian/tests/fixtures/nested'...
Listing './lib/python3.5/site-packages/venusian/tests/fixtures/nested/sub1'...
Listing './lib/python3.5/site-packages/venusian/tests/fixtures/nested/sub1/subsub1'...
Listing './lib/python3.5/site-packages/venusian/tests/fixtures/nested/sub2'...
Listing './lib/python3.5/site-packages/venusian/tests/fixtures/nested/sub2/subsub2'...
Listing './lib/python3.5/site-packages/venusian/tests/fixtures/one'...
Listing './lib/python3.5/site-packages/venusian/tests/fixtures/pyc'...
Listing './lib/python3.5/site-packages/venusian/tests/fixtures/pyc/subpackage'...
Listing './lib/python3.5/site-packages/venusian/tests/fixtures/subpackages'...
Listing './lib/python3.5/site-packages/venusian/tests/fixtures/subpackages/childpackage'...
Listing './lib/python3.5/site-packages/venusian/tests/fixtures/two'...
Listing './lib/python3.5/site-packages/venusian-1.1.0.dist-info'...
Listing './lib/python3.5/site-packages/waitress'...
Listing './lib/python3.5/site-packages/waitress/tests'...
Listing './lib/python3.5/site-packages/waitress/tests/fixtureapps'...
Listing './lib/python3.5/site-packages/waitress-1.1.0.dist-info'...
Listing './lib/python3.5/site-packages/webob'...
Listing './lib/python3.5/site-packages/webtest'...
Listing './lib/python3.5/site-packages/wsgiproxy'...
Listing './lib/python3.5/site-packages/zope'...
Listing './lib/python3.5/site-packages/zope/cachedescriptors'...
Listing './lib/python3.5/site-packages/zope/deprecation'...
Listing './lib/python3.5/site-packages/zope/event'...
Listing './lib/python3.5/site-packages/zope/interface'...
Listing './lib/python3.5/site-packages/zope/interface/common'...
Listing './lib/python3.5/site-packages/zope/interface/common/tests'...
Listing './lib/python3.5/site-packages/zope/interface/tests'...
Listing './lib/python3.5/site-packages/zope/schema'...
Listing './lib/python3.5/site-packages/zope/schema/tests'...
Listing './lib/python3.5/site-packages/zope/testbrowser'...
Listing './lib/python3.5/site-packages/zope/testbrowser/ftests'...
Listing './lib/python3.5/site-packages/zope/testbrowser/tests'...
Listing './lib/python3.5/site-packages/zope.cachedescriptors-4.3.1.dist-info'...
Listing './lib/python3.5/site-packages/zope.deprecation-4.3.0.dist-info'...
Listing './lib/python3.5/site-packages/zope.event-4.3.0.dist-info'...
Listing './lib/python3.5/site-packages/zope.interface-4.4.3.dist-info'...
Listing './lib/python3.5/site-packages/zope.schema-4.5.0.dist-info'...
Listing './lib/python3.5/site-packages/zope.testbrowser-5.2.4.egg-info'...
Listing './share'...
Listing './share/python-wheels'...
