Listing '.'...
Listing './bin'...
Compiling './bin/pwiz.py'...
Compiling './bin/runxlrd.py'...
Compiling './bin/vba_extract.py'...
Listing './include'...
Listing './lib'...
Listing './lib/python3.5'...
Listing './lib/python3.5/site-packages'...
Listing './lib/python3.5/site-packages/PyPrind-2.11.1.egg-info'...
Listing './lib/python3.5/site-packages/Unidecode-1.0.22.dist-info'...
Listing './lib/python3.5/site-packages/Whoosh-2.7.4.dist-info'...
Listing './lib/python3.5/site-packages/XlsxWriter-1.0.2.dist-info'...
Listing './lib/python3.5/site-packages/appdirs-1.4.3.dist-info'...
Listing './lib/python3.5/site-packages/asteval'...
Listing './lib/python3.5/site-packages/asteval-0.9.11.egg-info'...
Listing './lib/python3.5/site-packages/astunparse'...
Listing './lib/python3.5/site-packages/astunparse-1.5.0.dist-info'...
Listing './lib/python3.5/site-packages/bw2calc'...
Listing './lib/python3.5/site-packages/bw2calc-1.6.4.dist-info'...
Listing './lib/python3.5/site-packages/bw2data'...
Listing './lib/python3.5/site-packages/bw2data/backends'...
Listing './lib/python3.5/site-packages/bw2data/backends/iotable'...
Listing './lib/python3.5/site-packages/bw2data/backends/json'...
Listing './lib/python3.5/site-packages/bw2data/backends/peewee'...
Listing './lib/python3.5/site-packages/bw2data/backends/single_file'...
Listing './lib/python3.5/site-packages/bw2data/bin'...
Listing './lib/python3.5/site-packages/bw2data/search'...
Listing './lib/python3.5/site-packages/bw2data-3.0.dist-info'...
Listing './lib/python3.5/site-packages/bw2io'...
Listing './lib/python3.5/site-packages/bw2io/data'...
Listing './lib/python3.5/site-packages/bw2io/data/lci'...
Listing './lib/python3.5/site-packages/bw2io/data/lcia'...
Listing './lib/python3.5/site-packages/bw2io/export'...
Listing './lib/python3.5/site-packages/bw2io/extractors'...
Listing './lib/python3.5/site-packages/bw2io/importers'...
Listing './lib/python3.5/site-packages/bw2io/strategies'...
Listing './lib/python3.5/site-packages/bw2io-0.5.12.dist-info'...
Listing './lib/python3.5/site-packages/bw2parameters'...
Listing './lib/python3.5/site-packages/bw2parameters-0.6.1.2.dist-info'...
Listing './lib/python3.5/site-packages/certifi'...
Listing './lib/python3.5/site-packages/certifi-2017.11.5.dist-info'...
Listing './lib/python3.5/site-packages/chardet'...
Listing './lib/python3.5/site-packages/chardet/cli'...
Listing './lib/python3.5/site-packages/chardet-3.0.4.dist-info'...
Listing './lib/python3.5/site-packages/docopt-0.6.2.egg-info'...
Listing './lib/python3.5/site-packages/eight'...
Listing './lib/python3.5/site-packages/eight-0.4.2.dist-info'...
Listing './lib/python3.5/site-packages/fasteners'...
Listing './lib/python3.5/site-packages/fasteners/tests'...
Listing './lib/python3.5/site-packages/fasteners-0.14.1.dist-info'...
Listing './lib/python3.5/site-packages/future'...
Listing './lib/python3.5/site-packages/future/backports'...
Listing './lib/python3.5/site-packages/future/backports/email'...
Listing './lib/python3.5/site-packages/future/backports/email/mime'...
Listing './lib/python3.5/site-packages/future/backports/html'...
Listing './lib/python3.5/site-packages/future/backports/http'...
Listing './lib/python3.5/site-packages/future/backports/test'...
Listing './lib/python3.5/site-packages/future/backports/urllib'...
Listing './lib/python3.5/site-packages/future/backports/xmlrpc'...
Listing './lib/python3.5/site-packages/future/builtins'...
Listing './lib/python3.5/site-packages/future/moves'...
Listing './lib/python3.5/site-packages/future/moves/dbm'...
Listing './lib/python3.5/site-packages/future/moves/html'...
Listing './lib/python3.5/site-packages/future/moves/http'...
Listing './lib/python3.5/site-packages/future/moves/test'...
Listing './lib/python3.5/site-packages/future/moves/tkinter'...
Listing './lib/python3.5/site-packages/future/moves/urllib'...
Listing './lib/python3.5/site-packages/future/moves/xmlrpc'...
Listing './lib/python3.5/site-packages/future/standard_library'...
Listing './lib/python3.5/site-packages/future/tests'...
Listing './lib/python3.5/site-packages/future/types'...
Listing './lib/python3.5/site-packages/future/utils'...
Listing './lib/python3.5/site-packages/future-0.16.0.egg-info'...
Listing './lib/python3.5/site-packages/idna'...
Listing './lib/python3.5/site-packages/idna-2.6.dist-info'...
Listing './lib/python3.5/site-packages/libfuturize'...
Listing './lib/python3.5/site-packages/libfuturize/fixes'...
Listing './lib/python3.5/site-packages/libpasteurize'...
Listing './lib/python3.5/site-packages/libpasteurize/fixes'...
Listing './lib/python3.5/site-packages/lxml'...
Listing './lib/python3.5/site-packages/lxml/html'...
Listing './lib/python3.5/site-packages/lxml/includes'...
Listing './lib/python3.5/site-packages/lxml/includes/libexslt'...
Listing './lib/python3.5/site-packages/lxml/includes/libxml'...
Listing './lib/python3.5/site-packages/lxml/includes/libxslt'...
Listing './lib/python3.5/site-packages/lxml/isoschematron'...
Listing './lib/python3.5/site-packages/lxml/isoschematron/resources'...
Listing './lib/python3.5/site-packages/lxml/isoschematron/resources/rng'...
Listing './lib/python3.5/site-packages/lxml/isoschematron/resources/xsl'...
Listing './lib/python3.5/site-packages/lxml/isoschematron/resources/xsl/iso-schematron-xslt1'...
Listing './lib/python3.5/site-packages/lxml-4.1.1.dist-info'...
Listing './lib/python3.5/site-packages/monotonic-1.4.dist-info'...
Listing './lib/python3.5/site-packages/nose'...
Listing './lib/python3.5/site-packages/nose/ext'...
Listing './lib/python3.5/site-packages/nose/plugins'...
Listing './lib/python3.5/site-packages/nose/sphinx'...
Listing './lib/python3.5/site-packages/nose/tools'...
Listing './lib/python3.5/site-packages/nose-1.3.7.dist-info'...
Listing './lib/python3.5/site-packages/numpy'...
Listing './lib/python3.5/site-packages/numpy/.libs'...
Listing './lib/python3.5/site-packages/numpy/compat'...
Listing './lib/python3.5/site-packages/numpy/core'...
Listing './lib/python3.5/site-packages/numpy/core/include'...
Listing './lib/python3.5/site-packages/numpy/core/include/numpy'...
Listing './lib/python3.5/site-packages/numpy/core/lib'...
Listing './lib/python3.5/site-packages/numpy/core/lib/npy-pkg-config'...
Listing './lib/python3.5/site-packages/numpy/core/tests'...
Listing './lib/python3.5/site-packages/numpy/core/tests/data'...
Listing './lib/python3.5/site-packages/numpy/distutils'...
Listing './lib/python3.5/site-packages/numpy/distutils/command'...
Listing './lib/python3.5/site-packages/numpy/distutils/fcompiler'...
Listing './lib/python3.5/site-packages/numpy/distutils/mingw'...
Listing './lib/python3.5/site-packages/numpy/distutils/tests'...
Listing './lib/python3.5/site-packages/numpy/doc'...
Listing './lib/python3.5/site-packages/numpy/f2py'...
Listing './lib/python3.5/site-packages/numpy/f2py/src'...
Listing './lib/python3.5/site-packages/numpy/f2py/tests'...
Listing './lib/python3.5/site-packages/numpy/f2py/tests/src'...
Listing './lib/python3.5/site-packages/numpy/f2py/tests/src/array_from_pyobj'...
Listing './lib/python3.5/site-packages/numpy/f2py/tests/src/assumed_shape'...
Listing './lib/python3.5/site-packages/numpy/f2py/tests/src/common'...
Listing './lib/python3.5/site-packages/numpy/f2py/tests/src/kind'...
Listing './lib/python3.5/site-packages/numpy/f2py/tests/src/mixed'...
Listing './lib/python3.5/site-packages/numpy/f2py/tests/src/parameter'...
Listing './lib/python3.5/site-packages/numpy/f2py/tests/src/regression'...
Listing './lib/python3.5/site-packages/numpy/f2py/tests/src/size'...
Listing './lib/python3.5/site-packages/numpy/f2py/tests/src/string'...
Listing './lib/python3.5/site-packages/numpy/fft'...
Listing './lib/python3.5/site-packages/numpy/fft/tests'...
Listing './lib/python3.5/site-packages/numpy/lib'...
Listing './lib/python3.5/site-packages/numpy/lib/tests'...
Listing './lib/python3.5/site-packages/numpy/lib/tests/data'...
Listing './lib/python3.5/site-packages/numpy/linalg'...
Listing './lib/python3.5/site-packages/numpy/linalg/tests'...
Listing './lib/python3.5/site-packages/numpy/ma'...
Listing './lib/python3.5/site-packages/numpy/ma/tests'...
Listing './lib/python3.5/site-packages/numpy/matrixlib'...
Listing './lib/python3.5/site-packages/numpy/matrixlib/tests'...
Listing './lib/python3.5/site-packages/numpy/polynomial'...
Listing './lib/python3.5/site-packages/numpy/polynomial/tests'...
Listing './lib/python3.5/site-packages/numpy/random'...
Listing './lib/python3.5/site-packages/numpy/random/tests'...
Listing './lib/python3.5/site-packages/numpy/testing'...
Listing './lib/python3.5/site-packages/numpy/testing/nose_tools'...
Listing './lib/python3.5/site-packages/numpy/testing/tests'...
Listing './lib/python3.5/site-packages/numpy/tests'...
Listing './lib/python3.5/site-packages/numpy-1.14.0.dist-info'...
Listing './lib/python3.5/site-packages/past'...
Listing './lib/python3.5/site-packages/past/builtins'...
Listing './lib/python3.5/site-packages/past/tests'...
Listing './lib/python3.5/site-packages/past/translation'...
Listing './lib/python3.5/site-packages/past/types'...
Listing './lib/python3.5/site-packages/past/utils'...
Listing './lib/python3.5/site-packages/peewee-2.10.2.egg-info'...
Listing './lib/python3.5/site-packages/pip'...
Listing './lib/python3.5/site-packages/pip/_vendor'...
Listing './lib/python3.5/site-packages/pip/commands'...
Listing './lib/python3.5/site-packages/pip/compat'...
Listing './lib/python3.5/site-packages/pip/models'...
Listing './lib/python3.5/site-packages/pip/operations'...
Listing './lib/python3.5/site-packages/pip/req'...
Listing './lib/python3.5/site-packages/pip/utils'...
Listing './lib/python3.5/site-packages/pip/vcs'...
Listing './lib/python3.5/site-packages/pip-9.0.1.dist-info'...
Listing './lib/python3.5/site-packages/pkg_resources'...
Listing './lib/python3.5/site-packages/pkg_resources/_vendor'...
Listing './lib/python3.5/site-packages/pkg_resources/_vendor/packaging'...
Listing './lib/python3.5/site-packages/pkg_resources/extern'...
Listing './lib/python3.5/site-packages/pkg_resources-0.0.0.dist-info'...
Listing './lib/python3.5/site-packages/playhouse'...
Listing './lib/python3.5/site-packages/psutil'...
Listing './lib/python3.5/site-packages/psutil/tests'...
Listing './lib/python3.5/site-packages/psutil-5.4.3.egg-info'...
Listing './lib/python3.5/site-packages/pyprind'...
Listing './lib/python3.5/site-packages/requests'...
Listing './lib/python3.5/site-packages/requests-2.18.4.dist-info'...
Listing './lib/python3.5/site-packages/scipy'...
Listing './lib/python3.5/site-packages/scipy/.libs'...
Listing './lib/python3.5/site-packages/scipy/_build_utils'...
Listing './lib/python3.5/site-packages/scipy/_lib'...
Listing './lib/python3.5/site-packages/scipy/_lib/tests'...
Listing './lib/python3.5/site-packages/scipy/cluster'...
Listing './lib/python3.5/site-packages/scipy/cluster/tests'...
Listing './lib/python3.5/site-packages/scipy/constants'...
Listing './lib/python3.5/site-packages/scipy/constants/tests'...
Listing './lib/python3.5/site-packages/scipy/fftpack'...
Listing './lib/python3.5/site-packages/scipy/fftpack/tests'...
Listing './lib/python3.5/site-packages/scipy/integrate'...
Listing './lib/python3.5/site-packages/scipy/integrate/_ivp'...
Listing './lib/python3.5/site-packages/scipy/integrate/tests'...
Listing './lib/python3.5/site-packages/scipy/interpolate'...
Listing './lib/python3.5/site-packages/scipy/interpolate/tests'...
Listing './lib/python3.5/site-packages/scipy/interpolate/tests/data'...
Listing './lib/python3.5/site-packages/scipy/io'...
Listing './lib/python3.5/site-packages/scipy/io/arff'...
Listing './lib/python3.5/site-packages/scipy/io/arff/tests'...
Listing './lib/python3.5/site-packages/scipy/io/arff/tests/data'...
Listing './lib/python3.5/site-packages/scipy/io/harwell_boeing'...
Listing './lib/python3.5/site-packages/scipy/io/harwell_boeing/tests'...
Listing './lib/python3.5/site-packages/scipy/io/matlab'...
Listing './lib/python3.5/site-packages/scipy/io/matlab/tests'...
Listing './lib/python3.5/site-packages/scipy/io/matlab/tests/data'...
Listing './lib/python3.5/site-packages/scipy/io/tests'...
Listing './lib/python3.5/site-packages/scipy/io/tests/data'...
Listing './lib/python3.5/site-packages/scipy/linalg'...
Listing './lib/python3.5/site-packages/scipy/linalg/src'...
Listing './lib/python3.5/site-packages/scipy/linalg/src/id_dist'...
Listing './lib/python3.5/site-packages/scipy/linalg/src/id_dist/doc'...
Listing './lib/python3.5/site-packages/scipy/linalg/src/lapack_deprecations'...
Listing './lib/python3.5/site-packages/scipy/linalg/tests'...
Listing './lib/python3.5/site-packages/scipy/linalg/tests/data'...
Listing './lib/python3.5/site-packages/scipy/misc'...
Listing './lib/python3.5/site-packages/scipy/misc/tests'...
Listing './lib/python3.5/site-packages/scipy/misc/tests/data'...
Listing './lib/python3.5/site-packages/scipy/ndimage'...
Listing './lib/python3.5/site-packages/scipy/ndimage/tests'...
Listing './lib/python3.5/site-packages/scipy/ndimage/tests/data'...
Listing './lib/python3.5/site-packages/scipy/odr'...
Listing './lib/python3.5/site-packages/scipy/odr/tests'...
Listing './lib/python3.5/site-packages/scipy/optimize'...
Listing './lib/python3.5/site-packages/scipy/optimize/_lsq'...
Listing './lib/python3.5/site-packages/scipy/optimize/_trlib'...
Listing './lib/python3.5/site-packages/scipy/optimize/lbfgsb'...
Listing './lib/python3.5/site-packages/scipy/optimize/tests'...
Listing './lib/python3.5/site-packages/scipy/signal'...
Listing './lib/python3.5/site-packages/scipy/signal/tests'...
Listing './lib/python3.5/site-packages/scipy/sparse'...
Listing './lib/python3.5/site-packages/scipy/sparse/csgraph'...
Listing './lib/python3.5/site-packages/scipy/sparse/csgraph/tests'...
Listing './lib/python3.5/site-packages/scipy/sparse/linalg'...
Listing './lib/python3.5/site-packages/scipy/sparse/linalg/dsolve'...
Listing './lib/python3.5/site-packages/scipy/sparse/linalg/dsolve/SuperLU'...
Listing './lib/python3.5/site-packages/scipy/sparse/linalg/dsolve/tests'...
Listing './lib/python3.5/site-packages/scipy/sparse/linalg/eigen'...
Listing './lib/python3.5/site-packages/scipy/sparse/linalg/eigen/arpack'...
Listing './lib/python3.5/site-packages/scipy/sparse/linalg/eigen/arpack/ARPACK'...
Listing './lib/python3.5/site-packages/scipy/sparse/linalg/eigen/arpack/tests'...
Listing './lib/python3.5/site-packages/scipy/sparse/linalg/eigen/lobpcg'...
Listing './lib/python3.5/site-packages/scipy/sparse/linalg/eigen/lobpcg/tests'...
Listing './lib/python3.5/site-packages/scipy/sparse/linalg/isolve'...
Listing './lib/python3.5/site-packages/scipy/sparse/linalg/isolve/tests'...
Listing './lib/python3.5/site-packages/scipy/sparse/linalg/tests'...
Listing './lib/python3.5/site-packages/scipy/sparse/tests'...
Listing './lib/python3.5/site-packages/scipy/sparse/tests/data'...
Listing './lib/python3.5/site-packages/scipy/spatial'...
Listing './lib/python3.5/site-packages/scipy/spatial/qhull'...
Listing './lib/python3.5/site-packages/scipy/spatial/tests'...
Listing './lib/python3.5/site-packages/scipy/spatial/tests/data'...
Listing './lib/python3.5/site-packages/scipy/special'...
Listing './lib/python3.5/site-packages/scipy/special/_precompute'...
Listing './lib/python3.5/site-packages/scipy/special/tests'...
Listing './lib/python3.5/site-packages/scipy/special/tests/data'...
Listing './lib/python3.5/site-packages/scipy/stats'...
Listing './lib/python3.5/site-packages/scipy/stats/tests'...
Listing './lib/python3.5/site-packages/scipy/stats/tests/data'...
Listing './lib/python3.5/site-packages/scipy/stats/tests/data/nist_anova'...
Listing './lib/python3.5/site-packages/scipy/stats/tests/data/nist_linregress'...
Listing './lib/python3.5/site-packages/scipy-1.0.0.dist-info'...
Listing './lib/python3.5/site-packages/setuptools'...
Listing './lib/python3.5/site-packages/setuptools/command'...
Listing './lib/python3.5/site-packages/setuptools/extern'...
Listing './lib/python3.5/site-packages/setuptools-32.3.1.dist-info'...
Listing './lib/python3.5/site-packages/six-1.11.0.dist-info'...
Listing './lib/python3.5/site-packages/stats_arrays'...
Compiling './lib/python3.5/site-packages/stats_arrays/dataset_statistics.py'...
***   File "./lib/python3.5/site-packages/stats_arrays/dataset_statistics.py", line 27
    print a ** 2
          ^
SyntaxError: Missing parentheses in call to 'print'

Listing './lib/python3.5/site-packages/stats_arrays/distributions'...
Listing './lib/python3.5/site-packages/stats_arrays/tests'...
Listing './lib/python3.5/site-packages/stats_arrays/tests/distributions'...
Listing './lib/python3.5/site-packages/stats_arrays-0.4.2.dist-info'...
Listing './lib/python3.5/site-packages/unicodecsv'...
Listing './lib/python3.5/site-packages/unicodecsv-0.14.1.egg-info'...
Listing './lib/python3.5/site-packages/unidecode'...
Listing './lib/python3.5/site-packages/urllib3'...
Listing './lib/python3.5/site-packages/urllib3/contrib'...
Listing './lib/python3.5/site-packages/urllib3/contrib/_securetransport'...
Listing './lib/python3.5/site-packages/urllib3/packages'...
Listing './lib/python3.5/site-packages/urllib3/packages/backports'...
Listing './lib/python3.5/site-packages/urllib3/packages/ssl_match_hostname'...
Listing './lib/python3.5/site-packages/urllib3/util'...
Listing './lib/python3.5/site-packages/urllib3-1.22.dist-info'...
Listing './lib/python3.5/site-packages/voluptuous'...
Listing './lib/python3.5/site-packages/voluptuous-0.10.5.egg-info'...
Listing './lib/python3.5/site-packages/wheel'...
Listing './lib/python3.5/site-packages/wheel/signatures'...
Listing './lib/python3.5/site-packages/wheel/tool'...
Listing './lib/python3.5/site-packages/wheel-0.30.0.dist-info'...
Listing './lib/python3.5/site-packages/whoosh'...
Listing './lib/python3.5/site-packages/whoosh/analysis'...
Listing './lib/python3.5/site-packages/whoosh/automata'...
Listing './lib/python3.5/site-packages/whoosh/codec'...
Listing './lib/python3.5/site-packages/whoosh/filedb'...
Listing './lib/python3.5/site-packages/whoosh/lang'...
Listing './lib/python3.5/site-packages/whoosh/lang/snowball'...
Listing './lib/python3.5/site-packages/whoosh/matching'...
Listing './lib/python3.5/site-packages/whoosh/qparser'...
Listing './lib/python3.5/site-packages/whoosh/query'...
Listing './lib/python3.5/site-packages/whoosh/support'...
Listing './lib/python3.5/site-packages/whoosh/util'...
Listing './lib/python3.5/site-packages/wrapt'...
Listing './lib/python3.5/site-packages/wrapt-1.10.11.egg-info'...
Listing './lib/python3.5/site-packages/xlrd'...
Listing './lib/python3.5/site-packages/xlrd/examples'...
Listing './lib/python3.5/site-packages/xlrd-1.1.0.dist-info'...
Listing './lib/python3.5/site-packages/xlsxwriter'...
Listing './man'...
Listing './man/man1'...
Listing './share'...
Listing './share/python-wheels'...
