Listing '.'...
Listing './bin'...
Compiling './bin/c2cwsgiutils_coverage_report.py'...
Compiling './bin/c2cwsgiutils_genversion.py'...
Compiling './bin/c2cwsgiutils_stats_db.py'...
Listing './include'...
Listing './lib'...
Listing './lib/mypy'...
Listing './lib/mypy/typeshed'...
Listing './lib/mypy/typeshed/stdlib'...
Listing './lib/mypy/typeshed/stdlib/2'...
Listing './lib/mypy/typeshed/stdlib/2/distutils'...
Listing './lib/mypy/typeshed/stdlib/2/email'...
Listing './lib/mypy/typeshed/stdlib/2/email/mime'...
Listing './lib/mypy/typeshed/stdlib/2/encodings'...
Listing './lib/mypy/typeshed/stdlib/2/multiprocessing'...
Listing './lib/mypy/typeshed/stdlib/2/os'...
Listing './lib/mypy/typeshed/stdlib/2/sqlite3'...
Listing './lib/mypy/typeshed/stdlib/2/wsgiref'...
Listing './lib/mypy/typeshed/stdlib/2and3'...
Listing './lib/mypy/typeshed/stdlib/2and3/distutils'...
Listing './lib/mypy/typeshed/stdlib/2and3/distutils/command'...
Listing './lib/mypy/typeshed/stdlib/2and3/lib2to3'...
Listing './lib/mypy/typeshed/stdlib/2and3/lib2to3/pgen2'...
Listing './lib/mypy/typeshed/stdlib/2and3/logging'...
Listing './lib/mypy/typeshed/stdlib/2and3/xml'...
Listing './lib/mypy/typeshed/stdlib/2and3/xml/etree'...
Listing './lib/mypy/typeshed/stdlib/2and3/xml/sax'...
Listing './lib/mypy/typeshed/stdlib/3'...
Listing './lib/mypy/typeshed/stdlib/3/collections'...
Listing './lib/mypy/typeshed/stdlib/3/concurrent'...
Listing './lib/mypy/typeshed/stdlib/3/concurrent/futures'...
Listing './lib/mypy/typeshed/stdlib/3/curses'...
Listing './lib/mypy/typeshed/stdlib/3/email'...
Listing './lib/mypy/typeshed/stdlib/3/email/mime'...
Listing './lib/mypy/typeshed/stdlib/3/encodings'...
Listing './lib/mypy/typeshed/stdlib/3/html'...
Listing './lib/mypy/typeshed/stdlib/3/http'...
Listing './lib/mypy/typeshed/stdlib/3/importlib'...
Listing './lib/mypy/typeshed/stdlib/3/json'...
Listing './lib/mypy/typeshed/stdlib/3/multiprocessing'...
Listing './lib/mypy/typeshed/stdlib/3/os'...
Listing './lib/mypy/typeshed/stdlib/3/sqlite3'...
Listing './lib/mypy/typeshed/stdlib/3/tkinter'...
Listing './lib/mypy/typeshed/stdlib/3/unittest'...
Listing './lib/mypy/typeshed/stdlib/3/urllib'...
Listing './lib/mypy/typeshed/stdlib/3/wsgiref'...
Listing './lib/mypy/typeshed/stdlib/3.3'...
Listing './lib/mypy/typeshed/stdlib/3.4'...
Listing './lib/mypy/typeshed/stdlib/3.4/asyncio'...
Listing './lib/mypy/typeshed/stdlib/3.5'...
Listing './lib/mypy/typeshed/stdlib/3.6'...
Listing './lib/mypy/typeshed/tests'...
Listing './lib/mypy/typeshed/third_party'...
Listing './lib/mypy/typeshed/third_party/2'...
Listing './lib/mypy/typeshed/third_party/2/OpenSSL'...
Listing './lib/mypy/typeshed/third_party/2/concurrent'...
Listing './lib/mypy/typeshed/third_party/2/concurrent/futures'...
Listing './lib/mypy/typeshed/third_party/2/cryptography'...
Listing './lib/mypy/typeshed/third_party/2/cryptography/hazmat'...
Listing './lib/mypy/typeshed/third_party/2/cryptography/hazmat/primitives'...
Listing './lib/mypy/typeshed/third_party/2/cryptography/hazmat/primitives/asymmetric'...
Listing './lib/mypy/typeshed/third_party/2/dateutil'...
Listing './lib/mypy/typeshed/third_party/2/dateutil/tz'...
Listing './lib/mypy/typeshed/third_party/2/fb303'...
Listing './lib/mypy/typeshed/third_party/2/google'...
Listing './lib/mypy/typeshed/third_party/2/google/protobuf'...
Listing './lib/mypy/typeshed/third_party/2/google/protobuf/internal'...
Listing './lib/mypy/typeshed/third_party/2/kazoo'...
Listing './lib/mypy/typeshed/third_party/2/kazoo/recipe'...
Listing './lib/mypy/typeshed/third_party/2/redis'...
Listing './lib/mypy/typeshed/third_party/2/routes'...
Listing './lib/mypy/typeshed/third_party/2/scribe'...
Listing './lib/mypy/typeshed/third_party/2/selenium'...
Listing './lib/mypy/typeshed/third_party/2/selenium/webdriver'...
Listing './lib/mypy/typeshed/third_party/2/selenium/webdriver/remote'...
Listing './lib/mypy/typeshed/third_party/2/simplejson'...
Listing './lib/mypy/typeshed/third_party/2/six'...
Listing './lib/mypy/typeshed/third_party/2/six/moves'...
Listing './lib/mypy/typeshed/third_party/2/six/moves/urllib'...
Listing './lib/mypy/typeshed/third_party/2/tornado'...
Listing './lib/mypy/typeshed/third_party/2/werkzeug'...
Listing './lib/mypy/typeshed/third_party/2/werkzeug/contrib'...
Listing './lib/mypy/typeshed/third_party/2/werkzeug/debug'...
Listing './lib/mypy/typeshed/third_party/2and3'...
Listing './lib/mypy/typeshed/third_party/2and3/Crypto'...
Listing './lib/mypy/typeshed/third_party/2and3/Crypto/Cipher'...
Listing './lib/mypy/typeshed/third_party/2and3/Crypto/Hash'...
Listing './lib/mypy/typeshed/third_party/2and3/Crypto/Protocol'...
Listing './lib/mypy/typeshed/third_party/2and3/Crypto/PublicKey'...
Listing './lib/mypy/typeshed/third_party/2and3/Crypto/Random'...
Listing './lib/mypy/typeshed/third_party/2and3/Crypto/Random/Fortuna'...
Listing './lib/mypy/typeshed/third_party/2and3/Crypto/Random/OSRNG'...
Listing './lib/mypy/typeshed/third_party/2and3/Crypto/Signature'...
Listing './lib/mypy/typeshed/third_party/2and3/Crypto/Util'...
Listing './lib/mypy/typeshed/third_party/2and3/atomicwrites'...
Listing './lib/mypy/typeshed/third_party/2and3/backports'...
Listing './lib/mypy/typeshed/third_party/2and3/boto'...
Listing './lib/mypy/typeshed/third_party/2and3/boto/ec2'...
Listing './lib/mypy/typeshed/third_party/2and3/boto/elb'...
Listing './lib/mypy/typeshed/third_party/2and3/boto/kms'...
Listing './lib/mypy/typeshed/third_party/2and3/boto/s3'...
Listing './lib/mypy/typeshed/third_party/2and3/characteristic'...
Listing './lib/mypy/typeshed/third_party/2and3/click'...
Listing './lib/mypy/typeshed/third_party/2and3/jinja2'...
Listing './lib/mypy/typeshed/third_party/2and3/markupsafe'...
Listing './lib/mypy/typeshed/third_party/2and3/pymysql'...
Listing './lib/mypy/typeshed/third_party/2and3/pymysql/constants'...
Listing './lib/mypy/typeshed/third_party/2and3/pynamodb'...
Listing './lib/mypy/typeshed/third_party/2and3/pynamodb/connection'...
Listing './lib/mypy/typeshed/third_party/2and3/pytz'...
Listing './lib/mypy/typeshed/third_party/2and3/requests'...
Listing './lib/mypy/typeshed/third_party/2and3/requests/packages'...
Listing './lib/mypy/typeshed/third_party/2and3/requests/packages/urllib3'...
Listing './lib/mypy/typeshed/third_party/2and3/requests/packages/urllib3/contrib'...
Listing './lib/mypy/typeshed/third_party/2and3/requests/packages/urllib3/packages'...
Listing './lib/mypy/typeshed/third_party/2and3/requests/packages/urllib3/packages/ssl_match_hostname'...
Listing './lib/mypy/typeshed/third_party/2and3/requests/packages/urllib3/util'...
Listing './lib/mypy/typeshed/third_party/2and3/thrift'...
Listing './lib/mypy/typeshed/third_party/2and3/thrift/protocol'...
Listing './lib/mypy/typeshed/third_party/2and3/thrift/transport'...
Listing './lib/mypy/typeshed/third_party/2and3/yaml'...
Listing './lib/mypy/typeshed/third_party/3'...
Listing './lib/mypy/typeshed/third_party/3/dateutil'...
Listing './lib/mypy/typeshed/third_party/3/dateutil/tz'...
Listing './lib/mypy/typeshed/third_party/3/docutils'...
Listing './lib/mypy/typeshed/third_party/3/docutils/parsers'...
Listing './lib/mypy/typeshed/third_party/3/docutils/parsers/rst'...
Listing './lib/mypy/typeshed/third_party/3/jwt'...
Listing './lib/mypy/typeshed/third_party/3/jwt/contrib'...
Listing './lib/mypy/typeshed/third_party/3/jwt/contrib/algorithms'...
Listing './lib/mypy/typeshed/third_party/3/six'...
Listing './lib/mypy/typeshed/third_party/3/six/moves'...
Listing './lib/mypy/typeshed/third_party/3/six/moves/urllib'...
Listing './lib/mypy/typeshed/third_party/3/typed_ast'...
Listing './lib/mypy/typeshed/third_party/3/werkzeug'...
Listing './lib/mypy/typeshed/third_party/3/werkzeug/contrib'...
Listing './lib/mypy/typeshed/third_party/3/werkzeug/debug'...
Listing './lib/mypy/xml'...
Listing './lib/python3.5'...
Listing './lib/python3.5/site-packages'...
Listing './lib/python3.5/site-packages/Mako-1.0.7.egg-info'...
Listing './lib/python3.5/site-packages/MarkupSafe-1.0.egg-info'...
Listing './lib/python3.5/site-packages/PasteDeploy-1.5.2.dist-info'...
Listing './lib/python3.5/site-packages/SQLAlchemy-1.2.0.egg-info'...
Listing './lib/python3.5/site-packages/WebOb-1.8.0rc1.dist-info'...
Listing './lib/python3.5/site-packages/_pytest'...
Listing './lib/python3.5/site-packages/_pytest/_code'...
Listing './lib/python3.5/site-packages/_pytest/assertion'...
Listing './lib/python3.5/site-packages/alembic'...
Listing './lib/python3.5/site-packages/alembic/autogenerate'...
Listing './lib/python3.5/site-packages/alembic/ddl'...
Listing './lib/python3.5/site-packages/alembic/operations'...
Listing './lib/python3.5/site-packages/alembic/runtime'...
Listing './lib/python3.5/site-packages/alembic/script'...
Listing './lib/python3.5/site-packages/alembic/templates'...
Listing './lib/python3.5/site-packages/alembic/templates/generic'...
Listing './lib/python3.5/site-packages/alembic/templates/multidb'...
Listing './lib/python3.5/site-packages/alembic/templates/pylons'...
Listing './lib/python3.5/site-packages/alembic/testing'...
Listing './lib/python3.5/site-packages/alembic/testing/plugin'...
Listing './lib/python3.5/site-packages/alembic/util'...
Listing './lib/python3.5/site-packages/alembic-0.9.6.egg-info'...
Listing './lib/python3.5/site-packages/attr'...
Listing './lib/python3.5/site-packages/attrs-17.4.0.dist-info'...
Listing './lib/python3.5/site-packages/c2cwsgiutils'...
Listing './lib/python3.5/site-packages/c2cwsgiutils/_broadcast'...
Listing './lib/python3.5/site-packages/c2cwsgiutils/acceptance'...
Listing './lib/python3.5/site-packages/c2cwsgiutils-1.4.1.dist-info'...
Listing './lib/python3.5/site-packages/cee_syslog_handler'...
Listing './lib/python3.5/site-packages/cee_syslog_handler-0.5.0.dist-info'...
Listing './lib/python3.5/site-packages/certifi'...
Listing './lib/python3.5/site-packages/certifi-2017.11.5.dist-info'...
Listing './lib/python3.5/site-packages/chardet'...
Listing './lib/python3.5/site-packages/chardet/cli'...
Listing './lib/python3.5/site-packages/chardet-3.0.4.dist-info'...
Listing './lib/python3.5/site-packages/codacy'...
Listing './lib/python3.5/site-packages/codacy_coverage-1.3.10.dist-info'...
Listing './lib/python3.5/site-packages/cornice'...
Listing './lib/python3.5/site-packages/cornice/validators'...
Listing './lib/python3.5/site-packages/cornice-3.0.0.dist-info'...
Listing './lib/python3.5/site-packages/coverage'...
Listing './lib/python3.5/site-packages/coverage/fullcoverage'...
Listing './lib/python3.5/site-packages/coverage/htmlfiles'...
Listing './lib/python3.5/site-packages/coverage-4.4.2.dist-info'...
Listing './lib/python3.5/site-packages/dateutil'...
Listing './lib/python3.5/site-packages/dateutil/tz'...
Listing './lib/python3.5/site-packages/dateutil/zoneinfo'...
Listing './lib/python3.5/site-packages/flake8'...
Listing './lib/python3.5/site-packages/flake8/api'...
Listing './lib/python3.5/site-packages/flake8/formatting'...
Listing './lib/python3.5/site-packages/flake8/main'...
Listing './lib/python3.5/site-packages/flake8/options'...
Listing './lib/python3.5/site-packages/flake8/plugins'...
Listing './lib/python3.5/site-packages/flake8-3.5.0.dist-info'...
Listing './lib/python3.5/site-packages/graphviz'...
Listing './lib/python3.5/site-packages/graphviz-0.8.2.dist-info'...
Listing './lib/python3.5/site-packages/gunicorn'...
Listing './lib/python3.5/site-packages/gunicorn/app'...
Listing './lib/python3.5/site-packages/gunicorn/http'...
Listing './lib/python3.5/site-packages/gunicorn/instrument'...
Listing './lib/python3.5/site-packages/gunicorn/workers'...
Listing './lib/python3.5/site-packages/gunicorn-19.7.1.dist-info'...
Listing './lib/python3.5/site-packages/hupper'...
Listing './lib/python3.5/site-packages/hupper-1.0.dist-info'...
Listing './lib/python3.5/site-packages/idna'...
Listing './lib/python3.5/site-packages/idna-2.6.dist-info'...
Listing './lib/python3.5/site-packages/junit2html-18.egg-info'...
Listing './lib/python3.5/site-packages/junit2htmlreport'...
Listing './lib/python3.5/site-packages/lxml'...
Listing './lib/python3.5/site-packages/lxml/html'...
Listing './lib/python3.5/site-packages/lxml/includes'...
Listing './lib/python3.5/site-packages/lxml/includes/libexslt'...
Listing './lib/python3.5/site-packages/lxml/includes/libxml'...
Listing './lib/python3.5/site-packages/lxml/includes/libxslt'...
Listing './lib/python3.5/site-packages/lxml/isoschematron'...
Listing './lib/python3.5/site-packages/lxml/isoschematron/resources'...
Listing './lib/python3.5/site-packages/lxml/isoschematron/resources/rng'...
Listing './lib/python3.5/site-packages/lxml/isoschematron/resources/xsl'...
Listing './lib/python3.5/site-packages/lxml/isoschematron/resources/xsl/iso-schematron-xslt1'...
Listing './lib/python3.5/site-packages/lxml-4.1.1.dist-info'...
Listing './lib/python3.5/site-packages/mako'...
Listing './lib/python3.5/site-packages/mako/ext'...
Listing './lib/python3.5/site-packages/markupsafe'...
Listing './lib/python3.5/site-packages/mccabe-0.6.1.dist-info'...
Listing './lib/python3.5/site-packages/mypy'...
Listing './lib/python3.5/site-packages/mypy/myunit'...
Listing './lib/python3.5/site-packages/mypy/server'...
Listing './lib/python3.5/site-packages/mypy/test'...
Listing './lib/python3.5/site-packages/mypy-0.560.dist-info'...
Listing './lib/python3.5/site-packages/netifaces-0.10.6.egg-info'...
Listing './lib/python3.5/site-packages/objgraph-3.3.0.dist-info'...
Listing './lib/python3.5/site-packages/paste'...
Listing './lib/python3.5/site-packages/paste/deploy'...
Listing './lib/python3.5/site-packages/paste/deploy/paster_templates'...
Listing './lib/python3.5/site-packages/paste/deploy/paster_templates/paste_deploy'...
Listing './lib/python3.5/site-packages/paste/deploy/paster_templates/paste_deploy/+package+'...
Listing './lib/python3.5/site-packages/paste/deploy/paster_templates/paste_deploy/docs'...
Listing './lib/python3.5/site-packages/pip'...
Listing './lib/python3.5/site-packages/pip/_vendor'...
Listing './lib/python3.5/site-packages/pip/commands'...
Listing './lib/python3.5/site-packages/pip/compat'...
Listing './lib/python3.5/site-packages/pip/models'...
Listing './lib/python3.5/site-packages/pip/operations'...
Listing './lib/python3.5/site-packages/pip/req'...
Listing './lib/python3.5/site-packages/pip/utils'...
Listing './lib/python3.5/site-packages/pip/vcs'...
Listing './lib/python3.5/site-packages/pip-9.0.1.dist-info'...
Listing './lib/python3.5/site-packages/pkg_resources'...
Listing './lib/python3.5/site-packages/pkg_resources/_vendor'...
Listing './lib/python3.5/site-packages/pkg_resources/_vendor/packaging'...
Listing './lib/python3.5/site-packages/pkg_resources/extern'...
Listing './lib/python3.5/site-packages/pkg_resources-0.0.0.dist-info'...
Listing './lib/python3.5/site-packages/plaster'...
Listing './lib/python3.5/site-packages/plaster-1.0.dist-info'...
Listing './lib/python3.5/site-packages/plaster_pastedeploy'...
Listing './lib/python3.5/site-packages/plaster_pastedeploy-0.4.2.dist-info'...
Listing './lib/python3.5/site-packages/pluggy'...
Listing './lib/python3.5/site-packages/pluggy-0.6.0.egg-info'...
Listing './lib/python3.5/site-packages/psutil'...
Listing './lib/python3.5/site-packages/psutil/tests'...
Listing './lib/python3.5/site-packages/psutil-5.4.3.egg-info'...
Listing './lib/python3.5/site-packages/psycopg2'...
Listing './lib/python3.5/site-packages/psycopg2/.libs'...
Listing './lib/python3.5/site-packages/psycopg2/tests'...
Listing './lib/python3.5/site-packages/psycopg2-2.7.3.2.dist-info'...
Listing './lib/python3.5/site-packages/py'...
Listing './lib/python3.5/site-packages/py/_code'...
Listing './lib/python3.5/site-packages/py/_io'...
Listing './lib/python3.5/site-packages/py/_log'...
Listing './lib/python3.5/site-packages/py/_path'...
Listing './lib/python3.5/site-packages/py/_process'...
Listing './lib/python3.5/site-packages/py/_vendored_packages'...
Listing './lib/python3.5/site-packages/py-1.5.2.dist-info'...
Listing './lib/python3.5/site-packages/pycodestyle-2.3.1.dist-info'...
Listing './lib/python3.5/site-packages/pyflakes'...
Listing './lib/python3.5/site-packages/pyflakes/scripts'...
Listing './lib/python3.5/site-packages/pyflakes/test'...
Listing './lib/python3.5/site-packages/pyflakes-1.6.0.dist-info'...
Listing './lib/python3.5/site-packages/pyparsing-2.2.0.dist-info'...
Listing './lib/python3.5/site-packages/pyramid'...
Listing './lib/python3.5/site-packages/pyramid/config'...
Listing './lib/python3.5/site-packages/pyramid/scaffolds'...
Listing './lib/python3.5/site-packages/pyramid/scaffolds/alchemy'...
Listing './lib/python3.5/site-packages/pyramid/scaffolds/alchemy/+package+'...
Listing './lib/python3.5/site-packages/pyramid/scaffolds/alchemy/+package+/models'...
Listing './lib/python3.5/site-packages/pyramid/scaffolds/alchemy/+package+/scripts'...
Listing './lib/python3.5/site-packages/pyramid/scaffolds/alchemy/+package+/static'...
Listing './lib/python3.5/site-packages/pyramid/scaffolds/alchemy/+package+/templates'...
Listing './lib/python3.5/site-packages/pyramid/scaffolds/alchemy/+package+/views'...
Listing './lib/python3.5/site-packages/pyramid/scaffolds/starter'...
Listing './lib/python3.5/site-packages/pyramid/scaffolds/starter/+package+'...
Listing './lib/python3.5/site-packages/pyramid/scaffolds/starter/+package+/static'...
Listing './lib/python3.5/site-packages/pyramid/scaffolds/starter/+package+/templates'...
Listing './lib/python3.5/site-packages/pyramid/scaffolds/zodb'...
Listing './lib/python3.5/site-packages/pyramid/scaffolds/zodb/+package+'...
Listing './lib/python3.5/site-packages/pyramid/scaffolds/zodb/+package+/static'...
Listing './lib/python3.5/site-packages/pyramid/scaffolds/zodb/+package+/templates'...
Listing './lib/python3.5/site-packages/pyramid/scripts'...
Listing './lib/python3.5/site-packages/pyramid/tests'...
Listing './lib/python3.5/site-packages/pyramid/tests/fixtures'...
Listing './lib/python3.5/site-packages/pyramid/tests/fixtures/static'...
Listing './lib/python3.5/site-packages/pyramid/tests/fixtures/static/subdir'...
Listing './lib/python3.5/site-packages/pyramid/tests/pkgs'...
Listing './lib/python3.5/site-packages/pyramid/tests/pkgs/ccbugapp'...
Listing './lib/python3.5/site-packages/pyramid/tests/pkgs/conflictapp'...
Listing './lib/python3.5/site-packages/pyramid/tests/pkgs/defpermbugapp'...
Listing './lib/python3.5/site-packages/pyramid/tests/pkgs/eventonly'...
Listing './lib/python3.5/site-packages/pyramid/tests/pkgs/exceptionviewapp'...
Listing './lib/python3.5/site-packages/pyramid/tests/pkgs/fixtureapp'...
Listing './lib/python3.5/site-packages/pyramid/tests/pkgs/fixtureapp/subpackage'...
Listing './lib/python3.5/site-packages/pyramid/tests/pkgs/forbiddenapp'...
Listing './lib/python3.5/site-packages/pyramid/tests/pkgs/forbiddenview'...
Listing './lib/python3.5/site-packages/pyramid/tests/pkgs/hybridapp'...
Listing './lib/python3.5/site-packages/pyramid/tests/pkgs/includeapp1'...
Listing './lib/python3.5/site-packages/pyramid/tests/pkgs/localeapp'...
Listing './lib/python3.5/site-packages/pyramid/tests/pkgs/localeapp/locale'...
Listing './lib/python3.5/site-packages/pyramid/tests/pkgs/localeapp/locale/be'...
Listing './lib/python3.5/site-packages/pyramid/tests/pkgs/localeapp/locale/de'...
Listing './lib/python3.5/site-packages/pyramid/tests/pkgs/localeapp/locale/de/LC_MESSAGES'...
Listing './lib/python3.5/site-packages/pyramid/tests/pkgs/localeapp/locale/de_DE'...
Listing './lib/python3.5/site-packages/pyramid/tests/pkgs/localeapp/locale/de_DE/LC_MESSAGES'...
Listing './lib/python3.5/site-packages/pyramid/tests/pkgs/localeapp/locale/en'...
Listing './lib/python3.5/site-packages/pyramid/tests/pkgs/localeapp/locale/en/LC_MESSAGES'...
Listing './lib/python3.5/site-packages/pyramid/tests/pkgs/localeapp/locale2'...
Listing './lib/python3.5/site-packages/pyramid/tests/pkgs/localeapp/locale2/be'...
Listing './lib/python3.5/site-packages/pyramid/tests/pkgs/localeapp/locale2/de'...
Listing './lib/python3.5/site-packages/pyramid/tests/pkgs/localeapp/locale2/de/LC_MESSAGES'...
Listing './lib/python3.5/site-packages/pyramid/tests/pkgs/localeapp/locale2/en'...
Listing './lib/python3.5/site-packages/pyramid/tests/pkgs/localeapp/locale2/en/LC_MESSAGES'...
Listing './lib/python3.5/site-packages/pyramid/tests/pkgs/localeapp/locale3'...
Listing './lib/python3.5/site-packages/pyramid/tests/pkgs/localeapp/locale3/be'...
Listing './lib/python3.5/site-packages/pyramid/tests/pkgs/localeapp/locale3/de'...
Listing './lib/python3.5/site-packages/pyramid/tests/pkgs/localeapp/locale3/de/LC_MESSAGES'...
Listing './lib/python3.5/site-packages/pyramid/tests/pkgs/localeapp/locale3/en'...
Listing './lib/python3.5/site-packages/pyramid/tests/pkgs/localeapp/locale3/en/LC_MESSAGES'...
Listing './lib/python3.5/site-packages/pyramid/tests/pkgs/notfoundview'...
Listing './lib/python3.5/site-packages/pyramid/tests/pkgs/permbugapp'...
Listing './lib/python3.5/site-packages/pyramid/tests/pkgs/rendererscanapp'...
Listing './lib/python3.5/site-packages/pyramid/tests/pkgs/rendererscanapp/two'...
Listing './lib/python3.5/site-packages/pyramid/tests/pkgs/restbugapp'...
Listing './lib/python3.5/site-packages/pyramid/tests/pkgs/static_abspath'...
Listing './lib/python3.5/site-packages/pyramid/tests/pkgs/static_assetspec'...
Listing './lib/python3.5/site-packages/pyramid/tests/pkgs/static_routeprefix'...
Listing './lib/python3.5/site-packages/pyramid/tests/pkgs/staticpermapp'...
Listing './lib/python3.5/site-packages/pyramid/tests/pkgs/subrequestapp'...
Listing './lib/python3.5/site-packages/pyramid/tests/pkgs/viewdecoratorapp'...
Listing './lib/python3.5/site-packages/pyramid/tests/pkgs/viewdecoratorapp/views'...
Listing './lib/python3.5/site-packages/pyramid/tests/pkgs/wsgiapp2app'...
Listing './lib/python3.5/site-packages/pyramid/tests/test_config'...
Listing './lib/python3.5/site-packages/pyramid/tests/test_config/files'...
Listing './lib/python3.5/site-packages/pyramid/tests/test_config/files/assets'...
Listing './lib/python3.5/site-packages/pyramid/tests/test_config/path'...
Listing './lib/python3.5/site-packages/pyramid/tests/test_config/path/scanerror'...
Listing './lib/python3.5/site-packages/pyramid/tests/test_config/pkgs'...
Listing './lib/python3.5/site-packages/pyramid/tests/test_config/pkgs/asset'...
Listing './lib/python3.5/site-packages/pyramid/tests/test_config/pkgs/asset/subpackage'...
Listing './lib/python3.5/site-packages/pyramid/tests/test_config/pkgs/asset/subpackage/templates'...
Listing './lib/python3.5/site-packages/pyramid/tests/test_config/pkgs/scanextrakw'...
Listing './lib/python3.5/site-packages/pyramid/tests/test_config/pkgs/scannable'...
Listing './lib/python3.5/site-packages/pyramid/tests/test_config/pkgs/scannable/pod'...
Listing './lib/python3.5/site-packages/pyramid/tests/test_config/pkgs/scannable/subpackage'...
Listing './lib/python3.5/site-packages/pyramid/tests/test_config/pkgs/scannable/subpackage/subsubpackage'...
Listing './lib/python3.5/site-packages/pyramid/tests/test_config/pkgs/selfscan'...
Listing './lib/python3.5/site-packages/pyramid/tests/test_scaffolds'...
Listing './lib/python3.5/site-packages/pyramid/tests/test_scaffolds/fixture_scaffold'...
Listing './lib/python3.5/site-packages/pyramid/tests/test_scaffolds/fixture_scaffold/+package+'...
Listing './lib/python3.5/site-packages/pyramid/tests/test_scaffolds/fixture_scaffold/+package+/static'...
Listing './lib/python3.5/site-packages/pyramid/tests/test_scaffolds/fixture_scaffold/+package+/templates'...
Listing './lib/python3.5/site-packages/pyramid/tests/test_scripts'...
Listing './lib/python3.5/site-packages/pyramid-1.9.1.dist-info'...
Listing './lib/python3.5/site-packages/pyramid_tm'...
Listing './lib/python3.5/site-packages/pyramid_tm-2.2.dist-info'...
Listing './lib/python3.5/site-packages/pytest-3.3.2.dist-info'...
Listing './lib/python3.5/site-packages/python_dateutil-2.6.1.dist-info'...
Listing './lib/python3.5/site-packages/python_editor-1.0.3.egg-info'...
Listing './lib/python3.5/site-packages/raven'...
Listing './lib/python3.5/site-packages/raven/conf'...
Listing './lib/python3.5/site-packages/raven/contrib'...
Listing './lib/python3.5/site-packages/raven/contrib/awslambda'...
Listing './lib/python3.5/site-packages/raven/contrib/bottle'...
Listing './lib/python3.5/site-packages/raven/contrib/celery'...
Listing './lib/python3.5/site-packages/raven/contrib/django'...
Listing './lib/python3.5/site-packages/raven/contrib/django/celery'...
Listing './lib/python3.5/site-packages/raven/contrib/django/management'...
Listing './lib/python3.5/site-packages/raven/contrib/django/management/commands'...
Listing './lib/python3.5/site-packages/raven/contrib/django/middleware'...
Listing './lib/python3.5/site-packages/raven/contrib/django/raven_compat'...
Listing './lib/python3.5/site-packages/raven/contrib/django/raven_compat/management'...
Listing './lib/python3.5/site-packages/raven/contrib/django/raven_compat/management/commands'...
Listing './lib/python3.5/site-packages/raven/contrib/django/raven_compat/middleware'...
Listing './lib/python3.5/site-packages/raven/contrib/django/raven_compat/templatetags'...
Listing './lib/python3.5/site-packages/raven/contrib/django/templatetags'...
Listing './lib/python3.5/site-packages/raven/contrib/pylons'...
Listing './lib/python3.5/site-packages/raven/contrib/tornado'...
Listing './lib/python3.5/site-packages/raven/contrib/webpy'...
Listing './lib/python3.5/site-packages/raven/contrib/zconfig'...
Listing './lib/python3.5/site-packages/raven/contrib/zerorpc'...
Listing './lib/python3.5/site-packages/raven/contrib/zope'...
Listing './lib/python3.5/site-packages/raven/data'...
Compiling './lib/python3.5/site-packages/raven/deprecation.py'...
***   File "./lib/python3.5/site-packages/raven/deprecation.py", line 6
    def __init__(self, dsn, *args, **kwargs):
                                            ^
SyntaxError: unexpected EOF while parsing

Listing './lib/python3.5/site-packages/raven/handlers'...
Listing './lib/python3.5/site-packages/raven/scripts'...
Listing './lib/python3.5/site-packages/raven/transport'...
Listing './lib/python3.5/site-packages/raven/utils'...
Listing './lib/python3.5/site-packages/raven/utils/serializer'...
Listing './lib/python3.5/site-packages/raven-6.4.0.dist-info'...
Listing './lib/python3.5/site-packages/repoze'...
Listing './lib/python3.5/site-packages/repoze/lru'...
Listing './lib/python3.5/site-packages/repoze.lru-0.7.dist-info'...
Listing './lib/python3.5/site-packages/requests'...
Listing './lib/python3.5/site-packages/requests-2.18.4.dist-info'...
Listing './lib/python3.5/site-packages/setuptools'...
Listing './lib/python3.5/site-packages/setuptools/command'...
Listing './lib/python3.5/site-packages/setuptools/extern'...
Listing './lib/python3.5/site-packages/setuptools-32.3.1.dist-info'...
Listing './lib/python3.5/site-packages/simplejson'...
Listing './lib/python3.5/site-packages/simplejson/tests'...
Listing './lib/python3.5/site-packages/simplejson-3.13.2.egg-info'...
Listing './lib/python3.5/site-packages/six-1.11.0.dist-info'...
Listing './lib/python3.5/site-packages/sqlalchemy'...
Listing './lib/python3.5/site-packages/sqlalchemy/connectors'...
Listing './lib/python3.5/site-packages/sqlalchemy/databases'...
Listing './lib/python3.5/site-packages/sqlalchemy/dialects'...
Listing './lib/python3.5/site-packages/sqlalchemy/dialects/firebird'...
Listing './lib/python3.5/site-packages/sqlalchemy/dialects/mssql'...
Listing './lib/python3.5/site-packages/sqlalchemy/dialects/mysql'...
Listing './lib/python3.5/site-packages/sqlalchemy/dialects/oracle'...
Listing './lib/python3.5/site-packages/sqlalchemy/dialects/postgresql'...
Listing './lib/python3.5/site-packages/sqlalchemy/dialects/sqlite'...
Listing './lib/python3.5/site-packages/sqlalchemy/dialects/sybase'...
Listing './lib/python3.5/site-packages/sqlalchemy/engine'...
Listing './lib/python3.5/site-packages/sqlalchemy/event'...
Listing './lib/python3.5/site-packages/sqlalchemy/ext'...
Listing './lib/python3.5/site-packages/sqlalchemy/ext/declarative'...
Listing './lib/python3.5/site-packages/sqlalchemy/orm'...
Listing './lib/python3.5/site-packages/sqlalchemy/sql'...
Listing './lib/python3.5/site-packages/sqlalchemy/testing'...
Listing './lib/python3.5/site-packages/sqlalchemy/testing/plugin'...
Listing './lib/python3.5/site-packages/sqlalchemy/testing/suite'...
Listing './lib/python3.5/site-packages/sqlalchemy/util'...
Listing './lib/python3.5/site-packages/transaction'...
Listing './lib/python3.5/site-packages/transaction/tests'...
Listing './lib/python3.5/site-packages/transaction-2.1.2.dist-info'...
Listing './lib/python3.5/site-packages/translationstring'...
Listing './lib/python3.5/site-packages/translationstring/tests'...
Listing './lib/python3.5/site-packages/translationstring/tests/fixtures'...
Listing './lib/python3.5/site-packages/translationstring/tests/fixtures/locales'...
Listing './lib/python3.5/site-packages/translationstring/tests/fixtures/locales/de'...
Listing './lib/python3.5/site-packages/translationstring/tests/fixtures/locales/de/LC_MESSAGES'...
Listing './lib/python3.5/site-packages/translationstring-1.3.dist-info'...
Listing './lib/python3.5/site-packages/typed_ast'...
Listing './lib/python3.5/site-packages/typed_ast-1.1.0.dist-info'...
Listing './lib/python3.5/site-packages/urllib3'...
Listing './lib/python3.5/site-packages/urllib3/contrib'...
Listing './lib/python3.5/site-packages/urllib3/contrib/_securetransport'...
Listing './lib/python3.5/site-packages/urllib3/packages'...
Listing './lib/python3.5/site-packages/urllib3/packages/backports'...
Listing './lib/python3.5/site-packages/urllib3/packages/ssl_match_hostname'...
Listing './lib/python3.5/site-packages/urllib3/util'...
Listing './lib/python3.5/site-packages/urllib3-1.22.dist-info'...
Listing './lib/python3.5/site-packages/venusian'...
Listing './lib/python3.5/site-packages/venusian/tests'...
Listing './lib/python3.5/site-packages/venusian/tests/fixtures'...
Listing './lib/python3.5/site-packages/venusian/tests/fixtures/attrerror'...
Listing './lib/python3.5/site-packages/venusian/tests/fixtures/attrerror_package'...
Listing './lib/python3.5/site-packages/venusian/tests/fixtures/attrerror_package/will_cause_import_error'...
Listing './lib/python3.5/site-packages/venusian/tests/fixtures/import_and_scan'...
Listing './lib/python3.5/site-packages/venusian/tests/fixtures/importerror'...
Listing './lib/python3.5/site-packages/venusian/tests/fixtures/importerror_package'...
Listing './lib/python3.5/site-packages/venusian/tests/fixtures/importerror_package/will_cause_import_error'...
Listing './lib/python3.5/site-packages/venusian/tests/fixtures/importonly'...
Listing './lib/python3.5/site-packages/venusian/tests/fixtures/nested'...
Listing './lib/python3.5/site-packages/venusian/tests/fixtures/nested/sub1'...
Listing './lib/python3.5/site-packages/venusian/tests/fixtures/nested/sub1/subsub1'...
Listing './lib/python3.5/site-packages/venusian/tests/fixtures/nested/sub2'...
Listing './lib/python3.5/site-packages/venusian/tests/fixtures/nested/sub2/subsub2'...
Listing './lib/python3.5/site-packages/venusian/tests/fixtures/one'...
Listing './lib/python3.5/site-packages/venusian/tests/fixtures/pyc'...
Listing './lib/python3.5/site-packages/venusian/tests/fixtures/pyc/subpackage'...
Listing './lib/python3.5/site-packages/venusian/tests/fixtures/subpackages'...
Listing './lib/python3.5/site-packages/venusian/tests/fixtures/subpackages/childpackage'...
Listing './lib/python3.5/site-packages/venusian/tests/fixtures/two'...
Listing './lib/python3.5/site-packages/venusian-1.1.0.dist-info'...
Listing './lib/python3.5/site-packages/webob'...
Listing './lib/python3.5/site-packages/zope'...
Listing './lib/python3.5/site-packages/zope/deprecation'...
Listing './lib/python3.5/site-packages/zope/interface'...
Listing './lib/python3.5/site-packages/zope/interface/common'...
Listing './lib/python3.5/site-packages/zope/interface/common/tests'...
Listing './lib/python3.5/site-packages/zope/interface/tests'...
Listing './lib/python3.5/site-packages/zope/sqlalchemy'...
Listing './lib/python3.5/site-packages/zope.deprecation-4.3.0.dist-info'...
Listing './lib/python3.5/site-packages/zope.interface-4.4.3.dist-info'...
Listing './lib/python3.5/site-packages/zope.sqlalchemy-0.7.7.egg-info'...
Listing './share'...
Listing './share/python-wheels'...
