Listing '.'...
Listing './bin'...
Compiling './bin/bottle.py'...
Listing './include'...
Listing './lib'...
Listing './lib/python3.5'...
Listing './lib/python3.5/site-packages'...
Listing './lib/python3.5/site-packages/Jinja2-2.7.2.egg-info'...
Listing './lib/python3.5/site-packages/MarkupSafe-1.0.egg-info'...
Listing './lib/python3.5/site-packages/bottle-0.12.7.egg-info'...
Listing './lib/python3.5/site-packages/certifi'...
Listing './lib/python3.5/site-packages/certifi-2017.11.5.dist-info'...
Listing './lib/python3.5/site-packages/chardet'...
Listing './lib/python3.5/site-packages/chardet/cli'...
Listing './lib/python3.5/site-packages/chardet-3.0.4.dist-info'...
Listing './lib/python3.5/site-packages/cloudify'...
Listing './lib/python3.5/site-packages/cloudify/celery'...
Listing './lib/python3.5/site-packages/cloudify/compute'...
Listing './lib/python3.5/site-packages/cloudify/ctx_wrappers'...
Compiling './lib/python3.5/site-packages/cloudify/dispatch.py'...
***   File "./lib/python3.5/site-packages/cloudify/dispatch.py", line 535
    except Exception, e:
                    ^
SyntaxError: invalid syntax

Listing './lib/python3.5/site-packages/cloudify/plugins'...
Listing './lib/python3.5/site-packages/cloudify/proxy'...
Compiling './lib/python3.5/site-packages/cloudify/proxy/server.py'...
***   File "./lib/python3.5/site-packages/cloudify/proxy/server.py", line 52
    except Exception, e:
                    ^
SyntaxError: invalid syntax

Listing './lib/python3.5/site-packages/cloudify/test_utils'...
Listing './lib/python3.5/site-packages/cloudify/workflows'...
Compiling './lib/python3.5/site-packages/cloudify/workflows/tasks.py'...
***   File "./lib/python3.5/site-packages/cloudify/workflows/tasks.py", line 693
    raise exception, None, traceback
                   ^
SyntaxError: invalid syntax

Listing './lib/python3.5/site-packages/cloudify_plugins_common-4.2.egg-info'...
Listing './lib/python3.5/site-packages/cloudify_rest_client'...
Listing './lib/python3.5/site-packages/cloudify_rest_client-4.2.egg-info'...
Listing './lib/python3.5/site-packages/cloudify_script_plugin-1.5.1.egg-info'...
Listing './lib/python3.5/site-packages/decorator-4.1.2.dist-info'...
Listing './lib/python3.5/site-packages/idna'...
Listing './lib/python3.5/site-packages/idna-2.6.dist-info'...
Listing './lib/python3.5/site-packages/jinja2'...
Listing './lib/python3.5/site-packages/jinja2/testsuite'...
Listing './lib/python3.5/site-packages/jinja2/testsuite/res'...
Listing './lib/python3.5/site-packages/jinja2/testsuite/res/templates'...
Listing './lib/python3.5/site-packages/jinja2/testsuite/res/templates/foo'...
Listing './lib/python3.5/site-packages/markupsafe'...
Listing './lib/python3.5/site-packages/networkx'...
Listing './lib/python3.5/site-packages/networkx/algorithms'...
Listing './lib/python3.5/site-packages/networkx/algorithms/approximation'...
Listing './lib/python3.5/site-packages/networkx/algorithms/approximation/tests'...
Listing './lib/python3.5/site-packages/networkx/algorithms/assortativity'...
Listing './lib/python3.5/site-packages/networkx/algorithms/assortativity/tests'...
Listing './lib/python3.5/site-packages/networkx/algorithms/bipartite'...
Listing './lib/python3.5/site-packages/networkx/algorithms/bipartite/tests'...
Listing './lib/python3.5/site-packages/networkx/algorithms/centrality'...
Listing './lib/python3.5/site-packages/networkx/algorithms/centrality/tests'...
Listing './lib/python3.5/site-packages/networkx/algorithms/chordal'...
Listing './lib/python3.5/site-packages/networkx/algorithms/chordal/tests'...
Listing './lib/python3.5/site-packages/networkx/algorithms/community'...
Listing './lib/python3.5/site-packages/networkx/algorithms/community/tests'...
Listing './lib/python3.5/site-packages/networkx/algorithms/components'...
Listing './lib/python3.5/site-packages/networkx/algorithms/components/tests'...
Listing './lib/python3.5/site-packages/networkx/algorithms/connectivity'...
Listing './lib/python3.5/site-packages/networkx/algorithms/connectivity/tests'...
Listing './lib/python3.5/site-packages/networkx/algorithms/flow'...
Listing './lib/python3.5/site-packages/networkx/algorithms/flow/tests'...
Listing './lib/python3.5/site-packages/networkx/algorithms/isomorphism'...
Listing './lib/python3.5/site-packages/networkx/algorithms/isomorphism/tests'...
Listing './lib/python3.5/site-packages/networkx/algorithms/link_analysis'...
Listing './lib/python3.5/site-packages/networkx/algorithms/link_analysis/tests'...
Listing './lib/python3.5/site-packages/networkx/algorithms/operators'...
Listing './lib/python3.5/site-packages/networkx/algorithms/operators/tests'...
Listing './lib/python3.5/site-packages/networkx/algorithms/shortest_paths'...
Listing './lib/python3.5/site-packages/networkx/algorithms/shortest_paths/tests'...
Listing './lib/python3.5/site-packages/networkx/algorithms/tests'...
Listing './lib/python3.5/site-packages/networkx/algorithms/traversal'...
Listing './lib/python3.5/site-packages/networkx/algorithms/traversal/tests'...
Listing './lib/python3.5/site-packages/networkx/algorithms/tree'...
Listing './lib/python3.5/site-packages/networkx/algorithms/tree/tests'...
Listing './lib/python3.5/site-packages/networkx/classes'...
Listing './lib/python3.5/site-packages/networkx/classes/tests'...
Listing './lib/python3.5/site-packages/networkx/drawing'...
Listing './lib/python3.5/site-packages/networkx/drawing/tests'...
Listing './lib/python3.5/site-packages/networkx/external'...
Listing './lib/python3.5/site-packages/networkx/generators'...
Listing './lib/python3.5/site-packages/networkx/generators/tests'...
Listing './lib/python3.5/site-packages/networkx/linalg'...
Listing './lib/python3.5/site-packages/networkx/linalg/tests'...
Listing './lib/python3.5/site-packages/networkx/readwrite'...
Listing './lib/python3.5/site-packages/networkx/readwrite/json_graph'...
Listing './lib/python3.5/site-packages/networkx/readwrite/json_graph/tests'...
Listing './lib/python3.5/site-packages/networkx/readwrite/tests'...
Listing './lib/python3.5/site-packages/networkx/testing'...
Listing './lib/python3.5/site-packages/networkx/testing/tests'...
Listing './lib/python3.5/site-packages/networkx/tests'...
Listing './lib/python3.5/site-packages/networkx/utils'...
Listing './lib/python3.5/site-packages/networkx/utils/tests'...
Listing './lib/python3.5/site-packages/networkx-1.9.1.dist-info'...
Listing './lib/python3.5/site-packages/pika'...
Listing './lib/python3.5/site-packages/pika/adapters'...
Listing './lib/python3.5/site-packages/pika-0.9.14.egg-info'...
Listing './lib/python3.5/site-packages/pip'...
Listing './lib/python3.5/site-packages/pip/_vendor'...
Listing './lib/python3.5/site-packages/pip/commands'...
Listing './lib/python3.5/site-packages/pip/compat'...
Listing './lib/python3.5/site-packages/pip/models'...
Listing './lib/python3.5/site-packages/pip/operations'...
Listing './lib/python3.5/site-packages/pip/req'...
Listing './lib/python3.5/site-packages/pip/utils'...
Listing './lib/python3.5/site-packages/pip/vcs'...
Listing './lib/python3.5/site-packages/pip-9.0.1.dist-info'...
Listing './lib/python3.5/site-packages/pkg_resources'...
Listing './lib/python3.5/site-packages/pkg_resources/_vendor'...
Listing './lib/python3.5/site-packages/pkg_resources/_vendor/packaging'...
Listing './lib/python3.5/site-packages/pkg_resources/extern'...
Listing './lib/python3.5/site-packages/pkg_resources-0.0.0.dist-info'...
Listing './lib/python3.5/site-packages/proxy_tools'...
Listing './lib/python3.5/site-packages/proxy_tools-0.1.0.egg-info'...
Listing './lib/python3.5/site-packages/requests'...
Listing './lib/python3.5/site-packages/requests-2.18.4.dist-info'...
Listing './lib/python3.5/site-packages/requests_toolbelt'...
Listing './lib/python3.5/site-packages/requests_toolbelt/adapters'...
Listing './lib/python3.5/site-packages/requests_toolbelt/auth'...
Listing './lib/python3.5/site-packages/requests_toolbelt/cookies'...
Listing './lib/python3.5/site-packages/requests_toolbelt/downloadutils'...
Listing './lib/python3.5/site-packages/requests_toolbelt/multipart'...
Listing './lib/python3.5/site-packages/requests_toolbelt/threaded'...
Listing './lib/python3.5/site-packages/requests_toolbelt/utils'...
Listing './lib/python3.5/site-packages/requests_toolbelt-0.8.0.dist-info'...
Listing './lib/python3.5/site-packages/script_runner'...
Compiling './lib/python3.5/site-packages/script_runner/tasks.py'...
***   File "./lib/python3.5/site-packages/script_runner/tasks.py", line 73
    os.chmod(script_path, 0755)
                             ^
SyntaxError: invalid token

Listing './lib/python3.5/site-packages/setuptools'...
Listing './lib/python3.5/site-packages/setuptools/command'...
Listing './lib/python3.5/site-packages/setuptools/extern'...
Listing './lib/python3.5/site-packages/setuptools-32.3.1.dist-info'...
Listing './lib/python3.5/site-packages/urllib3'...
Listing './lib/python3.5/site-packages/urllib3/contrib'...
Listing './lib/python3.5/site-packages/urllib3/contrib/_securetransport'...
Listing './lib/python3.5/site-packages/urllib3/packages'...
Listing './lib/python3.5/site-packages/urllib3/packages/backports'...
Listing './lib/python3.5/site-packages/urllib3/packages/ssl_match_hostname'...
Listing './lib/python3.5/site-packages/urllib3/util'...
Listing './lib/python3.5/site-packages/urllib3-1.22.dist-info'...
Listing './share'...
Listing './share/doc'...
Listing './share/doc/networkx-1.9.1'...
Listing './share/doc/networkx-1.9.1/examples'...
Listing './share/doc/networkx-1.9.1/examples/3d_drawing'...
Listing './share/doc/networkx-1.9.1/examples/advanced'...
Listing './share/doc/networkx-1.9.1/examples/algorithms'...
Listing './share/doc/networkx-1.9.1/examples/basic'...
Listing './share/doc/networkx-1.9.1/examples/drawing'...
Listing './share/doc/networkx-1.9.1/examples/graph'...
Listing './share/doc/networkx-1.9.1/examples/multigraph'...
Listing './share/doc/networkx-1.9.1/examples/pygraphviz'...
Listing './share/python-wheels'...
