Listing '.'...
Listing './bin'...
Listing './etc'...
Listing './etc/pycadf'...
Listing './include'...
Listing './include/site'...
Listing './include/site/python3.5'...
Listing './include/site/python3.5/greenlet'...
Listing './lib'...
Listing './lib/python3.5'...
Listing './lib/python3.5/site-packages'...
Listing './lib/python3.5/site-packages/Babel-2.5.1.dist-info'...
Listing './lib/python3.5/site-packages/Jinja2-2.10.dist-info'...
Listing './lib/python3.5/site-packages/Mako-1.0.7.egg-info'...
Listing './lib/python3.5/site-packages/MarkupSafe-1.0.egg-info'...
Listing './lib/python3.5/site-packages/Paste-2.0.3.dist-info'...
Listing './lib/python3.5/site-packages/PasteDeploy-1.5.2.dist-info'...
Listing './lib/python3.5/site-packages/PyYAML-3.12.egg-info'...
Listing './lib/python3.5/site-packages/Routes-2.4.1.dist-info'...
Listing './lib/python3.5/site-packages/SQLAlchemy-1.0.19.egg-info'...
Listing './lib/python3.5/site-packages/Tempita-0.5.2.egg-info'...
Listing './lib/python3.5/site-packages/WSME-0.9.2.egg-info'...
Listing './lib/python3.5/site-packages/WebOb-1.7.4.dist-info'...
Listing './lib/python3.5/site-packages/WebTest-2.0.29.dist-info'...
Listing './lib/python3.5/site-packages/alembic'...
Listing './lib/python3.5/site-packages/alembic/autogenerate'...
Listing './lib/python3.5/site-packages/alembic/ddl'...
Listing './lib/python3.5/site-packages/alembic/operations'...
Listing './lib/python3.5/site-packages/alembic/runtime'...
Listing './lib/python3.5/site-packages/alembic/script'...
Listing './lib/python3.5/site-packages/alembic/templates'...
Listing './lib/python3.5/site-packages/alembic/templates/generic'...
Listing './lib/python3.5/site-packages/alembic/templates/multidb'...
Listing './lib/python3.5/site-packages/alembic/templates/pylons'...
Listing './lib/python3.5/site-packages/alembic/testing'...
Listing './lib/python3.5/site-packages/alembic/testing/plugin'...
Listing './lib/python3.5/site-packages/alembic/util'...
Listing './lib/python3.5/site-packages/alembic-0.9.6.egg-info'...
Listing './lib/python3.5/site-packages/amqp'...
Listing './lib/python3.5/site-packages/amqp-2.2.2.dist-info'...
Listing './lib/python3.5/site-packages/babel'...
Listing './lib/python3.5/site-packages/babel/locale-data'...
Listing './lib/python3.5/site-packages/babel/localtime'...
Listing './lib/python3.5/site-packages/babel/messages'...
Listing './lib/python3.5/site-packages/beautifulsoup4-4.6.0.dist-info'...
Listing './lib/python3.5/site-packages/bs4'...
Listing './lib/python3.5/site-packages/bs4/builder'...
Listing './lib/python3.5/site-packages/bs4/tests'...
Listing './lib/python3.5/site-packages/cachetools'...
Listing './lib/python3.5/site-packages/cachetools-2.0.1.dist-info'...
Listing './lib/python3.5/site-packages/ceilometerclient'...
Listing './lib/python3.5/site-packages/ceilometerclient/apiclient'...
Listing './lib/python3.5/site-packages/ceilometerclient/common'...
Listing './lib/python3.5/site-packages/ceilometerclient/tests'...
Listing './lib/python3.5/site-packages/ceilometerclient/tests/functional'...
Listing './lib/python3.5/site-packages/ceilometerclient/tests/functional/hooks'...
Listing './lib/python3.5/site-packages/ceilometerclient/tests/unit'...
Listing './lib/python3.5/site-packages/ceilometerclient/tests/unit/v2'...
Listing './lib/python3.5/site-packages/ceilometerclient/v2'...
Listing './lib/python3.5/site-packages/certifi'...
Listing './lib/python3.5/site-packages/certifi-2017.11.5.dist-info'...
Listing './lib/python3.5/site-packages/chardet'...
Listing './lib/python3.5/site-packages/chardet/cli'...
Listing './lib/python3.5/site-packages/chardet-3.0.4.dist-info'...
Listing './lib/python3.5/site-packages/cliff'...
Listing './lib/python3.5/site-packages/cliff/formatters'...
Listing './lib/python3.5/site-packages/cliff/tests'...
Listing './lib/python3.5/site-packages/cliff-2.10.0.egg-info'...
Listing './lib/python3.5/site-packages/cloudkitty'...
Listing './lib/python3.5/site-packages/cloudkitty/api'...
Listing './lib/python3.5/site-packages/cloudkitty/api/v1'...
Listing './lib/python3.5/site-packages/cloudkitty/api/v1/controllers'...
Listing './lib/python3.5/site-packages/cloudkitty/api/v1/datamodels'...
Listing './lib/python3.5/site-packages/cloudkitty/backend'...
Listing './lib/python3.5/site-packages/cloudkitty/billing'...
Listing './lib/python3.5/site-packages/cloudkitty/billing/hash'...
Listing './lib/python3.5/site-packages/cloudkitty/billing/hash/controllers'...
Listing './lib/python3.5/site-packages/cloudkitty/billing/hash/datamodels'...
Listing './lib/python3.5/site-packages/cloudkitty/billing/hash/db'...
Listing './lib/python3.5/site-packages/cloudkitty/billing/hash/db/sqlalchemy'...
Listing './lib/python3.5/site-packages/cloudkitty/cli'...
Listing './lib/python3.5/site-packages/cloudkitty/collector'...
Listing './lib/python3.5/site-packages/cloudkitty/common'...
Listing './lib/python3.5/site-packages/cloudkitty/common/db'...
Listing './lib/python3.5/site-packages/cloudkitty/common/db/alembic'...
Listing './lib/python3.5/site-packages/cloudkitty/db'...
Listing './lib/python3.5/site-packages/cloudkitty/db/sqlalchemy'...
Listing './lib/python3.5/site-packages/cloudkitty/db/sqlalchemy/alembic'...
Listing './lib/python3.5/site-packages/cloudkitty/db/sqlalchemy/alembic/versions'...
Listing './lib/python3.5/site-packages/cloudkitty/rating'...
Listing './lib/python3.5/site-packages/cloudkitty/rating/hash'...
Listing './lib/python3.5/site-packages/cloudkitty/rating/hash/controllers'...
Listing './lib/python3.5/site-packages/cloudkitty/rating/hash/datamodels'...
Listing './lib/python3.5/site-packages/cloudkitty/rating/hash/db'...
Listing './lib/python3.5/site-packages/cloudkitty/rating/hash/db/sqlalchemy'...
Listing './lib/python3.5/site-packages/cloudkitty/rating/hash/db/sqlalchemy/alembic'...
Listing './lib/python3.5/site-packages/cloudkitty/rating/hash/db/sqlalchemy/alembic/versions'...
Listing './lib/python3.5/site-packages/cloudkitty/rating/pyscripts'...
Listing './lib/python3.5/site-packages/cloudkitty/rating/pyscripts/controllers'...
Listing './lib/python3.5/site-packages/cloudkitty/rating/pyscripts/datamodels'...
Listing './lib/python3.5/site-packages/cloudkitty/rating/pyscripts/db'...
Listing './lib/python3.5/site-packages/cloudkitty/rating/pyscripts/db/sqlalchemy'...
Listing './lib/python3.5/site-packages/cloudkitty/rating/pyscripts/db/sqlalchemy/alembic'...
Listing './lib/python3.5/site-packages/cloudkitty/rating/pyscripts/db/sqlalchemy/alembic/versions'...
Listing './lib/python3.5/site-packages/cloudkitty/storage'...
Listing './lib/python3.5/site-packages/cloudkitty/storage/gnocchi_hybrid'...
Listing './lib/python3.5/site-packages/cloudkitty/storage/gnocchi_hybrid/alembic'...
Listing './lib/python3.5/site-packages/cloudkitty/storage/gnocchi_hybrid/alembic/versions'...
Listing './lib/python3.5/site-packages/cloudkitty/storage/sqlalchemy'...
Listing './lib/python3.5/site-packages/cloudkitty/storage/sqlalchemy/alembic'...
Listing './lib/python3.5/site-packages/cloudkitty/storage/sqlalchemy/alembic/versions'...
Listing './lib/python3.5/site-packages/cloudkitty/tenant_fetcher'...
Listing './lib/python3.5/site-packages/cloudkitty/tests'...
Listing './lib/python3.5/site-packages/cloudkitty/tests/collectors'...
Listing './lib/python3.5/site-packages/cloudkitty/tests/gabbi'...
Listing './lib/python3.5/site-packages/cloudkitty/tests/gabbi/gabbits'...
Listing './lib/python3.5/site-packages/cloudkitty/tests/gabbi/rating'...
Listing './lib/python3.5/site-packages/cloudkitty/tests/gabbi/rating/pyscripts'...
Listing './lib/python3.5/site-packages/cloudkitty/tests/gabbi/rating/pyscripts/gabbits'...
Listing './lib/python3.5/site-packages/cloudkitty/tests/storage'...
Listing './lib/python3.5/site-packages/cloudkitty/transformer'...
Listing './lib/python3.5/site-packages/cloudkitty/writer'...
Listing './lib/python3.5/site-packages/cloudkitty-0.5.0.egg-info'...
Listing './lib/python3.5/site-packages/cmd2-0.7.9.egg-info'...
Listing './lib/python3.5/site-packages/contextlib2-0.5.5.dist-info'...
Listing './lib/python3.5/site-packages/dateutil'...
Listing './lib/python3.5/site-packages/dateutil/tz'...
Listing './lib/python3.5/site-packages/dateutil/zoneinfo'...
Listing './lib/python3.5/site-packages/debtcollector'...
Listing './lib/python3.5/site-packages/debtcollector/fixtures'...
Listing './lib/python3.5/site-packages/debtcollector/tests'...
Listing './lib/python3.5/site-packages/debtcollector-1.19.0.dist-info'...
Listing './lib/python3.5/site-packages/decorator-4.1.2.dist-info'...
Listing './lib/python3.5/site-packages/dogpile'...
Listing './lib/python3.5/site-packages/dogpile/cache'...
Listing './lib/python3.5/site-packages/dogpile/cache/backends'...
Listing './lib/python3.5/site-packages/dogpile/cache/plugins'...
Listing './lib/python3.5/site-packages/dogpile/util'...
Listing './lib/python3.5/site-packages/dogpile.cache-0.6.4.egg-info'...
Listing './lib/python3.5/site-packages/enum'...
Listing './lib/python3.5/site-packages/enum34-1.1.6.dist-info'...
Listing './lib/python3.5/site-packages/eventlet'...
Listing './lib/python3.5/site-packages/eventlet/green'...
Listing './lib/python3.5/site-packages/eventlet/green/OpenSSL'...
Listing './lib/python3.5/site-packages/eventlet/green/http'...
Listing './lib/python3.5/site-packages/eventlet/green/urllib'...
Listing './lib/python3.5/site-packages/eventlet/greenio'...
Listing './lib/python3.5/site-packages/eventlet/hubs'...
Listing './lib/python3.5/site-packages/eventlet/support'...
Listing './lib/python3.5/site-packages/eventlet/support/dns'...
Listing './lib/python3.5/site-packages/eventlet/support/dns/rdtypes'...
Listing './lib/python3.5/site-packages/eventlet/support/dns/rdtypes/ANY'...
Listing './lib/python3.5/site-packages/eventlet/support/dns/rdtypes/IN'...
Listing './lib/python3.5/site-packages/eventlet/zipkin'...
Listing './lib/python3.5/site-packages/eventlet/zipkin/_thrift'...
Listing './lib/python3.5/site-packages/eventlet/zipkin/_thrift/zipkinCore'...
Listing './lib/python3.5/site-packages/eventlet-0.22.0.dist-info'...
Listing './lib/python3.5/site-packages/fasteners'...
Listing './lib/python3.5/site-packages/fasteners/tests'...
Listing './lib/python3.5/site-packages/fasteners-0.14.1.dist-info'...
Listing './lib/python3.5/site-packages/futurist'...
Listing './lib/python3.5/site-packages/futurist/tests'...
Listing './lib/python3.5/site-packages/futurist-1.6.0.dist-info'...
Listing './lib/python3.5/site-packages/gnocchiclient'...
Listing './lib/python3.5/site-packages/gnocchiclient/tests'...
Listing './lib/python3.5/site-packages/gnocchiclient/tests/functional'...
Listing './lib/python3.5/site-packages/gnocchiclient/tests/unit'...
Listing './lib/python3.5/site-packages/gnocchiclient/v1'...
Listing './lib/python3.5/site-packages/gnocchiclient-7.0.1.dist-info'...
Listing './lib/python3.5/site-packages/greenlet-0.4.12.dist-info'...
Listing './lib/python3.5/site-packages/idna'...
Listing './lib/python3.5/site-packages/idna-2.6.dist-info'...
Listing './lib/python3.5/site-packages/iso8601'...
Listing './lib/python3.5/site-packages/iso8601-0.1.12.dist-info'...
Listing './lib/python3.5/site-packages/jinja2'...
Compiling './lib/python3.5/site-packages/jinja2/asyncfilters.py'...
***   File "./lib/python3.5/site-packages/jinja2/asyncfilters.py", line 24
    yield item
    ^
SyntaxError: 'yield' inside async function

Compiling './lib/python3.5/site-packages/jinja2/asyncsupport.py'...
***   File "./lib/python3.5/site-packages/jinja2/asyncsupport.py", line 35
    yield event
    ^
SyntaxError: 'yield' inside async function

Listing './lib/python3.5/site-packages/keystoneauth1'...
Listing './lib/python3.5/site-packages/keystoneauth1/access'...
Listing './lib/python3.5/site-packages/keystoneauth1/exceptions'...
Listing './lib/python3.5/site-packages/keystoneauth1/extras'...
Listing './lib/python3.5/site-packages/keystoneauth1/extras/_saml2'...
Listing './lib/python3.5/site-packages/keystoneauth1/extras/_saml2/v3'...
Listing './lib/python3.5/site-packages/keystoneauth1/extras/kerberos'...
Listing './lib/python3.5/site-packages/keystoneauth1/extras/oauth1'...
Listing './lib/python3.5/site-packages/keystoneauth1/fixture'...
Listing './lib/python3.5/site-packages/keystoneauth1/hacking'...
Listing './lib/python3.5/site-packages/keystoneauth1/identity'...
Listing './lib/python3.5/site-packages/keystoneauth1/identity/generic'...
Listing './lib/python3.5/site-packages/keystoneauth1/identity/v3'...
Listing './lib/python3.5/site-packages/keystoneauth1/loading'...
Listing './lib/python3.5/site-packages/keystoneauth1/loading/_plugins'...
Listing './lib/python3.5/site-packages/keystoneauth1/loading/_plugins/identity'...
Listing './lib/python3.5/site-packages/keystoneauth1/tests'...
Listing './lib/python3.5/site-packages/keystoneauth1/tests/unit'...
Listing './lib/python3.5/site-packages/keystoneauth1/tests/unit/access'...
Listing './lib/python3.5/site-packages/keystoneauth1/tests/unit/data'...
Listing './lib/python3.5/site-packages/keystoneauth1/tests/unit/exceptions'...
Listing './lib/python3.5/site-packages/keystoneauth1/tests/unit/extras'...
Listing './lib/python3.5/site-packages/keystoneauth1/tests/unit/extras/kerberos'...
Listing './lib/python3.5/site-packages/keystoneauth1/tests/unit/extras/oauth1'...
Listing './lib/python3.5/site-packages/keystoneauth1/tests/unit/extras/saml2'...
Listing './lib/python3.5/site-packages/keystoneauth1/tests/unit/extras/saml2/examples'...
Listing './lib/python3.5/site-packages/keystoneauth1/tests/unit/extras/saml2/examples/xml'...
Listing './lib/python3.5/site-packages/keystoneauth1/tests/unit/extras/saml2/fixtures'...
Listing './lib/python3.5/site-packages/keystoneauth1/tests/unit/extras/saml2/fixtures/templates'...
Listing './lib/python3.5/site-packages/keystoneauth1/tests/unit/identity'...
Listing './lib/python3.5/site-packages/keystoneauth1/tests/unit/loading'...
Listing './lib/python3.5/site-packages/keystoneauth1-3.3.0.dist-info'...
Listing './lib/python3.5/site-packages/keystoneclient'...
Listing './lib/python3.5/site-packages/keystoneclient/auth'...
Listing './lib/python3.5/site-packages/keystoneclient/auth/identity'...
Listing './lib/python3.5/site-packages/keystoneclient/auth/identity/generic'...
Listing './lib/python3.5/site-packages/keystoneclient/auth/identity/v3'...
Listing './lib/python3.5/site-packages/keystoneclient/common'...
Listing './lib/python3.5/site-packages/keystoneclient/contrib'...
Listing './lib/python3.5/site-packages/keystoneclient/contrib/auth'...
Listing './lib/python3.5/site-packages/keystoneclient/contrib/auth/v3'...
Listing './lib/python3.5/site-packages/keystoneclient/contrib/ec2'...
Listing './lib/python3.5/site-packages/keystoneclient/fixture'...
Listing './lib/python3.5/site-packages/keystoneclient/generic'...
Listing './lib/python3.5/site-packages/keystoneclient/tests'...
Listing './lib/python3.5/site-packages/keystoneclient/tests/functional'...
Listing './lib/python3.5/site-packages/keystoneclient/tests/functional/hooks'...
Listing './lib/python3.5/site-packages/keystoneclient/tests/functional/v3'...
Listing './lib/python3.5/site-packages/keystoneclient/tests/unit'...
Listing './lib/python3.5/site-packages/keystoneclient/tests/unit/apiclient'...
Listing './lib/python3.5/site-packages/keystoneclient/tests/unit/auth'...
Listing './lib/python3.5/site-packages/keystoneclient/tests/unit/generic'...
Listing './lib/python3.5/site-packages/keystoneclient/tests/unit/v2_0'...
Listing './lib/python3.5/site-packages/keystoneclient/tests/unit/v3'...
Listing './lib/python3.5/site-packages/keystoneclient/tests/unit/v3/examples'...
Listing './lib/python3.5/site-packages/keystoneclient/tests/unit/v3/examples/xml'...
Listing './lib/python3.5/site-packages/keystoneclient/v2_0'...
Listing './lib/python3.5/site-packages/keystoneclient/v3'...
Listing './lib/python3.5/site-packages/keystoneclient/v3/contrib'...
Listing './lib/python3.5/site-packages/keystoneclient/v3/contrib/federation'...
Listing './lib/python3.5/site-packages/keystoneclient/v3/contrib/oauth1'...
Listing './lib/python3.5/site-packages/keystonemiddleware'...
Listing './lib/python3.5/site-packages/keystonemiddleware/_common'...
Listing './lib/python3.5/site-packages/keystonemiddleware/audit'...
Listing './lib/python3.5/site-packages/keystonemiddleware/auth_token'...
Listing './lib/python3.5/site-packages/keystonemiddleware/echo'...
Listing './lib/python3.5/site-packages/keystonemiddleware/locale'...
Listing './lib/python3.5/site-packages/keystonemiddleware/locale/en_GB'...
Listing './lib/python3.5/site-packages/keystonemiddleware/locale/en_GB/LC_MESSAGES'...
Listing './lib/python3.5/site-packages/keystonemiddleware/locale/ko_KR'...
Listing './lib/python3.5/site-packages/keystonemiddleware/locale/ko_KR/LC_MESSAGES'...
Listing './lib/python3.5/site-packages/keystonemiddleware/tests'...
Listing './lib/python3.5/site-packages/keystonemiddleware/tests/unit'...
Listing './lib/python3.5/site-packages/keystonemiddleware/tests/unit/audit'...
Listing './lib/python3.5/site-packages/keystonemiddleware/tests/unit/auth_token'...
Listing './lib/python3.5/site-packages/keystonemiddleware-4.21.0.dist-info'...
Listing './lib/python3.5/site-packages/kombu'...
Listing './lib/python3.5/site-packages/kombu/async'...
Listing './lib/python3.5/site-packages/kombu/async/aws'...
Listing './lib/python3.5/site-packages/kombu/async/aws/sqs'...
Listing './lib/python3.5/site-packages/kombu/async/http'...
Listing './lib/python3.5/site-packages/kombu/transport'...
Listing './lib/python3.5/site-packages/kombu/transport/sqlalchemy'...
Listing './lib/python3.5/site-packages/kombu/transport/virtual'...
Listing './lib/python3.5/site-packages/kombu/utils'...
Listing './lib/python3.5/site-packages/kombu-4.1.0.dist-info'...
Listing './lib/python3.5/site-packages/logutils'...
Listing './lib/python3.5/site-packages/logutils-0.3.5.egg-info'...
Listing './lib/python3.5/site-packages/mako'...
Listing './lib/python3.5/site-packages/mako/ext'...
Listing './lib/python3.5/site-packages/markupsafe'...
Listing './lib/python3.5/site-packages/migrate'...
Listing './lib/python3.5/site-packages/migrate/changeset'...
Listing './lib/python3.5/site-packages/migrate/changeset/databases'...
Listing './lib/python3.5/site-packages/migrate/tests'...
Listing './lib/python3.5/site-packages/migrate/tests/changeset'...
Listing './lib/python3.5/site-packages/migrate/tests/changeset/databases'...
Listing './lib/python3.5/site-packages/migrate/tests/fixture'...
Listing './lib/python3.5/site-packages/migrate/tests/integrated'...
Listing './lib/python3.5/site-packages/migrate/tests/versioning'...
Listing './lib/python3.5/site-packages/migrate/versioning'...
Listing './lib/python3.5/site-packages/migrate/versioning/script'...
Listing './lib/python3.5/site-packages/migrate/versioning/templates'...
Listing './lib/python3.5/site-packages/migrate/versioning/templates/manage'...
Listing './lib/python3.5/site-packages/migrate/versioning/templates/repository'...
Listing './lib/python3.5/site-packages/migrate/versioning/templates/repository/default'...
Listing './lib/python3.5/site-packages/migrate/versioning/templates/repository/default/versions'...
Listing './lib/python3.5/site-packages/migrate/versioning/templates/repository/pylons'...
Listing './lib/python3.5/site-packages/migrate/versioning/templates/repository/pylons/versions'...
Listing './lib/python3.5/site-packages/migrate/versioning/templates/script'...
Listing './lib/python3.5/site-packages/migrate/versioning/templates/sql_script'...
Listing './lib/python3.5/site-packages/migrate/versioning/util'...
Listing './lib/python3.5/site-packages/monotonic-1.4.dist-info'...
Listing './lib/python3.5/site-packages/msgpack'...
Listing './lib/python3.5/site-packages/msgpack_python-0.5.1.egg-info'...
Listing './lib/python3.5/site-packages/netaddr'...
Listing './lib/python3.5/site-packages/netaddr/contrib'...
Listing './lib/python3.5/site-packages/netaddr/eui'...
Listing './lib/python3.5/site-packages/netaddr/ip'...
Listing './lib/python3.5/site-packages/netaddr/strategy'...
Listing './lib/python3.5/site-packages/netaddr-0.7.19.dist-info'...
Listing './lib/python3.5/site-packages/netifaces-0.10.6.egg-info'...
Listing './lib/python3.5/site-packages/oslo.cache-1.28.0.dist-info'...
Listing './lib/python3.5/site-packages/oslo.concurrency-3.24.0.dist-info'...
Listing './lib/python3.5/site-packages/oslo.config-5.2.0.dist-info'...
Listing './lib/python3.5/site-packages/oslo.context-2.20.0.dist-info'...
Listing './lib/python3.5/site-packages/oslo.db-4.33.0.dist-info'...
Listing './lib/python3.5/site-packages/oslo.i18n-3.19.0.dist-info'...
Listing './lib/python3.5/site-packages/oslo.log-3.36.0.dist-info'...
Listing './lib/python3.5/site-packages/oslo.messaging-5.35.0.dist-info'...
Listing './lib/python3.5/site-packages/oslo.middleware-3.33.0.dist-info'...
Listing './lib/python3.5/site-packages/oslo.policy-1.33.1.dist-info'...
Listing './lib/python3.5/site-packages/oslo.serialization-2.23.0.dist-info'...
Listing './lib/python3.5/site-packages/oslo.service-1.29.0.dist-info'...
Listing './lib/python3.5/site-packages/oslo.utils-3.34.0.dist-info'...
Listing './lib/python3.5/site-packages/oslo_cache'...
Listing './lib/python3.5/site-packages/oslo_cache/backends'...
Listing './lib/python3.5/site-packages/oslo_cache/locale'...
Listing './lib/python3.5/site-packages/oslo_cache/locale/de'...
Listing './lib/python3.5/site-packages/oslo_cache/locale/de/LC_MESSAGES'...
Listing './lib/python3.5/site-packages/oslo_cache/locale/en_GB'...
Listing './lib/python3.5/site-packages/oslo_cache/locale/en_GB/LC_MESSAGES'...
Listing './lib/python3.5/site-packages/oslo_cache/locale/es'...
Listing './lib/python3.5/site-packages/oslo_cache/locale/es/LC_MESSAGES'...
Listing './lib/python3.5/site-packages/oslo_cache/locale/fr'...
Listing './lib/python3.5/site-packages/oslo_cache/locale/fr/LC_MESSAGES'...
Listing './lib/python3.5/site-packages/oslo_cache/locale/it'...
Listing './lib/python3.5/site-packages/oslo_cache/locale/it/LC_MESSAGES'...
Listing './lib/python3.5/site-packages/oslo_cache/locale/ko_KR'...
Listing './lib/python3.5/site-packages/oslo_cache/locale/ko_KR/LC_MESSAGES'...
Listing './lib/python3.5/site-packages/oslo_cache/locale/pt_BR'...
Listing './lib/python3.5/site-packages/oslo_cache/locale/pt_BR/LC_MESSAGES'...
Listing './lib/python3.5/site-packages/oslo_cache/locale/ru'...
Listing './lib/python3.5/site-packages/oslo_cache/locale/ru/LC_MESSAGES'...
Listing './lib/python3.5/site-packages/oslo_cache/locale/tr_TR'...
Listing './lib/python3.5/site-packages/oslo_cache/locale/tr_TR/LC_MESSAGES'...
Listing './lib/python3.5/site-packages/oslo_cache/locale/zh_CN'...
Listing './lib/python3.5/site-packages/oslo_cache/locale/zh_CN/LC_MESSAGES'...
Listing './lib/python3.5/site-packages/oslo_cache/locale/zh_TW'...
Listing './lib/python3.5/site-packages/oslo_cache/locale/zh_TW/LC_MESSAGES'...
Listing './lib/python3.5/site-packages/oslo_cache/tests'...
Listing './lib/python3.5/site-packages/oslo_cache/tests/functional'...
Listing './lib/python3.5/site-packages/oslo_concurrency'...
Listing './lib/python3.5/site-packages/oslo_concurrency/fixture'...
Listing './lib/python3.5/site-packages/oslo_concurrency/locale'...
Listing './lib/python3.5/site-packages/oslo_concurrency/locale/de'...
Listing './lib/python3.5/site-packages/oslo_concurrency/locale/de/LC_MESSAGES'...
Listing './lib/python3.5/site-packages/oslo_concurrency/locale/en_GB'...
Listing './lib/python3.5/site-packages/oslo_concurrency/locale/en_GB/LC_MESSAGES'...
Listing './lib/python3.5/site-packages/oslo_concurrency/locale/es'...
Listing './lib/python3.5/site-packages/oslo_concurrency/locale/es/LC_MESSAGES'...
Listing './lib/python3.5/site-packages/oslo_concurrency/locale/fr'...
Listing './lib/python3.5/site-packages/oslo_concurrency/locale/fr/LC_MESSAGES'...
Listing './lib/python3.5/site-packages/oslo_concurrency/tests'...
Listing './lib/python3.5/site-packages/oslo_concurrency/tests/unit'...
Listing './lib/python3.5/site-packages/oslo_config'...
Listing './lib/python3.5/site-packages/oslo_config/tests'...
Listing './lib/python3.5/site-packages/oslo_config/tests/testmods'...
Listing './lib/python3.5/site-packages/oslo_context'...
Listing './lib/python3.5/site-packages/oslo_context/tests'...
Listing './lib/python3.5/site-packages/oslo_db'...
Listing './lib/python3.5/site-packages/oslo_db/locale'...
Listing './lib/python3.5/site-packages/oslo_db/locale/en_GB'...
Listing './lib/python3.5/site-packages/oslo_db/locale/en_GB/LC_MESSAGES'...
Listing './lib/python3.5/site-packages/oslo_db/locale/es'...
Listing './lib/python3.5/site-packages/oslo_db/locale/es/LC_MESSAGES'...
Listing './lib/python3.5/site-packages/oslo_db/locale/fr'...
Listing './lib/python3.5/site-packages/oslo_db/locale/fr/LC_MESSAGES'...
Listing './lib/python3.5/site-packages/oslo_db/sqlalchemy'...
Listing './lib/python3.5/site-packages/oslo_db/sqlalchemy/compat'...
Listing './lib/python3.5/site-packages/oslo_db/sqlalchemy/migration_cli'...
Listing './lib/python3.5/site-packages/oslo_db/tests'...
Listing './lib/python3.5/site-packages/oslo_db/tests/sqlalchemy'...
Listing './lib/python3.5/site-packages/oslo_i18n'...
Listing './lib/python3.5/site-packages/oslo_i18n/locale'...
Listing './lib/python3.5/site-packages/oslo_i18n/locale/de'...
Listing './lib/python3.5/site-packages/oslo_i18n/locale/de/LC_MESSAGES'...
Listing './lib/python3.5/site-packages/oslo_i18n/locale/en_GB'...
Listing './lib/python3.5/site-packages/oslo_i18n/locale/en_GB/LC_MESSAGES'...
Listing './lib/python3.5/site-packages/oslo_i18n/locale/es'...
Listing './lib/python3.5/site-packages/oslo_i18n/locale/es/LC_MESSAGES'...
Listing './lib/python3.5/site-packages/oslo_i18n/locale/fr'...
Listing './lib/python3.5/site-packages/oslo_i18n/locale/fr/LC_MESSAGES'...
Listing './lib/python3.5/site-packages/oslo_i18n/locale/it'...
Listing './lib/python3.5/site-packages/oslo_i18n/locale/it/LC_MESSAGES'...
Listing './lib/python3.5/site-packages/oslo_i18n/locale/ja'...
Listing './lib/python3.5/site-packages/oslo_i18n/locale/ja/LC_MESSAGES'...
Listing './lib/python3.5/site-packages/oslo_i18n/locale/ko_KR'...
Listing './lib/python3.5/site-packages/oslo_i18n/locale/ko_KR/LC_MESSAGES'...
Listing './lib/python3.5/site-packages/oslo_i18n/locale/pl_PL'...
Listing './lib/python3.5/site-packages/oslo_i18n/locale/pl_PL/LC_MESSAGES'...
Listing './lib/python3.5/site-packages/oslo_i18n/locale/pt'...
Listing './lib/python3.5/site-packages/oslo_i18n/locale/pt/LC_MESSAGES'...
Listing './lib/python3.5/site-packages/oslo_i18n/locale/zh_CN'...
Listing './lib/python3.5/site-packages/oslo_i18n/locale/zh_CN/LC_MESSAGES'...
Listing './lib/python3.5/site-packages/oslo_i18n/tests'...
Listing './lib/python3.5/site-packages/oslo_log'...
Listing './lib/python3.5/site-packages/oslo_log/cmds'...
Listing './lib/python3.5/site-packages/oslo_log/fixture'...
Listing './lib/python3.5/site-packages/oslo_log/locale'...
Listing './lib/python3.5/site-packages/oslo_log/locale/de'...
Listing './lib/python3.5/site-packages/oslo_log/locale/de/LC_MESSAGES'...
Listing './lib/python3.5/site-packages/oslo_log/locale/en_GB'...
Listing './lib/python3.5/site-packages/oslo_log/locale/en_GB/LC_MESSAGES'...
Listing './lib/python3.5/site-packages/oslo_log/locale/es'...
Listing './lib/python3.5/site-packages/oslo_log/locale/es/LC_MESSAGES'...
Listing './lib/python3.5/site-packages/oslo_log/locale/ja'...
Listing './lib/python3.5/site-packages/oslo_log/locale/ja/LC_MESSAGES'...
Listing './lib/python3.5/site-packages/oslo_log/tests'...
Listing './lib/python3.5/site-packages/oslo_log/tests/unit'...
Listing './lib/python3.5/site-packages/oslo_log/tests/unit/fixture'...
Listing './lib/python3.5/site-packages/oslo_messaging'...
Listing './lib/python3.5/site-packages/oslo_messaging/_cmd'...
Listing './lib/python3.5/site-packages/oslo_messaging/_drivers'...
Listing './lib/python3.5/site-packages/oslo_messaging/_drivers/amqp1_driver'...
Listing './lib/python3.5/site-packages/oslo_messaging/_drivers/kafka_driver'...
Listing './lib/python3.5/site-packages/oslo_messaging/_drivers/pika_driver'...
Listing './lib/python3.5/site-packages/oslo_messaging/_drivers/zmq_driver'...
Listing './lib/python3.5/site-packages/oslo_messaging/_drivers/zmq_driver/client'...
Listing './lib/python3.5/site-packages/oslo_messaging/_drivers/zmq_driver/client/publishers'...
Listing './lib/python3.5/site-packages/oslo_messaging/_drivers/zmq_driver/client/publishers/dealer'...
Listing './lib/python3.5/site-packages/oslo_messaging/_drivers/zmq_driver/matchmaker'...
Listing './lib/python3.5/site-packages/oslo_messaging/_drivers/zmq_driver/poller'...
Listing './lib/python3.5/site-packages/oslo_messaging/_drivers/zmq_driver/proxy'...
Listing './lib/python3.5/site-packages/oslo_messaging/_drivers/zmq_driver/proxy/central'...
Listing './lib/python3.5/site-packages/oslo_messaging/_drivers/zmq_driver/proxy/local'...
Listing './lib/python3.5/site-packages/oslo_messaging/_drivers/zmq_driver/server'...
Listing './lib/python3.5/site-packages/oslo_messaging/_drivers/zmq_driver/server/consumers'...
Listing './lib/python3.5/site-packages/oslo_messaging/hacking'...
Listing './lib/python3.5/site-packages/oslo_messaging/notify'...
Listing './lib/python3.5/site-packages/oslo_messaging/rpc'...
Listing './lib/python3.5/site-packages/oslo_messaging/tests'...
Listing './lib/python3.5/site-packages/oslo_messaging/tests/drivers'...
Listing './lib/python3.5/site-packages/oslo_messaging/tests/drivers/pika'...
Listing './lib/python3.5/site-packages/oslo_messaging/tests/drivers/zmq'...
Listing './lib/python3.5/site-packages/oslo_messaging/tests/drivers/zmq/matchmaker'...
Listing './lib/python3.5/site-packages/oslo_messaging/tests/functional'...
Listing './lib/python3.5/site-packages/oslo_messaging/tests/functional/notify'...
Listing './lib/python3.5/site-packages/oslo_messaging/tests/functional/zmq'...
Listing './lib/python3.5/site-packages/oslo_messaging/tests/notify'...
Listing './lib/python3.5/site-packages/oslo_messaging/tests/rpc'...
Listing './lib/python3.5/site-packages/oslo_middleware'...
Listing './lib/python3.5/site-packages/oslo_middleware/healthcheck'...
Listing './lib/python3.5/site-packages/oslo_middleware/locale'...
Listing './lib/python3.5/site-packages/oslo_middleware/locale/de'...
Listing './lib/python3.5/site-packages/oslo_middleware/locale/de/LC_MESSAGES'...
Listing './lib/python3.5/site-packages/oslo_middleware/locale/en_GB'...
Listing './lib/python3.5/site-packages/oslo_middleware/locale/en_GB/LC_MESSAGES'...
Listing './lib/python3.5/site-packages/oslo_middleware/locale/fr'...
Listing './lib/python3.5/site-packages/oslo_middleware/locale/fr/LC_MESSAGES'...
Listing './lib/python3.5/site-packages/oslo_middleware/tests'...
Listing './lib/python3.5/site-packages/oslo_policy'...
Listing './lib/python3.5/site-packages/oslo_policy/locale'...
Listing './lib/python3.5/site-packages/oslo_policy/locale/en_GB'...
Listing './lib/python3.5/site-packages/oslo_policy/locale/en_GB/LC_MESSAGES'...
Listing './lib/python3.5/site-packages/oslo_policy/tests'...
Listing './lib/python3.5/site-packages/oslo_serialization'...
Listing './lib/python3.5/site-packages/oslo_serialization/serializer'...
Listing './lib/python3.5/site-packages/oslo_serialization/tests'...
Listing './lib/python3.5/site-packages/oslo_service'...
Listing './lib/python3.5/site-packages/oslo_service/locale'...
Listing './lib/python3.5/site-packages/oslo_service/locale/en_GB'...
Listing './lib/python3.5/site-packages/oslo_service/locale/en_GB/LC_MESSAGES'...
Listing './lib/python3.5/site-packages/oslo_service/tests'...
Listing './lib/python3.5/site-packages/oslo_service/tests/ssl_cert'...
Listing './lib/python3.5/site-packages/oslo_utils'...
Listing './lib/python3.5/site-packages/oslo_utils/locale'...
Listing './lib/python3.5/site-packages/oslo_utils/locale/de'...
Listing './lib/python3.5/site-packages/oslo_utils/locale/de/LC_MESSAGES'...
Listing './lib/python3.5/site-packages/oslo_utils/locale/en_GB'...
Listing './lib/python3.5/site-packages/oslo_utils/locale/en_GB/LC_MESSAGES'...
Listing './lib/python3.5/site-packages/oslo_utils/locale/fr'...
Listing './lib/python3.5/site-packages/oslo_utils/locale/fr/LC_MESSAGES'...
Listing './lib/python3.5/site-packages/oslo_utils/tests'...
Listing './lib/python3.5/site-packages/oslo_utils/tests/fake'...
Listing './lib/python3.5/site-packages/oslo_utils/tests/fake/v2'...
Listing './lib/python3.5/site-packages/paste'...
Listing './lib/python3.5/site-packages/paste/auth'...
Listing './lib/python3.5/site-packages/paste/cowbell'...
Listing './lib/python3.5/site-packages/paste/debug'...
Listing './lib/python3.5/site-packages/paste/deploy'...
Listing './lib/python3.5/site-packages/paste/deploy/paster_templates'...
Listing './lib/python3.5/site-packages/paste/deploy/paster_templates/paste_deploy'...
Listing './lib/python3.5/site-packages/paste/deploy/paster_templates/paste_deploy/+package+'...
Listing './lib/python3.5/site-packages/paste/deploy/paster_templates/paste_deploy/docs'...
Listing './lib/python3.5/site-packages/paste/evalexception'...
Listing './lib/python3.5/site-packages/paste/evalexception/media'...
Listing './lib/python3.5/site-packages/paste/exceptions'...
Listing './lib/python3.5/site-packages/paste/util'...
Listing './lib/python3.5/site-packages/pbr'...
Listing './lib/python3.5/site-packages/pbr/cmd'...
Listing './lib/python3.5/site-packages/pbr/hooks'...
Listing './lib/python3.5/site-packages/pbr/tests'...
Listing './lib/python3.5/site-packages/pbr/tests/testpackage'...
Listing './lib/python3.5/site-packages/pbr/tests/testpackage/data_files'...
Listing './lib/python3.5/site-packages/pbr/tests/testpackage/doc'...
Listing './lib/python3.5/site-packages/pbr/tests/testpackage/doc/source'...
Listing './lib/python3.5/site-packages/pbr/tests/testpackage/pbr_testpackage'...
Listing './lib/python3.5/site-packages/pbr/tests/testpackage/pbr_testpackage/package_data'...
Listing './lib/python3.5/site-packages/pbr/tests/testpackage/src'...
Listing './lib/python3.5/site-packages/pbr-3.1.1.dist-info'...
Listing './lib/python3.5/site-packages/pecan'...
Listing './lib/python3.5/site-packages/pecan/commands'...
Listing './lib/python3.5/site-packages/pecan/compat'...
Listing './lib/python3.5/site-packages/pecan/ext'...
Listing './lib/python3.5/site-packages/pecan/middleware'...
Listing './lib/python3.5/site-packages/pecan/scaffolds'...
Listing './lib/python3.5/site-packages/pecan/scaffolds/base'...
Listing './lib/python3.5/site-packages/pecan/scaffolds/base/+package+'...
Listing './lib/python3.5/site-packages/pecan/scaffolds/base/+package+/controllers'...
Listing './lib/python3.5/site-packages/pecan/scaffolds/base/+package+/model'...
Listing './lib/python3.5/site-packages/pecan/scaffolds/base/+package+/templates'...
Listing './lib/python3.5/site-packages/pecan/scaffolds/base/+package+/tests'...
Listing './lib/python3.5/site-packages/pecan/scaffolds/base/public'...
Listing './lib/python3.5/site-packages/pecan/scaffolds/base/public/css'...
Listing './lib/python3.5/site-packages/pecan/scaffolds/base/public/images'...
Listing './lib/python3.5/site-packages/pecan/scaffolds/rest-api'...
Listing './lib/python3.5/site-packages/pecan/scaffolds/rest-api/+package+'...
Listing './lib/python3.5/site-packages/pecan/scaffolds/rest-api/+package+/controllers'...
Listing './lib/python3.5/site-packages/pecan/scaffolds/rest-api/+package+/model'...
Listing './lib/python3.5/site-packages/pecan/scaffolds/rest-api/+package+/tests'...
Listing './lib/python3.5/site-packages/pecan/tests'...
Listing './lib/python3.5/site-packages/pecan/tests/config_fixtures'...
Listing './lib/python3.5/site-packages/pecan/tests/config_fixtures/bad'...
Listing './lib/python3.5/site-packages/pecan/tests/middleware'...
Listing './lib/python3.5/site-packages/pecan/tests/middleware/static_fixtures'...
Listing './lib/python3.5/site-packages/pecan/tests/scaffold_fixtures'...
Listing './lib/python3.5/site-packages/pecan/tests/scaffold_fixtures/content_sub'...
Listing './lib/python3.5/site-packages/pecan/tests/scaffold_fixtures/content_sub/bar'...
Listing './lib/python3.5/site-packages/pecan/tests/scaffold_fixtures/file_sub'...
Listing './lib/python3.5/site-packages/pecan/tests/scaffold_fixtures/file_sub/bar_+package+'...
Listing './lib/python3.5/site-packages/pecan/tests/scaffold_fixtures/simple'...
Listing './lib/python3.5/site-packages/pecan/tests/scaffold_fixtures/simple/bar'...
Listing './lib/python3.5/site-packages/pecan/tests/templates'...
Listing './lib/python3.5/site-packages/pecan-1.2.1.egg-info'...
Listing './lib/python3.5/site-packages/pika'...
Listing './lib/python3.5/site-packages/pika/adapters'...
Listing './lib/python3.5/site-packages/pika-0.11.2.dist-info'...
Listing './lib/python3.5/site-packages/pika_pool-0.1.3.egg-info'...
Listing './lib/python3.5/site-packages/pip'...
Listing './lib/python3.5/site-packages/pip/_vendor'...
Listing './lib/python3.5/site-packages/pip/commands'...
Listing './lib/python3.5/site-packages/pip/compat'...
Listing './lib/python3.5/site-packages/pip/models'...
Listing './lib/python3.5/site-packages/pip/operations'...
Listing './lib/python3.5/site-packages/pip/req'...
Listing './lib/python3.5/site-packages/pip/utils'...
Listing './lib/python3.5/site-packages/pip/vcs'...
Listing './lib/python3.5/site-packages/pip-9.0.1.dist-info'...
Listing './lib/python3.5/site-packages/pkg_resources'...
Listing './lib/python3.5/site-packages/pkg_resources/_vendor'...
Listing './lib/python3.5/site-packages/pkg_resources/_vendor/packaging'...
Listing './lib/python3.5/site-packages/pkg_resources/extern'...
Listing './lib/python3.5/site-packages/pkg_resources-0.0.0.dist-info'...
Listing './lib/python3.5/site-packages/prettytable-0.7.2.egg-info'...
Listing './lib/python3.5/site-packages/pycadf'...
Listing './lib/python3.5/site-packages/pycadf/helper'...
Listing './lib/python3.5/site-packages/pycadf/tests'...
Listing './lib/python3.5/site-packages/pycadf/tests/helper'...
Listing './lib/python3.5/site-packages/pycadf-2.6.0.egg-info'...
Listing './lib/python3.5/site-packages/pyinotify-0.9.6.egg-info'...
Listing './lib/python3.5/site-packages/pyparsing-2.2.0.dist-info'...
Listing './lib/python3.5/site-packages/pyperclip'...
Listing './lib/python3.5/site-packages/pyperclip-1.6.0.egg-info'...
Listing './lib/python3.5/site-packages/python_ceilometerclient-2.9.0.dist-info'...
Listing './lib/python3.5/site-packages/python_dateutil-2.6.1.dist-info'...
Listing './lib/python3.5/site-packages/python_editor-1.0.3.egg-info'...
Listing './lib/python3.5/site-packages/python_keystoneclient-3.14.0.dist-info'...
Listing './lib/python3.5/site-packages/pytz'...
Listing './lib/python3.5/site-packages/pytz/zoneinfo'...
Listing './lib/python3.5/site-packages/pytz/zoneinfo/Africa'...
Listing './lib/python3.5/site-packages/pytz/zoneinfo/America'...
Listing './lib/python3.5/site-packages/pytz/zoneinfo/America/Argentina'...
Listing './lib/python3.5/site-packages/pytz/zoneinfo/America/Indiana'...
Listing './lib/python3.5/site-packages/pytz/zoneinfo/America/Kentucky'...
Listing './lib/python3.5/site-packages/pytz/zoneinfo/America/North_Dakota'...
Listing './lib/python3.5/site-packages/pytz/zoneinfo/Antarctica'...
Listing './lib/python3.5/site-packages/pytz/zoneinfo/Arctic'...
Listing './lib/python3.5/site-packages/pytz/zoneinfo/Asia'...
Listing './lib/python3.5/site-packages/pytz/zoneinfo/Atlantic'...
Listing './lib/python3.5/site-packages/pytz/zoneinfo/Australia'...
Listing './lib/python3.5/site-packages/pytz/zoneinfo/Brazil'...
Listing './lib/python3.5/site-packages/pytz/zoneinfo/Canada'...
Listing './lib/python3.5/site-packages/pytz/zoneinfo/Chile'...
Listing './lib/python3.5/site-packages/pytz/zoneinfo/Etc'...
Listing './lib/python3.5/site-packages/pytz/zoneinfo/Europe'...
Listing './lib/python3.5/site-packages/pytz/zoneinfo/Indian'...
Listing './lib/python3.5/site-packages/pytz/zoneinfo/Mexico'...
Listing './lib/python3.5/site-packages/pytz/zoneinfo/Pacific'...
Listing './lib/python3.5/site-packages/pytz/zoneinfo/US'...
Listing './lib/python3.5/site-packages/pytz-2017.3.dist-info'...
Listing './lib/python3.5/site-packages/repoze'...
Listing './lib/python3.5/site-packages/repoze/lru'...
Listing './lib/python3.5/site-packages/repoze.lru-0.7.dist-info'...
Listing './lib/python3.5/site-packages/requests'...
Listing './lib/python3.5/site-packages/requests-2.18.4.dist-info'...
Listing './lib/python3.5/site-packages/rfc3986'...
Listing './lib/python3.5/site-packages/rfc3986-1.1.0.dist-info'...
Listing './lib/python3.5/site-packages/routes'...
Listing './lib/python3.5/site-packages/setuptools'...
Listing './lib/python3.5/site-packages/setuptools/command'...
Listing './lib/python3.5/site-packages/setuptools/extern'...
Listing './lib/python3.5/site-packages/setuptools-32.3.1.dist-info'...
Listing './lib/python3.5/site-packages/simplegeneric-0.8.1.dist-info'...
Listing './lib/python3.5/site-packages/six-1.11.0.dist-info'...
Listing './lib/python3.5/site-packages/sqlalchemy'...
Listing './lib/python3.5/site-packages/sqlalchemy/connectors'...
Listing './lib/python3.5/site-packages/sqlalchemy/databases'...
Listing './lib/python3.5/site-packages/sqlalchemy/dialects'...
Listing './lib/python3.5/site-packages/sqlalchemy/dialects/firebird'...
Listing './lib/python3.5/site-packages/sqlalchemy/dialects/mssql'...
Listing './lib/python3.5/site-packages/sqlalchemy/dialects/mysql'...
Listing './lib/python3.5/site-packages/sqlalchemy/dialects/oracle'...
Listing './lib/python3.5/site-packages/sqlalchemy/dialects/postgresql'...
Listing './lib/python3.5/site-packages/sqlalchemy/dialects/sqlite'...
Listing './lib/python3.5/site-packages/sqlalchemy/dialects/sybase'...
Listing './lib/python3.5/site-packages/sqlalchemy/engine'...
Listing './lib/python3.5/site-packages/sqlalchemy/event'...
Listing './lib/python3.5/site-packages/sqlalchemy/ext'...
Listing './lib/python3.5/site-packages/sqlalchemy/ext/declarative'...
Listing './lib/python3.5/site-packages/sqlalchemy/orm'...
Listing './lib/python3.5/site-packages/sqlalchemy/sql'...
Listing './lib/python3.5/site-packages/sqlalchemy/testing'...
Listing './lib/python3.5/site-packages/sqlalchemy/testing/plugin'...
Listing './lib/python3.5/site-packages/sqlalchemy/testing/suite'...
Listing './lib/python3.5/site-packages/sqlalchemy/util'...
Listing './lib/python3.5/site-packages/sqlalchemy_migrate-0.11.0.egg-info'...
Listing './lib/python3.5/site-packages/sqlparse'...
Listing './lib/python3.5/site-packages/sqlparse/engine'...
Listing './lib/python3.5/site-packages/sqlparse/filters'...
Listing './lib/python3.5/site-packages/sqlparse-0.2.4.dist-info'...
Listing './lib/python3.5/site-packages/statsd'...
Listing './lib/python3.5/site-packages/statsd/defaults'...
Listing './lib/python3.5/site-packages/statsd-3.2.2.dist-info'...
Listing './lib/python3.5/site-packages/stevedore'...
Listing './lib/python3.5/site-packages/stevedore/example'...
Listing './lib/python3.5/site-packages/stevedore/example2'...
Listing './lib/python3.5/site-packages/stevedore/tests'...
Listing './lib/python3.5/site-packages/stevedore-1.28.0.dist-info'...
Listing './lib/python3.5/site-packages/tempita'...
Listing './lib/python3.5/site-packages/tenacity'...
Listing './lib/python3.5/site-packages/tenacity/tests'...
Listing './lib/python3.5/site-packages/tenacity-4.8.0.dist-info'...
Listing './lib/python3.5/site-packages/tooz'...
Listing './lib/python3.5/site-packages/tooz/drivers'...
Listing './lib/python3.5/site-packages/tooz/tests'...
Listing './lib/python3.5/site-packages/tooz/tests/drivers'...
Listing './lib/python3.5/site-packages/tooz-1.59.0.dist-info'...
Listing './lib/python3.5/site-packages/ujson-1.35.egg-info'...
Listing './lib/python3.5/site-packages/urllib3'...
Listing './lib/python3.5/site-packages/urllib3/contrib'...
Listing './lib/python3.5/site-packages/urllib3/contrib/_securetransport'...
Listing './lib/python3.5/site-packages/urllib3/packages'...
Listing './lib/python3.5/site-packages/urllib3/packages/backports'...
Listing './lib/python3.5/site-packages/urllib3/packages/ssl_match_hostname'...
Listing './lib/python3.5/site-packages/urllib3/util'...
Listing './lib/python3.5/site-packages/urllib3-1.22.dist-info'...
Listing './lib/python3.5/site-packages/vine'...
Listing './lib/python3.5/site-packages/vine-1.1.4.dist-info'...
Listing './lib/python3.5/site-packages/voluptuous'...
Listing './lib/python3.5/site-packages/voluptuous-0.10.5.egg-info'...
Listing './lib/python3.5/site-packages/waitress'...
Listing './lib/python3.5/site-packages/waitress/tests'...
Listing './lib/python3.5/site-packages/waitress/tests/fixtureapps'...
Listing './lib/python3.5/site-packages/waitress-1.1.0.dist-info'...
Listing './lib/python3.5/site-packages/webob'...
Listing './lib/python3.5/site-packages/webtest'...
Listing './lib/python3.5/site-packages/wrapt'...
Listing './lib/python3.5/site-packages/wrapt-1.10.11.egg-info'...
Listing './lib/python3.5/site-packages/wsme'...
Listing './lib/python3.5/site-packages/wsme/rest'...
Listing './lib/python3.5/site-packages/wsme/tests'...
Listing './lib/python3.5/site-packages/wsmeext'...
Listing './lib/python3.5/site-packages/wsmeext/extdirect'...
Listing './lib/python3.5/site-packages/wsmeext/soap'...
Listing './lib/python3.5/site-packages/wsmeext/sqlalchemy'...
Listing './lib/python3.5/site-packages/wsmeext/tests'...
Listing './lib/python3.5/site-packages/yaml'...
Listing './share'...
Listing './share/python-wheels'...
