Listing '.'...
Listing './bin'...
Compiling './bin/collection_information_client.py'...
Compiling './bin/discovery_client.py'...
Compiling './bin/discovery_client_10.py'...
Compiling './bin/feed_information_client_10.py'...
Compiling './bin/fulfillment_client.py'...
Compiling './bin/inbox_client.py'...
Compiling './bin/inbox_client_10.py'...
Compiling './bin/poll_client.py'...
Compiling './bin/poll_client_10.py'...
Compiling './bin/query_client.py'...
Compiling './bin/ramrod_update.py'...
Compiling './bin/stixtransclient.py'...
Compiling './bin/update_ns.py'...
Listing './include'...
Listing './lib'...
Listing './lib/python3.5'...
Listing './lib/python3.5/site-packages'...
Listing './lib/python3.5/site-packages/ConfigArgParse-0.12.0.egg-info'...
Listing './lib/python3.5/site-packages/certau'...
Listing './lib/python3.5/site-packages/certau/lib'...
Listing './lib/python3.5/site-packages/certau/lib/stix'...
Listing './lib/python3.5/site-packages/certau/lib/taxii'...
Listing './lib/python3.5/site-packages/certau/scripts'...
Listing './lib/python3.5/site-packages/certau/source'...
Listing './lib/python3.5/site-packages/certau/transform'...
Compiling './lib/python3.5/site-packages/certau/transform/base.py'...
***   File "./lib/python3.5/site-packages/certau/transform/base.py", line 369
    except TypeError, error:
                    ^
SyntaxError: invalid syntax

Listing './lib/python3.5/site-packages/certifi'...
Listing './lib/python3.5/site-packages/certifi-2017.11.5.dist-info'...
Listing './lib/python3.5/site-packages/chardet'...
Listing './lib/python3.5/site-packages/chardet/cli'...
Listing './lib/python3.5/site-packages/chardet-3.0.4.dist-info'...
Listing './lib/python3.5/site-packages/cti_toolkit-1.1.0-py3.5.egg-info'...
Listing './lib/python3.5/site-packages/cybox'...
Listing './lib/python3.5/site-packages/cybox/bindings'...
Listing './lib/python3.5/site-packages/cybox/bindings/extensions'...
Listing './lib/python3.5/site-packages/cybox/bindings/extensions/location'...
Listing './lib/python3.5/site-packages/cybox/common'...
Listing './lib/python3.5/site-packages/cybox/core'...
Listing './lib/python3.5/site-packages/cybox/objects'...
Listing './lib/python3.5/site-packages/cybox/test'...
Listing './lib/python3.5/site-packages/cybox/test/common'...
Listing './lib/python3.5/site-packages/cybox/test/core'...
Listing './lib/python3.5/site-packages/cybox/test/extensions'...
Listing './lib/python3.5/site-packages/cybox/test/extensions/location'...
Listing './lib/python3.5/site-packages/cybox/test/objects'...
Listing './lib/python3.5/site-packages/cybox/test/utils'...
Listing './lib/python3.5/site-packages/cybox/utils'...
Listing './lib/python3.5/site-packages/cybox-2.1.0.13.egg-info'...
Listing './lib/python3.5/site-packages/dateutil'...
Listing './lib/python3.5/site-packages/dateutil/tz'...
Listing './lib/python3.5/site-packages/dateutil/zoneinfo'...
Listing './lib/python3.5/site-packages/idna'...
Listing './lib/python3.5/site-packages/idna-2.6.dist-info'...
Listing './lib/python3.5/site-packages/jsonschema'...
Listing './lib/python3.5/site-packages/jsonschema/schemas'...
Listing './lib/python3.5/site-packages/jsonschema/tests'...
Listing './lib/python3.5/site-packages/jsonschema-2.6.0.dist-info'...
Listing './lib/python3.5/site-packages/libtaxii'...
Listing './lib/python3.5/site-packages/libtaxii/scripts'...
Listing './lib/python3.5/site-packages/libtaxii/test'...
Listing './lib/python3.5/site-packages/libtaxii/xsd'...
Listing './lib/python3.5/site-packages/libtaxii-1.1.111.dist-info'...
Listing './lib/python3.5/site-packages/lxml'...
Listing './lib/python3.5/site-packages/lxml/html'...
Listing './lib/python3.5/site-packages/lxml/includes'...
Listing './lib/python3.5/site-packages/lxml/includes/libexslt'...
Listing './lib/python3.5/site-packages/lxml/includes/libxml'...
Listing './lib/python3.5/site-packages/lxml/includes/libxslt'...
Listing './lib/python3.5/site-packages/lxml/isoschematron'...
Listing './lib/python3.5/site-packages/lxml/isoschematron/resources'...
Listing './lib/python3.5/site-packages/lxml/isoschematron/resources/rng'...
Listing './lib/python3.5/site-packages/lxml/isoschematron/resources/xsl'...
Listing './lib/python3.5/site-packages/lxml/isoschematron/resources/xsl/iso-schematron-xslt1'...
Listing './lib/python3.5/site-packages/lxml-4.1.1.dist-info'...
Listing './lib/python3.5/site-packages/mixbox'...
Listing './lib/python3.5/site-packages/mixbox/vendor'...
Listing './lib/python3.5/site-packages/mixbox-1.0.2.dist-info'...
Listing './lib/python3.5/site-packages/ordered_set-2.0.2.egg-info'...
Listing './lib/python3.5/site-packages/pip'...
Listing './lib/python3.5/site-packages/pip/_vendor'...
Listing './lib/python3.5/site-packages/pip/commands'...
Listing './lib/python3.5/site-packages/pip/compat'...
Listing './lib/python3.5/site-packages/pip/models'...
Listing './lib/python3.5/site-packages/pip/operations'...
Listing './lib/python3.5/site-packages/pip/req'...
Listing './lib/python3.5/site-packages/pip/utils'...
Listing './lib/python3.5/site-packages/pip/vcs'...
Listing './lib/python3.5/site-packages/pip-9.0.1.dist-info'...
Listing './lib/python3.5/site-packages/pkg_resources'...
Listing './lib/python3.5/site-packages/pkg_resources/_vendor'...
Listing './lib/python3.5/site-packages/pkg_resources/_vendor/packaging'...
Listing './lib/python3.5/site-packages/pkg_resources/extern'...
Listing './lib/python3.5/site-packages/pkg_resources-0.0.0.dist-info'...
Listing './lib/python3.5/site-packages/pymisp'...
Listing './lib/python3.5/site-packages/pymisp/data'...
Listing './lib/python3.5/site-packages/pymisp/data/misp-objects'...
Listing './lib/python3.5/site-packages/pymisp/data/misp-objects/objects'...
Listing './lib/python3.5/site-packages/pymisp/data/misp-objects/objects/ail-leak'...
Listing './lib/python3.5/site-packages/pymisp/data/misp-objects/objects/android-permission'...
Listing './lib/python3.5/site-packages/pymisp/data/misp-objects/objects/annotation'...
Listing './lib/python3.5/site-packages/pymisp/data/misp-objects/objects/asn'...
Listing './lib/python3.5/site-packages/pymisp/data/misp-objects/objects/av-signature'...
Listing './lib/python3.5/site-packages/pymisp/data/misp-objects/objects/coin-address'...
Listing './lib/python3.5/site-packages/pymisp/data/misp-objects/objects/cookie'...
Listing './lib/python3.5/site-packages/pymisp/data/misp-objects/objects/credential'...
Listing './lib/python3.5/site-packages/pymisp/data/misp-objects/objects/credit-card'...
Listing './lib/python3.5/site-packages/pymisp/data/misp-objects/objects/ddos'...
Listing './lib/python3.5/site-packages/pymisp/data/misp-objects/objects/diameter-attack'...
Listing './lib/python3.5/site-packages/pymisp/data/misp-objects/objects/domain-ip'...
Listing './lib/python3.5/site-packages/pymisp/data/misp-objects/objects/elf'...
Listing './lib/python3.5/site-packages/pymisp/data/misp-objects/objects/elf-section'...
Listing './lib/python3.5/site-packages/pymisp/data/misp-objects/objects/email'...
Listing './lib/python3.5/site-packages/pymisp/data/misp-objects/objects/file'...
Listing './lib/python3.5/site-packages/pymisp/data/misp-objects/objects/geolocation'...
Listing './lib/python3.5/site-packages/pymisp/data/misp-objects/objects/gtp-attack'...
Listing './lib/python3.5/site-packages/pymisp/data/misp-objects/objects/http-request'...
Listing './lib/python3.5/site-packages/pymisp/data/misp-objects/objects/ip-port'...
Listing './lib/python3.5/site-packages/pymisp/data/misp-objects/objects/ja3'...
Listing './lib/python3.5/site-packages/pymisp/data/misp-objects/objects/macho'...
Listing './lib/python3.5/site-packages/pymisp/data/misp-objects/objects/macho-section'...
Listing './lib/python3.5/site-packages/pymisp/data/misp-objects/objects/microblog'...
Listing './lib/python3.5/site-packages/pymisp/data/misp-objects/objects/netflow'...
Listing './lib/python3.5/site-packages/pymisp/data/misp-objects/objects/passive-dns'...
Listing './lib/python3.5/site-packages/pymisp/data/misp-objects/objects/paste'...
Listing './lib/python3.5/site-packages/pymisp/data/misp-objects/objects/pe'...
Listing './lib/python3.5/site-packages/pymisp/data/misp-objects/objects/pe-section'...
Listing './lib/python3.5/site-packages/pymisp/data/misp-objects/objects/person'...
Listing './lib/python3.5/site-packages/pymisp/data/misp-objects/objects/phone'...
Listing './lib/python3.5/site-packages/pymisp/data/misp-objects/objects/r2graphity'...
Listing './lib/python3.5/site-packages/pymisp/data/misp-objects/objects/regexp'...
Listing './lib/python3.5/site-packages/pymisp/data/misp-objects/objects/registry-key'...
Listing './lib/python3.5/site-packages/pymisp/data/misp-objects/objects/report'...
Listing './lib/python3.5/site-packages/pymisp/data/misp-objects/objects/rtir'...
Listing './lib/python3.5/site-packages/pymisp/data/misp-objects/objects/sandbox-report'...
Listing './lib/python3.5/site-packages/pymisp/data/misp-objects/objects/ss7-attack'...
Listing './lib/python3.5/site-packages/pymisp/data/misp-objects/objects/stix2-pattern'...
Listing './lib/python3.5/site-packages/pymisp/data/misp-objects/objects/tor-node'...
Listing './lib/python3.5/site-packages/pymisp/data/misp-objects/objects/url'...
Listing './lib/python3.5/site-packages/pymisp/data/misp-objects/objects/victim'...
Listing './lib/python3.5/site-packages/pymisp/data/misp-objects/objects/virustotal-report'...
Listing './lib/python3.5/site-packages/pymisp/data/misp-objects/objects/vulnerability'...
Listing './lib/python3.5/site-packages/pymisp/data/misp-objects/objects/whois'...
Listing './lib/python3.5/site-packages/pymisp/data/misp-objects/objects/x509'...
Listing './lib/python3.5/site-packages/pymisp/data/misp-objects/objects/yabin'...
Listing './lib/python3.5/site-packages/pymisp/data/misp-objects/relationships'...
Listing './lib/python3.5/site-packages/pymisp/tools'...
Listing './lib/python3.5/site-packages/pymisp-2.4.85.1-py3.5.egg-info'...
Listing './lib/python3.5/site-packages/python_dateutil-2.6.1.dist-info'...
Listing './lib/python3.5/site-packages/ramrod'...
Listing './lib/python3.5/site-packages/ramrod/cybox'...
Listing './lib/python3.5/site-packages/ramrod/stix'...
Listing './lib/python3.5/site-packages/ramrod/test'...
Listing './lib/python3.5/site-packages/ramrod/test/cybox'...
Listing './lib/python3.5/site-packages/ramrod/test/stix'...
Listing './lib/python3.5/site-packages/requests'...
Listing './lib/python3.5/site-packages/requests-2.18.4.dist-info'...
Listing './lib/python3.5/site-packages/setuptools'...
Listing './lib/python3.5/site-packages/setuptools/command'...
Listing './lib/python3.5/site-packages/setuptools/extern'...
Listing './lib/python3.5/site-packages/setuptools-38.4.0.dist-info'...
Listing './lib/python3.5/site-packages/six-1.11.0.dist-info'...
Listing './lib/python3.5/site-packages/stix'...
Listing './lib/python3.5/site-packages/stix/bindings'...
Listing './lib/python3.5/site-packages/stix/bindings/extensions'...
Listing './lib/python3.5/site-packages/stix/bindings/extensions/address'...
Listing './lib/python3.5/site-packages/stix/bindings/extensions/attack_pattern'...
Listing './lib/python3.5/site-packages/stix/bindings/extensions/identity'...
Listing './lib/python3.5/site-packages/stix/bindings/extensions/malware'...
Listing './lib/python3.5/site-packages/stix/bindings/extensions/marking'...
Listing './lib/python3.5/site-packages/stix/bindings/extensions/structured_coa'...
Listing './lib/python3.5/site-packages/stix/bindings/extensions/test_mechanism'...
Listing './lib/python3.5/site-packages/stix/bindings/extensions/vulnerability'...
Listing './lib/python3.5/site-packages/stix/campaign'...
Listing './lib/python3.5/site-packages/stix/coa'...
Listing './lib/python3.5/site-packages/stix/common'...
Listing './lib/python3.5/site-packages/stix/common/kill_chains'...
Listing './lib/python3.5/site-packages/stix/core'...
Listing './lib/python3.5/site-packages/stix/exploit_target'...
Listing './lib/python3.5/site-packages/stix/extensions'...
Listing './lib/python3.5/site-packages/stix/extensions/identity'...
Listing './lib/python3.5/site-packages/stix/extensions/malware'...
Listing './lib/python3.5/site-packages/stix/extensions/marking'...
Listing './lib/python3.5/site-packages/stix/extensions/structured_coa'...
Listing './lib/python3.5/site-packages/stix/extensions/test_mechanism'...
Listing './lib/python3.5/site-packages/stix/incident'...
Listing './lib/python3.5/site-packages/stix/indicator'...
Listing './lib/python3.5/site-packages/stix/test'...
Listing './lib/python3.5/site-packages/stix/test/common'...
Listing './lib/python3.5/site-packages/stix/test/core'...
Listing './lib/python3.5/site-packages/stix/test/extensions'...
Listing './lib/python3.5/site-packages/stix/test/extensions/identity'...
Listing './lib/python3.5/site-packages/stix/test/extensions/malware'...
Listing './lib/python3.5/site-packages/stix/test/extensions/marking'...
Listing './lib/python3.5/site-packages/stix/test/extensions/structured_coa'...
Listing './lib/python3.5/site-packages/stix/test/extensions/test_mechanisms'...
Listing './lib/python3.5/site-packages/stix/test/utils'...
Listing './lib/python3.5/site-packages/stix/threat_actor'...
Listing './lib/python3.5/site-packages/stix/ttp'...
Listing './lib/python3.5/site-packages/stix/utils'...
Listing './lib/python3.5/site-packages/stix-1.1.1.8.dist-info'...
Listing './lib/python3.5/site-packages/stix_ramrod-1.2.0.egg-info'...
Listing './lib/python3.5/site-packages/urllib3'...
Listing './lib/python3.5/site-packages/urllib3/contrib'...
Listing './lib/python3.5/site-packages/urllib3/contrib/_securetransport'...
Listing './lib/python3.5/site-packages/urllib3/packages'...
Listing './lib/python3.5/site-packages/urllib3/packages/backports'...
Listing './lib/python3.5/site-packages/urllib3/packages/ssl_match_hostname'...
Listing './lib/python3.5/site-packages/urllib3/util'...
Listing './lib/python3.5/site-packages/urllib3-1.22.dist-info'...
Listing './share'...
Listing './share/python-wheels'...
