Listing '.'...
Listing './bin'...
Listing './include'...
Listing './lib'...
Listing './lib/python3.5'...
Listing './lib/python3.5/site-packages'...
Listing './lib/python3.5/site-packages/dai'...
Compiling './lib/python3.5/site-packages/dai/device_query.py'...
***   File "./lib/python3.5/site-packages/dai/device_query.py", line 180
    print 'cudaRuntimeGetVersion() failed with error #%s' % rc
                                                        ^
SyntaxError: invalid syntax

Listing './lib/python3.5/site-packages/dai-0.3.75.egg-info'...
Listing './lib/python3.5/site-packages/ejson'...
Listing './lib/python3.5/site-packages/meteor_ejson-1.1.0.egg-info'...
Listing './lib/python3.5/site-packages/pip'...
Listing './lib/python3.5/site-packages/pip/_vendor'...
Listing './lib/python3.5/site-packages/pip/commands'...
Listing './lib/python3.5/site-packages/pip/compat'...
Listing './lib/python3.5/site-packages/pip/models'...
Listing './lib/python3.5/site-packages/pip/operations'...
Listing './lib/python3.5/site-packages/pip/req'...
Listing './lib/python3.5/site-packages/pip/utils'...
Listing './lib/python3.5/site-packages/pip/vcs'...
Listing './lib/python3.5/site-packages/pip-9.0.1.dist-info'...
Listing './lib/python3.5/site-packages/pkg_resources'...
Listing './lib/python3.5/site-packages/pkg_resources/_vendor'...
Listing './lib/python3.5/site-packages/pkg_resources/_vendor/packaging'...
Listing './lib/python3.5/site-packages/pkg_resources/extern'...
Listing './lib/python3.5/site-packages/pkg_resources-0.0.0.dist-info'...
Listing './lib/python3.5/site-packages/pyee'...
Listing './lib/python3.5/site-packages/pyee-5.0.0.dist-info'...
Listing './lib/python3.5/site-packages/python_ddp-0.1.5.egg-info'...
Listing './lib/python3.5/site-packages/setuptools'...
Listing './lib/python3.5/site-packages/setuptools/command'...
Listing './lib/python3.5/site-packages/setuptools/extern'...
Listing './lib/python3.5/site-packages/setuptools-32.3.1.dist-info'...
Listing './lib/python3.5/site-packages/sh-1.12.14.dist-info'...
Listing './lib/python3.5/site-packages/six-1.11.0.dist-info'...
Listing './lib/python3.5/site-packages/ws4py'...
Listing './lib/python3.5/site-packages/ws4py/client'...
Listing './lib/python3.5/site-packages/ws4py/server'...
Listing './lib/python3.5/site-packages/ws4py-0.4.3.egg-info'...
Listing './share'...
Listing './share/python-wheels'...
