Listing '.'...
Listing './bin'...
Listing './include'...
Listing './lib'...
Listing './lib/python3.5'...
Listing './lib/python3.5/site-packages'...
Listing './lib/python3.5/site-packages/dk_template-1.0.0.dist-info'...
Listing './lib/python3.5/site-packages/dktemplate'...
Compiling './lib/python3.5/site-packages/dktemplate/parse.py'...
***   File "./lib/python3.5/site-packages/dktemplate/parse.py", line 38
    print "STACK:...."
                     ^
SyntaxError: Missing parentheses in call to 'print'

Compiling './lib/python3.5/site-packages/dktemplate/render.py'...
***   File "./lib/python3.5/site-packages/dktemplate/render.py", line 28
    print '='*80
            ^
SyntaxError: Missing parentheses in call to 'print'

Compiling './lib/python3.5/site-packages/dktemplate/templatevars.py'...
***   File "./lib/python3.5/site-packages/dktemplate/templatevars.py", line 33
    print txt
            ^
SyntaxError: Missing parentheses in call to 'print'

Listing './lib/python3.5/site-packages/pip'...
Listing './lib/python3.5/site-packages/pip/_vendor'...
Listing './lib/python3.5/site-packages/pip/commands'...
Listing './lib/python3.5/site-packages/pip/compat'...
Listing './lib/python3.5/site-packages/pip/models'...
Listing './lib/python3.5/site-packages/pip/operations'...
Listing './lib/python3.5/site-packages/pip/req'...
Listing './lib/python3.5/site-packages/pip/utils'...
Listing './lib/python3.5/site-packages/pip/vcs'...
Listing './lib/python3.5/site-packages/pip-9.0.1.dist-info'...
Listing './lib/python3.5/site-packages/pkg_resources'...
Listing './lib/python3.5/site-packages/pkg_resources/_vendor'...
Listing './lib/python3.5/site-packages/pkg_resources/_vendor/packaging'...
Listing './lib/python3.5/site-packages/pkg_resources/extern'...
Listing './lib/python3.5/site-packages/pkg_resources-0.0.0.dist-info'...
Listing './lib/python3.5/site-packages/setuptools'...
Listing './lib/python3.5/site-packages/setuptools/command'...
Listing './lib/python3.5/site-packages/setuptools/extern'...
Listing './lib/python3.5/site-packages/setuptools-32.3.1.dist-info'...
Listing './share'...
Listing './share/python-wheels'...
