Listing '.'...
Listing './bin'...
Compiling './bin/androaxml.py'...
***   File "./bin/androaxml.py", line 49
    print "Unknown file type"
                            ^
SyntaxError: Missing parentheses in call to 'print'

Compiling './bin/androcsign.py'...
***   File "./bin/androcsign.py", line 57
    print "Androcsign version %s" % androconf.ANDROGUARD_VERSION
                                ^
SyntaxError: Missing parentheses in call to 'print'

Compiling './bin/androdd.py'...
***   File "./bin/androdd.py", line 69
    print "Dump information %s in %s" % (filename, output)
                                    ^
SyntaxError: invalid syntax

Compiling './bin/androdiff.py'...
***   File "./bin/androdiff.py", line 72
    print d1, dx1, d2, dx2
           ^
SyntaxError: Missing parentheses in call to 'print'

Compiling './bin/androgexf.py'...
***   File "./bin/androgexf.py", line 46
    print "INVALID APK"
                      ^
SyntaxError: Missing parentheses in call to 'print'

Compiling './bin/androgui.py'...
Compiling './bin/androlyze.py'...
***   File "./bin/androlyze.py", line 102
    print "PERM : ", perm
                  ^
SyntaxError: Missing parentheses in call to 'print'

Compiling './bin/androsign.py'...
***   File "./bin/androsign.py", line 42
    print "---->", ret[0]
                ^
SyntaxError: Missing parentheses in call to 'print'

Compiling './bin/androsim.py'...
***   File "./bin/androsim.py", line 63
    print "\t--> methods: %f%% of similarities" % el.get_similarity_value(new)
                                              ^
SyntaxError: invalid syntax

Compiling './bin/apkviewer.py'...
***   File "./bin/apkviewer.py", line 60
    print "INVALID APK"
                      ^
SyntaxError: Missing parentheses in call to 'print'

Listing './include'...
Listing './lib'...
Listing './lib/python3.5'...
Listing './lib/python3.5/site-packages'...
Listing './lib/python3.5/site-packages/androguard'...
Listing './lib/python3.5/site-packages/androguard/core'...
Listing './lib/python3.5/site-packages/androguard/core/analysis'...
Compiling './lib/python3.5/site-packages/androguard/core/analysis/analysis.py'...
***   File "./lib/python3.5/site-packages/androguard/core/analysis/analysis.py", line 116
    print "\t\t",
               ^
SyntaxError: Missing parentheses in call to 'print'

Compiling './lib/python3.5/site-packages/androguard/core/analysis/auto.py'...
***   File "./lib/python3.5/site-packages/androguard/core/analysis/auto.py", line 107
    except Exception, why:
                    ^
SyntaxError: invalid syntax

Compiling './lib/python3.5/site-packages/androguard/core/analysis/risk.py'...
***   File "./lib/python3.5/site-packages/androguard/core/analysis/risk.py", line 766
    print v.get_name(), v.get_class_name(), v.get_descriptor(), v.get_length(), score_order_sign[ v ]
          ^
SyntaxError: invalid syntax

Compiling './lib/python3.5/site-packages/androguard/core/androconf.py'...
***   File "./lib/python3.5/site-packages/androguard/core/androconf.py", line 180
    raise ValueError, 'the input must be an integer'
                    ^
SyntaxError: invalid syntax

Listing './lib/python3.5/site-packages/androguard/core/api_specific_resources'...
Listing './lib/python3.5/site-packages/androguard/core/api_specific_resources/aosp_permissions'...
Listing './lib/python3.5/site-packages/androguard/core/api_specific_resources/api_permission_mappings'...
Listing './lib/python3.5/site-packages/androguard/core/binaries'...
Compiling './lib/python3.5/site-packages/androguard/core/binaries/idapipe.py'...
***   File "./lib/python3.5/site-packages/androguard/core/binaries/idapipe.py", line 58
    print i
          ^
SyntaxError: Missing parentheses in call to 'print'

Compiling './lib/python3.5/site-packages/androguard/core/bytecode.py'...
***   File "./lib/python3.5/site-packages/androguard/core/bytecode.py", line 77
    print buff
             ^
SyntaxError: Missing parentheses in call to 'print'

Listing './lib/python3.5/site-packages/androguard/core/bytecodes'...
Compiling './lib/python3.5/site-packages/androguard/core/bytecodes/apk.py'...
***   File "./lib/python3.5/site-packages/androguard/core/bytecodes/apk.py", line 776
    print "FILES: "
                  ^
SyntaxError: Missing parentheses in call to 'print'

Compiling './lib/python3.5/site-packages/androguard/core/bytecodes/arm.py'...
***   File "./lib/python3.5/site-packages/androguard/core/bytecodes/arm.py", line 18
    print '-> Sections'
                      ^
SyntaxError: Missing parentheses in call to 'print'

Compiling './lib/python3.5/site-packages/androguard/core/bytecodes/dvm.py'...
***   File "./lib/python3.5/site-packages/androguard/core/bytecodes/dvm.py", line 2241
    print nb,
           ^
SyntaxError: Missing parentheses in call to 'print'

Listing './lib/python3.5/site-packages/androguard/core/data'...
Compiling './lib/python3.5/site-packages/androguard/core/data/data.py'...
***   File "./lib/python3.5/site-packages/androguard/core/data/data.py", line 90
    print self.gvmx.G
             ^
SyntaxError: Missing parentheses in call to 'print'

Listing './lib/python3.5/site-packages/androguard/core/debugger'...
Listing './lib/python3.5/site-packages/androguard/core/resources'...
Listing './lib/python3.5/site-packages/androguard/decompiler'...
Listing './lib/python3.5/site-packages/androguard/decompiler/dad'...
Compiling './lib/python3.5/site-packages/androguard/decompiler/dad/ast.py'...
***   File "./lib/python3.5/site-packages/androguard/decompiler/dad/ast.py", line 115
    buf.append('\u{:04x}'.format(ord(c)))
              ^
SyntaxError: (unicode error) 'unicodeescape' codec can't decode bytes in position 0-1: truncated \uXXXX escape

Compiling './lib/python3.5/site-packages/androguard/decompiler/dad/decompile.py'...
***   File "./lib/python3.5/site-packages/androguard/decompiler/dad/decompile.py", line 174
    print self.get_source()
             ^
SyntaxError: invalid syntax

Compiling './lib/python3.5/site-packages/androguard/decompiler/decompiler.py'...
***   File "./lib/python3.5/site-packages/androguard/decompiler/decompiler.py", line 121
    print self.get_source_method(method)
             ^
SyntaxError: invalid syntax

Listing './lib/python3.5/site-packages/androguard/gui'...
Compiling './lib/python3.5/site-packages/androguard/gui/helpers.py'...
***   File "./lib/python3.5/site-packages/androguard/gui/helpers.py", line 63
    print "WARNING: %s already a Lclass; name" % path
                                             ^
SyntaxError: Missing parentheses in call to 'print'

Compiling './lib/python3.5/site-packages/androguard/gui/mainwindow.py'...
***   File "./lib/python3.5/site-packages/androguard/gui/mainwindow.py", line 118
    except RuntimeError, e:
                       ^
SyntaxError: invalid syntax

Compiling './lib/python3.5/site-packages/androguard/gui/sourcewindow.py'...
***   File "./lib/python3.5/site-packages/androguard/gui/sourcewindow.py", line 196
    print t
          ^
SyntaxError: Missing parentheses in call to 'print'

Compiling './lib/python3.5/site-packages/androguard/gui/treewindow.py'...
***   File "./lib/python3.5/site-packages/androguard/gui/treewindow.py", line 101
    print current_analysis
                         ^
SyntaxError: Missing parentheses in call to 'print'

Listing './lib/python3.5/site-packages/androguard/patch'...
Compiling './lib/python3.5/site-packages/androguard/patch/zipfile.py'...
***   File "./lib/python3.5/site-packages/androguard/patch/zipfile.py", line 380
    raise RuntimeError, "Corrupt extra field %s"%(ln,)
                      ^
SyntaxError: invalid syntax

Listing './lib/python3.5/site-packages/androguard-3.0.1.egg-info'...
Listing './lib/python3.5/site-packages/androidviewclient-13.6.2.dist-info'...
Listing './lib/python3.5/site-packages/certifi'...
Listing './lib/python3.5/site-packages/certifi-2017.11.5.dist-info'...
Listing './lib/python3.5/site-packages/chardet'...
Listing './lib/python3.5/site-packages/chardet/cli'...
Listing './lib/python3.5/site-packages/chardet-3.0.4.dist-info'...
Listing './lib/python3.5/site-packages/com'...
Listing './lib/python3.5/site-packages/com/dtmilano'...
Listing './lib/python3.5/site-packages/com/dtmilano/android'...
Listing './lib/python3.5/site-packages/com/dtmilano/android/adb'...
Compiling './lib/python3.5/site-packages/com/dtmilano/android/adb/adbclient.py'...
***   File "./lib/python3.5/site-packages/com/dtmilano/android/adb/adbclient.py", line 253
    except socket.error, ex:
                       ^
SyntaxError: invalid syntax

Compiling './lib/python3.5/site-packages/com/dtmilano/android/culebron.py'...
***   File "./lib/python3.5/site-packages/com/dtmilano/android/culebron.py", line 1297
    print "adding rectangle:", x1, y1, x2, y2
                            ^
SyntaxError: Missing parentheses in call to 'print'

Listing './lib/python3.5/site-packages/com/dtmilano/android/robotframework'...
Listing './lib/python3.5/site-packages/com/dtmilano/android/uiautomator'...
Compiling './lib/python3.5/site-packages/com/dtmilano/android/uiautomator/uiautomatorhelper.py'...
***   File "./lib/python3.5/site-packages/com/dtmilano/android/uiautomator/uiautomatorhelper.py", line 127
    except RuntimeError, ex:
                       ^
SyntaxError: invalid syntax

Compiling './lib/python3.5/site-packages/com/dtmilano/android/viewclient.py'...
***   File "./lib/python3.5/site-packages/com/dtmilano/android/viewclient.py", line 388
    raise AttributeError, name
                        ^
SyntaxError: invalid syntax

Listing './lib/python3.5/site-packages/cycler-0.10.0.dist-info'...
Listing './lib/python3.5/site-packages/dateutil'...
Listing './lib/python3.5/site-packages/dateutil/tz'...
Listing './lib/python3.5/site-packages/dateutil/zoneinfo'...
Listing './lib/python3.5/site-packages/droidbot'...
Compiling './lib/python3.5/site-packages/droidbot/droidbot.py'...
***   File "./lib/python3.5/site-packages/droidbot/droidbot.py", line 61
    print "Error: DroidBot is not initiated!"
                                            ^
SyntaxError: Missing parentheses in call to 'print'

Listing './lib/python3.5/site-packages/droidbot/tests'...
Listing './lib/python3.5/site-packages/droidbot-1.0.0a2.egg-info'...
Listing './lib/python3.5/site-packages/droidbox_script'...
Compiling './lib/python3.5/site-packages/droidbox_script/bytecode.py'...
***   File "./lib/python3.5/site-packages/droidbox_script/bytecode.py", line 44
    print buff
             ^
SyntaxError: Missing parentheses in call to 'print'

Compiling './lib/python3.5/site-packages/droidbox_script/droidbox.py'...
***   File "./lib/python3.5/site-packages/droidbox_script/droidbox.py", line 188
    print " ____                        __  ____"
                                                ^
SyntaxError: Missing parentheses in call to 'print'

Compiling './lib/python3.5/site-packages/droidbox_script/utils.py'...
***   File "./lib/python3.5/site-packages/droidbox_script/utils.py", line 480
    raise ValueError, 'the input must be an integer'
                    ^
SyntaxError: invalid syntax

Listing './lib/python3.5/site-packages/idna'...
Listing './lib/python3.5/site-packages/idna-2.6.dist-info'...
Listing './lib/python3.5/site-packages/matplotlib'...
Listing './lib/python3.5/site-packages/matplotlib/.libs'...
Listing './lib/python3.5/site-packages/matplotlib/axes'...
Listing './lib/python3.5/site-packages/matplotlib/backends'...
Listing './lib/python3.5/site-packages/matplotlib/backends/qt_editor'...
Listing './lib/python3.5/site-packages/matplotlib/backends/web_backend'...
Listing './lib/python3.5/site-packages/matplotlib/backends/web_backend/css'...
Listing './lib/python3.5/site-packages/matplotlib/backends/web_backend/jquery'...
Listing './lib/python3.5/site-packages/matplotlib/backends/web_backend/jquery/css'...
Listing './lib/python3.5/site-packages/matplotlib/backends/web_backend/jquery/css/themes'...
Listing './lib/python3.5/site-packages/matplotlib/backends/web_backend/jquery/css/themes/base'...
Listing './lib/python3.5/site-packages/matplotlib/backends/web_backend/jquery/js'...
Listing './lib/python3.5/site-packages/matplotlib/backends/web_backend/js'...
Listing './lib/python3.5/site-packages/matplotlib/cbook'...
Listing './lib/python3.5/site-packages/matplotlib/compat'...
Listing './lib/python3.5/site-packages/matplotlib/mpl-data'...
Listing './lib/python3.5/site-packages/matplotlib/mpl-data/fonts'...
Listing './lib/python3.5/site-packages/matplotlib/mpl-data/fonts/afm'...
Listing './lib/python3.5/site-packages/matplotlib/mpl-data/fonts/pdfcorefonts'...
Listing './lib/python3.5/site-packages/matplotlib/mpl-data/fonts/ttf'...
Listing './lib/python3.5/site-packages/matplotlib/mpl-data/images'...
Listing './lib/python3.5/site-packages/matplotlib/mpl-data/sample_data'...
Listing './lib/python3.5/site-packages/matplotlib/mpl-data/sample_data/axes_grid'...
Listing './lib/python3.5/site-packages/matplotlib/mpl-data/stylelib'...
Listing './lib/python3.5/site-packages/matplotlib/projections'...
Listing './lib/python3.5/site-packages/matplotlib/sphinxext'...
Listing './lib/python3.5/site-packages/matplotlib/sphinxext/tests'...
Listing './lib/python3.5/site-packages/matplotlib/sphinxext/tests/tinypages'...
Listing './lib/python3.5/site-packages/matplotlib/sphinxext/tests/tinypages/_static'...
Listing './lib/python3.5/site-packages/matplotlib/style'...
Listing './lib/python3.5/site-packages/matplotlib/testing'...
Listing './lib/python3.5/site-packages/matplotlib/testing/_nose'...
Listing './lib/python3.5/site-packages/matplotlib/testing/_nose/plugins'...
Listing './lib/python3.5/site-packages/matplotlib/testing/jpl_units'...
Listing './lib/python3.5/site-packages/matplotlib/tests'...
Listing './lib/python3.5/site-packages/matplotlib/tri'...
Listing './lib/python3.5/site-packages/matplotlib-2.1.1.dist-info'...
Listing './lib/python3.5/site-packages/mpl_toolkits'...
Listing './lib/python3.5/site-packages/mpl_toolkits/axes_grid'...
Listing './lib/python3.5/site-packages/mpl_toolkits/axes_grid1'...
Listing './lib/python3.5/site-packages/mpl_toolkits/axisartist'...
Listing './lib/python3.5/site-packages/mpl_toolkits/mplot3d'...
Listing './lib/python3.5/site-packages/mpl_toolkits/tests'...
Listing './lib/python3.5/site-packages/mpl_toolkits/tests/baseline_images'...
Listing './lib/python3.5/site-packages/mpl_toolkits/tests/baseline_images/test_axes_grid'...
Listing './lib/python3.5/site-packages/mpl_toolkits/tests/baseline_images/test_axes_grid1'...
Listing './lib/python3.5/site-packages/mpl_toolkits/tests/baseline_images/test_mplot3d'...
Listing './lib/python3.5/site-packages/numpy'...
Listing './lib/python3.5/site-packages/numpy/.libs'...
Listing './lib/python3.5/site-packages/numpy/compat'...
Listing './lib/python3.5/site-packages/numpy/core'...
Listing './lib/python3.5/site-packages/numpy/core/include'...
Listing './lib/python3.5/site-packages/numpy/core/include/numpy'...
Listing './lib/python3.5/site-packages/numpy/core/lib'...
Listing './lib/python3.5/site-packages/numpy/core/lib/npy-pkg-config'...
Listing './lib/python3.5/site-packages/numpy/core/tests'...
Listing './lib/python3.5/site-packages/numpy/core/tests/data'...
Listing './lib/python3.5/site-packages/numpy/distutils'...
Listing './lib/python3.5/site-packages/numpy/distutils/command'...
Listing './lib/python3.5/site-packages/numpy/distutils/fcompiler'...
Listing './lib/python3.5/site-packages/numpy/distutils/mingw'...
Listing './lib/python3.5/site-packages/numpy/distutils/tests'...
Listing './lib/python3.5/site-packages/numpy/doc'...
Listing './lib/python3.5/site-packages/numpy/f2py'...
Listing './lib/python3.5/site-packages/numpy/f2py/src'...
Listing './lib/python3.5/site-packages/numpy/f2py/tests'...
Listing './lib/python3.5/site-packages/numpy/f2py/tests/src'...
Listing './lib/python3.5/site-packages/numpy/f2py/tests/src/array_from_pyobj'...
Listing './lib/python3.5/site-packages/numpy/f2py/tests/src/assumed_shape'...
Listing './lib/python3.5/site-packages/numpy/f2py/tests/src/common'...
Listing './lib/python3.5/site-packages/numpy/f2py/tests/src/kind'...
Listing './lib/python3.5/site-packages/numpy/f2py/tests/src/mixed'...
Listing './lib/python3.5/site-packages/numpy/f2py/tests/src/parameter'...
Listing './lib/python3.5/site-packages/numpy/f2py/tests/src/regression'...
Listing './lib/python3.5/site-packages/numpy/f2py/tests/src/size'...
Listing './lib/python3.5/site-packages/numpy/f2py/tests/src/string'...
Listing './lib/python3.5/site-packages/numpy/fft'...
Listing './lib/python3.5/site-packages/numpy/fft/tests'...
Listing './lib/python3.5/site-packages/numpy/lib'...
Listing './lib/python3.5/site-packages/numpy/lib/tests'...
Listing './lib/python3.5/site-packages/numpy/lib/tests/data'...
Listing './lib/python3.5/site-packages/numpy/linalg'...
Listing './lib/python3.5/site-packages/numpy/linalg/tests'...
Listing './lib/python3.5/site-packages/numpy/ma'...
Listing './lib/python3.5/site-packages/numpy/ma/tests'...
Listing './lib/python3.5/site-packages/numpy/matrixlib'...
Listing './lib/python3.5/site-packages/numpy/matrixlib/tests'...
Listing './lib/python3.5/site-packages/numpy/polynomial'...
Listing './lib/python3.5/site-packages/numpy/polynomial/tests'...
Listing './lib/python3.5/site-packages/numpy/random'...
Listing './lib/python3.5/site-packages/numpy/random/tests'...
Listing './lib/python3.5/site-packages/numpy/testing'...
Listing './lib/python3.5/site-packages/numpy/testing/nose_tools'...
Listing './lib/python3.5/site-packages/numpy/testing/tests'...
Listing './lib/python3.5/site-packages/numpy/tests'...
Listing './lib/python3.5/site-packages/numpy-1.14.0.dist-info'...
Listing './lib/python3.5/site-packages/pip'...
Listing './lib/python3.5/site-packages/pip/_vendor'...
Listing './lib/python3.5/site-packages/pip/commands'...
Listing './lib/python3.5/site-packages/pip/compat'...
Listing './lib/python3.5/site-packages/pip/models'...
Listing './lib/python3.5/site-packages/pip/operations'...
Listing './lib/python3.5/site-packages/pip/req'...
Listing './lib/python3.5/site-packages/pip/utils'...
Listing './lib/python3.5/site-packages/pip/vcs'...
Listing './lib/python3.5/site-packages/pip-9.0.1.dist-info'...
Listing './lib/python3.5/site-packages/pkg_resources'...
Listing './lib/python3.5/site-packages/pkg_resources/_vendor'...
Listing './lib/python3.5/site-packages/pkg_resources/_vendor/packaging'...
Listing './lib/python3.5/site-packages/pkg_resources/extern'...
Listing './lib/python3.5/site-packages/pkg_resources-0.0.0.dist-info'...
Listing './lib/python3.5/site-packages/pyparsing-2.2.0.dist-info'...
Listing './lib/python3.5/site-packages/python_dateutil-2.6.1.dist-info'...
Listing './lib/python3.5/site-packages/pytz'...
Listing './lib/python3.5/site-packages/pytz/zoneinfo'...
Listing './lib/python3.5/site-packages/pytz/zoneinfo/Africa'...
Listing './lib/python3.5/site-packages/pytz/zoneinfo/America'...
Listing './lib/python3.5/site-packages/pytz/zoneinfo/America/Argentina'...
Listing './lib/python3.5/site-packages/pytz/zoneinfo/America/Indiana'...
Listing './lib/python3.5/site-packages/pytz/zoneinfo/America/Kentucky'...
Listing './lib/python3.5/site-packages/pytz/zoneinfo/America/North_Dakota'...
Listing './lib/python3.5/site-packages/pytz/zoneinfo/Antarctica'...
Listing './lib/python3.5/site-packages/pytz/zoneinfo/Arctic'...
Listing './lib/python3.5/site-packages/pytz/zoneinfo/Asia'...
Listing './lib/python3.5/site-packages/pytz/zoneinfo/Atlantic'...
Listing './lib/python3.5/site-packages/pytz/zoneinfo/Australia'...
Listing './lib/python3.5/site-packages/pytz/zoneinfo/Brazil'...
Listing './lib/python3.5/site-packages/pytz/zoneinfo/Canada'...
Listing './lib/python3.5/site-packages/pytz/zoneinfo/Chile'...
Listing './lib/python3.5/site-packages/pytz/zoneinfo/Etc'...
Listing './lib/python3.5/site-packages/pytz/zoneinfo/Europe'...
Listing './lib/python3.5/site-packages/pytz/zoneinfo/Indian'...
Listing './lib/python3.5/site-packages/pytz/zoneinfo/Mexico'...
Listing './lib/python3.5/site-packages/pytz/zoneinfo/Pacific'...
Listing './lib/python3.5/site-packages/pytz/zoneinfo/US'...
Listing './lib/python3.5/site-packages/pytz-2017.3.dist-info'...
Listing './lib/python3.5/site-packages/requests'...
Listing './lib/python3.5/site-packages/requests-2.18.4.dist-info'...
Listing './lib/python3.5/site-packages/setuptools'...
Listing './lib/python3.5/site-packages/setuptools/command'...
Listing './lib/python3.5/site-packages/setuptools/extern'...
Listing './lib/python3.5/site-packages/setuptools-32.3.1.dist-info'...
Listing './lib/python3.5/site-packages/share'...
Listing './lib/python3.5/site-packages/share/pixmaps'...
Listing './lib/python3.5/site-packages/share/pixmaps/plugins'...
Listing './lib/python3.5/site-packages/share/pixmaps/plugins/android'...
Listing './lib/python3.5/site-packages/share/pixmaps/plugins/android/lib'...
Listing './lib/python3.5/site-packages/share/pixmaps/plugins/android/lib/device-art-resources'...
Listing './lib/python3.5/site-packages/share/pixmaps/plugins/android/lib/device-art-resources/samsung_s4'...
Listing './lib/python3.5/site-packages/six-1.11.0.dist-info'...
Listing './lib/python3.5/site-packages/urllib3'...
Listing './lib/python3.5/site-packages/urllib3/contrib'...
Listing './lib/python3.5/site-packages/urllib3/contrib/_securetransport'...
Listing './lib/python3.5/site-packages/urllib3/packages'...
Listing './lib/python3.5/site-packages/urllib3/packages/backports'...
Listing './lib/python3.5/site-packages/urllib3/packages/ssl_match_hostname'...
Listing './lib/python3.5/site-packages/urllib3/util'...
Listing './lib/python3.5/site-packages/urllib3-1.22.dist-info'...
Listing './share'...
Listing './share/python-wheels'...
