Listing '.'...
Listing './bin'...
Listing './include'...
Listing './lib'...
Listing './lib/python3.5'...
Listing './lib/python3.5/site-packages'...
Listing './lib/python3.5/site-packages/facade'...
Compiling './lib/python3.5/site-packages/facade/dll.py'...
***   File "./lib/python3.5/site-packages/facade/dll.py", line 5
    print "pip install cffi"
                           ^
SyntaxError: Missing parentheses in call to 'print'

Compiling './lib/python3.5/site-packages/facade/js.py'...
***   File "./lib/python3.5/site-packages/facade/js.py", line 5
    print "pip install jiphy"
                            ^
SyntaxError: Missing parentheses in call to 'print'

Compiling './lib/python3.5/site-packages/facade/pyv.py'...
***   File "./lib/python3.5/site-packages/facade/pyv.py", line 5
    print "pip install pyvue"
                            ^
SyntaxError: Missing parentheses in call to 'print'

Compiling './lib/python3.5/site-packages/facade/yaml.py'...
***   File "./lib/python3.5/site-packages/facade/yaml.py", line 5
    print "pip install yaml"
                           ^
SyntaxError: Missing parentheses in call to 'print'

Listing './lib/python3.5/site-packages/facade-0.1.6.egg-info'...
Listing './lib/python3.5/site-packages/pip'...
Listing './lib/python3.5/site-packages/pip/_vendor'...
Listing './lib/python3.5/site-packages/pip/commands'...
Listing './lib/python3.5/site-packages/pip/compat'...
Listing './lib/python3.5/site-packages/pip/models'...
Listing './lib/python3.5/site-packages/pip/operations'...
Listing './lib/python3.5/site-packages/pip/req'...
Listing './lib/python3.5/site-packages/pip/utils'...
Listing './lib/python3.5/site-packages/pip/vcs'...
Listing './lib/python3.5/site-packages/pip-9.0.1.dist-info'...
Listing './lib/python3.5/site-packages/pkg_resources'...
Listing './lib/python3.5/site-packages/pkg_resources/_vendor'...
Listing './lib/python3.5/site-packages/pkg_resources/_vendor/packaging'...
Listing './lib/python3.5/site-packages/pkg_resources/extern'...
Listing './lib/python3.5/site-packages/pkg_resources-0.0.0.dist-info'...
Listing './lib/python3.5/site-packages/setuptools'...
Listing './lib/python3.5/site-packages/setuptools/command'...
Listing './lib/python3.5/site-packages/setuptools/extern'...
Listing './lib/python3.5/site-packages/setuptools-32.3.1.dist-info'...
Listing './share'...
Listing './share/python-wheels'...
