Listing '.'...
Listing './bin'...
Listing './include'...
Listing './lib'...
Listing './lib/python3.5'...
Listing './lib/python3.5/site-packages'...
Listing './lib/python3.5/site-packages/fancytools'...
Listing './lib/python3.5/site-packages/fancytools/fcollections'...
Listing './lib/python3.5/site-packages/fancytools/filter'...
Listing './lib/python3.5/site-packages/fancytools/fit'...
Compiling './lib/python3.5/site-packages/fancytools/fit/fit2dArrayToFn.py'...
***   File "./lib/python3.5/site-packages/fancytools/fit/fit2dArrayToFn.py", line 58
    def fn((x, y), a, b):
           ^
SyntaxError: invalid syntax

Listing './lib/python3.5/site-packages/fancytools/geometry'...
Compiling './lib/python3.5/site-packages/fancytools/geometry/gridLinesFromVertices.py'...
***   File "./lib/python3.5/site-packages/fancytools/geometry/gridLinesFromVertices.py", line 45
    print h[0]
          ^
SyntaxError: Missing parentheses in call to 'print'

Listing './lib/python3.5/site-packages/fancytools/math'...
Compiling './lib/python3.5/site-packages/fancytools/math/MaskedMovingAverage.py'...
***   File "./lib/python3.5/site-packages/fancytools/math/MaskedMovingAverage.py", line 75
    print m.avg
          ^
SyntaxError: Missing parentheses in call to 'print'

Compiling './lib/python3.5/site-packages/fancytools/math/Point3D.py'...
***   File "./lib/python3.5/site-packages/fancytools/math/Point3D.py", line 62
    print p_proj.x, p_proj.y
               ^
SyntaxError: Missing parentheses in call to 'print'

Compiling './lib/python3.5/site-packages/fancytools/math/blockshaped.py'...
***   File "./lib/python3.5/site-packages/fancytools/math/blockshaped.py", line 70
    print c
          ^
SyntaxError: Missing parentheses in call to 'print'

Compiling './lib/python3.5/site-packages/fancytools/math/line.py'...
***   File "./lib/python3.5/site-packages/fancytools/math/line.py", line 382
    print angle2(l0,l1),888
               ^
SyntaxError: invalid syntax

Compiling './lib/python3.5/site-packages/fancytools/math/similarity1DdiffShapedArrays.py'...
***   File "./lib/python3.5/site-packages/fancytools/math/similarity1DdiffShapedArrays.py", line 68
    print similarity1DdiffShapedArrays(arr1, arr2)
                                     ^
SyntaxError: invalid syntax

Listing './lib/python3.5/site-packages/fancytools/os'...
Compiling './lib/python3.5/site-packages/fancytools/os/runAsAdmin.py'...
***   File "./lib/python3.5/site-packages/fancytools/os/runAsAdmin.py", line 42
    print target_dir, cmd, params
                   ^
SyntaxError: Missing parentheses in call to 'print'

Listing './lib/python3.5/site-packages/fancytools/pystructure'...
Compiling './lib/python3.5/site-packages/fancytools/pystructure/FallBack.py'...
***   File "./lib/python3.5/site-packages/fancytools/pystructure/FallBack.py", line 31
    print 'WARING: no %s class exists for %s yet ... continue using fallback' %(
                                                                            ^
SyntaxError: invalid syntax

Compiling './lib/python3.5/site-packages/fancytools/pystructure/GetCallablesInPackage.py'...
***   File "./lib/python3.5/site-packages/fancytools/pystructure/GetCallablesInPackage.py", line 156
    print g
          ^
SyntaxError: Missing parentheses in call to 'print'

Listing './lib/python3.5/site-packages/fancytools/pystructure/headerSetter'...
Compiling './lib/python3.5/site-packages/fancytools/pystructure/headerSetter/headerSetter.py'...
***   File "./lib/python3.5/site-packages/fancytools/pystructure/headerSetter/headerSetter.py", line 30
    print 'found %s py files in package %s' %(len(py_files), pkg_name)
                                          ^
SyntaxError: invalid syntax

Listing './lib/python3.5/site-packages/fancytools/pystructure/headerSetter/tests'...
Listing './lib/python3.5/site-packages/fancytools/pystructure/headerSetter/tests/testPackage'...
Listing './lib/python3.5/site-packages/fancytools/pystructure/headerSetter/tests/testPackage/pkg1'...
Compiling './lib/python3.5/site-packages/fancytools/pystructure/headerSetter/tests/testPackage/pkg1/mod3.py'...
***   File "./lib/python3.5/site-packages/fancytools/pystructure/headerSetter/tests/testPackage/pkg1/mod3.py", line 3
    print i
          ^
SyntaxError: Missing parentheses in call to 'print'

Listing './lib/python3.5/site-packages/fancytools/pystructure/headerSetter/tests/testPackage/pkg2'...
Compiling './lib/python3.5/site-packages/fancytools/pystructure/runAllInDir.py'...
***   File "./lib/python3.5/site-packages/fancytools/pystructure/runAllInDir.py", line 23
    print 'testing all modules of %s' %dir_path
                                    ^
SyntaxError: Missing parentheses in call to 'print'

Listing './lib/python3.5/site-packages/fancytools/render'...
Listing './lib/python3.5/site-packages/fancytools/similarity'...
Listing './lib/python3.5/site-packages/fancytools/spatial'...
Listing './lib/python3.5/site-packages/fancytools/stats'...
Compiling './lib/python3.5/site-packages/fancytools/stats/findBestDistribution.py'...
***   File "./lib/python3.5/site-packages/fancytools/stats/findBestDistribution.py", line 66
    print 'Best fit reached using {}, MLE value: {}'.format(best_fit[0].name, best_fit[1])
                                                   ^
SyntaxError: invalid syntax

Listing './lib/python3.5/site-packages/fancytools/utils'...
Compiling './lib/python3.5/site-packages/fancytools/utils/countLines.py'...
***   File "./lib/python3.5/site-packages/fancytools/utils/countLines.py", line 30
    print 'Check path %s' %cur_path
                        ^
SyntaxError: Missing parentheses in call to 'print'

Listing './lib/python3.5/site-packages/fancytools-0.3.1.dist-info'...
Listing './lib/python3.5/site-packages/fancywidgets'...
Listing './lib/python3.5/site-packages/fancywidgets/media'...
Listing './lib/python3.5/site-packages/fancywidgets/media/icons'...
Listing './lib/python3.5/site-packages/fancywidgets/media/icons/foundation-icon-fonts-3'...
Listing './lib/python3.5/site-packages/fancywidgets/pyQtBased'...
Compiling './lib/python3.5/site-packages/fancywidgets/pyQtBased/ArgSetter.py'...
***   File "./lib/python3.5/site-packages/fancywidgets/pyQtBased/ArgSetter.py", line 310
    print a.args
          ^
SyntaxError: Missing parentheses in call to 'print'

Compiling './lib/python3.5/site-packages/fancywidgets/pyQtBased/Table.py'...
***   File "./lib/python3.5/site-packages/fancywidgets/pyQtBased/Table.py", line 129
    print 'Cannot insert cells on multiple selections'
                                                     ^
SyntaxError: Missing parentheses in call to 'print'

Listing './lib/python3.5/site-packages/fancywidgets/pyqtgraphBased'...
Listing './lib/python3.5/site-packages/fancywidgets/pyqtgraphBased/parametertree'...
Listing './lib/python3.5/site-packages/fancywidgets-0.2.5.dist-info'...
Listing './lib/python3.5/site-packages/fwQtDesigner_plugins'...
Listing './lib/python3.5/site-packages/numpy'...
Listing './lib/python3.5/site-packages/numpy/.libs'...
Listing './lib/python3.5/site-packages/numpy/compat'...
Listing './lib/python3.5/site-packages/numpy/core'...
Listing './lib/python3.5/site-packages/numpy/core/include'...
Listing './lib/python3.5/site-packages/numpy/core/include/numpy'...
Listing './lib/python3.5/site-packages/numpy/core/lib'...
Listing './lib/python3.5/site-packages/numpy/core/lib/npy-pkg-config'...
Listing './lib/python3.5/site-packages/numpy/core/tests'...
Listing './lib/python3.5/site-packages/numpy/core/tests/data'...
Listing './lib/python3.5/site-packages/numpy/distutils'...
Listing './lib/python3.5/site-packages/numpy/distutils/command'...
Listing './lib/python3.5/site-packages/numpy/distutils/fcompiler'...
Listing './lib/python3.5/site-packages/numpy/distutils/mingw'...
Listing './lib/python3.5/site-packages/numpy/distutils/tests'...
Listing './lib/python3.5/site-packages/numpy/doc'...
Listing './lib/python3.5/site-packages/numpy/f2py'...
Listing './lib/python3.5/site-packages/numpy/f2py/src'...
Listing './lib/python3.5/site-packages/numpy/f2py/tests'...
Listing './lib/python3.5/site-packages/numpy/f2py/tests/src'...
Listing './lib/python3.5/site-packages/numpy/f2py/tests/src/array_from_pyobj'...
Listing './lib/python3.5/site-packages/numpy/f2py/tests/src/assumed_shape'...
Listing './lib/python3.5/site-packages/numpy/f2py/tests/src/common'...
Listing './lib/python3.5/site-packages/numpy/f2py/tests/src/kind'...
Listing './lib/python3.5/site-packages/numpy/f2py/tests/src/mixed'...
Listing './lib/python3.5/site-packages/numpy/f2py/tests/src/parameter'...
Listing './lib/python3.5/site-packages/numpy/f2py/tests/src/regression'...
Listing './lib/python3.5/site-packages/numpy/f2py/tests/src/size'...
Listing './lib/python3.5/site-packages/numpy/f2py/tests/src/string'...
Listing './lib/python3.5/site-packages/numpy/fft'...
Listing './lib/python3.5/site-packages/numpy/fft/tests'...
Listing './lib/python3.5/site-packages/numpy/lib'...
Listing './lib/python3.5/site-packages/numpy/lib/tests'...
Listing './lib/python3.5/site-packages/numpy/lib/tests/data'...
Listing './lib/python3.5/site-packages/numpy/linalg'...
Listing './lib/python3.5/site-packages/numpy/linalg/tests'...
Listing './lib/python3.5/site-packages/numpy/ma'...
Listing './lib/python3.5/site-packages/numpy/ma/tests'...
Listing './lib/python3.5/site-packages/numpy/matrixlib'...
Listing './lib/python3.5/site-packages/numpy/matrixlib/tests'...
Listing './lib/python3.5/site-packages/numpy/polynomial'...
Listing './lib/python3.5/site-packages/numpy/polynomial/tests'...
Listing './lib/python3.5/site-packages/numpy/random'...
Listing './lib/python3.5/site-packages/numpy/random/tests'...
Listing './lib/python3.5/site-packages/numpy/testing'...
Listing './lib/python3.5/site-packages/numpy/testing/nose_tools'...
Listing './lib/python3.5/site-packages/numpy/testing/tests'...
Listing './lib/python3.5/site-packages/numpy/tests'...
Listing './lib/python3.5/site-packages/numpy-1.14.0.dist-info'...
Listing './lib/python3.5/site-packages/pip'...
Listing './lib/python3.5/site-packages/pip/_vendor'...
Listing './lib/python3.5/site-packages/pip/commands'...
Listing './lib/python3.5/site-packages/pip/compat'...
Listing './lib/python3.5/site-packages/pip/models'...
Listing './lib/python3.5/site-packages/pip/operations'...
Listing './lib/python3.5/site-packages/pip/req'...
Listing './lib/python3.5/site-packages/pip/utils'...
Listing './lib/python3.5/site-packages/pip/vcs'...
Listing './lib/python3.5/site-packages/pip-9.0.1.dist-info'...
Listing './lib/python3.5/site-packages/pkg_resources'...
Listing './lib/python3.5/site-packages/pkg_resources/_vendor'...
Listing './lib/python3.5/site-packages/pkg_resources/_vendor/packaging'...
Listing './lib/python3.5/site-packages/pkg_resources/extern'...
Listing './lib/python3.5/site-packages/pkg_resources-0.0.0.dist-info'...
Listing './lib/python3.5/site-packages/pkginfo'...
Listing './lib/python3.5/site-packages/pkginfo/tests'...
Listing './lib/python3.5/site-packages/pkginfo-1.4.1.dist-info'...
Listing './lib/python3.5/site-packages/setuptools'...
Listing './lib/python3.5/site-packages/setuptools/command'...
Listing './lib/python3.5/site-packages/setuptools/extern'...
Listing './lib/python3.5/site-packages/setuptools-32.3.1.dist-info'...
Listing './share'...
Listing './share/python-wheels'...
