Listing '.'...
Listing './bin'...
Compiling './bin/pwiz.py'...
Listing './include'...
Listing './lib'...
Listing './lib/python3.5'...
Listing './lib/python3.5/site-packages'...
Listing './lib/python3.5/site-packages/.libs_cffi_backend'...
Listing './lib/python3.5/site-packages/Flask-0.12.2.dist-info'...
Listing './lib/python3.5/site-packages/Flask_Classful-0.14.1.dist-info'...
Listing './lib/python3.5/site-packages/Flask_Login-0.4.1.egg-info'...
Listing './lib/python3.5/site-packages/Jinja2-2.10.dist-info'...
Listing './lib/python3.5/site-packages/MarkupSafe-1.0.egg-info'...
Listing './lib/python3.5/site-packages/Werkzeug-0.14.1.dist-info'...
Listing './lib/python3.5/site-packages/arrow'...
Listing './lib/python3.5/site-packages/arrow-0.12.0.egg-info'...
Listing './lib/python3.5/site-packages/bcrypt'...
Listing './lib/python3.5/site-packages/bcrypt-3.1.4.dist-info'...
Listing './lib/python3.5/site-packages/blinker'...
Listing './lib/python3.5/site-packages/blinker-1.4.egg-info'...
Listing './lib/python3.5/site-packages/cffi'...
Listing './lib/python3.5/site-packages/cffi-1.11.3.dist-info'...
Listing './lib/python3.5/site-packages/click'...
Listing './lib/python3.5/site-packages/click-6.7.dist-info'...
Listing './lib/python3.5/site-packages/dateutil'...
Listing './lib/python3.5/site-packages/dateutil/tz'...
Listing './lib/python3.5/site-packages/dateutil/zoneinfo'...
Listing './lib/python3.5/site-packages/flask'...
Listing './lib/python3.5/site-packages/flask/ext'...
Listing './lib/python3.5/site-packages/flask_login'...
Listing './lib/python3.5/site-packages/flask_marshmallow'...
Listing './lib/python3.5/site-packages/flask_marshmallow-0.8.0.dist-info'...
Listing './lib/python3.5/site-packages/fleaker'...
Listing './lib/python3.5/site-packages/fleaker/marshmallow'...
Listing './lib/python3.5/site-packages/fleaker/marshmallow/fields'...
Listing './lib/python3.5/site-packages/fleaker/peewee'...
Listing './lib/python3.5/site-packages/fleaker/peewee/fields'...
Listing './lib/python3.5/site-packages/fleaker/peewee/mixins'...
Listing './lib/python3.5/site-packages/fleaker/peewee/mixins/time'...
Listing './lib/python3.5/site-packages/fleaker-0.4.3.egg-info'...
Listing './lib/python3.5/site-packages/itsdangerous-0.24.egg-info'...
Listing './lib/python3.5/site-packages/jinja2'...
Compiling './lib/python3.5/site-packages/jinja2/asyncfilters.py'...
***   File "./lib/python3.5/site-packages/jinja2/asyncfilters.py", line 24
    yield item
    ^
SyntaxError: 'yield' inside async function

Compiling './lib/python3.5/site-packages/jinja2/asyncsupport.py'...
***   File "./lib/python3.5/site-packages/jinja2/asyncsupport.py", line 35
    yield event
    ^
SyntaxError: 'yield' inside async function

Listing './lib/python3.5/site-packages/markupsafe'...
Listing './lib/python3.5/site-packages/marshmallow'...
Listing './lib/python3.5/site-packages/marshmallow-2.15.0.dist-info'...
Listing './lib/python3.5/site-packages/marshmallow_jsonschema'...
Listing './lib/python3.5/site-packages/marshmallow_jsonschema-0.5.0.egg-info'...
Listing './lib/python3.5/site-packages/peewee-2.10.2.egg-info'...
Listing './lib/python3.5/site-packages/pendulum'...
Listing './lib/python3.5/site-packages/pendulum/_extensions'...
Listing './lib/python3.5/site-packages/pendulum/formatting'...
Listing './lib/python3.5/site-packages/pendulum/lang'...
Listing './lib/python3.5/site-packages/pendulum/mixins'...
Listing './lib/python3.5/site-packages/pendulum/parsing'...
Listing './lib/python3.5/site-packages/pendulum/parsing/exceptions'...
Listing './lib/python3.5/site-packages/pendulum/tz'...
Listing './lib/python3.5/site-packages/pendulum-1.3.2.dist-info'...
Listing './lib/python3.5/site-packages/phonenumbers'...
Listing './lib/python3.5/site-packages/phonenumbers/carrierdata'...
Listing './lib/python3.5/site-packages/phonenumbers/data'...
Listing './lib/python3.5/site-packages/phonenumbers/geodata'...
Listing './lib/python3.5/site-packages/phonenumbers/shortdata'...
Listing './lib/python3.5/site-packages/phonenumbers/tzdata'...
Listing './lib/python3.5/site-packages/phonenumbers-8.8.9.dist-info'...
Listing './lib/python3.5/site-packages/pip'...
Listing './lib/python3.5/site-packages/pip/_vendor'...
Listing './lib/python3.5/site-packages/pip/commands'...
Listing './lib/python3.5/site-packages/pip/compat'...
Listing './lib/python3.5/site-packages/pip/models'...
Listing './lib/python3.5/site-packages/pip/operations'...
Listing './lib/python3.5/site-packages/pip/req'...
Listing './lib/python3.5/site-packages/pip/utils'...
Listing './lib/python3.5/site-packages/pip/vcs'...
Listing './lib/python3.5/site-packages/pip-9.0.1.dist-info'...
Listing './lib/python3.5/site-packages/pkg_resources'...
Listing './lib/python3.5/site-packages/pkg_resources/_vendor'...
Listing './lib/python3.5/site-packages/pkg_resources/_vendor/packaging'...
Listing './lib/python3.5/site-packages/pkg_resources/extern'...
Listing './lib/python3.5/site-packages/pkg_resources-0.0.0.dist-info'...
Listing './lib/python3.5/site-packages/playhouse'...
Listing './lib/python3.5/site-packages/pycparser'...
Listing './lib/python3.5/site-packages/pycparser/ply'...
Listing './lib/python3.5/site-packages/pycparser-2.18.egg-info'...
Listing './lib/python3.5/site-packages/python_dateutil-2.6.1.dist-info'...
Listing './lib/python3.5/site-packages/pytz'...
Listing './lib/python3.5/site-packages/pytz/zoneinfo'...
Listing './lib/python3.5/site-packages/pytz/zoneinfo/Africa'...
Listing './lib/python3.5/site-packages/pytz/zoneinfo/America'...
Listing './lib/python3.5/site-packages/pytz/zoneinfo/America/Argentina'...
Listing './lib/python3.5/site-packages/pytz/zoneinfo/America/Indiana'...
Listing './lib/python3.5/site-packages/pytz/zoneinfo/America/Kentucky'...
Listing './lib/python3.5/site-packages/pytz/zoneinfo/America/North_Dakota'...
Listing './lib/python3.5/site-packages/pytz/zoneinfo/Antarctica'...
Listing './lib/python3.5/site-packages/pytz/zoneinfo/Arctic'...
Listing './lib/python3.5/site-packages/pytz/zoneinfo/Asia'...
Listing './lib/python3.5/site-packages/pytz/zoneinfo/Atlantic'...
Listing './lib/python3.5/site-packages/pytz/zoneinfo/Australia'...
Listing './lib/python3.5/site-packages/pytz/zoneinfo/Brazil'...
Listing './lib/python3.5/site-packages/pytz/zoneinfo/Canada'...
Listing './lib/python3.5/site-packages/pytz/zoneinfo/Chile'...
Listing './lib/python3.5/site-packages/pytz/zoneinfo/Etc'...
Listing './lib/python3.5/site-packages/pytz/zoneinfo/Europe'...
Listing './lib/python3.5/site-packages/pytz/zoneinfo/Indian'...
Listing './lib/python3.5/site-packages/pytz/zoneinfo/Mexico'...
Listing './lib/python3.5/site-packages/pytz/zoneinfo/Pacific'...
Listing './lib/python3.5/site-packages/pytz/zoneinfo/US'...
Listing './lib/python3.5/site-packages/pytz-2017.3.dist-info'...
Listing './lib/python3.5/site-packages/pytzdata'...
Listing './lib/python3.5/site-packages/pytzdata/commands'...
Listing './lib/python3.5/site-packages/pytzdata/zoneinfo'...
Listing './lib/python3.5/site-packages/pytzdata/zoneinfo/Africa'...
Listing './lib/python3.5/site-packages/pytzdata/zoneinfo/America'...
Listing './lib/python3.5/site-packages/pytzdata/zoneinfo/America/Argentina'...
Listing './lib/python3.5/site-packages/pytzdata/zoneinfo/America/Indiana'...
Listing './lib/python3.5/site-packages/pytzdata/zoneinfo/America/Kentucky'...
Listing './lib/python3.5/site-packages/pytzdata/zoneinfo/America/North_Dakota'...
Listing './lib/python3.5/site-packages/pytzdata/zoneinfo/Antarctica'...
Listing './lib/python3.5/site-packages/pytzdata/zoneinfo/Arctic'...
Listing './lib/python3.5/site-packages/pytzdata/zoneinfo/Asia'...
Listing './lib/python3.5/site-packages/pytzdata/zoneinfo/Atlantic'...
Listing './lib/python3.5/site-packages/pytzdata/zoneinfo/Australia'...
Listing './lib/python3.5/site-packages/pytzdata/zoneinfo/Brazil'...
Listing './lib/python3.5/site-packages/pytzdata/zoneinfo/Canada'...
Listing './lib/python3.5/site-packages/pytzdata/zoneinfo/Chile'...
Listing './lib/python3.5/site-packages/pytzdata/zoneinfo/Etc'...
Listing './lib/python3.5/site-packages/pytzdata/zoneinfo/Europe'...
Listing './lib/python3.5/site-packages/pytzdata/zoneinfo/Indian'...
Listing './lib/python3.5/site-packages/pytzdata/zoneinfo/Mexico'...
Listing './lib/python3.5/site-packages/pytzdata/zoneinfo/Pacific'...
Listing './lib/python3.5/site-packages/pytzdata/zoneinfo/US'...
Listing './lib/python3.5/site-packages/pytzdata-2017.3.1.dist-info'...
Listing './lib/python3.5/site-packages/setuptools'...
Listing './lib/python3.5/site-packages/setuptools/command'...
Listing './lib/python3.5/site-packages/setuptools/extern'...
Listing './lib/python3.5/site-packages/setuptools-32.3.1.dist-info'...
Listing './lib/python3.5/site-packages/simplejson'...
Listing './lib/python3.5/site-packages/simplejson/tests'...
Listing './lib/python3.5/site-packages/simplejson-3.13.2.egg-info'...
Listing './lib/python3.5/site-packages/six-1.11.0.dist-info'...
Listing './lib/python3.5/site-packages/tzlocal'...
Listing './lib/python3.5/site-packages/tzlocal/test_data'...
Listing './lib/python3.5/site-packages/tzlocal/test_data/localtime'...
Listing './lib/python3.5/site-packages/tzlocal/test_data/localtime/etc'...
Listing './lib/python3.5/site-packages/tzlocal/test_data/symlink_localtime'...
Listing './lib/python3.5/site-packages/tzlocal/test_data/symlink_localtime/etc'...
Listing './lib/python3.5/site-packages/tzlocal/test_data/symlink_localtime/usr'...
Listing './lib/python3.5/site-packages/tzlocal/test_data/symlink_localtime/usr/share'...
Listing './lib/python3.5/site-packages/tzlocal/test_data/symlink_localtime/usr/share/zoneinfo'...
Listing './lib/python3.5/site-packages/tzlocal/test_data/symlink_localtime/usr/share/zoneinfo/Africa'...
Listing './lib/python3.5/site-packages/tzlocal/test_data/timezone'...
Listing './lib/python3.5/site-packages/tzlocal/test_data/timezone/etc'...
Listing './lib/python3.5/site-packages/tzlocal/test_data/timezone_setting'...
Listing './lib/python3.5/site-packages/tzlocal/test_data/timezone_setting/etc'...
Listing './lib/python3.5/site-packages/tzlocal/test_data/timezone_setting/etc/conf.d'...
Listing './lib/python3.5/site-packages/tzlocal/test_data/vardbzoneinfo'...
Listing './lib/python3.5/site-packages/tzlocal/test_data/vardbzoneinfo/var'...
Listing './lib/python3.5/site-packages/tzlocal/test_data/vardbzoneinfo/var/db'...
Listing './lib/python3.5/site-packages/tzlocal/test_data/zone_setting'...
Listing './lib/python3.5/site-packages/tzlocal/test_data/zone_setting/etc'...
Listing './lib/python3.5/site-packages/tzlocal/test_data/zone_setting/etc/sysconfig'...
Listing './lib/python3.5/site-packages/tzlocal-1.5.1.egg-info'...
Listing './lib/python3.5/site-packages/werkzeug'...
Listing './lib/python3.5/site-packages/werkzeug/contrib'...
Listing './lib/python3.5/site-packages/werkzeug/debug'...
Listing './lib/python3.5/site-packages/werkzeug/debug/shared'...
Listing './share'...
Listing './share/python-wheels'...
