Listing '.'...
Listing './bin'...
Listing './include'...
Listing './lib'...
Listing './lib/python3.5'...
Listing './lib/python3.5/site-packages'...
Listing './lib/python3.5/site-packages/Babel-2.5.1.dist-info'...
Listing './lib/python3.5/site-packages/Flask-0.12.2.dist-info'...
Listing './lib/python3.5/site-packages/Flask_Assets-0.12.egg-info'...
Listing './lib/python3.5/site-packages/Flask_Babel-0.11.2.dist-info'...
Listing './lib/python3.5/site-packages/Flask_Cache-0.13.1.egg-info'...
Listing './lib/python3.5/site-packages/Flask_DebugToolbar-0.10.1.dist-info'...
Listing './lib/python3.5/site-packages/Flask_Fulfil-0.2.1.egg-info'...
Listing './lib/python3.5/site-packages/Flask_Login-0.4.1.egg-info'...
Listing './lib/python3.5/site-packages/Flask_Redis-0.3.0.dist-info'...
Listing './lib/python3.5/site-packages/Flask_Session-0.3.1.dist-info'...
Listing './lib/python3.5/site-packages/Flask_Themes2-0.1.4.egg-info'...
Listing './lib/python3.5/site-packages/Flask_WTF-0.14.2.dist-info'...
Listing './lib/python3.5/site-packages/Fulfil_Shop-0.1.dev3.egg-info'...
Listing './lib/python3.5/site-packages/Jinja2-2.10.dist-info'...
Listing './lib/python3.5/site-packages/MarkupSafe-1.0.egg-info'...
Listing './lib/python3.5/site-packages/PyJWT-1.5.3.dist-info'...
Listing './lib/python3.5/site-packages/WTForms-2.1.egg-info'...
Listing './lib/python3.5/site-packages/Werkzeug-0.14.1.dist-info'...
Listing './lib/python3.5/site-packages/babel'...
Listing './lib/python3.5/site-packages/babel/locale-data'...
Listing './lib/python3.5/site-packages/babel/localtime'...
Listing './lib/python3.5/site-packages/babel/messages'...
Listing './lib/python3.5/site-packages/blinker'...
Listing './lib/python3.5/site-packages/blinker-1.4.egg-info'...
Listing './lib/python3.5/site-packages/certifi'...
Listing './lib/python3.5/site-packages/certifi-2017.11.5.dist-info'...
Listing './lib/python3.5/site-packages/chardet'...
Listing './lib/python3.5/site-packages/chardet/cli'...
Listing './lib/python3.5/site-packages/chardet-3.0.4.dist-info'...
Listing './lib/python3.5/site-packages/click'...
Listing './lib/python3.5/site-packages/click-6.7.dist-info'...
Listing './lib/python3.5/site-packages/cssmin-0.2.0.egg-info'...
Listing './lib/python3.5/site-packages/cssselect'...
Listing './lib/python3.5/site-packages/cssselect-1.0.3.dist-info'...
Listing './lib/python3.5/site-packages/cssutils'...
Listing './lib/python3.5/site-packages/cssutils/css'...
Listing './lib/python3.5/site-packages/cssutils/scripts'...
Listing './lib/python3.5/site-packages/cssutils/stylesheets'...
Listing './lib/python3.5/site-packages/cssutils/tests'...
Listing './lib/python3.5/site-packages/cssutils/tests/sheets'...
Listing './lib/python3.5/site-packages/cssutils/tests/sheets/images'...
Listing './lib/python3.5/site-packages/cssutils/tests/sheets/import'...
Listing './lib/python3.5/site-packages/cssutils/tests/sheets/import/images2'...
Listing './lib/python3.5/site-packages/cssutils/tests/sheets/var'...
Listing './lib/python3.5/site-packages/cssutils/tests/test_encutils'...
Listing './lib/python3.5/site-packages/cssutils-1.0.2.dist-info'...
Listing './lib/python3.5/site-packages/encutils'...
Listing './lib/python3.5/site-packages/flask'...
Listing './lib/python3.5/site-packages/flask/ext'...
Listing './lib/python3.5/site-packages/flask_babel'...
Listing './lib/python3.5/site-packages/flask_cache'...
Listing './lib/python3.5/site-packages/flask_debugtoolbar'...
Listing './lib/python3.5/site-packages/flask_debugtoolbar/panels'...
Listing './lib/python3.5/site-packages/flask_debugtoolbar/static'...
Listing './lib/python3.5/site-packages/flask_debugtoolbar/static/codemirror'...
Listing './lib/python3.5/site-packages/flask_debugtoolbar/static/codemirror/mode'...
Listing './lib/python3.5/site-packages/flask_debugtoolbar/static/codemirror/mode/clike'...
Listing './lib/python3.5/site-packages/flask_debugtoolbar/static/codemirror/mode/clojure'...
Listing './lib/python3.5/site-packages/flask_debugtoolbar/static/codemirror/mode/coffeescript'...
Listing './lib/python3.5/site-packages/flask_debugtoolbar/static/codemirror/mode/css'...
Listing './lib/python3.5/site-packages/flask_debugtoolbar/static/codemirror/mode/diff'...
Listing './lib/python3.5/site-packages/flask_debugtoolbar/static/codemirror/mode/ecl'...
Listing './lib/python3.5/site-packages/flask_debugtoolbar/static/codemirror/mode/gfm'...
Listing './lib/python3.5/site-packages/flask_debugtoolbar/static/codemirror/mode/go'...
Listing './lib/python3.5/site-packages/flask_debugtoolbar/static/codemirror/mode/groovy'...
Listing './lib/python3.5/site-packages/flask_debugtoolbar/static/codemirror/mode/haskell'...
Listing './lib/python3.5/site-packages/flask_debugtoolbar/static/codemirror/mode/htmlembedded'...
Listing './lib/python3.5/site-packages/flask_debugtoolbar/static/codemirror/mode/htmlmixed'...
Listing './lib/python3.5/site-packages/flask_debugtoolbar/static/codemirror/mode/javascript'...
Listing './lib/python3.5/site-packages/flask_debugtoolbar/static/codemirror/mode/jinja2'...
Listing './lib/python3.5/site-packages/flask_debugtoolbar/static/codemirror/mode/less'...
Listing './lib/python3.5/site-packages/flask_debugtoolbar/static/codemirror/mode/lua'...
Listing './lib/python3.5/site-packages/flask_debugtoolbar/static/codemirror/mode/markdown'...
Listing './lib/python3.5/site-packages/flask_debugtoolbar/static/codemirror/mode/mysql'...
Listing './lib/python3.5/site-packages/flask_debugtoolbar/static/codemirror/mode/ntriples'...
Listing './lib/python3.5/site-packages/flask_debugtoolbar/static/codemirror/mode/pascal'...
Listing './lib/python3.5/site-packages/flask_debugtoolbar/static/codemirror/mode/perl'...
Listing './lib/python3.5/site-packages/flask_debugtoolbar/static/codemirror/mode/php'...
Listing './lib/python3.5/site-packages/flask_debugtoolbar/static/codemirror/mode/plsql'...
Listing './lib/python3.5/site-packages/flask_debugtoolbar/static/codemirror/mode/properties'...
Listing './lib/python3.5/site-packages/flask_debugtoolbar/static/codemirror/mode/python'...
Listing './lib/python3.5/site-packages/flask_debugtoolbar/static/codemirror/mode/r'...
Listing './lib/python3.5/site-packages/flask_debugtoolbar/static/codemirror/mode/rpm'...
Listing './lib/python3.5/site-packages/flask_debugtoolbar/static/codemirror/mode/rpm/changes'...
Listing './lib/python3.5/site-packages/flask_debugtoolbar/static/codemirror/mode/rpm/spec'...
Listing './lib/python3.5/site-packages/flask_debugtoolbar/static/codemirror/mode/rst'...
Listing './lib/python3.5/site-packages/flask_debugtoolbar/static/codemirror/mode/ruby'...
Listing './lib/python3.5/site-packages/flask_debugtoolbar/static/codemirror/mode/rust'...
Listing './lib/python3.5/site-packages/flask_debugtoolbar/static/codemirror/mode/scheme'...
Listing './lib/python3.5/site-packages/flask_debugtoolbar/static/codemirror/mode/smalltalk'...
Listing './lib/python3.5/site-packages/flask_debugtoolbar/static/codemirror/mode/smarty'...
Listing './lib/python3.5/site-packages/flask_debugtoolbar/static/codemirror/mode/sparql'...
Listing './lib/python3.5/site-packages/flask_debugtoolbar/static/codemirror/mode/stex'...
Listing './lib/python3.5/site-packages/flask_debugtoolbar/static/codemirror/mode/tiddlywiki'...
Listing './lib/python3.5/site-packages/flask_debugtoolbar/static/codemirror/mode/vbscript'...
Listing './lib/python3.5/site-packages/flask_debugtoolbar/static/codemirror/mode/velocity'...
Listing './lib/python3.5/site-packages/flask_debugtoolbar/static/codemirror/mode/verilog'...
Listing './lib/python3.5/site-packages/flask_debugtoolbar/static/codemirror/mode/xml'...
Listing './lib/python3.5/site-packages/flask_debugtoolbar/static/codemirror/mode/xmlpure'...
Listing './lib/python3.5/site-packages/flask_debugtoolbar/static/codemirror/mode/xquery'...
Listing './lib/python3.5/site-packages/flask_debugtoolbar/static/codemirror/mode/xquery/test'...
Listing './lib/python3.5/site-packages/flask_debugtoolbar/static/codemirror/mode/yaml'...
Listing './lib/python3.5/site-packages/flask_debugtoolbar/static/codemirror/theme'...
Listing './lib/python3.5/site-packages/flask_debugtoolbar/static/codemirror/util'...
Listing './lib/python3.5/site-packages/flask_debugtoolbar/static/css'...
Listing './lib/python3.5/site-packages/flask_debugtoolbar/static/img'...
Listing './lib/python3.5/site-packages/flask_debugtoolbar/static/js'...
Listing './lib/python3.5/site-packages/flask_debugtoolbar/templates'...
Listing './lib/python3.5/site-packages/flask_debugtoolbar/templates/panels'...
Listing './lib/python3.5/site-packages/flask_fulfil'...
Listing './lib/python3.5/site-packages/flask_login'...
Listing './lib/python3.5/site-packages/flask_redis'...
Listing './lib/python3.5/site-packages/flask_session'...
Listing './lib/python3.5/site-packages/flask_themes2'...
Listing './lib/python3.5/site-packages/flask_wtf'...
Listing './lib/python3.5/site-packages/flask_wtf/recaptcha'...
Listing './lib/python3.5/site-packages/fulfil_client'...
Listing './lib/python3.5/site-packages/fulfil_client-0.11.1.egg-info'...
Listing './lib/python3.5/site-packages/idna'...
Listing './lib/python3.5/site-packages/idna-2.6.dist-info'...
Listing './lib/python3.5/site-packages/itsdangerous-0.24.egg-info'...
Listing './lib/python3.5/site-packages/jinja2'...
Compiling './lib/python3.5/site-packages/jinja2/asyncfilters.py'...
***   File "./lib/python3.5/site-packages/jinja2/asyncfilters.py", line 24
    yield item
    ^
SyntaxError: 'yield' inside async function

Compiling './lib/python3.5/site-packages/jinja2/asyncsupport.py'...
***   File "./lib/python3.5/site-packages/jinja2/asyncsupport.py", line 35
    yield event
    ^
SyntaxError: 'yield' inside async function

Listing './lib/python3.5/site-packages/jsmin'...
Listing './lib/python3.5/site-packages/jsmin-2.2.2.egg-info'...
Listing './lib/python3.5/site-packages/jwt'...
Listing './lib/python3.5/site-packages/jwt/contrib'...
Listing './lib/python3.5/site-packages/jwt/contrib/algorithms'...
Listing './lib/python3.5/site-packages/lxml'...
Listing './lib/python3.5/site-packages/lxml/html'...
Listing './lib/python3.5/site-packages/lxml/includes'...
Listing './lib/python3.5/site-packages/lxml/includes/libexslt'...
Listing './lib/python3.5/site-packages/lxml/includes/libxml'...
Listing './lib/python3.5/site-packages/lxml/includes/libxslt'...
Listing './lib/python3.5/site-packages/lxml/isoschematron'...
Listing './lib/python3.5/site-packages/lxml/isoschematron/resources'...
Listing './lib/python3.5/site-packages/lxml/isoschematron/resources/rng'...
Listing './lib/python3.5/site-packages/lxml/isoschematron/resources/xsl'...
Listing './lib/python3.5/site-packages/lxml/isoschematron/resources/xsl/iso-schematron-xslt1'...
Listing './lib/python3.5/site-packages/lxml-4.1.1.dist-info'...
Listing './lib/python3.5/site-packages/markupsafe'...
Listing './lib/python3.5/site-packages/money'...
Listing './lib/python3.5/site-packages/money-1.3.0.egg-info'...
Listing './lib/python3.5/site-packages/oauthlib'...
Listing './lib/python3.5/site-packages/oauthlib/oauth1'...
Listing './lib/python3.5/site-packages/oauthlib/oauth1/rfc5849'...
Listing './lib/python3.5/site-packages/oauthlib/oauth1/rfc5849/endpoints'...
Listing './lib/python3.5/site-packages/oauthlib/oauth2'...
Listing './lib/python3.5/site-packages/oauthlib/oauth2/rfc6749'...
Listing './lib/python3.5/site-packages/oauthlib/oauth2/rfc6749/clients'...
Listing './lib/python3.5/site-packages/oauthlib/oauth2/rfc6749/endpoints'...
Listing './lib/python3.5/site-packages/oauthlib/oauth2/rfc6749/grant_types'...
Listing './lib/python3.5/site-packages/oauthlib-2.0.6.egg-info'...
Listing './lib/python3.5/site-packages/pip'...
Listing './lib/python3.5/site-packages/pip/_vendor'...
Listing './lib/python3.5/site-packages/pip/commands'...
Listing './lib/python3.5/site-packages/pip/compat'...
Listing './lib/python3.5/site-packages/pip/models'...
Listing './lib/python3.5/site-packages/pip/operations'...
Listing './lib/python3.5/site-packages/pip/req'...
Listing './lib/python3.5/site-packages/pip/utils'...
Listing './lib/python3.5/site-packages/pip/vcs'...
Listing './lib/python3.5/site-packages/pip-9.0.1.dist-info'...
Listing './lib/python3.5/site-packages/pkg_resources'...
Listing './lib/python3.5/site-packages/pkg_resources/_vendor'...
Listing './lib/python3.5/site-packages/pkg_resources/_vendor/packaging'...
Listing './lib/python3.5/site-packages/pkg_resources/extern'...
Listing './lib/python3.5/site-packages/pkg_resources-0.0.0.dist-info'...
Listing './lib/python3.5/site-packages/premailer'...
Listing './lib/python3.5/site-packages/premailer-3.1.1.dist-info'...
Listing './lib/python3.5/site-packages/pytz'...
Listing './lib/python3.5/site-packages/pytz/zoneinfo'...
Listing './lib/python3.5/site-packages/pytz/zoneinfo/Africa'...
Listing './lib/python3.5/site-packages/pytz/zoneinfo/America'...
Listing './lib/python3.5/site-packages/pytz/zoneinfo/America/Argentina'...
Listing './lib/python3.5/site-packages/pytz/zoneinfo/America/Indiana'...
Listing './lib/python3.5/site-packages/pytz/zoneinfo/America/Kentucky'...
Listing './lib/python3.5/site-packages/pytz/zoneinfo/America/North_Dakota'...
Listing './lib/python3.5/site-packages/pytz/zoneinfo/Antarctica'...
Listing './lib/python3.5/site-packages/pytz/zoneinfo/Arctic'...
Listing './lib/python3.5/site-packages/pytz/zoneinfo/Asia'...
Listing './lib/python3.5/site-packages/pytz/zoneinfo/Atlantic'...
Listing './lib/python3.5/site-packages/pytz/zoneinfo/Australia'...
Listing './lib/python3.5/site-packages/pytz/zoneinfo/Brazil'...
Listing './lib/python3.5/site-packages/pytz/zoneinfo/Canada'...
Listing './lib/python3.5/site-packages/pytz/zoneinfo/Chile'...
Listing './lib/python3.5/site-packages/pytz/zoneinfo/Etc'...
Listing './lib/python3.5/site-packages/pytz/zoneinfo/Europe'...
Listing './lib/python3.5/site-packages/pytz/zoneinfo/Indian'...
Listing './lib/python3.5/site-packages/pytz/zoneinfo/Mexico'...
Listing './lib/python3.5/site-packages/pytz/zoneinfo/Pacific'...
Listing './lib/python3.5/site-packages/pytz/zoneinfo/US'...
Listing './lib/python3.5/site-packages/pytz-2017.3.dist-info'...
Listing './lib/python3.5/site-packages/raven'...
Listing './lib/python3.5/site-packages/raven/conf'...
Listing './lib/python3.5/site-packages/raven/contrib'...
Listing './lib/python3.5/site-packages/raven/contrib/awslambda'...
Listing './lib/python3.5/site-packages/raven/contrib/bottle'...
Listing './lib/python3.5/site-packages/raven/contrib/celery'...
Listing './lib/python3.5/site-packages/raven/contrib/django'...
Listing './lib/python3.5/site-packages/raven/contrib/django/celery'...
Listing './lib/python3.5/site-packages/raven/contrib/django/management'...
Listing './lib/python3.5/site-packages/raven/contrib/django/management/commands'...
Listing './lib/python3.5/site-packages/raven/contrib/django/middleware'...
Listing './lib/python3.5/site-packages/raven/contrib/django/raven_compat'...
Listing './lib/python3.5/site-packages/raven/contrib/django/raven_compat/management'...
Listing './lib/python3.5/site-packages/raven/contrib/django/raven_compat/management/commands'...
Listing './lib/python3.5/site-packages/raven/contrib/django/raven_compat/middleware'...
Listing './lib/python3.5/site-packages/raven/contrib/django/raven_compat/templatetags'...
Listing './lib/python3.5/site-packages/raven/contrib/django/templatetags'...
Listing './lib/python3.5/site-packages/raven/contrib/pylons'...
Listing './lib/python3.5/site-packages/raven/contrib/tornado'...
Listing './lib/python3.5/site-packages/raven/contrib/webpy'...
Listing './lib/python3.5/site-packages/raven/contrib/zconfig'...
Listing './lib/python3.5/site-packages/raven/contrib/zerorpc'...
Listing './lib/python3.5/site-packages/raven/contrib/zope'...
Listing './lib/python3.5/site-packages/raven/data'...
Compiling './lib/python3.5/site-packages/raven/deprecation.py'...
***   File "./lib/python3.5/site-packages/raven/deprecation.py", line 6
    def __init__(self, dsn, *args, **kwargs):
                                            ^
SyntaxError: unexpected EOF while parsing

Listing './lib/python3.5/site-packages/raven/handlers'...
Listing './lib/python3.5/site-packages/raven/scripts'...
Listing './lib/python3.5/site-packages/raven/transport'...
Listing './lib/python3.5/site-packages/raven/utils'...
Listing './lib/python3.5/site-packages/raven/utils/serializer'...
Listing './lib/python3.5/site-packages/raven-6.4.0.dist-info'...
Listing './lib/python3.5/site-packages/redis'...
Listing './lib/python3.5/site-packages/redis-2.10.6.dist-info'...
Listing './lib/python3.5/site-packages/requests'...
Listing './lib/python3.5/site-packages/requests-2.18.4.dist-info'...
Listing './lib/python3.5/site-packages/requests_oauthlib'...
Listing './lib/python3.5/site-packages/requests_oauthlib/compliance_fixes'...
Listing './lib/python3.5/site-packages/requests_oauthlib-0.8.0.dist-info'...
Listing './lib/python3.5/site-packages/setuptools'...
Listing './lib/python3.5/site-packages/setuptools/command'...
Listing './lib/python3.5/site-packages/setuptools/extern'...
Listing './lib/python3.5/site-packages/setuptools-32.3.1.dist-info'...
Listing './lib/python3.5/site-packages/shop'...
Listing './lib/python3.5/site-packages/shop/cart'...
Listing './lib/python3.5/site-packages/shop/cms'...
Listing './lib/python3.5/site-packages/shop/node'...
Listing './lib/python3.5/site-packages/shop/product'...
Listing './lib/python3.5/site-packages/shop/public'...
Listing './lib/python3.5/site-packages/shop/static'...
Listing './lib/python3.5/site-packages/shop/static/.webassets-cache'...
Listing './lib/python3.5/site-packages/shop/static/css'...
Listing './lib/python3.5/site-packages/shop/static/images'...
Listing './lib/python3.5/site-packages/shop/static/js'...
Listing './lib/python3.5/site-packages/shop/static/libs'...
Listing './lib/python3.5/site-packages/shop/static/libs/bootstrap'...
Listing './lib/python3.5/site-packages/shop/static/libs/bootstrap/dist'...
Listing './lib/python3.5/site-packages/shop/static/libs/bootstrap/dist/css'...
Listing './lib/python3.5/site-packages/shop/static/libs/bootstrap/dist/fonts'...
Listing './lib/python3.5/site-packages/shop/static/libs/bootstrap/dist/js'...
Listing './lib/python3.5/site-packages/shop/static/libs/bootstrap/fonts'...
Listing './lib/python3.5/site-packages/shop/static/libs/bootstrap/grunt'...
Listing './lib/python3.5/site-packages/shop/static/libs/bootstrap/js'...
Listing './lib/python3.5/site-packages/shop/static/libs/bootstrap/less'...
Listing './lib/python3.5/site-packages/shop/static/libs/bootstrap/less/mixins'...
Listing './lib/python3.5/site-packages/shop/static/libs/bootstrap/nuget'...
Listing './lib/python3.5/site-packages/shop/static/libs/jquery'...
Listing './lib/python3.5/site-packages/shop/static/libs/jquery/dist'...
Listing './lib/python3.5/site-packages/shop/static/libs/jquery/external'...
Listing './lib/python3.5/site-packages/shop/static/libs/jquery/external/sizzle'...
Listing './lib/python3.5/site-packages/shop/static/libs/jquery/external/sizzle/dist'...
Listing './lib/python3.5/site-packages/shop/static/libs/jquery/src'...
Listing './lib/python3.5/site-packages/shop/static/libs/jquery/src/ajax'...
Listing './lib/python3.5/site-packages/shop/static/libs/jquery/src/ajax/var'...
Listing './lib/python3.5/site-packages/shop/static/libs/jquery/src/attributes'...
Listing './lib/python3.5/site-packages/shop/static/libs/jquery/src/core'...
Listing './lib/python3.5/site-packages/shop/static/libs/jquery/src/core/var'...
Listing './lib/python3.5/site-packages/shop/static/libs/jquery/src/css'...
Listing './lib/python3.5/site-packages/shop/static/libs/jquery/src/css/var'...
Listing './lib/python3.5/site-packages/shop/static/libs/jquery/src/data'...
Listing './lib/python3.5/site-packages/shop/static/libs/jquery/src/data/var'...
Listing './lib/python3.5/site-packages/shop/static/libs/jquery/src/deferred'...
Listing './lib/python3.5/site-packages/shop/static/libs/jquery/src/effects'...
Listing './lib/python3.5/site-packages/shop/static/libs/jquery/src/event'...
Listing './lib/python3.5/site-packages/shop/static/libs/jquery/src/exports'...
Listing './lib/python3.5/site-packages/shop/static/libs/jquery/src/manipulation'...
Listing './lib/python3.5/site-packages/shop/static/libs/jquery/src/manipulation/var'...
Listing './lib/python3.5/site-packages/shop/static/libs/jquery/src/queue'...
Listing './lib/python3.5/site-packages/shop/static/libs/jquery/src/traversing'...
Listing './lib/python3.5/site-packages/shop/static/libs/jquery/src/traversing/var'...
Listing './lib/python3.5/site-packages/shop/static/libs/jquery/src/var'...
Listing './lib/python3.5/site-packages/shop/static/libs/jquery-ui'...
Listing './lib/python3.5/site-packages/shop/static/libs/jquery-ui/themes'...
Listing './lib/python3.5/site-packages/shop/static/libs/jquery-ui/themes/base'...
Listing './lib/python3.5/site-packages/shop/static/libs/jquery-ui/themes/base/images'...
Listing './lib/python3.5/site-packages/shop/static/libs/jquery-ui/themes/black-tie'...
Listing './lib/python3.5/site-packages/shop/static/libs/jquery-ui/themes/black-tie/images'...
Listing './lib/python3.5/site-packages/shop/static/libs/jquery-ui/themes/blitzer'...
Listing './lib/python3.5/site-packages/shop/static/libs/jquery-ui/themes/blitzer/images'...
Listing './lib/python3.5/site-packages/shop/static/libs/jquery-ui/themes/cupertino'...
Listing './lib/python3.5/site-packages/shop/static/libs/jquery-ui/themes/cupertino/images'...
Listing './lib/python3.5/site-packages/shop/static/libs/jquery-ui/themes/dark-hive'...
Listing './lib/python3.5/site-packages/shop/static/libs/jquery-ui/themes/dark-hive/images'...
Listing './lib/python3.5/site-packages/shop/static/libs/jquery-ui/themes/dot-luv'...
Listing './lib/python3.5/site-packages/shop/static/libs/jquery-ui/themes/dot-luv/images'...
Listing './lib/python3.5/site-packages/shop/static/libs/jquery-ui/themes/eggplant'...
Listing './lib/python3.5/site-packages/shop/static/libs/jquery-ui/themes/eggplant/images'...
Listing './lib/python3.5/site-packages/shop/static/libs/jquery-ui/themes/excite-bike'...
Listing './lib/python3.5/site-packages/shop/static/libs/jquery-ui/themes/excite-bike/images'...
Listing './lib/python3.5/site-packages/shop/static/libs/jquery-ui/themes/flick'...
Listing './lib/python3.5/site-packages/shop/static/libs/jquery-ui/themes/flick/images'...
Listing './lib/python3.5/site-packages/shop/static/libs/jquery-ui/themes/hot-sneaks'...
Listing './lib/python3.5/site-packages/shop/static/libs/jquery-ui/themes/hot-sneaks/images'...
Listing './lib/python3.5/site-packages/shop/static/libs/jquery-ui/themes/humanity'...
Listing './lib/python3.5/site-packages/shop/static/libs/jquery-ui/themes/humanity/images'...
Listing './lib/python3.5/site-packages/shop/static/libs/jquery-ui/themes/le-frog'...
Listing './lib/python3.5/site-packages/shop/static/libs/jquery-ui/themes/le-frog/images'...
Listing './lib/python3.5/site-packages/shop/static/libs/jquery-ui/themes/mint-choc'...
Listing './lib/python3.5/site-packages/shop/static/libs/jquery-ui/themes/mint-choc/images'...
Listing './lib/python3.5/site-packages/shop/static/libs/jquery-ui/themes/overcast'...
Listing './lib/python3.5/site-packages/shop/static/libs/jquery-ui/themes/overcast/images'...
Listing './lib/python3.5/site-packages/shop/static/libs/jquery-ui/themes/pepper-grinder'...
Listing './lib/python3.5/site-packages/shop/static/libs/jquery-ui/themes/pepper-grinder/images'...
Listing './lib/python3.5/site-packages/shop/static/libs/jquery-ui/themes/redmond'...
Listing './lib/python3.5/site-packages/shop/static/libs/jquery-ui/themes/redmond/images'...
Listing './lib/python3.5/site-packages/shop/static/libs/jquery-ui/themes/smoothness'...
Listing './lib/python3.5/site-packages/shop/static/libs/jquery-ui/themes/smoothness/images'...
Listing './lib/python3.5/site-packages/shop/static/libs/jquery-ui/themes/south-street'...
Listing './lib/python3.5/site-packages/shop/static/libs/jquery-ui/themes/south-street/images'...
Listing './lib/python3.5/site-packages/shop/static/libs/jquery-ui/themes/start'...
Listing './lib/python3.5/site-packages/shop/static/libs/jquery-ui/themes/start/images'...
Listing './lib/python3.5/site-packages/shop/static/libs/jquery-ui/themes/sunny'...
Listing './lib/python3.5/site-packages/shop/static/libs/jquery-ui/themes/sunny/images'...
Listing './lib/python3.5/site-packages/shop/static/libs/jquery-ui/themes/swanky-purse'...
Listing './lib/python3.5/site-packages/shop/static/libs/jquery-ui/themes/swanky-purse/images'...
Listing './lib/python3.5/site-packages/shop/static/libs/jquery-ui/themes/trontastic'...
Listing './lib/python3.5/site-packages/shop/static/libs/jquery-ui/themes/trontastic/images'...
Listing './lib/python3.5/site-packages/shop/static/libs/jquery-ui/themes/ui-darkness'...
Listing './lib/python3.5/site-packages/shop/static/libs/jquery-ui/themes/ui-darkness/images'...
Listing './lib/python3.5/site-packages/shop/static/libs/jquery-ui/themes/ui-lightness'...
Listing './lib/python3.5/site-packages/shop/static/libs/jquery-ui/themes/ui-lightness/images'...
Listing './lib/python3.5/site-packages/shop/static/libs/jquery-ui/themes/vader'...
Listing './lib/python3.5/site-packages/shop/static/libs/jquery-ui/themes/vader/images'...
Listing './lib/python3.5/site-packages/shop/static/libs/jquery-ui/ui'...
Listing './lib/python3.5/site-packages/shop/static/libs/jquery-ui/ui/effects'...
Listing './lib/python3.5/site-packages/shop/static/libs/jquery-ui/ui/i18n'...
Listing './lib/python3.5/site-packages/shop/static/libs/jquery-ui/ui/minified'...
Listing './lib/python3.5/site-packages/shop/static/libs/jquery-ui/ui/minified/i18n'...
Listing './lib/python3.5/site-packages/shop/static/libs/jquery-ui/ui/widgets'...
Listing './lib/python3.5/site-packages/shop/static/libs/jquery-validation'...
Listing './lib/python3.5/site-packages/shop/static/libs/jquery-validation/build'...
Listing './lib/python3.5/site-packages/shop/static/libs/jquery-validation/dist'...
Listing './lib/python3.5/site-packages/shop/static/libs/jquery-validation/src'...
Listing './lib/python3.5/site-packages/shop/static/libs/jquery-validation/src/additional'...
Listing './lib/python3.5/site-packages/shop/static/libs/jquery-validation/src/localization'...
Listing './lib/python3.5/site-packages/shop/static/public'...
Listing './lib/python3.5/site-packages/shop/static/public/css'...
Listing './lib/python3.5/site-packages/shop/static/public/js'...
Listing './lib/python3.5/site-packages/shop/templates'...
Listing './lib/python3.5/site-packages/shop/templates/cart'...
Listing './lib/python3.5/site-packages/shop/templates/cms'...
Listing './lib/python3.5/site-packages/shop/templates/emails'...
Listing './lib/python3.5/site-packages/shop/templates/node'...
Listing './lib/python3.5/site-packages/shop/templates/partials'...
Listing './lib/python3.5/site-packages/shop/templates/product'...
Listing './lib/python3.5/site-packages/shop/templates/public'...
Listing './lib/python3.5/site-packages/shop/templates/users'...
Listing './lib/python3.5/site-packages/shop/themes'...
Listing './lib/python3.5/site-packages/shop/themes/default'...
Listing './lib/python3.5/site-packages/shop/user'...
Listing './lib/python3.5/site-packages/simplejson'...
Listing './lib/python3.5/site-packages/simplejson/tests'...
Listing './lib/python3.5/site-packages/simplejson-3.13.2.egg-info'...
Listing './lib/python3.5/site-packages/six-1.11.0.dist-info'...
Listing './lib/python3.5/site-packages/tests'...
Listing './lib/python3.5/site-packages/urllib3'...
Listing './lib/python3.5/site-packages/urllib3/contrib'...
Listing './lib/python3.5/site-packages/urllib3/contrib/_securetransport'...
Listing './lib/python3.5/site-packages/urllib3/packages'...
Listing './lib/python3.5/site-packages/urllib3/packages/backports'...
Listing './lib/python3.5/site-packages/urllib3/packages/ssl_match_hostname'...
Listing './lib/python3.5/site-packages/urllib3/util'...
Listing './lib/python3.5/site-packages/urllib3-1.22.dist-info'...
Listing './lib/python3.5/site-packages/webassets'...
Listing './lib/python3.5/site-packages/webassets/ext'...
Listing './lib/python3.5/site-packages/webassets/filter'...
Listing './lib/python3.5/site-packages/webassets/filter/cssrewrite'...
Listing './lib/python3.5/site-packages/webassets/filter/jspacker'...
Listing './lib/python3.5/site-packages/webassets/filter/rjsmin'...
Listing './lib/python3.5/site-packages/webassets-0.12.1.egg-info'...
Listing './lib/python3.5/site-packages/werkzeug'...
Listing './lib/python3.5/site-packages/werkzeug/contrib'...
Listing './lib/python3.5/site-packages/werkzeug/debug'...
Listing './lib/python3.5/site-packages/werkzeug/debug/shared'...
Listing './lib/python3.5/site-packages/wtforms'...
Listing './lib/python3.5/site-packages/wtforms/csrf'...
Listing './lib/python3.5/site-packages/wtforms/ext'...
Listing './lib/python3.5/site-packages/wtforms/ext/appengine'...
Listing './lib/python3.5/site-packages/wtforms/ext/csrf'...
Listing './lib/python3.5/site-packages/wtforms/ext/dateutil'...
Listing './lib/python3.5/site-packages/wtforms/ext/django'...
Listing './lib/python3.5/site-packages/wtforms/ext/django/templatetags'...
Listing './lib/python3.5/site-packages/wtforms/ext/i18n'...
Listing './lib/python3.5/site-packages/wtforms/ext/sqlalchemy'...
Listing './lib/python3.5/site-packages/wtforms/fields'...
Listing './lib/python3.5/site-packages/wtforms/locale'...
Listing './lib/python3.5/site-packages/wtforms/locale/ar'...
Listing './lib/python3.5/site-packages/wtforms/locale/ar/LC_MESSAGES'...
Listing './lib/python3.5/site-packages/wtforms/locale/ca'...
Listing './lib/python3.5/site-packages/wtforms/locale/ca/LC_MESSAGES'...
Listing './lib/python3.5/site-packages/wtforms/locale/cs_CZ'...
Listing './lib/python3.5/site-packages/wtforms/locale/cs_CZ/LC_MESSAGES'...
Listing './lib/python3.5/site-packages/wtforms/locale/cy'...
Listing './lib/python3.5/site-packages/wtforms/locale/cy/LC_MESSAGES'...
Listing './lib/python3.5/site-packages/wtforms/locale/de'...
Listing './lib/python3.5/site-packages/wtforms/locale/de/LC_MESSAGES'...
Listing './lib/python3.5/site-packages/wtforms/locale/de_CH'...
Listing './lib/python3.5/site-packages/wtforms/locale/de_CH/LC_MESSAGES'...
Listing './lib/python3.5/site-packages/wtforms/locale/el'...
Listing './lib/python3.5/site-packages/wtforms/locale/el/LC_MESSAGES'...
Listing './lib/python3.5/site-packages/wtforms/locale/en'...
Listing './lib/python3.5/site-packages/wtforms/locale/en/LC_MESSAGES'...
Listing './lib/python3.5/site-packages/wtforms/locale/es'...
Listing './lib/python3.5/site-packages/wtforms/locale/es/LC_MESSAGES'...
Listing './lib/python3.5/site-packages/wtforms/locale/et'...
Listing './lib/python3.5/site-packages/wtforms/locale/et/LC_MESSAGES'...
Listing './lib/python3.5/site-packages/wtforms/locale/fa'...
Listing './lib/python3.5/site-packages/wtforms/locale/fa/LC_MESSAGES'...
Listing './lib/python3.5/site-packages/wtforms/locale/fr'...
Listing './lib/python3.5/site-packages/wtforms/locale/fr/LC_MESSAGES'...
Listing './lib/python3.5/site-packages/wtforms/locale/it'...
Listing './lib/python3.5/site-packages/wtforms/locale/it/LC_MESSAGES'...
Listing './lib/python3.5/site-packages/wtforms/locale/ja'...
Listing './lib/python3.5/site-packages/wtforms/locale/ja/LC_MESSAGES'...
Listing './lib/python3.5/site-packages/wtforms/locale/ko'...
Listing './lib/python3.5/site-packages/wtforms/locale/ko/LC_MESSAGES'...
Listing './lib/python3.5/site-packages/wtforms/locale/nb'...
Listing './lib/python3.5/site-packages/wtforms/locale/nb/LC_MESSAGES'...
Listing './lib/python3.5/site-packages/wtforms/locale/nl'...
Listing './lib/python3.5/site-packages/wtforms/locale/nl/LC_MESSAGES'...
Listing './lib/python3.5/site-packages/wtforms/locale/pl'...
Listing './lib/python3.5/site-packages/wtforms/locale/pl/LC_MESSAGES'...
Listing './lib/python3.5/site-packages/wtforms/locale/pt'...
Listing './lib/python3.5/site-packages/wtforms/locale/pt/LC_MESSAGES'...
Listing './lib/python3.5/site-packages/wtforms/locale/ru'...
Listing './lib/python3.5/site-packages/wtforms/locale/ru/LC_MESSAGES'...
Listing './lib/python3.5/site-packages/wtforms/locale/uk'...
Listing './lib/python3.5/site-packages/wtforms/locale/uk/LC_MESSAGES'...
Listing './lib/python3.5/site-packages/wtforms/locale/zh'...
Listing './lib/python3.5/site-packages/wtforms/locale/zh/LC_MESSAGES'...
Listing './lib/python3.5/site-packages/wtforms/locale/zh_TW'...
Listing './lib/python3.5/site-packages/wtforms/locale/zh_TW/LC_MESSAGES'...
Listing './lib/python3.5/site-packages/wtforms/widgets'...
Listing './share'...
Listing './share/python-wheels'...
