Listing '.'...
Listing './bin'...
Listing './include'...
Listing './lib'...
Listing './lib/python3.5'...
Listing './lib/python3.5/site-packages'...
Listing './lib/python3.5/site-packages/Jinja2-2.10.dist-info'...
Listing './lib/python3.5/site-packages/MarkupSafe-1.0.egg-info'...
Listing './lib/python3.5/site-packages/SQLAlchemy-1.2.0.egg-info'...
Listing './lib/python3.5/site-packages/Werkzeug-0.14.1.dist-info'...
Listing './lib/python3.5/site-packages/_pytest'...
Listing './lib/python3.5/site-packages/_pytest/_code'...
Listing './lib/python3.5/site-packages/_pytest/assertion'...
Listing './lib/python3.5/site-packages/_pytest/vendored_packages'...
Listing './lib/python3.5/site-packages/asyncio'...
Listing './lib/python3.5/site-packages/asyncio-3.4.3.dist-info'...
Listing './lib/python3.5/site-packages/asyncio_redis'...
Listing './lib/python3.5/site-packages/asyncio_redis-0.14.3.dist-info'...
Listing './lib/python3.5/site-packages/certifi'...
Listing './lib/python3.5/site-packages/certifi-2017.11.5.dist-info'...
Listing './lib/python3.5/site-packages/chardet'...
Listing './lib/python3.5/site-packages/chardet/cli'...
Listing './lib/python3.5/site-packages/chardet-3.0.4.dist-info'...
Listing './lib/python3.5/site-packages/coreapi'...
Listing './lib/python3.5/site-packages/coreapi/codecs'...
Listing './lib/python3.5/site-packages/coreapi/transports'...
Listing './lib/python3.5/site-packages/coreapi-2.3.3.dist-info'...
Listing './lib/python3.5/site-packages/coreschema'...
Listing './lib/python3.5/site-packages/coreschema/encodings'...
Listing './lib/python3.5/site-packages/coreschema/templates'...
Listing './lib/python3.5/site-packages/coreschema/templates/bootstrap3'...
Listing './lib/python3.5/site-packages/coreschema/templates/bootstrap3/inputs'...
Listing './lib/python3.5/site-packages/coreschema-0.0.4.egg-info'...
Listing './lib/python3.5/site-packages/gandalf'...
Listing './lib/python3.5/site-packages/gandalf/backends'...
Listing './lib/python3.5/site-packages/gandalf/commands'...
Listing './lib/python3.5/site-packages/gandalf/components'...
Listing './lib/python3.5/site-packages/gandalf/frameworks'...
Listing './lib/python3.5/site-packages/gandalf/layouts'...
Listing './lib/python3.5/site-packages/gandalf/layouts/asyncio'...
Listing './lib/python3.5/site-packages/gandalf/layouts/wsgi'...
Listing './lib/python3.5/site-packages/gandalf/static'...
Listing './lib/python3.5/site-packages/gandalf/static/css'...
Listing './lib/python3.5/site-packages/gandalf/static/fonts'...
Listing './lib/python3.5/site-packages/gandalf/static/img'...
Listing './lib/python3.5/site-packages/gandalf/static/js'...
Listing './lib/python3.5/site-packages/gandalf/templates'...
Listing './lib/python3.5/site-packages/gandalf/templates/docs'...
Listing './lib/python3.5/site-packages/gandalf/templates/docs/auth'...
Listing './lib/python3.5/site-packages/gandalf/templates/docs/langs'...
Listing './lib/python3.5/site-packages/gandalf/templates/docs/langs/intro'...
Listing './lib/python3.5/site-packages/gandalf/templates/docs/layout'...
Listing './lib/python3.5/site-packages/gandalf-0.1.20.dist-info'...
Listing './lib/python3.5/site-packages/gunicorn'...
Listing './lib/python3.5/site-packages/gunicorn/app'...
Listing './lib/python3.5/site-packages/gunicorn/http'...
Listing './lib/python3.5/site-packages/gunicorn/instrument'...
Listing './lib/python3.5/site-packages/gunicorn/workers'...
Listing './lib/python3.5/site-packages/gunicorn-19.7.1.dist-info'...
Listing './lib/python3.5/site-packages/httptools'...
Listing './lib/python3.5/site-packages/httptools/parser'...
Listing './lib/python3.5/site-packages/httptools-0.0.10.egg-info'...
Listing './lib/python3.5/site-packages/idna'...
Listing './lib/python3.5/site-packages/idna-2.6.dist-info'...
Listing './lib/python3.5/site-packages/itypes-1.1.0.egg-info'...
Listing './lib/python3.5/site-packages/jinja2'...
Compiling './lib/python3.5/site-packages/jinja2/asyncfilters.py'...
***   File "./lib/python3.5/site-packages/jinja2/asyncfilters.py", line 24
    yield item
    ^
SyntaxError: 'yield' inside async function

Compiling './lib/python3.5/site-packages/jinja2/asyncsupport.py'...
***   File "./lib/python3.5/site-packages/jinja2/asyncsupport.py", line 35
    yield event
    ^
SyntaxError: 'yield' inside async function

Listing './lib/python3.5/site-packages/markupsafe'...
Listing './lib/python3.5/site-packages/pip'...
Listing './lib/python3.5/site-packages/pip/_vendor'...
Listing './lib/python3.5/site-packages/pip/commands'...
Listing './lib/python3.5/site-packages/pip/compat'...
Listing './lib/python3.5/site-packages/pip/models'...
Listing './lib/python3.5/site-packages/pip/operations'...
Listing './lib/python3.5/site-packages/pip/req'...
Listing './lib/python3.5/site-packages/pip/utils'...
Listing './lib/python3.5/site-packages/pip/vcs'...
Listing './lib/python3.5/site-packages/pip-9.0.1.dist-info'...
Listing './lib/python3.5/site-packages/pkg_resources'...
Listing './lib/python3.5/site-packages/pkg_resources/_vendor'...
Listing './lib/python3.5/site-packages/pkg_resources/_vendor/packaging'...
Listing './lib/python3.5/site-packages/pkg_resources/extern'...
Listing './lib/python3.5/site-packages/pkg_resources-0.0.0.dist-info'...
Listing './lib/python3.5/site-packages/py'...
Listing './lib/python3.5/site-packages/py/_code'...
Listing './lib/python3.5/site-packages/py/_io'...
Listing './lib/python3.5/site-packages/py/_log'...
Listing './lib/python3.5/site-packages/py/_path'...
Listing './lib/python3.5/site-packages/py/_process'...
Listing './lib/python3.5/site-packages/py/_vendored_packages'...
Listing './lib/python3.5/site-packages/py-1.5.2.dist-info'...
Listing './lib/python3.5/site-packages/pytest-3.0.6.dist-info'...
Listing './lib/python3.5/site-packages/requests'...
Listing './lib/python3.5/site-packages/requests-2.18.4.dist-info'...
Listing './lib/python3.5/site-packages/setuptools'...
Listing './lib/python3.5/site-packages/setuptools/command'...
Listing './lib/python3.5/site-packages/setuptools/extern'...
Listing './lib/python3.5/site-packages/setuptools-32.3.1.dist-info'...
Listing './lib/python3.5/site-packages/sqlalchemy'...
Listing './lib/python3.5/site-packages/sqlalchemy/connectors'...
Listing './lib/python3.5/site-packages/sqlalchemy/databases'...
Listing './lib/python3.5/site-packages/sqlalchemy/dialects'...
Listing './lib/python3.5/site-packages/sqlalchemy/dialects/firebird'...
Listing './lib/python3.5/site-packages/sqlalchemy/dialects/mssql'...
Listing './lib/python3.5/site-packages/sqlalchemy/dialects/mysql'...
Listing './lib/python3.5/site-packages/sqlalchemy/dialects/oracle'...
Listing './lib/python3.5/site-packages/sqlalchemy/dialects/postgresql'...
Listing './lib/python3.5/site-packages/sqlalchemy/dialects/sqlite'...
Listing './lib/python3.5/site-packages/sqlalchemy/dialects/sybase'...
Listing './lib/python3.5/site-packages/sqlalchemy/engine'...
Listing './lib/python3.5/site-packages/sqlalchemy/event'...
Listing './lib/python3.5/site-packages/sqlalchemy/ext'...
Listing './lib/python3.5/site-packages/sqlalchemy/ext/declarative'...
Listing './lib/python3.5/site-packages/sqlalchemy/orm'...
Listing './lib/python3.5/site-packages/sqlalchemy/sql'...
Listing './lib/python3.5/site-packages/sqlalchemy/testing'...
Listing './lib/python3.5/site-packages/sqlalchemy/testing/plugin'...
Listing './lib/python3.5/site-packages/sqlalchemy/testing/suite'...
Listing './lib/python3.5/site-packages/sqlalchemy/util'...
Listing './lib/python3.5/site-packages/uritemplate'...
Listing './lib/python3.5/site-packages/uritemplate-3.0.0.dist-info'...
Listing './lib/python3.5/site-packages/urllib3'...
Listing './lib/python3.5/site-packages/urllib3/contrib'...
Listing './lib/python3.5/site-packages/urllib3/contrib/_securetransport'...
Listing './lib/python3.5/site-packages/urllib3/packages'...
Listing './lib/python3.5/site-packages/urllib3/packages/backports'...
Listing './lib/python3.5/site-packages/urllib3/packages/ssl_match_hostname'...
Listing './lib/python3.5/site-packages/urllib3/util'...
Listing './lib/python3.5/site-packages/urllib3-1.22.dist-info'...
Listing './lib/python3.5/site-packages/uvicorn'...
Compiling './lib/python3.5/site-packages/uvicorn/__init__.py'...
Compiling './lib/python3.5/site-packages/uvicorn/main.py'...
Listing './lib/python3.5/site-packages/uvicorn/protocols'...
Compiling './lib/python3.5/site-packages/uvicorn/protocols/__init__.py'...
Compiling './lib/python3.5/site-packages/uvicorn/protocols/http.py'...
Compiling './lib/python3.5/site-packages/uvicorn/protocols/websocket.py'...
Compiling './lib/python3.5/site-packages/uvicorn/run.py'...
Compiling './lib/python3.5/site-packages/uvicorn/worker.py'...
Listing './lib/python3.5/site-packages/uvicorn-0.0.15.egg-info'...
Listing './lib/python3.5/site-packages/uvitools'...
Compiling './lib/python3.5/site-packages/uvitools/__init__.py'...
Compiling './lib/python3.5/site-packages/uvitools/adapters.py'...
Compiling './lib/python3.5/site-packages/uvitools/broadcast.py'...
Compiling './lib/python3.5/site-packages/uvitools/debug.py'...
Compiling './lib/python3.5/site-packages/uvitools/routing.py'...
Compiling './lib/python3.5/site-packages/uvitools/utils.py'...
Listing './lib/python3.5/site-packages/uvitools-0.0.4.egg-info'...
Listing './lib/python3.5/site-packages/uvloop'...
Listing './lib/python3.5/site-packages/uvloop/handles'...
Listing './lib/python3.5/site-packages/uvloop/includes'...
Listing './lib/python3.5/site-packages/uvloop-0.9.1.dist-info'...
Listing './lib/python3.5/site-packages/websockets'...
Listing './lib/python3.5/site-packages/websockets/extensions'...
Listing './lib/python3.5/site-packages/websockets/py35'...
Listing './lib/python3.5/site-packages/websockets-4.0.1.dist-info'...
Listing './lib/python3.5/site-packages/werkzeug'...
Listing './lib/python3.5/site-packages/werkzeug/contrib'...
Listing './lib/python3.5/site-packages/werkzeug/debug'...
Listing './lib/python3.5/site-packages/werkzeug/debug/shared'...
Listing './lib/python3.5/site-packages/whitenoise'...
Listing './lib/python3.5/site-packages/whitenoise/runserver_nostatic'...
Listing './lib/python3.5/site-packages/whitenoise/runserver_nostatic/management'...
Listing './lib/python3.5/site-packages/whitenoise/runserver_nostatic/management/commands'...
Listing './lib/python3.5/site-packages/whitenoise-3.3.1.dist-info'...
Listing './share'...
Listing './share/python-wheels'...
