Listing '.'...
Listing './bin'...
Listing './include'...
Listing './lib'...
Listing './lib/python3.5'...
Listing './lib/python3.5/site-packages'...
Listing './lib/python3.5/site-packages/githooks'...
Compiling './lib/python3.5/site-packages/githooks/hg.py'...
***   File "./lib/python3.5/site-packages/githooks/hg.py", line 27
    print text
             ^
SyntaxError: Missing parentheses in call to 'print'

Compiling './lib/python3.5/site-packages/githooks/launcher.py'...
***   File "./lib/python3.5/site-packages/githooks/launcher.py", line 123
    print "Unexpected error:", sys.exc_info()[0]
                            ^
SyntaxError: invalid syntax

Listing './lib/python3.5/site-packages/githooks-0.5.egg-info'...
Listing './lib/python3.5/site-packages/hghooks'...
Compiling './lib/python3.5/site-packages/hghooks/code.py'...
***   File "./lib/python3.5/site-packages/hghooks/code.py", line 117
    print '%s: pdb found' % filename
                        ^
SyntaxError: Missing parentheses in call to 'print'

Compiling './lib/python3.5/site-packages/hghooks/trachooks.py'...
***   File "./lib/python3.5/site-packages/hghooks/trachooks.py", line 191
    except Exception, e:
                    ^
SyntaxError: invalid syntax

Listing './lib/python3.5/site-packages/hghooks-0.7.0.egg-info'...
Listing './lib/python3.5/site-packages/pep8-1.7.1.dist-info'...
Listing './lib/python3.5/site-packages/pip'...
Listing './lib/python3.5/site-packages/pip/_vendor'...
Listing './lib/python3.5/site-packages/pip/commands'...
Listing './lib/python3.5/site-packages/pip/compat'...
Listing './lib/python3.5/site-packages/pip/models'...
Listing './lib/python3.5/site-packages/pip/operations'...
Listing './lib/python3.5/site-packages/pip/req'...
Listing './lib/python3.5/site-packages/pip/utils'...
Listing './lib/python3.5/site-packages/pip/vcs'...
Listing './lib/python3.5/site-packages/pip-9.0.1.dist-info'...
Listing './lib/python3.5/site-packages/pkg_resources'...
Listing './lib/python3.5/site-packages/pkg_resources/_vendor'...
Listing './lib/python3.5/site-packages/pkg_resources/_vendor/packaging'...
Listing './lib/python3.5/site-packages/pkg_resources/extern'...
Listing './lib/python3.5/site-packages/pkg_resources-0.0.0.dist-info'...
Listing './lib/python3.5/site-packages/pyflakes'...
Listing './lib/python3.5/site-packages/pyflakes/scripts'...
Listing './lib/python3.5/site-packages/pyflakes/test'...
Listing './lib/python3.5/site-packages/pyflakes-1.6.0.dist-info'...
Listing './lib/python3.5/site-packages/pyjslint-0.3.4.egg-info'...
Listing './lib/python3.5/site-packages/setuptools'...
Listing './lib/python3.5/site-packages/setuptools/command'...
Listing './lib/python3.5/site-packages/setuptools/extern'...
Listing './lib/python3.5/site-packages/setuptools-32.3.1.dist-info'...
Listing './share'...
Listing './share/python-wheels'...
