Listing '.'...
Listing './bin'...
Compiling './bin/vba_extract.py'...
Listing './include'...
Listing './include/site'...
Listing './include/site/python3.5'...
Listing './include/site/python3.5/greenlet'...
Listing './lib'...
Listing './lib/python3.5'...
Listing './lib/python3.5/site-packages'...
Listing './lib/python3.5/site-packages/GZCL'...
Compiling './lib/python3.5/site-packages/GZCL/HtmlCreater.py'...
***   File "./lib/python3.5/site-packages/GZCL/HtmlCreater.py", line 125
    print html
             ^
SyntaxError: Missing parentheses in call to 'print'

Compiling './lib/python3.5/site-packages/GZCL/UnitTestDecorators.py'...
***   File "./lib/python3.5/site-packages/GZCL/UnitTestDecorators.py", line 32
    print 'Get a error:%s!' % (str(error))
                          ^
SyntaxError: invalid syntax

Compiling './lib/python3.5/site-packages/GZCL/UnitTestOpenFalcon.py'...
***   File "./lib/python3.5/site-packages/GZCL/UnitTestOpenFalcon.py", line 26
    print self.openfalcon.getTags({'a': 1, 'b':2})
             ^
SyntaxError: invalid syntax

Compiling './lib/python3.5/site-packages/GZCL/UserAgent.py'...
***   File "./lib/python3.5/site-packages/GZCL/UserAgent.py", line 221
    print i
          ^
SyntaxError: Missing parentheses in call to 'print'

Compiling './lib/python3.5/site-packages/GZCL/dbClient.py'...
***   File "./lib/python3.5/site-packages/GZCL/dbClient.py", line 106
    print id(t0), id(t1), id(t2), id(tt), id(ttt)
           ^
SyntaxError: invalid syntax

Compiling './lib/python3.5/site-packages/GZCL/decorators.py'...
***   File "./lib/python3.5/site-packages/GZCL/decorators.py", line 23
    except Exception, error:
                    ^
SyntaxError: invalid syntax

Compiling './lib/python3.5/site-packages/GZCL/kafkaLock.py'...
***   File "./lib/python3.5/site-packages/GZCL/kafkaLock.py", line 26
    except Exception, ex:
                    ^
SyntaxError: invalid syntax

Compiling './lib/python3.5/site-packages/GZCL/portListener.py'...
***   File "./lib/python3.5/site-packages/GZCL/portListener.py", line 28
    print "Serving HTTP on", sa[0], "port", sa[1], "..."
                          ^
SyntaxError: Missing parentheses in call to 'print'

Compiling './lib/python3.5/site-packages/GZCL/pubClass.py'...
***   File "./lib/python3.5/site-packages/GZCL/pubClass.py", line 157
    except MySQLdb.OperationalError, e:
                                   ^
SyntaxError: invalid syntax

Compiling './lib/python3.5/site-packages/GZCL/pubFunc.py'...
***   File "./lib/python3.5/site-packages/GZCL/pubFunc.py", line 19
    except Exception, error:
                    ^
SyntaxError: invalid syntax

Compiling './lib/python3.5/site-packages/GZCL/test_bfClient.py'...
***   File "./lib/python3.5/site-packages/GZCL/test_bfClient.py", line 55
    print 'sleep 120s in test__connection please stop the bf server manual'
                                                                          ^
SyntaxError: Missing parentheses in call to 'print'

Compiling './lib/python3.5/site-packages/GZCL/test_extract.py'...
***   File "./lib/python3.5/site-packages/GZCL/test_extract.py", line 65
    except Exception, e:
                    ^
SyntaxError: invalid syntax

Listing './lib/python3.5/site-packages/GZCL-1.0.38.egg-info'...
Listing './lib/python3.5/site-packages/Jinja2-2.10.dist-info'...
Listing './lib/python3.5/site-packages/Mako-1.0.7.egg-info'...
Listing './lib/python3.5/site-packages/MarkupSafe-1.0.egg-info'...
Listing './lib/python3.5/site-packages/SQLAlchemy-1.2.0.egg-info'...
Listing './lib/python3.5/site-packages/XlsxWriter-1.0.2.dist-info'...
Listing './lib/python3.5/site-packages/alembic'...
Listing './lib/python3.5/site-packages/alembic/autogenerate'...
Listing './lib/python3.5/site-packages/alembic/ddl'...
Listing './lib/python3.5/site-packages/alembic/operations'...
Listing './lib/python3.5/site-packages/alembic/runtime'...
Listing './lib/python3.5/site-packages/alembic/script'...
Listing './lib/python3.5/site-packages/alembic/templates'...
Listing './lib/python3.5/site-packages/alembic/templates/generic'...
Listing './lib/python3.5/site-packages/alembic/templates/multidb'...
Listing './lib/python3.5/site-packages/alembic/templates/pylons'...
Listing './lib/python3.5/site-packages/alembic/testing'...
Listing './lib/python3.5/site-packages/alembic/testing/plugin'...
Listing './lib/python3.5/site-packages/alembic/util'...
Listing './lib/python3.5/site-packages/alembic-0.9.6.egg-info'...
Listing './lib/python3.5/site-packages/banal'...
Listing './lib/python3.5/site-packages/banal-0.3.3.dist-info'...
Listing './lib/python3.5/site-packages/beautifulsoup4-4.6.0.dist-info'...
Listing './lib/python3.5/site-packages/bs4'...
Listing './lib/python3.5/site-packages/bs4/builder'...
Listing './lib/python3.5/site-packages/bs4/tests'...
Listing './lib/python3.5/site-packages/bs4-0.0.1.egg-info'...
Listing './lib/python3.5/site-packages/bson'...
Listing './lib/python3.5/site-packages/certifi'...
Listing './lib/python3.5/site-packages/certifi-2017.11.5.dist-info'...
Listing './lib/python3.5/site-packages/chardet'...
Listing './lib/python3.5/site-packages/chardet/cli'...
Listing './lib/python3.5/site-packages/chardet-3.0.4.dist-info'...
Listing './lib/python3.5/site-packages/colorama'...
Listing './lib/python3.5/site-packages/colorama-0.3.9.dist-info'...
Listing './lib/python3.5/site-packages/dataset'...
Listing './lib/python3.5/site-packages/dataset-1.0.5.dist-info'...
Listing './lib/python3.5/site-packages/dateutil'...
Listing './lib/python3.5/site-packages/dateutil/tz'...
Listing './lib/python3.5/site-packages/dateutil/zoneinfo'...
Listing './lib/python3.5/site-packages/gevent'...
Compiling './lib/python3.5/site-packages/gevent/_util_py2.py'...
***   File "./lib/python3.5/site-packages/gevent/_util_py2.py", line 7
    raise type, value, tb
              ^
SyntaxError: invalid syntax

Listing './lib/python3.5/site-packages/gevent/libev'...
Listing './lib/python3.5/site-packages/gevent-1.2.2.dist-info'...
Listing './lib/python3.5/site-packages/greenlet-0.4.12.dist-info'...
Listing './lib/python3.5/site-packages/grequests-0.3.0.egg-info'...
Listing './lib/python3.5/site-packages/gridfs'...
Listing './lib/python3.5/site-packages/hot_redis'...
Listing './lib/python3.5/site-packages/hot_redis/lua'...
Listing './lib/python3.5/site-packages/hot_redis-0.3.egg-info'...
Listing './lib/python3.5/site-packages/idna'...
Listing './lib/python3.5/site-packages/idna-2.6.dist-info'...
Listing './lib/python3.5/site-packages/jinja2'...
Compiling './lib/python3.5/site-packages/jinja2/asyncfilters.py'...
***   File "./lib/python3.5/site-packages/jinja2/asyncfilters.py", line 24
    yield item
    ^
SyntaxError: 'yield' inside async function

Compiling './lib/python3.5/site-packages/jinja2/asyncsupport.py'...
***   File "./lib/python3.5/site-packages/jinja2/asyncsupport.py", line 35
    yield event
    ^
SyntaxError: 'yield' inside async function

Listing './lib/python3.5/site-packages/kazoo'...
Listing './lib/python3.5/site-packages/kazoo/handlers'...
Listing './lib/python3.5/site-packages/kazoo/protocol'...
Listing './lib/python3.5/site-packages/kazoo/recipe'...
Listing './lib/python3.5/site-packages/kazoo/testing'...
Listing './lib/python3.5/site-packages/kazoo/tests'...
Listing './lib/python3.5/site-packages/kazoo-2.4.0.dist-info'...
Listing './lib/python3.5/site-packages/mako'...
Listing './lib/python3.5/site-packages/mako/ext'...
Listing './lib/python3.5/site-packages/markupsafe'...
Listing './lib/python3.5/site-packages/normality'...
Listing './lib/python3.5/site-packages/normality-0.5.7.dist-info'...
Listing './lib/python3.5/site-packages/pip'...
Listing './lib/python3.5/site-packages/pip/_vendor'...
Listing './lib/python3.5/site-packages/pip/commands'...
Listing './lib/python3.5/site-packages/pip/compat'...
Listing './lib/python3.5/site-packages/pip/models'...
Listing './lib/python3.5/site-packages/pip/operations'...
Listing './lib/python3.5/site-packages/pip/req'...
Listing './lib/python3.5/site-packages/pip/utils'...
Listing './lib/python3.5/site-packages/pip/vcs'...
Listing './lib/python3.5/site-packages/pip-9.0.1.dist-info'...
Listing './lib/python3.5/site-packages/pkg_resources'...
Listing './lib/python3.5/site-packages/pkg_resources/_vendor'...
Listing './lib/python3.5/site-packages/pkg_resources/_vendor/packaging'...
Listing './lib/python3.5/site-packages/pkg_resources/extern'...
Listing './lib/python3.5/site-packages/pkg_resources-0.0.0.dist-info'...
Listing './lib/python3.5/site-packages/pykafka'...
Listing './lib/python3.5/site-packages/pykafka/cli'...
Listing './lib/python3.5/site-packages/pykafka/rdkafka'...
Listing './lib/python3.5/site-packages/pykafka/test'...
Listing './lib/python3.5/site-packages/pykafka/utils'...
Listing './lib/python3.5/site-packages/pykafka-2.7.0.egg-info'...
Listing './lib/python3.5/site-packages/pymongo'...
Listing './lib/python3.5/site-packages/pymongo-3.6.0.dist-info'...
Listing './lib/python3.5/site-packages/python_dateutil-2.6.1.dist-info'...
Listing './lib/python3.5/site-packages/python_editor-1.0.3.egg-info'...
Listing './lib/python3.5/site-packages/redis'...
Listing './lib/python3.5/site-packages/redis-2.10.6.dist-info'...
Listing './lib/python3.5/site-packages/requests'...
Listing './lib/python3.5/site-packages/requests-2.18.4.dist-info'...
Listing './lib/python3.5/site-packages/setuptools'...
Listing './lib/python3.5/site-packages/setuptools/command'...
Listing './lib/python3.5/site-packages/setuptools/extern'...
Listing './lib/python3.5/site-packages/setuptools-32.3.1.dist-info'...
Listing './lib/python3.5/site-packages/six-1.11.0.dist-info'...
Listing './lib/python3.5/site-packages/sphinx_me-0.3.dist-info'...
Listing './lib/python3.5/site-packages/sqlalchemy'...
Listing './lib/python3.5/site-packages/sqlalchemy/connectors'...
Listing './lib/python3.5/site-packages/sqlalchemy/databases'...
Listing './lib/python3.5/site-packages/sqlalchemy/dialects'...
Listing './lib/python3.5/site-packages/sqlalchemy/dialects/firebird'...
Listing './lib/python3.5/site-packages/sqlalchemy/dialects/mssql'...
Listing './lib/python3.5/site-packages/sqlalchemy/dialects/mysql'...
Listing './lib/python3.5/site-packages/sqlalchemy/dialects/oracle'...
Listing './lib/python3.5/site-packages/sqlalchemy/dialects/postgresql'...
Listing './lib/python3.5/site-packages/sqlalchemy/dialects/sqlite'...
Listing './lib/python3.5/site-packages/sqlalchemy/dialects/sybase'...
Listing './lib/python3.5/site-packages/sqlalchemy/engine'...
Listing './lib/python3.5/site-packages/sqlalchemy/event'...
Listing './lib/python3.5/site-packages/sqlalchemy/ext'...
Listing './lib/python3.5/site-packages/sqlalchemy/ext/declarative'...
Listing './lib/python3.5/site-packages/sqlalchemy/orm'...
Listing './lib/python3.5/site-packages/sqlalchemy/sql'...
Listing './lib/python3.5/site-packages/sqlalchemy/testing'...
Listing './lib/python3.5/site-packages/sqlalchemy/testing/plugin'...
Listing './lib/python3.5/site-packages/sqlalchemy/testing/suite'...
Listing './lib/python3.5/site-packages/sqlalchemy/util'...
Listing './lib/python3.5/site-packages/tabulate-0.8.2.egg-info'...
Listing './lib/python3.5/site-packages/tests'...
Listing './lib/python3.5/site-packages/tests/pykafka'...
Listing './lib/python3.5/site-packages/tests/pykafka/rdkafka'...
Listing './lib/python3.5/site-packages/tests/pykafka/utils'...
Listing './lib/python3.5/site-packages/urllib3'...
Listing './lib/python3.5/site-packages/urllib3/contrib'...
Listing './lib/python3.5/site-packages/urllib3/contrib/_securetransport'...
Listing './lib/python3.5/site-packages/urllib3/packages'...
Listing './lib/python3.5/site-packages/urllib3/packages/backports'...
Listing './lib/python3.5/site-packages/urllib3/packages/ssl_match_hostname'...
Listing './lib/python3.5/site-packages/urllib3/util'...
Listing './lib/python3.5/site-packages/urllib3-1.22.dist-info'...
Listing './lib/python3.5/site-packages/xlsxwriter'...
Listing './share'...
Listing './share/python-wheels'...
