Listing '.'...
Listing './bin'...
Listing './include'...
Listing './lib'...
Listing './lib/python3.5'...
Listing './lib/python3.5/site-packages'...
Listing './lib/python3.5/site-packages/hurry'...
Listing './lib/python3.5/site-packages/hurry/explorer'...
Listing './lib/python3.5/site-packages/hurry/explorer/resources'...
Listing './lib/python3.5/site-packages/hurry/resource'...
Listing './lib/python3.5/site-packages/hurry/yui'...
Compiling './lib/python3.5/site-packages/hurry/yui/prepare.py'...
***   File "./lib/python3.5/site-packages/hurry/yui/prepare.py", line 14
    print "Usage: yuiprepare <YUI version> [<download version>]"
                                                               ^
SyntaxError: Missing parentheses in call to 'print'

Listing './lib/python3.5/site-packages/hurry/yui/yui-build'...
Listing './lib/python3.5/site-packages/hurry/yui/yui-build/animation'...
Listing './lib/python3.5/site-packages/hurry/yui/yui-build/assets'...
Listing './lib/python3.5/site-packages/hurry/yui/yui-build/assets/skins'...
Listing './lib/python3.5/site-packages/hurry/yui/yui-build/assets/skins/sam'...
Listing './lib/python3.5/site-packages/hurry/yui/yui-build/autocomplete'...
Listing './lib/python3.5/site-packages/hurry/yui/yui-build/autocomplete/assets'...
Listing './lib/python3.5/site-packages/hurry/yui/yui-build/autocomplete/assets/skins'...
Listing './lib/python3.5/site-packages/hurry/yui/yui-build/autocomplete/assets/skins/sam'...
Listing './lib/python3.5/site-packages/hurry/yui/yui-build/base'...
Listing './lib/python3.5/site-packages/hurry/yui/yui-build/button'...
Listing './lib/python3.5/site-packages/hurry/yui/yui-build/button/assets'...
Listing './lib/python3.5/site-packages/hurry/yui/yui-build/button/assets/skins'...
Listing './lib/python3.5/site-packages/hurry/yui/yui-build/button/assets/skins/sam'...
Listing './lib/python3.5/site-packages/hurry/yui/yui-build/calendar'...
Listing './lib/python3.5/site-packages/hurry/yui/yui-build/calendar/assets'...
Listing './lib/python3.5/site-packages/hurry/yui/yui-build/calendar/assets/skins'...
Listing './lib/python3.5/site-packages/hurry/yui/yui-build/calendar/assets/skins/sam'...
Listing './lib/python3.5/site-packages/hurry/yui/yui-build/carousel'...
Listing './lib/python3.5/site-packages/hurry/yui/yui-build/carousel/assets'...
Listing './lib/python3.5/site-packages/hurry/yui/yui-build/carousel/assets/skins'...
Listing './lib/python3.5/site-packages/hurry/yui/yui-build/carousel/assets/skins/sam'...
Listing './lib/python3.5/site-packages/hurry/yui/yui-build/charts'...
Listing './lib/python3.5/site-packages/hurry/yui/yui-build/charts/assets'...
Listing './lib/python3.5/site-packages/hurry/yui/yui-build/colorpicker'...
Listing './lib/python3.5/site-packages/hurry/yui/yui-build/colorpicker/assets'...
Listing './lib/python3.5/site-packages/hurry/yui/yui-build/colorpicker/assets/skins'...
Listing './lib/python3.5/site-packages/hurry/yui/yui-build/colorpicker/assets/skins/sam'...
Listing './lib/python3.5/site-packages/hurry/yui/yui-build/connection'...
Listing './lib/python3.5/site-packages/hurry/yui/yui-build/container'...
Listing './lib/python3.5/site-packages/hurry/yui/yui-build/container/assets'...
Listing './lib/python3.5/site-packages/hurry/yui/yui-build/container/assets/skins'...
Listing './lib/python3.5/site-packages/hurry/yui/yui-build/container/assets/skins/sam'...
Listing './lib/python3.5/site-packages/hurry/yui/yui-build/cookie'...
Listing './lib/python3.5/site-packages/hurry/yui/yui-build/datasource'...
Listing './lib/python3.5/site-packages/hurry/yui/yui-build/datatable'...
Listing './lib/python3.5/site-packages/hurry/yui/yui-build/datatable/assets'...
Listing './lib/python3.5/site-packages/hurry/yui/yui-build/datatable/assets/skins'...
Listing './lib/python3.5/site-packages/hurry/yui/yui-build/datatable/assets/skins/sam'...
Listing './lib/python3.5/site-packages/hurry/yui/yui-build/dom'...
Listing './lib/python3.5/site-packages/hurry/yui/yui-build/dragdrop'...
Listing './lib/python3.5/site-packages/hurry/yui/yui-build/editor'...
Listing './lib/python3.5/site-packages/hurry/yui/yui-build/editor/assets'...
Listing './lib/python3.5/site-packages/hurry/yui/yui-build/editor/assets/skins'...
Listing './lib/python3.5/site-packages/hurry/yui/yui-build/editor/assets/skins/sam'...
Listing './lib/python3.5/site-packages/hurry/yui/yui-build/element'...
Listing './lib/python3.5/site-packages/hurry/yui/yui-build/event'...
Listing './lib/python3.5/site-packages/hurry/yui/yui-build/fonts'...
Listing './lib/python3.5/site-packages/hurry/yui/yui-build/get'...
Listing './lib/python3.5/site-packages/hurry/yui/yui-build/grids'...
Listing './lib/python3.5/site-packages/hurry/yui/yui-build/history'...
Listing './lib/python3.5/site-packages/hurry/yui/yui-build/history/assets'...
Listing './lib/python3.5/site-packages/hurry/yui/yui-build/imagecropper'...
Listing './lib/python3.5/site-packages/hurry/yui/yui-build/imagecropper/assets'...
Listing './lib/python3.5/site-packages/hurry/yui/yui-build/imagecropper/assets/skins'...
Listing './lib/python3.5/site-packages/hurry/yui/yui-build/imagecropper/assets/skins/sam'...
Listing './lib/python3.5/site-packages/hurry/yui/yui-build/imageloader'...
Listing './lib/python3.5/site-packages/hurry/yui/yui-build/json'...
Listing './lib/python3.5/site-packages/hurry/yui/yui-build/layout'...
Listing './lib/python3.5/site-packages/hurry/yui/yui-build/layout/assets'...
Listing './lib/python3.5/site-packages/hurry/yui/yui-build/layout/assets/skins'...
Listing './lib/python3.5/site-packages/hurry/yui/yui-build/layout/assets/skins/sam'...
Listing './lib/python3.5/site-packages/hurry/yui/yui-build/logger'...
Listing './lib/python3.5/site-packages/hurry/yui/yui-build/logger/assets'...
Listing './lib/python3.5/site-packages/hurry/yui/yui-build/logger/assets/skins'...
Listing './lib/python3.5/site-packages/hurry/yui/yui-build/logger/assets/skins/sam'...
Listing './lib/python3.5/site-packages/hurry/yui/yui-build/menu'...
Listing './lib/python3.5/site-packages/hurry/yui/yui-build/menu/assets'...
Listing './lib/python3.5/site-packages/hurry/yui/yui-build/menu/assets/skins'...
Listing './lib/python3.5/site-packages/hurry/yui/yui-build/menu/assets/skins/sam'...
Listing './lib/python3.5/site-packages/hurry/yui/yui-build/paginator'...
Listing './lib/python3.5/site-packages/hurry/yui/yui-build/paginator/assets'...
Listing './lib/python3.5/site-packages/hurry/yui/yui-build/paginator/assets/skins'...
Listing './lib/python3.5/site-packages/hurry/yui/yui-build/paginator/assets/skins/sam'...
Listing './lib/python3.5/site-packages/hurry/yui/yui-build/profiler'...
Listing './lib/python3.5/site-packages/hurry/yui/yui-build/profilerviewer'...
Listing './lib/python3.5/site-packages/hurry/yui/yui-build/profilerviewer/assets'...
Listing './lib/python3.5/site-packages/hurry/yui/yui-build/profilerviewer/assets/skins'...
Listing './lib/python3.5/site-packages/hurry/yui/yui-build/profilerviewer/assets/skins/sam'...
Listing './lib/python3.5/site-packages/hurry/yui/yui-build/reset'...
Listing './lib/python3.5/site-packages/hurry/yui/yui-build/reset-fonts'...
Listing './lib/python3.5/site-packages/hurry/yui/yui-build/reset-fonts-grids'...
Listing './lib/python3.5/site-packages/hurry/yui/yui-build/resize'...
Listing './lib/python3.5/site-packages/hurry/yui/yui-build/resize/assets'...
Listing './lib/python3.5/site-packages/hurry/yui/yui-build/resize/assets/skins'...
Listing './lib/python3.5/site-packages/hurry/yui/yui-build/resize/assets/skins/sam'...
Listing './lib/python3.5/site-packages/hurry/yui/yui-build/selector'...
Listing './lib/python3.5/site-packages/hurry/yui/yui-build/slider'...
Listing './lib/python3.5/site-packages/hurry/yui/yui-build/slider/assets'...
Listing './lib/python3.5/site-packages/hurry/yui/yui-build/slider/assets/skins'...
Listing './lib/python3.5/site-packages/hurry/yui/yui-build/slider/assets/skins/sam'...
Listing './lib/python3.5/site-packages/hurry/yui/yui-build/stylesheet'...
Listing './lib/python3.5/site-packages/hurry/yui/yui-build/tabview'...
Listing './lib/python3.5/site-packages/hurry/yui/yui-build/tabview/assets'...
Listing './lib/python3.5/site-packages/hurry/yui/yui-build/tabview/assets/skins'...
Listing './lib/python3.5/site-packages/hurry/yui/yui-build/tabview/assets/skins/sam'...
Listing './lib/python3.5/site-packages/hurry/yui/yui-build/treeview'...
Listing './lib/python3.5/site-packages/hurry/yui/yui-build/treeview/assets'...
Listing './lib/python3.5/site-packages/hurry/yui/yui-build/treeview/assets/skins'...
Listing './lib/python3.5/site-packages/hurry/yui/yui-build/treeview/assets/skins/sam'...
Listing './lib/python3.5/site-packages/hurry/yui/yui-build/uploader'...
Listing './lib/python3.5/site-packages/hurry/yui/yui-build/uploader/assets'...
Listing './lib/python3.5/site-packages/hurry/yui/yui-build/utilities'...
Listing './lib/python3.5/site-packages/hurry/yui/yui-build/yahoo'...
Listing './lib/python3.5/site-packages/hurry/yui/yui-build/yahoo-dom-event'...
Listing './lib/python3.5/site-packages/hurry/yui/yui-build/yuiloader'...
Listing './lib/python3.5/site-packages/hurry/yui/yui-build/yuiloader-dom-event'...
Listing './lib/python3.5/site-packages/hurry/yui/yui-build/yuitest'...
Listing './lib/python3.5/site-packages/hurry/yui/yui-build/yuitest/assets'...
Listing './lib/python3.5/site-packages/hurry/yui/yui-build/yuitest/assets/skins'...
Listing './lib/python3.5/site-packages/hurry/yui/yui-build/yuitest/assets/skins/sam'...
Listing './lib/python3.5/site-packages/hurry.explorer-0.2.egg-info'...
Listing './lib/python3.5/site-packages/hurry.resource-0.10.egg-info'...
Listing './lib/python3.5/site-packages/hurry.yui-2.7.0.1.egg-info'...
Listing './lib/python3.5/site-packages/pip'...
Listing './lib/python3.5/site-packages/pip/_vendor'...
Listing './lib/python3.5/site-packages/pip/commands'...
Listing './lib/python3.5/site-packages/pip/compat'...
Listing './lib/python3.5/site-packages/pip/models'...
Listing './lib/python3.5/site-packages/pip/operations'...
Listing './lib/python3.5/site-packages/pip/req'...
Listing './lib/python3.5/site-packages/pip/utils'...
Listing './lib/python3.5/site-packages/pip/vcs'...
Listing './lib/python3.5/site-packages/pip-9.0.1.dist-info'...
Listing './lib/python3.5/site-packages/pkg_resources'...
Listing './lib/python3.5/site-packages/pkg_resources/_vendor'...
Listing './lib/python3.5/site-packages/pkg_resources/_vendor/packaging'...
Listing './lib/python3.5/site-packages/pkg_resources/extern'...
Listing './lib/python3.5/site-packages/pkg_resources-0.0.0.dist-info'...
Listing './lib/python3.5/site-packages/setuptools'...
Listing './lib/python3.5/site-packages/setuptools/command'...
Listing './lib/python3.5/site-packages/setuptools/extern'...
Listing './lib/python3.5/site-packages/setuptools-32.3.1.dist-info'...
Listing './lib/python3.5/site-packages/simplejson'...
Listing './lib/python3.5/site-packages/simplejson/tests'...
Listing './lib/python3.5/site-packages/simplejson-3.13.2.egg-info'...
Listing './share'...
Listing './share/python-wheels'...
