Listing '.'...
Listing './bin'...
Listing './include'...
Listing './lib'...
Listing './lib/python3.5'...
Listing './lib/python3.5/site-packages'...
Listing './lib/python3.5/site-packages/Babel-2.5.1.dist-info'...
Listing './lib/python3.5/site-packages/Flask-0.12.2.dist-info'...
Listing './lib/python3.5/site-packages/Flask_Assets-0.12.egg-info'...
Listing './lib/python3.5/site-packages/Flask_BabelEx-0.9.3.egg-info'...
Listing './lib/python3.5/site-packages/Flask_Collect-1.2.2.dist-info'...
Listing './lib/python3.5/site-packages/Jinja2-2.10.dist-info'...
Listing './lib/python3.5/site-packages/MarkupSafe-1.0.egg-info'...
Listing './lib/python3.5/site-packages/Werkzeug-0.14.1.dist-info'...
Listing './lib/python3.5/site-packages/angular_gettext_babel'...
Listing './lib/python3.5/site-packages/angular_gettext_babel-0.3.dist-info'...
Listing './lib/python3.5/site-packages/babel'...
Listing './lib/python3.5/site-packages/babel/locale-data'...
Listing './lib/python3.5/site-packages/babel/localtime'...
Listing './lib/python3.5/site-packages/babel/messages'...
Listing './lib/python3.5/site-packages/click'...
Listing './lib/python3.5/site-packages/click-6.7.dist-info'...
Listing './lib/python3.5/site-packages/flask'...
Listing './lib/python3.5/site-packages/flask/ext'...
Listing './lib/python3.5/site-packages/flask_babelex'...
Listing './lib/python3.5/site-packages/flask_collect'...
Listing './lib/python3.5/site-packages/flask_collect/storage'...
Listing './lib/python3.5/site-packages/invenio_assets'...
Listing './lib/python3.5/site-packages/invenio_assets-1.0.0b7.dist-info'...
Listing './lib/python3.5/site-packages/invenio_search_ui'...
Listing './lib/python3.5/site-packages/invenio_search_ui/static'...
Listing './lib/python3.5/site-packages/invenio_search_ui/static/js'...
Listing './lib/python3.5/site-packages/invenio_search_ui/static/js/invenio_search_ui'...
Listing './lib/python3.5/site-packages/invenio_search_ui/static/scss'...
Listing './lib/python3.5/site-packages/invenio_search_ui/static/scss/invenio_search_ui'...
Listing './lib/python3.5/site-packages/invenio_search_ui/static/templates'...
Listing './lib/python3.5/site-packages/invenio_search_ui/static/templates/invenio_search_ui'...
Listing './lib/python3.5/site-packages/invenio_search_ui/static/templates/invenio_search_ui/marc21'...
Listing './lib/python3.5/site-packages/invenio_search_ui/templates'...
Listing './lib/python3.5/site-packages/invenio_search_ui/templates/invenio_search_ui'...
Listing './lib/python3.5/site-packages/invenio_search_ui/translations'...
Listing './lib/python3.5/site-packages/invenio_search_ui/translations/af'...
Listing './lib/python3.5/site-packages/invenio_search_ui/translations/af/LC_MESSAGES'...
Listing './lib/python3.5/site-packages/invenio_search_ui/translations/bg'...
Listing './lib/python3.5/site-packages/invenio_search_ui/translations/bg/LC_MESSAGES'...
Listing './lib/python3.5/site-packages/invenio_search_ui/translations/ca'...
Listing './lib/python3.5/site-packages/invenio_search_ui/translations/ca/LC_MESSAGES'...
Listing './lib/python3.5/site-packages/invenio_search_ui/translations/cs'...
Listing './lib/python3.5/site-packages/invenio_search_ui/translations/cs/LC_MESSAGES'...
Listing './lib/python3.5/site-packages/invenio_search_ui/translations/da'...
Listing './lib/python3.5/site-packages/invenio_search_ui/translations/da/LC_MESSAGES'...
Listing './lib/python3.5/site-packages/invenio_search_ui/translations/de'...
Listing './lib/python3.5/site-packages/invenio_search_ui/translations/de/LC_MESSAGES'...
Listing './lib/python3.5/site-packages/invenio_search_ui/translations/el'...
Listing './lib/python3.5/site-packages/invenio_search_ui/translations/el/LC_MESSAGES'...
Listing './lib/python3.5/site-packages/invenio_search_ui/translations/es'...
Listing './lib/python3.5/site-packages/invenio_search_ui/translations/es/LC_MESSAGES'...
Listing './lib/python3.5/site-packages/invenio_search_ui/translations/fr'...
Listing './lib/python3.5/site-packages/invenio_search_ui/translations/fr/LC_MESSAGES'...
Listing './lib/python3.5/site-packages/invenio_search_ui/translations/gl'...
Listing './lib/python3.5/site-packages/invenio_search_ui/translations/gl/LC_MESSAGES'...
Listing './lib/python3.5/site-packages/invenio_search_ui/translations/hr'...
Listing './lib/python3.5/site-packages/invenio_search_ui/translations/hr/LC_MESSAGES'...
Listing './lib/python3.5/site-packages/invenio_search_ui/translations/hu'...
Listing './lib/python3.5/site-packages/invenio_search_ui/translations/hu/LC_MESSAGES'...
Listing './lib/python3.5/site-packages/invenio_search_ui/translations/it'...
Listing './lib/python3.5/site-packages/invenio_search_ui/translations/it/LC_MESSAGES'...
Listing './lib/python3.5/site-packages/invenio_search_ui/translations/ja'...
Listing './lib/python3.5/site-packages/invenio_search_ui/translations/ja/LC_MESSAGES'...
Listing './lib/python3.5/site-packages/invenio_search_ui/translations/ka'...
Listing './lib/python3.5/site-packages/invenio_search_ui/translations/ka/LC_MESSAGES'...
Listing './lib/python3.5/site-packages/invenio_search_ui/translations/no'...
Listing './lib/python3.5/site-packages/invenio_search_ui/translations/no/LC_MESSAGES'...
Listing './lib/python3.5/site-packages/invenio_search_ui/translations/pl'...
Listing './lib/python3.5/site-packages/invenio_search_ui/translations/pl/LC_MESSAGES'...
Listing './lib/python3.5/site-packages/invenio_search_ui/translations/pt'...
Listing './lib/python3.5/site-packages/invenio_search_ui/translations/pt/LC_MESSAGES'...
Listing './lib/python3.5/site-packages/invenio_search_ui/translations/ro'...
Listing './lib/python3.5/site-packages/invenio_search_ui/translations/ro/LC_MESSAGES'...
Listing './lib/python3.5/site-packages/invenio_search_ui/translations/ru'...
Listing './lib/python3.5/site-packages/invenio_search_ui/translations/ru/LC_MESSAGES'...
Listing './lib/python3.5/site-packages/invenio_search_ui/translations/rw'...
Listing './lib/python3.5/site-packages/invenio_search_ui/translations/rw/LC_MESSAGES'...
Listing './lib/python3.5/site-packages/invenio_search_ui/translations/sk'...
Listing './lib/python3.5/site-packages/invenio_search_ui/translations/sk/LC_MESSAGES'...
Listing './lib/python3.5/site-packages/invenio_search_ui/translations/sv'...
Listing './lib/python3.5/site-packages/invenio_search_ui/translations/sv/LC_MESSAGES'...
Listing './lib/python3.5/site-packages/invenio_search_ui/translations/uk'...
Listing './lib/python3.5/site-packages/invenio_search_ui/translations/uk/LC_MESSAGES'...
Listing './lib/python3.5/site-packages/invenio_search_ui/translations/zh_CN'...
Listing './lib/python3.5/site-packages/invenio_search_ui/translations/zh_CN/LC_MESSAGES'...
Listing './lib/python3.5/site-packages/invenio_search_ui/translations/zh_TW'...
Listing './lib/python3.5/site-packages/invenio_search_ui/translations/zh_TW/LC_MESSAGES'...
Listing './lib/python3.5/site-packages/invenio_search_ui-1.0.0a9.dist-info'...
Listing './lib/python3.5/site-packages/itsdangerous-0.24.egg-info'...
Listing './lib/python3.5/site-packages/jinja2'...
Compiling './lib/python3.5/site-packages/jinja2/asyncfilters.py'...
***   File "./lib/python3.5/site-packages/jinja2/asyncfilters.py", line 24
    yield item
    ^
SyntaxError: 'yield' inside async function

Compiling './lib/python3.5/site-packages/jinja2/asyncsupport.py'...
***   File "./lib/python3.5/site-packages/jinja2/asyncsupport.py", line 35
    yield event
    ^
SyntaxError: 'yield' inside async function

Listing './lib/python3.5/site-packages/markupsafe'...
Listing './lib/python3.5/site-packages/node_semver-0.1.1.egg-info'...
Listing './lib/python3.5/site-packages/pip'...
Listing './lib/python3.5/site-packages/pip/_vendor'...
Listing './lib/python3.5/site-packages/pip/commands'...
Listing './lib/python3.5/site-packages/pip/compat'...
Listing './lib/python3.5/site-packages/pip/models'...
Listing './lib/python3.5/site-packages/pip/operations'...
Listing './lib/python3.5/site-packages/pip/req'...
Listing './lib/python3.5/site-packages/pip/utils'...
Listing './lib/python3.5/site-packages/pip/vcs'...
Listing './lib/python3.5/site-packages/pip-9.0.1.dist-info'...
Listing './lib/python3.5/site-packages/pkg_resources'...
Listing './lib/python3.5/site-packages/pkg_resources/_vendor'...
Listing './lib/python3.5/site-packages/pkg_resources/_vendor/packaging'...
Listing './lib/python3.5/site-packages/pkg_resources/extern'...
Listing './lib/python3.5/site-packages/pkg_resources-0.0.0.dist-info'...
Listing './lib/python3.5/site-packages/pytz'...
Listing './lib/python3.5/site-packages/pytz/zoneinfo'...
Listing './lib/python3.5/site-packages/pytz/zoneinfo/Africa'...
Listing './lib/python3.5/site-packages/pytz/zoneinfo/America'...
Listing './lib/python3.5/site-packages/pytz/zoneinfo/America/Argentina'...
Listing './lib/python3.5/site-packages/pytz/zoneinfo/America/Indiana'...
Listing './lib/python3.5/site-packages/pytz/zoneinfo/America/Kentucky'...
Listing './lib/python3.5/site-packages/pytz/zoneinfo/America/North_Dakota'...
Listing './lib/python3.5/site-packages/pytz/zoneinfo/Antarctica'...
Listing './lib/python3.5/site-packages/pytz/zoneinfo/Arctic'...
Listing './lib/python3.5/site-packages/pytz/zoneinfo/Asia'...
Listing './lib/python3.5/site-packages/pytz/zoneinfo/Atlantic'...
Listing './lib/python3.5/site-packages/pytz/zoneinfo/Australia'...
Listing './lib/python3.5/site-packages/pytz/zoneinfo/Brazil'...
Listing './lib/python3.5/site-packages/pytz/zoneinfo/Canada'...
Listing './lib/python3.5/site-packages/pytz/zoneinfo/Chile'...
Listing './lib/python3.5/site-packages/pytz/zoneinfo/Etc'...
Listing './lib/python3.5/site-packages/pytz/zoneinfo/Europe'...
Listing './lib/python3.5/site-packages/pytz/zoneinfo/Indian'...
Listing './lib/python3.5/site-packages/pytz/zoneinfo/Mexico'...
Listing './lib/python3.5/site-packages/pytz/zoneinfo/Pacific'...
Listing './lib/python3.5/site-packages/pytz/zoneinfo/US'...
Listing './lib/python3.5/site-packages/pytz-2017.3.dist-info'...
Listing './lib/python3.5/site-packages/semver'...
Listing './lib/python3.5/site-packages/semver/tests'...
Listing './lib/python3.5/site-packages/setuptools'...
Listing './lib/python3.5/site-packages/setuptools/command'...
Listing './lib/python3.5/site-packages/setuptools/extern'...
Listing './lib/python3.5/site-packages/setuptools-32.3.1.dist-info'...
Listing './lib/python3.5/site-packages/speaklater-1.3.egg-info'...
Listing './lib/python3.5/site-packages/tests'...
Listing './lib/python3.5/site-packages/webassets'...
Listing './lib/python3.5/site-packages/webassets/ext'...
Listing './lib/python3.5/site-packages/webassets/filter'...
Listing './lib/python3.5/site-packages/webassets/filter/cssrewrite'...
Listing './lib/python3.5/site-packages/webassets/filter/jspacker'...
Listing './lib/python3.5/site-packages/webassets/filter/rjsmin'...
Listing './lib/python3.5/site-packages/webassets-0.12.1.egg-info'...
Listing './lib/python3.5/site-packages/werkzeug'...
Listing './lib/python3.5/site-packages/werkzeug/contrib'...
Listing './lib/python3.5/site-packages/werkzeug/debug'...
Listing './lib/python3.5/site-packages/werkzeug/debug/shared'...
Listing './share'...
Listing './share/python-wheels'...
