Listing '.'...
Listing './bin'...
Listing './include'...
Listing './lib'...
Listing './lib/python3.5'...
Listing './lib/python3.5/site-packages'...
Listing './lib/python3.5/site-packages/.libs_cffi_backend'...
Listing './lib/python3.5/site-packages/Babel-2.5.1.dist-info'...
Listing './lib/python3.5/site-packages/Flask-0.12.2.dist-info'...
Listing './lib/python3.5/site-packages/Flask_Assets-0.12.egg-info'...
Listing './lib/python3.5/site-packages/Flask_BabelEx-0.9.3.egg-info'...
Listing './lib/python3.5/site-packages/Flask_Breadcrumbs-0.4.0.dist-info'...
Listing './lib/python3.5/site-packages/Flask_CeleryExt-0.3.0.dist-info'...
Listing './lib/python3.5/site-packages/Flask_Collect-1.2.2.dist-info'...
Listing './lib/python3.5/site-packages/Flask_Cors-3.0.3.dist-info'...
Listing './lib/python3.5/site-packages/Flask_KVSession-0.6.2.egg-info'...
Listing './lib/python3.5/site-packages/Flask_Login-0.4.1.egg-info'...
Listing './lib/python3.5/site-packages/Flask_Mail-0.9.1.egg-info'...
Listing './lib/python3.5/site-packages/Flask_Menu-0.7.0.dist-info'...
Listing './lib/python3.5/site-packages/Flask_Principal-0.4.0.egg-info'...
Listing './lib/python3.5/site-packages/Flask_Security-3.0.0.dist-info'...
Listing './lib/python3.5/site-packages/Flask_WTF-0.14.2.dist-info'...
Listing './lib/python3.5/site-packages/Jinja2-2.10.dist-info'...
Listing './lib/python3.5/site-packages/MarkupSafe-1.0.egg-info'...
Listing './lib/python3.5/site-packages/PyJWT-1.5.3.dist-info'...
Listing './lib/python3.5/site-packages/SQLAlchemy-1.2.0.egg-info'...
Listing './lib/python3.5/site-packages/SQLAlchemy_Utils-0.32.21.egg-info'...
Listing './lib/python3.5/site-packages/WTForms-2.1.egg-info'...
Listing './lib/python3.5/site-packages/Werkzeug-0.14.1.dist-info'...
Listing './lib/python3.5/site-packages/_maxminddb_geolite2'...
Listing './lib/python3.5/site-packages/amqp'...
Listing './lib/python3.5/site-packages/amqp-2.2.2.dist-info'...
Listing './lib/python3.5/site-packages/asn1crypto'...
Listing './lib/python3.5/site-packages/asn1crypto/_perf'...
Listing './lib/python3.5/site-packages/asn1crypto-0.24.0.dist-info'...
Listing './lib/python3.5/site-packages/babel'...
Listing './lib/python3.5/site-packages/babel/locale-data'...
Listing './lib/python3.5/site-packages/babel/localtime'...
Listing './lib/python3.5/site-packages/babel/messages'...
Listing './lib/python3.5/site-packages/billiard'...
Listing './lib/python3.5/site-packages/billiard/dummy'...
Listing './lib/python3.5/site-packages/billiard-3.5.0.3.dist-info'...
Listing './lib/python3.5/site-packages/blinker'...
Listing './lib/python3.5/site-packages/blinker-1.4.egg-info'...
Listing './lib/python3.5/site-packages/celery'...
Listing './lib/python3.5/site-packages/celery/app'...
Listing './lib/python3.5/site-packages/celery/apps'...
Listing './lib/python3.5/site-packages/celery/backends'...
Listing './lib/python3.5/site-packages/celery/backends/database'...
Listing './lib/python3.5/site-packages/celery/bin'...
Listing './lib/python3.5/site-packages/celery/concurrency'...
Listing './lib/python3.5/site-packages/celery/contrib'...
Listing './lib/python3.5/site-packages/celery/contrib/testing'...
Listing './lib/python3.5/site-packages/celery/events'...
Listing './lib/python3.5/site-packages/celery/fixups'...
Listing './lib/python3.5/site-packages/celery/loaders'...
Listing './lib/python3.5/site-packages/celery/security'...
Listing './lib/python3.5/site-packages/celery/task'...
Listing './lib/python3.5/site-packages/celery/utils'...
Listing './lib/python3.5/site-packages/celery/utils/dispatch'...
Listing './lib/python3.5/site-packages/celery/utils/static'...
Listing './lib/python3.5/site-packages/celery/worker'...
Listing './lib/python3.5/site-packages/celery/worker/consumer'...
Listing './lib/python3.5/site-packages/celery-4.1.0.dist-info'...
Listing './lib/python3.5/site-packages/certifi'...
Listing './lib/python3.5/site-packages/certifi-2017.11.5.dist-info'...
Listing './lib/python3.5/site-packages/cffi'...
Listing './lib/python3.5/site-packages/cffi-1.11.3.dist-info'...
Listing './lib/python3.5/site-packages/chardet'...
Listing './lib/python3.5/site-packages/chardet/cli'...
Listing './lib/python3.5/site-packages/chardet-3.0.4.dist-info'...
Listing './lib/python3.5/site-packages/click'...
Listing './lib/python3.5/site-packages/click-6.7.dist-info'...
Listing './lib/python3.5/site-packages/cryptography'...
Listing './lib/python3.5/site-packages/cryptography/hazmat'...
Listing './lib/python3.5/site-packages/cryptography/hazmat/backends'...
Listing './lib/python3.5/site-packages/cryptography/hazmat/backends/openssl'...
Listing './lib/python3.5/site-packages/cryptography/hazmat/bindings'...
Listing './lib/python3.5/site-packages/cryptography/hazmat/bindings/openssl'...
Listing './lib/python3.5/site-packages/cryptography/hazmat/primitives'...
Listing './lib/python3.5/site-packages/cryptography/hazmat/primitives/asymmetric'...
Listing './lib/python3.5/site-packages/cryptography/hazmat/primitives/ciphers'...
Listing './lib/python3.5/site-packages/cryptography/hazmat/primitives/kdf'...
Listing './lib/python3.5/site-packages/cryptography/hazmat/primitives/twofactor'...
Listing './lib/python3.5/site-packages/cryptography/x509'...
Listing './lib/python3.5/site-packages/cryptography-2.1.4.dist-info'...
Listing './lib/python3.5/site-packages/dateutil'...
Listing './lib/python3.5/site-packages/dateutil/tz'...
Listing './lib/python3.5/site-packages/dateutil/zoneinfo'...
Listing './lib/python3.5/site-packages/elasticsearch'...
Listing './lib/python3.5/site-packages/elasticsearch/client'...
Listing './lib/python3.5/site-packages/elasticsearch/connection'...
Listing './lib/python3.5/site-packages/elasticsearch/helpers'...
Listing './lib/python3.5/site-packages/elasticsearch-2.4.1.dist-info'...
Listing './lib/python3.5/site-packages/elasticsearch_dsl'...
Listing './lib/python3.5/site-packages/elasticsearch_dsl-2.2.0.dist-info'...
Listing './lib/python3.5/site-packages/flask'...
Listing './lib/python3.5/site-packages/flask/ext'...
Listing './lib/python3.5/site-packages/flask_babelex'...
Listing './lib/python3.5/site-packages/flask_breadcrumbs'...
Listing './lib/python3.5/site-packages/flask_celeryext'...
Listing './lib/python3.5/site-packages/flask_collect'...
Listing './lib/python3.5/site-packages/flask_collect/storage'...
Listing './lib/python3.5/site-packages/flask_cors'...
Listing './lib/python3.5/site-packages/flask_kvsession'...
Listing './lib/python3.5/site-packages/flask_login'...
Listing './lib/python3.5/site-packages/flask_menu'...
Listing './lib/python3.5/site-packages/flask_security'...
Listing './lib/python3.5/site-packages/flask_security/templates'...
Listing './lib/python3.5/site-packages/flask_security/templates/security'...
Listing './lib/python3.5/site-packages/flask_security/templates/security/email'...
Listing './lib/python3.5/site-packages/flask_security/translations'...
Listing './lib/python3.5/site-packages/flask_security/translations/da_DK'...
Listing './lib/python3.5/site-packages/flask_security/translations/da_DK/LC_MESSAGES'...
Listing './lib/python3.5/site-packages/flask_security/translations/de_DE'...
Listing './lib/python3.5/site-packages/flask_security/translations/de_DE/LC_MESSAGES'...
Listing './lib/python3.5/site-packages/flask_security/translations/fr_FR'...
Listing './lib/python3.5/site-packages/flask_security/translations/fr_FR/LC_MESSAGES'...
Listing './lib/python3.5/site-packages/flask_security/translations/nl_NL'...
Listing './lib/python3.5/site-packages/flask_security/translations/nl_NL/LC_MESSAGES'...
Listing './lib/python3.5/site-packages/flask_security/translations/ru_RU'...
Listing './lib/python3.5/site-packages/flask_security/translations/ru_RU/LC_MESSAGES'...
Listing './lib/python3.5/site-packages/flask_wtf'...
Listing './lib/python3.5/site-packages/flask_wtf/recaptcha'...
Listing './lib/python3.5/site-packages/fs'...
Listing './lib/python3.5/site-packages/fs/commands'...
Listing './lib/python3.5/site-packages/fs/contrib'...
Listing './lib/python3.5/site-packages/fs/contrib/bigfs'...
Listing './lib/python3.5/site-packages/fs/contrib/davfs'...
Listing './lib/python3.5/site-packages/fs/contrib/tahoelafs'...
Listing './lib/python3.5/site-packages/fs/expose'...
Listing './lib/python3.5/site-packages/fs/expose/dokan'...
Listing './lib/python3.5/site-packages/fs/expose/fuse'...
Listing './lib/python3.5/site-packages/fs/expose/wsgi'...
Listing './lib/python3.5/site-packages/fs/osfs'...
Listing './lib/python3.5/site-packages/fs/tests'...
Listing './lib/python3.5/site-packages/fs/tests/data'...
Listing './lib/python3.5/site-packages/fs/wrapfs'...
Listing './lib/python3.5/site-packages/fs-0.5.4.egg-info'...
Listing './lib/python3.5/site-packages/future'...
Listing './lib/python3.5/site-packages/future/backports'...
Listing './lib/python3.5/site-packages/future/backports/email'...
Listing './lib/python3.5/site-packages/future/backports/email/mime'...
Listing './lib/python3.5/site-packages/future/backports/html'...
Listing './lib/python3.5/site-packages/future/backports/http'...
Listing './lib/python3.5/site-packages/future/backports/test'...
Listing './lib/python3.5/site-packages/future/backports/urllib'...
Listing './lib/python3.5/site-packages/future/backports/xmlrpc'...
Listing './lib/python3.5/site-packages/future/builtins'...
Listing './lib/python3.5/site-packages/future/moves'...
Listing './lib/python3.5/site-packages/future/moves/dbm'...
Listing './lib/python3.5/site-packages/future/moves/html'...
Listing './lib/python3.5/site-packages/future/moves/http'...
Listing './lib/python3.5/site-packages/future/moves/test'...
Listing './lib/python3.5/site-packages/future/moves/tkinter'...
Listing './lib/python3.5/site-packages/future/moves/urllib'...
Listing './lib/python3.5/site-packages/future/moves/xmlrpc'...
Listing './lib/python3.5/site-packages/future/standard_library'...
Listing './lib/python3.5/site-packages/future/tests'...
Listing './lib/python3.5/site-packages/future/types'...
Listing './lib/python3.5/site-packages/future/utils'...
Listing './lib/python3.5/site-packages/future-0.16.0.egg-info'...
Listing './lib/python3.5/site-packages/idna'...
Listing './lib/python3.5/site-packages/idna-2.6.dist-info'...
Listing './lib/python3.5/site-packages/invenio_access'...
Listing './lib/python3.5/site-packages/invenio_access/alembic'...
Listing './lib/python3.5/site-packages/invenio_access/translations'...
Listing './lib/python3.5/site-packages/invenio_access/translations/cs'...
Listing './lib/python3.5/site-packages/invenio_access/translations/cs/LC_MESSAGES'...
Listing './lib/python3.5/site-packages/invenio_access/translations/da'...
Listing './lib/python3.5/site-packages/invenio_access/translations/da/LC_MESSAGES'...
Listing './lib/python3.5/site-packages/invenio_access/translations/de'...
Listing './lib/python3.5/site-packages/invenio_access/translations/de/LC_MESSAGES'...
Listing './lib/python3.5/site-packages/invenio_access/translations/es'...
Listing './lib/python3.5/site-packages/invenio_access/translations/es/LC_MESSAGES'...
Listing './lib/python3.5/site-packages/invenio_access/translations/fr'...
Listing './lib/python3.5/site-packages/invenio_access/translations/fr/LC_MESSAGES'...
Listing './lib/python3.5/site-packages/invenio_access/translations/it'...
Listing './lib/python3.5/site-packages/invenio_access/translations/it/LC_MESSAGES'...
Listing './lib/python3.5/site-packages/invenio_access-1.0.0b1.dist-info'...
Listing './lib/python3.5/site-packages/invenio_accounts'...
Listing './lib/python3.5/site-packages/invenio_accounts/alembic'...
Listing './lib/python3.5/site-packages/invenio_accounts/context_processors'...
Listing './lib/python3.5/site-packages/invenio_accounts/templates'...
Listing './lib/python3.5/site-packages/invenio_accounts/templates/invenio_accounts'...
Listing './lib/python3.5/site-packages/invenio_accounts/templates/invenio_accounts/settings'...
Listing './lib/python3.5/site-packages/invenio_accounts/translations'...
Listing './lib/python3.5/site-packages/invenio_accounts/translations/cs'...
Listing './lib/python3.5/site-packages/invenio_accounts/translations/cs/LC_MESSAGES'...
Listing './lib/python3.5/site-packages/invenio_accounts/translations/da'...
Listing './lib/python3.5/site-packages/invenio_accounts/translations/da/LC_MESSAGES'...
Listing './lib/python3.5/site-packages/invenio_accounts/translations/de'...
Listing './lib/python3.5/site-packages/invenio_accounts/translations/de/LC_MESSAGES'...
Listing './lib/python3.5/site-packages/invenio_accounts/translations/es'...
Listing './lib/python3.5/site-packages/invenio_accounts/translations/es/LC_MESSAGES'...
Listing './lib/python3.5/site-packages/invenio_accounts/translations/fr'...
Listing './lib/python3.5/site-packages/invenio_accounts/translations/fr/LC_MESSAGES'...
Listing './lib/python3.5/site-packages/invenio_accounts/translations/it'...
Listing './lib/python3.5/site-packages/invenio_accounts/translations/it/LC_MESSAGES'...
Listing './lib/python3.5/site-packages/invenio_accounts/views'...
Listing './lib/python3.5/site-packages/invenio_accounts-1.0.0b12.dist-info'...
Listing './lib/python3.5/site-packages/invenio_assets'...
Listing './lib/python3.5/site-packages/invenio_assets-1.0.0b7.dist-info'...
Listing './lib/python3.5/site-packages/invenio_communities'...
Listing './lib/python3.5/site-packages/invenio_communities/alembic'...
Listing './lib/python3.5/site-packages/invenio_communities/serializers'...
Listing './lib/python3.5/site-packages/invenio_communities/serializers/schemas'...
Listing './lib/python3.5/site-packages/invenio_communities/static'...
Listing './lib/python3.5/site-packages/invenio_communities/static/img'...
Listing './lib/python3.5/site-packages/invenio_communities/static/js'...
Listing './lib/python3.5/site-packages/invenio_communities/static/js/invenio_communities'...
Listing './lib/python3.5/site-packages/invenio_communities/static/js/invenio_communities/directives'...
Listing './lib/python3.5/site-packages/invenio_communities/static/scss'...
Listing './lib/python3.5/site-packages/invenio_communities/static/scss/invenio_communities'...
Listing './lib/python3.5/site-packages/invenio_communities/static/templates'...
Listing './lib/python3.5/site-packages/invenio_communities/static/templates/invenio_communities'...
Listing './lib/python3.5/site-packages/invenio_communities/templates'...
Listing './lib/python3.5/site-packages/invenio_communities/templates/invenio_communities'...
Listing './lib/python3.5/site-packages/invenio_communities/translations'...
Listing './lib/python3.5/site-packages/invenio_communities/translations/cs'...
Listing './lib/python3.5/site-packages/invenio_communities/translations/cs/LC_MESSAGES'...
Listing './lib/python3.5/site-packages/invenio_communities/translations/da'...
Listing './lib/python3.5/site-packages/invenio_communities/translations/da/LC_MESSAGES'...
Listing './lib/python3.5/site-packages/invenio_communities/translations/de'...
Listing './lib/python3.5/site-packages/invenio_communities/translations/de/LC_MESSAGES'...
Listing './lib/python3.5/site-packages/invenio_communities/translations/es'...
Listing './lib/python3.5/site-packages/invenio_communities/translations/es/LC_MESSAGES'...
Listing './lib/python3.5/site-packages/invenio_communities/translations/fr'...
Listing './lib/python3.5/site-packages/invenio_communities/translations/fr/LC_MESSAGES'...
Listing './lib/python3.5/site-packages/invenio_communities/translations/it'...
Listing './lib/python3.5/site-packages/invenio_communities/translations/it/LC_MESSAGES'...
Listing './lib/python3.5/site-packages/invenio_communities/views'...
Listing './lib/python3.5/site-packages/invenio_communities-1.0.0a18.dist-info'...
Listing './lib/python3.5/site-packages/invenio_files_rest'...
Listing './lib/python3.5/site-packages/invenio_files_rest/alembic'...
Listing './lib/python3.5/site-packages/invenio_files_rest/storage'...
Listing './lib/python3.5/site-packages/invenio_files_rest/translations'...
Listing './lib/python3.5/site-packages/invenio_files_rest/translations/cs'...
Listing './lib/python3.5/site-packages/invenio_files_rest/translations/cs/LC_MESSAGES'...
Listing './lib/python3.5/site-packages/invenio_files_rest/translations/da'...
Listing './lib/python3.5/site-packages/invenio_files_rest/translations/da/LC_MESSAGES'...
Listing './lib/python3.5/site-packages/invenio_files_rest/translations/de'...
Listing './lib/python3.5/site-packages/invenio_files_rest/translations/de/LC_MESSAGES'...
Listing './lib/python3.5/site-packages/invenio_files_rest/translations/es'...
Listing './lib/python3.5/site-packages/invenio_files_rest/translations/es/LC_MESSAGES'...
Listing './lib/python3.5/site-packages/invenio_files_rest/translations/fr'...
Listing './lib/python3.5/site-packages/invenio_files_rest/translations/fr/LC_MESSAGES'...
Listing './lib/python3.5/site-packages/invenio_files_rest/translations/it'...
Listing './lib/python3.5/site-packages/invenio_files_rest/translations/it/LC_MESSAGES'...
Listing './lib/python3.5/site-packages/invenio_files_rest-1.0.0a22.dist-info'...
Listing './lib/python3.5/site-packages/invenio_i18n'...
Listing './lib/python3.5/site-packages/invenio_i18n/static'...
Listing './lib/python3.5/site-packages/invenio_i18n/static/js'...
Listing './lib/python3.5/site-packages/invenio_i18n/static/js/invenio_i18n'...
Listing './lib/python3.5/site-packages/invenio_i18n/templates'...
Listing './lib/python3.5/site-packages/invenio_i18n/templates/invenio_i18n'...
Listing './lib/python3.5/site-packages/invenio_i18n/templates/invenio_i18n/macros'...
Listing './lib/python3.5/site-packages/invenio_i18n/translations'...
Listing './lib/python3.5/site-packages/invenio_i18n/translations/cs'...
Listing './lib/python3.5/site-packages/invenio_i18n/translations/cs/LC_MESSAGES'...
Listing './lib/python3.5/site-packages/invenio_i18n/translations/da'...
Listing './lib/python3.5/site-packages/invenio_i18n/translations/da/LC_MESSAGES'...
Listing './lib/python3.5/site-packages/invenio_i18n/translations/de'...
Listing './lib/python3.5/site-packages/invenio_i18n/translations/de/LC_MESSAGES'...
Listing './lib/python3.5/site-packages/invenio_i18n/translations/en'...
Listing './lib/python3.5/site-packages/invenio_i18n/translations/en/LC_MESSAGES'...
Listing './lib/python3.5/site-packages/invenio_i18n/translations/es'...
Listing './lib/python3.5/site-packages/invenio_i18n/translations/es/LC_MESSAGES'...
Listing './lib/python3.5/site-packages/invenio_i18n/translations/fr'...
Listing './lib/python3.5/site-packages/invenio_i18n/translations/fr/LC_MESSAGES'...
Listing './lib/python3.5/site-packages/invenio_i18n/translations/it'...
Listing './lib/python3.5/site-packages/invenio_i18n/translations/it/LC_MESSAGES'...
Listing './lib/python3.5/site-packages/invenio_i18n/translations/sk'...
Listing './lib/python3.5/site-packages/invenio_i18n/translations/sk/LC_MESSAGES'...
Listing './lib/python3.5/site-packages/invenio_i18n-1.0.0b4.dist-info'...
Listing './lib/python3.5/site-packages/invenio_indexer'...
Listing './lib/python3.5/site-packages/invenio_indexer-1.0.0b1.egg-info'...
Listing './lib/python3.5/site-packages/invenio_pidstore'...
Listing './lib/python3.5/site-packages/invenio_pidstore/alembic'...
Listing './lib/python3.5/site-packages/invenio_pidstore/providers'...
Listing './lib/python3.5/site-packages/invenio_pidstore/translations'...
Listing './lib/python3.5/site-packages/invenio_pidstore/translations/cs'...
Listing './lib/python3.5/site-packages/invenio_pidstore/translations/cs/LC_MESSAGES'...
Listing './lib/python3.5/site-packages/invenio_pidstore/translations/da'...
Listing './lib/python3.5/site-packages/invenio_pidstore/translations/da/LC_MESSAGES'...
Listing './lib/python3.5/site-packages/invenio_pidstore/translations/de'...
Listing './lib/python3.5/site-packages/invenio_pidstore/translations/de/LC_MESSAGES'...
Listing './lib/python3.5/site-packages/invenio_pidstore/translations/es'...
Listing './lib/python3.5/site-packages/invenio_pidstore/translations/es/LC_MESSAGES'...
Listing './lib/python3.5/site-packages/invenio_pidstore/translations/fr'...
Listing './lib/python3.5/site-packages/invenio_pidstore/translations/fr/LC_MESSAGES'...
Listing './lib/python3.5/site-packages/invenio_pidstore/translations/it'...
Listing './lib/python3.5/site-packages/invenio_pidstore/translations/it/LC_MESSAGES'...
Listing './lib/python3.5/site-packages/invenio_pidstore-1.0.0b2.dist-info'...
Listing './lib/python3.5/site-packages/invenio_query_parser'...
Listing './lib/python3.5/site-packages/invenio_query_parser/contrib'...
Listing './lib/python3.5/site-packages/invenio_query_parser/contrib/elasticsearch'...
Listing './lib/python3.5/site-packages/invenio_query_parser/contrib/elasticsearch/walkers'...
Listing './lib/python3.5/site-packages/invenio_query_parser/contrib/spires'...
Listing './lib/python3.5/site-packages/invenio_query_parser/contrib/spires/walkers'...
Listing './lib/python3.5/site-packages/invenio_query_parser/walkers'...
Listing './lib/python3.5/site-packages/invenio_query_parser-0.6.0.dist-info'...
Listing './lib/python3.5/site-packages/invenio_records'...
Listing './lib/python3.5/site-packages/invenio_records/alembic'...
Listing './lib/python3.5/site-packages/invenio_records/data'...
Listing './lib/python3.5/site-packages/invenio_records/data/marc21'...
Listing './lib/python3.5/site-packages/invenio_records/tasks'...
Listing './lib/python3.5/site-packages/invenio_records/translations'...
Listing './lib/python3.5/site-packages/invenio_records/translations/cs'...
Listing './lib/python3.5/site-packages/invenio_records/translations/cs/LC_MESSAGES'...
Listing './lib/python3.5/site-packages/invenio_records/translations/da'...
Listing './lib/python3.5/site-packages/invenio_records/translations/da/LC_MESSAGES'...
Listing './lib/python3.5/site-packages/invenio_records/translations/de'...
Listing './lib/python3.5/site-packages/invenio_records/translations/de/LC_MESSAGES'...
Listing './lib/python3.5/site-packages/invenio_records/translations/es'...
Listing './lib/python3.5/site-packages/invenio_records/translations/es/LC_MESSAGES'...
Listing './lib/python3.5/site-packages/invenio_records/translations/fr'...
Listing './lib/python3.5/site-packages/invenio_records/translations/fr/LC_MESSAGES'...
Listing './lib/python3.5/site-packages/invenio_records/translations/it'...
Listing './lib/python3.5/site-packages/invenio_records/translations/it/LC_MESSAGES'...
Listing './lib/python3.5/site-packages/invenio_records-1.0.0b4.dist-info'...
Listing './lib/python3.5/site-packages/invenio_rest'...
Listing './lib/python3.5/site-packages/invenio_rest-1.0.0b2.dist-info'...
Listing './lib/python3.5/site-packages/invenio_search'...
Listing './lib/python3.5/site-packages/invenio_search-1.0.0b4.dist-info'...
Listing './lib/python3.5/site-packages/itsdangerous-0.24.egg-info'...
Listing './lib/python3.5/site-packages/jinja2'...
Compiling './lib/python3.5/site-packages/jinja2/asyncfilters.py'...
***   File "./lib/python3.5/site-packages/jinja2/asyncfilters.py", line 24
    yield item
    ^
SyntaxError: 'yield' inside async function

Compiling './lib/python3.5/site-packages/jinja2/asyncsupport.py'...
***   File "./lib/python3.5/site-packages/jinja2/asyncsupport.py", line 35
    yield event
    ^
SyntaxError: 'yield' inside async function

Listing './lib/python3.5/site-packages/jsonpatch-1.21.dist-info'...
Listing './lib/python3.5/site-packages/jsonpointer-1.14.dist-info'...
Listing './lib/python3.5/site-packages/jsonref-0.1.egg-info'...
Listing './lib/python3.5/site-packages/jsonresolver'...
Listing './lib/python3.5/site-packages/jsonresolver/contrib'...
Listing './lib/python3.5/site-packages/jsonresolver-0.2.1.dist-info'...
Listing './lib/python3.5/site-packages/jsonschema'...
Listing './lib/python3.5/site-packages/jsonschema/schemas'...
Listing './lib/python3.5/site-packages/jsonschema/tests'...
Listing './lib/python3.5/site-packages/jsonschema-2.6.0.dist-info'...
Listing './lib/python3.5/site-packages/jwt'...
Listing './lib/python3.5/site-packages/jwt/contrib'...
Listing './lib/python3.5/site-packages/jwt/contrib/algorithms'...
Listing './lib/python3.5/site-packages/kombu'...
Listing './lib/python3.5/site-packages/kombu/async'...
Listing './lib/python3.5/site-packages/kombu/async/aws'...
Listing './lib/python3.5/site-packages/kombu/async/aws/sqs'...
Listing './lib/python3.5/site-packages/kombu/async/http'...
Listing './lib/python3.5/site-packages/kombu/transport'...
Listing './lib/python3.5/site-packages/kombu/transport/sqlalchemy'...
Listing './lib/python3.5/site-packages/kombu/transport/virtual'...
Listing './lib/python3.5/site-packages/kombu/utils'...
Listing './lib/python3.5/site-packages/kombu-4.1.0.dist-info'...
Listing './lib/python3.5/site-packages/libfuturize'...
Listing './lib/python3.5/site-packages/libfuturize/fixes'...
Listing './lib/python3.5/site-packages/libpasteurize'...
Listing './lib/python3.5/site-packages/libpasteurize/fixes'...
Listing './lib/python3.5/site-packages/markupsafe'...
Listing './lib/python3.5/site-packages/marshmallow'...
Listing './lib/python3.5/site-packages/marshmallow-2.15.0.dist-info'...
Listing './lib/python3.5/site-packages/maxminddb'...
Listing './lib/python3.5/site-packages/maxminddb/extension'...
Listing './lib/python3.5/site-packages/maxminddb-1.3.0.egg-info'...
Listing './lib/python3.5/site-packages/maxminddb_geolite2-2017.803.egg-info'...
Listing './lib/python3.5/site-packages/node_semver-0.1.1.egg-info'...
Listing './lib/python3.5/site-packages/ordereddict-1.1.egg-info'...
Listing './lib/python3.5/site-packages/passlib'...
Listing './lib/python3.5/site-packages/passlib/_data'...
Listing './lib/python3.5/site-packages/passlib/_data/wordsets'...
Listing './lib/python3.5/site-packages/passlib/crypto'...
Listing './lib/python3.5/site-packages/passlib/crypto/_blowfish'...
Listing './lib/python3.5/site-packages/passlib/crypto/scrypt'...
Listing './lib/python3.5/site-packages/passlib/ext'...
Listing './lib/python3.5/site-packages/passlib/ext/django'...
Listing './lib/python3.5/site-packages/passlib/handlers'...
Listing './lib/python3.5/site-packages/passlib/tests'...
Listing './lib/python3.5/site-packages/passlib/utils'...
Listing './lib/python3.5/site-packages/passlib/utils/compat'...
Listing './lib/python3.5/site-packages/passlib-1.7.1.dist-info'...
Listing './lib/python3.5/site-packages/past'...
Listing './lib/python3.5/site-packages/past/builtins'...
Listing './lib/python3.5/site-packages/past/tests'...
Listing './lib/python3.5/site-packages/past/translation'...
Listing './lib/python3.5/site-packages/past/types'...
Listing './lib/python3.5/site-packages/past/utils'...
Listing './lib/python3.5/site-packages/pip'...
Listing './lib/python3.5/site-packages/pip/_vendor'...
Listing './lib/python3.5/site-packages/pip/commands'...
Listing './lib/python3.5/site-packages/pip/compat'...
Listing './lib/python3.5/site-packages/pip/models'...
Listing './lib/python3.5/site-packages/pip/operations'...
Listing './lib/python3.5/site-packages/pip/req'...
Listing './lib/python3.5/site-packages/pip/utils'...
Listing './lib/python3.5/site-packages/pip/vcs'...
Listing './lib/python3.5/site-packages/pip-9.0.1.dist-info'...
Listing './lib/python3.5/site-packages/pkg_resources'...
Listing './lib/python3.5/site-packages/pkg_resources/_vendor'...
Listing './lib/python3.5/site-packages/pkg_resources/_vendor/packaging'...
Listing './lib/python3.5/site-packages/pkg_resources/extern'...
Listing './lib/python3.5/site-packages/pkg_resources-0.0.0.dist-info'...
Listing './lib/python3.5/site-packages/pluggy'...
Listing './lib/python3.5/site-packages/pluggy-0.6.0.egg-info'...
Listing './lib/python3.5/site-packages/pyPEG2-2.15.2.egg-info'...
Listing './lib/python3.5/site-packages/pycparser'...
Listing './lib/python3.5/site-packages/pycparser/ply'...
Listing './lib/python3.5/site-packages/pycparser-2.18.egg-info'...
Listing './lib/python3.5/site-packages/pypeg2'...
Listing './lib/python3.5/site-packages/pypeg2/test'...
Listing './lib/python3.5/site-packages/python_dateutil-2.6.1.dist-info'...
Listing './lib/python3.5/site-packages/pytz'...
Listing './lib/python3.5/site-packages/pytz/zoneinfo'...
Listing './lib/python3.5/site-packages/pytz/zoneinfo/Africa'...
Listing './lib/python3.5/site-packages/pytz/zoneinfo/America'...
Listing './lib/python3.5/site-packages/pytz/zoneinfo/America/Argentina'...
Listing './lib/python3.5/site-packages/pytz/zoneinfo/America/Indiana'...
Listing './lib/python3.5/site-packages/pytz/zoneinfo/America/Kentucky'...
Listing './lib/python3.5/site-packages/pytz/zoneinfo/America/North_Dakota'...
Listing './lib/python3.5/site-packages/pytz/zoneinfo/Antarctica'...
Listing './lib/python3.5/site-packages/pytz/zoneinfo/Arctic'...
Listing './lib/python3.5/site-packages/pytz/zoneinfo/Asia'...
Listing './lib/python3.5/site-packages/pytz/zoneinfo/Atlantic'...
Listing './lib/python3.5/site-packages/pytz/zoneinfo/Australia'...
Listing './lib/python3.5/site-packages/pytz/zoneinfo/Brazil'...
Listing './lib/python3.5/site-packages/pytz/zoneinfo/Canada'...
Listing './lib/python3.5/site-packages/pytz/zoneinfo/Chile'...
Listing './lib/python3.5/site-packages/pytz/zoneinfo/Etc'...
Listing './lib/python3.5/site-packages/pytz/zoneinfo/Europe'...
Listing './lib/python3.5/site-packages/pytz/zoneinfo/Indian'...
Listing './lib/python3.5/site-packages/pytz/zoneinfo/Mexico'...
Listing './lib/python3.5/site-packages/pytz/zoneinfo/Pacific'...
Listing './lib/python3.5/site-packages/pytz/zoneinfo/US'...
Listing './lib/python3.5/site-packages/pytz-2017.3.dist-info'...
Listing './lib/python3.5/site-packages/redis'...
Listing './lib/python3.5/site-packages/redis-2.10.6.dist-info'...
Listing './lib/python3.5/site-packages/requests'...
Listing './lib/python3.5/site-packages/requests-2.18.4.dist-info'...
Listing './lib/python3.5/site-packages/semver'...
Listing './lib/python3.5/site-packages/semver/tests'...
Listing './lib/python3.5/site-packages/setuptools'...
Listing './lib/python3.5/site-packages/setuptools/command'...
Listing './lib/python3.5/site-packages/setuptools/extern'...
Listing './lib/python3.5/site-packages/setuptools-32.3.1.dist-info'...
Listing './lib/python3.5/site-packages/simplekv'...
Listing './lib/python3.5/site-packages/simplekv/db'...
Listing './lib/python3.5/site-packages/simplekv/memory'...
Listing './lib/python3.5/site-packages/simplekv/net'...
Listing './lib/python3.5/site-packages/simplekv-0.10.0.egg-info'...
Listing './lib/python3.5/site-packages/six-1.11.0.dist-info'...
Listing './lib/python3.5/site-packages/speaklater-1.3.egg-info'...
Listing './lib/python3.5/site-packages/sqlalchemy'...
Listing './lib/python3.5/site-packages/sqlalchemy/connectors'...
Listing './lib/python3.5/site-packages/sqlalchemy/databases'...
Listing './lib/python3.5/site-packages/sqlalchemy/dialects'...
Listing './lib/python3.5/site-packages/sqlalchemy/dialects/firebird'...
Listing './lib/python3.5/site-packages/sqlalchemy/dialects/mssql'...
Listing './lib/python3.5/site-packages/sqlalchemy/dialects/mysql'...
Listing './lib/python3.5/site-packages/sqlalchemy/dialects/oracle'...
Listing './lib/python3.5/site-packages/sqlalchemy/dialects/postgresql'...
Listing './lib/python3.5/site-packages/sqlalchemy/dialects/sqlite'...
Listing './lib/python3.5/site-packages/sqlalchemy/dialects/sybase'...
Listing './lib/python3.5/site-packages/sqlalchemy/engine'...
Listing './lib/python3.5/site-packages/sqlalchemy/event'...
Listing './lib/python3.5/site-packages/sqlalchemy/ext'...
Listing './lib/python3.5/site-packages/sqlalchemy/ext/declarative'...
Listing './lib/python3.5/site-packages/sqlalchemy/orm'...
Listing './lib/python3.5/site-packages/sqlalchemy/sql'...
Listing './lib/python3.5/site-packages/sqlalchemy/testing'...
Listing './lib/python3.5/site-packages/sqlalchemy/testing/plugin'...
Listing './lib/python3.5/site-packages/sqlalchemy/testing/suite'...
Listing './lib/python3.5/site-packages/sqlalchemy/util'...
Listing './lib/python3.5/site-packages/sqlalchemy_utils'...
Listing './lib/python3.5/site-packages/sqlalchemy_utils/functions'...
Listing './lib/python3.5/site-packages/sqlalchemy_utils/primitives'...
Listing './lib/python3.5/site-packages/sqlalchemy_utils/relationships'...
Listing './lib/python3.5/site-packages/sqlalchemy_utils/types'...
Listing './lib/python3.5/site-packages/tests'...
Listing './lib/python3.5/site-packages/ua_parser'...
Listing './lib/python3.5/site-packages/ua_parser-0.7.3.dist-info'...
Listing './lib/python3.5/site-packages/urllib3'...
Listing './lib/python3.5/site-packages/urllib3/contrib'...
Listing './lib/python3.5/site-packages/urllib3/contrib/_securetransport'...
Listing './lib/python3.5/site-packages/urllib3/packages'...
Listing './lib/python3.5/site-packages/urllib3/packages/backports'...
Listing './lib/python3.5/site-packages/urllib3/packages/ssl_match_hostname'...
Listing './lib/python3.5/site-packages/urllib3/util'...
Listing './lib/python3.5/site-packages/urllib3-1.22.dist-info'...
Listing './lib/python3.5/site-packages/vine'...
Listing './lib/python3.5/site-packages/vine-1.1.4.dist-info'...
Listing './lib/python3.5/site-packages/webargs'...
Listing './lib/python3.5/site-packages/webargs-1.8.1.dist-info'...
Listing './lib/python3.5/site-packages/webassets'...
Listing './lib/python3.5/site-packages/webassets/ext'...
Listing './lib/python3.5/site-packages/webassets/filter'...
Listing './lib/python3.5/site-packages/webassets/filter/cssrewrite'...
Listing './lib/python3.5/site-packages/webassets/filter/jspacker'...
Listing './lib/python3.5/site-packages/webassets/filter/rjsmin'...
Listing './lib/python3.5/site-packages/webassets-0.12.1.egg-info'...
Listing './lib/python3.5/site-packages/werkzeug'...
Listing './lib/python3.5/site-packages/werkzeug/contrib'...
Listing './lib/python3.5/site-packages/werkzeug/debug'...
Listing './lib/python3.5/site-packages/werkzeug/debug/shared'...
Listing './lib/python3.5/site-packages/wtforms'...
Listing './lib/python3.5/site-packages/wtforms/csrf'...
Listing './lib/python3.5/site-packages/wtforms/ext'...
Listing './lib/python3.5/site-packages/wtforms/ext/appengine'...
Listing './lib/python3.5/site-packages/wtforms/ext/csrf'...
Listing './lib/python3.5/site-packages/wtforms/ext/dateutil'...
Listing './lib/python3.5/site-packages/wtforms/ext/django'...
Listing './lib/python3.5/site-packages/wtforms/ext/django/templatetags'...
Listing './lib/python3.5/site-packages/wtforms/ext/i18n'...
Listing './lib/python3.5/site-packages/wtforms/ext/sqlalchemy'...
Listing './lib/python3.5/site-packages/wtforms/fields'...
Listing './lib/python3.5/site-packages/wtforms/locale'...
Listing './lib/python3.5/site-packages/wtforms/locale/ar'...
Listing './lib/python3.5/site-packages/wtforms/locale/ar/LC_MESSAGES'...
Listing './lib/python3.5/site-packages/wtforms/locale/ca'...
Listing './lib/python3.5/site-packages/wtforms/locale/ca/LC_MESSAGES'...
Listing './lib/python3.5/site-packages/wtforms/locale/cs_CZ'...
Listing './lib/python3.5/site-packages/wtforms/locale/cs_CZ/LC_MESSAGES'...
Listing './lib/python3.5/site-packages/wtforms/locale/cy'...
Listing './lib/python3.5/site-packages/wtforms/locale/cy/LC_MESSAGES'...
Listing './lib/python3.5/site-packages/wtforms/locale/de'...
Listing './lib/python3.5/site-packages/wtforms/locale/de/LC_MESSAGES'...
Listing './lib/python3.5/site-packages/wtforms/locale/de_CH'...
Listing './lib/python3.5/site-packages/wtforms/locale/de_CH/LC_MESSAGES'...
Listing './lib/python3.5/site-packages/wtforms/locale/el'...
Listing './lib/python3.5/site-packages/wtforms/locale/el/LC_MESSAGES'...
Listing './lib/python3.5/site-packages/wtforms/locale/en'...
Listing './lib/python3.5/site-packages/wtforms/locale/en/LC_MESSAGES'...
Listing './lib/python3.5/site-packages/wtforms/locale/es'...
Listing './lib/python3.5/site-packages/wtforms/locale/es/LC_MESSAGES'...
Listing './lib/python3.5/site-packages/wtforms/locale/et'...
Listing './lib/python3.5/site-packages/wtforms/locale/et/LC_MESSAGES'...
Listing './lib/python3.5/site-packages/wtforms/locale/fa'...
Listing './lib/python3.5/site-packages/wtforms/locale/fa/LC_MESSAGES'...
Listing './lib/python3.5/site-packages/wtforms/locale/fr'...
Listing './lib/python3.5/site-packages/wtforms/locale/fr/LC_MESSAGES'...
Listing './lib/python3.5/site-packages/wtforms/locale/it'...
Listing './lib/python3.5/site-packages/wtforms/locale/it/LC_MESSAGES'...
Listing './lib/python3.5/site-packages/wtforms/locale/ja'...
Listing './lib/python3.5/site-packages/wtforms/locale/ja/LC_MESSAGES'...
Listing './lib/python3.5/site-packages/wtforms/locale/ko'...
Listing './lib/python3.5/site-packages/wtforms/locale/ko/LC_MESSAGES'...
Listing './lib/python3.5/site-packages/wtforms/locale/nb'...
Listing './lib/python3.5/site-packages/wtforms/locale/nb/LC_MESSAGES'...
Listing './lib/python3.5/site-packages/wtforms/locale/nl'...
Listing './lib/python3.5/site-packages/wtforms/locale/nl/LC_MESSAGES'...
Listing './lib/python3.5/site-packages/wtforms/locale/pl'...
Listing './lib/python3.5/site-packages/wtforms/locale/pl/LC_MESSAGES'...
Listing './lib/python3.5/site-packages/wtforms/locale/pt'...
Listing './lib/python3.5/site-packages/wtforms/locale/pt/LC_MESSAGES'...
Listing './lib/python3.5/site-packages/wtforms/locale/ru'...
Listing './lib/python3.5/site-packages/wtforms/locale/ru/LC_MESSAGES'...
Listing './lib/python3.5/site-packages/wtforms/locale/uk'...
Listing './lib/python3.5/site-packages/wtforms/locale/uk/LC_MESSAGES'...
Listing './lib/python3.5/site-packages/wtforms/locale/zh'...
Listing './lib/python3.5/site-packages/wtforms/locale/zh/LC_MESSAGES'...
Listing './lib/python3.5/site-packages/wtforms/locale/zh_TW'...
Listing './lib/python3.5/site-packages/wtforms/locale/zh_TW/LC_MESSAGES'...
Listing './lib/python3.5/site-packages/wtforms/widgets'...
Listing './share'...
Listing './share/python-wheels'...
