Listing '.'...
Listing './bin'...
Listing './include'...
Listing './lib'...
Listing './lib/python3.5'...
Listing './lib/python3.5/site-packages'...
Listing './lib/python3.5/site-packages/Chameleon-3.2.egg-info'...
Listing './lib/python3.5/site-packages/WebOb-1.7.4.dist-info'...
Listing './lib/python3.5/site-packages/chameleon'...
Listing './lib/python3.5/site-packages/chameleon/tests'...
Listing './lib/python3.5/site-packages/chameleon/tests/inputs'...
Listing './lib/python3.5/site-packages/chameleon/tests/outputs'...
Listing './lib/python3.5/site-packages/chameleon/zpt'...
Listing './lib/python3.5/site-packages/colander'...
Listing './lib/python3.5/site-packages/colander/locale'...
Listing './lib/python3.5/site-packages/colander/locale/cs'...
Listing './lib/python3.5/site-packages/colander/locale/cs/LC_MESSAGES'...
Listing './lib/python3.5/site-packages/colander/locale/de'...
Listing './lib/python3.5/site-packages/colander/locale/de/LC_MESSAGES'...
Listing './lib/python3.5/site-packages/colander/locale/el'...
Listing './lib/python3.5/site-packages/colander/locale/el/LC_MESSAGES'...
Listing './lib/python3.5/site-packages/colander/locale/es'...
Listing './lib/python3.5/site-packages/colander/locale/es/LC_MESSAGES'...
Listing './lib/python3.5/site-packages/colander/locale/fi'...
Listing './lib/python3.5/site-packages/colander/locale/fi/LC_MESSAGES'...
Listing './lib/python3.5/site-packages/colander/locale/fr'...
Listing './lib/python3.5/site-packages/colander/locale/fr/LC_MESSAGES'...
Listing './lib/python3.5/site-packages/colander/locale/it'...
Listing './lib/python3.5/site-packages/colander/locale/it/LC_MESSAGES'...
Listing './lib/python3.5/site-packages/colander/locale/ja'...
Listing './lib/python3.5/site-packages/colander/locale/ja/LC_MESSAGES'...
Listing './lib/python3.5/site-packages/colander/locale/nl'...
Listing './lib/python3.5/site-packages/colander/locale/nl/LC_MESSAGES'...
Listing './lib/python3.5/site-packages/colander/locale/pl'...
Listing './lib/python3.5/site-packages/colander/locale/pl/LC_MESSAGES'...
Listing './lib/python3.5/site-packages/colander/locale/pt'...
Listing './lib/python3.5/site-packages/colander/locale/pt/LC_MESSAGES'...
Listing './lib/python3.5/site-packages/colander/locale/pt_BR'...
Listing './lib/python3.5/site-packages/colander/locale/pt_BR/LC_MESSAGES'...
Listing './lib/python3.5/site-packages/colander/locale/ro'...
Listing './lib/python3.5/site-packages/colander/locale/ro/LC_MESSAGES'...
Listing './lib/python3.5/site-packages/colander/locale/ru'...
Listing './lib/python3.5/site-packages/colander/locale/ru/LC_MESSAGES'...
Listing './lib/python3.5/site-packages/colander/locale/sv'...
Listing './lib/python3.5/site-packages/colander/locale/sv/LC_MESSAGES'...
Listing './lib/python3.5/site-packages/colander/locale/zh_Hans'...
Listing './lib/python3.5/site-packages/colander/locale/zh_Hans/LC_MESSAGES'...
Listing './lib/python3.5/site-packages/colander/locale/zh_Hant'...
Listing './lib/python3.5/site-packages/colander/locale/zh_Hant/LC_MESSAGES'...
Listing './lib/python3.5/site-packages/colander/tests'...
Listing './lib/python3.5/site-packages/colander-1.4.dist-info'...
Listing './lib/python3.5/site-packages/deform'...
Listing './lib/python3.5/site-packages/deform/locale'...
Listing './lib/python3.5/site-packages/deform/locale/cs'...
Listing './lib/python3.5/site-packages/deform/locale/cs/LC_MESSAGES'...
Listing './lib/python3.5/site-packages/deform/locale/da'...
Listing './lib/python3.5/site-packages/deform/locale/da/LC_MESSAGES'...
Listing './lib/python3.5/site-packages/deform/locale/de'...
Listing './lib/python3.5/site-packages/deform/locale/de/LC_MESSAGES'...
Listing './lib/python3.5/site-packages/deform/locale/el'...
Listing './lib/python3.5/site-packages/deform/locale/el/LC_MESSAGES'...
Listing './lib/python3.5/site-packages/deform/locale/es'...
Listing './lib/python3.5/site-packages/deform/locale/es/LC_MESSAGES'...
Listing './lib/python3.5/site-packages/deform/locale/fi'...
Listing './lib/python3.5/site-packages/deform/locale/fi/LC_MESSAGES'...
Listing './lib/python3.5/site-packages/deform/locale/fr'...
Listing './lib/python3.5/site-packages/deform/locale/fr/LC_MESSAGES'...
Listing './lib/python3.5/site-packages/deform/locale/it'...
Listing './lib/python3.5/site-packages/deform/locale/it/LC_MESSAGES'...
Listing './lib/python3.5/site-packages/deform/locale/ja'...
Listing './lib/python3.5/site-packages/deform/locale/ja/LC_MESSAGES'...
Listing './lib/python3.5/site-packages/deform/locale/nl'...
Listing './lib/python3.5/site-packages/deform/locale/nl/LC_MESSAGES'...
Listing './lib/python3.5/site-packages/deform/locale/pl'...
Listing './lib/python3.5/site-packages/deform/locale/pl/LC_MESSAGES'...
Listing './lib/python3.5/site-packages/deform/locale/pt'...
Listing './lib/python3.5/site-packages/deform/locale/pt/LC_MESSAGES'...
Listing './lib/python3.5/site-packages/deform/locale/pt_BR'...
Listing './lib/python3.5/site-packages/deform/locale/pt_BR/LC_MESSAGES'...
Listing './lib/python3.5/site-packages/deform/locale/ru'...
Listing './lib/python3.5/site-packages/deform/locale/ru/LC_MESSAGES'...
Listing './lib/python3.5/site-packages/deform/locale/sv'...
Listing './lib/python3.5/site-packages/deform/locale/sv/LC_MESSAGES'...
Listing './lib/python3.5/site-packages/deform/locale/zh'...
Listing './lib/python3.5/site-packages/deform/locale/zh/LC_MESSAGES'...
Listing './lib/python3.5/site-packages/deform/locale/zh_CN'...
Listing './lib/python3.5/site-packages/deform/locale/zh_CN/LC_MESSAGES'...
Listing './lib/python3.5/site-packages/deform/locale/zh_Hans'...
Listing './lib/python3.5/site-packages/deform/locale/zh_Hans/LC_MESSAGES'...
Listing './lib/python3.5/site-packages/deform/static'...
Listing './lib/python3.5/site-packages/deform/static/css'...
Listing './lib/python3.5/site-packages/deform/static/fonts'...
Listing './lib/python3.5/site-packages/deform/static/pickadate'...
Listing './lib/python3.5/site-packages/deform/static/pickadate/themes'...
Listing './lib/python3.5/site-packages/deform/static/pickadate/translations'...
Listing './lib/python3.5/site-packages/deform/static/scripts'...
Listing './lib/python3.5/site-packages/deform/static/select2'...
Listing './lib/python3.5/site-packages/deform/static/tinymce'...
Listing './lib/python3.5/site-packages/deform/static/tinymce/langs'...
Listing './lib/python3.5/site-packages/deform/static/tinymce/plugins'...
Listing './lib/python3.5/site-packages/deform/static/tinymce/plugins/advlist'...
Listing './lib/python3.5/site-packages/deform/static/tinymce/plugins/anchor'...
Listing './lib/python3.5/site-packages/deform/static/tinymce/plugins/autolink'...
Listing './lib/python3.5/site-packages/deform/static/tinymce/plugins/autoresize'...
Listing './lib/python3.5/site-packages/deform/static/tinymce/plugins/autosave'...
Listing './lib/python3.5/site-packages/deform/static/tinymce/plugins/bbcode'...
Listing './lib/python3.5/site-packages/deform/static/tinymce/plugins/charmap'...
Listing './lib/python3.5/site-packages/deform/static/tinymce/plugins/code'...
Listing './lib/python3.5/site-packages/deform/static/tinymce/plugins/contextmenu'...
Listing './lib/python3.5/site-packages/deform/static/tinymce/plugins/directionality'...
Listing './lib/python3.5/site-packages/deform/static/tinymce/plugins/emoticons'...
Listing './lib/python3.5/site-packages/deform/static/tinymce/plugins/emoticons/img'...
Listing './lib/python3.5/site-packages/deform/static/tinymce/plugins/example'...
Listing './lib/python3.5/site-packages/deform/static/tinymce/plugins/example_dependency'...
Listing './lib/python3.5/site-packages/deform/static/tinymce/plugins/fullpage'...
Listing './lib/python3.5/site-packages/deform/static/tinymce/plugins/fullscreen'...
Listing './lib/python3.5/site-packages/deform/static/tinymce/plugins/hr'...
Listing './lib/python3.5/site-packages/deform/static/tinymce/plugins/image'...
Listing './lib/python3.5/site-packages/deform/static/tinymce/plugins/importcss'...
Listing './lib/python3.5/site-packages/deform/static/tinymce/plugins/insertdatetime'...
Listing './lib/python3.5/site-packages/deform/static/tinymce/plugins/layer'...
Listing './lib/python3.5/site-packages/deform/static/tinymce/plugins/legacyoutput'...
Listing './lib/python3.5/site-packages/deform/static/tinymce/plugins/link'...
Listing './lib/python3.5/site-packages/deform/static/tinymce/plugins/lists'...
Listing './lib/python3.5/site-packages/deform/static/tinymce/plugins/media'...
Listing './lib/python3.5/site-packages/deform/static/tinymce/plugins/nonbreaking'...
Listing './lib/python3.5/site-packages/deform/static/tinymce/plugins/noneditable'...
Listing './lib/python3.5/site-packages/deform/static/tinymce/plugins/pagebreak'...
Listing './lib/python3.5/site-packages/deform/static/tinymce/plugins/paste'...
Listing './lib/python3.5/site-packages/deform/static/tinymce/plugins/preview'...
Listing './lib/python3.5/site-packages/deform/static/tinymce/plugins/print'...
Listing './lib/python3.5/site-packages/deform/static/tinymce/plugins/save'...
Listing './lib/python3.5/site-packages/deform/static/tinymce/plugins/searchreplace'...
Listing './lib/python3.5/site-packages/deform/static/tinymce/plugins/spellchecker'...
Listing './lib/python3.5/site-packages/deform/static/tinymce/plugins/tabfocus'...
Listing './lib/python3.5/site-packages/deform/static/tinymce/plugins/table'...
Listing './lib/python3.5/site-packages/deform/static/tinymce/plugins/template'...
Listing './lib/python3.5/site-packages/deform/static/tinymce/plugins/textcolor'...
Listing './lib/python3.5/site-packages/deform/static/tinymce/plugins/visualblocks'...
Listing './lib/python3.5/site-packages/deform/static/tinymce/plugins/visualblocks/css'...
Listing './lib/python3.5/site-packages/deform/static/tinymce/plugins/visualchars'...
Listing './lib/python3.5/site-packages/deform/static/tinymce/plugins/wordcount'...
Listing './lib/python3.5/site-packages/deform/static/tinymce/skins'...
Listing './lib/python3.5/site-packages/deform/static/tinymce/skins/lightgray'...
Listing './lib/python3.5/site-packages/deform/static/tinymce/skins/lightgray/fonts'...
Listing './lib/python3.5/site-packages/deform/static/tinymce/skins/lightgray/img'...
Listing './lib/python3.5/site-packages/deform/static/tinymce/themes'...
Listing './lib/python3.5/site-packages/deform/static/tinymce/themes/modern'...
Listing './lib/python3.5/site-packages/deform/templates'...
Listing './lib/python3.5/site-packages/deform/templates/readonly'...
Listing './lib/python3.5/site-packages/deform/tests'...
Listing './lib/python3.5/site-packages/deform/tests/fixtures'...
Listing './lib/python3.5/site-packages/deform-2.0.4.egg-info'...
Listing './lib/python3.5/site-packages/deform_bootstrap'...
Listing './lib/python3.5/site-packages/deform_bootstrap/demo'...
Listing './lib/python3.5/site-packages/deform_bootstrap/static'...
Listing './lib/python3.5/site-packages/deform_bootstrap/static/img'...
Listing './lib/python3.5/site-packages/deform_bootstrap/static/jquery_chosen'...
Listing './lib/python3.5/site-packages/deform_bootstrap/templates'...
Listing './lib/python3.5/site-packages/deform_bootstrap/templates/readonly'...
Listing './lib/python3.5/site-packages/deform_bootstrap/tests'...
Listing './lib/python3.5/site-packages/deform_bootstrap-0.2.9.egg-info'...
Listing './lib/python3.5/site-packages/fanstatic'...
Listing './lib/python3.5/site-packages/fanstatic-0.16.egg-info'...
Listing './lib/python3.5/site-packages/iso8601'...
Listing './lib/python3.5/site-packages/iso8601-0.1.12.dist-info'...
Listing './lib/python3.5/site-packages/js'...
Listing './lib/python3.5/site-packages/js/bootstrap'...
Listing './lib/python3.5/site-packages/js/bootstrap/resources'...
Listing './lib/python3.5/site-packages/js/bootstrap/resources/css'...
Listing './lib/python3.5/site-packages/js/bootstrap/resources/fonts'...
Listing './lib/python3.5/site-packages/js/bootstrap/resources/js'...
Listing './lib/python3.5/site-packages/js/chosen'...
Listing './lib/python3.5/site-packages/js/chosen/resources'...
Listing './lib/python3.5/site-packages/js/deform'...
Listing './lib/python3.5/site-packages/js/deform/tests'...
Listing './lib/python3.5/site-packages/js/deform_bootstrap'...
Listing './lib/python3.5/site-packages/js/jquery'...
Listing './lib/python3.5/site-packages/js/jquery/resources'...
Listing './lib/python3.5/site-packages/js/jquery_form'...
Listing './lib/python3.5/site-packages/js/jquery_form/resources'...
Listing './lib/python3.5/site-packages/js/jquery_maskedinput'...
Listing './lib/python3.5/site-packages/js/jquery_maskedinput/resources'...
Listing './lib/python3.5/site-packages/js/jquery_maskmoney'...
Listing './lib/python3.5/site-packages/js/jquery_maskmoney/resources'...
Listing './lib/python3.5/site-packages/js/jquery_sortable'...
Listing './lib/python3.5/site-packages/js/jquery_sortable/resources'...
Listing './lib/python3.5/site-packages/js/jquery_timepicker_addon'...
Listing './lib/python3.5/site-packages/js/jquery_timepicker_addon/resources'...
Listing './lib/python3.5/site-packages/js/jquery_timepicker_addon/resources/localization'...
Listing './lib/python3.5/site-packages/js/jqueryui'...
Compiling './lib/python3.5/site-packages/js/jqueryui/download.py'...
***   File "./lib/python3.5/site-packages/js/jqueryui/download.py", line 115
    print 'downloading', theme_name
                      ^
SyntaxError: Missing parentheses in call to 'print'

Listing './lib/python3.5/site-packages/js/jqueryui/resources'...
Listing './lib/python3.5/site-packages/js/jqueryui/resources/themes'...
Listing './lib/python3.5/site-packages/js/jqueryui/resources/themes/base'...
Listing './lib/python3.5/site-packages/js/jqueryui/resources/themes/base/images'...
Listing './lib/python3.5/site-packages/js/jqueryui/resources/themes/black-tie'...
Listing './lib/python3.5/site-packages/js/jqueryui/resources/themes/black-tie/images'...
Listing './lib/python3.5/site-packages/js/jqueryui/resources/themes/blitzer'...
Listing './lib/python3.5/site-packages/js/jqueryui/resources/themes/blitzer/images'...
Listing './lib/python3.5/site-packages/js/jqueryui/resources/themes/bootstrap'...
Listing './lib/python3.5/site-packages/js/jqueryui/resources/themes/bootstrap/images'...
Listing './lib/python3.5/site-packages/js/jqueryui/resources/themes/cupertino'...
Listing './lib/python3.5/site-packages/js/jqueryui/resources/themes/cupertino/images'...
Listing './lib/python3.5/site-packages/js/jqueryui/resources/themes/dark-hive'...
Listing './lib/python3.5/site-packages/js/jqueryui/resources/themes/dark-hive/images'...
Listing './lib/python3.5/site-packages/js/jqueryui/resources/themes/dot-luv'...
Listing './lib/python3.5/site-packages/js/jqueryui/resources/themes/dot-luv/images'...
Listing './lib/python3.5/site-packages/js/jqueryui/resources/themes/eggplant'...
Listing './lib/python3.5/site-packages/js/jqueryui/resources/themes/eggplant/images'...
Listing './lib/python3.5/site-packages/js/jqueryui/resources/themes/excite-bike'...
Listing './lib/python3.5/site-packages/js/jqueryui/resources/themes/excite-bike/images'...
Listing './lib/python3.5/site-packages/js/jqueryui/resources/themes/flick'...
Listing './lib/python3.5/site-packages/js/jqueryui/resources/themes/flick/images'...
Listing './lib/python3.5/site-packages/js/jqueryui/resources/themes/hot-sneaks'...
Listing './lib/python3.5/site-packages/js/jqueryui/resources/themes/hot-sneaks/images'...
Listing './lib/python3.5/site-packages/js/jqueryui/resources/themes/humanity'...
Listing './lib/python3.5/site-packages/js/jqueryui/resources/themes/humanity/images'...
Listing './lib/python3.5/site-packages/js/jqueryui/resources/themes/le-frog'...
Listing './lib/python3.5/site-packages/js/jqueryui/resources/themes/le-frog/images'...
Listing './lib/python3.5/site-packages/js/jqueryui/resources/themes/mint-choc'...
Listing './lib/python3.5/site-packages/js/jqueryui/resources/themes/mint-choc/images'...
Listing './lib/python3.5/site-packages/js/jqueryui/resources/themes/overcast'...
Listing './lib/python3.5/site-packages/js/jqueryui/resources/themes/overcast/images'...
Listing './lib/python3.5/site-packages/js/jqueryui/resources/themes/pepper-grinder'...
Listing './lib/python3.5/site-packages/js/jqueryui/resources/themes/pepper-grinder/images'...
Listing './lib/python3.5/site-packages/js/jqueryui/resources/themes/redmond'...
Listing './lib/python3.5/site-packages/js/jqueryui/resources/themes/redmond/images'...
Listing './lib/python3.5/site-packages/js/jqueryui/resources/themes/smoothness'...
Listing './lib/python3.5/site-packages/js/jqueryui/resources/themes/smoothness/images'...
Listing './lib/python3.5/site-packages/js/jqueryui/resources/themes/south-street'...
Listing './lib/python3.5/site-packages/js/jqueryui/resources/themes/south-street/images'...
Listing './lib/python3.5/site-packages/js/jqueryui/resources/themes/start'...
Listing './lib/python3.5/site-packages/js/jqueryui/resources/themes/start/images'...
Listing './lib/python3.5/site-packages/js/jqueryui/resources/themes/sunny'...
Listing './lib/python3.5/site-packages/js/jqueryui/resources/themes/sunny/images'...
Listing './lib/python3.5/site-packages/js/jqueryui/resources/themes/swanky-purse'...
Listing './lib/python3.5/site-packages/js/jqueryui/resources/themes/swanky-purse/images'...
Listing './lib/python3.5/site-packages/js/jqueryui/resources/themes/trontastic'...
Listing './lib/python3.5/site-packages/js/jqueryui/resources/themes/trontastic/images'...
Listing './lib/python3.5/site-packages/js/jqueryui/resources/themes/ui-darkness'...
Listing './lib/python3.5/site-packages/js/jqueryui/resources/themes/ui-darkness/images'...
Listing './lib/python3.5/site-packages/js/jqueryui/resources/themes/ui-lightness'...
Listing './lib/python3.5/site-packages/js/jqueryui/resources/themes/ui-lightness/images'...
Listing './lib/python3.5/site-packages/js/jqueryui/resources/themes/vader'...
Listing './lib/python3.5/site-packages/js/jqueryui/resources/themes/vader/images'...
Listing './lib/python3.5/site-packages/js/jqueryui/resources/ui'...
Listing './lib/python3.5/site-packages/js/jqueryui/resources/ui/i18n'...
Listing './lib/python3.5/site-packages/js/jqueryui/resources/ui/minified'...
Listing './lib/python3.5/site-packages/js/modernizr'...
Listing './lib/python3.5/site-packages/js/modernizr/resources'...
Listing './lib/python3.5/site-packages/js/select2'...
Listing './lib/python3.5/site-packages/js/select2/resources'...
Listing './lib/python3.5/site-packages/js/select2/resources/css'...
Listing './lib/python3.5/site-packages/js/select2/resources/js'...
Listing './lib/python3.5/site-packages/js/select2/resources/js/i18n'...
Listing './lib/python3.5/site-packages/js/tinymce'...
Listing './lib/python3.5/site-packages/js/tinymce/resources'...
Listing './lib/python3.5/site-packages/js/tinymce/resources/classes'...
Listing './lib/python3.5/site-packages/js/tinymce/resources/classes/caret'...
Listing './lib/python3.5/site-packages/js/tinymce/resources/classes/content'...
Listing './lib/python3.5/site-packages/js/tinymce/resources/classes/data'...
Listing './lib/python3.5/site-packages/js/tinymce/resources/classes/dom'...
Listing './lib/python3.5/site-packages/js/tinymce/resources/classes/file'...
Listing './lib/python3.5/site-packages/js/tinymce/resources/classes/fmt'...
Listing './lib/python3.5/site-packages/js/tinymce/resources/classes/geom'...
Listing './lib/python3.5/site-packages/js/tinymce/resources/classes/html'...
Listing './lib/python3.5/site-packages/js/tinymce/resources/classes/text'...
Listing './lib/python3.5/site-packages/js/tinymce/resources/classes/ui'...
Listing './lib/python3.5/site-packages/js/tinymce/resources/classes/undo'...
Listing './lib/python3.5/site-packages/js/tinymce/resources/classes/util'...
Listing './lib/python3.5/site-packages/js/tinymce/resources/langs'...
Listing './lib/python3.5/site-packages/js/tinymce/resources/plugins'...
Listing './lib/python3.5/site-packages/js/tinymce/resources/plugins/advlist'...
Listing './lib/python3.5/site-packages/js/tinymce/resources/plugins/anchor'...
Listing './lib/python3.5/site-packages/js/tinymce/resources/plugins/autolink'...
Listing './lib/python3.5/site-packages/js/tinymce/resources/plugins/autoresize'...
Listing './lib/python3.5/site-packages/js/tinymce/resources/plugins/autosave'...
Listing './lib/python3.5/site-packages/js/tinymce/resources/plugins/bbcode'...
Listing './lib/python3.5/site-packages/js/tinymce/resources/plugins/charmap'...
Listing './lib/python3.5/site-packages/js/tinymce/resources/plugins/code'...
Listing './lib/python3.5/site-packages/js/tinymce/resources/plugins/codesample'...
Listing './lib/python3.5/site-packages/js/tinymce/resources/plugins/codesample/classes'...
Listing './lib/python3.5/site-packages/js/tinymce/resources/plugins/codesample/css'...
Listing './lib/python3.5/site-packages/js/tinymce/resources/plugins/colorpicker'...
Listing './lib/python3.5/site-packages/js/tinymce/resources/plugins/compat3x'...
Listing './lib/python3.5/site-packages/js/tinymce/resources/plugins/compat3x/css'...
Listing './lib/python3.5/site-packages/js/tinymce/resources/plugins/compat3x/img'...
Listing './lib/python3.5/site-packages/js/tinymce/resources/plugins/compat3x/utils'...
Listing './lib/python3.5/site-packages/js/tinymce/resources/plugins/contextmenu'...
Listing './lib/python3.5/site-packages/js/tinymce/resources/plugins/directionality'...
Listing './lib/python3.5/site-packages/js/tinymce/resources/plugins/emoticons'...
Listing './lib/python3.5/site-packages/js/tinymce/resources/plugins/emoticons/img'...
Listing './lib/python3.5/site-packages/js/tinymce/resources/plugins/example'...
Listing './lib/python3.5/site-packages/js/tinymce/resources/plugins/example_dependency'...
Listing './lib/python3.5/site-packages/js/tinymce/resources/plugins/fullpage'...
Listing './lib/python3.5/site-packages/js/tinymce/resources/plugins/fullscreen'...
Listing './lib/python3.5/site-packages/js/tinymce/resources/plugins/hr'...
Listing './lib/python3.5/site-packages/js/tinymce/resources/plugins/image'...
Listing './lib/python3.5/site-packages/js/tinymce/resources/plugins/imagetools'...
Listing './lib/python3.5/site-packages/js/tinymce/resources/plugins/imagetools/config'...
Listing './lib/python3.5/site-packages/js/tinymce/resources/plugins/imagetools/config/bolt'...
Listing './lib/python3.5/site-packages/js/tinymce/resources/plugins/imagetools/src'...
Listing './lib/python3.5/site-packages/js/tinymce/resources/plugins/imagetools/src/demo'...
Listing './lib/python3.5/site-packages/js/tinymce/resources/plugins/imagetools/src/main'...
Listing './lib/python3.5/site-packages/js/tinymce/resources/plugins/importcss'...
Listing './lib/python3.5/site-packages/js/tinymce/resources/plugins/insertdatetime'...
Listing './lib/python3.5/site-packages/js/tinymce/resources/plugins/legacyoutput'...
Listing './lib/python3.5/site-packages/js/tinymce/resources/plugins/link'...
Listing './lib/python3.5/site-packages/js/tinymce/resources/plugins/lists'...
Listing './lib/python3.5/site-packages/js/tinymce/resources/plugins/lists/config'...
Listing './lib/python3.5/site-packages/js/tinymce/resources/plugins/lists/config/bolt'...
Listing './lib/python3.5/site-packages/js/tinymce/resources/plugins/lists/src'...
Listing './lib/python3.5/site-packages/js/tinymce/resources/plugins/lists/src/demo'...
Listing './lib/python3.5/site-packages/js/tinymce/resources/plugins/lists/src/main'...
Listing './lib/python3.5/site-packages/js/tinymce/resources/plugins/lists/src/test'...
Listing './lib/python3.5/site-packages/js/tinymce/resources/plugins/media'...
Listing './lib/python3.5/site-packages/js/tinymce/resources/plugins/media/config'...
Listing './lib/python3.5/site-packages/js/tinymce/resources/plugins/media/config/bolt'...
Listing './lib/python3.5/site-packages/js/tinymce/resources/plugins/media/src'...
Listing './lib/python3.5/site-packages/js/tinymce/resources/plugins/media/src/demo'...
Listing './lib/python3.5/site-packages/js/tinymce/resources/plugins/media/src/main'...
Listing './lib/python3.5/site-packages/js/tinymce/resources/plugins/media/src/test'...
Listing './lib/python3.5/site-packages/js/tinymce/resources/plugins/nonbreaking'...
Listing './lib/python3.5/site-packages/js/tinymce/resources/plugins/noneditable'...
Listing './lib/python3.5/site-packages/js/tinymce/resources/plugins/pagebreak'...
Listing './lib/python3.5/site-packages/js/tinymce/resources/plugins/paste'...
Listing './lib/python3.5/site-packages/js/tinymce/resources/plugins/paste/classes'...
Listing './lib/python3.5/site-packages/js/tinymce/resources/plugins/preview'...
Listing './lib/python3.5/site-packages/js/tinymce/resources/plugins/print'...
Listing './lib/python3.5/site-packages/js/tinymce/resources/plugins/save'...
Listing './lib/python3.5/site-packages/js/tinymce/resources/plugins/searchreplace'...
Listing './lib/python3.5/site-packages/js/tinymce/resources/plugins/spellchecker'...
Listing './lib/python3.5/site-packages/js/tinymce/resources/plugins/spellchecker/classes'...
Listing './lib/python3.5/site-packages/js/tinymce/resources/plugins/tabfocus'...
Listing './lib/python3.5/site-packages/js/tinymce/resources/plugins/table'...
Listing './lib/python3.5/site-packages/js/tinymce/resources/plugins/table/classes'...
Listing './lib/python3.5/site-packages/js/tinymce/resources/plugins/template'...
Listing './lib/python3.5/site-packages/js/tinymce/resources/plugins/textcolor'...
Listing './lib/python3.5/site-packages/js/tinymce/resources/plugins/textpattern'...
Listing './lib/python3.5/site-packages/js/tinymce/resources/plugins/toc'...
Listing './lib/python3.5/site-packages/js/tinymce/resources/plugins/visualblocks'...
Listing './lib/python3.5/site-packages/js/tinymce/resources/plugins/visualblocks/css'...
Listing './lib/python3.5/site-packages/js/tinymce/resources/plugins/visualblocks/img'...
Listing './lib/python3.5/site-packages/js/tinymce/resources/plugins/visualchars'...
Listing './lib/python3.5/site-packages/js/tinymce/resources/plugins/wordcount'...
Listing './lib/python3.5/site-packages/js/tinymce/resources/plugins/wordcount/config'...
Listing './lib/python3.5/site-packages/js/tinymce/resources/plugins/wordcount/config/bolt'...
Listing './lib/python3.5/site-packages/js/tinymce/resources/plugins/wordcount/src'...
Listing './lib/python3.5/site-packages/js/tinymce/resources/plugins/wordcount/src/demo'...
Listing './lib/python3.5/site-packages/js/tinymce/resources/plugins/wordcount/src/main'...
Listing './lib/python3.5/site-packages/js/tinymce/resources/plugins/wordcount/src/test'...
Listing './lib/python3.5/site-packages/js/tinymce/resources/skins'...
Listing './lib/python3.5/site-packages/js/tinymce/resources/skins/lightgray'...
Listing './lib/python3.5/site-packages/js/tinymce/resources/skins/lightgray/fonts'...
Listing './lib/python3.5/site-packages/js/tinymce/resources/skins/lightgray/img'...
Listing './lib/python3.5/site-packages/js/tinymce/resources/themes'...
Listing './lib/python3.5/site-packages/js/tinymce/resources/themes/inlite'...
Listing './lib/python3.5/site-packages/js/tinymce/resources/themes/inlite/config'...
Listing './lib/python3.5/site-packages/js/tinymce/resources/themes/inlite/config/bolt'...
Listing './lib/python3.5/site-packages/js/tinymce/resources/themes/inlite/src'...
Listing './lib/python3.5/site-packages/js/tinymce/resources/themes/inlite/src/demo'...
Listing './lib/python3.5/site-packages/js/tinymce/resources/themes/inlite/src/main'...
Listing './lib/python3.5/site-packages/js/tinymce/resources/themes/inlite/src/test'...
Listing './lib/python3.5/site-packages/js/tinymce/resources/themes/modern'...
Listing './lib/python3.5/site-packages/js/tinymce/resources/themes/modern/config'...
Listing './lib/python3.5/site-packages/js/tinymce/resources/themes/modern/config/bolt'...
Listing './lib/python3.5/site-packages/js/tinymce/resources/themes/modern/src'...
Listing './lib/python3.5/site-packages/js/tinymce/resources/themes/modern/src/demo'...
Listing './lib/python3.5/site-packages/js/tinymce/resources/themes/modern/src/main'...
Listing './lib/python3.5/site-packages/js/tinymce/resources/themes/modern/src/test'...
Listing './lib/python3.5/site-packages/js.bootstrap-3.3.4.egg-info'...
Listing './lib/python3.5/site-packages/js.chosen-1.8.2.egg-info'...
Listing './lib/python3.5/site-packages/js.deform-2.0.3.egg-info'...
Listing './lib/python3.5/site-packages/js.deform_bootstrap-0.2.6.egg-info'...
Listing './lib/python3.5/site-packages/js.jquery-1.9.1.egg-info'...
Listing './lib/python3.5/site-packages/js.jquery_form-3.9.egg-info'...
Listing './lib/python3.5/site-packages/js.jquery_maskedinput-1.4.1.egg-info'...
Listing './lib/python3.5/site-packages/js.jquery_maskmoney-3.0.2.egg-info'...
Listing './lib/python3.5/site-packages/js.jquery_sortable-0.9.13.egg-info'...
Listing './lib/python3.5/site-packages/js.jquery_timepicker_addon-1.5.3.egg-info'...
Listing './lib/python3.5/site-packages/js.jqueryui-1.10.3.egg-info'...
Listing './lib/python3.5/site-packages/js.modernizr-2.5.3.1.egg-info'...
Listing './lib/python3.5/site-packages/js.select2-4.0.4.post1.egg-info'...
Listing './lib/python3.5/site-packages/js.tinymce-4.5.4.egg-info'...
Listing './lib/python3.5/site-packages/peppercorn'...
Listing './lib/python3.5/site-packages/peppercorn-0.5.egg-info'...
Listing './lib/python3.5/site-packages/pip'...
Listing './lib/python3.5/site-packages/pip/_vendor'...
Listing './lib/python3.5/site-packages/pip/commands'...
Listing './lib/python3.5/site-packages/pip/compat'...
Listing './lib/python3.5/site-packages/pip/models'...
Listing './lib/python3.5/site-packages/pip/operations'...
Listing './lib/python3.5/site-packages/pip/req'...
Listing './lib/python3.5/site-packages/pip/utils'...
Listing './lib/python3.5/site-packages/pip/vcs'...
Listing './lib/python3.5/site-packages/pip-9.0.1.dist-info'...
Listing './lib/python3.5/site-packages/pkg_resources'...
Listing './lib/python3.5/site-packages/pkg_resources/_vendor'...
Listing './lib/python3.5/site-packages/pkg_resources/_vendor/packaging'...
Listing './lib/python3.5/site-packages/pkg_resources/extern'...
Listing './lib/python3.5/site-packages/pkg_resources-0.0.0.dist-info'...
Listing './lib/python3.5/site-packages/setuptools'...
Listing './lib/python3.5/site-packages/setuptools/command'...
Listing './lib/python3.5/site-packages/setuptools/extern'...
Listing './lib/python3.5/site-packages/setuptools-32.3.1.dist-info'...
Listing './lib/python3.5/site-packages/translationstring'...
Listing './lib/python3.5/site-packages/translationstring/tests'...
Listing './lib/python3.5/site-packages/translationstring/tests/fixtures'...
Listing './lib/python3.5/site-packages/translationstring/tests/fixtures/locales'...
Listing './lib/python3.5/site-packages/translationstring/tests/fixtures/locales/de'...
Listing './lib/python3.5/site-packages/translationstring/tests/fixtures/locales/de/LC_MESSAGES'...
Listing './lib/python3.5/site-packages/translationstring-1.3.dist-info'...
Listing './lib/python3.5/site-packages/webob'...
Listing './lib/python3.5/site-packages/zope'...
Listing './lib/python3.5/site-packages/zope/deprecation'...
Listing './lib/python3.5/site-packages/zope.deprecation-4.3.0.dist-info'...
Listing './share'...
Listing './share/python-wheels'...
