Listing '.'...
Listing './bin'...
Listing './include'...
Listing './lib'...
Listing './lib/python3.5'...
Listing './lib/python3.5/site-packages'...
Listing './lib/python3.5/site-packages/exercise_perseus_render'...
Listing './lib/python3.5/site-packages/exercise_perseus_render/assets'...
Listing './lib/python3.5/site-packages/exercise_perseus_render/assets/src'...
Listing './lib/python3.5/site-packages/exercise_perseus_render/assets/src/vue'...
Listing './lib/python3.5/site-packages/exercise_perseus_render/node_modules'...
Listing './lib/python3.5/site-packages/exercise_perseus_render/node_modules/.bin'...
Listing './lib/python3.5/site-packages/exercise_perseus_render/node_modules/acorn'...
Listing './lib/python3.5/site-packages/exercise_perseus_render/node_modules/acorn/bin'...
Listing './lib/python3.5/site-packages/exercise_perseus_render/node_modules/acorn/dist'...
Listing './lib/python3.5/site-packages/exercise_perseus_render/node_modules/acorn/rollup'...
Listing './lib/python3.5/site-packages/exercise_perseus_render/node_modules/acorn/src'...
Listing './lib/python3.5/site-packages/exercise_perseus_render/node_modules/acorn/src/bin'...
Listing './lib/python3.5/site-packages/exercise_perseus_render/node_modules/acorn/src/loose'...
Listing './lib/python3.5/site-packages/exercise_perseus_render/node_modules/acorn/src/walk'...
Listing './lib/python3.5/site-packages/exercise_perseus_render/node_modules/amdefine'...
Listing './lib/python3.5/site-packages/exercise_perseus_render/node_modules/aphrodite'...
Listing './lib/python3.5/site-packages/exercise_perseus_render/node_modules/aphrodite/.nyc_output'...
Listing './lib/python3.5/site-packages/exercise_perseus_render/node_modules/aphrodite/dist'...
Listing './lib/python3.5/site-packages/exercise_perseus_render/node_modules/aphrodite/examples'...
Listing './lib/python3.5/site-packages/exercise_perseus_render/node_modules/aphrodite/examples/src'...
Listing './lib/python3.5/site-packages/exercise_perseus_render/node_modules/aphrodite/lib'...
Listing './lib/python3.5/site-packages/exercise_perseus_render/node_modules/aphrodite/src'...
Listing './lib/python3.5/site-packages/exercise_perseus_render/node_modules/aphrodite/tests'...
Listing './lib/python3.5/site-packages/exercise_perseus_render/node_modules/asap'...
Listing './lib/python3.5/site-packages/exercise_perseus_render/node_modules/ast-types'...
Listing './lib/python3.5/site-packages/exercise_perseus_render/node_modules/ast-types/def'...
Listing './lib/python3.5/site-packages/exercise_perseus_render/node_modules/ast-types/lib'...
Listing './lib/python3.5/site-packages/exercise_perseus_render/node_modules/balanced-match'...
Listing './lib/python3.5/site-packages/exercise_perseus_render/node_modules/base62'...
Listing './lib/python3.5/site-packages/exercise_perseus_render/node_modules/base62/test'...
Listing './lib/python3.5/site-packages/exercise_perseus_render/node_modules/brace-expansion'...
Listing './lib/python3.5/site-packages/exercise_perseus_render/node_modules/btoa'...
Listing './lib/python3.5/site-packages/exercise_perseus_render/node_modules/btoa/bin'...
Listing './lib/python3.5/site-packages/exercise_perseus_render/node_modules/classnames'...
Listing './lib/python3.5/site-packages/exercise_perseus_render/node_modules/commander'...
Listing './lib/python3.5/site-packages/exercise_perseus_render/node_modules/commoner'...
Listing './lib/python3.5/site-packages/exercise_perseus_render/node_modules/commoner/bin'...
Listing './lib/python3.5/site-packages/exercise_perseus_render/node_modules/commoner/lib'...
Listing './lib/python3.5/site-packages/exercise_perseus_render/node_modules/concat-map'...
Listing './lib/python3.5/site-packages/exercise_perseus_render/node_modules/concat-map/example'...
Listing './lib/python3.5/site-packages/exercise_perseus_render/node_modules/concat-map/test'...
Listing './lib/python3.5/site-packages/exercise_perseus_render/node_modules/core-js'...
Listing './lib/python3.5/site-packages/exercise_perseus_render/node_modules/core-js/build'...
Listing './lib/python3.5/site-packages/exercise_perseus_render/node_modules/core-js/client'...
Listing './lib/python3.5/site-packages/exercise_perseus_render/node_modules/core-js/core'...
Listing './lib/python3.5/site-packages/exercise_perseus_render/node_modules/core-js/es5'...
Listing './lib/python3.5/site-packages/exercise_perseus_render/node_modules/core-js/es6'...
Listing './lib/python3.5/site-packages/exercise_perseus_render/node_modules/core-js/es7'...
Listing './lib/python3.5/site-packages/exercise_perseus_render/node_modules/core-js/fn'...
Listing './lib/python3.5/site-packages/exercise_perseus_render/node_modules/core-js/fn/array'...
Listing './lib/python3.5/site-packages/exercise_perseus_render/node_modules/core-js/fn/function'...
Listing './lib/python3.5/site-packages/exercise_perseus_render/node_modules/core-js/fn/html-collection'...
Listing './lib/python3.5/site-packages/exercise_perseus_render/node_modules/core-js/fn/json'...
Listing './lib/python3.5/site-packages/exercise_perseus_render/node_modules/core-js/fn/math'...
Listing './lib/python3.5/site-packages/exercise_perseus_render/node_modules/core-js/fn/node-list'...
Listing './lib/python3.5/site-packages/exercise_perseus_render/node_modules/core-js/fn/number'...
Listing './lib/python3.5/site-packages/exercise_perseus_render/node_modules/core-js/fn/object'...
Listing './lib/python3.5/site-packages/exercise_perseus_render/node_modules/core-js/fn/reflect'...
Listing './lib/python3.5/site-packages/exercise_perseus_render/node_modules/core-js/fn/regexp'...
Listing './lib/python3.5/site-packages/exercise_perseus_render/node_modules/core-js/fn/string'...
Listing './lib/python3.5/site-packages/exercise_perseus_render/node_modules/core-js/fn/symbol'...
Listing './lib/python3.5/site-packages/exercise_perseus_render/node_modules/core-js/js'...
Listing './lib/python3.5/site-packages/exercise_perseus_render/node_modules/core-js/library'...
Listing './lib/python3.5/site-packages/exercise_perseus_render/node_modules/core-js/library/core'...
Listing './lib/python3.5/site-packages/exercise_perseus_render/node_modules/core-js/library/es5'...
Listing './lib/python3.5/site-packages/exercise_perseus_render/node_modules/core-js/library/es6'...
Listing './lib/python3.5/site-packages/exercise_perseus_render/node_modules/core-js/library/es7'...
Listing './lib/python3.5/site-packages/exercise_perseus_render/node_modules/core-js/library/fn'...
Listing './lib/python3.5/site-packages/exercise_perseus_render/node_modules/core-js/library/fn/array'...
Listing './lib/python3.5/site-packages/exercise_perseus_render/node_modules/core-js/library/fn/function'...
Listing './lib/python3.5/site-packages/exercise_perseus_render/node_modules/core-js/library/fn/html-collection'...
Listing './lib/python3.5/site-packages/exercise_perseus_render/node_modules/core-js/library/fn/json'...
Listing './lib/python3.5/site-packages/exercise_perseus_render/node_modules/core-js/library/fn/math'...
Listing './lib/python3.5/site-packages/exercise_perseus_render/node_modules/core-js/library/fn/node-list'...
Listing './lib/python3.5/site-packages/exercise_perseus_render/node_modules/core-js/library/fn/number'...
Listing './lib/python3.5/site-packages/exercise_perseus_render/node_modules/core-js/library/fn/object'...
Listing './lib/python3.5/site-packages/exercise_perseus_render/node_modules/core-js/library/fn/reflect'...
Listing './lib/python3.5/site-packages/exercise_perseus_render/node_modules/core-js/library/fn/regexp'...
Listing './lib/python3.5/site-packages/exercise_perseus_render/node_modules/core-js/library/fn/string'...
Listing './lib/python3.5/site-packages/exercise_perseus_render/node_modules/core-js/library/fn/symbol'...
Listing './lib/python3.5/site-packages/exercise_perseus_render/node_modules/core-js/library/js'...
Listing './lib/python3.5/site-packages/exercise_perseus_render/node_modules/core-js/library/modules'...
Listing './lib/python3.5/site-packages/exercise_perseus_render/node_modules/core-js/library/web'...
Listing './lib/python3.5/site-packages/exercise_perseus_render/node_modules/core-js/modules'...
Listing './lib/python3.5/site-packages/exercise_perseus_render/node_modules/core-js/modules/library'...
Listing './lib/python3.5/site-packages/exercise_perseus_render/node_modules/core-js/web'...
Listing './lib/python3.5/site-packages/exercise_perseus_render/node_modules/defined'...
Listing './lib/python3.5/site-packages/exercise_perseus_render/node_modules/defined/example'...
Listing './lib/python3.5/site-packages/exercise_perseus_render/node_modules/defined/test'...
Listing './lib/python3.5/site-packages/exercise_perseus_render/node_modules/detective'...
Listing './lib/python3.5/site-packages/exercise_perseus_render/node_modules/detective/bench'...
Listing './lib/python3.5/site-packages/exercise_perseus_render/node_modules/detective/example'...
Listing './lib/python3.5/site-packages/exercise_perseus_render/node_modules/detective/test'...
Listing './lib/python3.5/site-packages/exercise_perseus_render/node_modules/detective/test/files'...
Listing './lib/python3.5/site-packages/exercise_perseus_render/node_modules/draft-js'...
Listing './lib/python3.5/site-packages/exercise_perseus_render/node_modules/draft-js/dist'...
Listing './lib/python3.5/site-packages/exercise_perseus_render/node_modules/draft-js/lib'...
Listing './lib/python3.5/site-packages/exercise_perseus_render/node_modules/draft-js/node_modules'...
Listing './lib/python3.5/site-packages/exercise_perseus_render/node_modules/draft-js/node_modules/fbjs'...
Listing './lib/python3.5/site-packages/exercise_perseus_render/node_modules/draft-js/node_modules/fbjs/flow'...
Listing './lib/python3.5/site-packages/exercise_perseus_render/node_modules/draft-js/node_modules/fbjs/flow/lib'...
Listing './lib/python3.5/site-packages/exercise_perseus_render/node_modules/draft-js/node_modules/fbjs/lib'...
Listing './lib/python3.5/site-packages/exercise_perseus_render/node_modules/draft-js/node_modules/fbjs/lib/__mocks__'...
Listing './lib/python3.5/site-packages/exercise_perseus_render/node_modules/draft-js/node_modules/object-assign'...
Listing './lib/python3.5/site-packages/exercise_perseus_render/node_modules/encoding'...
Listing './lib/python3.5/site-packages/exercise_perseus_render/node_modules/encoding/lib'...
Listing './lib/python3.5/site-packages/exercise_perseus_render/node_modules/encoding/test'...
Listing './lib/python3.5/site-packages/exercise_perseus_render/node_modules/envify'...
Listing './lib/python3.5/site-packages/exercise_perseus_render/node_modules/envify/bin'...
Listing './lib/python3.5/site-packages/exercise_perseus_render/node_modules/esprima-fb'...
Listing './lib/python3.5/site-packages/exercise_perseus_render/node_modules/esprima-fb/bin'...
Listing './lib/python3.5/site-packages/exercise_perseus_render/node_modules/esprima-fb/test'...
Listing './lib/python3.5/site-packages/exercise_perseus_render/node_modules/fbjs'...
Listing './lib/python3.5/site-packages/exercise_perseus_render/node_modules/fbjs/flow'...
Listing './lib/python3.5/site-packages/exercise_perseus_render/node_modules/fbjs/flow/lib'...
Listing './lib/python3.5/site-packages/exercise_perseus_render/node_modules/fbjs/lib'...
Listing './lib/python3.5/site-packages/exercise_perseus_render/node_modules/fbjs/lib/__mocks__'...
Listing './lib/python3.5/site-packages/exercise_perseus_render/node_modules/glob'...
Listing './lib/python3.5/site-packages/exercise_perseus_render/node_modules/graceful-fs'...
Listing './lib/python3.5/site-packages/exercise_perseus_render/node_modules/graceful-readlink'...
Listing './lib/python3.5/site-packages/exercise_perseus_render/node_modules/iconv-lite'...
Listing './lib/python3.5/site-packages/exercise_perseus_render/node_modules/iconv-lite/encodings'...
Listing './lib/python3.5/site-packages/exercise_perseus_render/node_modules/iconv-lite/encodings/tables'...
Listing './lib/python3.5/site-packages/exercise_perseus_render/node_modules/iconv-lite/lib'...
Listing './lib/python3.5/site-packages/exercise_perseus_render/node_modules/immutable'...
Listing './lib/python3.5/site-packages/exercise_perseus_render/node_modules/immutable/contrib'...
Listing './lib/python3.5/site-packages/exercise_perseus_render/node_modules/immutable/contrib/cursor'...
Listing './lib/python3.5/site-packages/exercise_perseus_render/node_modules/immutable/contrib/cursor/__tests__'...
Listing './lib/python3.5/site-packages/exercise_perseus_render/node_modules/immutable/dist'...
Listing './lib/python3.5/site-packages/exercise_perseus_render/node_modules/inflight'...
Listing './lib/python3.5/site-packages/exercise_perseus_render/node_modules/inherits'...
Listing './lib/python3.5/site-packages/exercise_perseus_render/node_modules/inline-style-prefix-all'...
Listing './lib/python3.5/site-packages/exercise_perseus_render/node_modules/inline-style-prefix-all/dist'...
Listing './lib/python3.5/site-packages/exercise_perseus_render/node_modules/inline-style-prefix-all/lib'...
Listing './lib/python3.5/site-packages/exercise_perseus_render/node_modules/inline-style-prefix-all/lib/plugins'...
Listing './lib/python3.5/site-packages/exercise_perseus_render/node_modules/inline-style-prefix-all/lib/utils'...
Listing './lib/python3.5/site-packages/exercise_perseus_render/node_modules/is-stream'...
Listing './lib/python3.5/site-packages/exercise_perseus_render/node_modules/isomorphic-fetch'...
Listing './lib/python3.5/site-packages/exercise_perseus_render/node_modules/isomorphic-fetch/node_modules'...
Listing './lib/python3.5/site-packages/exercise_perseus_render/node_modules/isomorphic-fetch/node_modules/whatwg-fetch'...
Listing './lib/python3.5/site-packages/exercise_perseus_render/node_modules/isomorphic-fetch/test'...
Listing './lib/python3.5/site-packages/exercise_perseus_render/node_modules/js-tokens'...
Listing './lib/python3.5/site-packages/exercise_perseus_render/node_modules/jstransform'...
Listing './lib/python3.5/site-packages/exercise_perseus_render/node_modules/jstransform/bin'...
Listing './lib/python3.5/site-packages/exercise_perseus_render/node_modules/jstransform/polyfill'...
Listing './lib/python3.5/site-packages/exercise_perseus_render/node_modules/jstransform/src'...
Listing './lib/python3.5/site-packages/exercise_perseus_render/node_modules/jstransform/src/__tests__'...
Listing './lib/python3.5/site-packages/exercise_perseus_render/node_modules/jstransform/visitors'...
Listing './lib/python3.5/site-packages/exercise_perseus_render/node_modules/jstransform/visitors/__tests__'...
Listing './lib/python3.5/site-packages/exercise_perseus_render/node_modules/jstransform/visitors/__tests__/gen'...
Listing './lib/python3.5/site-packages/exercise_perseus_render/node_modules/loose-envify'...
Listing './lib/python3.5/site-packages/exercise_perseus_render/node_modules/minimatch'...
Listing './lib/python3.5/site-packages/exercise_perseus_render/node_modules/minimist'...
Listing './lib/python3.5/site-packages/exercise_perseus_render/node_modules/minimist/example'...
Listing './lib/python3.5/site-packages/exercise_perseus_render/node_modules/minimist/test'...
Listing './lib/python3.5/site-packages/exercise_perseus_render/node_modules/mkdirp'...
Listing './lib/python3.5/site-packages/exercise_perseus_render/node_modules/mkdirp/bin'...
Listing './lib/python3.5/site-packages/exercise_perseus_render/node_modules/mkdirp/examples'...
Listing './lib/python3.5/site-packages/exercise_perseus_render/node_modules/mkdirp/test'...
Listing './lib/python3.5/site-packages/exercise_perseus_render/node_modules/node-fetch'...
Listing './lib/python3.5/site-packages/exercise_perseus_render/node_modules/node-fetch/lib'...
Listing './lib/python3.5/site-packages/exercise_perseus_render/node_modules/node-fetch/test'...
Listing './lib/python3.5/site-packages/exercise_perseus_render/node_modules/object-assign'...
Listing './lib/python3.5/site-packages/exercise_perseus_render/node_modules/once'...
Listing './lib/python3.5/site-packages/exercise_perseus_render/node_modules/path-is-absolute'...
Listing './lib/python3.5/site-packages/exercise_perseus_render/node_modules/perseus'...
Listing './lib/python3.5/site-packages/exercise_perseus_render/node_modules/perseus/build'...
Listing './lib/python3.5/site-packages/exercise_perseus_render/node_modules/perseus/fonts'...
Listing './lib/python3.5/site-packages/exercise_perseus_render/node_modules/perseus/hubble'...
Listing './lib/python3.5/site-packages/exercise_perseus_render/node_modules/perseus/hubble/test'...
Listing './lib/python3.5/site-packages/exercise_perseus_render/node_modules/perseus/images'...
Listing './lib/python3.5/site-packages/exercise_perseus_render/node_modules/perseus/images/avatars'...
Listing './lib/python3.5/site-packages/exercise_perseus_render/node_modules/perseus/images/badges'...
Listing './lib/python3.5/site-packages/exercise_perseus_render/node_modules/perseus/images/perseus'...
Listing './lib/python3.5/site-packages/exercise_perseus_render/node_modules/perseus/jest'...
Listing './lib/python3.5/site-packages/exercise_perseus_render/node_modules/perseus/kmath'...
Listing './lib/python3.5/site-packages/exercise_perseus_render/node_modules/perseus/kmath/__tests__'...
Listing './lib/python3.5/site-packages/exercise_perseus_render/node_modules/perseus/lib'...
Listing './lib/python3.5/site-packages/exercise_perseus_render/node_modules/perseus/lib/katex'...
Listing './lib/python3.5/site-packages/exercise_perseus_render/node_modules/perseus/lib/katex/fonts'...
Listing './lib/python3.5/site-packages/exercise_perseus_render/node_modules/perseus/lib/mathjax'...
Listing './lib/python3.5/site-packages/exercise_perseus_render/node_modules/perseus/lib/mathjax/2.1'...
Listing './lib/python3.5/site-packages/exercise_perseus_render/node_modules/perseus/lib/mathjax/2.1/config'...
Listing './lib/python3.5/site-packages/exercise_perseus_render/node_modules/perseus/lib/mathjax/2.1/fonts'...
Listing './lib/python3.5/site-packages/exercise_perseus_render/node_modules/perseus/lib/mathjax/2.1/images'...
Listing './lib/python3.5/site-packages/exercise_perseus_render/node_modules/perseus/lib/mathjax/2.1/jax'...
Compiling './lib/python3.5/site-packages/exercise_perseus_render/node_modules/perseus/lib/mathjax/kathjax.py'...
***   File "./lib/python3.5/site-packages/exercise_perseus_render/node_modules/perseus/lib/mathjax/kathjax.py", line 32
    print "%s exists, exiting" % mjdir
                             ^
SyntaxError: Missing parentheses in call to 'print'

Listing './lib/python3.5/site-packages/exercise_perseus_render/node_modules/perseus/lib/mathquill'...
Listing './lib/python3.5/site-packages/exercise_perseus_render/node_modules/perseus/lib/mathquill/fonts'...
Listing './lib/python3.5/site-packages/exercise_perseus_render/node_modules/perseus/math-input'...
Listing './lib/python3.5/site-packages/exercise_perseus_render/node_modules/perseus/math-input/build'...
Listing './lib/python3.5/site-packages/exercise_perseus_render/node_modules/perseus/math-input/css'...
Listing './lib/python3.5/site-packages/exercise_perseus_render/node_modules/perseus/math-input/lib'...
Listing './lib/python3.5/site-packages/exercise_perseus_render/node_modules/perseus/math-input/lib/katex'...
Listing './lib/python3.5/site-packages/exercise_perseus_render/node_modules/perseus/math-input/lib/katex/fonts'...
Listing './lib/python3.5/site-packages/exercise_perseus_render/node_modules/perseus/math-input/mathquill'...
Listing './lib/python3.5/site-packages/exercise_perseus_render/node_modules/perseus/math-input/mathquill/font'...
Listing './lib/python3.5/site-packages/exercise_perseus_render/node_modules/perseus/math-input/src'...
Listing './lib/python3.5/site-packages/exercise_perseus_render/node_modules/perseus/math-input/src/actions'...
Listing './lib/python3.5/site-packages/exercise_perseus_render/node_modules/perseus/math-input/src/components'...
Listing './lib/python3.5/site-packages/exercise_perseus_render/node_modules/perseus/math-input/src/components/iconography'...
Listing './lib/python3.5/site-packages/exercise_perseus_render/node_modules/perseus/math-input/src/components/input'...
Listing './lib/python3.5/site-packages/exercise_perseus_render/node_modules/perseus/math-input/src/data'...
Listing './lib/python3.5/site-packages/exercise_perseus_render/node_modules/perseus/math-input/src/fake-react-native-web'...
Listing './lib/python3.5/site-packages/exercise_perseus_render/node_modules/perseus/math-input/src/store'...
Listing './lib/python3.5/site-packages/exercise_perseus_render/node_modules/perseus/math-input/test'...
Listing './lib/python3.5/site-packages/exercise_perseus_render/node_modules/perseus/math-input/tools'...
Listing './lib/python3.5/site-packages/exercise_perseus_render/node_modules/perseus/math-input/tools/svg-to-react'...
Compiling './lib/python3.5/site-packages/exercise_perseus_render/node_modules/perseus/math-input/tools/svg-to-react/convert.py'...
***   File "./lib/python3.5/site-packages/exercise_perseus_render/node_modules/perseus/math-input/tools/svg-to-react/convert.py", line 68
    print 'Skipping: ' + svg_filename
                     ^
SyntaxError: Missing parentheses in call to 'print'

Listing './lib/python3.5/site-packages/exercise_perseus_render/node_modules/perseus/math-input/tools/svg-to-react/icons'...
Listing './lib/python3.5/site-packages/exercise_perseus_render/node_modules/perseus/node'...
Listing './lib/python3.5/site-packages/exercise_perseus_render/node_modules/perseus/node/__tests__'...
Listing './lib/python3.5/site-packages/exercise_perseus_render/node_modules/perseus/node_modules'...
Listing './lib/python3.5/site-packages/exercise_perseus_render/node_modules/perseus/node_modules/jquery'...
Listing './lib/python3.5/site-packages/exercise_perseus_render/node_modules/perseus/node_modules/react'...
Listing './lib/python3.5/site-packages/exercise_perseus_render/node_modules/perseus/node_modules/react-addons-create-fragment'...
Listing './lib/python3.5/site-packages/exercise_perseus_render/node_modules/perseus/node_modules/react-addons-css-transition-group'...
Listing './lib/python3.5/site-packages/exercise_perseus_render/node_modules/perseus/node_modules/react-addons-pure-render-mixin'...
Listing './lib/python3.5/site-packages/exercise_perseus_render/node_modules/perseus/node_modules/react-dom'...
Listing './lib/python3.5/site-packages/exercise_perseus_render/node_modules/perseus/node_modules/underscore'...
Listing './lib/python3.5/site-packages/exercise_perseus_render/node_modules/perseus/react-components'...
Listing './lib/python3.5/site-packages/exercise_perseus_render/node_modules/perseus/react-components/docs'...
Listing './lib/python3.5/site-packages/exercise_perseus_render/node_modules/perseus/react-components/docs/images'...
Listing './lib/python3.5/site-packages/exercise_perseus_render/node_modules/perseus/react-components/docs/js'...
Listing './lib/python3.5/site-packages/exercise_perseus_render/node_modules/perseus/react-components/docs/stylesheets'...
Listing './lib/python3.5/site-packages/exercise_perseus_render/node_modules/perseus/react-components/docs/stylesheets/fonts'...
Listing './lib/python3.5/site-packages/exercise_perseus_render/node_modules/perseus/react-components/examples'...
Listing './lib/python3.5/site-packages/exercise_perseus_render/node_modules/perseus/react-components/js'...
Listing './lib/python3.5/site-packages/exercise_perseus_render/node_modules/perseus/react-components/react-live-editor'...
Listing './lib/python3.5/site-packages/exercise_perseus_render/node_modules/perseus/react-components/react-live-editor/static'...
Listing './lib/python3.5/site-packages/exercise_perseus_render/node_modules/perseus/react-components/test'...
Listing './lib/python3.5/site-packages/exercise_perseus_render/node_modules/perseus/simple-markdown'...
Listing './lib/python3.5/site-packages/exercise_perseus_render/node_modules/perseus/simple-markdown/__tests__'...
Listing './lib/python3.5/site-packages/exercise_perseus_render/node_modules/perseus/src'...
Listing './lib/python3.5/site-packages/exercise_perseus_render/node_modules/perseus/src/__tests__'...
Listing './lib/python3.5/site-packages/exercise_perseus_render/node_modules/perseus/src/__tests__/test-items'...
Listing './lib/python3.5/site-packages/exercise_perseus_render/node_modules/perseus/src/components'...
Listing './lib/python3.5/site-packages/exercise_perseus_render/node_modules/perseus/src/components/__tests__'...
Listing './lib/python3.5/site-packages/exercise_perseus_render/node_modules/perseus/src/diffs'...
Listing './lib/python3.5/site-packages/exercise_perseus_render/node_modules/perseus/src/diffs/__tests__'...
Listing './lib/python3.5/site-packages/exercise_perseus_render/node_modules/perseus/src/interactive2'...
Listing './lib/python3.5/site-packages/exercise_perseus_render/node_modules/perseus/src/interactive2/__tests__'...
Listing './lib/python3.5/site-packages/exercise_perseus_render/node_modules/perseus/src/mixins'...
Listing './lib/python3.5/site-packages/exercise_perseus_render/node_modules/perseus/src/styles'...
Listing './lib/python3.5/site-packages/exercise_perseus_render/node_modules/perseus/src/testutils'...
Listing './lib/python3.5/site-packages/exercise_perseus_render/node_modules/perseus/src/util'...
Listing './lib/python3.5/site-packages/exercise_perseus_render/node_modules/perseus/src/util/__tests__'...
Listing './lib/python3.5/site-packages/exercise_perseus_render/node_modules/perseus/src/widgets'...
Listing './lib/python3.5/site-packages/exercise_perseus_render/node_modules/perseus/src/widgets/__tests__'...
Listing './lib/python3.5/site-packages/exercise_perseus_render/node_modules/perseus/src/widgets/grapher'...
Listing './lib/python3.5/site-packages/exercise_perseus_render/node_modules/perseus/src/widgets/interaction'...
Listing './lib/python3.5/site-packages/exercise_perseus_render/node_modules/perseus/src/widgets/molecule'...
Listing './lib/python3.5/site-packages/exercise_perseus_render/node_modules/perseus/src/widgets/molecule/__tests__'...
Listing './lib/python3.5/site-packages/exercise_perseus_render/node_modules/perseus/src/widgets/passage'...
Listing './lib/python3.5/site-packages/exercise_perseus_render/node_modules/perseus/src/widgets/passage/__tests__'...
Listing './lib/python3.5/site-packages/exercise_perseus_render/node_modules/perseus/src/widgets/radio'...
Listing './lib/python3.5/site-packages/exercise_perseus_render/node_modules/perseus/stylesheets'...
Listing './lib/python3.5/site-packages/exercise_perseus_render/node_modules/perseus/stylesheets/exercise-content-package'...
Listing './lib/python3.5/site-packages/exercise_perseus_render/node_modules/perseus/stylesheets/exercise-content-package/images'...
Listing './lib/python3.5/site-packages/exercise_perseus_render/node_modules/perseus/stylesheets/exercise-content-package/widgets'...
Listing './lib/python3.5/site-packages/exercise_perseus_render/node_modules/perseus/stylesheets/local-only'...
Listing './lib/python3.5/site-packages/exercise_perseus_render/node_modules/perseus/stylesheets/perseus-admin-package'...
Listing './lib/python3.5/site-packages/exercise_perseus_render/node_modules/private'...
Listing './lib/python3.5/site-packages/exercise_perseus_render/node_modules/private/test'...
Listing './lib/python3.5/site-packages/exercise_perseus_render/node_modules/promise'...
Listing './lib/python3.5/site-packages/exercise_perseus_render/node_modules/promise/domains'...
Listing './lib/python3.5/site-packages/exercise_perseus_render/node_modules/promise/lib'...
Listing './lib/python3.5/site-packages/exercise_perseus_render/node_modules/promise/setimmediate'...
Listing './lib/python3.5/site-packages/exercise_perseus_render/node_modules/promise/src'...
Listing './lib/python3.5/site-packages/exercise_perseus_render/node_modules/q'...
Listing './lib/python3.5/site-packages/exercise_perseus_render/node_modules/react'...
Listing './lib/python3.5/site-packages/exercise_perseus_render/node_modules/react/dist'...
Listing './lib/python3.5/site-packages/exercise_perseus_render/node_modules/react/lib'...
Listing './lib/python3.5/site-packages/exercise_perseus_render/node_modules/react-addons-css-transition-group'...
Listing './lib/python3.5/site-packages/exercise_perseus_render/node_modules/react-addons-pure-render-mixin'...
Listing './lib/python3.5/site-packages/exercise_perseus_render/node_modules/react-dom'...
Listing './lib/python3.5/site-packages/exercise_perseus_render/node_modules/react-dom/dist'...
Listing './lib/python3.5/site-packages/exercise_perseus_render/node_modules/recast'...
Listing './lib/python3.5/site-packages/exercise_perseus_render/node_modules/recast/example'...
Listing './lib/python3.5/site-packages/exercise_perseus_render/node_modules/recast/lib'...
Listing './lib/python3.5/site-packages/exercise_perseus_render/node_modules/recast/node_modules'...
Listing './lib/python3.5/site-packages/exercise_perseus_render/node_modules/recast/node_modules/.bin'...
Listing './lib/python3.5/site-packages/exercise_perseus_render/node_modules/recast/node_modules/esprima'...
Listing './lib/python3.5/site-packages/exercise_perseus_render/node_modules/recast/node_modules/esprima/bin'...
Listing './lib/python3.5/site-packages/exercise_perseus_render/node_modules/recast/node_modules/esprima/dist'...
Listing './lib/python3.5/site-packages/exercise_perseus_render/node_modules/recast/node_modules/source-map'...
Listing './lib/python3.5/site-packages/exercise_perseus_render/node_modules/recast/node_modules/source-map/dist'...
Listing './lib/python3.5/site-packages/exercise_perseus_render/node_modules/recast/node_modules/source-map/lib'...
Listing './lib/python3.5/site-packages/exercise_perseus_render/node_modules/seededshuffle'...
Listing './lib/python3.5/site-packages/exercise_perseus_render/node_modules/setimmediate'...
Listing './lib/python3.5/site-packages/exercise_perseus_render/node_modules/source-map'...
Listing './lib/python3.5/site-packages/exercise_perseus_render/node_modules/source-map/build'...
Listing './lib/python3.5/site-packages/exercise_perseus_render/node_modules/source-map/lib'...
Listing './lib/python3.5/site-packages/exercise_perseus_render/node_modules/source-map/lib/source-map'...
Listing './lib/python3.5/site-packages/exercise_perseus_render/node_modules/through'...
Listing './lib/python3.5/site-packages/exercise_perseus_render/node_modules/through/test'...
Listing './lib/python3.5/site-packages/exercise_perseus_render/node_modules/ua-parser-js'...
Listing './lib/python3.5/site-packages/exercise_perseus_render/node_modules/ua-parser-js/dist'...
Listing './lib/python3.5/site-packages/exercise_perseus_render/node_modules/ua-parser-js/src'...
Listing './lib/python3.5/site-packages/exercise_perseus_render/node_modules/ua-parser-js/test'...
Listing './lib/python3.5/site-packages/exercise_perseus_render/node_modules/webfontloader'...
Listing './lib/python3.5/site-packages/exercise_perseus_render/node_modules/webfontloader/src'...
Listing './lib/python3.5/site-packages/exercise_perseus_render/node_modules/webfontloader/src/core'...
Listing './lib/python3.5/site-packages/exercise_perseus_render/node_modules/webfontloader/src/modules'...
Listing './lib/python3.5/site-packages/exercise_perseus_render/node_modules/webfontloader/src/modules/google'...
Listing './lib/python3.5/site-packages/exercise_perseus_render/node_modules/whatwg-fetch'...
Listing './lib/python3.5/site-packages/exercise_perseus_render/node_modules/wrappy'...
Listing './lib/python3.5/site-packages/exercise_perseus_render/static'...
Listing './lib/python3.5/site-packages/exercise_perseus_render/static/mathjax'...
Listing './lib/python3.5/site-packages/exercise_perseus_render/static/mathjax/2.1'...
Listing './lib/python3.5/site-packages/exercise_perseus_render/static/mathjax/2.1/config'...
Listing './lib/python3.5/site-packages/exercise_perseus_render/static/mathjax/2.1/fonts'...
Listing './lib/python3.5/site-packages/exercise_perseus_render/static/mathjax/2.1/fonts/HTML-CSS'...
Listing './lib/python3.5/site-packages/exercise_perseus_render/static/mathjax/2.1/fonts/HTML-CSS/TeX'...
Listing './lib/python3.5/site-packages/exercise_perseus_render/static/mathjax/2.1/images'...
Listing './lib/python3.5/site-packages/exercise_perseus_render/static/mathjax/2.1/jax'...
Listing './lib/python3.5/site-packages/exercise_perseus_render/static/mathjax/2.1/jax/element'...
Listing './lib/python3.5/site-packages/exercise_perseus_render/static/mathjax/2.1/jax/element/mml'...
Listing './lib/python3.5/site-packages/exercise_perseus_render/static/mathjax/2.1/jax/output'...
Listing './lib/python3.5/site-packages/exercise_perseus_render/static/mathjax/2.1/jax/output/HTML-CSS'...
Compiling './lib/python3.5/site-packages/exercise_perseus_render/static/mathjax/kathjax.py'...
***   File "./lib/python3.5/site-packages/exercise_perseus_render/static/mathjax/kathjax.py", line 32
    print "%s exists, exiting" % mjdir
                             ^
SyntaxError: Missing parentheses in call to 'print'

Listing './lib/python3.5/site-packages/kolibri_exercise_perseus_renderer-0.2.8.egg-info'...
Listing './lib/python3.5/site-packages/pip'...
Listing './lib/python3.5/site-packages/pip/_vendor'...
Listing './lib/python3.5/site-packages/pip/commands'...
Listing './lib/python3.5/site-packages/pip/compat'...
Listing './lib/python3.5/site-packages/pip/models'...
Listing './lib/python3.5/site-packages/pip/operations'...
Listing './lib/python3.5/site-packages/pip/req'...
Listing './lib/python3.5/site-packages/pip/utils'...
Listing './lib/python3.5/site-packages/pip/vcs'...
Listing './lib/python3.5/site-packages/pip-9.0.1.dist-info'...
Listing './lib/python3.5/site-packages/pkg_resources'...
Listing './lib/python3.5/site-packages/pkg_resources/_vendor'...
Listing './lib/python3.5/site-packages/pkg_resources/_vendor/packaging'...
Listing './lib/python3.5/site-packages/pkg_resources/extern'...
Listing './lib/python3.5/site-packages/pkg_resources-0.0.0.dist-info'...
Listing './lib/python3.5/site-packages/setuptools'...
Listing './lib/python3.5/site-packages/setuptools/command'...
Listing './lib/python3.5/site-packages/setuptools/extern'...
Listing './lib/python3.5/site-packages/setuptools-32.3.1.dist-info'...
Listing './share'...
Listing './share/python-wheels'...
