Listing '.'...
Listing './bin'...
Compiling './bin/miniterm.py'...
Listing './include'...
Listing './lib'...
Listing './lib/python3.5'...
Listing './lib/python3.5/site-packages'...
Listing './lib/python3.5/site-packages/Jinja2-2.10.dist-info'...
Listing './lib/python3.5/site-packages/MarkupSafe-1.0.egg-info'...
Listing './lib/python3.5/site-packages/PyYAML-3.12.egg-info'...
Listing './lib/python3.5/site-packages/_pytest'...
Listing './lib/python3.5/site-packages/_pytest/_code'...
Listing './lib/python3.5/site-packages/_pytest/assertion'...
Listing './lib/python3.5/site-packages/attr'...
Listing './lib/python3.5/site-packages/attrs-17.4.0.dist-info'...
Listing './lib/python3.5/site-packages/autobahn'...
Listing './lib/python3.5/site-packages/autobahn/asyncio'...
Listing './lib/python3.5/site-packages/autobahn/asyncio/test'...
Listing './lib/python3.5/site-packages/autobahn/rawsocket'...
Listing './lib/python3.5/site-packages/autobahn/rawsocket/test'...
Listing './lib/python3.5/site-packages/autobahn/test'...
Listing './lib/python3.5/site-packages/autobahn/twisted'...
Listing './lib/python3.5/site-packages/autobahn/wamp'...
Listing './lib/python3.5/site-packages/autobahn/wamp/test'...
Listing './lib/python3.5/site-packages/autobahn/websocket'...
Listing './lib/python3.5/site-packages/autobahn/websocket/test'...
Listing './lib/python3.5/site-packages/autobahn-17.10.1.dist-info'...
Listing './lib/python3.5/site-packages/certifi'...
Listing './lib/python3.5/site-packages/certifi-2017.11.5.dist-info'...
Listing './lib/python3.5/site-packages/chardet'...
Listing './lib/python3.5/site-packages/chardet/cli'...
Listing './lib/python3.5/site-packages/chardet-3.0.4.dist-info'...
Listing './lib/python3.5/site-packages/idna'...
Listing './lib/python3.5/site-packages/idna-2.6.dist-info'...
Listing './lib/python3.5/site-packages/jinja2'...
Compiling './lib/python3.5/site-packages/jinja2/asyncfilters.py'...
***   File "./lib/python3.5/site-packages/jinja2/asyncfilters.py", line 24
    yield item
    ^
SyntaxError: 'yield' inside async function

Compiling './lib/python3.5/site-packages/jinja2/asyncsupport.py'...
***   File "./lib/python3.5/site-packages/jinja2/asyncsupport.py", line 35
    yield event
    ^
SyntaxError: 'yield' inside async function

Listing './lib/python3.5/site-packages/labgrid'...
Listing './lib/python3.5/site-packages/labgrid/driver'...
Listing './lib/python3.5/site-packages/labgrid/driver/power'...
Listing './lib/python3.5/site-packages/labgrid/external'...
Listing './lib/python3.5/site-packages/labgrid/protocol'...
Listing './lib/python3.5/site-packages/labgrid/provider'...
Listing './lib/python3.5/site-packages/labgrid/pytestplugin'...
Listing './lib/python3.5/site-packages/labgrid/remote'...
Listing './lib/python3.5/site-packages/labgrid/resource'...
Listing './lib/python3.5/site-packages/labgrid/strategy'...
Listing './lib/python3.5/site-packages/labgrid/util'...
Listing './lib/python3.5/site-packages/labgrid-0.1.0.egg-info'...
Listing './lib/python3.5/site-packages/markupsafe'...
Listing './lib/python3.5/site-packages/pexpect'...
Listing './lib/python3.5/site-packages/pexpect-4.3.1.dist-info'...
Listing './lib/python3.5/site-packages/pip'...
Listing './lib/python3.5/site-packages/pip/_vendor'...
Listing './lib/python3.5/site-packages/pip/commands'...
Listing './lib/python3.5/site-packages/pip/compat'...
Listing './lib/python3.5/site-packages/pip/models'...
Listing './lib/python3.5/site-packages/pip/operations'...
Listing './lib/python3.5/site-packages/pip/req'...
Listing './lib/python3.5/site-packages/pip/utils'...
Listing './lib/python3.5/site-packages/pip/vcs'...
Listing './lib/python3.5/site-packages/pip-9.0.1.dist-info'...
Listing './lib/python3.5/site-packages/pkg_resources'...
Listing './lib/python3.5/site-packages/pkg_resources/_vendor'...
Listing './lib/python3.5/site-packages/pkg_resources/_vendor/packaging'...
Listing './lib/python3.5/site-packages/pkg_resources/extern'...
Listing './lib/python3.5/site-packages/pkg_resources-0.0.0.dist-info'...
Listing './lib/python3.5/site-packages/pluggy'...
Listing './lib/python3.5/site-packages/pluggy-0.6.0.egg-info'...
Listing './lib/python3.5/site-packages/ptyprocess'...
Listing './lib/python3.5/site-packages/ptyprocess-0.5.2.dist-info'...
Listing './lib/python3.5/site-packages/py'...
Listing './lib/python3.5/site-packages/py/_code'...
Listing './lib/python3.5/site-packages/py/_io'...
Listing './lib/python3.5/site-packages/py/_log'...
Listing './lib/python3.5/site-packages/py/_path'...
Listing './lib/python3.5/site-packages/py/_process'...
Listing './lib/python3.5/site-packages/py/_vendored_packages'...
Listing './lib/python3.5/site-packages/py-1.5.2.dist-info'...
Listing './lib/python3.5/site-packages/pyserial-3.4.dist-info'...
Listing './lib/python3.5/site-packages/pytest-3.3.2.dist-info'...
Listing './lib/python3.5/site-packages/pyudev'...
Listing './lib/python3.5/site-packages/pyudev/_ctypeslib'...
Listing './lib/python3.5/site-packages/pyudev/_os'...
Listing './lib/python3.5/site-packages/pyudev/device'...
Listing './lib/python3.5/site-packages/pyudev-0.21.0.egg-info'...
Listing './lib/python3.5/site-packages/requests'...
Listing './lib/python3.5/site-packages/requests-2.18.4.dist-info'...
Listing './lib/python3.5/site-packages/serial'...
Listing './lib/python3.5/site-packages/serial/threaded'...
Listing './lib/python3.5/site-packages/serial/tools'...
Listing './lib/python3.5/site-packages/serial/urlhandler'...
Listing './lib/python3.5/site-packages/setuptools'...
Listing './lib/python3.5/site-packages/setuptools/command'...
Listing './lib/python3.5/site-packages/setuptools/extern'...
Listing './lib/python3.5/site-packages/setuptools-32.3.1.dist-info'...
Listing './lib/python3.5/site-packages/six-1.11.0.dist-info'...
Listing './lib/python3.5/site-packages/twisted'...
Listing './lib/python3.5/site-packages/twisted/plugins'...
Listing './lib/python3.5/site-packages/txaio'...
Listing './lib/python3.5/site-packages/txaio-2.8.2.dist-info'...
Listing './lib/python3.5/site-packages/urllib3'...
Listing './lib/python3.5/site-packages/urllib3/contrib'...
Listing './lib/python3.5/site-packages/urllib3/contrib/_securetransport'...
Listing './lib/python3.5/site-packages/urllib3/packages'...
Listing './lib/python3.5/site-packages/urllib3/packages/backports'...
Listing './lib/python3.5/site-packages/urllib3/packages/ssl_match_hostname'...
Listing './lib/python3.5/site-packages/urllib3/util'...
Listing './lib/python3.5/site-packages/urllib3-1.22.dist-info'...
Listing './lib/python3.5/site-packages/yaml'...
Listing './share'...
Listing './share/man'...
Listing './share/man/1'...
Listing './share/python-wheels'...
