Listing '.'...
Listing './bin'...
Compiling './bin/sassc.py'...
Listing './include'...
Listing './lib'...
Listing './lib/python3.5'...
Listing './lib/python3.5/site-packages'...
Listing './lib/python3.5/site-packages/Pygments-2.2.0.dist-info'...
Listing './lib/python3.5/site-packages/libsass-0.13.5.dist-info'...
Listing './lib/python3.5/site-packages/markdown_code_blocks-1.2.0.dist-info'...
Listing './lib/python3.5/site-packages/markdown_to_presentation-0.0.16.dist-info'...
Compiling './lib/python3.5/site-packages/markdown_to_presentation.py'...
***   File "./lib/python3.5/site-packages/markdown_to_presentation.py", line 48
    MAKEFILE = f'''\
IMG = $(wildcard assets/*.png)
IMG_BUILD = $(patsubst assets/%,build/%,$(IMG))

all: index.htm build/presentation.css build/presentation.js $(IMG_BUILD)

build:
\tmkdir $@

build/%.png: assets/%.png build
\tcp $< $@

.mtp/package.json: {MTPVERSION}
\t{sys.executable} -m markdown_to_presentation run-backend $@

.mtp/node_modules: {MTPVERSION} .mtp/package.json
\t{sys.executable} -m markdown_to_presentation run-backend $@

.mtp/style.scss: {MTPVERSION}
\t{sys.executable} -m markdown_to_presentation run-backend $@

build/presentation.css: {MTPVERSION} assets/_app.scss assets/_theme.scss .mtp/style.scss .mtp/node_modules | build
\t{sys.executable} -m markdown_to_presentation run-backend $@

build/presentation.js: {MTPVERSION} .mtp/node_modules | build
\t{sys.executable} -m markdown_to_presentation run-backend $@

index.htm: {MTPVERSION} slides.md
\t{sys.executable} -m markdown_to_presentation run-backend $@
'''  # noqa: E501
                    
                              
                                               

                                                                        

      
          

                               
          

                               
                                                             

                                                 
                                                             

                             
                                                             

                                                                                                                  
                                                             

                                                             
                                                             

                                 
                                                             
  ^
SyntaxError: invalid syntax

Listing './lib/python3.5/site-packages/mistune-0.8.3.dist-info'...
Listing './lib/python3.5/site-packages/pip'...
Listing './lib/python3.5/site-packages/pip/_vendor'...
Listing './lib/python3.5/site-packages/pip/commands'...
Listing './lib/python3.5/site-packages/pip/compat'...
Listing './lib/python3.5/site-packages/pip/models'...
Listing './lib/python3.5/site-packages/pip/operations'...
Listing './lib/python3.5/site-packages/pip/req'...
Listing './lib/python3.5/site-packages/pip/utils'...
Listing './lib/python3.5/site-packages/pip/vcs'...
Listing './lib/python3.5/site-packages/pip-9.0.1.dist-info'...
Listing './lib/python3.5/site-packages/pkg_resources'...
Listing './lib/python3.5/site-packages/pkg_resources/_vendor'...
Listing './lib/python3.5/site-packages/pkg_resources/_vendor/packaging'...
Listing './lib/python3.5/site-packages/pkg_resources/extern'...
Listing './lib/python3.5/site-packages/pkg_resources-0.0.0.dist-info'...
Listing './lib/python3.5/site-packages/pygments'...
Listing './lib/python3.5/site-packages/pygments/filters'...
Listing './lib/python3.5/site-packages/pygments/formatters'...
Listing './lib/python3.5/site-packages/pygments/lexers'...
Listing './lib/python3.5/site-packages/pygments/styles'...
Listing './lib/python3.5/site-packages/sassutils'...
Listing './lib/python3.5/site-packages/setuptools'...
Listing './lib/python3.5/site-packages/setuptools/command'...
Listing './lib/python3.5/site-packages/setuptools/extern'...
Listing './lib/python3.5/site-packages/setuptools-32.3.1.dist-info'...
Listing './lib/python3.5/site-packages/six-1.11.0.dist-info'...
Listing './share'...
Listing './share/python-wheels'...
