Listing '.'...
Listing './bin'...
Listing './include'...
Listing './lib'...
Listing './lib/python3.5'...
Listing './lib/python3.5/site-packages'...
Listing './lib/python3.5/site-packages/Jinja2-2.10.dist-info'...
Listing './lib/python3.5/site-packages/MarkupSafe-1.0.egg-info'...
Listing './lib/python3.5/site-packages/Matador-2.1.0.egg-info'...
Listing './lib/python3.5/site-packages/PyYAML-3.12.egg-info'...
Listing './lib/python3.5/site-packages/arrow'...
Listing './lib/python3.5/site-packages/arrow-0.12.0.egg-info'...
Listing './lib/python3.5/site-packages/binaryornot'...
Listing './lib/python3.5/site-packages/binaryornot-0.4.4.dist-info'...
Listing './lib/python3.5/site-packages/certifi'...
Listing './lib/python3.5/site-packages/certifi-2017.11.5.dist-info'...
Listing './lib/python3.5/site-packages/chardet'...
Listing './lib/python3.5/site-packages/chardet/cli'...
Listing './lib/python3.5/site-packages/chardet-3.0.4.dist-info'...
Listing './lib/python3.5/site-packages/click'...
Listing './lib/python3.5/site-packages/click-6.7.dist-info'...
Listing './lib/python3.5/site-packages/cookiecutter'...
Listing './lib/python3.5/site-packages/cookiecutter-1.6.0.dist-info'...
Listing './lib/python3.5/site-packages/dateutil'...
Listing './lib/python3.5/site-packages/dateutil/tz'...
Listing './lib/python3.5/site-packages/dateutil/zoneinfo'...
Listing './lib/python3.5/site-packages/docs'...
Listing './lib/python3.5/site-packages/docs/tutorial'...
Listing './lib/python3.5/site-packages/dulwich'...
Listing './lib/python3.5/site-packages/dulwich/contrib'...
Listing './lib/python3.5/site-packages/dulwich/tests'...
Listing './lib/python3.5/site-packages/dulwich/tests/compat'...
Listing './lib/python3.5/site-packages/dulwich/tests/data'...
Listing './lib/python3.5/site-packages/dulwich/tests/data/blobs'...
Listing './lib/python3.5/site-packages/dulwich/tests/data/blobs/11'...
Listing './lib/python3.5/site-packages/dulwich/tests/data/blobs/6f'...
Listing './lib/python3.5/site-packages/dulwich/tests/data/blobs/95'...
Listing './lib/python3.5/site-packages/dulwich/tests/data/blobs/e6'...
Listing './lib/python3.5/site-packages/dulwich/tests/data/commits'...
Listing './lib/python3.5/site-packages/dulwich/tests/data/commits/0d'...
Listing './lib/python3.5/site-packages/dulwich/tests/data/commits/5d'...
Listing './lib/python3.5/site-packages/dulwich/tests/data/commits/60'...
Listing './lib/python3.5/site-packages/dulwich/tests/data/indexes'...
Listing './lib/python3.5/site-packages/dulwich/tests/data/packs'...
Listing './lib/python3.5/site-packages/dulwich/tests/data/repos'...
Listing './lib/python3.5/site-packages/dulwich/tests/data/repos/a.git'...
Listing './lib/python3.5/site-packages/dulwich/tests/data/repos/a.git/objects'...
Listing './lib/python3.5/site-packages/dulwich/tests/data/repos/a.git/objects/28'...
Listing './lib/python3.5/site-packages/dulwich/tests/data/repos/a.git/objects/2a'...
Listing './lib/python3.5/site-packages/dulwich/tests/data/repos/a.git/objects/4e'...
Listing './lib/python3.5/site-packages/dulwich/tests/data/repos/a.git/objects/4f'...
Listing './lib/python3.5/site-packages/dulwich/tests/data/repos/a.git/objects/7d'...
Listing './lib/python3.5/site-packages/dulwich/tests/data/repos/a.git/objects/a2'...
Listing './lib/python3.5/site-packages/dulwich/tests/data/repos/a.git/objects/a9'...
Listing './lib/python3.5/site-packages/dulwich/tests/data/repos/a.git/objects/b0'...
Listing './lib/python3.5/site-packages/dulwich/tests/data/repos/a.git/objects/ff'...
Listing './lib/python3.5/site-packages/dulwich/tests/data/repos/a.git/refs'...
Listing './lib/python3.5/site-packages/dulwich/tests/data/repos/a.git/refs/heads'...
Listing './lib/python3.5/site-packages/dulwich/tests/data/repos/a.git/refs/tags'...
Listing './lib/python3.5/site-packages/dulwich/tests/data/repos/empty.git'...
Listing './lib/python3.5/site-packages/dulwich/tests/data/repos/empty.git/objects'...
Listing './lib/python3.5/site-packages/dulwich/tests/data/repos/empty.git/objects/info'...
Listing './lib/python3.5/site-packages/dulwich/tests/data/repos/empty.git/objects/pack'...
Listing './lib/python3.5/site-packages/dulwich/tests/data/repos/empty.git/refs'...
Listing './lib/python3.5/site-packages/dulwich/tests/data/repos/empty.git/refs/heads'...
Listing './lib/python3.5/site-packages/dulwich/tests/data/repos/empty.git/refs/tags'...
Listing './lib/python3.5/site-packages/dulwich/tests/data/repos/ooo_merge.git'...
Listing './lib/python3.5/site-packages/dulwich/tests/data/repos/ooo_merge.git/objects'...
Listing './lib/python3.5/site-packages/dulwich/tests/data/repos/ooo_merge.git/objects/29'...
Listing './lib/python3.5/site-packages/dulwich/tests/data/repos/ooo_merge.git/objects/38'...
Listing './lib/python3.5/site-packages/dulwich/tests/data/repos/ooo_merge.git/objects/6f'...
Listing './lib/python3.5/site-packages/dulwich/tests/data/repos/ooo_merge.git/objects/70'...
Listing './lib/python3.5/site-packages/dulwich/tests/data/repos/ooo_merge.git/objects/76'...
Listing './lib/python3.5/site-packages/dulwich/tests/data/repos/ooo_merge.git/objects/90'...
Listing './lib/python3.5/site-packages/dulwich/tests/data/repos/ooo_merge.git/objects/95'...
Listing './lib/python3.5/site-packages/dulwich/tests/data/repos/ooo_merge.git/objects/b2'...
Listing './lib/python3.5/site-packages/dulwich/tests/data/repos/ooo_merge.git/objects/f5'...
Listing './lib/python3.5/site-packages/dulwich/tests/data/repos/ooo_merge.git/objects/f9'...
Listing './lib/python3.5/site-packages/dulwich/tests/data/repos/ooo_merge.git/objects/fb'...
Listing './lib/python3.5/site-packages/dulwich/tests/data/repos/ooo_merge.git/refs'...
Listing './lib/python3.5/site-packages/dulwich/tests/data/repos/ooo_merge.git/refs/heads'...
Listing './lib/python3.5/site-packages/dulwich/tests/data/repos/refs.git'...
Listing './lib/python3.5/site-packages/dulwich/tests/data/repos/refs.git/objects'...
Listing './lib/python3.5/site-packages/dulwich/tests/data/repos/refs.git/objects/3b'...
Listing './lib/python3.5/site-packages/dulwich/tests/data/repos/refs.git/objects/3e'...
Listing './lib/python3.5/site-packages/dulwich/tests/data/repos/refs.git/objects/42'...
Listing './lib/python3.5/site-packages/dulwich/tests/data/repos/refs.git/objects/a1'...
Listing './lib/python3.5/site-packages/dulwich/tests/data/repos/refs.git/objects/cd'...
Listing './lib/python3.5/site-packages/dulwich/tests/data/repos/refs.git/objects/df'...
Listing './lib/python3.5/site-packages/dulwich/tests/data/repos/refs.git/refs'...
Listing './lib/python3.5/site-packages/dulwich/tests/data/repos/refs.git/refs/heads'...
Listing './lib/python3.5/site-packages/dulwich/tests/data/repos/refs.git/refs/tags'...
Listing './lib/python3.5/site-packages/dulwich/tests/data/repos/simple_merge.git'...
Listing './lib/python3.5/site-packages/dulwich/tests/data/repos/simple_merge.git/objects'...
Listing './lib/python3.5/site-packages/dulwich/tests/data/repos/simple_merge.git/objects/0d'...
Listing './lib/python3.5/site-packages/dulwich/tests/data/repos/simple_merge.git/objects/1b'...
Listing './lib/python3.5/site-packages/dulwich/tests/data/repos/simple_merge.git/objects/29'...
Listing './lib/python3.5/site-packages/dulwich/tests/data/repos/simple_merge.git/objects/4c'...
Listing './lib/python3.5/site-packages/dulwich/tests/data/repos/simple_merge.git/objects/5d'...
Listing './lib/python3.5/site-packages/dulwich/tests/data/repos/simple_merge.git/objects/60'...
Listing './lib/python3.5/site-packages/dulwich/tests/data/repos/simple_merge.git/objects/6f'...
Listing './lib/python3.5/site-packages/dulwich/tests/data/repos/simple_merge.git/objects/70'...
Listing './lib/python3.5/site-packages/dulwich/tests/data/repos/simple_merge.git/objects/90'...
Listing './lib/python3.5/site-packages/dulwich/tests/data/repos/simple_merge.git/objects/95'...
Listing './lib/python3.5/site-packages/dulwich/tests/data/repos/simple_merge.git/objects/ab'...
Listing './lib/python3.5/site-packages/dulwich/tests/data/repos/simple_merge.git/objects/d4'...
Listing './lib/python3.5/site-packages/dulwich/tests/data/repos/simple_merge.git/objects/d8'...
Listing './lib/python3.5/site-packages/dulwich/tests/data/repos/simple_merge.git/objects/e6'...
Listing './lib/python3.5/site-packages/dulwich/tests/data/repos/simple_merge.git/refs'...
Listing './lib/python3.5/site-packages/dulwich/tests/data/repos/simple_merge.git/refs/heads'...
Listing './lib/python3.5/site-packages/dulwich/tests/data/repos/submodule'...
Listing './lib/python3.5/site-packages/dulwich/tests/data/tags'...
Listing './lib/python3.5/site-packages/dulwich/tests/data/tags/71'...
Listing './lib/python3.5/site-packages/dulwich/tests/data/trees'...
Listing './lib/python3.5/site-packages/dulwich/tests/data/trees/70'...
Listing './lib/python3.5/site-packages/dulwich-0.18.6.egg-info'...
Listing './lib/python3.5/site-packages/et_xmlfile'...
Listing './lib/python3.5/site-packages/et_xmlfile/tests'...
Listing './lib/python3.5/site-packages/et_xmlfile-1.0.1.egg-info'...
Listing './lib/python3.5/site-packages/future'...
Listing './lib/python3.5/site-packages/future/backports'...
Listing './lib/python3.5/site-packages/future/backports/email'...
Listing './lib/python3.5/site-packages/future/backports/email/mime'...
Listing './lib/python3.5/site-packages/future/backports/html'...
Listing './lib/python3.5/site-packages/future/backports/http'...
Listing './lib/python3.5/site-packages/future/backports/test'...
Listing './lib/python3.5/site-packages/future/backports/urllib'...
Listing './lib/python3.5/site-packages/future/backports/xmlrpc'...
Listing './lib/python3.5/site-packages/future/builtins'...
Listing './lib/python3.5/site-packages/future/moves'...
Listing './lib/python3.5/site-packages/future/moves/dbm'...
Listing './lib/python3.5/site-packages/future/moves/html'...
Listing './lib/python3.5/site-packages/future/moves/http'...
Listing './lib/python3.5/site-packages/future/moves/test'...
Listing './lib/python3.5/site-packages/future/moves/tkinter'...
Listing './lib/python3.5/site-packages/future/moves/urllib'...
Listing './lib/python3.5/site-packages/future/moves/xmlrpc'...
Listing './lib/python3.5/site-packages/future/standard_library'...
Listing './lib/python3.5/site-packages/future/tests'...
Listing './lib/python3.5/site-packages/future/types'...
Listing './lib/python3.5/site-packages/future/utils'...
Listing './lib/python3.5/site-packages/future-0.16.0.egg-info'...
Listing './lib/python3.5/site-packages/idna'...
Listing './lib/python3.5/site-packages/idna-2.6.dist-info'...
Listing './lib/python3.5/site-packages/jdcal-1.3.egg-info'...
Listing './lib/python3.5/site-packages/jinja2'...
Compiling './lib/python3.5/site-packages/jinja2/asyncfilters.py'...
***   File "./lib/python3.5/site-packages/jinja2/asyncfilters.py", line 24
    yield item
    ^
SyntaxError: 'yield' inside async function

Compiling './lib/python3.5/site-packages/jinja2/asyncsupport.py'...
***   File "./lib/python3.5/site-packages/jinja2/asyncsupport.py", line 35
    yield event
    ^
SyntaxError: 'yield' inside async function

Listing './lib/python3.5/site-packages/jinja2_time'...
Listing './lib/python3.5/site-packages/jinja2_time-0.2.0.dist-info'...
Listing './lib/python3.5/site-packages/libfuturize'...
Listing './lib/python3.5/site-packages/libfuturize/fixes'...
Listing './lib/python3.5/site-packages/libpasteurize'...
Listing './lib/python3.5/site-packages/libpasteurize/fixes'...
Listing './lib/python3.5/site-packages/markupsafe'...
Listing './lib/python3.5/site-packages/matador'...
Listing './lib/python3.5/site-packages/matador/commands'...
Listing './lib/python3.5/site-packages/matador/commands/deployment'...
Listing './lib/python3.5/site-packages/openpyxl'...
Listing './lib/python3.5/site-packages/openpyxl/cell'...
Listing './lib/python3.5/site-packages/openpyxl/chart'...
Listing './lib/python3.5/site-packages/openpyxl/chartsheet'...
Listing './lib/python3.5/site-packages/openpyxl/comments'...
Listing './lib/python3.5/site-packages/openpyxl/compat'...
Listing './lib/python3.5/site-packages/openpyxl/descriptors'...
Listing './lib/python3.5/site-packages/openpyxl/drawing'...
Listing './lib/python3.5/site-packages/openpyxl/formatting'...
Listing './lib/python3.5/site-packages/openpyxl/formula'...
Listing './lib/python3.5/site-packages/openpyxl/packaging'...
Listing './lib/python3.5/site-packages/openpyxl/reader'...
Listing './lib/python3.5/site-packages/openpyxl/styles'...
Listing './lib/python3.5/site-packages/openpyxl/utils'...
Listing './lib/python3.5/site-packages/openpyxl/workbook'...
Listing './lib/python3.5/site-packages/openpyxl/workbook/external_link'...
Listing './lib/python3.5/site-packages/openpyxl/worksheet'...
Listing './lib/python3.5/site-packages/openpyxl/writer'...
Listing './lib/python3.5/site-packages/openpyxl/xml'...
Listing './lib/python3.5/site-packages/openpyxl-2.4.9.egg-info'...
Listing './lib/python3.5/site-packages/past'...
Listing './lib/python3.5/site-packages/past/builtins'...
Listing './lib/python3.5/site-packages/past/tests'...
Listing './lib/python3.5/site-packages/past/translation'...
Listing './lib/python3.5/site-packages/past/types'...
Listing './lib/python3.5/site-packages/past/utils'...
Listing './lib/python3.5/site-packages/pip'...
Listing './lib/python3.5/site-packages/pip/_vendor'...
Listing './lib/python3.5/site-packages/pip/commands'...
Listing './lib/python3.5/site-packages/pip/compat'...
Listing './lib/python3.5/site-packages/pip/models'...
Listing './lib/python3.5/site-packages/pip/operations'...
Listing './lib/python3.5/site-packages/pip/req'...
Listing './lib/python3.5/site-packages/pip/utils'...
Listing './lib/python3.5/site-packages/pip/vcs'...
Listing './lib/python3.5/site-packages/pip-9.0.1.dist-info'...
Listing './lib/python3.5/site-packages/pkg_resources'...
Listing './lib/python3.5/site-packages/pkg_resources/_vendor'...
Listing './lib/python3.5/site-packages/pkg_resources/_vendor/packaging'...
Listing './lib/python3.5/site-packages/pkg_resources/extern'...
Listing './lib/python3.5/site-packages/pkg_resources-0.0.0.dist-info'...
Listing './lib/python3.5/site-packages/poyo'...
Listing './lib/python3.5/site-packages/poyo-0.4.1.dist-info'...
Listing './lib/python3.5/site-packages/python_dateutil-2.6.1.dist-info'...
Listing './lib/python3.5/site-packages/requests'...
Listing './lib/python3.5/site-packages/requests-2.18.4.dist-info'...
Listing './lib/python3.5/site-packages/setuptools'...
Listing './lib/python3.5/site-packages/setuptools/command'...
Listing './lib/python3.5/site-packages/setuptools/extern'...
Listing './lib/python3.5/site-packages/setuptools-32.3.1.dist-info'...
Listing './lib/python3.5/site-packages/six-1.11.0.dist-info'...
Listing './lib/python3.5/site-packages/urllib3'...
Listing './lib/python3.5/site-packages/urllib3/contrib'...
Listing './lib/python3.5/site-packages/urllib3/contrib/_securetransport'...
Listing './lib/python3.5/site-packages/urllib3/packages'...
Listing './lib/python3.5/site-packages/urllib3/packages/backports'...
Listing './lib/python3.5/site-packages/urllib3/packages/ssl_match_hostname'...
Listing './lib/python3.5/site-packages/urllib3/util'...
Listing './lib/python3.5/site-packages/urllib3-1.22.dist-info'...
Listing './lib/python3.5/site-packages/whichcraft-0.4.1.dist-info'...
Listing './lib/python3.5/site-packages/yaml'...
Listing './share'...
Listing './share/python-wheels'...
