Listing '.'...
Listing './bin'...
Listing './include'...
Listing './lib'...
Listing './lib/python3.5'...
Listing './lib/python3.5/site-packages'...
Listing './lib/python3.5/site-packages/Flask-0.12.2.dist-info'...
Listing './lib/python3.5/site-packages/Flask_OAuthlib-0.9.4.egg-info'...
Listing './lib/python3.5/site-packages/Jinja2-2.10.dist-info'...
Listing './lib/python3.5/site-packages/MarkupSafe-1.0.egg-info'...
Listing './lib/python3.5/site-packages/MyCapytain'...
Listing './lib/python3.5/site-packages/MyCapytain/common'...
Listing './lib/python3.5/site-packages/MyCapytain/resolvers'...
Listing './lib/python3.5/site-packages/MyCapytain/resolvers/cts'...
Listing './lib/python3.5/site-packages/MyCapytain/resources'...
Listing './lib/python3.5/site-packages/MyCapytain/resources/collections'...
Listing './lib/python3.5/site-packages/MyCapytain/resources/prototypes'...
Listing './lib/python3.5/site-packages/MyCapytain/resources/prototypes/cts'...
Listing './lib/python3.5/site-packages/MyCapytain/resources/texts'...
Listing './lib/python3.5/site-packages/MyCapytain/resources/texts/base'...
Listing './lib/python3.5/site-packages/MyCapytain/resources/texts/local'...
Listing './lib/python3.5/site-packages/MyCapytain/resources/texts/local/capitains'...
Listing './lib/python3.5/site-packages/MyCapytain/resources/texts/remote'...
Listing './lib/python3.5/site-packages/MyCapytain/retrievers'...
Listing './lib/python3.5/site-packages/MyCapytain-2.0.6.egg-info'...
Listing './lib/python3.5/site-packages/Werkzeug-0.14.1.dist-info'...
Listing './lib/python3.5/site-packages/certifi'...
Listing './lib/python3.5/site-packages/certifi-2017.11.5.dist-info'...
Listing './lib/python3.5/site-packages/chardet'...
Listing './lib/python3.5/site-packages/chardet/cli'...
Listing './lib/python3.5/site-packages/chardet-3.0.4.dist-info'...
Listing './lib/python3.5/site-packages/click'...
Listing './lib/python3.5/site-packages/click-6.7.dist-info'...
Listing './lib/python3.5/site-packages/flask'...
Listing './lib/python3.5/site-packages/flask/ext'...
Listing './lib/python3.5/site-packages/flask_nemo'...
Listing './lib/python3.5/site-packages/flask_nemo/data'...
Listing './lib/python3.5/site-packages/flask_nemo/data/i18n'...
Listing './lib/python3.5/site-packages/flask_nemo/data/static'...
Listing './lib/python3.5/site-packages/flask_nemo/data/static/css'...
Listing './lib/python3.5/site-packages/flask_nemo/data/static/images'...
Listing './lib/python3.5/site-packages/flask_nemo/data/templates'...
Listing './lib/python3.5/site-packages/flask_nemo/data/templates_plugins'...
Listing './lib/python3.5/site-packages/flask_nemo/data/templates_plugins/breadcrumb'...
Listing './lib/python3.5/site-packages/flask_nemo/plugins'...
Listing './lib/python3.5/site-packages/flask_nemo/query'...
Listing './lib/python3.5/site-packages/flask_nemo-1.0.0b3.egg-info'...
Listing './lib/python3.5/site-packages/flask_oauthlib'...
Listing './lib/python3.5/site-packages/flask_oauthlib/contrib'...
Listing './lib/python3.5/site-packages/flask_oauthlib/contrib/client'...
Listing './lib/python3.5/site-packages/flask_oauthlib/provider'...
Listing './lib/python3.5/site-packages/future'...
Listing './lib/python3.5/site-packages/future/backports'...
Listing './lib/python3.5/site-packages/future/backports/email'...
Listing './lib/python3.5/site-packages/future/backports/email/mime'...
Listing './lib/python3.5/site-packages/future/backports/html'...
Listing './lib/python3.5/site-packages/future/backports/http'...
Listing './lib/python3.5/site-packages/future/backports/test'...
Listing './lib/python3.5/site-packages/future/backports/urllib'...
Listing './lib/python3.5/site-packages/future/backports/xmlrpc'...
Listing './lib/python3.5/site-packages/future/builtins'...
Listing './lib/python3.5/site-packages/future/moves'...
Listing './lib/python3.5/site-packages/future/moves/dbm'...
Listing './lib/python3.5/site-packages/future/moves/html'...
Listing './lib/python3.5/site-packages/future/moves/http'...
Listing './lib/python3.5/site-packages/future/moves/test'...
Listing './lib/python3.5/site-packages/future/moves/tkinter'...
Listing './lib/python3.5/site-packages/future/moves/urllib'...
Listing './lib/python3.5/site-packages/future/moves/xmlrpc'...
Listing './lib/python3.5/site-packages/future/standard_library'...
Listing './lib/python3.5/site-packages/future/tests'...
Listing './lib/python3.5/site-packages/future/types'...
Listing './lib/python3.5/site-packages/future/utils'...
Listing './lib/python3.5/site-packages/future-0.16.0.egg-info'...
Listing './lib/python3.5/site-packages/idna'...
Listing './lib/python3.5/site-packages/idna-2.6.dist-info'...
Listing './lib/python3.5/site-packages/isodate'...
Listing './lib/python3.5/site-packages/isodate/tests'...
Listing './lib/python3.5/site-packages/isodate-0.6.0.dist-info'...
Listing './lib/python3.5/site-packages/itsdangerous-0.24.egg-info'...
Listing './lib/python3.5/site-packages/jinja2'...
Compiling './lib/python3.5/site-packages/jinja2/asyncfilters.py'...
***   File "./lib/python3.5/site-packages/jinja2/asyncfilters.py", line 24
    yield item
    ^
SyntaxError: 'yield' inside async function

Compiling './lib/python3.5/site-packages/jinja2/asyncsupport.py'...
***   File "./lib/python3.5/site-packages/jinja2/asyncsupport.py", line 35
    yield event
    ^
SyntaxError: 'yield' inside async function

Listing './lib/python3.5/site-packages/libfuturize'...
Listing './lib/python3.5/site-packages/libfuturize/fixes'...
Listing './lib/python3.5/site-packages/libpasteurize'...
Listing './lib/python3.5/site-packages/libpasteurize/fixes'...
Listing './lib/python3.5/site-packages/lxml'...
Listing './lib/python3.5/site-packages/lxml/html'...
Listing './lib/python3.5/site-packages/lxml/includes'...
Listing './lib/python3.5/site-packages/lxml/includes/libexslt'...
Listing './lib/python3.5/site-packages/lxml/includes/libxml'...
Listing './lib/python3.5/site-packages/lxml/includes/libxslt'...
Listing './lib/python3.5/site-packages/lxml/isoschematron'...
Listing './lib/python3.5/site-packages/lxml/isoschematron/resources'...
Listing './lib/python3.5/site-packages/lxml/isoschematron/resources/rng'...
Listing './lib/python3.5/site-packages/lxml/isoschematron/resources/xsl'...
Listing './lib/python3.5/site-packages/lxml/isoschematron/resources/xsl/iso-schematron-xslt1'...
Listing './lib/python3.5/site-packages/lxml-4.1.1.dist-info'...
Listing './lib/python3.5/site-packages/markupsafe'...
Listing './lib/python3.5/site-packages/nemo_oauth_plugin'...
Listing './lib/python3.5/site-packages/nemo_oauth_plugin/data'...
Listing './lib/python3.5/site-packages/nemo_oauth_plugin/data/assets'...
Listing './lib/python3.5/site-packages/nemo_oauth_plugin/data/assets/css'...
Listing './lib/python3.5/site-packages/nemo_oauth_plugin/data/templates'...
Listing './lib/python3.5/site-packages/nemo_oauth_plugin-0.0.5.egg-info'...
Listing './lib/python3.5/site-packages/nemo_plokamos_plugin'...
Listing './lib/python3.5/site-packages/nemo_plokamos_plugin/data'...
Listing './lib/python3.5/site-packages/nemo_plokamos_plugin/data/assets'...
Listing './lib/python3.5/site-packages/nemo_plokamos_plugin/data/assets/css'...
Listing './lib/python3.5/site-packages/nemo_plokamos_plugin/data/assets/img'...
Listing './lib/python3.5/site-packages/nemo_plokamos_plugin/data/assets/js'...
Listing './lib/python3.5/site-packages/nemo_plokamos_plugin/data/assets/json'...
Listing './lib/python3.5/site-packages/nemo_plokamos_plugin/data/templates'...
Listing './lib/python3.5/site-packages/nemo_plokamos_plugin-0.0.21.egg-info'...
Listing './lib/python3.5/site-packages/oauthlib'...
Listing './lib/python3.5/site-packages/oauthlib/oauth1'...
Listing './lib/python3.5/site-packages/oauthlib/oauth1/rfc5849'...
Listing './lib/python3.5/site-packages/oauthlib/oauth1/rfc5849/endpoints'...
Listing './lib/python3.5/site-packages/oauthlib/oauth2'...
Listing './lib/python3.5/site-packages/oauthlib/oauth2/rfc6749'...
Listing './lib/python3.5/site-packages/oauthlib/oauth2/rfc6749/clients'...
Listing './lib/python3.5/site-packages/oauthlib/oauth2/rfc6749/endpoints'...
Listing './lib/python3.5/site-packages/oauthlib/oauth2/rfc6749/grant_types'...
Listing './lib/python3.5/site-packages/oauthlib-2.0.6.egg-info'...
Listing './lib/python3.5/site-packages/past'...
Listing './lib/python3.5/site-packages/past/builtins'...
Listing './lib/python3.5/site-packages/past/tests'...
Listing './lib/python3.5/site-packages/past/translation'...
Listing './lib/python3.5/site-packages/past/types'...
Listing './lib/python3.5/site-packages/past/utils'...
Listing './lib/python3.5/site-packages/pip'...
Listing './lib/python3.5/site-packages/pip/_vendor'...
Listing './lib/python3.5/site-packages/pip/commands'...
Listing './lib/python3.5/site-packages/pip/compat'...
Listing './lib/python3.5/site-packages/pip/models'...
Listing './lib/python3.5/site-packages/pip/operations'...
Listing './lib/python3.5/site-packages/pip/req'...
Listing './lib/python3.5/site-packages/pip/utils'...
Listing './lib/python3.5/site-packages/pip/vcs'...
Listing './lib/python3.5/site-packages/pip-9.0.1.dist-info'...
Listing './lib/python3.5/site-packages/pkg_resources'...
Listing './lib/python3.5/site-packages/pkg_resources/_vendor'...
Listing './lib/python3.5/site-packages/pkg_resources/_vendor/packaging'...
Listing './lib/python3.5/site-packages/pkg_resources/extern'...
Listing './lib/python3.5/site-packages/pkg_resources-0.0.0.dist-info'...
Listing './lib/python3.5/site-packages/pyparsing-2.2.0.dist-info'...
Listing './lib/python3.5/site-packages/rdflib'...
Listing './lib/python3.5/site-packages/rdflib/extras'...
Listing './lib/python3.5/site-packages/rdflib/plugins'...
Listing './lib/python3.5/site-packages/rdflib/plugins/parsers'...
Listing './lib/python3.5/site-packages/rdflib/plugins/parsers/pyMicrodata'...
Listing './lib/python3.5/site-packages/rdflib/plugins/parsers/pyRdfa'...
Listing './lib/python3.5/site-packages/rdflib/plugins/parsers/pyRdfa/extras'...
Listing './lib/python3.5/site-packages/rdflib/plugins/parsers/pyRdfa/host'...
Listing './lib/python3.5/site-packages/rdflib/plugins/parsers/pyRdfa/rdfs'...
Listing './lib/python3.5/site-packages/rdflib/plugins/parsers/pyRdfa/transform'...
Listing './lib/python3.5/site-packages/rdflib/plugins/serializers'...
Listing './lib/python3.5/site-packages/rdflib/plugins/sparql'...
Listing './lib/python3.5/site-packages/rdflib/plugins/sparql/results'...
Listing './lib/python3.5/site-packages/rdflib/plugins/stores'...
Listing './lib/python3.5/site-packages/rdflib/tools'...
Listing './lib/python3.5/site-packages/rdflib-4.2.2.dist-info'...
Listing './lib/python3.5/site-packages/rdflib_jsonld'...
Listing './lib/python3.5/site-packages/rdflib_jsonld-0.4.0.egg-info'...
Listing './lib/python3.5/site-packages/requests'...
Listing './lib/python3.5/site-packages/requests-2.18.4.dist-info'...
Listing './lib/python3.5/site-packages/requests_cache'...
Listing './lib/python3.5/site-packages/requests_cache/backends'...
Listing './lib/python3.5/site-packages/requests_cache/backends/storage'...
Listing './lib/python3.5/site-packages/requests_cache-0.4.13.dist-info'...
Listing './lib/python3.5/site-packages/requests_oauthlib'...
Listing './lib/python3.5/site-packages/requests_oauthlib/compliance_fixes'...
Listing './lib/python3.5/site-packages/requests_oauthlib-0.8.0.dist-info'...
Listing './lib/python3.5/site-packages/setuptools'...
Listing './lib/python3.5/site-packages/setuptools/command'...
Listing './lib/python3.5/site-packages/setuptools/extern'...
Listing './lib/python3.5/site-packages/setuptools-32.3.1.dist-info'...
Listing './lib/python3.5/site-packages/six-1.11.0.dist-info'...
Listing './lib/python3.5/site-packages/tests'...
Listing './lib/python3.5/site-packages/tests/test_default'...
Listing './lib/python3.5/site-packages/tests/test_plugin'...
Listing './lib/python3.5/site-packages/tests/test_plugins'...
Listing './lib/python3.5/site-packages/tests/test_query'...
Listing './lib/python3.5/site-packages/urllib3'...
Listing './lib/python3.5/site-packages/urllib3/contrib'...
Listing './lib/python3.5/site-packages/urllib3/contrib/_securetransport'...
Listing './lib/python3.5/site-packages/urllib3/packages'...
Listing './lib/python3.5/site-packages/urllib3/packages/backports'...
Listing './lib/python3.5/site-packages/urllib3/packages/ssl_match_hostname'...
Listing './lib/python3.5/site-packages/urllib3/util'...
Listing './lib/python3.5/site-packages/urllib3-1.22.dist-info'...
Listing './lib/python3.5/site-packages/werkzeug'...
Listing './lib/python3.5/site-packages/werkzeug/contrib'...
Listing './lib/python3.5/site-packages/werkzeug/debug'...
Listing './lib/python3.5/site-packages/werkzeug/debug/shared'...
Listing './share'...
Listing './share/python-wheels'...
