Listing '.'...
Listing './bin'...
Listing './include'...
Listing './lib'...
Listing './lib/python3.5'...
Listing './lib/python3.5/site-packages'...
Listing './lib/python3.5/site-packages/certifi'...
Listing './lib/python3.5/site-packages/certifi-2017.11.5.dist-info'...
Listing './lib/python3.5/site-packages/chardet'...
Listing './lib/python3.5/site-packages/chardet/cli'...
Listing './lib/python3.5/site-packages/chardet-3.0.4.dist-info'...
Listing './lib/python3.5/site-packages/enum'...
Listing './lib/python3.5/site-packages/enum34-1.1.6.dist-info'...
Listing './lib/python3.5/site-packages/idna'...
Listing './lib/python3.5/site-packages/idna-2.6.dist-info'...
Listing './lib/python3.5/site-packages/netbluemind'...
Listing './lib/python3.5/site-packages/netbluemind/addressbook'...
Listing './lib/python3.5/site-packages/netbluemind/addressbook/api'...
Compiling './lib/python3.5/site-packages/netbluemind/addressbook/api/VCardCommunicationsEmail.py'...
*** Sorry: TabError: inconsistent use of tabs and spaces in indentation (VCardCommunicationsEmail.py, line 38)
Compiling './lib/python3.5/site-packages/netbluemind/addressbook/api/VCardCommunicationsImpp.py'...
*** Sorry: TabError: inconsistent use of tabs and spaces in indentation (VCardCommunicationsImpp.py, line 38)
Compiling './lib/python3.5/site-packages/netbluemind/addressbook/api/VCardCommunicationsLang.py'...
*** Sorry: TabError: inconsistent use of tabs and spaces in indentation (VCardCommunicationsLang.py, line 38)
Compiling './lib/python3.5/site-packages/netbluemind/addressbook/api/VCardCommunicationsTel.py'...
*** Sorry: TabError: inconsistent use of tabs and spaces in indentation (VCardCommunicationsTel.py, line 39)
Compiling './lib/python3.5/site-packages/netbluemind/addressbook/api/VCardDeliveryAddressingAddress.py'...
*** Sorry: TabError: inconsistent use of tabs and spaces in indentation (VCardDeliveryAddressingAddress.py, line 45)
Compiling './lib/python3.5/site-packages/netbluemind/addressbook/api/VCardExplanatoryUrl.py'...
*** Sorry: TabError: inconsistent use of tabs and spaces in indentation (VCardExplanatoryUrl.py, line 38)
Compiling './lib/python3.5/site-packages/netbluemind/addressbook/api/VCardIdentificationFormatedName.py'...
*** Sorry: TabError: inconsistent use of tabs and spaces in indentation (VCardIdentificationFormatedName.py, line 38)
Compiling './lib/python3.5/site-packages/netbluemind/addressbook/api/VCardIdentificationGender.py'...
*** Sorry: TabError: inconsistent use of tabs and spaces in indentation (VCardIdentificationGender.py, line 39)
Compiling './lib/python3.5/site-packages/netbluemind/addressbook/api/VCardIdentificationName.py'...
*** Sorry: TabError: inconsistent use of tabs and spaces in indentation (VCardIdentificationName.py, line 43)
Compiling './lib/python3.5/site-packages/netbluemind/addressbook/api/VCardIdentificationNickname.py'...
*** Sorry: TabError: inconsistent use of tabs and spaces in indentation (VCardIdentificationNickname.py, line 38)
Listing './lib/python3.5/site-packages/netbluemind/authentication'...
Listing './lib/python3.5/site-packages/netbluemind/authentication/api'...
Listing './lib/python3.5/site-packages/netbluemind/calendar'...
Listing './lib/python3.5/site-packages/netbluemind/calendar/api'...
Compiling './lib/python3.5/site-packages/netbluemind/calendar/api/VEvent.py'...
*** Sorry: TabError: inconsistent use of tabs and spaces in indentation (VEvent.py, line 40)
Compiling './lib/python3.5/site-packages/netbluemind/calendar/api/VEventOccurrence.py'...
*** Sorry: TabError: inconsistent use of tabs and spaces in indentation (VEventOccurrence.py, line 39)
Listing './lib/python3.5/site-packages/netbluemind/core'...
Listing './lib/python3.5/site-packages/netbluemind/core/api'...
Listing './lib/python3.5/site-packages/netbluemind/core/api/date'...
Listing './lib/python3.5/site-packages/netbluemind/core/api/fault'...
Listing './lib/python3.5/site-packages/netbluemind/core/api/report'...
Listing './lib/python3.5/site-packages/netbluemind/core/container'...
Listing './lib/python3.5/site-packages/netbluemind/core/container/api'...
Listing './lib/python3.5/site-packages/netbluemind/core/container/model'...
Compiling './lib/python3.5/site-packages/netbluemind/core/container/model/ItemChangeLogEntry.py'...
*** Sorry: TabError: inconsistent use of tabs and spaces in indentation (ItemChangeLogEntry.py, line 39)
Listing './lib/python3.5/site-packages/netbluemind/core/container/model/acl'...
Listing './lib/python3.5/site-packages/netbluemind/core/task'...
Listing './lib/python3.5/site-packages/netbluemind/core/task/api'...
Listing './lib/python3.5/site-packages/netbluemind/cti'...
Listing './lib/python3.5/site-packages/netbluemind/cti/api'...
Listing './lib/python3.5/site-packages/netbluemind/dataprotect'...
Listing './lib/python3.5/site-packages/netbluemind/dataprotect/api'...
Listing './lib/python3.5/site-packages/netbluemind/device'...
Listing './lib/python3.5/site-packages/netbluemind/device/api'...
Listing './lib/python3.5/site-packages/netbluemind/directory'...
Listing './lib/python3.5/site-packages/netbluemind/directory/api'...
Listing './lib/python3.5/site-packages/netbluemind/document'...
Listing './lib/python3.5/site-packages/netbluemind/document/api'...
Listing './lib/python3.5/site-packages/netbluemind/documentfolder'...
Listing './lib/python3.5/site-packages/netbluemind/documentfolder/api'...
Listing './lib/python3.5/site-packages/netbluemind/domain'...
Listing './lib/python3.5/site-packages/netbluemind/domain/api'...
Listing './lib/python3.5/site-packages/netbluemind/eas'...
Listing './lib/python3.5/site-packages/netbluemind/eas/api'...
Listing './lib/python3.5/site-packages/netbluemind/filehosting'...
Listing './lib/python3.5/site-packages/netbluemind/filehosting/api'...
Listing './lib/python3.5/site-packages/netbluemind/folder'...
Listing './lib/python3.5/site-packages/netbluemind/folder/api'...
Listing './lib/python3.5/site-packages/netbluemind/group'...
Listing './lib/python3.5/site-packages/netbluemind/group/api'...
Compiling './lib/python3.5/site-packages/netbluemind/group/api/Group.py'...
*** Sorry: TabError: inconsistent use of tabs and spaces in indentation (Group.py, line 44)
Listing './lib/python3.5/site-packages/netbluemind/hsm'...
Listing './lib/python3.5/site-packages/netbluemind/hsm/api'...
Listing './lib/python3.5/site-packages/netbluemind/icalendar'...
Listing './lib/python3.5/site-packages/netbluemind/icalendar/api'...
Listing './lib/python3.5/site-packages/netbluemind/im'...
Listing './lib/python3.5/site-packages/netbluemind/im/api'...
Listing './lib/python3.5/site-packages/netbluemind/mailbox'...
Listing './lib/python3.5/site-packages/netbluemind/mailbox/api'...
Listing './lib/python3.5/site-packages/netbluemind/mailbox/identity'...
Listing './lib/python3.5/site-packages/netbluemind/mailbox/identity/api'...
Listing './lib/python3.5/site-packages/netbluemind/mailshare'...
Listing './lib/python3.5/site-packages/netbluemind/mailshare/api'...
Compiling './lib/python3.5/site-packages/netbluemind/mailshare/api/Mailshare.py'...
*** Sorry: TabError: inconsistent use of tabs and spaces in indentation (Mailshare.py, line 42)
Listing './lib/python3.5/site-packages/netbluemind/python'...
Listing './lib/python3.5/site-packages/netbluemind/resource'...
Listing './lib/python3.5/site-packages/netbluemind/resource/api'...
Compiling './lib/python3.5/site-packages/netbluemind/resource/api/ResourceDescriptor.py'...
*** Sorry: TabError: inconsistent use of tabs and spaces in indentation (ResourceDescriptor.py, line 43)
Listing './lib/python3.5/site-packages/netbluemind/resource/api/type'...
Listing './lib/python3.5/site-packages/netbluemind/role'...
Listing './lib/python3.5/site-packages/netbluemind/role/api'...
Listing './lib/python3.5/site-packages/netbluemind/scheduledjob'...
Listing './lib/python3.5/site-packages/netbluemind/scheduledjob/api'...
Listing './lib/python3.5/site-packages/netbluemind/server'...
Listing './lib/python3.5/site-packages/netbluemind/server/api'...
Listing './lib/python3.5/site-packages/netbluemind/system'...
Listing './lib/python3.5/site-packages/netbluemind/system/api'...
Listing './lib/python3.5/site-packages/netbluemind/tag'...
Listing './lib/python3.5/site-packages/netbluemind/tag/api'...
Listing './lib/python3.5/site-packages/netbluemind/todolist'...
Listing './lib/python3.5/site-packages/netbluemind/todolist/api'...
Compiling './lib/python3.5/site-packages/netbluemind/todolist/api/VTodo.py'...
*** Sorry: TabError: inconsistent use of tabs and spaces in indentation (VTodo.py, line 42)
Listing './lib/python3.5/site-packages/netbluemind/user'...
Listing './lib/python3.5/site-packages/netbluemind/user/api'...
Compiling './lib/python3.5/site-packages/netbluemind/user/api/User.py'...
*** Sorry: TabError: inconsistent use of tabs and spaces in indentation (User.py, line 44)
Compiling './lib/python3.5/site-packages/netbluemind/user/api/UserAccountInfo.py'...
*** Sorry: TabError: inconsistent use of tabs and spaces in indentation (UserAccountInfo.py, line 39)
Compiling './lib/python3.5/site-packages/netbluemind/user/api/UserMailIdentity.py'...
*** Sorry: TabError: inconsistent use of tabs and spaces in indentation (UserMailIdentity.py, line 39)
Listing './lib/python3.5/site-packages/netbluemind-3.1.26589.egg-info'...
Listing './lib/python3.5/site-packages/pip'...
Listing './lib/python3.5/site-packages/pip/_vendor'...
Listing './lib/python3.5/site-packages/pip/commands'...
Listing './lib/python3.5/site-packages/pip/compat'...
Listing './lib/python3.5/site-packages/pip/models'...
Listing './lib/python3.5/site-packages/pip/operations'...
Listing './lib/python3.5/site-packages/pip/req'...
Listing './lib/python3.5/site-packages/pip/utils'...
Listing './lib/python3.5/site-packages/pip/vcs'...
Listing './lib/python3.5/site-packages/pip-9.0.1.dist-info'...
Listing './lib/python3.5/site-packages/pkg_resources'...
Listing './lib/python3.5/site-packages/pkg_resources/_vendor'...
Listing './lib/python3.5/site-packages/pkg_resources/_vendor/packaging'...
Listing './lib/python3.5/site-packages/pkg_resources/extern'...
Listing './lib/python3.5/site-packages/pkg_resources-0.0.0.dist-info'...
Listing './lib/python3.5/site-packages/requests'...
Listing './lib/python3.5/site-packages/requests-2.18.4.dist-info'...
Listing './lib/python3.5/site-packages/setuptools'...
Listing './lib/python3.5/site-packages/setuptools/command'...
Listing './lib/python3.5/site-packages/setuptools/extern'...
Listing './lib/python3.5/site-packages/setuptools-32.3.1.dist-info'...
Listing './lib/python3.5/site-packages/urllib3'...
Listing './lib/python3.5/site-packages/urllib3/contrib'...
Listing './lib/python3.5/site-packages/urllib3/contrib/_securetransport'...
Listing './lib/python3.5/site-packages/urllib3/packages'...
Listing './lib/python3.5/site-packages/urllib3/packages/backports'...
Listing './lib/python3.5/site-packages/urllib3/packages/ssl_match_hostname'...
Listing './lib/python3.5/site-packages/urllib3/util'...
Listing './lib/python3.5/site-packages/urllib3-1.22.dist-info'...
Listing './share'...
Listing './share/python-wheels'...
