Listing '.'...
Listing './bin'...
Listing './include'...
Listing './lib'...
Listing './lib/python3.5'...
Listing './lib/python3.5/site-packages'...
Listing './lib/python3.5/site-packages/chardet'...
Listing './lib/python3.5/site-packages/chardet/cli'...
Listing './lib/python3.5/site-packages/chardet-3.0.4.dist-info'...
Listing './lib/python3.5/site-packages/ng'...
Listing './lib/python3.5/site-packages/ng/adapter'...
Listing './lib/python3.5/site-packages/ng/adapter/adaptiveurl'...
Listing './lib/python3.5/site-packages/ng/adapter/adaptiveurl/browser'...
Listing './lib/python3.5/site-packages/ng/adapter/breadcrumb'...
Listing './lib/python3.5/site-packages/ng/adapter/checksublocation'...
Listing './lib/python3.5/site-packages/ng/adapter/checktocontain'...
Listing './lib/python3.5/site-packages/ng/adapter/etc'...
Listing './lib/python3.5/site-packages/ng/adapter/ianytitle'...
Compiling './lib/python3.5/site-packages/ng/adapter/ianytitle/ianytitleadapter.py'...
***   File "./lib/python3.5/site-packages/ng/adapter/ianytitle/ianytitleadapter.py", line 37
    except Exception, msg :
                    ^
SyntaxError: invalid syntax

Listing './lib/python3.5/site-packages/ng/adapter/mtime'...
Listing './lib/python3.5/site-packages/ng/adapter/namechooser'...
Compiling './lib/python3.5/site-packages/ng/adapter/namechooser/namechooser.py'...
***   File "./lib/python3.5/site-packages/ng/adapter/namechooser/namechooser.py", line 35
    except TypeError,msg :
                    ^
SyntaxError: invalid syntax

Listing './lib/python3.5/site-packages/ng/adapter/nsinterface'...
Listing './lib/python3.5/site-packages/ng/adapter/nullsublocations'...
Listing './lib/python3.5/site-packages/ng/adapter/pager'...
Compiling './lib/python3.5/site-packages/ng/adapter/pager/pageradapter.py'...
***   File "./lib/python3.5/site-packages/ng/adapter/pager/pageradapter.py", line 102
    except Exception,msg :
                    ^
SyntaxError: invalid syntax

Listing './lib/python3.5/site-packages/ng/adapter/path'...
Listing './lib/python3.5/site-packages/ng/adapter/recordsize'...
Listing './lib/python3.5/site-packages/ng/adapter/requestcache'...
Listing './lib/python3.5/site-packages/ng/adapter/requestext'...
Compiling './lib/python3.5/site-packages/ng/adapter/requestext/libIIGFS.py'...
***   File "./lib/python3.5/site-packages/ng/adapter/requestext/libIIGFS.py", line 83
    raise 'NotFound', "Объект %s не существует" % start_id
                    ^
SyntaxError: invalid syntax

Listing './lib/python3.5/site-packages/ng/adapter/title'...
Listing './lib/python3.5/site-packages/ng/adapter/toolchanger'...
Compiling './lib/python3.5/site-packages/ng/adapter/toolchanger/toolurl.py'...
***   File "./lib/python3.5/site-packages/ng/adapter/toolchanger/toolurl.py", line 34
    except Exception,msg :
                    ^
SyntaxError: invalid syntax

Listing './lib/python3.5/site-packages/ng/app'...
Listing './lib/python3.5/site-packages/ng/app/converter'...
Listing './lib/python3.5/site-packages/ng/app/converter/cachehandler'...
Compiling './lib/python3.5/site-packages/ng/app/converter/cachehandler/cachehandler.py'...
***   File "./lib/python3.5/site-packages/ng/app/converter/cachehandler/cachehandler.py", line 20
    except ComponentLookupError,msg :
                               ^
SyntaxError: invalid syntax

Listing './lib/python3.5/site-packages/ng/app/converter/cachehandler/demo'...
Listing './lib/python3.5/site-packages/ng/app/converter/cachehandler/demo/etc'...
Listing './lib/python3.5/site-packages/ng/app/converter/cachestore'...
Listing './lib/python3.5/site-packages/ng/app/converter/cachestore/browser'...
Compiling './lib/python3.5/site-packages/ng/app/converter/cachestore/cachestore.py'...
***   File "./lib/python3.5/site-packages/ng/app/converter/cachestore/cachestore.py", line 76
    except LookupError,msg :
                      ^
SyntaxError: invalid syntax

Listing './lib/python3.5/site-packages/ng/app/converter/cachestoreitem'...
Listing './lib/python3.5/site-packages/ng/app/converter/cachestoreitem/browser'...
Listing './lib/python3.5/site-packages/ng/app/converter/convertadapterzcml'...
Listing './lib/python3.5/site-packages/ng/app/converter/converter'...
Listing './lib/python3.5/site-packages/ng/app/converter/converter/browser'...
Listing './lib/python3.5/site-packages/ng/app/converter/converter/converterannotator'...
Listing './lib/python3.5/site-packages/ng/app/converter/converter/converterannotator/browser'...
Compiling './lib/python3.5/site-packages/ng/app/converter/converter/converterannotator/converterannotator.py'...
***   File "./lib/python3.5/site-packages/ng/app/converter/converter/converterannotator/converterannotator.py", line 128
    print ConverterAnnotator(" ".join(sys.argv[1:]),normalisation=False,best_count=3).convert(sys.stdin.read())
                           ^
SyntaxError: invalid syntax

Listing './lib/python3.5/site-packages/ng/app/converter/converter/converterchain'...
Listing './lib/python3.5/site-packages/ng/app/converter/converter/converterchain/browser'...
Listing './lib/python3.5/site-packages/ng/app/converter/converter/convertercontainer'...
Listing './lib/python3.5/site-packages/ng/app/converter/converter/convertercontainer/browser'...
Listing './lib/python3.5/site-packages/ng/app/converter/converter/converterdictproxy'...
Listing './lib/python3.5/site-packages/ng/app/converter/converter/converterdictproxy/browser'...
Compiling './lib/python3.5/site-packages/ng/app/converter/converter/converterdictproxy/converterdictproxy.py'...
***   File "./lib/python3.5/site-packages/ng/app/converter/converter/converterdictproxy/converterdictproxy.py", line 80
    print ConverterDictProxy().convert(unicode(sys.stdin.read()))
                           ^
SyntaxError: invalid syntax

Listing './lib/python3.5/site-packages/ng/app/converter/converter/converterhead'...
Listing './lib/python3.5/site-packages/ng/app/converter/converter/converterhead/browser'...
Compiling './lib/python3.5/site-packages/ng/app/converter/converter/converterhead/converterhead.py'...
***   File "./lib/python3.5/site-packages/ng/app/converter/converter/converterhead/converterhead.py", line 43
    print ConverterHead(regexp=sys.argv[1],format=sys.argv[2],bytes=int(sys.argv[3]),lines=int(sys.argv[4])).convert(sys.stdin.read())
                      ^
SyntaxError: invalid syntax

Listing './lib/python3.5/site-packages/ng/app/converter/converter/converterkeyword'...
Listing './lib/python3.5/site-packages/ng/app/converter/converter/converterkeyword/browser'...
Compiling './lib/python3.5/site-packages/ng/app/converter/converter/converterkeyword/converterkeyword.py'...
***   File "./lib/python3.5/site-packages/ng/app/converter/converter/converterkeyword/converterkeyword.py", line 90
    print ConverterKeyword(unicode("\n".join(sys.argv[1:]))).convert(unicode(sys.stdin.read()))
                         ^
SyntaxError: invalid syntax

Listing './lib/python3.5/site-packages/ng/app/converter/converter/converterlightrest'...
Listing './lib/python3.5/site-packages/ng/app/converter/converter/converterlightrest/browser'...
Compiling './lib/python3.5/site-packages/ng/app/converter/converter/converterlightrest/converterlightrest.py'...
***   File "./lib/python3.5/site-packages/ng/app/converter/converter/converterlightrest/converterlightrest.py", line 74
    print ConverterLightReST().convert(unicode(sys.stdin.read()))
                           ^
SyntaxError: invalid syntax

Compiling './lib/python3.5/site-packages/ng/app/converter/converter/convertermultiregexpbase.py'...
***   File "./lib/python3.5/site-packages/ng/app/converter/converter/convertermultiregexpbase.py", line 31
    except Exception, msg :
                    ^
SyntaxError: invalid syntax

Listing './lib/python3.5/site-packages/ng/app/converter/converter/converterregexp'...
Listing './lib/python3.5/site-packages/ng/app/converter/converter/converterregexp/browser'...
Compiling './lib/python3.5/site-packages/ng/app/converter/converter/converterregexp/converterregexp.py'...
***   File "./lib/python3.5/site-packages/ng/app/converter/converter/converterregexp/converterregexp.py", line 34
    except Exception, msg :
                    ^
SyntaxError: invalid syntax

Listing './lib/python3.5/site-packages/ng/app/converter/converter/converterrest'...
Listing './lib/python3.5/site-packages/ng/app/converter/converter/converterrest/browser'...
Compiling './lib/python3.5/site-packages/ng/app/converter/converter/converterrest/converterrest.py'...
***   File "./lib/python3.5/site-packages/ng/app/converter/converter/converterrest/converterrest.py", line 75
    print ConverterReST().convert(unicode(sys.stdin.read()))
                      ^
SyntaxError: invalid syntax

Listing './lib/python3.5/site-packages/ng/app/converter/converter/converterselect'...
Listing './lib/python3.5/site-packages/ng/app/converter/converter/converterselect/browser'...
Compiling './lib/python3.5/site-packages/ng/app/converter/converter/converterselect/converterselect.py'...
***   File "./lib/python3.5/site-packages/ng/app/converter/converter/converterselect/converterselect.py", line 68
    print ConverterSelect().convert(sys.stdin.read())
                        ^
SyntaxError: invalid syntax

Listing './lib/python3.5/site-packages/ng/app/converter/converter/converterst'...
Listing './lib/python3.5/site-packages/ng/app/converter/converter/converterst/browser'...
Compiling './lib/python3.5/site-packages/ng/app/converter/converter/converterst/converterst.py'...
***   File "./lib/python3.5/site-packages/ng/app/converter/converter/converterst/converterst.py", line 47
    print ConverterST().convert(sys.stdin.read())
                    ^
SyntaxError: invalid syntax

Listing './lib/python3.5/site-packages/ng/app/converter/converter/converterwiki'...
Listing './lib/python3.5/site-packages/ng/app/converter/converter/converterxslt'...
Listing './lib/python3.5/site-packages/ng/app/converter/converter/converterxslt/browser'...
Compiling './lib/python3.5/site-packages/ng/app/converter/converter/converterxslt/converterxslt.py'...
*** Sorry: TabError: inconsistent use of tabs and spaces in indentation (converterxslt.py, line 30)
Compiling './lib/python3.5/site-packages/ng/app/converter/converter/converterxslt/xslt.py'...
***   File "./lib/python3.5/site-packages/ng/app/converter/converter/converterxslt/xslt.py", line 34
    print do_xslt(html,xslt,html_charset)
                ^
SyntaxError: invalid syntax

Listing './lib/python3.5/site-packages/ng/app/converter/etc'...
Listing './lib/python3.5/site-packages/ng/app/converter/mapper'...
Listing './lib/python3.5/site-packages/ng/app/converter/mapper/mapperattribute'...
Listing './lib/python3.5/site-packages/ng/app/converter/mapper/mapperattribute/browser'...
Listing './lib/python3.5/site-packages/ng/app/converter/mapper/mapperattributeannotation'...
Listing './lib/python3.5/site-packages/ng/app/converter/mapper/mapperattributeannotation/browser'...
Listing './lib/python3.5/site-packages/ng/app/converter/mapper/mapperattributeitem'...
Listing './lib/python3.5/site-packages/ng/app/converter/mapper/mapperattributeitem/browser'...
Listing './lib/python3.5/site-packages/ng/app/converter/mapper/mapperinterface'...
Listing './lib/python3.5/site-packages/ng/app/converter/mapper/mapperinterface/browser'...
Listing './lib/python3.5/site-packages/ng/app/converter/mapper/mapperinterfaceannotation'...
Listing './lib/python3.5/site-packages/ng/app/converter/mapper/mapperinterfaceannotation/browser'...
Listing './lib/python3.5/site-packages/ng/app/converter/mapper/mapperinterfaceannotation/demo'...
Listing './lib/python3.5/site-packages/ng/app/converter/mapper/mapperinterfaceannotation/demo/etc'...
Listing './lib/python3.5/site-packages/ng/app/converter/mapper/mapperobject'...
Listing './lib/python3.5/site-packages/ng/app/converter/mapper/mapperobject/browser'...
Compiling './lib/python3.5/site-packages/ng/app/converter/mapper/mapperobject/mapperobject.py'...
***   File "./lib/python3.5/site-packages/ng/app/converter/mapper/mapperobject/mapperobject.py", line 32
    except Exception,msg:
                    ^
SyntaxError: invalid syntax

Listing './lib/python3.5/site-packages/ng/app/converter/object2psadapter'...
Listing './lib/python3.5/site-packages/ng/app/converter/object2psadapter/browser'...
Listing './lib/python3.5/site-packages/ng/app/converter/object2psadapter/etc'...
Compiling './lib/python3.5/site-packages/ng/app/converter/object2psadapter/object2psadapter.py'...
***   File "./lib/python3.5/site-packages/ng/app/converter/object2psadapter/object2psadapter.py", line 33
    def cmp(self,(nx,ox),(ny,oy)) :
                 ^
SyntaxError: invalid syntax

Listing './lib/python3.5/site-packages/ng/app/converter/propertysheetwidget'...
Listing './lib/python3.5/site-packages/ng.adapter-0.2.1.egg-info'...
Listing './lib/python3.5/site-packages/ng.app.converter-1.0.8.egg-info'...
Listing './lib/python3.5/site-packages/pd'...
Listing './lib/python3.5/site-packages/pd/lib'...
Compiling './lib/python3.5/site-packages/pd/lib/fuzzyobject.py'...
***   File "./lib/python3.5/site-packages/pd/lib/fuzzyobject.py", line 24
    except AttributeError,msg :
                         ^
SyntaxError: invalid syntax

Compiling './lib/python3.5/site-packages/pd/lib/fuzzyobject_sample.py'...
***   File "./lib/python3.5/site-packages/pd/lib/fuzzyobject_sample.py", line 38
    print ob.name,ob.agg
           ^
SyntaxError: Missing parentheses in call to 'print'

Compiling './lib/python3.5/site-packages/pd/lib/linear_quantizator.py'...
***   File "./lib/python3.5/site-packages/pd/lib/linear_quantizator.py", line 99
    print x,y
          ^
SyntaxError: Missing parentheses in call to 'print'

Compiling './lib/python3.5/site-packages/pd/lib/topsort.py'...
***   File "./lib/python3.5/site-packages/pd/lib/topsort.py", line 50
    raise UnknownDependency, "Unknown dependency %s of %s" % (dep, obj)
                           ^
SyntaxError: invalid syntax

Compiling './lib/python3.5/site-packages/pd/lib/utility.py'...
***   File "./lib/python3.5/site-packages/pd/lib/utility.py", line 19
    except Exception, msg:
                    ^
SyntaxError: invalid syntax

Listing './lib/python3.5/site-packages/pd.lib-0.0.9.egg-info'...
Listing './lib/python3.5/site-packages/pip'...
Listing './lib/python3.5/site-packages/pip/_vendor'...
Listing './lib/python3.5/site-packages/pip/commands'...
Listing './lib/python3.5/site-packages/pip/compat'...
Listing './lib/python3.5/site-packages/pip/models'...
Listing './lib/python3.5/site-packages/pip/operations'...
Listing './lib/python3.5/site-packages/pip/req'...
Listing './lib/python3.5/site-packages/pip/utils'...
Listing './lib/python3.5/site-packages/pip/vcs'...
Listing './lib/python3.5/site-packages/pip-9.0.1.dist-info'...
Listing './lib/python3.5/site-packages/pkg_resources'...
Listing './lib/python3.5/site-packages/pkg_resources/_vendor'...
Listing './lib/python3.5/site-packages/pkg_resources/_vendor/packaging'...
Listing './lib/python3.5/site-packages/pkg_resources/extern'...
Listing './lib/python3.5/site-packages/pkg_resources-0.0.0.dist-info'...
Listing './lib/python3.5/site-packages/setuptools'...
Listing './lib/python3.5/site-packages/setuptools/command'...
Listing './lib/python3.5/site-packages/setuptools/extern'...
Listing './lib/python3.5/site-packages/setuptools-32.3.1.dist-info'...
Listing './lib/python3.5/site-packages/zope'...
Listing './lib/python3.5/site-packages/zope/component'...
Listing './lib/python3.5/site-packages/zope/component/testfiles'...
Listing './lib/python3.5/site-packages/zope/component/tests'...
Listing './lib/python3.5/site-packages/zope/event'...
Listing './lib/python3.5/site-packages/zope/interface'...
Listing './lib/python3.5/site-packages/zope/interface/common'...
Listing './lib/python3.5/site-packages/zope/interface/common/tests'...
Listing './lib/python3.5/site-packages/zope/interface/tests'...
Listing './lib/python3.5/site-packages/zope.component-4.4.1.dist-info'...
Listing './lib/python3.5/site-packages/zope.event-4.3.0.dist-info'...
Listing './lib/python3.5/site-packages/zope.interface-4.4.3.dist-info'...
Listing './share'...
Listing './share/python-wheels'...
