Listing '.'...
Listing './bin'...
Listing './config'...
Listing './include'...
Listing './lib'...
Listing './lib/python3.5'...
Listing './lib/python3.5/site-packages'...
Listing './lib/python3.5/site-packages/Jinja2-2.10.dist-info'...
Listing './lib/python3.5/site-packages/MarkupSafe-1.0.egg-info'...
Listing './lib/python3.5/site-packages/MySQLdb'...
Listing './lib/python3.5/site-packages/MySQLdb/constants'...
Listing './lib/python3.5/site-packages/PyMySQL-0.8.0.dist-info'...
Listing './lib/python3.5/site-packages/PyYAML-3.12.egg-info'...
Listing './lib/python3.5/site-packages/SQLAlchemy-1.1.15.egg-info'...
Listing './lib/python3.5/site-packages/Unidecode-0.04.21.dist-info'...
Listing './lib/python3.5/site-packages/Werkzeug-0.14.1.dist-info'...
Listing './lib/python3.5/site-packages/appdirs-1.4.3.dist-info'...
Listing './lib/python3.5/site-packages/attr'...
Listing './lib/python3.5/site-packages/attrs-17.4.0.dist-info'...
Listing './lib/python3.5/site-packages/awesome_slugify-1.6.5.egg-info'...
Listing './lib/python3.5/site-packages/bonobo'...
Listing './lib/python3.5/site-packages/bonobo/commands'...
Listing './lib/python3.5/site-packages/bonobo/commands/templates'...
Listing './lib/python3.5/site-packages/bonobo/config'...
Listing './lib/python3.5/site-packages/bonobo/contrib'...
Listing './lib/python3.5/site-packages/bonobo/contrib/django'...
Listing './lib/python3.5/site-packages/bonobo/contrib/google'...
Listing './lib/python3.5/site-packages/bonobo/contrib/jupyter'...
Listing './lib/python3.5/site-packages/bonobo/contrib/jupyter/static'...
Listing './lib/python3.5/site-packages/bonobo/contrib/opendatasoft'...
Listing './lib/python3.5/site-packages/bonobo/examples'...
Listing './lib/python3.5/site-packages/bonobo/examples/datasets'...
Listing './lib/python3.5/site-packages/bonobo/examples/files'...
Listing './lib/python3.5/site-packages/bonobo/examples/tutorials'...
Listing './lib/python3.5/site-packages/bonobo/examples/types'...
Listing './lib/python3.5/site-packages/bonobo/execution'...
Listing './lib/python3.5/site-packages/bonobo/execution/contexts'...
Listing './lib/python3.5/site-packages/bonobo/execution/strategies'...
Listing './lib/python3.5/site-packages/bonobo/nodes'...
Listing './lib/python3.5/site-packages/bonobo/nodes/io'...
Listing './lib/python3.5/site-packages/bonobo/plugins'...
Listing './lib/python3.5/site-packages/bonobo/structs'...
Listing './lib/python3.5/site-packages/bonobo/util'...
Listing './lib/python3.5/site-packages/bonobo-0.6.0.dist-info'...
Listing './lib/python3.5/site-packages/bonobo_sqlalchemy'...
Listing './lib/python3.5/site-packages/bonobo_sqlalchemy-0.6.0.dist-info'...
Listing './lib/python3.5/site-packages/certifi'...
Listing './lib/python3.5/site-packages/certifi-2017.11.5.dist-info'...
Listing './lib/python3.5/site-packages/chardet'...
Listing './lib/python3.5/site-packages/chardet/cli'...
Listing './lib/python3.5/site-packages/chardet-3.0.4.dist-info'...
Listing './lib/python3.5/site-packages/click'...
Listing './lib/python3.5/site-packages/click-6.7.dist-info'...
Listing './lib/python3.5/site-packages/colorama'...
Listing './lib/python3.5/site-packages/colorama-0.3.9.dist-info'...
Listing './lib/python3.5/site-packages/config'...
Listing './lib/python3.5/site-packages/cubes_templates'...
Listing './lib/python3.5/site-packages/cubes_templates/Black_Friday'...
Listing './lib/python3.5/site-packages/cubes_templates/foodmart'...
Listing './lib/python3.5/site-packages/cubes_templates/foodmart_with_config'...
Listing './lib/python3.5/site-packages/cubes_templates/sales'...
Listing './lib/python3.5/site-packages/dateutil'...
Listing './lib/python3.5/site-packages/dateutil/tz'...
Listing './lib/python3.5/site-packages/dateutil/zoneinfo'...
Listing './lib/python3.5/site-packages/dotenv'...
Listing './lib/python3.5/site-packages/fs'...
Listing './lib/python3.5/site-packages/fs/opener'...
Listing './lib/python3.5/site-packages/fs-2.0.17.dist-info'...
Listing './lib/python3.5/site-packages/graphviz'...
Listing './lib/python3.5/site-packages/graphviz-0.8.2.dist-info'...
Listing './lib/python3.5/site-packages/idna'...
Listing './lib/python3.5/site-packages/idna-2.6.dist-info'...
Listing './lib/python3.5/site-packages/jinja2'...
Compiling './lib/python3.5/site-packages/jinja2/asyncfilters.py'...
***   File "./lib/python3.5/site-packages/jinja2/asyncfilters.py", line 24
    yield item
    ^
SyntaxError: 'yield' inside async function

Compiling './lib/python3.5/site-packages/jinja2/asyncsupport.py'...
***   File "./lib/python3.5/site-packages/jinja2/asyncsupport.py", line 35
    yield event
    ^
SyntaxError: 'yield' inside async function

Listing './lib/python3.5/site-packages/lxml'...
Listing './lib/python3.5/site-packages/lxml/html'...
Listing './lib/python3.5/site-packages/lxml/includes'...
Listing './lib/python3.5/site-packages/lxml/includes/libexslt'...
Listing './lib/python3.5/site-packages/lxml/includes/libxml'...
Listing './lib/python3.5/site-packages/lxml/includes/libxslt'...
Listing './lib/python3.5/site-packages/lxml/isoschematron'...
Listing './lib/python3.5/site-packages/lxml/isoschematron/resources'...
Listing './lib/python3.5/site-packages/lxml/isoschematron/resources/rng'...
Listing './lib/python3.5/site-packages/lxml/isoschematron/resources/xsl'...
Listing './lib/python3.5/site-packages/lxml/isoschematron/resources/xsl/iso-schematron-xslt1'...
Listing './lib/python3.5/site-packages/lxml-4.1.1.dist-info'...
Listing './lib/python3.5/site-packages/markupsafe'...
Listing './lib/python3.5/site-packages/micro_bench'...
Listing './lib/python3.5/site-packages/mondrian'...
Listing './lib/python3.5/site-packages/mondrian-0.6.1.dist-info'...
Listing './lib/python3.5/site-packages/mysqlclient-1.3.12.egg-info'...
Listing './lib/python3.5/site-packages/numpy'...
Listing './lib/python3.5/site-packages/numpy/.libs'...
Listing './lib/python3.5/site-packages/numpy/compat'...
Listing './lib/python3.5/site-packages/numpy/core'...
Listing './lib/python3.5/site-packages/numpy/core/include'...
Listing './lib/python3.5/site-packages/numpy/core/include/numpy'...
Listing './lib/python3.5/site-packages/numpy/core/lib'...
Listing './lib/python3.5/site-packages/numpy/core/lib/npy-pkg-config'...
Listing './lib/python3.5/site-packages/numpy/core/tests'...
Listing './lib/python3.5/site-packages/numpy/core/tests/data'...
Listing './lib/python3.5/site-packages/numpy/distutils'...
Listing './lib/python3.5/site-packages/numpy/distutils/command'...
Listing './lib/python3.5/site-packages/numpy/distutils/fcompiler'...
Listing './lib/python3.5/site-packages/numpy/distutils/mingw'...
Listing './lib/python3.5/site-packages/numpy/distutils/tests'...
Listing './lib/python3.5/site-packages/numpy/doc'...
Listing './lib/python3.5/site-packages/numpy/f2py'...
Listing './lib/python3.5/site-packages/numpy/f2py/src'...
Listing './lib/python3.5/site-packages/numpy/f2py/tests'...
Listing './lib/python3.5/site-packages/numpy/f2py/tests/src'...
Listing './lib/python3.5/site-packages/numpy/f2py/tests/src/array_from_pyobj'...
Listing './lib/python3.5/site-packages/numpy/f2py/tests/src/assumed_shape'...
Listing './lib/python3.5/site-packages/numpy/f2py/tests/src/common'...
Listing './lib/python3.5/site-packages/numpy/f2py/tests/src/kind'...
Listing './lib/python3.5/site-packages/numpy/f2py/tests/src/mixed'...
Listing './lib/python3.5/site-packages/numpy/f2py/tests/src/parameter'...
Listing './lib/python3.5/site-packages/numpy/f2py/tests/src/regression'...
Listing './lib/python3.5/site-packages/numpy/f2py/tests/src/size'...
Listing './lib/python3.5/site-packages/numpy/f2py/tests/src/string'...
Listing './lib/python3.5/site-packages/numpy/fft'...
Listing './lib/python3.5/site-packages/numpy/fft/tests'...
Listing './lib/python3.5/site-packages/numpy/lib'...
Listing './lib/python3.5/site-packages/numpy/lib/tests'...
Listing './lib/python3.5/site-packages/numpy/lib/tests/data'...
Listing './lib/python3.5/site-packages/numpy/linalg'...
Listing './lib/python3.5/site-packages/numpy/linalg/tests'...
Listing './lib/python3.5/site-packages/numpy/ma'...
Listing './lib/python3.5/site-packages/numpy/ma/tests'...
Listing './lib/python3.5/site-packages/numpy/matrixlib'...
Listing './lib/python3.5/site-packages/numpy/matrixlib/tests'...
Listing './lib/python3.5/site-packages/numpy/polynomial'...
Listing './lib/python3.5/site-packages/numpy/polynomial/tests'...
Listing './lib/python3.5/site-packages/numpy/random'...
Listing './lib/python3.5/site-packages/numpy/random/tests'...
Listing './lib/python3.5/site-packages/numpy/testing'...
Listing './lib/python3.5/site-packages/numpy/testing/nose_tools'...
Listing './lib/python3.5/site-packages/numpy/testing/tests'...
Listing './lib/python3.5/site-packages/numpy/tests'...
Listing './lib/python3.5/site-packages/numpy-1.14.0.dist-info'...
Listing './lib/python3.5/site-packages/olapy'...
Listing './lib/python3.5/site-packages/olapy/core'...
Listing './lib/python3.5/site-packages/olapy/core/mdx'...
Listing './lib/python3.5/site-packages/olapy/core/mdx/executor'...
Listing './lib/python3.5/site-packages/olapy/core/mdx/parser'...
Listing './lib/python3.5/site-packages/olapy/core/mdx/tools'...
Listing './lib/python3.5/site-packages/olapy/core/services'...
Listing './lib/python3.5/site-packages/olapy/etl'...
Listing './lib/python3.5/site-packages/olapy-0.5.0.egg-info'...
Listing './lib/python3.5/site-packages/packaging'...
Listing './lib/python3.5/site-packages/packaging-16.8.dist-info'...
Listing './lib/python3.5/site-packages/pandas'...
Listing './lib/python3.5/site-packages/pandas/_libs'...
Listing './lib/python3.5/site-packages/pandas/_libs/tslibs'...
Listing './lib/python3.5/site-packages/pandas/api'...
Listing './lib/python3.5/site-packages/pandas/api/types'...
Listing './lib/python3.5/site-packages/pandas/compat'...
Listing './lib/python3.5/site-packages/pandas/compat/numpy'...
Listing './lib/python3.5/site-packages/pandas/computation'...
Listing './lib/python3.5/site-packages/pandas/core'...
Listing './lib/python3.5/site-packages/pandas/core/computation'...
Listing './lib/python3.5/site-packages/pandas/core/dtypes'...
Listing './lib/python3.5/site-packages/pandas/core/indexes'...
Listing './lib/python3.5/site-packages/pandas/core/reshape'...
Listing './lib/python3.5/site-packages/pandas/core/sparse'...
Listing './lib/python3.5/site-packages/pandas/core/tools'...
Listing './lib/python3.5/site-packages/pandas/core/util'...
Listing './lib/python3.5/site-packages/pandas/errors'...
Listing './lib/python3.5/site-packages/pandas/formats'...
Listing './lib/python3.5/site-packages/pandas/io'...
Listing './lib/python3.5/site-packages/pandas/io/clipboard'...
Listing './lib/python3.5/site-packages/pandas/io/formats'...
Listing './lib/python3.5/site-packages/pandas/io/formats/templates'...
Listing './lib/python3.5/site-packages/pandas/io/json'...
Listing './lib/python3.5/site-packages/pandas/io/msgpack'...
Listing './lib/python3.5/site-packages/pandas/io/sas'...
Listing './lib/python3.5/site-packages/pandas/plotting'...
Listing './lib/python3.5/site-packages/pandas/stats'...
Listing './lib/python3.5/site-packages/pandas/tests'...
Listing './lib/python3.5/site-packages/pandas/tests/api'...
Listing './lib/python3.5/site-packages/pandas/tests/computation'...
Listing './lib/python3.5/site-packages/pandas/tests/data'...
Listing './lib/python3.5/site-packages/pandas/tests/dtypes'...
Listing './lib/python3.5/site-packages/pandas/tests/frame'...
Listing './lib/python3.5/site-packages/pandas/tests/groupby'...
Listing './lib/python3.5/site-packages/pandas/tests/indexes'...
Listing './lib/python3.5/site-packages/pandas/tests/indexes/data'...
Listing './lib/python3.5/site-packages/pandas/tests/indexes/datetimes'...
Listing './lib/python3.5/site-packages/pandas/tests/indexes/period'...
Listing './lib/python3.5/site-packages/pandas/tests/indexes/timedeltas'...
Listing './lib/python3.5/site-packages/pandas/tests/indexing'...
Listing './lib/python3.5/site-packages/pandas/tests/internals'...
Listing './lib/python3.5/site-packages/pandas/tests/io'...
Listing './lib/python3.5/site-packages/pandas/tests/io/data'...
Listing './lib/python3.5/site-packages/pandas/tests/io/data/html_encoding'...
Listing './lib/python3.5/site-packages/pandas/tests/io/data/legacy_hdf'...
Listing './lib/python3.5/site-packages/pandas/tests/io/data/legacy_msgpack'...
Listing './lib/python3.5/site-packages/pandas/tests/io/data/legacy_msgpack/0.16.0'...
Listing './lib/python3.5/site-packages/pandas/tests/io/data/legacy_msgpack/0.16.2'...
Listing './lib/python3.5/site-packages/pandas/tests/io/data/legacy_msgpack/0.17.0'...
Listing './lib/python3.5/site-packages/pandas/tests/io/data/legacy_msgpack/0.17.1'...
Listing './lib/python3.5/site-packages/pandas/tests/io/data/legacy_msgpack/0.18.0'...
Listing './lib/python3.5/site-packages/pandas/tests/io/data/legacy_msgpack/0.18.1'...
Listing './lib/python3.5/site-packages/pandas/tests/io/data/legacy_msgpack/0.19.2'...
Listing './lib/python3.5/site-packages/pandas/tests/io/data/legacy_pickle'...
Listing './lib/python3.5/site-packages/pandas/tests/io/data/legacy_pickle/0.10.1'...
Listing './lib/python3.5/site-packages/pandas/tests/io/data/legacy_pickle/0.11.0'...
Listing './lib/python3.5/site-packages/pandas/tests/io/data/legacy_pickle/0.12.0'...
Listing './lib/python3.5/site-packages/pandas/tests/io/data/legacy_pickle/0.13.0'...
Listing './lib/python3.5/site-packages/pandas/tests/io/data/legacy_pickle/0.14.0'...
Listing './lib/python3.5/site-packages/pandas/tests/io/data/legacy_pickle/0.14.1'...
Listing './lib/python3.5/site-packages/pandas/tests/io/data/legacy_pickle/0.15.0'...
Listing './lib/python3.5/site-packages/pandas/tests/io/data/legacy_pickle/0.15.2'...
Listing './lib/python3.5/site-packages/pandas/tests/io/data/legacy_pickle/0.16.0'...
Listing './lib/python3.5/site-packages/pandas/tests/io/data/legacy_pickle/0.16.2'...
Listing './lib/python3.5/site-packages/pandas/tests/io/data/legacy_pickle/0.17.0'...
Listing './lib/python3.5/site-packages/pandas/tests/io/data/legacy_pickle/0.17.1'...
Listing './lib/python3.5/site-packages/pandas/tests/io/data/legacy_pickle/0.18.0'...
Listing './lib/python3.5/site-packages/pandas/tests/io/data/legacy_pickle/0.18.1'...
Listing './lib/python3.5/site-packages/pandas/tests/io/data/legacy_pickle/0.19.2'...
Listing './lib/python3.5/site-packages/pandas/tests/io/data/legacy_pickle/0.20.3'...
Listing './lib/python3.5/site-packages/pandas/tests/io/formats'...
Listing './lib/python3.5/site-packages/pandas/tests/io/formats/data'...
Listing './lib/python3.5/site-packages/pandas/tests/io/json'...
Listing './lib/python3.5/site-packages/pandas/tests/io/json/data'...
Listing './lib/python3.5/site-packages/pandas/tests/io/msgpack'...
Listing './lib/python3.5/site-packages/pandas/tests/io/msgpack/data'...
Listing './lib/python3.5/site-packages/pandas/tests/io/parser'...
Listing './lib/python3.5/site-packages/pandas/tests/io/parser/data'...
Listing './lib/python3.5/site-packages/pandas/tests/io/sas'...
Listing './lib/python3.5/site-packages/pandas/tests/io/sas/data'...
Listing './lib/python3.5/site-packages/pandas/tests/plotting'...
Listing './lib/python3.5/site-packages/pandas/tests/reshape'...
Listing './lib/python3.5/site-packages/pandas/tests/reshape/data'...
Listing './lib/python3.5/site-packages/pandas/tests/scalar'...
Listing './lib/python3.5/site-packages/pandas/tests/series'...
Listing './lib/python3.5/site-packages/pandas/tests/sparse'...
Listing './lib/python3.5/site-packages/pandas/tests/tools'...
Listing './lib/python3.5/site-packages/pandas/tests/tseries'...
Listing './lib/python3.5/site-packages/pandas/tests/tseries/data'...
Listing './lib/python3.5/site-packages/pandas/tests/util'...
Listing './lib/python3.5/site-packages/pandas/tools'...
Listing './lib/python3.5/site-packages/pandas/tseries'...
Listing './lib/python3.5/site-packages/pandas/types'...
Listing './lib/python3.5/site-packages/pandas/util'...
Listing './lib/python3.5/site-packages/pandas-0.22.0.dist-info'...
Listing './lib/python3.5/site-packages/pbr'...
Listing './lib/python3.5/site-packages/pbr/cmd'...
Listing './lib/python3.5/site-packages/pbr/hooks'...
Listing './lib/python3.5/site-packages/pbr/tests'...
Listing './lib/python3.5/site-packages/pbr/tests/testpackage'...
Listing './lib/python3.5/site-packages/pbr/tests/testpackage/data_files'...
Listing './lib/python3.5/site-packages/pbr/tests/testpackage/doc'...
Listing './lib/python3.5/site-packages/pbr/tests/testpackage/doc/source'...
Listing './lib/python3.5/site-packages/pbr/tests/testpackage/pbr_testpackage'...
Listing './lib/python3.5/site-packages/pbr/tests/testpackage/pbr_testpackage/package_data'...
Listing './lib/python3.5/site-packages/pbr/tests/testpackage/src'...
Listing './lib/python3.5/site-packages/pbr-3.1.1.dist-info'...
Listing './lib/python3.5/site-packages/pip'...
Listing './lib/python3.5/site-packages/pip/_vendor'...
Listing './lib/python3.5/site-packages/pip/commands'...
Listing './lib/python3.5/site-packages/pip/compat'...
Listing './lib/python3.5/site-packages/pip/models'...
Listing './lib/python3.5/site-packages/pip/operations'...
Listing './lib/python3.5/site-packages/pip/req'...
Listing './lib/python3.5/site-packages/pip/utils'...
Listing './lib/python3.5/site-packages/pip/vcs'...
Listing './lib/python3.5/site-packages/pip-9.0.1.dist-info'...
Listing './lib/python3.5/site-packages/pkg_resources'...
Listing './lib/python3.5/site-packages/pkg_resources/_vendor'...
Listing './lib/python3.5/site-packages/pkg_resources/_vendor/packaging'...
Listing './lib/python3.5/site-packages/pkg_resources/extern'...
Listing './lib/python3.5/site-packages/pkg_resources-0.0.0.dist-info'...
Listing './lib/python3.5/site-packages/psutil'...
Listing './lib/python3.5/site-packages/psutil/tests'...
Listing './lib/python3.5/site-packages/psutil-5.4.3.egg-info'...
Listing './lib/python3.5/site-packages/psycopg2'...
Listing './lib/python3.5/site-packages/psycopg2/.libs'...
Listing './lib/python3.5/site-packages/psycopg2/tests'...
Listing './lib/python3.5/site-packages/psycopg2-2.7.3.2.dist-info'...
Listing './lib/python3.5/site-packages/pymysql'...
Listing './lib/python3.5/site-packages/pymysql/constants'...
Listing './lib/python3.5/site-packages/pymysql/tests'...
Listing './lib/python3.5/site-packages/pymysql/tests/thirdparty'...
Listing './lib/python3.5/site-packages/pymysql/tests/thirdparty/test_MySQLdb'...
Listing './lib/python3.5/site-packages/pyparsing-2.2.0.dist-info'...
Listing './lib/python3.5/site-packages/python_dateutil-2.6.1.dist-info'...
Listing './lib/python3.5/site-packages/python_dotenv-0.7.1.dist-info'...
Listing './lib/python3.5/site-packages/python_slugify-1.2.4.dist-info'...
Listing './lib/python3.5/site-packages/pytz'...
Listing './lib/python3.5/site-packages/pytz/zoneinfo'...
Listing './lib/python3.5/site-packages/pytz/zoneinfo/Africa'...
Listing './lib/python3.5/site-packages/pytz/zoneinfo/America'...
Listing './lib/python3.5/site-packages/pytz/zoneinfo/America/Argentina'...
Listing './lib/python3.5/site-packages/pytz/zoneinfo/America/Indiana'...
Listing './lib/python3.5/site-packages/pytz/zoneinfo/America/Kentucky'...
Listing './lib/python3.5/site-packages/pytz/zoneinfo/America/North_Dakota'...
Listing './lib/python3.5/site-packages/pytz/zoneinfo/Antarctica'...
Listing './lib/python3.5/site-packages/pytz/zoneinfo/Arctic'...
Listing './lib/python3.5/site-packages/pytz/zoneinfo/Asia'...
Listing './lib/python3.5/site-packages/pytz/zoneinfo/Atlantic'...
Listing './lib/python3.5/site-packages/pytz/zoneinfo/Australia'...
Listing './lib/python3.5/site-packages/pytz/zoneinfo/Brazil'...
Listing './lib/python3.5/site-packages/pytz/zoneinfo/Canada'...
Listing './lib/python3.5/site-packages/pytz/zoneinfo/Chile'...
Listing './lib/python3.5/site-packages/pytz/zoneinfo/Etc'...
Listing './lib/python3.5/site-packages/pytz/zoneinfo/Europe'...
Listing './lib/python3.5/site-packages/pytz/zoneinfo/Indian'...
Listing './lib/python3.5/site-packages/pytz/zoneinfo/Mexico'...
Listing './lib/python3.5/site-packages/pytz/zoneinfo/Pacific'...
Listing './lib/python3.5/site-packages/pytz/zoneinfo/US'...
Listing './lib/python3.5/site-packages/pytz-2017.3.dist-info'...
Listing './lib/python3.5/site-packages/regex-2018.1.10.egg-info'...
Listing './lib/python3.5/site-packages/requests'...
Listing './lib/python3.5/site-packages/requests-2.18.4.dist-info'...
Listing './lib/python3.5/site-packages/setuptools'...
Listing './lib/python3.5/site-packages/setuptools/command'...
Listing './lib/python3.5/site-packages/setuptools/extern'...
Listing './lib/python3.5/site-packages/setuptools-32.3.1.dist-info'...
Listing './lib/python3.5/site-packages/six-1.11.0.dist-info'...
Listing './lib/python3.5/site-packages/slugify'...
Listing './lib/python3.5/site-packages/spyne'...
Listing './lib/python3.5/site-packages/spyne/auxproc'...
Listing './lib/python3.5/site-packages/spyne/client'...
Listing './lib/python3.5/site-packages/spyne/client/twisted'...
Listing './lib/python3.5/site-packages/spyne/const'...
Listing './lib/python3.5/site-packages/spyne/interface'...
Listing './lib/python3.5/site-packages/spyne/interface/wsdl'...
Listing './lib/python3.5/site-packages/spyne/interface/xml_schema'...
Listing './lib/python3.5/site-packages/spyne/model'...
Listing './lib/python3.5/site-packages/spyne/model/primitive'...
Listing './lib/python3.5/site-packages/spyne/protocol'...
Listing './lib/python3.5/site-packages/spyne/protocol/cloth'...
Listing './lib/python3.5/site-packages/spyne/protocol/dictdoc'...
Listing './lib/python3.5/site-packages/spyne/protocol/html'...
Listing './lib/python3.5/site-packages/spyne/protocol/soap'...
Listing './lib/python3.5/site-packages/spyne/server'...
Listing './lib/python3.5/site-packages/spyne/server/twisted'...
Listing './lib/python3.5/site-packages/spyne/store'...
Listing './lib/python3.5/site-packages/spyne/store/relational'...
Listing './lib/python3.5/site-packages/spyne/test'...
Listing './lib/python3.5/site-packages/spyne/test/interface'...
Listing './lib/python3.5/site-packages/spyne/test/interface/wsdl'...
Listing './lib/python3.5/site-packages/spyne/test/interop'...
Listing './lib/python3.5/site-packages/spyne/test/interop/server'...
Listing './lib/python3.5/site-packages/spyne/test/interop/server/soap11'...
Listing './lib/python3.5/site-packages/spyne/test/interop/server/soap12'...
Listing './lib/python3.5/site-packages/spyne/test/model'...
Listing './lib/python3.5/site-packages/spyne/test/multipython'...
Listing './lib/python3.5/site-packages/spyne/test/multipython/model'...
Listing './lib/python3.5/site-packages/spyne/test/protocol'...
Listing './lib/python3.5/site-packages/spyne/test/transport'...
Compiling './lib/python3.5/site-packages/spyne/test/transport/test_msgpack.py'...
***   File "./lib/python3.5/site-packages/spyne/test/transport/test_msgpack.py", line 57
    print repr(val)
             ^
SyntaxError: invalid syntax

Listing './lib/python3.5/site-packages/spyne/util'...
Listing './lib/python3.5/site-packages/spyne/util/oset'...
Listing './lib/python3.5/site-packages/spyne-2.12.14.egg-info'...
Listing './lib/python3.5/site-packages/sqlalchemy'...
Listing './lib/python3.5/site-packages/sqlalchemy/connectors'...
Listing './lib/python3.5/site-packages/sqlalchemy/databases'...
Listing './lib/python3.5/site-packages/sqlalchemy/dialects'...
Listing './lib/python3.5/site-packages/sqlalchemy/dialects/firebird'...
Listing './lib/python3.5/site-packages/sqlalchemy/dialects/mssql'...
Listing './lib/python3.5/site-packages/sqlalchemy/dialects/mysql'...
Listing './lib/python3.5/site-packages/sqlalchemy/dialects/oracle'...
Listing './lib/python3.5/site-packages/sqlalchemy/dialects/postgresql'...
Listing './lib/python3.5/site-packages/sqlalchemy/dialects/sqlite'...
Listing './lib/python3.5/site-packages/sqlalchemy/dialects/sybase'...
Listing './lib/python3.5/site-packages/sqlalchemy/engine'...
Listing './lib/python3.5/site-packages/sqlalchemy/event'...
Listing './lib/python3.5/site-packages/sqlalchemy/ext'...
Listing './lib/python3.5/site-packages/sqlalchemy/ext/declarative'...
Listing './lib/python3.5/site-packages/sqlalchemy/orm'...
Listing './lib/python3.5/site-packages/sqlalchemy/sql'...
Listing './lib/python3.5/site-packages/sqlalchemy/testing'...
Listing './lib/python3.5/site-packages/sqlalchemy/testing/plugin'...
Listing './lib/python3.5/site-packages/sqlalchemy/testing/suite'...
Listing './lib/python3.5/site-packages/sqlalchemy/util'...
Listing './lib/python3.5/site-packages/stevedore'...
Listing './lib/python3.5/site-packages/stevedore/example'...
Listing './lib/python3.5/site-packages/stevedore/example2'...
Listing './lib/python3.5/site-packages/stevedore/tests'...
Listing './lib/python3.5/site-packages/stevedore-1.28.0.dist-info'...
Listing './lib/python3.5/site-packages/tests'...
Listing './lib/python3.5/site-packages/typing-3.6.2.dist-info'...
Listing './lib/python3.5/site-packages/unidecode'...
Listing './lib/python3.5/site-packages/urllib3'...
Listing './lib/python3.5/site-packages/urllib3/contrib'...
Listing './lib/python3.5/site-packages/urllib3/contrib/_securetransport'...
Listing './lib/python3.5/site-packages/urllib3/packages'...
Listing './lib/python3.5/site-packages/urllib3/packages/backports'...
Listing './lib/python3.5/site-packages/urllib3/packages/ssl_match_hostname'...
Listing './lib/python3.5/site-packages/urllib3/util'...
Listing './lib/python3.5/site-packages/urllib3-1.22.dist-info'...
Listing './lib/python3.5/site-packages/werkzeug'...
Listing './lib/python3.5/site-packages/werkzeug/contrib'...
Listing './lib/python3.5/site-packages/werkzeug/debug'...
Listing './lib/python3.5/site-packages/werkzeug/debug/shared'...
Listing './lib/python3.5/site-packages/whistle'...
Listing './lib/python3.5/site-packages/whistle-1.0.0.dist-info'...
Listing './lib/python3.5/site-packages/xmlwitch-0.3.egg-info'...
Listing './lib/python3.5/site-packages/yaml'...
Listing './share'...
Listing './share/jupyter'...
Listing './share/jupyter/nbextensions'...
Listing './share/jupyter/nbextensions/bonobo-jupyter'...
Listing './share/python-wheels'...
