Listing '.'...
Listing './bin'...
Listing './include'...
Listing './lib'...
Listing './lib/python3.5'...
Listing './lib/python3.5/site-packages'...
Listing './lib/python3.5/site-packages/Flask-0.10.1.egg-info'...
Listing './lib/python3.5/site-packages/Jinja2-2.10.dist-info'...
Listing './lib/python3.5/site-packages/MarkupSafe-1.0.egg-info'...
Listing './lib/python3.5/site-packages/OpenAddresses_Machine-2.0.0.egg-info'...
Listing './lib/python3.5/site-packages/Werkzeug-0.14.1.dist-info'...
Listing './lib/python3.5/site-packages/argparse-1.4.0.dist-info'...
Listing './lib/python3.5/site-packages/boto'...
Listing './lib/python3.5/site-packages/boto/awslambda'...
Listing './lib/python3.5/site-packages/boto/beanstalk'...
Listing './lib/python3.5/site-packages/boto/cacerts'...
Listing './lib/python3.5/site-packages/boto/cloudformation'...
Listing './lib/python3.5/site-packages/boto/cloudfront'...
Listing './lib/python3.5/site-packages/boto/cloudhsm'...
Listing './lib/python3.5/site-packages/boto/cloudsearch'...
Listing './lib/python3.5/site-packages/boto/cloudsearch2'...
Listing './lib/python3.5/site-packages/boto/cloudsearchdomain'...
Listing './lib/python3.5/site-packages/boto/cloudtrail'...
Listing './lib/python3.5/site-packages/boto/codedeploy'...
Listing './lib/python3.5/site-packages/boto/cognito'...
Listing './lib/python3.5/site-packages/boto/cognito/identity'...
Listing './lib/python3.5/site-packages/boto/cognito/sync'...
Listing './lib/python3.5/site-packages/boto/configservice'...
Listing './lib/python3.5/site-packages/boto/contrib'...
Listing './lib/python3.5/site-packages/boto/datapipeline'...
Listing './lib/python3.5/site-packages/boto/directconnect'...
Listing './lib/python3.5/site-packages/boto/dynamodb'...
Listing './lib/python3.5/site-packages/boto/dynamodb2'...
Listing './lib/python3.5/site-packages/boto/ec2'...
Listing './lib/python3.5/site-packages/boto/ec2/autoscale'...
Listing './lib/python3.5/site-packages/boto/ec2/cloudwatch'...
Listing './lib/python3.5/site-packages/boto/ec2/elb'...
Listing './lib/python3.5/site-packages/boto/ec2containerservice'...
Listing './lib/python3.5/site-packages/boto/ecs'...
Listing './lib/python3.5/site-packages/boto/elasticache'...
Listing './lib/python3.5/site-packages/boto/elastictranscoder'...
Listing './lib/python3.5/site-packages/boto/emr'...
Listing './lib/python3.5/site-packages/boto/file'...
Listing './lib/python3.5/site-packages/boto/fps'...
Listing './lib/python3.5/site-packages/boto/glacier'...
Listing './lib/python3.5/site-packages/boto/gs'...
Listing './lib/python3.5/site-packages/boto/iam'...
Listing './lib/python3.5/site-packages/boto/kinesis'...
Listing './lib/python3.5/site-packages/boto/kms'...
Listing './lib/python3.5/site-packages/boto/logs'...
Listing './lib/python3.5/site-packages/boto/machinelearning'...
Listing './lib/python3.5/site-packages/boto/manage'...
Listing './lib/python3.5/site-packages/boto/mashups'...
Listing './lib/python3.5/site-packages/boto/mturk'...
Listing './lib/python3.5/site-packages/boto/mws'...
Listing './lib/python3.5/site-packages/boto/opsworks'...
Listing './lib/python3.5/site-packages/boto/pyami'...
Listing './lib/python3.5/site-packages/boto/pyami/installers'...
Listing './lib/python3.5/site-packages/boto/pyami/installers/ubuntu'...
Listing './lib/python3.5/site-packages/boto/rds'...
Listing './lib/python3.5/site-packages/boto/rds2'...
Listing './lib/python3.5/site-packages/boto/redshift'...
Listing './lib/python3.5/site-packages/boto/roboto'...
Listing './lib/python3.5/site-packages/boto/route53'...
Listing './lib/python3.5/site-packages/boto/route53/domains'...
Listing './lib/python3.5/site-packages/boto/s3'...
Listing './lib/python3.5/site-packages/boto/sdb'...
Listing './lib/python3.5/site-packages/boto/sdb/db'...
Listing './lib/python3.5/site-packages/boto/sdb/db/manager'...
Listing './lib/python3.5/site-packages/boto/services'...
Listing './lib/python3.5/site-packages/boto/ses'...
Listing './lib/python3.5/site-packages/boto/sns'...
Listing './lib/python3.5/site-packages/boto/sqs'...
Listing './lib/python3.5/site-packages/boto/sts'...
Listing './lib/python3.5/site-packages/boto/support'...
Listing './lib/python3.5/site-packages/boto/swf'...
Listing './lib/python3.5/site-packages/boto/vendored'...
Listing './lib/python3.5/site-packages/boto/vendored/regions'...
Listing './lib/python3.5/site-packages/boto/vpc'...
Listing './lib/python3.5/site-packages/boto-2.48.0.dist-info'...
Listing './lib/python3.5/site-packages/dateutil'...
Listing './lib/python3.5/site-packages/dateutil/tz'...
Listing './lib/python3.5/site-packages/dateutil/zoneinfo'...
Listing './lib/python3.5/site-packages/dateutils'...
Compiling './lib/python3.5/site-packages/dateutils/dateadd.py'...
***   File "./lib/python3.5/site-packages/dateutils/dateadd.py", line 56
    print dt.strftime(args.format)
           ^
SyntaxError: invalid syntax

Compiling './lib/python3.5/site-packages/dateutils/datediff.py'...
***   File "./lib/python3.5/site-packages/dateutils/datediff.py", line 40
    print __import__(args.unit)(end_dt, start_dt, **kwargs)
                   ^
SyntaxError: invalid syntax

Listing './lib/python3.5/site-packages/dateutils-0.6.6.egg-info'...
Listing './lib/python3.5/site-packages/flask'...
Listing './lib/python3.5/site-packages/flask/ext'...
Listing './lib/python3.5/site-packages/flask/testsuite'...
Listing './lib/python3.5/site-packages/flask/testsuite/static'...
Listing './lib/python3.5/site-packages/flask/testsuite/templates'...
Listing './lib/python3.5/site-packages/flask/testsuite/templates/nested'...
Listing './lib/python3.5/site-packages/flask/testsuite/test_apps'...
Listing './lib/python3.5/site-packages/flask/testsuite/test_apps/blueprintapp'...
Listing './lib/python3.5/site-packages/flask/testsuite/test_apps/blueprintapp/apps'...
Listing './lib/python3.5/site-packages/flask/testsuite/test_apps/blueprintapp/apps/admin'...
Listing './lib/python3.5/site-packages/flask/testsuite/test_apps/blueprintapp/apps/admin/static'...
Listing './lib/python3.5/site-packages/flask/testsuite/test_apps/blueprintapp/apps/admin/templates'...
Listing './lib/python3.5/site-packages/flask/testsuite/test_apps/blueprintapp/apps/frontend'...
Listing './lib/python3.5/site-packages/flask/testsuite/test_apps/blueprintapp/apps/frontend/templates'...
Listing './lib/python3.5/site-packages/flask/testsuite/test_apps/config_package_app'...
Listing './lib/python3.5/site-packages/flask/testsuite/test_apps/flask_broken'...
Listing './lib/python3.5/site-packages/flask/testsuite/test_apps/flask_newext_package'...
Listing './lib/python3.5/site-packages/flask/testsuite/test_apps/flaskext'...
Listing './lib/python3.5/site-packages/flask/testsuite/test_apps/flaskext/oldext_package'...
Listing './lib/python3.5/site-packages/flask/testsuite/test_apps/lib'...
Listing './lib/python3.5/site-packages/flask/testsuite/test_apps/lib/python2.5'...
Listing './lib/python3.5/site-packages/flask/testsuite/test_apps/lib/python2.5/site-packages'...
Listing './lib/python3.5/site-packages/flask/testsuite/test_apps/lib/python2.5/site-packages/site_package'...
Listing './lib/python3.5/site-packages/flask/testsuite/test_apps/moduleapp'...
Listing './lib/python3.5/site-packages/flask/testsuite/test_apps/moduleapp/apps'...
Listing './lib/python3.5/site-packages/flask/testsuite/test_apps/moduleapp/apps/admin'...
Listing './lib/python3.5/site-packages/flask/testsuite/test_apps/moduleapp/apps/admin/static'...
Listing './lib/python3.5/site-packages/flask/testsuite/test_apps/moduleapp/apps/admin/templates'...
Listing './lib/python3.5/site-packages/flask/testsuite/test_apps/moduleapp/apps/frontend'...
Listing './lib/python3.5/site-packages/flask/testsuite/test_apps/moduleapp/apps/frontend/templates'...
Listing './lib/python3.5/site-packages/flask/testsuite/test_apps/path'...
Listing './lib/python3.5/site-packages/flask/testsuite/test_apps/path/installed_package'...
Listing './lib/python3.5/site-packages/flask/testsuite/test_apps/subdomaintestmodule'...
Listing './lib/python3.5/site-packages/flask/testsuite/test_apps/subdomaintestmodule/static'...
Listing './lib/python3.5/site-packages/gunicorn'...
Listing './lib/python3.5/site-packages/gunicorn/app'...
Listing './lib/python3.5/site-packages/gunicorn/http'...
Listing './lib/python3.5/site-packages/gunicorn/instrument'...
Listing './lib/python3.5/site-packages/gunicorn/management'...
Listing './lib/python3.5/site-packages/gunicorn/management/commands'...
Listing './lib/python3.5/site-packages/gunicorn/workers'...
Listing './lib/python3.5/site-packages/gunicorn-19.3.0.dist-info'...
Listing './lib/python3.5/site-packages/httmock-1.2.6.egg-info'...
Listing './lib/python3.5/site-packages/ijson'...
Listing './lib/python3.5/site-packages/ijson/backends'...
Listing './lib/python3.5/site-packages/ijson-2.3.dist-info'...
Listing './lib/python3.5/site-packages/itsdangerous-0.24.egg-info'...
Listing './lib/python3.5/site-packages/jinja2'...
Compiling './lib/python3.5/site-packages/jinja2/asyncfilters.py'...
***   File "./lib/python3.5/site-packages/jinja2/asyncfilters.py", line 24
    yield item
    ^
SyntaxError: 'yield' inside async function

Compiling './lib/python3.5/site-packages/jinja2/asyncsupport.py'...
***   File "./lib/python3.5/site-packages/jinja2/asyncsupport.py", line 35
    yield event
    ^
SyntaxError: 'yield' inside async function

Listing './lib/python3.5/site-packages/markupsafe'...
Listing './lib/python3.5/site-packages/mock-1.0.1.egg-info'...
Listing './lib/python3.5/site-packages/openaddr'...
Listing './lib/python3.5/site-packages/openaddr/ci'...
Listing './lib/python3.5/site-packages/openaddr/ci/templates'...
Listing './lib/python3.5/site-packages/openaddr/geodata'...
Listing './lib/python3.5/site-packages/openaddr/templates'...
Listing './lib/python3.5/site-packages/openaddr/tests'...
Listing './lib/python3.5/site-packages/openaddr/tests/conforms'...
Listing './lib/python3.5/site-packages/openaddr/tests/data'...
Listing './lib/python3.5/site-packages/openaddr/tests/sources'...
Listing './lib/python3.5/site-packages/openaddr/tests/sources/fr'...
Listing './lib/python3.5/site-packages/openaddr/util'...
Listing './lib/python3.5/site-packages/pip'...
Listing './lib/python3.5/site-packages/pip/_vendor'...
Listing './lib/python3.5/site-packages/pip/commands'...
Listing './lib/python3.5/site-packages/pip/compat'...
Listing './lib/python3.5/site-packages/pip/models'...
Listing './lib/python3.5/site-packages/pip/operations'...
Listing './lib/python3.5/site-packages/pip/req'...
Listing './lib/python3.5/site-packages/pip/utils'...
Listing './lib/python3.5/site-packages/pip/vcs'...
Listing './lib/python3.5/site-packages/pip-9.0.1.dist-info'...
Listing './lib/python3.5/site-packages/pkg_resources'...
Listing './lib/python3.5/site-packages/pkg_resources/_vendor'...
Listing './lib/python3.5/site-packages/pkg_resources/_vendor/packaging'...
Listing './lib/python3.5/site-packages/pkg_resources/extern'...
Listing './lib/python3.5/site-packages/pkg_resources-0.0.0.dist-info'...
Listing './lib/python3.5/site-packages/pq'...
Listing './lib/python3.5/site-packages/pq-1.3.egg-info'...
Listing './lib/python3.5/site-packages/psycopg2'...
Listing './lib/python3.5/site-packages/psycopg2/tests'...
Listing './lib/python3.5/site-packages/psycopg2-2.6.egg-info'...
Listing './lib/python3.5/site-packages/python3_memcached-1.51.egg-info'...
Listing './lib/python3.5/site-packages/python_dateutil-2.6.1.dist-info'...
Listing './lib/python3.5/site-packages/pytz'...
Listing './lib/python3.5/site-packages/pytz/zoneinfo'...
Listing './lib/python3.5/site-packages/pytz/zoneinfo/Africa'...
Listing './lib/python3.5/site-packages/pytz/zoneinfo/America'...
Listing './lib/python3.5/site-packages/pytz/zoneinfo/America/Argentina'...
Listing './lib/python3.5/site-packages/pytz/zoneinfo/America/Indiana'...
Listing './lib/python3.5/site-packages/pytz/zoneinfo/America/Kentucky'...
Listing './lib/python3.5/site-packages/pytz/zoneinfo/America/North_Dakota'...
Listing './lib/python3.5/site-packages/pytz/zoneinfo/Antarctica'...
Listing './lib/python3.5/site-packages/pytz/zoneinfo/Arctic'...
Listing './lib/python3.5/site-packages/pytz/zoneinfo/Asia'...
Listing './lib/python3.5/site-packages/pytz/zoneinfo/Atlantic'...
Listing './lib/python3.5/site-packages/pytz/zoneinfo/Australia'...
Listing './lib/python3.5/site-packages/pytz/zoneinfo/Brazil'...
Listing './lib/python3.5/site-packages/pytz/zoneinfo/Canada'...
Listing './lib/python3.5/site-packages/pytz/zoneinfo/Chile'...
Listing './lib/python3.5/site-packages/pytz/zoneinfo/Etc'...
Listing './lib/python3.5/site-packages/pytz/zoneinfo/Europe'...
Listing './lib/python3.5/site-packages/pytz/zoneinfo/Indian'...
Listing './lib/python3.5/site-packages/pytz/zoneinfo/Mexico'...
Listing './lib/python3.5/site-packages/pytz/zoneinfo/Pacific'...
Listing './lib/python3.5/site-packages/pytz/zoneinfo/US'...
Listing './lib/python3.5/site-packages/pytz-2017.3.dist-info'...
Listing './lib/python3.5/site-packages/requests'...
Listing './lib/python3.5/site-packages/requests/packages'...
Listing './lib/python3.5/site-packages/requests/packages/charade'...
Listing './lib/python3.5/site-packages/requests/packages/chardet'...
Listing './lib/python3.5/site-packages/requests/packages/urllib3'...
Listing './lib/python3.5/site-packages/requests/packages/urllib3/contrib'...
Listing './lib/python3.5/site-packages/requests/packages/urllib3/packages'...
Listing './lib/python3.5/site-packages/requests/packages/urllib3/packages/ssl_match_hostname'...
Listing './lib/python3.5/site-packages/requests-2.2.1.dist-info'...
Listing './lib/python3.5/site-packages/requests_ftp'...
Listing './lib/python3.5/site-packages/requests_ftp-0.2.0.egg-info'...
Listing './lib/python3.5/site-packages/setuptools'...
Listing './lib/python3.5/site-packages/setuptools/command'...
Listing './lib/python3.5/site-packages/setuptools/extern'...
Listing './lib/python3.5/site-packages/setuptools-32.3.1.dist-info'...
Listing './lib/python3.5/site-packages/simplejson'...
Listing './lib/python3.5/site-packages/simplejson/tests'...
Listing './lib/python3.5/site-packages/simplejson-3.13.2.egg-info'...
Listing './lib/python3.5/site-packages/six-1.11.0.dist-info'...
Listing './lib/python3.5/site-packages/uritemplate'...
Listing './lib/python3.5/site-packages/uritemplate-0.6.egg-info'...
Listing './lib/python3.5/site-packages/werkzeug'...
Listing './lib/python3.5/site-packages/werkzeug/contrib'...
Listing './lib/python3.5/site-packages/werkzeug/debug'...
Listing './lib/python3.5/site-packages/werkzeug/debug/shared'...
Listing './share'...
Listing './share/python-wheels'...
