Listing '.'...
Listing './bin'...
Compiling './bin/miniterm.py'...
Compiling './bin/openiotgw.py'...
***   File "./bin/openiotgw.py", line 108
    print 'could not find an OpenIoT compartible serial port'
                                                            ^
SyntaxError: Missing parentheses in call to 'print'

Compiling './bin/smartscript.py'...
Listing './include'...
Listing './lib'...
Listing './lib/python3.5'...
Listing './lib/python3.5/site-packages'...
Listing './lib/python3.5/site-packages/backports'...
Listing './lib/python3.5/site-packages/backports/configparser'...
Listing './lib/python3.5/site-packages/configparser-3.5.0.egg-info'...
Listing './lib/python3.5/site-packages/netifaces-0.10.6.egg-info'...
Listing './lib/python3.5/site-packages/openiot'...
Listing './lib/python3.5/site-packages/openiot-0.3.1.4.egg-info'...
Listing './lib/python3.5/site-packages/paho'...
Listing './lib/python3.5/site-packages/paho/mqtt'...
Listing './lib/python3.5/site-packages/paho_mqtt-1.3.1.egg-info'...
Listing './lib/python3.5/site-packages/pip'...
Listing './lib/python3.5/site-packages/pip/_vendor'...
Listing './lib/python3.5/site-packages/pip/commands'...
Listing './lib/python3.5/site-packages/pip/compat'...
Listing './lib/python3.5/site-packages/pip/models'...
Listing './lib/python3.5/site-packages/pip/operations'...
Listing './lib/python3.5/site-packages/pip/req'...
Listing './lib/python3.5/site-packages/pip/utils'...
Listing './lib/python3.5/site-packages/pip/vcs'...
Listing './lib/python3.5/site-packages/pip-9.0.1.dist-info'...
Listing './lib/python3.5/site-packages/pkg_resources'...
Listing './lib/python3.5/site-packages/pkg_resources/_vendor'...
Listing './lib/python3.5/site-packages/pkg_resources/_vendor/packaging'...
Listing './lib/python3.5/site-packages/pkg_resources/extern'...
Listing './lib/python3.5/site-packages/pkg_resources-0.0.0.dist-info'...
Listing './lib/python3.5/site-packages/pyserial-3.4.dist-info'...
Listing './lib/python3.5/site-packages/serial'...
Listing './lib/python3.5/site-packages/serial/threaded'...
Listing './lib/python3.5/site-packages/serial/tools'...
Listing './lib/python3.5/site-packages/serial/urlhandler'...
Listing './lib/python3.5/site-packages/setuptools'...
Listing './lib/python3.5/site-packages/setuptools/command'...
Listing './lib/python3.5/site-packages/setuptools/extern'...
Listing './lib/python3.5/site-packages/setuptools-32.3.1.dist-info'...
Listing './share'...
Listing './share/python-wheels'...
