Listing '.'...
Listing './bin'...
Compiling './bin/padre_buddy.py'...
***   File "./bin/padre_buddy.py", line 23
    print '\n'.join(subjects)
             ^
SyntaxError: invalid syntax

Compiling './bin/padre_demon.py'...
Compiling './bin/padre_web.py'...
Listing './include'...
Listing './lib'...
Listing './lib/python3.5'...
Listing './lib/python3.5/site-packages'...
Listing './lib/python3.5/site-packages/Levenshtein'...
Listing './lib/python3.5/site-packages/chardet'...
Listing './lib/python3.5/site-packages/chardet/cli'...
Listing './lib/python3.5/site-packages/chardet-3.0.4.dist-info'...
Listing './lib/python3.5/site-packages/dicom'...
Listing './lib/python3.5/site-packages/dicom/contrib'...
Listing './lib/python3.5/site-packages/dicom/doc'...
Listing './lib/python3.5/site-packages/dicom/examples'...
Listing './lib/python3.5/site-packages/dicom/test'...
Listing './lib/python3.5/site-packages/dicom/test/performance'...
Listing './lib/python3.5/site-packages/dicom/testcharsetfiles'...
Listing './lib/python3.5/site-packages/dicom/testfiles'...
Listing './lib/python3.5/site-packages/dicom/util'...
Listing './lib/python3.5/site-packages/et_xmlfile'...
Listing './lib/python3.5/site-packages/et_xmlfile/tests'...
Listing './lib/python3.5/site-packages/et_xmlfile-1.0.1.egg-info'...
Listing './lib/python3.5/site-packages/fuzzywuzzy'...
Listing './lib/python3.5/site-packages/fuzzywuzzy-0.16.0.dist-info'...
Listing './lib/python3.5/site-packages/gini'...
Compiling './lib/python3.5/site-packages/gini/personality.py'...
***   File "./lib/python3.5/site-packages/gini/personality.py", line 18
    print ''
           ^
SyntaxError: Missing parentheses in call to 'print'

Listing './lib/python3.5/site-packages/gini-0.7.egg-info'...
Listing './lib/python3.5/site-packages/jdcal-1.3.egg-info'...
Listing './lib/python3.5/site-packages/neural'...
Compiling './lib/python3.5/site-packages/neural/dicom.py'...
***   File "./lib/python3.5/site-packages/neural/dicom.py", line 263
    except subprocess.CalledProcessError, e:
                                        ^
SyntaxError: invalid syntax

Compiling './lib/python3.5/site-packages/neural/personality.py'...
***   File "./lib/python3.5/site-packages/neural/personality.py", line 16
    print msg
            ^
SyntaxError: Missing parentheses in call to 'print'

Compiling './lib/python3.5/site-packages/neural/scheduler.py'...
***   File "./lib/python3.5/site-packages/neural/scheduler.py", line 50
    print 'Being asked to run command: ' + str(obj['command'])
                                       ^
SyntaxError: invalid syntax

Compiling './lib/python3.5/site-packages/neural/utils.py'...
***   File "./lib/python3.5/site-packages/neural/utils.py", line 145
    except subprocess.CalledProcessError, e:
                                        ^
SyntaxError: invalid syntax

Listing './lib/python3.5/site-packages/neural/wrappers'...
Listing './lib/python3.5/site-packages/neural_fmri-1.2.5.egg-info'...
Listing './lib/python3.5/site-packages/nibabel'...
Listing './lib/python3.5/site-packages/nibabel/benchmarks'...
Listing './lib/python3.5/site-packages/nibabel/cifti2'...
Listing './lib/python3.5/site-packages/nibabel/cifti2/tests'...
Listing './lib/python3.5/site-packages/nibabel/externals'...
Listing './lib/python3.5/site-packages/nibabel/externals/tests'...
Listing './lib/python3.5/site-packages/nibabel/externals/tests/data'...
Listing './lib/python3.5/site-packages/nibabel/freesurfer'...
Listing './lib/python3.5/site-packages/nibabel/freesurfer/tests'...
Listing './lib/python3.5/site-packages/nibabel/gifti'...
Listing './lib/python3.5/site-packages/nibabel/gifti/tests'...
Listing './lib/python3.5/site-packages/nibabel/gifti/tests/data'...
Listing './lib/python3.5/site-packages/nibabel/nicom'...
Listing './lib/python3.5/site-packages/nibabel/nicom/tests'...
Listing './lib/python3.5/site-packages/nibabel/nicom/tests/data'...
Listing './lib/python3.5/site-packages/nibabel/streamlines'...
Listing './lib/python3.5/site-packages/nibabel/streamlines/tests'...
Listing './lib/python3.5/site-packages/nibabel/testing'...
Listing './lib/python3.5/site-packages/nibabel/tests'...
Listing './lib/python3.5/site-packages/nibabel/tests/data'...
Listing './lib/python3.5/site-packages/nibabel-2.2.1.egg-info'...
Listing './lib/python3.5/site-packages/nisext'...
Listing './lib/python3.5/site-packages/nisext/tests'...
Listing './lib/python3.5/site-packages/numpy'...
Listing './lib/python3.5/site-packages/numpy/.libs'...
Listing './lib/python3.5/site-packages/numpy/compat'...
Listing './lib/python3.5/site-packages/numpy/core'...
Listing './lib/python3.5/site-packages/numpy/core/include'...
Listing './lib/python3.5/site-packages/numpy/core/include/numpy'...
Listing './lib/python3.5/site-packages/numpy/core/lib'...
Listing './lib/python3.5/site-packages/numpy/core/lib/npy-pkg-config'...
Listing './lib/python3.5/site-packages/numpy/core/tests'...
Listing './lib/python3.5/site-packages/numpy/core/tests/data'...
Listing './lib/python3.5/site-packages/numpy/distutils'...
Listing './lib/python3.5/site-packages/numpy/distutils/command'...
Listing './lib/python3.5/site-packages/numpy/distutils/fcompiler'...
Listing './lib/python3.5/site-packages/numpy/distutils/mingw'...
Listing './lib/python3.5/site-packages/numpy/distutils/tests'...
Listing './lib/python3.5/site-packages/numpy/doc'...
Listing './lib/python3.5/site-packages/numpy/f2py'...
Listing './lib/python3.5/site-packages/numpy/f2py/src'...
Listing './lib/python3.5/site-packages/numpy/f2py/tests'...
Listing './lib/python3.5/site-packages/numpy/f2py/tests/src'...
Listing './lib/python3.5/site-packages/numpy/f2py/tests/src/array_from_pyobj'...
Listing './lib/python3.5/site-packages/numpy/f2py/tests/src/assumed_shape'...
Listing './lib/python3.5/site-packages/numpy/f2py/tests/src/common'...
Listing './lib/python3.5/site-packages/numpy/f2py/tests/src/kind'...
Listing './lib/python3.5/site-packages/numpy/f2py/tests/src/mixed'...
Listing './lib/python3.5/site-packages/numpy/f2py/tests/src/parameter'...
Listing './lib/python3.5/site-packages/numpy/f2py/tests/src/regression'...
Listing './lib/python3.5/site-packages/numpy/f2py/tests/src/size'...
Listing './lib/python3.5/site-packages/numpy/f2py/tests/src/string'...
Listing './lib/python3.5/site-packages/numpy/fft'...
Listing './lib/python3.5/site-packages/numpy/fft/tests'...
Listing './lib/python3.5/site-packages/numpy/lib'...
Listing './lib/python3.5/site-packages/numpy/lib/tests'...
Listing './lib/python3.5/site-packages/numpy/lib/tests/data'...
Listing './lib/python3.5/site-packages/numpy/linalg'...
Listing './lib/python3.5/site-packages/numpy/linalg/tests'...
Listing './lib/python3.5/site-packages/numpy/ma'...
Listing './lib/python3.5/site-packages/numpy/ma/tests'...
Listing './lib/python3.5/site-packages/numpy/matrixlib'...
Listing './lib/python3.5/site-packages/numpy/matrixlib/tests'...
Listing './lib/python3.5/site-packages/numpy/polynomial'...
Listing './lib/python3.5/site-packages/numpy/polynomial/tests'...
Listing './lib/python3.5/site-packages/numpy/random'...
Listing './lib/python3.5/site-packages/numpy/random/tests'...
Listing './lib/python3.5/site-packages/numpy/testing'...
Listing './lib/python3.5/site-packages/numpy/testing/nose_tools'...
Listing './lib/python3.5/site-packages/numpy/testing/tests'...
Listing './lib/python3.5/site-packages/numpy/tests'...
Listing './lib/python3.5/site-packages/numpy-1.14.0.dist-info'...
Listing './lib/python3.5/site-packages/openpyxl'...
Listing './lib/python3.5/site-packages/openpyxl/cell'...
Listing './lib/python3.5/site-packages/openpyxl/chart'...
Listing './lib/python3.5/site-packages/openpyxl/chartsheet'...
Listing './lib/python3.5/site-packages/openpyxl/comments'...
Listing './lib/python3.5/site-packages/openpyxl/compat'...
Listing './lib/python3.5/site-packages/openpyxl/descriptors'...
Listing './lib/python3.5/site-packages/openpyxl/drawing'...
Listing './lib/python3.5/site-packages/openpyxl/formatting'...
Listing './lib/python3.5/site-packages/openpyxl/formula'...
Listing './lib/python3.5/site-packages/openpyxl/packaging'...
Listing './lib/python3.5/site-packages/openpyxl/reader'...
Listing './lib/python3.5/site-packages/openpyxl/styles'...
Listing './lib/python3.5/site-packages/openpyxl/utils'...
Listing './lib/python3.5/site-packages/openpyxl/workbook'...
Listing './lib/python3.5/site-packages/openpyxl/workbook/external_link'...
Listing './lib/python3.5/site-packages/openpyxl/worksheet'...
Listing './lib/python3.5/site-packages/openpyxl/writer'...
Listing './lib/python3.5/site-packages/openpyxl/xml'...
Listing './lib/python3.5/site-packages/openpyxl-2.4.9.egg-info'...
Listing './lib/python3.5/site-packages/padre'...
Compiling './lib/python3.5/site-packages/padre/config.py'...
***   File "./lib/python3.5/site-packages/padre/config.py", line 26
    print error_msg
                  ^
SyntaxError: Missing parentheses in call to 'print'

Compiling './lib/python3.5/site-packages/padre/maint.py'...
***   File "./lib/python3.5/site-packages/padre/maint.py", line 72
    except OSError,IOError:
                  ^
SyntaxError: invalid syntax

Compiling './lib/python3.5/site-packages/padre/organize_data.py'...
***   File "./lib/python3.5/site-packages/padre/organize_data.py", line 131
    print '%s: %s is duplicated within %s' % (subj,sess,matches.keys()[0])
                                         ^
SyntaxError: invalid syntax

Listing './lib/python3.5/site-packages/padre-2.5.5.egg-info'...
Listing './lib/python3.5/site-packages/pip'...
Listing './lib/python3.5/site-packages/pip/_vendor'...
Listing './lib/python3.5/site-packages/pip/commands'...
Listing './lib/python3.5/site-packages/pip/compat'...
Listing './lib/python3.5/site-packages/pip/models'...
Listing './lib/python3.5/site-packages/pip/operations'...
Listing './lib/python3.5/site-packages/pip/req'...
Listing './lib/python3.5/site-packages/pip/utils'...
Listing './lib/python3.5/site-packages/pip/vcs'...
Listing './lib/python3.5/site-packages/pip-9.0.1.dist-info'...
Listing './lib/python3.5/site-packages/pkg_resources'...
Listing './lib/python3.5/site-packages/pkg_resources/_vendor'...
Listing './lib/python3.5/site-packages/pkg_resources/_vendor/packaging'...
Listing './lib/python3.5/site-packages/pkg_resources/extern'...
Listing './lib/python3.5/site-packages/pkg_resources-0.0.0.dist-info'...
Listing './lib/python3.5/site-packages/pydicom-0.9.9.egg-info'...
Listing './lib/python3.5/site-packages/python_Levenshtein-0.12.0.egg-info'...
Listing './lib/python3.5/site-packages/setuptools'...
Listing './lib/python3.5/site-packages/setuptools/command'...
Listing './lib/python3.5/site-packages/setuptools/extern'...
Listing './lib/python3.5/site-packages/setuptools-32.3.1.dist-info'...
Listing './lib/python3.5/site-packages/six-1.11.0.dist-info'...
Listing './padre_web'...
Listing './padre_web/views'...
Listing './padre_web/views/style'...
Listing './share'...
Listing './share/python-wheels'...
