Listing '.'...
Listing './bin'...
Listing './include'...
Listing './lib'...
Listing './lib/python3.5'...
Listing './lib/python3.5/site-packages'...
Listing './lib/python3.5/site-packages/_pytest'...
Listing './lib/python3.5/site-packages/_pytest/_code'...
Listing './lib/python3.5/site-packages/_pytest/assertion'...
Listing './lib/python3.5/site-packages/argh'...
Listing './lib/python3.5/site-packages/argh-0.26.2.dist-info'...
Listing './lib/python3.5/site-packages/attr'...
Listing './lib/python3.5/site-packages/attrs-17.4.0.dist-info'...
Listing './lib/python3.5/site-packages/certifi'...
Listing './lib/python3.5/site-packages/certifi-2017.11.5.dist-info'...
Listing './lib/python3.5/site-packages/chardet'...
Listing './lib/python3.5/site-packages/chardet/cli'...
Listing './lib/python3.5/site-packages/chardet-3.0.4.dist-info'...
Listing './lib/python3.5/site-packages/decorator-4.1.2.dist-info'...
Listing './lib/python3.5/site-packages/idna'...
Listing './lib/python3.5/site-packages/idna-2.6.dist-info'...
Listing './lib/python3.5/site-packages/pip'...
Listing './lib/python3.5/site-packages/pip/_vendor'...
Listing './lib/python3.5/site-packages/pip/commands'...
Listing './lib/python3.5/site-packages/pip/compat'...
Listing './lib/python3.5/site-packages/pip/models'...
Listing './lib/python3.5/site-packages/pip/operations'...
Listing './lib/python3.5/site-packages/pip/req'...
Listing './lib/python3.5/site-packages/pip/utils'...
Listing './lib/python3.5/site-packages/pip/vcs'...
Listing './lib/python3.5/site-packages/pip-9.0.1.dist-info'...
Listing './lib/python3.5/site-packages/pkg_resources'...
Listing './lib/python3.5/site-packages/pkg_resources/_vendor'...
Listing './lib/python3.5/site-packages/pkg_resources/_vendor/packaging'...
Listing './lib/python3.5/site-packages/pkg_resources/extern'...
Listing './lib/python3.5/site-packages/pkg_resources-0.0.0.dist-info'...
Listing './lib/python3.5/site-packages/pluggy'...
Listing './lib/python3.5/site-packages/pluggy-0.6.0.egg-info'...
Listing './lib/python3.5/site-packages/pnc_cli'...
Compiling './lib/python3.5/site-packages/pnc_cli/makemead.py'...
***   File "./lib/python3.5/site-packages/pnc_cli/makemead.py", line 48
    print '-c false'
                   ^
SyntaxError: Missing parentheses in call to 'print'

Listing './lib/python3.5/site-packages/pnc_cli/swagger_client'...
Listing './lib/python3.5/site-packages/pnc_cli/swagger_client/apis'...
Listing './lib/python3.5/site-packages/pnc_cli/swagger_client/models'...
Compiling './lib/python3.5/site-packages/pnc_cli/swagger_client/models/artifact.py'...
*** Sorry: TabError: inconsistent use of tabs and spaces in indentation (artifact.py, line 549)
Compiling './lib/python3.5/site-packages/pnc_cli/swagger_client/models/artifact_page.py'...
*** Sorry: TabError: inconsistent use of tabs and spaces in indentation (artifact_page.py, line 162)
Compiling './lib/python3.5/site-packages/pnc_cli/swagger_client/models/artifact_rest.py'...
*** Sorry: TabError: inconsistent use of tabs and spaces in indentation (artifact_rest.py, line 474)
Compiling './lib/python3.5/site-packages/pnc_cli/swagger_client/models/attribute_singleton.py'...
*** Sorry: TabError: inconsistent use of tabs and spaces in indentation (attribute_singleton.py, line 87)
Compiling './lib/python3.5/site-packages/pnc_cli/swagger_client/models/bpm_notification_rest.py'...
*** Sorry: TabError: inconsistent use of tabs and spaces in indentation (bpm_notification_rest.py, line 87)
Compiling './lib/python3.5/site-packages/pnc_cli/swagger_client/models/bpm_task_rest.py'...
*** Sorry: TabError: inconsistent use of tabs and spaces in indentation (bpm_task_rest.py, line 162)
Compiling './lib/python3.5/site-packages/pnc_cli/swagger_client/models/bpm_task_rest_page.py'...
*** Sorry: TabError: inconsistent use of tabs and spaces in indentation (bpm_task_rest_page.py, line 162)
Compiling './lib/python3.5/site-packages/pnc_cli/swagger_client/models/bpm_task_rest_singleton.py'...
*** Sorry: TabError: inconsistent use of tabs and spaces in indentation (bpm_task_rest_singleton.py, line 87)
Compiling './lib/python3.5/site-packages/pnc_cli/swagger_client/models/build_config_set_record.py'...
*** Sorry: TabError: inconsistent use of tabs and spaces in indentation (build_config_set_record.py, line 293)
Compiling './lib/python3.5/site-packages/pnc_cli/swagger_client/models/build_config_set_record_rest.py'...
*** Sorry: TabError: inconsistent use of tabs and spaces in indentation (build_config_set_record_rest.py, line 318)
Compiling './lib/python3.5/site-packages/pnc_cli/swagger_client/models/build_config_set_record_singleton.py'...
*** Sorry: TabError: inconsistent use of tabs and spaces in indentation (build_config_set_record_singleton.py, line 87)
Compiling './lib/python3.5/site-packages/pnc_cli/swagger_client/models/build_configuration.py'...
*** Sorry: TabError: inconsistent use of tabs and spaces in indentation (build_configuration.py, line 562)
Compiling './lib/python3.5/site-packages/pnc_cli/swagger_client/models/build_configuration_audited.py'...
*** Sorry: TabError: inconsistent use of tabs and spaces in indentation (build_configuration_audited.py, line 412)
Compiling './lib/python3.5/site-packages/pnc_cli/swagger_client/models/build_configuration_audited_page.py'...
*** Sorry: TabError: inconsistent use of tabs and spaces in indentation (build_configuration_audited_page.py, line 162)
Compiling './lib/python3.5/site-packages/pnc_cli/swagger_client/models/build_configuration_audited_rest.py'...
*** Sorry: TabError: inconsistent use of tabs and spaces in indentation (build_configuration_audited_rest.py, line 437)
Compiling './lib/python3.5/site-packages/pnc_cli/swagger_client/models/build_configuration_audited_singleton.py'...
*** Sorry: TabError: inconsistent use of tabs and spaces in indentation (build_configuration_audited_singleton.py, line 87)
Compiling './lib/python3.5/site-packages/pnc_cli/swagger_client/models/build_configuration_page.py'...
*** Sorry: TabError: inconsistent use of tabs and spaces in indentation (build_configuration_page.py, line 162)
Compiling './lib/python3.5/site-packages/pnc_cli/swagger_client/models/build_configuration_rest.py'...
*** Sorry: TabError: inconsistent use of tabs and spaces in indentation (build_configuration_rest.py, line 437)
Compiling './lib/python3.5/site-packages/pnc_cli/swagger_client/models/build_configuration_set.py'...
*** Sorry: TabError: inconsistent use of tabs and spaces in indentation (build_configuration_set.py, line 237)
Compiling './lib/python3.5/site-packages/pnc_cli/swagger_client/models/build_configuration_set_page.py'...
*** Sorry: TabError: inconsistent use of tabs and spaces in indentation (build_configuration_set_page.py, line 162)
Compiling './lib/python3.5/site-packages/pnc_cli/swagger_client/models/build_configuration_set_record_page.py'...
*** Sorry: TabError: inconsistent use of tabs and spaces in indentation (build_configuration_set_record_page.py, line 162)
Compiling './lib/python3.5/site-packages/pnc_cli/swagger_client/models/build_configuration_set_rest.py'...
*** Sorry: TabError: inconsistent use of tabs and spaces in indentation (build_configuration_set_rest.py, line 162)
Compiling './lib/python3.5/site-packages/pnc_cli/swagger_client/models/build_configuration_set_singleton.py'...
*** Sorry: TabError: inconsistent use of tabs and spaces in indentation (build_configuration_set_singleton.py, line 87)
Compiling './lib/python3.5/site-packages/pnc_cli/swagger_client/models/build_configuration_singleton.py'...
*** Sorry: TabError: inconsistent use of tabs and spaces in indentation (build_configuration_singleton.py, line 87)
Compiling './lib/python3.5/site-packages/pnc_cli/swagger_client/models/build_environment.py'...
*** Sorry: TabError: inconsistent use of tabs and spaces in indentation (build_environment.py, line 268)
Compiling './lib/python3.5/site-packages/pnc_cli/swagger_client/models/build_environment_page.py'...
*** Sorry: TabError: inconsistent use of tabs and spaces in indentation (build_environment_page.py, line 162)
Compiling './lib/python3.5/site-packages/pnc_cli/swagger_client/models/build_environment_rest.py'...
*** Sorry: TabError: inconsistent use of tabs and spaces in indentation (build_environment_rest.py, line 268)
Compiling './lib/python3.5/site-packages/pnc_cli/swagger_client/models/build_environment_singleton.py'...
*** Sorry: TabError: inconsistent use of tabs and spaces in indentation (build_environment_singleton.py, line 87)
Compiling './lib/python3.5/site-packages/pnc_cli/swagger_client/models/build_record.py'...
*** Sorry: TabError: inconsistent use of tabs and spaces in indentation (build_record.py, line 718)
Compiling './lib/python3.5/site-packages/pnc_cli/swagger_client/models/build_record_ids.py'...
*** Sorry: TabError: inconsistent use of tabs and spaces in indentation (build_record_ids.py, line 87)
Compiling './lib/python3.5/site-packages/pnc_cli/swagger_client/models/build_record_page.py'...
*** Sorry: TabError: inconsistent use of tabs and spaces in indentation (build_record_page.py, line 162)
Compiling './lib/python3.5/site-packages/pnc_cli/swagger_client/models/build_record_rest.py'...
*** Sorry: TabError: inconsistent use of tabs and spaces in indentation (build_record_rest.py, line 668)
Compiling './lib/python3.5/site-packages/pnc_cli/swagger_client/models/build_record_singleton.py'...
*** Sorry: TabError: inconsistent use of tabs and spaces in indentation (build_record_singleton.py, line 87)
Compiling './lib/python3.5/site-packages/pnc_cli/swagger_client/models/build_set_status_changed_event.py'...
*** Sorry: TabError: inconsistent use of tabs and spaces in indentation (build_set_status_changed_event.py, line 274)
Compiling './lib/python3.5/site-packages/pnc_cli/swagger_client/models/build_status_changed_event_rest.py'...
*** Sorry: TabError: inconsistent use of tabs and spaces in indentation (build_status_changed_event_rest.py, line 274)
Compiling './lib/python3.5/site-packages/pnc_cli/swagger_client/models/error_response_rest.py'...
*** Sorry: TabError: inconsistent use of tabs and spaces in indentation (error_response_rest.py, line 137)
Compiling './lib/python3.5/site-packages/pnc_cli/swagger_client/models/field_handler.py'...
*** Sorry: TabError: inconsistent use of tabs and spaces in indentation (field_handler.py, line 64)
Compiling './lib/python3.5/site-packages/pnc_cli/swagger_client/models/id_rev.py'...
*** Sorry: TabError: inconsistent use of tabs and spaces in indentation (id_rev.py, line 137)
Compiling './lib/python3.5/site-packages/pnc_cli/swagger_client/models/license.py'...
*** Sorry: TabError: inconsistent use of tabs and spaces in indentation (license.py, line 212)
Compiling './lib/python3.5/site-packages/pnc_cli/swagger_client/models/license_page.py'...
*** Sorry: TabError: inconsistent use of tabs and spaces in indentation (license_page.py, line 162)
Compiling './lib/python3.5/site-packages/pnc_cli/swagger_client/models/license_rest.py'...
*** Sorry: TabError: inconsistent use of tabs and spaces in indentation (license_rest.py, line 187)
Compiling './lib/python3.5/site-packages/pnc_cli/swagger_client/models/license_singleton.py'...
*** Sorry: TabError: inconsistent use of tabs and spaces in indentation (license_singleton.py, line 87)
Compiling './lib/python3.5/site-packages/pnc_cli/swagger_client/models/product.py'...
*** Sorry: TabError: inconsistent use of tabs and spaces in indentation (product.py, line 262)
Compiling './lib/python3.5/site-packages/pnc_cli/swagger_client/models/product_milestone.py'...
*** Sorry: TabError: inconsistent use of tabs and spaces in indentation (product_milestone.py, line 362)
Compiling './lib/python3.5/site-packages/pnc_cli/swagger_client/models/product_milestone_page.py'...
*** Sorry: TabError: inconsistent use of tabs and spaces in indentation (product_milestone_page.py, line 162)
Compiling './lib/python3.5/site-packages/pnc_cli/swagger_client/models/product_milestone_release_rest.py'...
*** Sorry: TabError: inconsistent use of tabs and spaces in indentation (product_milestone_release_rest.py, line 193)
Compiling './lib/python3.5/site-packages/pnc_cli/swagger_client/models/product_milestone_release_singleton.py'...
*** Sorry: TabError: inconsistent use of tabs and spaces in indentation (product_milestone_release_singleton.py, line 87)
Compiling './lib/python3.5/site-packages/pnc_cli/swagger_client/models/product_milestone_rest.py'...
*** Sorry: TabError: inconsistent use of tabs and spaces in indentation (product_milestone_rest.py, line 337)
Compiling './lib/python3.5/site-packages/pnc_cli/swagger_client/models/product_milestone_singleton.py'...
*** Sorry: TabError: inconsistent use of tabs and spaces in indentation (product_milestone_singleton.py, line 87)
Compiling './lib/python3.5/site-packages/pnc_cli/swagger_client/models/product_page.py'...
*** Sorry: TabError: inconsistent use of tabs and spaces in indentation (product_page.py, line 162)
Compiling './lib/python3.5/site-packages/pnc_cli/swagger_client/models/product_release.py'...
*** Sorry: TabError: inconsistent use of tabs and spaces in indentation (product_release.py, line 293)
Compiling './lib/python3.5/site-packages/pnc_cli/swagger_client/models/product_release_page.py'...
*** Sorry: TabError: inconsistent use of tabs and spaces in indentation (product_release_page.py, line 162)
Compiling './lib/python3.5/site-packages/pnc_cli/swagger_client/models/product_release_rest.py'...
*** Sorry: TabError: inconsistent use of tabs and spaces in indentation (product_release_rest.py, line 268)
Compiling './lib/python3.5/site-packages/pnc_cli/swagger_client/models/product_release_singleton.py'...
*** Sorry: TabError: inconsistent use of tabs and spaces in indentation (product_release_singleton.py, line 87)
Compiling './lib/python3.5/site-packages/pnc_cli/swagger_client/models/product_rest.py'...
*** Sorry: TabError: inconsistent use of tabs and spaces in indentation (product_rest.py, line 262)
Compiling './lib/python3.5/site-packages/pnc_cli/swagger_client/models/product_singleton.py'...
*** Sorry: TabError: inconsistent use of tabs and spaces in indentation (product_singleton.py, line 87)
Compiling './lib/python3.5/site-packages/pnc_cli/swagger_client/models/product_version.py'...
*** Sorry: TabError: inconsistent use of tabs and spaces in indentation (product_version.py, line 312)
Compiling './lib/python3.5/site-packages/pnc_cli/swagger_client/models/product_version_page.py'...
*** Sorry: TabError: inconsistent use of tabs and spaces in indentation (product_version_page.py, line 162)
Compiling './lib/python3.5/site-packages/pnc_cli/swagger_client/models/product_version_rest.py'...
*** Sorry: TabError: inconsistent use of tabs and spaces in indentation (product_version_rest.py, line 312)
Compiling './lib/python3.5/site-packages/pnc_cli/swagger_client/models/product_version_singleton.py'...
*** Sorry: TabError: inconsistent use of tabs and spaces in indentation (product_version_singleton.py, line 87)
Compiling './lib/python3.5/site-packages/pnc_cli/swagger_client/models/project.py'...
*** Sorry: TabError: inconsistent use of tabs and spaces in indentation (project.py, line 262)
Compiling './lib/python3.5/site-packages/pnc_cli/swagger_client/models/project_page.py'...
*** Sorry: TabError: inconsistent use of tabs and spaces in indentation (project_page.py, line 162)
Compiling './lib/python3.5/site-packages/pnc_cli/swagger_client/models/project_rest.py'...
*** Sorry: TabError: inconsistent use of tabs and spaces in indentation (project_rest.py, line 237)
Compiling './lib/python3.5/site-packages/pnc_cli/swagger_client/models/project_singleton.py'...
*** Sorry: TabError: inconsistent use of tabs and spaces in indentation (project_singleton.py, line 87)
Compiling './lib/python3.5/site-packages/pnc_cli/swagger_client/models/repository_configuration.py'...
*** Sorry: TabError: inconsistent use of tabs and spaces in indentation (repository_configuration.py, line 262)
Compiling './lib/python3.5/site-packages/pnc_cli/swagger_client/models/repository_configuration_page.py'...
*** Sorry: TabError: inconsistent use of tabs and spaces in indentation (repository_configuration_page.py, line 162)
Compiling './lib/python3.5/site-packages/pnc_cli/swagger_client/models/repository_configuration_rest.py'...
*** Sorry: TabError: inconsistent use of tabs and spaces in indentation (repository_configuration_rest.py, line 162)
Compiling './lib/python3.5/site-packages/pnc_cli/swagger_client/models/repository_configuration_singleton.py'...
*** Sorry: TabError: inconsistent use of tabs and spaces in indentation (repository_configuration_singleton.py, line 87)
Compiling './lib/python3.5/site-packages/pnc_cli/swagger_client/models/repository_creation_rest.py'...
*** Sorry: TabError: inconsistent use of tabs and spaces in indentation (repository_creation_rest.py, line 112)
Compiling './lib/python3.5/site-packages/pnc_cli/swagger_client/models/repository_creation_result_rest.py'...
*** Sorry: TabError: inconsistent use of tabs and spaces in indentation (repository_creation_result_rest.py, line 112)
Compiling './lib/python3.5/site-packages/pnc_cli/swagger_client/models/repository_creation_url_auto_rest.py'...
*** Sorry: TabError: inconsistent use of tabs and spaces in indentation (repository_creation_url_auto_rest.py, line 137)
Compiling './lib/python3.5/site-packages/pnc_cli/swagger_client/models/singleton.py'...
*** Sorry: TabError: inconsistent use of tabs and spaces in indentation (singleton.py, line 87)
Compiling './lib/python3.5/site-packages/pnc_cli/swagger_client/models/ssh_credentials.py'...
*** Sorry: TabError: inconsistent use of tabs and spaces in indentation (ssh_credentials.py, line 112)
Compiling './lib/python3.5/site-packages/pnc_cli/swagger_client/models/ssh_credentials_singleton.py'...
*** Sorry: TabError: inconsistent use of tabs and spaces in indentation (ssh_credentials_singleton.py, line 87)
Compiling './lib/python3.5/site-packages/pnc_cli/swagger_client/models/support_level_page.py'...
*** Sorry: TabError: inconsistent use of tabs and spaces in indentation (support_level_page.py, line 168)
Compiling './lib/python3.5/site-packages/pnc_cli/swagger_client/models/user.py'...
*** Sorry: TabError: inconsistent use of tabs and spaces in indentation (user.py, line 262)
Compiling './lib/python3.5/site-packages/pnc_cli/swagger_client/models/user_page.py'...
*** Sorry: TabError: inconsistent use of tabs and spaces in indentation (user_page.py, line 162)
Compiling './lib/python3.5/site-packages/pnc_cli/swagger_client/models/user_rest.py'...
*** Sorry: TabError: inconsistent use of tabs and spaces in indentation (user_rest.py, line 187)
Compiling './lib/python3.5/site-packages/pnc_cli/swagger_client/models/user_singleton.py'...
*** Sorry: TabError: inconsistent use of tabs and spaces in indentation (user_singleton.py, line 87)
Listing './lib/python3.5/site-packages/pnc_cli/tools'...
Compiling './lib/python3.5/site-packages/pnc_cli/tools/config_utils.py'...
***   File "./lib/python3.5/site-packages/pnc_cli/tools/config_utils.py", line 384
    raise NoSectionError, 'Mandatory common section missing from configuration file.'
                        ^
SyntaxError: invalid syntax

Compiling './lib/python3.5/site-packages/pnc_cli/tools/maven_utils.py'...
***   File "./lib/python3.5/site-packages/pnc_cli/tools/maven_utils.py", line 244
    except urllib2.HTTPError, err:
                            ^
SyntaxError: invalid syntax

Compiling './lib/python3.5/site-packages/pnc_cli/tools/tasks.py'...
***   File "./lib/python3.5/site-packages/pnc_cli/tools/tasks.py", line 222
    raise ValueError, 'total ordering not possible (check for circular or missing dependencies)'
                    ^
SyntaxError: invalid syntax

Compiling './lib/python3.5/site-packages/pnc_cli/tools/utils.py'...
***   File "./lib/python3.5/site-packages/pnc_cli/tools/utils.py", line 14
    print "Executing: " + cmd
                      ^
SyntaxError: Missing parentheses in call to 'print'

Compiling './lib/python3.5/site-packages/pnc_cli/tools/web_utils.py'...
***   File "./lib/python3.5/site-packages/pnc_cli/tools/web_utils.py", line 12
    except urllib2.HTTPError, err:
                            ^
SyntaxError: invalid syntax

Listing './lib/python3.5/site-packages/pnc_cli-1.2.1.dist-info'...
Listing './lib/python3.5/site-packages/py'...
Listing './lib/python3.5/site-packages/py/_code'...
Listing './lib/python3.5/site-packages/py/_io'...
Listing './lib/python3.5/site-packages/py/_log'...
Listing './lib/python3.5/site-packages/py/_path'...
Listing './lib/python3.5/site-packages/py/_process'...
Listing './lib/python3.5/site-packages/py/_vendored_packages'...
Listing './lib/python3.5/site-packages/py-1.5.2.dist-info'...
Listing './lib/python3.5/site-packages/pytest-3.3.2.dist-info'...
Listing './lib/python3.5/site-packages/pytz'...
Listing './lib/python3.5/site-packages/pytz/zoneinfo'...
Listing './lib/python3.5/site-packages/pytz/zoneinfo/Africa'...
Listing './lib/python3.5/site-packages/pytz/zoneinfo/America'...
Listing './lib/python3.5/site-packages/pytz/zoneinfo/America/Argentina'...
Listing './lib/python3.5/site-packages/pytz/zoneinfo/America/Indiana'...
Listing './lib/python3.5/site-packages/pytz/zoneinfo/America/Kentucky'...
Listing './lib/python3.5/site-packages/pytz/zoneinfo/America/North_Dakota'...
Listing './lib/python3.5/site-packages/pytz/zoneinfo/Antarctica'...
Listing './lib/python3.5/site-packages/pytz/zoneinfo/Arctic'...
Listing './lib/python3.5/site-packages/pytz/zoneinfo/Asia'...
Listing './lib/python3.5/site-packages/pytz/zoneinfo/Atlantic'...
Listing './lib/python3.5/site-packages/pytz/zoneinfo/Australia'...
Listing './lib/python3.5/site-packages/pytz/zoneinfo/Brazil'...
Listing './lib/python3.5/site-packages/pytz/zoneinfo/Canada'...
Listing './lib/python3.5/site-packages/pytz/zoneinfo/Chile'...
Listing './lib/python3.5/site-packages/pytz/zoneinfo/Etc'...
Listing './lib/python3.5/site-packages/pytz/zoneinfo/Europe'...
Listing './lib/python3.5/site-packages/pytz/zoneinfo/Indian'...
Listing './lib/python3.5/site-packages/pytz/zoneinfo/Mexico'...
Listing './lib/python3.5/site-packages/pytz/zoneinfo/Pacific'...
Listing './lib/python3.5/site-packages/pytz/zoneinfo/US'...
Listing './lib/python3.5/site-packages/pytz-2017.3.dist-info'...
Listing './lib/python3.5/site-packages/requests'...
Listing './lib/python3.5/site-packages/requests-2.18.4.dist-info'...
Listing './lib/python3.5/site-packages/setuptools'...
Listing './lib/python3.5/site-packages/setuptools/command'...
Listing './lib/python3.5/site-packages/setuptools/extern'...
Listing './lib/python3.5/site-packages/setuptools-32.3.1.dist-info'...
Listing './lib/python3.5/site-packages/six-1.11.0.dist-info'...
Listing './lib/python3.5/site-packages/tzlocal'...
Listing './lib/python3.5/site-packages/tzlocal/test_data'...
Listing './lib/python3.5/site-packages/tzlocal/test_data/localtime'...
Listing './lib/python3.5/site-packages/tzlocal/test_data/localtime/etc'...
Listing './lib/python3.5/site-packages/tzlocal/test_data/symlink_localtime'...
Listing './lib/python3.5/site-packages/tzlocal/test_data/symlink_localtime/etc'...
Listing './lib/python3.5/site-packages/tzlocal/test_data/symlink_localtime/usr'...
Listing './lib/python3.5/site-packages/tzlocal/test_data/symlink_localtime/usr/share'...
Listing './lib/python3.5/site-packages/tzlocal/test_data/symlink_localtime/usr/share/zoneinfo'...
Listing './lib/python3.5/site-packages/tzlocal/test_data/symlink_localtime/usr/share/zoneinfo/Africa'...
Listing './lib/python3.5/site-packages/tzlocal/test_data/timezone'...
Listing './lib/python3.5/site-packages/tzlocal/test_data/timezone/etc'...
Listing './lib/python3.5/site-packages/tzlocal/test_data/timezone_setting'...
Listing './lib/python3.5/site-packages/tzlocal/test_data/timezone_setting/etc'...
Listing './lib/python3.5/site-packages/tzlocal/test_data/timezone_setting/etc/conf.d'...
Listing './lib/python3.5/site-packages/tzlocal/test_data/vardbzoneinfo'...
Listing './lib/python3.5/site-packages/tzlocal/test_data/vardbzoneinfo/var'...
Listing './lib/python3.5/site-packages/tzlocal/test_data/vardbzoneinfo/var/db'...
Listing './lib/python3.5/site-packages/tzlocal/test_data/zone_setting'...
Listing './lib/python3.5/site-packages/tzlocal/test_data/zone_setting/etc'...
Listing './lib/python3.5/site-packages/tzlocal/test_data/zone_setting/etc/sysconfig'...
Listing './lib/python3.5/site-packages/tzlocal-1.5.1.egg-info'...
Listing './lib/python3.5/site-packages/urllib3'...
Listing './lib/python3.5/site-packages/urllib3/contrib'...
Listing './lib/python3.5/site-packages/urllib3/contrib/_securetransport'...
Listing './lib/python3.5/site-packages/urllib3/packages'...
Listing './lib/python3.5/site-packages/urllib3/packages/backports'...
Listing './lib/python3.5/site-packages/urllib3/packages/ssl_match_hostname'...
Listing './lib/python3.5/site-packages/urllib3/util'...
Listing './lib/python3.5/site-packages/urllib3-1.22.dist-info'...
Listing './lib/python3.5/site-packages/validators'...
Listing './lib/python3.5/site-packages/validators/i18n'...
Listing './lib/python3.5/site-packages/validators-0.12.0.egg-info'...
Listing './share'...
Listing './share/python-wheels'...
