Listing '.'...
Listing './bin'...
Compiling './bin/wsdump.py'...
Listing './include'...
Listing './lib'...
Listing './lib/python3.5'...
Listing './lib/python3.5/site-packages'...
Listing './lib/python3.5/site-packages/.libs_cffi_backend'...
Listing './lib/python3.5/site-packages/ConfigArgParse-0.12.0.egg-info'...
Listing './lib/python3.5/site-packages/Flask-0.12.2.dist-info'...
Listing './lib/python3.5/site-packages/Jinja2-2.10.dist-info'...
Listing './lib/python3.5/site-packages/MarkupSafe-1.0.egg-info'...
Listing './lib/python3.5/site-packages/PyNaCl-1.2.1.dist-info'...
Listing './lib/python3.5/site-packages/PyYAML-3.12.egg-info'...
Listing './lib/python3.5/site-packages/Werkzeug-0.14.1.dist-info'...
Listing './lib/python3.5/site-packages/appdirs-1.4.3.dist-info'...
Listing './lib/python3.5/site-packages/asn1crypto'...
Listing './lib/python3.5/site-packages/asn1crypto/_perf'...
Listing './lib/python3.5/site-packages/asn1crypto-0.24.0.dist-info'...
Listing './lib/python3.5/site-packages/bcrypt'...
Listing './lib/python3.5/site-packages/bcrypt-3.1.4.dist-info'...
Listing './lib/python3.5/site-packages/certifi'...
Listing './lib/python3.5/site-packages/certifi-2017.11.5.dist-info'...
Listing './lib/python3.5/site-packages/cffi'...
Listing './lib/python3.5/site-packages/cffi-1.11.3.dist-info'...
Listing './lib/python3.5/site-packages/chardet'...
Listing './lib/python3.5/site-packages/chardet/cli'...
Listing './lib/python3.5/site-packages/chardet-3.0.4.dist-info'...
Listing './lib/python3.5/site-packages/click'...
Listing './lib/python3.5/site-packages/click-6.7.dist-info'...
Listing './lib/python3.5/site-packages/cryptography'...
Listing './lib/python3.5/site-packages/cryptography/hazmat'...
Listing './lib/python3.5/site-packages/cryptography/hazmat/backends'...
Listing './lib/python3.5/site-packages/cryptography/hazmat/backends/openssl'...
Listing './lib/python3.5/site-packages/cryptography/hazmat/bindings'...
Listing './lib/python3.5/site-packages/cryptography/hazmat/bindings/openssl'...
Listing './lib/python3.5/site-packages/cryptography/hazmat/primitives'...
Listing './lib/python3.5/site-packages/cryptography/hazmat/primitives/asymmetric'...
Listing './lib/python3.5/site-packages/cryptography/hazmat/primitives/ciphers'...
Listing './lib/python3.5/site-packages/cryptography/hazmat/primitives/kdf'...
Listing './lib/python3.5/site-packages/cryptography/hazmat/primitives/twofactor'...
Listing './lib/python3.5/site-packages/cryptography/x509'...
Listing './lib/python3.5/site-packages/cryptography-2.1.4.dist-info'...
Listing './lib/python3.5/site-packages/dateutil'...
Listing './lib/python3.5/site-packages/dateutil/tz'...
Listing './lib/python3.5/site-packages/dateutil/zoneinfo'...
Listing './lib/python3.5/site-packages/deprecation-1.0.1.dist-info'...
Listing './lib/python3.5/site-packages/flask'...
Listing './lib/python3.5/site-packages/flask/ext'...
Listing './lib/python3.5/site-packages/httplib2'...
Listing './lib/python3.5/site-packages/httplib2-0.10.3.egg-info'...
Listing './lib/python3.5/site-packages/idna'...
Listing './lib/python3.5/site-packages/idna-2.6.dist-info'...
Listing './lib/python3.5/site-packages/ipaddress-1.0.19.egg-info'...
Listing './lib/python3.5/site-packages/iso8601'...
Listing './lib/python3.5/site-packages/iso8601-0.1.12.dist-info'...
Listing './lib/python3.5/site-packages/itsdangerous-0.24.egg-info'...
Listing './lib/python3.5/site-packages/jinja2'...
Compiling './lib/python3.5/site-packages/jinja2/asyncfilters.py'...
***   File "./lib/python3.5/site-packages/jinja2/asyncfilters.py", line 24
    yield item
    ^
SyntaxError: 'yield' inside async function

Compiling './lib/python3.5/site-packages/jinja2/asyncsupport.py'...
***   File "./lib/python3.5/site-packages/jinja2/asyncsupport.py", line 35
    yield event
    ^
SyntaxError: 'yield' inside async function

Listing './lib/python3.5/site-packages/jsonpatch-1.21.dist-info'...
Listing './lib/python3.5/site-packages/jsonpointer-1.14.dist-info'...
Listing './lib/python3.5/site-packages/jsonschema'...
Listing './lib/python3.5/site-packages/jsonschema/schemas'...
Listing './lib/python3.5/site-packages/jsonschema/tests'...
Listing './lib/python3.5/site-packages/jsonschema-2.6.0.dist-info'...
Listing './lib/python3.5/site-packages/keystoneauth1'...
Listing './lib/python3.5/site-packages/keystoneauth1/access'...
Listing './lib/python3.5/site-packages/keystoneauth1/exceptions'...
Listing './lib/python3.5/site-packages/keystoneauth1/extras'...
Listing './lib/python3.5/site-packages/keystoneauth1/extras/_saml2'...
Listing './lib/python3.5/site-packages/keystoneauth1/extras/_saml2/v3'...
Listing './lib/python3.5/site-packages/keystoneauth1/extras/kerberos'...
Listing './lib/python3.5/site-packages/keystoneauth1/extras/oauth1'...
Listing './lib/python3.5/site-packages/keystoneauth1/fixture'...
Listing './lib/python3.5/site-packages/keystoneauth1/hacking'...
Listing './lib/python3.5/site-packages/keystoneauth1/identity'...
Listing './lib/python3.5/site-packages/keystoneauth1/identity/generic'...
Listing './lib/python3.5/site-packages/keystoneauth1/identity/v3'...
Listing './lib/python3.5/site-packages/keystoneauth1/loading'...
Listing './lib/python3.5/site-packages/keystoneauth1/loading/_plugins'...
Listing './lib/python3.5/site-packages/keystoneauth1/loading/_plugins/identity'...
Listing './lib/python3.5/site-packages/keystoneauth1/tests'...
Listing './lib/python3.5/site-packages/keystoneauth1/tests/unit'...
Listing './lib/python3.5/site-packages/keystoneauth1/tests/unit/access'...
Listing './lib/python3.5/site-packages/keystoneauth1/tests/unit/data'...
Listing './lib/python3.5/site-packages/keystoneauth1/tests/unit/exceptions'...
Listing './lib/python3.5/site-packages/keystoneauth1/tests/unit/extras'...
Listing './lib/python3.5/site-packages/keystoneauth1/tests/unit/extras/kerberos'...
Listing './lib/python3.5/site-packages/keystoneauth1/tests/unit/extras/oauth1'...
Listing './lib/python3.5/site-packages/keystoneauth1/tests/unit/extras/saml2'...
Listing './lib/python3.5/site-packages/keystoneauth1/tests/unit/extras/saml2/examples'...
Listing './lib/python3.5/site-packages/keystoneauth1/tests/unit/extras/saml2/examples/xml'...
Listing './lib/python3.5/site-packages/keystoneauth1/tests/unit/extras/saml2/fixtures'...
Listing './lib/python3.5/site-packages/keystoneauth1/tests/unit/extras/saml2/fixtures/templates'...
Listing './lib/python3.5/site-packages/keystoneauth1/tests/unit/identity'...
Listing './lib/python3.5/site-packages/keystoneauth1/tests/unit/loading'...
Listing './lib/python3.5/site-packages/keystoneauth1-3.3.0.dist-info'...
Listing './lib/python3.5/site-packages/kubernetes'...
Listing './lib/python3.5/site-packages/kubernetes/client'...
Listing './lib/python3.5/site-packages/kubernetes/client/apis'...
Listing './lib/python3.5/site-packages/kubernetes/client/models'...
Listing './lib/python3.5/site-packages/kubernetes/config'...
Listing './lib/python3.5/site-packages/kubernetes/watch'...
Listing './lib/python3.5/site-packages/kubernetes-1.0.2.dist-info'...
Listing './lib/python3.5/site-packages/markupsafe'...
Listing './lib/python3.5/site-packages/nacl'...
Listing './lib/python3.5/site-packages/nacl/bindings'...
Listing './lib/python3.5/site-packages/nacl/pwhash'...
Listing './lib/python3.5/site-packages/oauth2client'...
Listing './lib/python3.5/site-packages/oauth2client/contrib'...
Listing './lib/python3.5/site-packages/oauth2client/contrib/django_util'...
Listing './lib/python3.5/site-packages/oauth2client-4.1.2.dist-info'...
Listing './lib/python3.5/site-packages/openstack'...
Listing './lib/python3.5/site-packages/openstack/bare_metal'...
Listing './lib/python3.5/site-packages/openstack/bare_metal/v1'...
Listing './lib/python3.5/site-packages/openstack/block_store'...
Listing './lib/python3.5/site-packages/openstack/block_store/v2'...
Listing './lib/python3.5/site-packages/openstack/cluster'...
Listing './lib/python3.5/site-packages/openstack/cluster/v1'...
Listing './lib/python3.5/site-packages/openstack/compute'...
Listing './lib/python3.5/site-packages/openstack/compute/v2'...
Listing './lib/python3.5/site-packages/openstack/database'...
Listing './lib/python3.5/site-packages/openstack/database/v1'...
Listing './lib/python3.5/site-packages/openstack/identity'...
Listing './lib/python3.5/site-packages/openstack/identity/v2'...
Listing './lib/python3.5/site-packages/openstack/identity/v3'...
Listing './lib/python3.5/site-packages/openstack/image'...
Listing './lib/python3.5/site-packages/openstack/image/v1'...
Listing './lib/python3.5/site-packages/openstack/image/v2'...
Listing './lib/python3.5/site-packages/openstack/key_manager'...
Listing './lib/python3.5/site-packages/openstack/key_manager/v1'...
Listing './lib/python3.5/site-packages/openstack/load_balancer'...
Listing './lib/python3.5/site-packages/openstack/load_balancer/v2'...
Listing './lib/python3.5/site-packages/openstack/message'...
Listing './lib/python3.5/site-packages/openstack/message/v1'...
Listing './lib/python3.5/site-packages/openstack/message/v2'...
Listing './lib/python3.5/site-packages/openstack/metric'...
Listing './lib/python3.5/site-packages/openstack/metric/v1'...
Listing './lib/python3.5/site-packages/openstack/network'...
Listing './lib/python3.5/site-packages/openstack/network/v2'...
Listing './lib/python3.5/site-packages/openstack/object_store'...
Listing './lib/python3.5/site-packages/openstack/object_store/v1'...
Listing './lib/python3.5/site-packages/openstack/orchestration'...
Listing './lib/python3.5/site-packages/openstack/orchestration/v1'...
Listing './lib/python3.5/site-packages/openstack/telemetry'...
Listing './lib/python3.5/site-packages/openstack/telemetry/alarm'...
Listing './lib/python3.5/site-packages/openstack/telemetry/alarm/v2'...
Listing './lib/python3.5/site-packages/openstack/telemetry/v2'...
Listing './lib/python3.5/site-packages/openstack/tests'...
Listing './lib/python3.5/site-packages/openstack/tests/examples'...
Listing './lib/python3.5/site-packages/openstack/tests/functional'...
Listing './lib/python3.5/site-packages/openstack/tests/functional/block_store'...
Listing './lib/python3.5/site-packages/openstack/tests/functional/block_store/v2'...
Listing './lib/python3.5/site-packages/openstack/tests/functional/compute'...
Listing './lib/python3.5/site-packages/openstack/tests/functional/compute/v2'...
Listing './lib/python3.5/site-packages/openstack/tests/functional/image'...
Listing './lib/python3.5/site-packages/openstack/tests/functional/image/v2'...
Listing './lib/python3.5/site-packages/openstack/tests/functional/load_balancer'...
Listing './lib/python3.5/site-packages/openstack/tests/functional/load_balancer/v2'...
Listing './lib/python3.5/site-packages/openstack/tests/functional/network'...
Listing './lib/python3.5/site-packages/openstack/tests/functional/network/v2'...
Listing './lib/python3.5/site-packages/openstack/tests/functional/object_store'...
Listing './lib/python3.5/site-packages/openstack/tests/functional/object_store/v1'...
Listing './lib/python3.5/site-packages/openstack/tests/functional/orchestration'...
Listing './lib/python3.5/site-packages/openstack/tests/functional/orchestration/v1'...
Listing './lib/python3.5/site-packages/openstack/tests/functional/telemetry'...
Listing './lib/python3.5/site-packages/openstack/tests/functional/telemetry/alarm'...
Listing './lib/python3.5/site-packages/openstack/tests/functional/telemetry/alarm/v2'...
Listing './lib/python3.5/site-packages/openstack/tests/functional/telemetry/v2'...
Listing './lib/python3.5/site-packages/openstack/tests/unit'...
Listing './lib/python3.5/site-packages/openstack/tests/unit/bare_metal'...
Listing './lib/python3.5/site-packages/openstack/tests/unit/bare_metal/v1'...
Listing './lib/python3.5/site-packages/openstack/tests/unit/block_store'...
Listing './lib/python3.5/site-packages/openstack/tests/unit/block_store/v2'...
Listing './lib/python3.5/site-packages/openstack/tests/unit/cluster'...
Listing './lib/python3.5/site-packages/openstack/tests/unit/cluster/v1'...
Listing './lib/python3.5/site-packages/openstack/tests/unit/compute'...
Listing './lib/python3.5/site-packages/openstack/tests/unit/compute/v2'...
Listing './lib/python3.5/site-packages/openstack/tests/unit/database'...
Listing './lib/python3.5/site-packages/openstack/tests/unit/database/v1'...
Listing './lib/python3.5/site-packages/openstack/tests/unit/identity'...
Listing './lib/python3.5/site-packages/openstack/tests/unit/identity/v2'...
Listing './lib/python3.5/site-packages/openstack/tests/unit/identity/v3'...
Listing './lib/python3.5/site-packages/openstack/tests/unit/image'...
Listing './lib/python3.5/site-packages/openstack/tests/unit/image/v1'...
Listing './lib/python3.5/site-packages/openstack/tests/unit/image/v2'...
Listing './lib/python3.5/site-packages/openstack/tests/unit/key_manager'...
Listing './lib/python3.5/site-packages/openstack/tests/unit/key_manager/v1'...
Listing './lib/python3.5/site-packages/openstack/tests/unit/load_balancer'...
Listing './lib/python3.5/site-packages/openstack/tests/unit/message'...
Listing './lib/python3.5/site-packages/openstack/tests/unit/message/v1'...
Listing './lib/python3.5/site-packages/openstack/tests/unit/message/v2'...
Listing './lib/python3.5/site-packages/openstack/tests/unit/metric'...
Listing './lib/python3.5/site-packages/openstack/tests/unit/metric/v1'...
Listing './lib/python3.5/site-packages/openstack/tests/unit/network'...
Listing './lib/python3.5/site-packages/openstack/tests/unit/network/v2'...
Listing './lib/python3.5/site-packages/openstack/tests/unit/object_store'...
Listing './lib/python3.5/site-packages/openstack/tests/unit/object_store/v1'...
Listing './lib/python3.5/site-packages/openstack/tests/unit/orchestration'...
Listing './lib/python3.5/site-packages/openstack/tests/unit/orchestration/v1'...
Listing './lib/python3.5/site-packages/openstack/tests/unit/telemetry'...
Listing './lib/python3.5/site-packages/openstack/tests/unit/telemetry/alarm'...
Listing './lib/python3.5/site-packages/openstack/tests/unit/telemetry/alarm/v2'...
Listing './lib/python3.5/site-packages/openstack/tests/unit/telemetry/v2'...
Listing './lib/python3.5/site-packages/openstack/tests/unit/workflow'...
Listing './lib/python3.5/site-packages/openstack/workflow'...
Listing './lib/python3.5/site-packages/openstack/workflow/v2'...
Listing './lib/python3.5/site-packages/openstacksdk-0.9.19.dist-info'...
Listing './lib/python3.5/site-packages/os_client_config'...
Listing './lib/python3.5/site-packages/os_client_config/tests'...
Listing './lib/python3.5/site-packages/os_client_config/vendors'...
Listing './lib/python3.5/site-packages/os_client_config-1.28.0.dist-info'...
Listing './lib/python3.5/site-packages/paramiko'...
Listing './lib/python3.5/site-packages/paramiko-2.4.0.dist-info'...
Listing './lib/python3.5/site-packages/pbr'...
Listing './lib/python3.5/site-packages/pbr/cmd'...
Listing './lib/python3.5/site-packages/pbr/hooks'...
Listing './lib/python3.5/site-packages/pbr/tests'...
Listing './lib/python3.5/site-packages/pbr/tests/testpackage'...
Listing './lib/python3.5/site-packages/pbr/tests/testpackage/data_files'...
Listing './lib/python3.5/site-packages/pbr/tests/testpackage/doc'...
Listing './lib/python3.5/site-packages/pbr/tests/testpackage/doc/source'...
Listing './lib/python3.5/site-packages/pbr/tests/testpackage/pbr_testpackage'...
Listing './lib/python3.5/site-packages/pbr/tests/testpackage/pbr_testpackage/package_data'...
Listing './lib/python3.5/site-packages/pbr/tests/testpackage/src'...
Listing './lib/python3.5/site-packages/pbr-3.1.1.dist-info'...
Listing './lib/python3.5/site-packages/pip'...
Listing './lib/python3.5/site-packages/pip/_vendor'...
Listing './lib/python3.5/site-packages/pip/commands'...
Listing './lib/python3.5/site-packages/pip/compat'...
Listing './lib/python3.5/site-packages/pip/models'...
Listing './lib/python3.5/site-packages/pip/operations'...
Listing './lib/python3.5/site-packages/pip/req'...
Listing './lib/python3.5/site-packages/pip/utils'...
Listing './lib/python3.5/site-packages/pip/vcs'...
Listing './lib/python3.5/site-packages/pip-9.0.1.dist-info'...
Listing './lib/python3.5/site-packages/pkg_resources'...
Listing './lib/python3.5/site-packages/pkg_resources/_vendor'...
Listing './lib/python3.5/site-packages/pkg_resources/_vendor/packaging'...
Listing './lib/python3.5/site-packages/pkg_resources/extern'...
Listing './lib/python3.5/site-packages/pkg_resources-0.0.0.dist-info'...
Listing './lib/python3.5/site-packages/powerfulseal'...
Listing './lib/python3.5/site-packages/powerfulseal/cli'...
Listing './lib/python3.5/site-packages/powerfulseal/clouddrivers'...
Listing './lib/python3.5/site-packages/powerfulseal/execute'...
Listing './lib/python3.5/site-packages/powerfulseal/k8s'...
Listing './lib/python3.5/site-packages/powerfulseal/node'...
Listing './lib/python3.5/site-packages/powerfulseal/policy'...
Listing './lib/python3.5/site-packages/powerfulseal-1.1.0.egg-info'...
Listing './lib/python3.5/site-packages/pyasn1'...
Listing './lib/python3.5/site-packages/pyasn1/codec'...
Listing './lib/python3.5/site-packages/pyasn1/codec/ber'...
Listing './lib/python3.5/site-packages/pyasn1/codec/cer'...
Listing './lib/python3.5/site-packages/pyasn1/codec/der'...
Listing './lib/python3.5/site-packages/pyasn1/codec/native'...
Listing './lib/python3.5/site-packages/pyasn1/compat'...
Listing './lib/python3.5/site-packages/pyasn1/type'...
Listing './lib/python3.5/site-packages/pyasn1-0.4.2.dist-info'...
Listing './lib/python3.5/site-packages/pyasn1_modules'...
Listing './lib/python3.5/site-packages/pyasn1_modules-0.2.1.dist-info'...
Listing './lib/python3.5/site-packages/pycparser'...
Listing './lib/python3.5/site-packages/pycparser/ply'...
Listing './lib/python3.5/site-packages/pycparser-2.18.egg-info'...
Listing './lib/python3.5/site-packages/python_dateutil-2.6.1.dist-info'...
Listing './lib/python3.5/site-packages/requests'...
Listing './lib/python3.5/site-packages/requests-2.18.4.dist-info'...
Listing './lib/python3.5/site-packages/requestsexceptions'...
Listing './lib/python3.5/site-packages/requestsexceptions-1.3.0.dist-info'...
Listing './lib/python3.5/site-packages/rsa'...
Listing './lib/python3.5/site-packages/rsa-3.4.2.dist-info'...
Listing './lib/python3.5/site-packages/setuptools'...
Listing './lib/python3.5/site-packages/setuptools/command'...
Listing './lib/python3.5/site-packages/setuptools/extern'...
Listing './lib/python3.5/site-packages/setuptools-32.3.1.dist-info'...
Listing './lib/python3.5/site-packages/six-1.11.0.dist-info'...
Listing './lib/python3.5/site-packages/spur'...
Listing './lib/python3.5/site-packages/spur-0.3.20.dist-info'...
Listing './lib/python3.5/site-packages/stevedore'...
Listing './lib/python3.5/site-packages/stevedore/example'...
Listing './lib/python3.5/site-packages/stevedore/example2'...
Listing './lib/python3.5/site-packages/stevedore/tests'...
Listing './lib/python3.5/site-packages/stevedore-1.28.0.dist-info'...
Listing './lib/python3.5/site-packages/termcolor-1.1.0.egg-info'...
Listing './lib/python3.5/site-packages/urllib3'...
Listing './lib/python3.5/site-packages/urllib3/contrib'...
Listing './lib/python3.5/site-packages/urllib3/contrib/_securetransport'...
Listing './lib/python3.5/site-packages/urllib3/packages'...
Listing './lib/python3.5/site-packages/urllib3/packages/backports'...
Listing './lib/python3.5/site-packages/urllib3/packages/ssl_match_hostname'...
Listing './lib/python3.5/site-packages/urllib3/util'...
Listing './lib/python3.5/site-packages/urllib3-1.22.dist-info'...
Listing './lib/python3.5/site-packages/websocket'...
Listing './lib/python3.5/site-packages/websocket/tests'...
Listing './lib/python3.5/site-packages/websocket/tests/data'...
Listing './lib/python3.5/site-packages/websocket_client-0.46.0.dist-info'...
Listing './lib/python3.5/site-packages/werkzeug'...
Listing './lib/python3.5/site-packages/werkzeug/contrib'...
Listing './lib/python3.5/site-packages/werkzeug/debug'...
Listing './lib/python3.5/site-packages/werkzeug/debug/shared'...
Listing './lib/python3.5/site-packages/yaml'...
Listing './share'...
Listing './share/python-wheels'...
