Listing '.'...
Listing './bin'...
Listing './include'...
Listing './lib'...
Listing './lib/python3.5'...
Listing './lib/python3.5/site-packages'...
Listing './lib/python3.5/site-packages/Automat-0.6.0.dist-info'...
Listing './lib/python3.5/site-packages/Jinja2-2.10.dist-info'...
Listing './lib/python3.5/site-packages/MarkupSafe-1.0.egg-info'...
Listing './lib/python3.5/site-packages/PyYAML-3.12.egg-info'...
Listing './lib/python3.5/site-packages/Twisted-17.9.0.egg-info'...
Listing './lib/python3.5/site-packages/attr'...
Listing './lib/python3.5/site-packages/attrs-17.4.0.dist-info'...
Listing './lib/python3.5/site-packages/automat'...
Listing './lib/python3.5/site-packages/automat/_test'...
Listing './lib/python3.5/site-packages/buildtools'...
Listing './lib/python3.5/site-packages/buildtools/buildsystem'...
Listing './lib/python3.5/site-packages/buildtools/ext'...
Listing './lib/python3.5/site-packages/buildtools/ext/salt'...
Listing './lib/python3.5/site-packages/buildtools/maestro'...
Listing './lib/python3.5/site-packages/buildtools/posix'...
Listing './lib/python3.5/site-packages/buildtools/repo'...
Listing './lib/python3.5/site-packages/buildtools/wrapper'...
Listing './lib/python3.5/site-packages/buildtools/wrapper/repo'...
Listing './lib/python3.5/site-packages/buildtools-fixed'...
Listing './lib/python3.5/site-packages/buildtools-fixed/buildsystem'...
Listing './lib/python3.5/site-packages/buildtools-fixed/ext'...
Listing './lib/python3.5/site-packages/buildtools-fixed/ext/salt'...
Listing './lib/python3.5/site-packages/buildtools-fixed/maestro'...
Listing './lib/python3.5/site-packages/buildtools-fixed/posix'...
Listing './lib/python3.5/site-packages/buildtools-fixed/repo'...
Listing './lib/python3.5/site-packages/buildtools-fixed/wrapper'...
Listing './lib/python3.5/site-packages/buildtools-fixed/wrapper/repo'...
Listing './lib/python3.5/site-packages/certifi'...
Listing './lib/python3.5/site-packages/certifi-2017.11.5.dist-info'...
Listing './lib/python3.5/site-packages/chardet'...
Listing './lib/python3.5/site-packages/chardet/cli'...
Listing './lib/python3.5/site-packages/chardet-3.0.4.dist-info'...
Listing './lib/python3.5/site-packages/constantly'...
Listing './lib/python3.5/site-packages/constantly-15.1.0.dist-info'...
Listing './lib/python3.5/site-packages/exampleproj'...
Listing './lib/python3.5/site-packages/hyperlink'...
Listing './lib/python3.5/site-packages/hyperlink/test'...
Listing './lib/python3.5/site-packages/hyperlink-17.3.1.dist-info'...
Listing './lib/python3.5/site-packages/idna'...
Listing './lib/python3.5/site-packages/idna-2.6.dist-info'...
Listing './lib/python3.5/site-packages/incremental'...
Listing './lib/python3.5/site-packages/incremental/tests'...
Listing './lib/python3.5/site-packages/incremental-17.5.0.dist-info'...
Listing './lib/python3.5/site-packages/jinja2'...
Compiling './lib/python3.5/site-packages/jinja2/asyncfilters.py'...
***   File "./lib/python3.5/site-packages/jinja2/asyncfilters.py", line 24
    yield item
    ^
SyntaxError: 'yield' inside async function

Compiling './lib/python3.5/site-packages/jinja2/asyncsupport.py'...
***   File "./lib/python3.5/site-packages/jinja2/asyncsupport.py", line 35
    yield event
    ^
SyntaxError: 'yield' inside async function

Listing './lib/python3.5/site-packages/lxml'...
Listing './lib/python3.5/site-packages/lxml/html'...
Listing './lib/python3.5/site-packages/lxml/includes'...
Listing './lib/python3.5/site-packages/lxml/includes/libexslt'...
Listing './lib/python3.5/site-packages/lxml/includes/libxml'...
Listing './lib/python3.5/site-packages/lxml/includes/libxslt'...
Listing './lib/python3.5/site-packages/lxml/isoschematron'...
Listing './lib/python3.5/site-packages/lxml/isoschematron/resources'...
Listing './lib/python3.5/site-packages/lxml/isoschematron/resources/rng'...
Listing './lib/python3.5/site-packages/lxml/isoschematron/resources/xsl'...
Listing './lib/python3.5/site-packages/lxml/isoschematron/resources/xsl/iso-schematron-xslt1'...
Listing './lib/python3.5/site-packages/lxml-4.1.1.dist-info'...
Listing './lib/python3.5/site-packages/markupsafe'...
Listing './lib/python3.5/site-packages/pip'...
Listing './lib/python3.5/site-packages/pip/_vendor'...
Listing './lib/python3.5/site-packages/pip/commands'...
Listing './lib/python3.5/site-packages/pip/compat'...
Listing './lib/python3.5/site-packages/pip/models'...
Listing './lib/python3.5/site-packages/pip/operations'...
Listing './lib/python3.5/site-packages/pip/req'...
Listing './lib/python3.5/site-packages/pip/utils'...
Listing './lib/python3.5/site-packages/pip/vcs'...
Listing './lib/python3.5/site-packages/pip-9.0.1.dist-info'...
Listing './lib/python3.5/site-packages/pkg_resources'...
Listing './lib/python3.5/site-packages/pkg_resources/_vendor'...
Listing './lib/python3.5/site-packages/pkg_resources/_vendor/packaging'...
Listing './lib/python3.5/site-packages/pkg_resources/extern'...
Listing './lib/python3.5/site-packages/pkg_resources-0.0.0.dist-info'...
Listing './lib/python3.5/site-packages/psutil'...
Listing './lib/python3.5/site-packages/psutil/tests'...
Listing './lib/python3.5/site-packages/psutil-5.4.3.egg-info'...
Listing './lib/python3.5/site-packages/pybuildtools-0.2.0.egg-info'...
Listing './lib/python3.5/site-packages/requests'...
Listing './lib/python3.5/site-packages/requests-2.18.4.dist-info'...
Listing './lib/python3.5/site-packages/setuptools'...
Listing './lib/python3.5/site-packages/setuptools/command'...
Listing './lib/python3.5/site-packages/setuptools/extern'...
Listing './lib/python3.5/site-packages/setuptools-32.3.1.dist-info'...
Listing './lib/python3.5/site-packages/six-1.11.0.dist-info'...
Listing './lib/python3.5/site-packages/toml-0.9.4.egg-info'...
Listing './lib/python3.5/site-packages/twisted'...
Listing './lib/python3.5/site-packages/twisted/_threads'...
Listing './lib/python3.5/site-packages/twisted/_threads/test'...
Listing './lib/python3.5/site-packages/twisted/application'...
Listing './lib/python3.5/site-packages/twisted/application/runner'...
Listing './lib/python3.5/site-packages/twisted/application/runner/test'...
Listing './lib/python3.5/site-packages/twisted/application/test'...
Listing './lib/python3.5/site-packages/twisted/application/twist'...
Listing './lib/python3.5/site-packages/twisted/application/twist/test'...
Listing './lib/python3.5/site-packages/twisted/conch'...
Listing './lib/python3.5/site-packages/twisted/conch/client'...
Listing './lib/python3.5/site-packages/twisted/conch/insults'...
Listing './lib/python3.5/site-packages/twisted/conch/openssh_compat'...
Listing './lib/python3.5/site-packages/twisted/conch/scripts'...
Listing './lib/python3.5/site-packages/twisted/conch/ssh'...
Listing './lib/python3.5/site-packages/twisted/conch/test'...
Listing './lib/python3.5/site-packages/twisted/conch/ui'...
Listing './lib/python3.5/site-packages/twisted/cred'...
Listing './lib/python3.5/site-packages/twisted/cred/test'...
Listing './lib/python3.5/site-packages/twisted/enterprise'...
Listing './lib/python3.5/site-packages/twisted/internet'...
Listing './lib/python3.5/site-packages/twisted/internet/iocpreactor'...
Listing './lib/python3.5/site-packages/twisted/internet/iocpreactor/iocpsupport'...
Listing './lib/python3.5/site-packages/twisted/internet/test'...
Listing './lib/python3.5/site-packages/twisted/internet/test/fake_CAs'...
Listing './lib/python3.5/site-packages/twisted/logger'...
Listing './lib/python3.5/site-packages/twisted/logger/test'...
Listing './lib/python3.5/site-packages/twisted/mail'...
Listing './lib/python3.5/site-packages/twisted/mail/test'...
Listing './lib/python3.5/site-packages/twisted/names'...
Listing './lib/python3.5/site-packages/twisted/names/test'...
Listing './lib/python3.5/site-packages/twisted/pair'...
Listing './lib/python3.5/site-packages/twisted/pair/test'...
Listing './lib/python3.5/site-packages/twisted/persisted'...
Listing './lib/python3.5/site-packages/twisted/persisted/test'...
Listing './lib/python3.5/site-packages/twisted/plugins'...
Listing './lib/python3.5/site-packages/twisted/positioning'...
Listing './lib/python3.5/site-packages/twisted/positioning/test'...
Listing './lib/python3.5/site-packages/twisted/protocols'...
Listing './lib/python3.5/site-packages/twisted/protocols/haproxy'...
Listing './lib/python3.5/site-packages/twisted/protocols/haproxy/test'...
Listing './lib/python3.5/site-packages/twisted/protocols/test'...
Listing './lib/python3.5/site-packages/twisted/python'...
Listing './lib/python3.5/site-packages/twisted/python/_pydoctortemplates'...
Listing './lib/python3.5/site-packages/twisted/python/test'...
Listing './lib/python3.5/site-packages/twisted/runner'...
Listing './lib/python3.5/site-packages/twisted/runner/test'...
Listing './lib/python3.5/site-packages/twisted/scripts'...
Listing './lib/python3.5/site-packages/twisted/scripts/test'...
Listing './lib/python3.5/site-packages/twisted/spread'...
Listing './lib/python3.5/site-packages/twisted/spread/test'...
Listing './lib/python3.5/site-packages/twisted/tap'...
Listing './lib/python3.5/site-packages/twisted/test'...
Listing './lib/python3.5/site-packages/twisted/trial'...
Listing './lib/python3.5/site-packages/twisted/trial/_dist'...
Listing './lib/python3.5/site-packages/twisted/trial/_dist/test'...
Listing './lib/python3.5/site-packages/twisted/trial/test'...
Listing './lib/python3.5/site-packages/twisted/web'...
Listing './lib/python3.5/site-packages/twisted/web/_auth'...
Listing './lib/python3.5/site-packages/twisted/web/test'...
Listing './lib/python3.5/site-packages/twisted/words'...
Listing './lib/python3.5/site-packages/twisted/words/im'...
Listing './lib/python3.5/site-packages/twisted/words/protocols'...
Listing './lib/python3.5/site-packages/twisted/words/protocols/jabber'...
Listing './lib/python3.5/site-packages/twisted/words/test'...
Listing './lib/python3.5/site-packages/twisted/words/xish'...
Listing './lib/python3.5/site-packages/urllib3'...
Listing './lib/python3.5/site-packages/urllib3/contrib'...
Listing './lib/python3.5/site-packages/urllib3/contrib/_securetransport'...
Listing './lib/python3.5/site-packages/urllib3/packages'...
Listing './lib/python3.5/site-packages/urllib3/packages/backports'...
Listing './lib/python3.5/site-packages/urllib3/packages/ssl_match_hostname'...
Listing './lib/python3.5/site-packages/urllib3/util'...
Listing './lib/python3.5/site-packages/urllib3-1.22.dist-info'...
Listing './lib/python3.5/site-packages/yaml'...
Listing './lib/python3.5/site-packages/zope'...
Listing './lib/python3.5/site-packages/zope/interface'...
Listing './lib/python3.5/site-packages/zope/interface/common'...
Listing './lib/python3.5/site-packages/zope/interface/common/tests'...
Listing './lib/python3.5/site-packages/zope/interface/tests'...
Listing './lib/python3.5/site-packages/zope.interface-4.4.3.dist-info'...
Listing './share'...
Listing './share/python-wheels'...
