Listing '.'...
Listing './bin'...
Listing './include'...
Listing './lib'...
Listing './lib/python3.5'...
Listing './lib/python3.5/site-packages'...
Listing './lib/python3.5/site-packages/.libs_cffi_backend'...
Listing './lib/python3.5/site-packages/PIL'...
Listing './lib/python3.5/site-packages/PIL/.libs'...
Listing './lib/python3.5/site-packages/Pillow-5.0.0.dist-info'...
Listing './lib/python3.5/site-packages/PyRQA-0.1.0.egg-info'...
Listing './lib/python3.5/site-packages/_pytest'...
Listing './lib/python3.5/site-packages/_pytest/_code'...
Listing './lib/python3.5/site-packages/_pytest/assertion'...
Listing './lib/python3.5/site-packages/appdirs-1.4.3.dist-info'...
Listing './lib/python3.5/site-packages/attr'...
Listing './lib/python3.5/site-packages/attrs-17.4.0.dist-info'...
Listing './lib/python3.5/site-packages/cffi'...
Listing './lib/python3.5/site-packages/cffi-1.11.3.dist-info'...
Listing './lib/python3.5/site-packages/decorator-4.1.2.dist-info'...
Listing './lib/python3.5/site-packages/numpy'...
Listing './lib/python3.5/site-packages/numpy/.libs'...
Listing './lib/python3.5/site-packages/numpy/compat'...
Listing './lib/python3.5/site-packages/numpy/core'...
Listing './lib/python3.5/site-packages/numpy/core/include'...
Listing './lib/python3.5/site-packages/numpy/core/include/numpy'...
Listing './lib/python3.5/site-packages/numpy/core/lib'...
Listing './lib/python3.5/site-packages/numpy/core/lib/npy-pkg-config'...
Listing './lib/python3.5/site-packages/numpy/core/tests'...
Listing './lib/python3.5/site-packages/numpy/core/tests/data'...
Listing './lib/python3.5/site-packages/numpy/distutils'...
Listing './lib/python3.5/site-packages/numpy/distutils/command'...
Listing './lib/python3.5/site-packages/numpy/distutils/fcompiler'...
Listing './lib/python3.5/site-packages/numpy/distutils/mingw'...
Listing './lib/python3.5/site-packages/numpy/distutils/tests'...
Listing './lib/python3.5/site-packages/numpy/doc'...
Listing './lib/python3.5/site-packages/numpy/f2py'...
Listing './lib/python3.5/site-packages/numpy/f2py/src'...
Listing './lib/python3.5/site-packages/numpy/f2py/tests'...
Listing './lib/python3.5/site-packages/numpy/f2py/tests/src'...
Listing './lib/python3.5/site-packages/numpy/f2py/tests/src/array_from_pyobj'...
Listing './lib/python3.5/site-packages/numpy/f2py/tests/src/assumed_shape'...
Listing './lib/python3.5/site-packages/numpy/f2py/tests/src/common'...
Listing './lib/python3.5/site-packages/numpy/f2py/tests/src/kind'...
Listing './lib/python3.5/site-packages/numpy/f2py/tests/src/mixed'...
Listing './lib/python3.5/site-packages/numpy/f2py/tests/src/parameter'...
Listing './lib/python3.5/site-packages/numpy/f2py/tests/src/regression'...
Listing './lib/python3.5/site-packages/numpy/f2py/tests/src/size'...
Listing './lib/python3.5/site-packages/numpy/f2py/tests/src/string'...
Listing './lib/python3.5/site-packages/numpy/fft'...
Listing './lib/python3.5/site-packages/numpy/fft/tests'...
Listing './lib/python3.5/site-packages/numpy/lib'...
Listing './lib/python3.5/site-packages/numpy/lib/tests'...
Listing './lib/python3.5/site-packages/numpy/lib/tests/data'...
Listing './lib/python3.5/site-packages/numpy/linalg'...
Listing './lib/python3.5/site-packages/numpy/linalg/tests'...
Listing './lib/python3.5/site-packages/numpy/ma'...
Listing './lib/python3.5/site-packages/numpy/ma/tests'...
Listing './lib/python3.5/site-packages/numpy/matrixlib'...
Listing './lib/python3.5/site-packages/numpy/matrixlib/tests'...
Listing './lib/python3.5/site-packages/numpy/polynomial'...
Listing './lib/python3.5/site-packages/numpy/polynomial/tests'...
Listing './lib/python3.5/site-packages/numpy/random'...
Listing './lib/python3.5/site-packages/numpy/random/tests'...
Listing './lib/python3.5/site-packages/numpy/testing'...
Listing './lib/python3.5/site-packages/numpy/testing/nose_tools'...
Listing './lib/python3.5/site-packages/numpy/testing/tests'...
Listing './lib/python3.5/site-packages/numpy/tests'...
Listing './lib/python3.5/site-packages/numpy-1.14.0.dist-info'...
Listing './lib/python3.5/site-packages/pip'...
Listing './lib/python3.5/site-packages/pip/_vendor'...
Listing './lib/python3.5/site-packages/pip/commands'...
Listing './lib/python3.5/site-packages/pip/compat'...
Listing './lib/python3.5/site-packages/pip/models'...
Listing './lib/python3.5/site-packages/pip/operations'...
Listing './lib/python3.5/site-packages/pip/req'...
Listing './lib/python3.5/site-packages/pip/utils'...
Listing './lib/python3.5/site-packages/pip/vcs'...
Listing './lib/python3.5/site-packages/pip-9.0.1.dist-info'...
Listing './lib/python3.5/site-packages/pkg_resources'...
Listing './lib/python3.5/site-packages/pkg_resources/_vendor'...
Listing './lib/python3.5/site-packages/pkg_resources/_vendor/packaging'...
Listing './lib/python3.5/site-packages/pkg_resources/extern'...
Listing './lib/python3.5/site-packages/pkg_resources-0.0.0.dist-info'...
Listing './lib/python3.5/site-packages/pluggy'...
Listing './lib/python3.5/site-packages/pluggy-0.6.0.egg-info'...
Listing './lib/python3.5/site-packages/py'...
Listing './lib/python3.5/site-packages/py/_code'...
Listing './lib/python3.5/site-packages/py/_io'...
Listing './lib/python3.5/site-packages/py/_log'...
Listing './lib/python3.5/site-packages/py/_path'...
Listing './lib/python3.5/site-packages/py/_process'...
Listing './lib/python3.5/site-packages/py/_vendored_packages'...
Listing './lib/python3.5/site-packages/py-1.5.2.dist-info'...
Listing './lib/python3.5/site-packages/pycparser'...
Listing './lib/python3.5/site-packages/pycparser/ply'...
Listing './lib/python3.5/site-packages/pycparser-2.18.egg-info'...
Listing './lib/python3.5/site-packages/pyopencl'...
Listing './lib/python3.5/site-packages/pyopencl/characterize'...
Listing './lib/python3.5/site-packages/pyopencl/cl'...
Listing './lib/python3.5/site-packages/pyopencl/cl/pyopencl-random123'...
Listing './lib/python3.5/site-packages/pyopencl/compyte'...
Listing './lib/python3.5/site-packages/pyopencl/compyte/ndarray'...
Listing './lib/python3.5/site-packages/pyopencl-2017.2.2.egg-info'...
Listing './lib/python3.5/site-packages/pyrqa'...
Compiling './lib/python3.5/site-packages/pyrqa/__main__.py'...
***   File "./lib/python3.5/site-packages/pyrqa/__main__.py", line 258
    print result
               ^
SyntaxError: Missing parentheses in call to 'print'

Compiling './lib/python3.5/site-packages/pyrqa/abstract_classes.py'...
***   File "./lib/python3.5/site-packages/pyrqa/abstract_classes.py", line 82
    print string
               ^
SyntaxError: Missing parentheses in call to 'print'

Compiling './lib/python3.5/site-packages/pyrqa/file_reader.py'...
***   File "./lib/python3.5/site-packages/pyrqa/file_reader.py", line 44
    print "No element of index %d in line '%s'." % (column, line)
                                               ^
SyntaxError: invalid syntax

Listing './lib/python3.5/site-packages/pyrqa/kernels'...
Listing './lib/python3.5/site-packages/pyrqa/kernels/euclidean_metric'...
Listing './lib/python3.5/site-packages/pyrqa/kernels/maximum_metric'...
Listing './lib/python3.5/site-packages/pyrqa/kernels/taxicab_metric'...
Compiling './lib/python3.5/site-packages/pyrqa/opencl.py'...
***   File "./lib/python3.5/site-packages/pyrqa/opencl.py", line 130
    print "Kernel with file name '%s' could not be found!" % kernel_file_name
                                                         ^
SyntaxError: Missing parentheses in call to 'print'

Listing './lib/python3.5/site-packages/pyrqa/recurrence_plot'...
Listing './lib/python3.5/site-packages/pyrqa/recurrence_plot/fixed_radius'...
Listing './lib/python3.5/site-packages/pyrqa/recurrence_plot/fixed_radius/opencl'...
Compiling './lib/python3.5/site-packages/pyrqa/recurrence_plot/fixed_radius/opencl/column_byte.py'...
***   File "./lib/python3.5/site-packages/pyrqa/recurrence_plot/fixed_radius/opencl/column_byte.py", line 209
    print 'No device specified!'
                               ^
SyntaxError: Missing parentheses in call to 'print'

Listing './lib/python3.5/site-packages/pyrqa/recurrence_plot/fixed_radius/plain'...
Listing './lib/python3.5/site-packages/pyrqa/recurrence_plot/fixed_radius/tests'...
Listing './lib/python3.5/site-packages/pyrqa/rqa'...
Listing './lib/python3.5/site-packages/pyrqa/rqa/fixed_radius'...
Listing './lib/python3.5/site-packages/pyrqa/rqa/fixed_radius/kernels'...
Listing './lib/python3.5/site-packages/pyrqa/rqa/fixed_radius/kernels/euclidean_metric'...
Listing './lib/python3.5/site-packages/pyrqa/rqa/fixed_radius/kernels/maximum_metric'...
Listing './lib/python3.5/site-packages/pyrqa/rqa/fixed_radius/kernels/taxicab_metric'...
Listing './lib/python3.5/site-packages/pyrqa/rqa/fixed_radius/opencl'...
Compiling './lib/python3.5/site-packages/pyrqa/rqa/fixed_radius/opencl/column_mat_bit_no_rec.py'...
***   File "./lib/python3.5/site-packages/pyrqa/rqa/fixed_radius/opencl/column_mat_bit_no_rec.py", line 462
    print 'No device specified!'
                               ^
SyntaxError: Missing parentheses in call to 'print'

Compiling './lib/python3.5/site-packages/pyrqa/rqa/fixed_radius/opencl/column_mat_bit_rec.py'...
***   File "./lib/python3.5/site-packages/pyrqa/rqa/fixed_radius/opencl/column_mat_bit_rec.py", line 444
    print 'No device specified!'
                               ^
SyntaxError: Missing parentheses in call to 'print'

Compiling './lib/python3.5/site-packages/pyrqa/rqa/fixed_radius/opencl/column_mat_byte_no_rec.py'...
***   File "./lib/python3.5/site-packages/pyrqa/rqa/fixed_radius/opencl/column_mat_byte_no_rec.py", line 437
    print 'No device specified!'
                               ^
SyntaxError: Missing parentheses in call to 'print'

Compiling './lib/python3.5/site-packages/pyrqa/rqa/fixed_radius/opencl/column_mat_byte_rec.py'...
***   File "./lib/python3.5/site-packages/pyrqa/rqa/fixed_radius/opencl/column_mat_byte_rec.py", line 417
    print 'No device specified!'
                               ^
SyntaxError: Missing parentheses in call to 'print'

Compiling './lib/python3.5/site-packages/pyrqa/rqa/fixed_radius/opencl/column_no_mat.py'...
***   File "./lib/python3.5/site-packages/pyrqa/rqa/fixed_radius/opencl/column_no_mat.py", line 399
    print 'No device specified!'
                               ^
SyntaxError: Missing parentheses in call to 'print'

Compiling './lib/python3.5/site-packages/pyrqa/rqa/fixed_radius/opencl/row_mat_bit_no_rec.py'...
***   File "./lib/python3.5/site-packages/pyrqa/rqa/fixed_radius/opencl/row_mat_bit_no_rec.py", line 464
    print 'No device specified!'
                               ^
SyntaxError: Missing parentheses in call to 'print'

Compiling './lib/python3.5/site-packages/pyrqa/rqa/fixed_radius/opencl/row_mat_bit_rec.py'...
***   File "./lib/python3.5/site-packages/pyrqa/rqa/fixed_radius/opencl/row_mat_bit_rec.py", line 444
    print 'No device specified!'
                               ^
SyntaxError: Missing parentheses in call to 'print'

Compiling './lib/python3.5/site-packages/pyrqa/rqa/fixed_radius/opencl/row_mat_byte_no_rec.py'...
***   File "./lib/python3.5/site-packages/pyrqa/rqa/fixed_radius/opencl/row_mat_byte_no_rec.py", line 439
    print 'No device specified!'
                               ^
SyntaxError: Missing parentheses in call to 'print'

Compiling './lib/python3.5/site-packages/pyrqa/rqa/fixed_radius/opencl/row_mat_byte_rec.py'...
***   File "./lib/python3.5/site-packages/pyrqa/rqa/fixed_radius/opencl/row_mat_byte_rec.py", line 421
    print 'No device specified!'
                               ^
SyntaxError: Missing parentheses in call to 'print'

Compiling './lib/python3.5/site-packages/pyrqa/rqa/fixed_radius/opencl/row_no_mat.py'...
***   File "./lib/python3.5/site-packages/pyrqa/rqa/fixed_radius/opencl/row_no_mat.py", line 401
    print 'No device specified!'
                               ^
SyntaxError: Missing parentheses in call to 'print'

Listing './lib/python3.5/site-packages/pyrqa/rqa/fixed_radius/plain'...
Listing './lib/python3.5/site-packages/pyrqa/rqa/fixed_radius/tests'...
Listing './lib/python3.5/site-packages/pyrqa/rqa/kernels'...
Listing './lib/python3.5/site-packages/pytest-3.3.2.dist-info'...
Listing './lib/python3.5/site-packages/pytools'...
Listing './lib/python3.5/site-packages/pytools-2017.6.egg-info'...
Listing './lib/python3.5/site-packages/setuptools'...
Listing './lib/python3.5/site-packages/setuptools/command'...
Listing './lib/python3.5/site-packages/setuptools/extern'...
Listing './lib/python3.5/site-packages/setuptools-32.3.1.dist-info'...
Listing './lib/python3.5/site-packages/six-1.11.0.dist-info'...
Listing './share'...
Listing './share/python-wheels'...
