Listing '.'...
Listing './bin'...
Listing './include'...
Listing './lib'...
Listing './lib/python3.5'...
Listing './lib/python3.5/site-packages'...
Listing './lib/python3.5/site-packages/pip'...
Listing './lib/python3.5/site-packages/pip/_vendor'...
Listing './lib/python3.5/site-packages/pip/commands'...
Listing './lib/python3.5/site-packages/pip/compat'...
Listing './lib/python3.5/site-packages/pip/models'...
Listing './lib/python3.5/site-packages/pip/operations'...
Listing './lib/python3.5/site-packages/pip/req'...
Listing './lib/python3.5/site-packages/pip/utils'...
Listing './lib/python3.5/site-packages/pip/vcs'...
Listing './lib/python3.5/site-packages/pip-9.0.1.dist-info'...
Listing './lib/python3.5/site-packages/pkg_resources'...
Listing './lib/python3.5/site-packages/pkg_resources/_vendor'...
Listing './lib/python3.5/site-packages/pkg_resources/_vendor/packaging'...
Listing './lib/python3.5/site-packages/pkg_resources/extern'...
Listing './lib/python3.5/site-packages/pkg_resources-0.0.0.dist-info'...
Listing './lib/python3.5/site-packages/pysentosa'...
Compiling './lib/python3.5/site-packages/pysentosa/config.py'...
***   File "./lib/python3.5/site-packages/pysentosa/config.py", line 19
    except ValueError, e:
                     ^
SyntaxError: invalid syntax

Compiling './lib/python3.5/site-packages/pysentosa/demo.py'...
***   File "./lib/python3.5/site-packages/pysentosa/demo.py", line 30
    print '*'*80
            ^
SyntaxError: Missing parentheses in call to 'print'

Compiling './lib/python3.5/site-packages/pysentosa/historicaldata.py'...
***   File "./lib/python3.5/site-packages/pysentosa/historicaldata.py", line 29
    except pymysql.err.OperationalError, e:
                                       ^
SyntaxError: invalid syntax

Compiling './lib/python3.5/site-packages/pysentosa/merlion.py'...
***   File "./lib/python3.5/site-packages/pysentosa/merlion.py", line 22
    print "Running sentosa with python"
                                      ^
SyntaxError: Missing parentheses in call to 'print'

Listing './lib/python3.5/site-packages/pysentosa-0.1.32.egg-info'...
Listing './lib/python3.5/site-packages/setuptools'...
Listing './lib/python3.5/site-packages/setuptools/command'...
Listing './lib/python3.5/site-packages/setuptools/extern'...
Listing './lib/python3.5/site-packages/setuptools-32.3.1.dist-info'...
Listing './lib/python3.5/site-packages/tests'...
Listing './share'...
Listing './share/python-wheels'...
