Listing '.'...
Listing './bin'...
Compiling './bin/EXIF.py'...
Listing './include'...
Listing './lib'...
Listing './lib/python3.5'...
Listing './lib/python3.5/site-packages'...
Listing './lib/python3.5/site-packages/ExifRead-2.1.2.egg-info'...
Listing './lib/python3.5/site-packages/Jinja2-2.10.dist-info'...
Listing './lib/python3.5/site-packages/MarkupSafe-1.0.egg-info'...
Listing './lib/python3.5/site-packages/PIL'...
Listing './lib/python3.5/site-packages/PIL/.libs'...
Listing './lib/python3.5/site-packages/Pillow-5.0.0.dist-info'...
Listing './lib/python3.5/site-packages/PyYAML-3.12.egg-info'...
Listing './lib/python3.5/site-packages/Werkzeug-0.14.1.dist-info'...
Listing './lib/python3.5/site-packages/bson'...
Listing './lib/python3.5/site-packages/certifi'...
Listing './lib/python3.5/site-packages/certifi-2017.11.5.dist-info'...
Listing './lib/python3.5/site-packages/chardet'...
Listing './lib/python3.5/site-packages/chardet/cli'...
Listing './lib/python3.5/site-packages/chardet-3.0.4.dist-info'...
Listing './lib/python3.5/site-packages/exifread'...
Listing './lib/python3.5/site-packages/exifread/tags'...
Listing './lib/python3.5/site-packages/exifread/tags/makernote'...
Listing './lib/python3.5/site-packages/frozendict'...
Listing './lib/python3.5/site-packages/frozendict-1.2.egg-info'...
Listing './lib/python3.5/site-packages/gridfs'...
Listing './lib/python3.5/site-packages/htmlmin'...
Listing './lib/python3.5/site-packages/htmlmin/python3html'...
Listing './lib/python3.5/site-packages/htmlmin-0.1.12.egg-info'...
Listing './lib/python3.5/site-packages/idna'...
Listing './lib/python3.5/site-packages/idna-2.6.dist-info'...
Listing './lib/python3.5/site-packages/jinja2'...
Compiling './lib/python3.5/site-packages/jinja2/asyncfilters.py'...
***   File "./lib/python3.5/site-packages/jinja2/asyncfilters.py", line 24
    yield item
    ^
SyntaxError: 'yield' inside async function

Compiling './lib/python3.5/site-packages/jinja2/asyncsupport.py'...
***   File "./lib/python3.5/site-packages/jinja2/asyncsupport.py", line 35
    yield event
    ^
SyntaxError: 'yield' inside async function

Listing './lib/python3.5/site-packages/jsmin'...
Listing './lib/python3.5/site-packages/jsmin-2.2.2.egg-info'...
Listing './lib/python3.5/site-packages/lxml'...
Listing './lib/python3.5/site-packages/lxml/html'...
Listing './lib/python3.5/site-packages/lxml/includes'...
Listing './lib/python3.5/site-packages/lxml/includes/libexslt'...
Listing './lib/python3.5/site-packages/lxml/includes/libxml'...
Listing './lib/python3.5/site-packages/lxml/includes/libxslt'...
Listing './lib/python3.5/site-packages/lxml/isoschematron'...
Listing './lib/python3.5/site-packages/lxml/isoschematron/resources'...
Listing './lib/python3.5/site-packages/lxml/isoschematron/resources/rng'...
Listing './lib/python3.5/site-packages/lxml/isoschematron/resources/xsl'...
Listing './lib/python3.5/site-packages/lxml/isoschematron/resources/xsl/iso-schematron-xslt1'...
Listing './lib/python3.5/site-packages/lxml-4.1.1.dist-info'...
Listing './lib/python3.5/site-packages/markupsafe'...
Listing './lib/python3.5/site-packages/pip'...
Listing './lib/python3.5/site-packages/pip/_vendor'...
Listing './lib/python3.5/site-packages/pip/commands'...
Listing './lib/python3.5/site-packages/pip/compat'...
Listing './lib/python3.5/site-packages/pip/models'...
Listing './lib/python3.5/site-packages/pip/operations'...
Listing './lib/python3.5/site-packages/pip/req'...
Listing './lib/python3.5/site-packages/pip/utils'...
Listing './lib/python3.5/site-packages/pip/vcs'...
Listing './lib/python3.5/site-packages/pip-9.0.1.dist-info'...
Listing './lib/python3.5/site-packages/pkg_resources'...
Listing './lib/python3.5/site-packages/pkg_resources/_vendor'...
Listing './lib/python3.5/site-packages/pkg_resources/_vendor/packaging'...
Listing './lib/python3.5/site-packages/pkg_resources/extern'...
Listing './lib/python3.5/site-packages/pkg_resources-0.0.0.dist-info'...
Listing './lib/python3.5/site-packages/pymongo'...
Listing './lib/python3.5/site-packages/pymongo-3.6.0.dist-info'...
Listing './lib/python3.5/site-packages/python_magic-0.4.15.dist-info'...
Listing './lib/python3.5/site-packages/pytsite'...
Listing './lib/python3.5/site-packages/pytsite/cache'...
Listing './lib/python3.5/site-packages/pytsite/cleanup'...
Listing './lib/python3.5/site-packages/pytsite/console'...
Listing './lib/python3.5/site-packages/pytsite/console/res'...
Listing './lib/python3.5/site-packages/pytsite/console/res/lang'...
Listing './lib/python3.5/site-packages/pytsite/cron'...
Listing './lib/python3.5/site-packages/pytsite/errors'...
Listing './lib/python3.5/site-packages/pytsite/events'...
Listing './lib/python3.5/site-packages/pytsite/formatters'...
Listing './lib/python3.5/site-packages/pytsite/github'...
Listing './lib/python3.5/site-packages/pytsite/html'...
Listing './lib/python3.5/site-packages/pytsite/http'...
Listing './lib/python3.5/site-packages/pytsite/lang'...
Listing './lib/python3.5/site-packages/pytsite/lang/res'...
Listing './lib/python3.5/site-packages/pytsite/lang/res/lang'...
Listing './lib/python3.5/site-packages/pytsite/logger'...
Listing './lib/python3.5/site-packages/pytsite/mail'...
Listing './lib/python3.5/site-packages/pytsite/maintenance'...
Listing './lib/python3.5/site-packages/pytsite/maintenance/res'...
Listing './lib/python3.5/site-packages/pytsite/maintenance/res/lang'...
Listing './lib/python3.5/site-packages/pytsite/metatag'...
Listing './lib/python3.5/site-packages/pytsite/metatag/res'...
Listing './lib/python3.5/site-packages/pytsite/metatag/res/lang'...
Listing './lib/python3.5/site-packages/pytsite/mongodb'...
Listing './lib/python3.5/site-packages/pytsite/mongodb/res'...
Listing './lib/python3.5/site-packages/pytsite/mongodb/res/lang'...
Listing './lib/python3.5/site-packages/pytsite/package_info'...
Listing './lib/python3.5/site-packages/pytsite/plugman'...
Listing './lib/python3.5/site-packages/pytsite/plugman/res'...
Listing './lib/python3.5/site-packages/pytsite/plugman/res/lang'...
Listing './lib/python3.5/site-packages/pytsite/queue'...
Listing './lib/python3.5/site-packages/pytsite/reg'...
Listing './lib/python3.5/site-packages/pytsite/reload'...
Listing './lib/python3.5/site-packages/pytsite/reload/res'...
Listing './lib/python3.5/site-packages/pytsite/reload/res/lang'...
Listing './lib/python3.5/site-packages/pytsite/router'...
Listing './lib/python3.5/site-packages/pytsite/router/res'...
Listing './lib/python3.5/site-packages/pytsite/router/res/lang'...
Listing './lib/python3.5/site-packages/pytsite/router/res/tpl'...
Listing './lib/python3.5/site-packages/pytsite/routing'...
Listing './lib/python3.5/site-packages/pytsite/semver'...
Listing './lib/python3.5/site-packages/pytsite/stats'...
Listing './lib/python3.5/site-packages/pytsite/testing'...
Listing './lib/python3.5/site-packages/pytsite/testing/res'...
Listing './lib/python3.5/site-packages/pytsite/testing/res/lang'...
Listing './lib/python3.5/site-packages/pytsite/threading'...
Listing './lib/python3.5/site-packages/pytsite/tpl'...
Listing './lib/python3.5/site-packages/pytsite/update'...
Listing './lib/python3.5/site-packages/pytsite/update/res'...
Listing './lib/python3.5/site-packages/pytsite/update/res/lang'...
Listing './lib/python3.5/site-packages/pytsite/util'...
Listing './lib/python3.5/site-packages/pytsite/validation'...
Listing './lib/python3.5/site-packages/pytsite/validation/res'...
Listing './lib/python3.5/site-packages/pytsite/validation/res/lang'...
Listing './lib/python3.5/site-packages/pytsite/wsgi'...
Listing './lib/python3.5/site-packages/pytsite-7.5.2.dist-info'...
Listing './lib/python3.5/site-packages/pytz'...
Listing './lib/python3.5/site-packages/pytz/zoneinfo'...
Listing './lib/python3.5/site-packages/pytz/zoneinfo/Africa'...
Listing './lib/python3.5/site-packages/pytz/zoneinfo/America'...
Listing './lib/python3.5/site-packages/pytz/zoneinfo/America/Argentina'...
Listing './lib/python3.5/site-packages/pytz/zoneinfo/America/Indiana'...
Listing './lib/python3.5/site-packages/pytz/zoneinfo/America/Kentucky'...
Listing './lib/python3.5/site-packages/pytz/zoneinfo/America/North_Dakota'...
Listing './lib/python3.5/site-packages/pytz/zoneinfo/Antarctica'...
Listing './lib/python3.5/site-packages/pytz/zoneinfo/Arctic'...
Listing './lib/python3.5/site-packages/pytz/zoneinfo/Asia'...
Listing './lib/python3.5/site-packages/pytz/zoneinfo/Atlantic'...
Listing './lib/python3.5/site-packages/pytz/zoneinfo/Australia'...
Listing './lib/python3.5/site-packages/pytz/zoneinfo/Brazil'...
Listing './lib/python3.5/site-packages/pytz/zoneinfo/Canada'...
Listing './lib/python3.5/site-packages/pytz/zoneinfo/Chile'...
Listing './lib/python3.5/site-packages/pytz/zoneinfo/Etc'...
Listing './lib/python3.5/site-packages/pytz/zoneinfo/Europe'...
Listing './lib/python3.5/site-packages/pytz/zoneinfo/Indian'...
Listing './lib/python3.5/site-packages/pytz/zoneinfo/Mexico'...
Listing './lib/python3.5/site-packages/pytz/zoneinfo/Pacific'...
Listing './lib/python3.5/site-packages/pytz/zoneinfo/US'...
Listing './lib/python3.5/site-packages/pytz-2017.3.dist-info'...
Listing './lib/python3.5/site-packages/requests'...
Listing './lib/python3.5/site-packages/requests-2.18.4.dist-info'...
Listing './lib/python3.5/site-packages/setuptools'...
Listing './lib/python3.5/site-packages/setuptools/command'...
Listing './lib/python3.5/site-packages/setuptools/extern'...
Listing './lib/python3.5/site-packages/setuptools-32.3.1.dist-info'...
Listing './lib/python3.5/site-packages/uWSGI-2.0.15.egg-info'...
Listing './lib/python3.5/site-packages/urllib3'...
Listing './lib/python3.5/site-packages/urllib3/contrib'...
Listing './lib/python3.5/site-packages/urllib3/contrib/_securetransport'...
Listing './lib/python3.5/site-packages/urllib3/packages'...
Listing './lib/python3.5/site-packages/urllib3/packages/backports'...
Listing './lib/python3.5/site-packages/urllib3/packages/ssl_match_hostname'...
Listing './lib/python3.5/site-packages/urllib3/util'...
Listing './lib/python3.5/site-packages/urllib3-1.22.dist-info'...
Listing './lib/python3.5/site-packages/werkzeug'...
Listing './lib/python3.5/site-packages/werkzeug/contrib'...
Listing './lib/python3.5/site-packages/werkzeug/debug'...
Listing './lib/python3.5/site-packages/werkzeug/debug/shared'...
Listing './lib/python3.5/site-packages/yaml'...
Listing './share'...
Listing './share/python-wheels'...
