Listing '.'...
Listing './bin'...
Compiling './bin/pilconvert.py'...
Compiling './bin/pildriver.py'...
Compiling './bin/pilfile.py'...
Compiling './bin/pilfont.py'...
Compiling './bin/pilprint.py'...
Compiling './bin/qr-io.py'...
Listing './include'...
Listing './lib'...
Listing './lib/python3.5'...
Listing './lib/python3.5/site-packages'...
Listing './lib/python3.5/site-packages/CherryPy-3.7.0.dist-info'...
Listing './lib/python3.5/site-packages/Flask-0.10.1.egg-info'...
Listing './lib/python3.5/site-packages/Jinja2-2.10.dist-info'...
Listing './lib/python3.5/site-packages/MarkupSafe-1.0.egg-info'...
Listing './lib/python3.5/site-packages/PIL'...
Listing './lib/python3.5/site-packages/PURELIB'...
Listing './lib/python3.5/site-packages/PURELIB/cherrypy'...
Listing './lib/python3.5/site-packages/PURELIB/cherrypy/scaffold'...
Listing './lib/python3.5/site-packages/PURELIB/cherrypy/scaffold/static'...
Listing './lib/python3.5/site-packages/PURELIB/cherrypy/test'...
Listing './lib/python3.5/site-packages/PURELIB/cherrypy/test/static'...
Listing './lib/python3.5/site-packages/PURELIB/cherrypy/tutorial'...
Listing './lib/python3.5/site-packages/Pillow-2.8.1.egg-info'...
Listing './lib/python3.5/site-packages/PyQRCode-1.1.egg-info'...
Listing './lib/python3.5/site-packages/PyYAML-3.12.egg-info'...
Listing './lib/python3.5/site-packages/QR_IO-0.2.egg-info'...
Listing './lib/python3.5/site-packages/Werkzeug-0.14.1.dist-info'...
Listing './lib/python3.5/site-packages/argh'...
Listing './lib/python3.5/site-packages/argh-0.26.2.dist-info'...
Listing './lib/python3.5/site-packages/cherrypy'...
Listing './lib/python3.5/site-packages/cherrypy/lib'...
Listing './lib/python3.5/site-packages/cherrypy/process'...
Listing './lib/python3.5/site-packages/cherrypy/scaffold'...
Listing './lib/python3.5/site-packages/cherrypy/test'...
Listing './lib/python3.5/site-packages/cherrypy/tutorial'...
Listing './lib/python3.5/site-packages/cherrypy/wsgiserver'...
Listing './lib/python3.5/site-packages/flask'...
Listing './lib/python3.5/site-packages/flask/ext'...
Listing './lib/python3.5/site-packages/flask/testsuite'...
Listing './lib/python3.5/site-packages/flask/testsuite/static'...
Listing './lib/python3.5/site-packages/flask/testsuite/templates'...
Listing './lib/python3.5/site-packages/flask/testsuite/templates/nested'...
Listing './lib/python3.5/site-packages/flask/testsuite/test_apps'...
Listing './lib/python3.5/site-packages/flask/testsuite/test_apps/blueprintapp'...
Listing './lib/python3.5/site-packages/flask/testsuite/test_apps/blueprintapp/apps'...
Listing './lib/python3.5/site-packages/flask/testsuite/test_apps/blueprintapp/apps/admin'...
Listing './lib/python3.5/site-packages/flask/testsuite/test_apps/blueprintapp/apps/admin/static'...
Listing './lib/python3.5/site-packages/flask/testsuite/test_apps/blueprintapp/apps/admin/templates'...
Listing './lib/python3.5/site-packages/flask/testsuite/test_apps/blueprintapp/apps/frontend'...
Listing './lib/python3.5/site-packages/flask/testsuite/test_apps/blueprintapp/apps/frontend/templates'...
Listing './lib/python3.5/site-packages/flask/testsuite/test_apps/config_package_app'...
Listing './lib/python3.5/site-packages/flask/testsuite/test_apps/flask_broken'...
Listing './lib/python3.5/site-packages/flask/testsuite/test_apps/flask_newext_package'...
Listing './lib/python3.5/site-packages/flask/testsuite/test_apps/flaskext'...
Listing './lib/python3.5/site-packages/flask/testsuite/test_apps/flaskext/oldext_package'...
Listing './lib/python3.5/site-packages/flask/testsuite/test_apps/lib'...
Listing './lib/python3.5/site-packages/flask/testsuite/test_apps/lib/python2.5'...
Listing './lib/python3.5/site-packages/flask/testsuite/test_apps/lib/python2.5/site-packages'...
Listing './lib/python3.5/site-packages/flask/testsuite/test_apps/lib/python2.5/site-packages/site_package'...
Listing './lib/python3.5/site-packages/flask/testsuite/test_apps/moduleapp'...
Listing './lib/python3.5/site-packages/flask/testsuite/test_apps/moduleapp/apps'...
Listing './lib/python3.5/site-packages/flask/testsuite/test_apps/moduleapp/apps/admin'...
Listing './lib/python3.5/site-packages/flask/testsuite/test_apps/moduleapp/apps/admin/static'...
Listing './lib/python3.5/site-packages/flask/testsuite/test_apps/moduleapp/apps/admin/templates'...
Listing './lib/python3.5/site-packages/flask/testsuite/test_apps/moduleapp/apps/frontend'...
Listing './lib/python3.5/site-packages/flask/testsuite/test_apps/moduleapp/apps/frontend/templates'...
Listing './lib/python3.5/site-packages/flask/testsuite/test_apps/path'...
Listing './lib/python3.5/site-packages/flask/testsuite/test_apps/path/installed_package'...
Listing './lib/python3.5/site-packages/flask/testsuite/test_apps/subdomaintestmodule'...
Listing './lib/python3.5/site-packages/flask/testsuite/test_apps/subdomaintestmodule/static'...
Listing './lib/python3.5/site-packages/itsdangerous-0.24.egg-info'...
Listing './lib/python3.5/site-packages/jinja2'...
Compiling './lib/python3.5/site-packages/jinja2/asyncfilters.py'...
***   File "./lib/python3.5/site-packages/jinja2/asyncfilters.py", line 24
    yield item
    ^
SyntaxError: 'yield' inside async function

Compiling './lib/python3.5/site-packages/jinja2/asyncsupport.py'...
***   File "./lib/python3.5/site-packages/jinja2/asyncsupport.py", line 35
    yield event
    ^
SyntaxError: 'yield' inside async function

Listing './lib/python3.5/site-packages/markupsafe'...
Listing './lib/python3.5/site-packages/pathtools'...
Listing './lib/python3.5/site-packages/pathtools-0.1.2.egg-info'...
Listing './lib/python3.5/site-packages/pip'...
Listing './lib/python3.5/site-packages/pip/_vendor'...
Listing './lib/python3.5/site-packages/pip/commands'...
Listing './lib/python3.5/site-packages/pip/compat'...
Listing './lib/python3.5/site-packages/pip/models'...
Listing './lib/python3.5/site-packages/pip/operations'...
Listing './lib/python3.5/site-packages/pip/req'...
Listing './lib/python3.5/site-packages/pip/utils'...
Listing './lib/python3.5/site-packages/pip/vcs'...
Listing './lib/python3.5/site-packages/pip-9.0.1.dist-info'...
Listing './lib/python3.5/site-packages/pkg_resources'...
Listing './lib/python3.5/site-packages/pkg_resources/_vendor'...
Listing './lib/python3.5/site-packages/pkg_resources/_vendor/packaging'...
Listing './lib/python3.5/site-packages/pkg_resources/extern'...
Listing './lib/python3.5/site-packages/pkg_resources-0.0.0.dist-info'...
Listing './lib/python3.5/site-packages/pypng-0.0.17.egg-info'...
Listing './lib/python3.5/site-packages/pyqrcode'...
Listing './lib/python3.5/site-packages/pyreadline'...
Listing './lib/python3.5/site-packages/pyreadline/clipboard'...
Listing './lib/python3.5/site-packages/pyreadline/configuration'...
Listing './lib/python3.5/site-packages/pyreadline/console'...
Listing './lib/python3.5/site-packages/pyreadline/keysyms'...
Listing './lib/python3.5/site-packages/pyreadline/lineeditor'...
Listing './lib/python3.5/site-packages/pyreadline/modes'...
Listing './lib/python3.5/site-packages/pyreadline/test'...
Listing './lib/python3.5/site-packages/pyreadline-2.0.egg-info'...
Listing './lib/python3.5/site-packages/qr_io'...
Listing './lib/python3.5/site-packages/qr_io/utils'...
Listing './lib/python3.5/site-packages/qr_io/web'...
Listing './lib/python3.5/site-packages/qrcode'...
Listing './lib/python3.5/site-packages/qrcode/image'...
Listing './lib/python3.5/site-packages/qrcode/tests'...
Listing './lib/python3.5/site-packages/qrcode-5.1.egg-info'...
Listing './lib/python3.5/site-packages/setuptools'...
Listing './lib/python3.5/site-packages/setuptools/command'...
Listing './lib/python3.5/site-packages/setuptools/extern'...
Listing './lib/python3.5/site-packages/setuptools-32.3.1.dist-info'...
Listing './lib/python3.5/site-packages/six-1.11.0.dist-info'...
Listing './lib/python3.5/site-packages/watchdog'...
Listing './lib/python3.5/site-packages/watchdog/observers'...
Listing './lib/python3.5/site-packages/watchdog/tricks'...
Listing './lib/python3.5/site-packages/watchdog/utils'...
Listing './lib/python3.5/site-packages/watchdog-0.8.3.egg-info'...
Listing './lib/python3.5/site-packages/werkzeug'...
Listing './lib/python3.5/site-packages/werkzeug/contrib'...
Listing './lib/python3.5/site-packages/werkzeug/debug'...
Listing './lib/python3.5/site-packages/werkzeug/debug/shared'...
Listing './lib/python3.5/site-packages/yaml'...
Listing './share'...
Listing './share/man'...
Listing './share/man/man1'...
Listing './share/python-wheels'...
