Listing '.'...
Listing './bin'...
Listing './conf'...
Listing './include'...
Listing './lib'...
Listing './lib/python3.5'...
Listing './lib/python3.5/site-packages'...
Listing './lib/python3.5/site-packages/certifi'...
Listing './lib/python3.5/site-packages/certifi-2017.11.5.dist-info'...
Listing './lib/python3.5/site-packages/chardet'...
Listing './lib/python3.5/site-packages/chardet/cli'...
Listing './lib/python3.5/site-packages/chardet-3.0.4.dist-info'...
Listing './lib/python3.5/site-packages/docopt-0.6.2.egg-info'...
Listing './lib/python3.5/site-packages/future'...
Listing './lib/python3.5/site-packages/future/backports'...
Listing './lib/python3.5/site-packages/future/backports/email'...
Listing './lib/python3.5/site-packages/future/backports/email/mime'...
Listing './lib/python3.5/site-packages/future/backports/html'...
Listing './lib/python3.5/site-packages/future/backports/http'...
Listing './lib/python3.5/site-packages/future/backports/test'...
Listing './lib/python3.5/site-packages/future/backports/urllib'...
Listing './lib/python3.5/site-packages/future/backports/xmlrpc'...
Listing './lib/python3.5/site-packages/future/builtins'...
Listing './lib/python3.5/site-packages/future/moves'...
Listing './lib/python3.5/site-packages/future/moves/dbm'...
Listing './lib/python3.5/site-packages/future/moves/html'...
Listing './lib/python3.5/site-packages/future/moves/http'...
Listing './lib/python3.5/site-packages/future/moves/test'...
Listing './lib/python3.5/site-packages/future/moves/tkinter'...
Listing './lib/python3.5/site-packages/future/moves/urllib'...
Listing './lib/python3.5/site-packages/future/moves/xmlrpc'...
Listing './lib/python3.5/site-packages/future/standard_library'...
Listing './lib/python3.5/site-packages/future/tests'...
Listing './lib/python3.5/site-packages/future/types'...
Listing './lib/python3.5/site-packages/future/utils'...
Listing './lib/python3.5/site-packages/future-0.16.0.egg-info'...
Listing './lib/python3.5/site-packages/idna'...
Listing './lib/python3.5/site-packages/idna-2.6.dist-info'...
Listing './lib/python3.5/site-packages/libfuturize'...
Listing './lib/python3.5/site-packages/libfuturize/fixes'...
Listing './lib/python3.5/site-packages/libpasteurize'...
Listing './lib/python3.5/site-packages/libpasteurize/fixes'...
Listing './lib/python3.5/site-packages/molnctrl'...
Listing './lib/python3.5/site-packages/molnctrl-0.7.9.egg-info'...
Listing './lib/python3.5/site-packages/past'...
Listing './lib/python3.5/site-packages/past/builtins'...
Listing './lib/python3.5/site-packages/past/tests'...
Listing './lib/python3.5/site-packages/past/translation'...
Listing './lib/python3.5/site-packages/past/types'...
Listing './lib/python3.5/site-packages/past/utils'...
Listing './lib/python3.5/site-packages/pip'...
Listing './lib/python3.5/site-packages/pip/_vendor'...
Listing './lib/python3.5/site-packages/pip/commands'...
Listing './lib/python3.5/site-packages/pip/compat'...
Listing './lib/python3.5/site-packages/pip/models'...
Listing './lib/python3.5/site-packages/pip/operations'...
Listing './lib/python3.5/site-packages/pip/req'...
Listing './lib/python3.5/site-packages/pip/utils'...
Listing './lib/python3.5/site-packages/pip/vcs'...
Listing './lib/python3.5/site-packages/pip-9.0.1.dist-info'...
Listing './lib/python3.5/site-packages/pkg_resources'...
Listing './lib/python3.5/site-packages/pkg_resources/_vendor'...
Listing './lib/python3.5/site-packages/pkg_resources/_vendor/packaging'...
Listing './lib/python3.5/site-packages/pkg_resources/extern'...
Listing './lib/python3.5/site-packages/pkg_resources-0.0.0.dist-info'...
Listing './lib/python3.5/site-packages/rbc_tools'...
Compiling './lib/python3.5/site-packages/rbc_tools/config.py'...
***   File "./lib/python3.5/site-packages/rbc_tools/config.py", line 21
    print "Could not find a config file (%s) in ~/rbc/, /etc or current dir." % config_file
                                                                            ^
SyntaxError: invalid syntax

Compiling './lib/python3.5/site-packages/rbc_tools/egress.py'...
***   File "./lib/python3.5/site-packages/rbc_tools/egress.py", line 37
    print "The search returned no networks"
                                          ^
SyntaxError: Missing parentheses in call to 'print'

Compiling './lib/python3.5/site-packages/rbc_tools/instance.py'...
***   File "./lib/python3.5/site-packages/rbc_tools/instance.py", line 83
    print "Unable to get templateid for %s" % a['--template']
                                          ^
SyntaxError: Missing parentheses in call to 'print'

Compiling './lib/python3.5/site-packages/rbc_tools/inventory.py'...
***   File "./lib/python3.5/site-packages/rbc_tools/inventory.py", line 49
    print "Error:%s" % traceback.format_exc()
                   ^
SyntaxError: invalid syntax

Compiling './lib/python3.5/site-packages/rbc_tools/ipaddress.py'...
***   File "./lib/python3.5/site-packages/rbc_tools/ipaddress.py", line 32
    print "Unable to get network, got: %s" % ret
                                         ^
SyntaxError: Missing parentheses in call to 'print'

Compiling './lib/python3.5/site-packages/rbc_tools/network.py'...
***   File "./lib/python3.5/site-packages/rbc_tools/network.py", line 42
    print "Unable to get id for offering"
                                        ^
SyntaxError: Missing parentheses in call to 'print'

Compiling './lib/python3.5/site-packages/rbc_tools/offering.py'...
***   File "./lib/python3.5/site-packages/rbc_tools/offering.py", line 31
    print "The search returned no offerings"
                                           ^
SyntaxError: Missing parentheses in call to 'print'

Compiling './lib/python3.5/site-packages/rbc_tools/portforward.py'...
***   File "./lib/python3.5/site-packages/rbc_tools/portforward.py", line 42
    print "Unable to get network, got: %s" % ret
                                         ^
SyntaxError: Missing parentheses in call to 'print'

Compiling './lib/python3.5/site-packages/rbc_tools/sshkey.py'...
***   File "./lib/python3.5/site-packages/rbc_tools/sshkey.py", line 36
    print "The search returned no ssh keys"
                                          ^
SyntaxError: Missing parentheses in call to 'print'

Compiling './lib/python3.5/site-packages/rbc_tools/staticnat.py'...
***   File "./lib/python3.5/site-packages/rbc_tools/staticnat.py", line 33
    print "Unable to get network, got: %s" % ret
                                         ^
SyntaxError: Missing parentheses in call to 'print'

Compiling './lib/python3.5/site-packages/rbc_tools/template.py'...
***   File "./lib/python3.5/site-packages/rbc_tools/template.py", line 48
    print "Template %s deleted" % args['TEMPLATE']
                              ^
SyntaxError: Missing parentheses in call to 'print'

Compiling './lib/python3.5/site-packages/rbc_tools/vpn.py'...
***   File "./lib/python3.5/site-packages/rbc_tools/vpn.py", line 43
    print "Unable to get network, got: %s" % ret
                                         ^
SyntaxError: Missing parentheses in call to 'print'

Compiling './lib/python3.5/site-packages/rbc_tools/zone.py'...
***   File "./lib/python3.5/site-packages/rbc_tools/zone.py", line 15
    print "The search returned no zones"
                                       ^
SyntaxError: Missing parentheses in call to 'print'

Listing './lib/python3.5/site-packages/rbc_tools-0.3.4.egg-info'...
Listing './lib/python3.5/site-packages/requests'...
Listing './lib/python3.5/site-packages/requests-2.18.4.dist-info'...
Listing './lib/python3.5/site-packages/setuptools'...
Listing './lib/python3.5/site-packages/setuptools/command'...
Listing './lib/python3.5/site-packages/setuptools/extern'...
Listing './lib/python3.5/site-packages/setuptools-32.3.1.dist-info'...
Listing './lib/python3.5/site-packages/simplejson'...
Listing './lib/python3.5/site-packages/simplejson/tests'...
Listing './lib/python3.5/site-packages/simplejson-3.13.2.egg-info'...
Listing './lib/python3.5/site-packages/six-1.11.0.dist-info'...
Listing './lib/python3.5/site-packages/tabulate-0.8.2.egg-info'...
Listing './lib/python3.5/site-packages/translitcodec'...
Listing './lib/python3.5/site-packages/translitcodec-0.4.0.egg-info'...
Listing './lib/python3.5/site-packages/urllib3'...
Listing './lib/python3.5/site-packages/urllib3/contrib'...
Listing './lib/python3.5/site-packages/urllib3/contrib/_securetransport'...
Listing './lib/python3.5/site-packages/urllib3/packages'...
Listing './lib/python3.5/site-packages/urllib3/packages/backports'...
Listing './lib/python3.5/site-packages/urllib3/packages/ssl_match_hostname'...
Listing './lib/python3.5/site-packages/urllib3/util'...
Listing './lib/python3.5/site-packages/urllib3-1.22.dist-info'...
Listing './log'...
Listing './share'...
Listing './share/python-wheels'...
