Listing '.'...
Listing './bin'...
Listing './include'...
Listing './lib'...
Listing './lib/python3.5'...
Listing './lib/python3.5/site-packages'...
Listing './lib/python3.5/site-packages/IPython'...
Listing './lib/python3.5/site-packages/IPython/core'...
Listing './lib/python3.5/site-packages/IPython/core/magics'...
Listing './lib/python3.5/site-packages/IPython/core/profile'...
Listing './lib/python3.5/site-packages/IPython/core/tests'...
Listing './lib/python3.5/site-packages/IPython/core/tests/daft_extension'...
Listing './lib/python3.5/site-packages/IPython/extensions'...
Listing './lib/python3.5/site-packages/IPython/extensions/tests'...
Listing './lib/python3.5/site-packages/IPython/external'...
Listing './lib/python3.5/site-packages/IPython/external/decorators'...
Listing './lib/python3.5/site-packages/IPython/kernel'...
Listing './lib/python3.5/site-packages/IPython/lib'...
Listing './lib/python3.5/site-packages/IPython/lib/tests'...
Listing './lib/python3.5/site-packages/IPython/sphinxext'...
Listing './lib/python3.5/site-packages/IPython/terminal'...
Listing './lib/python3.5/site-packages/IPython/terminal/pt_inputhooks'...
Listing './lib/python3.5/site-packages/IPython/terminal/tests'...
Listing './lib/python3.5/site-packages/IPython/testing'...
Listing './lib/python3.5/site-packages/IPython/testing/plugin'...
Listing './lib/python3.5/site-packages/IPython/testing/tests'...
Listing './lib/python3.5/site-packages/IPython/utils'...
Listing './lib/python3.5/site-packages/IPython/utils/tests'...
Listing './lib/python3.5/site-packages/Pygments-2.2.0.dist-info'...
Listing './lib/python3.5/site-packages/appdirs-1.4.3.dist-info'...
Listing './lib/python3.5/site-packages/baron'...
Listing './lib/python3.5/site-packages/baron-0.6.6.dist-info'...
Listing './lib/python3.5/site-packages/decorator-4.1.2.dist-info'...
Listing './lib/python3.5/site-packages/ipython-6.2.1.dist-info'...
Listing './lib/python3.5/site-packages/ipython_genutils'...
Listing './lib/python3.5/site-packages/ipython_genutils/testing'...
Listing './lib/python3.5/site-packages/ipython_genutils/tests'...
Listing './lib/python3.5/site-packages/ipython_genutils-0.2.0.dist-info'...
Listing './lib/python3.5/site-packages/jedi'...
Listing './lib/python3.5/site-packages/jedi/api'...
Listing './lib/python3.5/site-packages/jedi/common'...
Listing './lib/python3.5/site-packages/jedi/evaluate'...
Listing './lib/python3.5/site-packages/jedi/evaluate/compiled'...
Listing './lib/python3.5/site-packages/jedi/evaluate/compiled/fake'...
Listing './lib/python3.5/site-packages/jedi/evaluate/context'...
Listing './lib/python3.5/site-packages/jedi-0.11.1.dist-info'...
Listing './lib/python3.5/site-packages/parso'...
Listing './lib/python3.5/site-packages/parso/pgen2'...
Listing './lib/python3.5/site-packages/parso/python'...
Listing './lib/python3.5/site-packages/parso-0.1.1.dist-info'...
Listing './lib/python3.5/site-packages/pexpect'...
Listing './lib/python3.5/site-packages/pexpect-4.3.1.dist-info'...
Listing './lib/python3.5/site-packages/pickleshare-0.7.4.dist-info'...
Listing './lib/python3.5/site-packages/pip'...
Listing './lib/python3.5/site-packages/pip/_vendor'...
Listing './lib/python3.5/site-packages/pip/commands'...
Listing './lib/python3.5/site-packages/pip/compat'...
Listing './lib/python3.5/site-packages/pip/models'...
Listing './lib/python3.5/site-packages/pip/operations'...
Listing './lib/python3.5/site-packages/pip/req'...
Listing './lib/python3.5/site-packages/pip/utils'...
Listing './lib/python3.5/site-packages/pip/vcs'...
Listing './lib/python3.5/site-packages/pip-9.0.1.dist-info'...
Listing './lib/python3.5/site-packages/pkg_resources'...
Listing './lib/python3.5/site-packages/pkg_resources/_vendor'...
Listing './lib/python3.5/site-packages/pkg_resources/_vendor/packaging'...
Listing './lib/python3.5/site-packages/pkg_resources/extern'...
Listing './lib/python3.5/site-packages/pkg_resources-0.0.0.dist-info'...
Listing './lib/python3.5/site-packages/prompt_toolkit'...
Listing './lib/python3.5/site-packages/prompt_toolkit/clipboard'...
Listing './lib/python3.5/site-packages/prompt_toolkit/contrib'...
Listing './lib/python3.5/site-packages/prompt_toolkit/contrib/completers'...
Listing './lib/python3.5/site-packages/prompt_toolkit/contrib/regular_languages'...
Listing './lib/python3.5/site-packages/prompt_toolkit/contrib/telnet'...
Listing './lib/python3.5/site-packages/prompt_toolkit/contrib/validators'...
Listing './lib/python3.5/site-packages/prompt_toolkit/eventloop'...
Listing './lib/python3.5/site-packages/prompt_toolkit/filters'...
Listing './lib/python3.5/site-packages/prompt_toolkit/key_binding'...
Listing './lib/python3.5/site-packages/prompt_toolkit/key_binding/bindings'...
Listing './lib/python3.5/site-packages/prompt_toolkit/layout'...
Listing './lib/python3.5/site-packages/prompt_toolkit/styles'...
Listing './lib/python3.5/site-packages/prompt_toolkit/terminal'...
Listing './lib/python3.5/site-packages/prompt_toolkit-1.0.15.dist-info'...
Listing './lib/python3.5/site-packages/ptyprocess'...
Listing './lib/python3.5/site-packages/ptyprocess-0.5.2.dist-info'...
Listing './lib/python3.5/site-packages/pygments'...
Listing './lib/python3.5/site-packages/pygments/filters'...
Listing './lib/python3.5/site-packages/pygments/formatters'...
Listing './lib/python3.5/site-packages/pygments/lexers'...
Listing './lib/python3.5/site-packages/pygments/styles'...
Listing './lib/python3.5/site-packages/redbaron'...
Listing './lib/python3.5/site-packages/redbaron-0.6.3.dist-info'...
Listing './lib/python3.5/site-packages/redflyingbaron-0.1.1.dist-info'...
Compiling './lib/python3.5/site-packages/redflyingbaron.py'...
***   File "./lib/python3.5/site-packages/redflyingbaron.py", line 101
    print "==============================================================================="
                                                                                          ^
SyntaxError: Missing parentheses in call to 'print'

Listing './lib/python3.5/site-packages/rply'...
Listing './lib/python3.5/site-packages/rply-0.7.5.dist-info'...
Listing './lib/python3.5/site-packages/setuptools'...
Listing './lib/python3.5/site-packages/setuptools/command'...
Listing './lib/python3.5/site-packages/setuptools/extern'...
Listing './lib/python3.5/site-packages/setuptools-32.3.1.dist-info'...
Listing './lib/python3.5/site-packages/simplegeneric-0.8.1.dist-info'...
Listing './lib/python3.5/site-packages/six-1.11.0.dist-info'...
Listing './lib/python3.5/site-packages/test'...
Listing './lib/python3.5/site-packages/test/completion'...
Compiling './lib/python3.5/site-packages/test/completion/arrays.py'...
***   File "./lib/python3.5/site-packages/test/completion/arrays.py", line 179
    g.
     ^
SyntaxError: invalid syntax

Compiling './lib/python3.5/site-packages/test/completion/async_.py'...
***   File "./lib/python3.5/site-packages/test/completion/async_.py", line 17
    a = await x()
              ^
SyntaxError: invalid syntax

Compiling './lib/python3.5/site-packages/test/completion/basic.py'...
***   File "./lib/python3.5/site-packages/test/completion/basic.py", line 16
    .
    ^
SyntaxError: invalid syntax

Compiling './lib/python3.5/site-packages/test/completion/classes.py'...
***   File "./lib/python3.5/site-packages/test/completion/classes.py", line 84
    TestClass.var_local.
                       ^
SyntaxError: invalid syntax

Compiling './lib/python3.5/site-packages/test/completion/completion.py'...
***   File "./lib/python3.5/site-packages/test/completion/completion.py", line 32
    else
       ^
SyntaxError: invalid syntax

Compiling './lib/python3.5/site-packages/test/completion/context.py'...
***   File "./lib/python3.5/site-packages/test/completion/context.py", line 15
    def actual_function
                      ^
SyntaxError: invalid syntax

Compiling './lib/python3.5/site-packages/test/completion/decorators.py'...
***   File "./lib/python3.5/site-packages/test/completion/decorators.py", line 41
    exe[3][0].
             ^
SyntaxError: invalid syntax

Compiling './lib/python3.5/site-packages/test/completion/definition.py'...
***   File "./lib/python3.5/site-packages/test/completion/definition.py", line 55
    def x(): pass  # acts like EOF
      ^
SyntaxError: invalid syntax

Compiling './lib/python3.5/site-packages/test/completion/descriptors.py'...
***   File "./lib/python3.5/site-packages/test/completion/descriptors.py", line 65
    B().r().
           ^
SyntaxError: invalid syntax

Compiling './lib/python3.5/site-packages/test/completion/functions.py'...
***   File "./lib/python3.5/site-packages/test/completion/functions.py", line 15
    array.first_param.
                     ^
SyntaxError: invalid syntax

Compiling './lib/python3.5/site-packages/test/completion/generators.py'...
***   File "./lib/python3.5/site-packages/test/completion/generators.py", line 25
    next(gen_ret()).
                   ^
SyntaxError: invalid syntax

Listing './lib/python3.5/site-packages/test/completion/import_tree'...
Listing './lib/python3.5/site-packages/test/completion/import_tree/pkg'...
Compiling './lib/python3.5/site-packages/test/completion/imports.py'...
***   File "./lib/python3.5/site-packages/test/completion/imports.py", line 53
    a = import_tree.pkg.mod1.
                            ^
SyntaxError: invalid syntax

Compiling './lib/python3.5/site-packages/test/completion/invalid.py'...
***   File "./lib/python3.5/site-packages/test/completion/invalid.py", line 14
    str()).upper
         ^
SyntaxError: invalid syntax

Compiling './lib/python3.5/site-packages/test/completion/isinstance.py'...
***   File "./lib/python3.5/site-packages/test/completion/isinstance.py", line 71
    value.
         ^
SyntaxError: invalid syntax

Compiling './lib/python3.5/site-packages/test/completion/keywords.py'...
***   File "./lib/python3.5/site-packages/test/completion/keywords.py", line 6
    except
         ^
SyntaxError: invalid syntax

Compiling './lib/python3.5/site-packages/test/completion/named_param.py'...
***   File "./lib/python3.5/site-packages/test/completion/named_param.py", line 33
    my_lambda = lambda lambda_param: lambda_param + 1
            ^
SyntaxError: invalid syntax

Compiling './lib/python3.5/site-packages/test/completion/on_import.py'...
***   File "./lib/python3.5/site-packages/test/completion/on_import.py", line 3
    from import_tree.pkg.
                        ^
SyntaxError: invalid syntax

Compiling './lib/python3.5/site-packages/test/completion/ordering.py'...
***   File "./lib/python3.5/site-packages/test/completion/ordering.py", line 82
    a_param.
           ^
SyntaxError: invalid syntax

Compiling './lib/python3.5/site-packages/test/completion/parser.py'...
***   File "./lib/python3.5/site-packages/test/completion/parser.py", line 36
    str(def
          ^
SyntaxError: invalid syntax

Compiling './lib/python3.5/site-packages/test/completion/pep0526_variables.py'...
***   File "./lib/python3.5/site-packages/test/completion/pep0526_variables.py", line 10
    asdf: int
        ^
SyntaxError: invalid syntax

Compiling './lib/python3.5/site-packages/test/completion/sys_path.py'...
***   File "./lib/python3.5/site-packages/test/completion/sys_path.py", line 11
    sys.path.append('a' +* '/thirdparty')
                         ^
SyntaxError: invalid syntax

Listing './lib/python3.5/site-packages/test/completion/thirdparty'...
Compiling './lib/python3.5/site-packages/test/completion/thirdparty/PyQt4_.py'...
***   File "./lib/python3.5/site-packages/test/completion/thirdparty/PyQt4_.py", line 11
    QStyleOptionComboBox().currentText.
                                      ^
SyntaxError: invalid syntax

Compiling './lib/python3.5/site-packages/test/completion/usages.py'...
***   File "./lib/python3.5/site-packages/test/completion/usages.py", line 19
    abc =
         ^
SyntaxError: invalid syntax

Listing './lib/python3.5/site-packages/test/test_api'...
Listing './lib/python3.5/site-packages/test/test_api/import_tree_for_usages'...
Listing './lib/python3.5/site-packages/test/test_api/simple_import'...
Listing './lib/python3.5/site-packages/test/test_evaluate'...
Listing './lib/python3.5/site-packages/test/test_evaluate/absolute_import'...
Listing './lib/python3.5/site-packages/test/test_evaluate/buildout_project'...
Listing './lib/python3.5/site-packages/test/test_evaluate/buildout_project/bin'...
Listing './lib/python3.5/site-packages/test/test_evaluate/buildout_project/src'...
Listing './lib/python3.5/site-packages/test/test_evaluate/buildout_project/src/proj_name'...
Listing './lib/python3.5/site-packages/test/test_evaluate/flask-site-packages'...
Listing './lib/python3.5/site-packages/test/test_evaluate/flask-site-packages/flask'...
Listing './lib/python3.5/site-packages/test/test_evaluate/flask-site-packages/flask/ext'...
Listing './lib/python3.5/site-packages/test/test_evaluate/flask-site-packages/flask_baz'...
Listing './lib/python3.5/site-packages/test/test_evaluate/flask-site-packages/flaskext'...
Listing './lib/python3.5/site-packages/test/test_evaluate/flask-site-packages/flaskext/moo'...
Listing './lib/python3.5/site-packages/test/test_evaluate/implicit_namespace_package'...
Listing './lib/python3.5/site-packages/test/test_evaluate/implicit_namespace_package/ns1'...
Listing './lib/python3.5/site-packages/test/test_evaluate/implicit_namespace_package/ns1/pkg'...
Listing './lib/python3.5/site-packages/test/test_evaluate/implicit_namespace_package/ns2'...
Listing './lib/python3.5/site-packages/test/test_evaluate/implicit_namespace_package/ns2/pkg'...
Listing './lib/python3.5/site-packages/test/test_evaluate/implicit_nested_namespaces'...
Listing './lib/python3.5/site-packages/test/test_evaluate/implicit_nested_namespaces/namespace'...
Listing './lib/python3.5/site-packages/test/test_evaluate/implicit_nested_namespaces/namespace/pkg'...
Listing './lib/python3.5/site-packages/test/test_evaluate/init_extension_module'...
Listing './lib/python3.5/site-packages/test/test_evaluate/namespace_package'...
Listing './lib/python3.5/site-packages/test/test_evaluate/namespace_package/ns1'...
Listing './lib/python3.5/site-packages/test/test_evaluate/namespace_package/ns1/pkg'...
Listing './lib/python3.5/site-packages/test/test_evaluate/namespace_package/ns1/pkg/ns1_folder'...
Listing './lib/python3.5/site-packages/test/test_evaluate/namespace_package/ns2'...
Listing './lib/python3.5/site-packages/test/test_evaluate/namespace_package/ns2/pkg'...
Listing './lib/python3.5/site-packages/test/test_evaluate/namespace_package/ns2/pkg/ns2_folder'...
Listing './lib/python3.5/site-packages/test/test_evaluate/namespace_package/ns2/pkg/ns2_folder/nested'...
Listing './lib/python3.5/site-packages/test/test_evaluate/nested_namespaces'...
Listing './lib/python3.5/site-packages/test/test_evaluate/nested_namespaces/namespace'...
Listing './lib/python3.5/site-packages/test/test_evaluate/nested_namespaces/namespace/pkg'...
Listing './lib/python3.5/site-packages/test/test_evaluate/not_in_sys_path'...
Listing './lib/python3.5/site-packages/test/test_evaluate/not_in_sys_path/not_in_sys_path_package'...
Listing './lib/python3.5/site-packages/test/test_evaluate/not_in_sys_path/pkg'...
Listing './lib/python3.5/site-packages/test/test_evaluate/sample_venvs'...
Listing './lib/python3.5/site-packages/test/test_evaluate/sample_venvs/venv27'...
Listing './lib/python3.5/site-packages/test/test_evaluate/sample_venvs/venv27/lib'...
Listing './lib/python3.5/site-packages/test/test_evaluate/sample_venvs/venv27/lib/python2.7'...
Listing './lib/python3.5/site-packages/test/test_evaluate/sample_venvs/venv27/lib/python2.7/site-packages'...
Listing './lib/python3.5/site-packages/test/test_evaluate/sample_venvs/venv34'...
Listing './lib/python3.5/site-packages/test/test_evaluate/sample_venvs/venv34/lib'...
Listing './lib/python3.5/site-packages/test/test_evaluate/sample_venvs/venv34/lib/python3.4'...
Listing './lib/python3.5/site-packages/test/test_evaluate/sample_venvs/venv34/lib/python3.4/site-packages'...
Listing './lib/python3.5/site-packages/test/test_evaluate/zipped_imports'...
Listing './lib/python3.5/site-packages/traitlets'...
Listing './lib/python3.5/site-packages/traitlets/config'...
Listing './lib/python3.5/site-packages/traitlets/config/tests'...
Listing './lib/python3.5/site-packages/traitlets/tests'...
Listing './lib/python3.5/site-packages/traitlets/utils'...
Listing './lib/python3.5/site-packages/traitlets/utils/tests'...
Listing './lib/python3.5/site-packages/traitlets-4.3.2.dist-info'...
Listing './lib/python3.5/site-packages/wcwidth'...
Listing './lib/python3.5/site-packages/wcwidth/tests'...
Listing './lib/python3.5/site-packages/wcwidth-0.1.7.dist-info'...
Listing './share'...
Listing './share/man'...
Listing './share/man/man1'...
Listing './share/python-wheels'...
