Listing '.'...
Listing './bin'...
Listing './include'...
Listing './lib'...
Listing './lib/python3.5'...
Listing './lib/python3.5/site-packages'...
Listing './lib/python3.5/site-packages/Automat-0.6.0.dist-info'...
Listing './lib/python3.5/site-packages/OpenSSL'...
Listing './lib/python3.5/site-packages/Scrapy-0.22.2.egg-info'...
Listing './lib/python3.5/site-packages/Twisted-17.9.0.egg-info'...
Listing './lib/python3.5/site-packages/asn1crypto'...
Listing './lib/python3.5/site-packages/asn1crypto/_perf'...
Listing './lib/python3.5/site-packages/asn1crypto-0.24.0.dist-info'...
Listing './lib/python3.5/site-packages/attr'...
Listing './lib/python3.5/site-packages/attrs-17.4.0.dist-info'...
Listing './lib/python3.5/site-packages/automat'...
Listing './lib/python3.5/site-packages/automat/_test'...
Listing './lib/python3.5/site-packages/cffi'...
Listing './lib/python3.5/site-packages/cffi-0.8.2.egg-info'...
Listing './lib/python3.5/site-packages/constantly'...
Listing './lib/python3.5/site-packages/constantly-15.1.0.dist-info'...
Listing './lib/python3.5/site-packages/cryptography'...
Listing './lib/python3.5/site-packages/cryptography/hazmat'...
Listing './lib/python3.5/site-packages/cryptography/hazmat/backends'...
Listing './lib/python3.5/site-packages/cryptography/hazmat/backends/openssl'...
Listing './lib/python3.5/site-packages/cryptography/hazmat/bindings'...
Listing './lib/python3.5/site-packages/cryptography/hazmat/bindings/openssl'...
Listing './lib/python3.5/site-packages/cryptography/hazmat/primitives'...
Listing './lib/python3.5/site-packages/cryptography/hazmat/primitives/asymmetric'...
Listing './lib/python3.5/site-packages/cryptography/hazmat/primitives/ciphers'...
Listing './lib/python3.5/site-packages/cryptography/hazmat/primitives/kdf'...
Listing './lib/python3.5/site-packages/cryptography/hazmat/primitives/twofactor'...
Listing './lib/python3.5/site-packages/cryptography/x509'...
Listing './lib/python3.5/site-packages/cryptography-2.1.4.dist-info'...
Listing './lib/python3.5/site-packages/cssselect'...
Listing './lib/python3.5/site-packages/cssselect-1.0.3.dist-info'...
Listing './lib/python3.5/site-packages/exampleproj'...
Listing './lib/python3.5/site-packages/hyperlink'...
Listing './lib/python3.5/site-packages/hyperlink/test'...
Listing './lib/python3.5/site-packages/hyperlink-17.3.1.dist-info'...
Listing './lib/python3.5/site-packages/idna'...
Listing './lib/python3.5/site-packages/idna-2.6.dist-info'...
Listing './lib/python3.5/site-packages/incremental'...
Listing './lib/python3.5/site-packages/incremental/tests'...
Listing './lib/python3.5/site-packages/incremental-17.5.0.dist-info'...
Listing './lib/python3.5/site-packages/lxml'...
Listing './lib/python3.5/site-packages/lxml/html'...
Listing './lib/python3.5/site-packages/lxml/includes'...
Listing './lib/python3.5/site-packages/lxml/includes/libexslt'...
Listing './lib/python3.5/site-packages/lxml/includes/libxml'...
Listing './lib/python3.5/site-packages/lxml/includes/libxslt'...
Listing './lib/python3.5/site-packages/lxml/isoschematron'...
Listing './lib/python3.5/site-packages/lxml/isoschematron/resources'...
Listing './lib/python3.5/site-packages/lxml/isoschematron/resources/rng'...
Listing './lib/python3.5/site-packages/lxml/isoschematron/resources/xsl'...
Listing './lib/python3.5/site-packages/lxml/isoschematron/resources/xsl/iso-schematron-xslt1'...
Listing './lib/python3.5/site-packages/lxml-4.1.1.dist-info'...
Listing './lib/python3.5/site-packages/pip'...
Listing './lib/python3.5/site-packages/pip/_vendor'...
Listing './lib/python3.5/site-packages/pip/commands'...
Listing './lib/python3.5/site-packages/pip/compat'...
Listing './lib/python3.5/site-packages/pip/models'...
Listing './lib/python3.5/site-packages/pip/operations'...
Listing './lib/python3.5/site-packages/pip/req'...
Listing './lib/python3.5/site-packages/pip/utils'...
Listing './lib/python3.5/site-packages/pip/vcs'...
Listing './lib/python3.5/site-packages/pip-9.0.1.dist-info'...
Listing './lib/python3.5/site-packages/pkg_resources'...
Listing './lib/python3.5/site-packages/pkg_resources/_vendor'...
Listing './lib/python3.5/site-packages/pkg_resources/_vendor/packaging'...
Listing './lib/python3.5/site-packages/pkg_resources/extern'...
Listing './lib/python3.5/site-packages/pkg_resources-0.0.0.dist-info'...
Listing './lib/python3.5/site-packages/pyOpenSSL-17.5.0.dist-info'...
Listing './lib/python3.5/site-packages/pycparser'...
Listing './lib/python3.5/site-packages/pycparser/ply'...
Listing './lib/python3.5/site-packages/pycparser-2.18.egg-info'...
Listing './lib/python3.5/site-packages/queuelib'...
Listing './lib/python3.5/site-packages/queuelib/tests'...
Listing './lib/python3.5/site-packages/queuelib-1.4.2.dist-info'...
Listing './lib/python3.5/site-packages/redis'...
Listing './lib/python3.5/site-packages/redis-2.8.0.egg-info'...
Listing './lib/python3.5/site-packages/requests'...
Listing './lib/python3.5/site-packages/requests/packages'...
Listing './lib/python3.5/site-packages/requests/packages/charade'...
Listing './lib/python3.5/site-packages/requests/packages/urllib3'...
Listing './lib/python3.5/site-packages/requests/packages/urllib3/contrib'...
Compiling './lib/python3.5/site-packages/requests/packages/urllib3/contrib/ntlmpool.py'...
***   File "./lib/python3.5/site-packages/requests/packages/urllib3/contrib/ntlmpool.py", line 38
    """
     ^
SyntaxError: (unicode error) 'unicodeescape' codec can't decode bytes in position 130-131: truncated \uXXXX escape

Listing './lib/python3.5/site-packages/requests/packages/urllib3/packages'...
Listing './lib/python3.5/site-packages/requests/packages/urllib3/packages/ssl_match_hostname'...
Listing './lib/python3.5/site-packages/requests-1.2.3.egg-info'...
Listing './lib/python3.5/site-packages/scrapy'...
Listing './lib/python3.5/site-packages/scrapy/commands'...
Listing './lib/python3.5/site-packages/scrapy/contracts'...
Listing './lib/python3.5/site-packages/scrapy/contrib'...
Listing './lib/python3.5/site-packages/scrapy/contrib/downloadermiddleware'...
Compiling './lib/python3.5/site-packages/scrapy/contrib/downloadermiddleware/ajaxcrawl.py'...
***   File "./lib/python3.5/site-packages/scrapy/contrib/downloadermiddleware/ajaxcrawl.py", line 64
    _ajax_crawlable_re = re.compile(ur'<meta\s+name=["\']fragment["\']\s+content=["\']!["\']/?>')
                                                                                               ^
SyntaxError: invalid syntax

Listing './lib/python3.5/site-packages/scrapy/contrib/exporter'...
Listing './lib/python3.5/site-packages/scrapy/contrib/linkextractors'...
Listing './lib/python3.5/site-packages/scrapy/contrib/loader'...
Listing './lib/python3.5/site-packages/scrapy/contrib/pipeline'...
Listing './lib/python3.5/site-packages/scrapy/contrib/spidermiddleware'...
Listing './lib/python3.5/site-packages/scrapy/contrib/spiders'...
Listing './lib/python3.5/site-packages/scrapy/contrib/webservice'...
Listing './lib/python3.5/site-packages/scrapy/contrib_exp'...
Listing './lib/python3.5/site-packages/scrapy/contrib_exp/downloadermiddleware'...
Listing './lib/python3.5/site-packages/scrapy/core'...
Listing './lib/python3.5/site-packages/scrapy/core/downloader'...
Listing './lib/python3.5/site-packages/scrapy/core/downloader/handlers'...
Listing './lib/python3.5/site-packages/scrapy/http'...
Listing './lib/python3.5/site-packages/scrapy/http/request'...
Listing './lib/python3.5/site-packages/scrapy/http/response'...
Listing './lib/python3.5/site-packages/scrapy/selector'...
Listing './lib/python3.5/site-packages/scrapy/settings'...
Listing './lib/python3.5/site-packages/scrapy/templates'...
Listing './lib/python3.5/site-packages/scrapy/templates/project'...
Listing './lib/python3.5/site-packages/scrapy/templates/project/module'...
Listing './lib/python3.5/site-packages/scrapy/templates/project/module/spiders'...
Listing './lib/python3.5/site-packages/scrapy/templates/spiders'...
Listing './lib/python3.5/site-packages/scrapy/tests'...
Listing './lib/python3.5/site-packages/scrapy/tests/mocks'...
Listing './lib/python3.5/site-packages/scrapy/tests/sample_data'...
Listing './lib/python3.5/site-packages/scrapy/tests/sample_data/compressed'...
Listing './lib/python3.5/site-packages/scrapy/tests/sample_data/feeds'...
Listing './lib/python3.5/site-packages/scrapy/tests/sample_data/link_extractor'...
Listing './lib/python3.5/site-packages/scrapy/tests/sample_data/test_site'...
Listing './lib/python3.5/site-packages/scrapy/tests/test_cmdline'...
Listing './lib/python3.5/site-packages/scrapy/tests/test_djangoitem'...
Listing './lib/python3.5/site-packages/scrapy/tests/test_spidermanager'...
Listing './lib/python3.5/site-packages/scrapy/tests/test_spidermanager/test_spiders'...
Listing './lib/python3.5/site-packages/scrapy/tests/test_utils_misc'...
Listing './lib/python3.5/site-packages/scrapy/tests/test_utils_misc/test_walk_modules'...
Listing './lib/python3.5/site-packages/scrapy/tests/test_utils_misc/test_walk_modules/mod'...
Listing './lib/python3.5/site-packages/scrapy/utils'...
Listing './lib/python3.5/site-packages/scrapy/xlib'...
Listing './lib/python3.5/site-packages/scrapy/xlib/pydispatch'...
Listing './lib/python3.5/site-packages/scrapy/xlib/tx'...
Listing './lib/python3.5/site-packages/scrapy_model-0.1.5.dist-info'...
Listing './lib/python3.5/site-packages/setuptools'...
Listing './lib/python3.5/site-packages/setuptools/command'...
Listing './lib/python3.5/site-packages/setuptools/extern'...
Listing './lib/python3.5/site-packages/setuptools-32.3.1.dist-info'...
Listing './lib/python3.5/site-packages/six-1.11.0.dist-info'...
Listing './lib/python3.5/site-packages/twisted'...
Listing './lib/python3.5/site-packages/twisted/_threads'...
Listing './lib/python3.5/site-packages/twisted/_threads/test'...
Listing './lib/python3.5/site-packages/twisted/application'...
Listing './lib/python3.5/site-packages/twisted/application/runner'...
Listing './lib/python3.5/site-packages/twisted/application/runner/test'...
Listing './lib/python3.5/site-packages/twisted/application/test'...
Listing './lib/python3.5/site-packages/twisted/application/twist'...
Listing './lib/python3.5/site-packages/twisted/application/twist/test'...
Listing './lib/python3.5/site-packages/twisted/conch'...
Listing './lib/python3.5/site-packages/twisted/conch/client'...
Listing './lib/python3.5/site-packages/twisted/conch/insults'...
Listing './lib/python3.5/site-packages/twisted/conch/openssh_compat'...
Listing './lib/python3.5/site-packages/twisted/conch/scripts'...
Listing './lib/python3.5/site-packages/twisted/conch/ssh'...
Listing './lib/python3.5/site-packages/twisted/conch/test'...
Listing './lib/python3.5/site-packages/twisted/conch/ui'...
Listing './lib/python3.5/site-packages/twisted/cred'...
Listing './lib/python3.5/site-packages/twisted/cred/test'...
Listing './lib/python3.5/site-packages/twisted/enterprise'...
Listing './lib/python3.5/site-packages/twisted/internet'...
Listing './lib/python3.5/site-packages/twisted/internet/iocpreactor'...
Listing './lib/python3.5/site-packages/twisted/internet/iocpreactor/iocpsupport'...
Listing './lib/python3.5/site-packages/twisted/internet/test'...
Listing './lib/python3.5/site-packages/twisted/internet/test/fake_CAs'...
Listing './lib/python3.5/site-packages/twisted/logger'...
Listing './lib/python3.5/site-packages/twisted/logger/test'...
Listing './lib/python3.5/site-packages/twisted/mail'...
Listing './lib/python3.5/site-packages/twisted/mail/test'...
Listing './lib/python3.5/site-packages/twisted/names'...
Listing './lib/python3.5/site-packages/twisted/names/test'...
Listing './lib/python3.5/site-packages/twisted/pair'...
Listing './lib/python3.5/site-packages/twisted/pair/test'...
Listing './lib/python3.5/site-packages/twisted/persisted'...
Listing './lib/python3.5/site-packages/twisted/persisted/test'...
Listing './lib/python3.5/site-packages/twisted/plugins'...
Listing './lib/python3.5/site-packages/twisted/positioning'...
Listing './lib/python3.5/site-packages/twisted/positioning/test'...
Listing './lib/python3.5/site-packages/twisted/protocols'...
Listing './lib/python3.5/site-packages/twisted/protocols/haproxy'...
Listing './lib/python3.5/site-packages/twisted/protocols/haproxy/test'...
Listing './lib/python3.5/site-packages/twisted/protocols/test'...
Listing './lib/python3.5/site-packages/twisted/python'...
Listing './lib/python3.5/site-packages/twisted/python/_pydoctortemplates'...
Listing './lib/python3.5/site-packages/twisted/python/test'...
Listing './lib/python3.5/site-packages/twisted/runner'...
Listing './lib/python3.5/site-packages/twisted/runner/test'...
Listing './lib/python3.5/site-packages/twisted/scripts'...
Listing './lib/python3.5/site-packages/twisted/scripts/test'...
Listing './lib/python3.5/site-packages/twisted/spread'...
Listing './lib/python3.5/site-packages/twisted/spread/test'...
Listing './lib/python3.5/site-packages/twisted/tap'...
Listing './lib/python3.5/site-packages/twisted/test'...
Listing './lib/python3.5/site-packages/twisted/trial'...
Listing './lib/python3.5/site-packages/twisted/trial/_dist'...
Listing './lib/python3.5/site-packages/twisted/trial/_dist/test'...
Listing './lib/python3.5/site-packages/twisted/trial/test'...
Listing './lib/python3.5/site-packages/twisted/web'...
Listing './lib/python3.5/site-packages/twisted/web/_auth'...
Listing './lib/python3.5/site-packages/twisted/web/test'...
Listing './lib/python3.5/site-packages/twisted/words'...
Listing './lib/python3.5/site-packages/twisted/words/im'...
Listing './lib/python3.5/site-packages/twisted/words/protocols'...
Listing './lib/python3.5/site-packages/twisted/words/protocols/jabber'...
Listing './lib/python3.5/site-packages/twisted/words/test'...
Listing './lib/python3.5/site-packages/twisted/words/xish'...
Listing './lib/python3.5/site-packages/w3lib'...
Listing './lib/python3.5/site-packages/w3lib-1.18.0.dist-info'...
Listing './lib/python3.5/site-packages/wheel'...
Listing './lib/python3.5/site-packages/wheel/signatures'...
Listing './lib/python3.5/site-packages/wheel/test'...
Listing './lib/python3.5/site-packages/wheel/test/complex-dist'...
Listing './lib/python3.5/site-packages/wheel/test/complex-dist/complexdist'...
Listing './lib/python3.5/site-packages/wheel/test/headers.dist'...
Listing './lib/python3.5/site-packages/wheel/test/simple.dist'...
Listing './lib/python3.5/site-packages/wheel/test/simple.dist/simpledist'...
Listing './lib/python3.5/site-packages/wheel/tool'...
Listing './lib/python3.5/site-packages/wheel-0.23.0.dist-info'...
Listing './lib/python3.5/site-packages/zope'...
Listing './lib/python3.5/site-packages/zope/interface'...
Listing './lib/python3.5/site-packages/zope/interface/common'...
Listing './lib/python3.5/site-packages/zope/interface/common/tests'...
Listing './lib/python3.5/site-packages/zope/interface/tests'...
Listing './lib/python3.5/site-packages/zope.interface-4.4.3.dist-info'...
Listing './share'...
Listing './share/python-wheels'...
