Listing '.'...
Listing './bin'...
Compiling './bin/mibdump.py'...
Listing './include'...
Listing './lib'...
Listing './lib/python3.5'...
Listing './lib/python3.5/site-packages'...
Listing './lib/python3.5/site-packages/Cryptodome'...
Listing './lib/python3.5/site-packages/Cryptodome/Cipher'...
Listing './lib/python3.5/site-packages/Cryptodome/Hash'...
Listing './lib/python3.5/site-packages/Cryptodome/IO'...
Listing './lib/python3.5/site-packages/Cryptodome/Math'...
Listing './lib/python3.5/site-packages/Cryptodome/Protocol'...
Listing './lib/python3.5/site-packages/Cryptodome/PublicKey'...
Listing './lib/python3.5/site-packages/Cryptodome/Random'...
Listing './lib/python3.5/site-packages/Cryptodome/SelfTest'...
Listing './lib/python3.5/site-packages/Cryptodome/SelfTest/Cipher'...
Listing './lib/python3.5/site-packages/Cryptodome/SelfTest/Cipher/test_vectors'...
Listing './lib/python3.5/site-packages/Cryptodome/SelfTest/Cipher/test_vectors/AES'...
Listing './lib/python3.5/site-packages/Cryptodome/SelfTest/Cipher/test_vectors/TDES'...
Listing './lib/python3.5/site-packages/Cryptodome/SelfTest/Hash'...
Listing './lib/python3.5/site-packages/Cryptodome/SelfTest/Hash/test_vectors'...
Listing './lib/python3.5/site-packages/Cryptodome/SelfTest/Hash/test_vectors/BLAKE2b'...
Listing './lib/python3.5/site-packages/Cryptodome/SelfTest/Hash/test_vectors/BLAKE2s'...
Listing './lib/python3.5/site-packages/Cryptodome/SelfTest/Hash/test_vectors/SHA3'...
Listing './lib/python3.5/site-packages/Cryptodome/SelfTest/Hash/test_vectors/keccak'...
Listing './lib/python3.5/site-packages/Cryptodome/SelfTest/IO'...
Listing './lib/python3.5/site-packages/Cryptodome/SelfTest/Math'...
Listing './lib/python3.5/site-packages/Cryptodome/SelfTest/Protocol'...
Listing './lib/python3.5/site-packages/Cryptodome/SelfTest/PublicKey'...
Listing './lib/python3.5/site-packages/Cryptodome/SelfTest/PublicKey/test_vectors'...
Listing './lib/python3.5/site-packages/Cryptodome/SelfTest/PublicKey/test_vectors/ECC'...
Listing './lib/python3.5/site-packages/Cryptodome/SelfTest/Random'...
Listing './lib/python3.5/site-packages/Cryptodome/SelfTest/Signature'...
Listing './lib/python3.5/site-packages/Cryptodome/SelfTest/Signature/test_vectors'...
Listing './lib/python3.5/site-packages/Cryptodome/SelfTest/Signature/test_vectors/DSA'...
Listing './lib/python3.5/site-packages/Cryptodome/SelfTest/Signature/test_vectors/ECDSA'...
Listing './lib/python3.5/site-packages/Cryptodome/SelfTest/Signature/test_vectors/PKCS1-PSS'...
Listing './lib/python3.5/site-packages/Cryptodome/SelfTest/Signature/test_vectors/PKCS1-v1.5'...
Listing './lib/python3.5/site-packages/Cryptodome/SelfTest/Util'...
Listing './lib/python3.5/site-packages/Cryptodome/Signature'...
Listing './lib/python3.5/site-packages/Cryptodome/Util'...
Listing './lib/python3.5/site-packages/certifi'...
Listing './lib/python3.5/site-packages/certifi-2017.11.5.dist-info'...
Listing './lib/python3.5/site-packages/chardet'...
Listing './lib/python3.5/site-packages/chardet/cli'...
Listing './lib/python3.5/site-packages/chardet-3.0.4.dist-info'...
Listing './lib/python3.5/site-packages/configobj-5.0.6.egg-info'...
Listing './lib/python3.5/site-packages/dateutil'...
Listing './lib/python3.5/site-packages/dateutil/tz'...
Listing './lib/python3.5/site-packages/dateutil/zoneinfo'...
Listing './lib/python3.5/site-packages/dns'...
Listing './lib/python3.5/site-packages/dns/rdtypes'...
Listing './lib/python3.5/site-packages/dns/rdtypes/ANY'...
Listing './lib/python3.5/site-packages/dns/rdtypes/IN'...
Listing './lib/python3.5/site-packages/dnspython-1.15.0.dist-info'...
Compiling './lib/python3.5/site-packages/icmp.py'...
***   File "./lib/python3.5/site-packages/icmp.py", line 97
    raise ValueError, "CheckSum Error!"
                    ^
SyntaxError: invalid syntax

Listing './lib/python3.5/site-packages/idna'...
Listing './lib/python3.5/site-packages/idna-2.6.dist-info'...
Compiling './lib/python3.5/site-packages/ip.py'...
***   File "./lib/python3.5/site-packages/ip.py", line 173
    raise ValueError, "invalid source address"
                    ^
SyntaxError: invalid syntax

Compiling './lib/python3.5/site-packages/ping.py'...
***   File "./lib/python3.5/site-packages/ping.py", line 156
    print "%d bytes from %s (%s): icmp_seq=%d. time=%d. ms" % \
                                                          ^
SyntaxError: invalid syntax

Listing './lib/python3.5/site-packages/pip'...
Listing './lib/python3.5/site-packages/pip/_vendor'...
Listing './lib/python3.5/site-packages/pip/commands'...
Listing './lib/python3.5/site-packages/pip/compat'...
Listing './lib/python3.5/site-packages/pip/models'...
Listing './lib/python3.5/site-packages/pip/operations'...
Listing './lib/python3.5/site-packages/pip/req'...
Listing './lib/python3.5/site-packages/pip/utils'...
Listing './lib/python3.5/site-packages/pip/vcs'...
Listing './lib/python3.5/site-packages/pip-9.0.1.dist-info'...
Listing './lib/python3.5/site-packages/pkg_resources'...
Listing './lib/python3.5/site-packages/pkg_resources/_vendor'...
Listing './lib/python3.5/site-packages/pkg_resources/_vendor/packaging'...
Listing './lib/python3.5/site-packages/pkg_resources/extern'...
Listing './lib/python3.5/site-packages/pkg_resources-0.0.0.dist-info'...
Listing './lib/python3.5/site-packages/ply'...
Listing './lib/python3.5/site-packages/ply-3.10.egg-info'...
Listing './lib/python3.5/site-packages/pyasn1'...
Listing './lib/python3.5/site-packages/pyasn1/codec'...
Listing './lib/python3.5/site-packages/pyasn1/codec/ber'...
Listing './lib/python3.5/site-packages/pyasn1/codec/cer'...
Listing './lib/python3.5/site-packages/pyasn1/codec/der'...
Listing './lib/python3.5/site-packages/pyasn1/codec/native'...
Listing './lib/python3.5/site-packages/pyasn1/compat'...
Listing './lib/python3.5/site-packages/pyasn1/type'...
Listing './lib/python3.5/site-packages/pyasn1-0.4.2.dist-info'...
Listing './lib/python3.5/site-packages/pycryptodomex-3.4.7.egg-info'...
Listing './lib/python3.5/site-packages/pyip-0.7.egg-info'...
Listing './lib/python3.5/site-packages/pysmi'...
Listing './lib/python3.5/site-packages/pysmi/borrower'...
Listing './lib/python3.5/site-packages/pysmi/codegen'...
Listing './lib/python3.5/site-packages/pysmi/lexer'...
Listing './lib/python3.5/site-packages/pysmi/parser'...
Listing './lib/python3.5/site-packages/pysmi/reader'...
Listing './lib/python3.5/site-packages/pysmi/searcher'...
Listing './lib/python3.5/site-packages/pysmi/writer'...
Listing './lib/python3.5/site-packages/pysmi-0.2.2.dist-info'...
Listing './lib/python3.5/site-packages/pysnmp'...
Listing './lib/python3.5/site-packages/pysnmp/carrier'...
Listing './lib/python3.5/site-packages/pysnmp/carrier/asyncio'...
Listing './lib/python3.5/site-packages/pysnmp/carrier/asyncio/dgram'...
Listing './lib/python3.5/site-packages/pysnmp/carrier/asyncore'...
Listing './lib/python3.5/site-packages/pysnmp/carrier/asyncore/dgram'...
Listing './lib/python3.5/site-packages/pysnmp/carrier/asynsock'...
Listing './lib/python3.5/site-packages/pysnmp/carrier/asynsock/dgram'...
Listing './lib/python3.5/site-packages/pysnmp/carrier/twisted'...
Listing './lib/python3.5/site-packages/pysnmp/carrier/twisted/dgram'...
Listing './lib/python3.5/site-packages/pysnmp/entity'...
Listing './lib/python3.5/site-packages/pysnmp/entity/rfc3413'...
Listing './lib/python3.5/site-packages/pysnmp/entity/rfc3413/oneliner'...
Listing './lib/python3.5/site-packages/pysnmp/hlapi'...
Listing './lib/python3.5/site-packages/pysnmp/hlapi/asyncio'...
Listing './lib/python3.5/site-packages/pysnmp/hlapi/asyncore'...
Listing './lib/python3.5/site-packages/pysnmp/hlapi/asyncore/sync'...
Listing './lib/python3.5/site-packages/pysnmp/hlapi/asyncore/sync/compat'...
Listing './lib/python3.5/site-packages/pysnmp/hlapi/twisted'...
Listing './lib/python3.5/site-packages/pysnmp/proto'...
Listing './lib/python3.5/site-packages/pysnmp/proto/acmod'...
Listing './lib/python3.5/site-packages/pysnmp/proto/api'...
Listing './lib/python3.5/site-packages/pysnmp/proto/mpmod'...
Listing './lib/python3.5/site-packages/pysnmp/proto/proxy'...
Listing './lib/python3.5/site-packages/pysnmp/proto/secmod'...
Listing './lib/python3.5/site-packages/pysnmp/proto/secmod/eso'...
Listing './lib/python3.5/site-packages/pysnmp/proto/secmod/eso/priv'...
Listing './lib/python3.5/site-packages/pysnmp/proto/secmod/rfc3414'...
Listing './lib/python3.5/site-packages/pysnmp/proto/secmod/rfc3414/auth'...
Listing './lib/python3.5/site-packages/pysnmp/proto/secmod/rfc3414/priv'...
Listing './lib/python3.5/site-packages/pysnmp/proto/secmod/rfc3826'...
Listing './lib/python3.5/site-packages/pysnmp/proto/secmod/rfc3826/priv'...
Listing './lib/python3.5/site-packages/pysnmp/proto/secmod/rfc7860'...
Listing './lib/python3.5/site-packages/pysnmp/proto/secmod/rfc7860/auth'...
Listing './lib/python3.5/site-packages/pysnmp/smi'...
Listing './lib/python3.5/site-packages/pysnmp/smi/mibs'...
Listing './lib/python3.5/site-packages/pysnmp/smi/mibs/instances'...
Listing './lib/python3.5/site-packages/pysnmp-4.4.4.dist-info'...
Listing './lib/python3.5/site-packages/python_dateutil-2.6.1.dist-info'...
Listing './lib/python3.5/site-packages/requests'...
Listing './lib/python3.5/site-packages/requests-2.18.4.dist-info'...
Listing './lib/python3.5/site-packages/seine'...
Compiling './lib/python3.5/site-packages/seine/address.py'...
***   File "./lib/python3.5/site-packages/seine/address.py", line 681
    except AttributeError, e:
                         ^
SyntaxError: invalid syntax

Listing './lib/python3.5/site-packages/seine/dns'...
Compiling './lib/python3.5/site-packages/seine/dns/delegation.py'...
***   File "./lib/python3.5/site-packages/seine/dns/delegation.py", line 149
    except ValueError, emsg:
                     ^
SyntaxError: invalid syntax

Compiling './lib/python3.5/site-packages/seine/dns/resolver.py'...
***   File "./lib/python3.5/site-packages/seine/dns/resolver.py", line 67
    except ValueError, e:
                     ^
SyntaxError: invalid syntax

Compiling './lib/python3.5/site-packages/seine/dns/rootservers.py'...
***   File "./lib/python3.5/site-packages/seine/dns/rootservers.py", line 111
    except IOError, (ecode, emsg):
                  ^
SyntaxError: invalid syntax

Compiling './lib/python3.5/site-packages/seine/dns/tld.py'...
***   File "./lib/python3.5/site-packages/seine/dns/tld.py", line 83
    except IOError, (ecode, emsg):
                  ^
SyntaxError: invalid syntax

Compiling './lib/python3.5/site-packages/seine/ping.py'...
***   File "./lib/python3.5/site-packages/seine/ping.py", line 52
    except socket.error, (ecode, emsg):
                       ^
SyntaxError: invalid syntax

Listing './lib/python3.5/site-packages/seine/platform'...
Listing './lib/python3.5/site-packages/seine/platform/bsd'...
Compiling './lib/python3.5/site-packages/seine/platform/bsd/network.py'...
***   File "./lib/python3.5/site-packages/seine/platform/bsd/network.py", line 284
    except CalledProcessError, emsg:
                             ^
SyntaxError: invalid syntax

Listing './lib/python3.5/site-packages/seine/platform/linux'...
Compiling './lib/python3.5/site-packages/seine/platform/linux/network.py'...
***   File "./lib/python3.5/site-packages/seine/platform/linux/network.py", line 103
    except CalledProcessError, emsg:
                             ^
SyntaxError: invalid syntax

Compiling './lib/python3.5/site-packages/seine/proxyconfig.py'...
***   File "./lib/python3.5/site-packages/seine/proxyconfig.py", line 35
    except socket.GAIError, emsg:
                          ^
SyntaxError: invalid syntax

Compiling './lib/python3.5/site-packages/seine/route.py'...
***   File "./lib/python3.5/site-packages/seine/route.py", line 18
    except CalledProcessError, emsg:
                             ^
SyntaxError: invalid syntax

Listing './lib/python3.5/site-packages/seine/snmp'...
Compiling './lib/python3.5/site-packages/seine/snmp/agent.py'...
***   File "./lib/python3.5/site-packages/seine/snmp/agent.py", line 655
    except SNMPError, emsg:
                    ^
SyntaxError: invalid syntax

Compiling './lib/python3.5/site-packages/seine/snmp/client.py'...
***   File "./lib/python3.5/site-packages/seine/snmp/client.py", line 181
    except OSError, (ecode,emsg):
                  ^
SyntaxError: invalid syntax

Listing './lib/python3.5/site-packages/seine/snmp/devices'...
Listing './lib/python3.5/site-packages/seine/snmp/devices/network'...
Compiling './lib/python3.5/site-packages/seine/snmp/devices/network/interfaces.py'...
***   File "./lib/python3.5/site-packages/seine/snmp/devices/network/interfaces.py", line 197
    print oid
            ^
SyntaxError: Missing parentheses in call to 'print'

Listing './lib/python3.5/site-packages/seine/snmp/devices/printers'...
Compiling './lib/python3.5/site-packages/seine/snmp/devices/printers/hp.py'...
***   File "./lib/python3.5/site-packages/seine/snmp/devices/printers/hp.py", line 219
    print '%12s %s %%' % (color,details['percent'])
                     ^
SyntaxError: invalid syntax

Compiling './lib/python3.5/site-packages/seine/url.py'...
***   File "./lib/python3.5/site-packages/seine/url.py", line 115
    except urllib2.URLError, e:
                           ^
SyntaxError: invalid syntax

Listing './lib/python3.5/site-packages/seine/whois'...
Compiling './lib/python3.5/site-packages/seine/whois/arin.py'...
***   File "./lib/python3.5/site-packages/seine/whois/arin.py", line 89
    except ValueError, KeyError:
                     ^
SyntaxError: invalid syntax

Compiling './lib/python3.5/site-packages/seine/whois/cache.py'...
***   File "./lib/python3.5/site-packages/seine/whois/cache.py", line 71
    except socket.error, (ecode, emsg):
                       ^
SyntaxError: invalid syntax

Compiling './lib/python3.5/site-packages/seine/whois/client.py'...
***   File "./lib/python3.5/site-packages/seine/whois/client.py", line 36
    except WhoisError, emsg:
                     ^
SyntaxError: invalid syntax

Listing './lib/python3.5/site-packages/seine/whois/formats'...
Compiling './lib/python3.5/site-packages/seine/whois/formats/nominet.py'...
***   File "./lib/python3.5/site-packages/seine/whois/formats/nominet.py", line 29
    OLD_DATE_VALUE = date(1996,8,01)
                                  ^
SyntaxError: invalid token

Listing './lib/python3.5/site-packages/seine-3.2.2.egg-info'...
Listing './lib/python3.5/site-packages/setuptools'...
Listing './lib/python3.5/site-packages/setuptools/command'...
Listing './lib/python3.5/site-packages/setuptools/extern'...
Listing './lib/python3.5/site-packages/setuptools-32.3.1.dist-info'...
Listing './lib/python3.5/site-packages/six-1.11.0.dist-info'...
Listing './lib/python3.5/site-packages/systematic'...
Listing './lib/python3.5/site-packages/systematic/filesystems'...
Listing './lib/python3.5/site-packages/systematic/filesystems/zfs'...
Listing './lib/python3.5/site-packages/systematic/logformats'...
Listing './lib/python3.5/site-packages/systematic/platform'...
Listing './lib/python3.5/site-packages/systematic/platform/bsd'...
Listing './lib/python3.5/site-packages/systematic/platform/darwin'...
Listing './lib/python3.5/site-packages/systematic/platform/linux'...
Listing './lib/python3.5/site-packages/systematic/stats'...
Listing './lib/python3.5/site-packages/systematic/stats/filesystems'...
Listing './lib/python3.5/site-packages/systematic/stats/hardware'...
Listing './lib/python3.5/site-packages/systematic/stats/network'...
Listing './lib/python3.5/site-packages/systematic/stats/services'...
Listing './lib/python3.5/site-packages/systematic/stats/system'...
Listing './lib/python3.5/site-packages/systematic-4.7.19.egg-info'...
Listing './lib/python3.5/site-packages/test'...
Listing './lib/python3.5/site-packages/test/filesystems'...
Listing './lib/python3.5/site-packages/test/stats'...
Listing './lib/python3.5/site-packages/test/stats/hardware'...
Compiling './lib/python3.5/site-packages/traceroute.py'...
***   File "./lib/python3.5/site-packages/traceroute.py", line 82
    except getopt.GetoptError, msg:
                             ^
SyntaxError: invalid syntax

Compiling './lib/python3.5/site-packages/udp.py'...
***   File "./lib/python3.5/site-packages/udp.py", line 69
    raise ValueError, packet
                    ^
SyntaxError: invalid syntax

Listing './lib/python3.5/site-packages/urllib3'...
Listing './lib/python3.5/site-packages/urllib3/contrib'...
Listing './lib/python3.5/site-packages/urllib3/contrib/_securetransport'...
Listing './lib/python3.5/site-packages/urllib3/packages'...
Listing './lib/python3.5/site-packages/urllib3/packages/backports'...
Listing './lib/python3.5/site-packages/urllib3/packages/ssl_match_hostname'...
Listing './lib/python3.5/site-packages/urllib3/util'...
Listing './lib/python3.5/site-packages/urllib3-1.22.dist-info'...
Listing './share'...
Listing './share/python-wheels'...
