Listing '.'...
Listing './bin'...
Listing './include'...
Listing './lib'...
Listing './lib/python3.5'...
Listing './lib/python3.5/site-packages'...
Listing './lib/python3.5/site-packages/Paste-2.0.3.dist-info'...
Listing './lib/python3.5/site-packages/Routes-2.4.1.dist-info'...
Listing './lib/python3.5/site-packages/SQLAlchemy-1.2.0.egg-info'...
Listing './lib/python3.5/site-packages/SmartHTTP-0.5.289.dev0.egg-info'...
Listing './lib/python3.5/site-packages/curl'...
Listing './lib/python3.5/site-packages/decorator-4.1.2.dist-info'...
Listing './lib/python3.5/site-packages/demjson-2.2.4.egg-info'...
Listing './lib/python3.5/site-packages/lxml'...
Listing './lib/python3.5/site-packages/lxml/html'...
Listing './lib/python3.5/site-packages/lxml/includes'...
Listing './lib/python3.5/site-packages/lxml/includes/libexslt'...
Listing './lib/python3.5/site-packages/lxml/includes/libxml'...
Listing './lib/python3.5/site-packages/lxml/includes/libxslt'...
Listing './lib/python3.5/site-packages/lxml/isoschematron'...
Listing './lib/python3.5/site-packages/lxml/isoschematron/resources'...
Listing './lib/python3.5/site-packages/lxml/isoschematron/resources/rng'...
Listing './lib/python3.5/site-packages/lxml/isoschematron/resources/xsl'...
Listing './lib/python3.5/site-packages/lxml/isoschematron/resources/xsl/iso-schematron-xslt1'...
Listing './lib/python3.5/site-packages/lxml-4.1.1.dist-info'...
Listing './lib/python3.5/site-packages/paste'...
Listing './lib/python3.5/site-packages/paste/auth'...
Listing './lib/python3.5/site-packages/paste/cowbell'...
Listing './lib/python3.5/site-packages/paste/debug'...
Listing './lib/python3.5/site-packages/paste/evalexception'...
Listing './lib/python3.5/site-packages/paste/evalexception/media'...
Listing './lib/python3.5/site-packages/paste/exceptions'...
Listing './lib/python3.5/site-packages/paste/util'...
Listing './lib/python3.5/site-packages/pip'...
Listing './lib/python3.5/site-packages/pip/_vendor'...
Listing './lib/python3.5/site-packages/pip/commands'...
Listing './lib/python3.5/site-packages/pip/compat'...
Listing './lib/python3.5/site-packages/pip/models'...
Listing './lib/python3.5/site-packages/pip/operations'...
Listing './lib/python3.5/site-packages/pip/req'...
Listing './lib/python3.5/site-packages/pip/utils'...
Listing './lib/python3.5/site-packages/pip/vcs'...
Listing './lib/python3.5/site-packages/pip-9.0.1.dist-info'...
Listing './lib/python3.5/site-packages/pkg_resources'...
Listing './lib/python3.5/site-packages/pkg_resources/_vendor'...
Listing './lib/python3.5/site-packages/pkg_resources/_vendor/packaging'...
Listing './lib/python3.5/site-packages/pkg_resources/extern'...
Listing './lib/python3.5/site-packages/pkg_resources-0.0.0.dist-info'...
Listing './lib/python3.5/site-packages/pycurl-7.43.0.1.egg-info'...
Listing './lib/python3.5/site-packages/repoze'...
Listing './lib/python3.5/site-packages/repoze/lru'...
Listing './lib/python3.5/site-packages/repoze.lru-0.7.dist-info'...
Listing './lib/python3.5/site-packages/routes'...
Listing './lib/python3.5/site-packages/setuptools'...
Listing './lib/python3.5/site-packages/setuptools/command'...
Listing './lib/python3.5/site-packages/setuptools/extern'...
Listing './lib/python3.5/site-packages/setuptools-32.3.1.dist-info'...
Listing './lib/python3.5/site-packages/six-1.11.0.dist-info'...
Listing './lib/python3.5/site-packages/smarthttp'...
Compiling './lib/python3.5/site-packages/smarthttp/asserts.py'...
***   File "./lib/python3.5/site-packages/smarthttp/asserts.py", line 90
    except Exception, e:
                    ^
SyntaxError: invalid syntax

Listing './lib/python3.5/site-packages/smarthttp/client'...
Listing './lib/python3.5/site-packages/smarthttp/commands'...
Compiling './lib/python3.5/site-packages/smarthttp/commands/__init__.py'...
***   File "./lib/python3.5/site-packages/smarthttp/commands/__init__.py", line 144
    print "Could not find handler '{0}'".format(self.options.site)
                                       ^
SyntaxError: invalid syntax

Compiling './lib/python3.5/site-packages/smarthttp/commands/pylonsscript.py'...
***   File "./lib/python3.5/site-packages/smarthttp/commands/pylonsscript.py", line 113
    except IOError, ioe:
                  ^
SyntaxError: invalid syntax

Compiling './lib/python3.5/site-packages/smarthttp/commands/simplebot.py'...
***   File "./lib/python3.5/site-packages/smarthttp/commands/simplebot.py", line 143
    except IOError, ioe:
                  ^
SyntaxError: invalid syntax

Compiling './lib/python3.5/site-packages/smarthttp/decorators.py'...
***   File "./lib/python3.5/site-packages/smarthttp/decorators.py", line 69
    except ParseException, e:
                         ^
SyntaxError: invalid syntax

Listing './lib/python3.5/site-packages/smarthttp/envspec'...
Listing './lib/python3.5/site-packages/smarthttp/envspec/cpython'...
Compiling './lib/python3.5/site-packages/smarthttp/envspec/cpython/http.py'...
***   File "./lib/python3.5/site-packages/smarthttp/envspec/cpython/http.py", line 124
    except pycurl.error, e:
                       ^
SyntaxError: invalid syntax

Listing './lib/python3.5/site-packages/smarthttp/envspec/jython'...
Listing './lib/python3.5/site-packages/smarthttp/envspec/pure'...
Listing './lib/python3.5/site-packages/smarthttp/gui'...
Listing './lib/python3.5/site-packages/smarthttp/html'...
Compiling './lib/python3.5/site-packages/smarthttp/html/__init__.py'...
***   File "./lib/python3.5/site-packages/smarthttp/html/__init__.py", line 140
    except Exception, e:
                    ^
SyntaxError: invalid syntax

Listing './lib/python3.5/site-packages/smarthttp/lang'...
Compiling './lib/python3.5/site-packages/smarthttp/lang/__init__.py'...
***   File "./lib/python3.5/site-packages/smarthttp/lang/__init__.py", line 131
    print sys.argv[1]
            ^
SyntaxError: Missing parentheses in call to 'print'

Compiling './lib/python3.5/site-packages/smarthttp/lang/translit.py'...
***   File "./lib/python3.5/site-packages/smarthttp/lang/translit.py", line 65
    print sys.argv[1]
            ^
SyntaxError: Missing parentheses in call to 'print'

Listing './lib/python3.5/site-packages/smarthttp/lib'...
Listing './lib/python3.5/site-packages/smarthttp/proxies'...
Listing './lib/python3.5/site-packages/smarthttp/sites'...
Listing './lib/python3.5/site-packages/smarthttp/sites/blogs'...
Listing './lib/python3.5/site-packages/smarthttp/sites/bookmarks'...
Listing './lib/python3.5/site-packages/smarthttp/sites/cites'...
Listing './lib/python3.5/site-packages/smarthttp/sites/cms'...
Listing './lib/python3.5/site-packages/smarthttp/sites/dns'...
Listing './lib/python3.5/site-packages/smarthttp/sites/email'...
Listing './lib/python3.5/site-packages/smarthttp/sites/forums'...
Listing './lib/python3.5/site-packages/smarthttp/sites/galleries'...
Listing './lib/python3.5/site-packages/smarthttp/sites/imageboards'...
Listing './lib/python3.5/site-packages/smarthttp/sites/libraries'...
Compiling './lib/python3.5/site-packages/smarthttp/sites/manager.py'...
***   File "./lib/python3.5/site-packages/smarthttp/sites/manager.py", line 150
    except Exception, e:
                    ^
SyntaxError: invalid syntax

Listing './lib/python3.5/site-packages/smarthttp/sites/microblogs'...
Listing './lib/python3.5/site-packages/smarthttp/sites/multi'...
Listing './lib/python3.5/site-packages/smarthttp/sites/news'...
Listing './lib/python3.5/site-packages/smarthttp/sites/pms'...
Listing './lib/python3.5/site-packages/smarthttp/sites/portals'...
Listing './lib/python3.5/site-packages/smarthttp/sites/shorturls'...
Listing './lib/python3.5/site-packages/smarthttp/sites/social'...
Listing './lib/python3.5/site-packages/smarthttp/sites/translators'...
Listing './lib/python3.5/site-packages/smarthttp/sites/wiki'...
Listing './lib/python3.5/site-packages/smarthttp/sites/wiki/mediawiki'...
Listing './lib/python3.5/site-packages/smarthttp/urls'...
Listing './lib/python3.5/site-packages/sqlalchemy'...
Listing './lib/python3.5/site-packages/sqlalchemy/connectors'...
Listing './lib/python3.5/site-packages/sqlalchemy/databases'...
Listing './lib/python3.5/site-packages/sqlalchemy/dialects'...
Listing './lib/python3.5/site-packages/sqlalchemy/dialects/firebird'...
Listing './lib/python3.5/site-packages/sqlalchemy/dialects/mssql'...
Listing './lib/python3.5/site-packages/sqlalchemy/dialects/mysql'...
Listing './lib/python3.5/site-packages/sqlalchemy/dialects/oracle'...
Listing './lib/python3.5/site-packages/sqlalchemy/dialects/postgresql'...
Listing './lib/python3.5/site-packages/sqlalchemy/dialects/sqlite'...
Listing './lib/python3.5/site-packages/sqlalchemy/dialects/sybase'...
Listing './lib/python3.5/site-packages/sqlalchemy/engine'...
Listing './lib/python3.5/site-packages/sqlalchemy/event'...
Listing './lib/python3.5/site-packages/sqlalchemy/ext'...
Listing './lib/python3.5/site-packages/sqlalchemy/ext/declarative'...
Listing './lib/python3.5/site-packages/sqlalchemy/orm'...
Listing './lib/python3.5/site-packages/sqlalchemy/sql'...
Listing './lib/python3.5/site-packages/sqlalchemy/testing'...
Listing './lib/python3.5/site-packages/sqlalchemy/testing/plugin'...
Listing './lib/python3.5/site-packages/sqlalchemy/testing/suite'...
Listing './lib/python3.5/site-packages/sqlalchemy/util'...
Listing './share'...
Listing './share/doc'...
Listing './share/doc/pycurl'...
Listing './share/doc/pycurl/examples'...
Compiling './share/doc/pycurl/examples/basicfirst.py'...
Compiling './share/doc/pycurl/examples/file_upload.py'...
Compiling './share/doc/pycurl/examples/linksys.py'...
Listing './share/doc/pycurl/examples/quickstart'...
Compiling './share/doc/pycurl/examples/quickstart/file_upload_buffer.py'...
Compiling './share/doc/pycurl/examples/quickstart/file_upload_real.py'...
Compiling './share/doc/pycurl/examples/quickstart/file_upload_real_fancy.py'...
Compiling './share/doc/pycurl/examples/quickstart/follow_redirect.py'...
Compiling './share/doc/pycurl/examples/quickstart/form_post.py'...
Compiling './share/doc/pycurl/examples/quickstart/get.py'...
Compiling './share/doc/pycurl/examples/quickstart/get_python2.py'...
Compiling './share/doc/pycurl/examples/quickstart/get_python3.py'...
Compiling './share/doc/pycurl/examples/quickstart/response_headers.py'...
Compiling './share/doc/pycurl/examples/quickstart/response_info.py'...
Compiling './share/doc/pycurl/examples/quickstart/write_file.py'...
Compiling './share/doc/pycurl/examples/retriever-multi.py'...
Compiling './share/doc/pycurl/examples/retriever.py'...
Compiling './share/doc/pycurl/examples/sfquery.py'...
Compiling './share/doc/pycurl/examples/smtp.py'...
Compiling './share/doc/pycurl/examples/ssh_keyfunction.py'...
Compiling './share/doc/pycurl/examples/xmlrpc_curl.py'...
Listing './share/python-wheels'...
Listing './smarthttp'...
Listing './smarthttp/client'...
Listing './smarthttp/lang'...
