Listing '.'...
Listing './bin'...
Listing './include'...
Listing './lib'...
Listing './lib/python3.5'...
Listing './lib/python3.5/site-packages'...
Listing './lib/python3.5/site-packages/FormEncode-1.3.1.egg-info'...
Listing './lib/python3.5/site-packages/Jinja2-2.10.dist-info'...
Listing './lib/python3.5/site-packages/MarkupSafe-1.0.egg-info'...
Listing './lib/python3.5/site-packages/Ming-0.6.1.egg-info'...
Listing './lib/python3.5/site-packages/Paste-2.0.3.dist-info'...
Listing './lib/python3.5/site-packages/WTForms-2.1.egg-info'...
Listing './lib/python3.5/site-packages/WebOb-1.7.4.dist-info'...
Listing './lib/python3.5/site-packages/bson'...
Listing './lib/python3.5/site-packages/docs'...
Listing './lib/python3.5/site-packages/example'...
Listing './lib/python3.5/site-packages/formencode'...
Listing './lib/python3.5/site-packages/formencode/i18n'...
Listing './lib/python3.5/site-packages/formencode/i18n/cs'...
Listing './lib/python3.5/site-packages/formencode/i18n/cs/LC_MESSAGES'...
Listing './lib/python3.5/site-packages/formencode/i18n/da'...
Listing './lib/python3.5/site-packages/formencode/i18n/da/LC_MESSAGES'...
Listing './lib/python3.5/site-packages/formencode/i18n/de'...
Listing './lib/python3.5/site-packages/formencode/i18n/de/LC_MESSAGES'...
Listing './lib/python3.5/site-packages/formencode/i18n/el'...
Listing './lib/python3.5/site-packages/formencode/i18n/el/LC_MESSAGES'...
Listing './lib/python3.5/site-packages/formencode/i18n/es'...
Listing './lib/python3.5/site-packages/formencode/i18n/es/LC_MESSAGES'...
Listing './lib/python3.5/site-packages/formencode/i18n/et'...
Listing './lib/python3.5/site-packages/formencode/i18n/et/LC_MESSAGES'...
Listing './lib/python3.5/site-packages/formencode/i18n/fi'...
Listing './lib/python3.5/site-packages/formencode/i18n/fi/LC_MESSAGES'...
Listing './lib/python3.5/site-packages/formencode/i18n/fr'...
Listing './lib/python3.5/site-packages/formencode/i18n/fr/LC_MESSAGES'...
Listing './lib/python3.5/site-packages/formencode/i18n/it'...
Listing './lib/python3.5/site-packages/formencode/i18n/it/LC_MESSAGES'...
Listing './lib/python3.5/site-packages/formencode/i18n/ja'...
Listing './lib/python3.5/site-packages/formencode/i18n/ja/LC_MESSAGES'...
Listing './lib/python3.5/site-packages/formencode/i18n/ko'...
Listing './lib/python3.5/site-packages/formencode/i18n/ko/LC_MESSAGES'...
Listing './lib/python3.5/site-packages/formencode/i18n/lt'...
Listing './lib/python3.5/site-packages/formencode/i18n/lt/LC_MESSAGES'...
Listing './lib/python3.5/site-packages/formencode/i18n/nb_NO'...
Listing './lib/python3.5/site-packages/formencode/i18n/nb_NO/LC_MESSAGES'...
Listing './lib/python3.5/site-packages/formencode/i18n/nl'...
Listing './lib/python3.5/site-packages/formencode/i18n/nl/LC_MESSAGES'...
Listing './lib/python3.5/site-packages/formencode/i18n/pl'...
Listing './lib/python3.5/site-packages/formencode/i18n/pl/LC_MESSAGES'...
Listing './lib/python3.5/site-packages/formencode/i18n/pt_BR'...
Listing './lib/python3.5/site-packages/formencode/i18n/pt_BR/LC_MESSAGES'...
Listing './lib/python3.5/site-packages/formencode/i18n/pt_PT'...
Listing './lib/python3.5/site-packages/formencode/i18n/pt_PT/LC_MESSAGES'...
Listing './lib/python3.5/site-packages/formencode/i18n/ru'...
Listing './lib/python3.5/site-packages/formencode/i18n/ru/LC_MESSAGES'...
Listing './lib/python3.5/site-packages/formencode/i18n/sk'...
Listing './lib/python3.5/site-packages/formencode/i18n/sk/LC_MESSAGES'...
Listing './lib/python3.5/site-packages/formencode/i18n/sl'...
Listing './lib/python3.5/site-packages/formencode/i18n/sl/LC_MESSAGES'...
Listing './lib/python3.5/site-packages/formencode/i18n/sr'...
Listing './lib/python3.5/site-packages/formencode/i18n/sr/LC_MESSAGES'...
Listing './lib/python3.5/site-packages/formencode/i18n/sv'...
Listing './lib/python3.5/site-packages/formencode/i18n/sv/LC_MESSAGES'...
Listing './lib/python3.5/site-packages/formencode/i18n/tr'...
Listing './lib/python3.5/site-packages/formencode/i18n/tr/LC_MESSAGES'...
Listing './lib/python3.5/site-packages/formencode/i18n/zh_CN'...
Listing './lib/python3.5/site-packages/formencode/i18n/zh_CN/LC_MESSAGES'...
Listing './lib/python3.5/site-packages/formencode/i18n/zh_TW'...
Listing './lib/python3.5/site-packages/formencode/i18n/zh_TW/LC_MESSAGES'...
Listing './lib/python3.5/site-packages/formencode/javascript'...
Listing './lib/python3.5/site-packages/formencode/tests'...
Listing './lib/python3.5/site-packages/formencode/tests/htmlfill_data'...
Listing './lib/python3.5/site-packages/gridfs'...
Listing './lib/python3.5/site-packages/jinja2'...
Compiling './lib/python3.5/site-packages/jinja2/asyncfilters.py'...
***   File "./lib/python3.5/site-packages/jinja2/asyncfilters.py", line 24
    yield item
    ^
SyntaxError: 'yield' inside async function

Compiling './lib/python3.5/site-packages/jinja2/asyncsupport.py'...
***   File "./lib/python3.5/site-packages/jinja2/asyncsupport.py", line 35
    yield event
    ^
SyntaxError: 'yield' inside async function

Listing './lib/python3.5/site-packages/markupsafe'...
Listing './lib/python3.5/site-packages/ming'...
Listing './lib/python3.5/site-packages/ming/distutils_commands'...
Listing './lib/python3.5/site-packages/ming/odm'...
Listing './lib/python3.5/site-packages/ming/orm'...
Listing './lib/python3.5/site-packages/ming/tests'...
Listing './lib/python3.5/site-packages/ming/tests/odm'...
Listing './lib/python3.5/site-packages/paste'...
Listing './lib/python3.5/site-packages/paste/auth'...
Listing './lib/python3.5/site-packages/paste/cowbell'...
Listing './lib/python3.5/site-packages/paste/debug'...
Listing './lib/python3.5/site-packages/paste/evalexception'...
Listing './lib/python3.5/site-packages/paste/evalexception/media'...
Listing './lib/python3.5/site-packages/paste/exceptions'...
Listing './lib/python3.5/site-packages/paste/util'...
Listing './lib/python3.5/site-packages/pip'...
Listing './lib/python3.5/site-packages/pip/_vendor'...
Listing './lib/python3.5/site-packages/pip/commands'...
Listing './lib/python3.5/site-packages/pip/compat'...
Listing './lib/python3.5/site-packages/pip/models'...
Listing './lib/python3.5/site-packages/pip/operations'...
Listing './lib/python3.5/site-packages/pip/req'...
Listing './lib/python3.5/site-packages/pip/utils'...
Listing './lib/python3.5/site-packages/pip/vcs'...
Listing './lib/python3.5/site-packages/pip-9.0.1.dist-info'...
Listing './lib/python3.5/site-packages/pkg_resources'...
Listing './lib/python3.5/site-packages/pkg_resources/_vendor'...
Listing './lib/python3.5/site-packages/pkg_resources/_vendor/packaging'...
Listing './lib/python3.5/site-packages/pkg_resources/extern'...
Listing './lib/python3.5/site-packages/pkg_resources-0.0.0.dist-info'...
Listing './lib/python3.5/site-packages/pymongo'...
Listing './lib/python3.5/site-packages/pymongo-3.4.0.dist-info'...
Listing './lib/python3.5/site-packages/pytz'...
Listing './lib/python3.5/site-packages/pytz/zoneinfo'...
Listing './lib/python3.5/site-packages/pytz/zoneinfo/Africa'...
Listing './lib/python3.5/site-packages/pytz/zoneinfo/America'...
Listing './lib/python3.5/site-packages/pytz/zoneinfo/America/Argentina'...
Listing './lib/python3.5/site-packages/pytz/zoneinfo/America/Indiana'...
Listing './lib/python3.5/site-packages/pytz/zoneinfo/America/Kentucky'...
Listing './lib/python3.5/site-packages/pytz/zoneinfo/America/North_Dakota'...
Listing './lib/python3.5/site-packages/pytz/zoneinfo/Antarctica'...
Listing './lib/python3.5/site-packages/pytz/zoneinfo/Arctic'...
Listing './lib/python3.5/site-packages/pytz/zoneinfo/Asia'...
Listing './lib/python3.5/site-packages/pytz/zoneinfo/Atlantic'...
Listing './lib/python3.5/site-packages/pytz/zoneinfo/Australia'...
Listing './lib/python3.5/site-packages/pytz/zoneinfo/Brazil'...
Listing './lib/python3.5/site-packages/pytz/zoneinfo/Canada'...
Listing './lib/python3.5/site-packages/pytz/zoneinfo/Chile'...
Listing './lib/python3.5/site-packages/pytz/zoneinfo/Etc'...
Listing './lib/python3.5/site-packages/pytz/zoneinfo/Europe'...
Listing './lib/python3.5/site-packages/pytz/zoneinfo/Indian'...
Listing './lib/python3.5/site-packages/pytz/zoneinfo/Mexico'...
Listing './lib/python3.5/site-packages/pytz/zoneinfo/Pacific'...
Listing './lib/python3.5/site-packages/pytz/zoneinfo/US'...
Listing './lib/python3.5/site-packages/pytz-2017.3.dist-info'...
Listing './lib/python3.5/site-packages/setuptools'...
Listing './lib/python3.5/site-packages/setuptools/command'...
Listing './lib/python3.5/site-packages/setuptools/extern'...
Listing './lib/python3.5/site-packages/setuptools-32.3.1.dist-info'...
Listing './lib/python3.5/site-packages/six-1.11.0.dist-info'...
Listing './lib/python3.5/site-packages/spynach'...
Compiling './lib/python3.5/site-packages/spynach/application.py'...
***   File "./lib/python3.5/site-packages/spynach/application.py", line 44
    except HTTPException, e:
                        ^
SyntaxError: invalid syntax

Compiling './lib/python3.5/site-packages/spynach/controller.py'...
***   File "./lib/python3.5/site-packages/spynach/controller.py", line 150
    except Exception, e:
                    ^
SyntaxError: invalid syntax

Compiling './lib/python3.5/site-packages/spynach/mail_traceback.py'...
***   File "./lib/python3.5/site-packages/spynach/mail_traceback.py", line 51
    print 'Failed to connect to SMTP'
                                    ^
SyntaxError: Missing parentheses in call to 'print'

Compiling './lib/python3.5/site-packages/spynach/server.py'...
***   File "./lib/python3.5/site-packages/spynach/server.py", line 127
    print "Spynach Serving on port 8080..."
                                          ^
SyntaxError: Missing parentheses in call to 'print'

Listing './lib/python3.5/site-packages/spynach-0.3.egg-info'...
Listing './lib/python3.5/site-packages/spynach_ming'...
Listing './lib/python3.5/site-packages/spynach_ming-0.2.egg-info'...
Listing './lib/python3.5/site-packages/webob'...
Listing './lib/python3.5/site-packages/wtforms'...
Listing './lib/python3.5/site-packages/wtforms/csrf'...
Listing './lib/python3.5/site-packages/wtforms/ext'...
Listing './lib/python3.5/site-packages/wtforms/ext/appengine'...
Listing './lib/python3.5/site-packages/wtforms/ext/csrf'...
Listing './lib/python3.5/site-packages/wtforms/ext/dateutil'...
Listing './lib/python3.5/site-packages/wtforms/ext/django'...
Listing './lib/python3.5/site-packages/wtforms/ext/django/templatetags'...
Listing './lib/python3.5/site-packages/wtforms/ext/i18n'...
Listing './lib/python3.5/site-packages/wtforms/ext/sqlalchemy'...
Listing './lib/python3.5/site-packages/wtforms/fields'...
Listing './lib/python3.5/site-packages/wtforms/locale'...
Listing './lib/python3.5/site-packages/wtforms/locale/ar'...
Listing './lib/python3.5/site-packages/wtforms/locale/ar/LC_MESSAGES'...
Listing './lib/python3.5/site-packages/wtforms/locale/ca'...
Listing './lib/python3.5/site-packages/wtforms/locale/ca/LC_MESSAGES'...
Listing './lib/python3.5/site-packages/wtforms/locale/cs_CZ'...
Listing './lib/python3.5/site-packages/wtforms/locale/cs_CZ/LC_MESSAGES'...
Listing './lib/python3.5/site-packages/wtforms/locale/cy'...
Listing './lib/python3.5/site-packages/wtforms/locale/cy/LC_MESSAGES'...
Listing './lib/python3.5/site-packages/wtforms/locale/de'...
Listing './lib/python3.5/site-packages/wtforms/locale/de/LC_MESSAGES'...
Listing './lib/python3.5/site-packages/wtforms/locale/de_CH'...
Listing './lib/python3.5/site-packages/wtforms/locale/de_CH/LC_MESSAGES'...
Listing './lib/python3.5/site-packages/wtforms/locale/el'...
Listing './lib/python3.5/site-packages/wtforms/locale/el/LC_MESSAGES'...
Listing './lib/python3.5/site-packages/wtforms/locale/en'...
Listing './lib/python3.5/site-packages/wtforms/locale/en/LC_MESSAGES'...
Listing './lib/python3.5/site-packages/wtforms/locale/es'...
Listing './lib/python3.5/site-packages/wtforms/locale/es/LC_MESSAGES'...
Listing './lib/python3.5/site-packages/wtforms/locale/et'...
Listing './lib/python3.5/site-packages/wtforms/locale/et/LC_MESSAGES'...
Listing './lib/python3.5/site-packages/wtforms/locale/fa'...
Listing './lib/python3.5/site-packages/wtforms/locale/fa/LC_MESSAGES'...
Listing './lib/python3.5/site-packages/wtforms/locale/fr'...
Listing './lib/python3.5/site-packages/wtforms/locale/fr/LC_MESSAGES'...
Listing './lib/python3.5/site-packages/wtforms/locale/it'...
Listing './lib/python3.5/site-packages/wtforms/locale/it/LC_MESSAGES'...
Listing './lib/python3.5/site-packages/wtforms/locale/ja'...
Listing './lib/python3.5/site-packages/wtforms/locale/ja/LC_MESSAGES'...
Listing './lib/python3.5/site-packages/wtforms/locale/ko'...
Listing './lib/python3.5/site-packages/wtforms/locale/ko/LC_MESSAGES'...
Listing './lib/python3.5/site-packages/wtforms/locale/nb'...
Listing './lib/python3.5/site-packages/wtforms/locale/nb/LC_MESSAGES'...
Listing './lib/python3.5/site-packages/wtforms/locale/nl'...
Listing './lib/python3.5/site-packages/wtforms/locale/nl/LC_MESSAGES'...
Listing './lib/python3.5/site-packages/wtforms/locale/pl'...
Listing './lib/python3.5/site-packages/wtforms/locale/pl/LC_MESSAGES'...
Listing './lib/python3.5/site-packages/wtforms/locale/pt'...
Listing './lib/python3.5/site-packages/wtforms/locale/pt/LC_MESSAGES'...
Listing './lib/python3.5/site-packages/wtforms/locale/ru'...
Listing './lib/python3.5/site-packages/wtforms/locale/ru/LC_MESSAGES'...
Listing './lib/python3.5/site-packages/wtforms/locale/uk'...
Listing './lib/python3.5/site-packages/wtforms/locale/uk/LC_MESSAGES'...
Listing './lib/python3.5/site-packages/wtforms/locale/zh'...
Listing './lib/python3.5/site-packages/wtforms/locale/zh/LC_MESSAGES'...
Listing './lib/python3.5/site-packages/wtforms/locale/zh_TW'...
Listing './lib/python3.5/site-packages/wtforms/locale/zh_TW/LC_MESSAGES'...
Listing './lib/python3.5/site-packages/wtforms/widgets'...
Listing './share'...
Listing './share/python-wheels'...
