Listing '.'...
Listing './bin'...
Compiling './bin/find-corrupt-whisper-files.py'...
Compiling './bin/miniterm.py'...
Compiling './bin/rrd2whisper.py'...
Compiling './bin/update-storage-times.py'...
Compiling './bin/whisper-auto-resize.py'...
Compiling './bin/whisper-auto-update.py'...
Compiling './bin/whisper-create.py'...
Compiling './bin/whisper-diff.py'...
Compiling './bin/whisper-dump.py'...
Compiling './bin/whisper-fetch.py'...
Compiling './bin/whisper-fill.py'...
Compiling './bin/whisper-info.py'...
Compiling './bin/whisper-merge.py'...
Compiling './bin/whisper-resize.py'...
Compiling './bin/whisper-set-aggregation-method.py'...
Compiling './bin/whisper-set-xfilesfactor.py'...
Compiling './bin/whisper-update.py'...
Listing './config'...
Listing './database'...
Listing './include'...
Listing './lib'...
Listing './lib/python3.5'...
Listing './lib/python3.5/site-packages'...
Listing './lib/python3.5/site-packages/CherryPy-13.1.0.dist-info'...
Listing './lib/python3.5/site-packages/Jinja2-2.10.dist-info'...
Listing './lib/python3.5/site-packages/MarkupSafe-1.0.egg-info'...
Listing './lib/python3.5/site-packages/SQLAlchemy-1.2.0.egg-info'...
Listing './lib/python3.5/site-packages/certifi'...
Listing './lib/python3.5/site-packages/certifi-2017.11.5.dist-info'...
Listing './lib/python3.5/site-packages/chardet'...
Listing './lib/python3.5/site-packages/chardet/cli'...
Listing './lib/python3.5/site-packages/chardet-3.0.4.dist-info'...
Listing './lib/python3.5/site-packages/cheroot'...
Listing './lib/python3.5/site-packages/cheroot/ssl'...
Listing './lib/python3.5/site-packages/cheroot/test'...
Listing './lib/python3.5/site-packages/cheroot/workers'...
Listing './lib/python3.5/site-packages/cheroot-6.0.0.dist-info'...
Listing './lib/python3.5/site-packages/cherrypy'...
Listing './lib/python3.5/site-packages/cherrypy/lib'...
Listing './lib/python3.5/site-packages/cherrypy/process'...
Listing './lib/python3.5/site-packages/cherrypy/scaffold'...
Listing './lib/python3.5/site-packages/cherrypy/scaffold/static'...
Listing './lib/python3.5/site-packages/cherrypy/test'...
Listing './lib/python3.5/site-packages/cherrypy/test/static'...
Listing './lib/python3.5/site-packages/cherrypy/tutorial'...
Listing './lib/python3.5/site-packages/idna'...
Listing './lib/python3.5/site-packages/idna-2.6.dist-info'...
Listing './lib/python3.5/site-packages/jinja2'...
Compiling './lib/python3.5/site-packages/jinja2/asyncfilters.py'...
***   File "./lib/python3.5/site-packages/jinja2/asyncfilters.py", line 24
    yield item
    ^
SyntaxError: 'yield' inside async function

Compiling './lib/python3.5/site-packages/jinja2/asyncsupport.py'...
***   File "./lib/python3.5/site-packages/jinja2/asyncsupport.py", line 35
    yield event
    ^
SyntaxError: 'yield' inside async function

Listing './lib/python3.5/site-packages/markupsafe'...
Listing './lib/python3.5/site-packages/more_itertools'...
Listing './lib/python3.5/site-packages/more_itertools/tests'...
Listing './lib/python3.5/site-packages/more_itertools-4.0.1.dist-info'...
Listing './lib/python3.5/site-packages/pip'...
Listing './lib/python3.5/site-packages/pip/_vendor'...
Listing './lib/python3.5/site-packages/pip/commands'...
Listing './lib/python3.5/site-packages/pip/compat'...
Listing './lib/python3.5/site-packages/pip/models'...
Listing './lib/python3.5/site-packages/pip/operations'...
Listing './lib/python3.5/site-packages/pip/req'...
Listing './lib/python3.5/site-packages/pip/utils'...
Listing './lib/python3.5/site-packages/pip/vcs'...
Listing './lib/python3.5/site-packages/pip-9.0.1.dist-info'...
Listing './lib/python3.5/site-packages/pkg_resources'...
Listing './lib/python3.5/site-packages/pkg_resources/_vendor'...
Listing './lib/python3.5/site-packages/pkg_resources/_vendor/packaging'...
Listing './lib/python3.5/site-packages/pkg_resources/extern'...
Listing './lib/python3.5/site-packages/pkg_resources-0.0.0.dist-info'...
Listing './lib/python3.5/site-packages/portend-2.2.dist-info'...
Listing './lib/python3.5/site-packages/pyserial-3.4.dist-info'...
Listing './lib/python3.5/site-packages/pytz'...
Listing './lib/python3.5/site-packages/pytz/zoneinfo'...
Listing './lib/python3.5/site-packages/pytz/zoneinfo/Africa'...
Listing './lib/python3.5/site-packages/pytz/zoneinfo/America'...
Listing './lib/python3.5/site-packages/pytz/zoneinfo/America/Argentina'...
Listing './lib/python3.5/site-packages/pytz/zoneinfo/America/Indiana'...
Listing './lib/python3.5/site-packages/pytz/zoneinfo/America/Kentucky'...
Listing './lib/python3.5/site-packages/pytz/zoneinfo/America/North_Dakota'...
Listing './lib/python3.5/site-packages/pytz/zoneinfo/Antarctica'...
Listing './lib/python3.5/site-packages/pytz/zoneinfo/Arctic'...
Listing './lib/python3.5/site-packages/pytz/zoneinfo/Asia'...
Listing './lib/python3.5/site-packages/pytz/zoneinfo/Atlantic'...
Listing './lib/python3.5/site-packages/pytz/zoneinfo/Australia'...
Listing './lib/python3.5/site-packages/pytz/zoneinfo/Brazil'...
Listing './lib/python3.5/site-packages/pytz/zoneinfo/Canada'...
Listing './lib/python3.5/site-packages/pytz/zoneinfo/Chile'...
Listing './lib/python3.5/site-packages/pytz/zoneinfo/Etc'...
Listing './lib/python3.5/site-packages/pytz/zoneinfo/Europe'...
Listing './lib/python3.5/site-packages/pytz/zoneinfo/Indian'...
Listing './lib/python3.5/site-packages/pytz/zoneinfo/Mexico'...
Listing './lib/python3.5/site-packages/pytz/zoneinfo/Pacific'...
Listing './lib/python3.5/site-packages/pytz/zoneinfo/US'...
Listing './lib/python3.5/site-packages/pytz-2017.3.dist-info'...
Listing './lib/python3.5/site-packages/requests'...
Listing './lib/python3.5/site-packages/requests-2.18.4.dist-info'...
Listing './lib/python3.5/site-packages/serial'...
Listing './lib/python3.5/site-packages/serial/threaded'...
Listing './lib/python3.5/site-packages/serial/tools'...
Listing './lib/python3.5/site-packages/serial/urlhandler'...
Listing './lib/python3.5/site-packages/setuptools'...
Listing './lib/python3.5/site-packages/setuptools/command'...
Listing './lib/python3.5/site-packages/setuptools/extern'...
Listing './lib/python3.5/site-packages/setuptools-32.3.1.dist-info'...
Listing './lib/python3.5/site-packages/six-1.11.0.dist-info'...
Listing './lib/python3.5/site-packages/sqlalchemy'...
Listing './lib/python3.5/site-packages/sqlalchemy/connectors'...
Listing './lib/python3.5/site-packages/sqlalchemy/databases'...
Listing './lib/python3.5/site-packages/sqlalchemy/dialects'...
Listing './lib/python3.5/site-packages/sqlalchemy/dialects/firebird'...
Listing './lib/python3.5/site-packages/sqlalchemy/dialects/mssql'...
Listing './lib/python3.5/site-packages/sqlalchemy/dialects/mysql'...
Listing './lib/python3.5/site-packages/sqlalchemy/dialects/oracle'...
Listing './lib/python3.5/site-packages/sqlalchemy/dialects/postgresql'...
Listing './lib/python3.5/site-packages/sqlalchemy/dialects/sqlite'...
Listing './lib/python3.5/site-packages/sqlalchemy/dialects/sybase'...
Listing './lib/python3.5/site-packages/sqlalchemy/engine'...
Listing './lib/python3.5/site-packages/sqlalchemy/event'...
Listing './lib/python3.5/site-packages/sqlalchemy/ext'...
Listing './lib/python3.5/site-packages/sqlalchemy/ext/declarative'...
Listing './lib/python3.5/site-packages/sqlalchemy/orm'...
Listing './lib/python3.5/site-packages/sqlalchemy/sql'...
Listing './lib/python3.5/site-packages/sqlalchemy/testing'...
Listing './lib/python3.5/site-packages/sqlalchemy/testing/plugin'...
Listing './lib/python3.5/site-packages/sqlalchemy/testing/suite'...
Listing './lib/python3.5/site-packages/sqlalchemy/util'...
Listing './lib/python3.5/site-packages/teleceptor'...
Listing './lib/python3.5/site-packages/teleceptor/api'...
Compiling './lib/python3.5/site-packages/teleceptor/api/datastreams.py'...
***   File "./lib/python3.5/site-packages/teleceptor/api/datastreams.py", line 218
    print "In createDatastream with datastream:"
                                               ^
SyntaxError: Missing parentheses in call to 'print'

Compiling './lib/python3.5/site-packages/teleceptor/api/delegation.py'...
***   File "./lib/python3.5/site-packages/teleceptor/api/delegation.py", line 180
    print "mote:"
                ^
SyntaxError: Missing parentheses in call to 'print'

Compiling './lib/python3.5/site-packages/teleceptor/api/messages.py'...
***   File "./lib/python3.5/site-packages/teleceptor/api/messages.py", line 131
    print "Didn't have any matches in type validation"
                                                     ^
SyntaxError: Missing parentheses in call to 'print'

Compiling './lib/python3.5/site-packages/teleceptor/api/readings.py'...
***   File "./lib/python3.5/site-packages/teleceptor/api/readings.py", line 168
    print "\nTIME LESS THAN " + str(SQLREADTIME)
                            ^
SyntaxError: invalid syntax

Compiling './lib/python3.5/site-packages/teleceptor/api/sensors.py'...
***   File "./lib/python3.5/site-packages/teleceptor/api/sensors.py", line 177
    print "in create Sensor. Sensor:"
                                    ^
SyntaxError: Missing parentheses in call to 'print'

Listing './lib/python3.5/site-packages/teleceptor/basestation'...
Compiling './lib/python3.5/site-packages/teleceptor/basestation/poller.py'...
*** Sorry: TabError: inconsistent use of tabs and spaces in indentation (poller.py, line 58)
Compiling './lib/python3.5/site-packages/teleceptor/basestation/queryer.py'...
***   File "./lib/python3.5/site-packages/teleceptor/basestation/queryer.py", line 97
    except SerialTimeoutException, ste:
                                 ^
SyntaxError: invalid syntax

Compiling './lib/python3.5/site-packages/teleceptor/basestation/tcpPoller.py'...
*** Sorry: TabError: inconsistent use of tabs and spaces in indentation (tcpPoller.py, line 38)
Compiling './lib/python3.5/site-packages/teleceptor/basestation/tcpSensor.py'...
***   File "./lib/python3.5/site-packages/teleceptor/basestation/tcpSensor.py", line 52
    print "in queryer"
                     ^
SyntaxError: Missing parentheses in call to 'print'

Compiling './lib/python3.5/site-packages/teleceptor/models.py'...
***   File "./lib/python3.5/site-packages/teleceptor/models.py", line 220
    print "todict sensor"
                        ^
SyntaxError: Missing parentheses in call to 'print'

Compiling './lib/python3.5/site-packages/teleceptor/pages.py'...
***   File "./lib/python3.5/site-packages/teleceptor/pages.py", line 49
    except KeyError, ke:
                   ^
SyntaxError: invalid syntax

Listing './lib/python3.5/site-packages/teleceptor/softSensors'...
Listing './lib/python3.5/site-packages/teleceptor/softSensors/BitcoinSensor'...
Listing './lib/python3.5/site-packages/teleceptor/softSensors/SimpleInput'...
Compiling './lib/python3.5/site-packages/teleceptor/softSensors/SimpleInput/simpleInput.py'...
***   File "./lib/python3.5/site-packages/teleceptor/softSensors/SimpleInput/simpleInput.py", line 14
    print response
                 ^
SyntaxError: Missing parentheses in call to 'print'

Compiling './lib/python3.5/site-packages/teleceptor/whisperUtils.py'...
***   File "./lib/python3.5/site-packages/teleceptor/whisperUtils.py", line 37
    except whisper.WhisperException, exc:
                                   ^
SyntaxError: invalid syntax

Listing './lib/python3.5/site-packages/teleceptor-0.7.7.egg-info'...
Listing './lib/python3.5/site-packages/tempora'...
Listing './lib/python3.5/site-packages/tempora/tests'...
Listing './lib/python3.5/site-packages/tempora-1.10.dist-info'...
Listing './lib/python3.5/site-packages/urllib3'...
Listing './lib/python3.5/site-packages/urllib3/contrib'...
Listing './lib/python3.5/site-packages/urllib3/contrib/_securetransport'...
Listing './lib/python3.5/site-packages/urllib3/packages'...
Listing './lib/python3.5/site-packages/urllib3/packages/backports'...
Listing './lib/python3.5/site-packages/urllib3/packages/ssl_match_hostname'...
Listing './lib/python3.5/site-packages/urllib3/util'...
Listing './lib/python3.5/site-packages/urllib3-1.22.dist-info'...
Listing './lib/python3.5/site-packages/whisper-1.1.1.egg-info'...
Listing './share'...
Listing './share/python-wheels'...
Listing './templates'...
Listing './webroot'...
Listing './webroot/css'...
Listing './webroot/img'...
Listing './webroot/js'...
Listing './webroot/lib'...
Listing './webroot/lib/bootstrap'...
Listing './webroot/lib/bootstrap/css'...
Listing './webroot/lib/bootstrap/fonts'...
Listing './webroot/lib/bootstrap/js'...
Listing './webroot/lib/bootstrap-switch-master'...
Listing './webroot/lib/bootstrap-switch-master/dist'...
Listing './webroot/lib/bootstrap-switch-master/dist/css'...
Listing './webroot/lib/bootstrap-switch-master/dist/css/bootstrap2'...
Listing './webroot/lib/bootstrap-switch-master/dist/css/bootstrap3'...
Listing './webroot/lib/bootstrap-switch-master/dist/js'...
Listing './webroot/lib/bootstrap-switch-master/docs'...
Listing './webroot/lib/bootstrap-switch-master/docs/css'...
Listing './webroot/lib/bootstrap-switch-master/docs/fonts'...
Listing './webroot/lib/bootstrap-switch-master/docs/js'...
Listing './webroot/lib/bootstrap-switch-master/src'...
Listing './webroot/lib/bootstrap-switch-master/src/coffee'...
Listing './webroot/lib/bootstrap-switch-master/src/docs'...
Listing './webroot/lib/bootstrap-switch-master/src/less'...
Listing './webroot/lib/bootstrap-switch-master/src/less/bootstrap2'...
Listing './webroot/lib/bootstrap-switch-master/src/less/bootstrap3'...
Listing './webroot/lib/bootstrap-switch-master/src/test'...
Listing './webroot/lib/flot'...
Listing './webroot/lib/font-awesome'...
Listing './webroot/lib/font-awesome/css'...
Listing './webroot/lib/font-awesome/font'...
Listing './webroot/lib/history'...
Listing './webroot/lib/jquery'...
Listing './webroot/lib/knockout'...
Listing './webroot/lib/moment'...
Listing './webroot/lib/moment/js'...
Listing './whisperData'...
