Listing '.'...
Listing './bin'...
Listing './include'...
Listing './lib'...
Listing './lib/python3.5'...
Listing './lib/python3.5/site-packages'...
Listing './lib/python3.5/site-packages/.libs_cffi_backend'...
Listing './lib/python3.5/site-packages/Flask-0.12.2.dist-info'...
Listing './lib/python3.5/site-packages/Jinja2-2.10.dist-info'...
Listing './lib/python3.5/site-packages/MarkupSafe-1.0.egg-info'...
Listing './lib/python3.5/site-packages/Werkzeug-0.14.1.dist-info'...
Listing './lib/python3.5/site-packages/argon2'...
Listing './lib/python3.5/site-packages/argon2_cffi-18.1.0.dist-info'...
Listing './lib/python3.5/site-packages/certifi'...
Listing './lib/python3.5/site-packages/certifi-2017.11.5.dist-info'...
Listing './lib/python3.5/site-packages/cffi'...
Listing './lib/python3.5/site-packages/cffi-1.11.3.dist-info'...
Listing './lib/python3.5/site-packages/chardet'...
Listing './lib/python3.5/site-packages/chardet/cli'...
Listing './lib/python3.5/site-packages/chardet-3.0.4.dist-info'...
Listing './lib/python3.5/site-packages/click'...
Listing './lib/python3.5/site-packages/click-6.7.dist-info'...
Listing './lib/python3.5/site-packages/flask'...
Listing './lib/python3.5/site-packages/flask/ext'...
Listing './lib/python3.5/site-packages/html5lib'...
Listing './lib/python3.5/site-packages/html5lib/_trie'...
Listing './lib/python3.5/site-packages/html5lib/filters'...
Listing './lib/python3.5/site-packages/html5lib/treeadapters'...
Listing './lib/python3.5/site-packages/html5lib/treebuilders'...
Listing './lib/python3.5/site-packages/html5lib/treewalkers'...
Listing './lib/python3.5/site-packages/html5lib-1.0.1.dist-info'...
Listing './lib/python3.5/site-packages/idna'...
Listing './lib/python3.5/site-packages/idna-2.6.dist-info'...
Listing './lib/python3.5/site-packages/itsdangerous-0.24.egg-info'...
Listing './lib/python3.5/site-packages/jinja2'...
Compiling './lib/python3.5/site-packages/jinja2/asyncfilters.py'...
***   File "./lib/python3.5/site-packages/jinja2/asyncfilters.py", line 24
    yield item
    ^
SyntaxError: 'yield' inside async function

Compiling './lib/python3.5/site-packages/jinja2/asyncsupport.py'...
***   File "./lib/python3.5/site-packages/jinja2/asyncsupport.py", line 35
    yield event
    ^
SyntaxError: 'yield' inside async function

Listing './lib/python3.5/site-packages/markupsafe'...
Listing './lib/python3.5/site-packages/passlib'...
Listing './lib/python3.5/site-packages/passlib/_data'...
Listing './lib/python3.5/site-packages/passlib/_data/wordsets'...
Listing './lib/python3.5/site-packages/passlib/crypto'...
Listing './lib/python3.5/site-packages/passlib/crypto/_blowfish'...
Listing './lib/python3.5/site-packages/passlib/crypto/scrypt'...
Listing './lib/python3.5/site-packages/passlib/ext'...
Listing './lib/python3.5/site-packages/passlib/ext/django'...
Listing './lib/python3.5/site-packages/passlib/handlers'...
Listing './lib/python3.5/site-packages/passlib/tests'...
Listing './lib/python3.5/site-packages/passlib/utils'...
Listing './lib/python3.5/site-packages/passlib/utils/compat'...
Listing './lib/python3.5/site-packages/passlib-1.7.1.dist-info'...
Listing './lib/python3.5/site-packages/pip'...
Listing './lib/python3.5/site-packages/pip/_vendor'...
Listing './lib/python3.5/site-packages/pip/commands'...
Listing './lib/python3.5/site-packages/pip/compat'...
Listing './lib/python3.5/site-packages/pip/models'...
Listing './lib/python3.5/site-packages/pip/operations'...
Listing './lib/python3.5/site-packages/pip/req'...
Listing './lib/python3.5/site-packages/pip/utils'...
Listing './lib/python3.5/site-packages/pip/vcs'...
Listing './lib/python3.5/site-packages/pip-9.0.1.dist-info'...
Listing './lib/python3.5/site-packages/pkg_resources'...
Listing './lib/python3.5/site-packages/pkg_resources/_vendor'...
Listing './lib/python3.5/site-packages/pkg_resources/_vendor/packaging'...
Listing './lib/python3.5/site-packages/pkg_resources/extern'...
Listing './lib/python3.5/site-packages/pkg_resources-0.0.0.dist-info'...
Listing './lib/python3.5/site-packages/pycparser'...
Listing './lib/python3.5/site-packages/pycparser/ply'...
Listing './lib/python3.5/site-packages/pycparser-2.18.egg-info'...
Listing './lib/python3.5/site-packages/requests'...
Listing './lib/python3.5/site-packages/requests-2.18.4.dist-info'...
Listing './lib/python3.5/site-packages/setuptools'...
Listing './lib/python3.5/site-packages/setuptools/command'...
Listing './lib/python3.5/site-packages/setuptools/extern'...
Listing './lib/python3.5/site-packages/setuptools-32.3.1.dist-info'...
Listing './lib/python3.5/site-packages/six-1.11.0.dist-info'...
Listing './lib/python3.5/site-packages/temboz-2.1.0.egg-info'...
Listing './lib/python3.5/site-packages/tembozapp'...
Compiling './lib/python3.5/site-packages/tembozapp/bootstrap.py'...
***   File "./lib/python3.5/site-packages/tembozapp/bootstrap.py", line 7
    print """Welcome to the Temboz initial setup wizard!
  """
                                                        
    ^
SyntaxError: Missing parentheses in call to 'print'

Compiling './lib/python3.5/site-packages/tembozapp/dbop.py'...
***   File "./lib/python3.5/site-packages/tembozapp/dbop.py", line 300
    except sqlite3.IntegrityError, e:
                                 ^
SyntaxError: invalid syntax

Compiling './lib/python3.5/site-packages/tembozapp/feedparser.py'...
***   File "./lib/python3.5/site-packages/tembozapp/feedparser.py", line 334
    raise KeyError, "object doesn't have key 'category'"
                  ^
SyntaxError: invalid syntax

Compiling './lib/python3.5/site-packages/tembozapp/filters.py'...
***   File "./lib/python3.5/site-packages/tembozapp/filters.py", line 189
    self.code = compile(rule, 'rule' + `uid`, 'eval')
                                       ^
SyntaxError: invalid syntax

Compiling './lib/python3.5/site-packages/tembozapp/opml.py'...
***   File "./lib/python3.5/site-packages/tembozapp/opml.py", line 64
    except sqlite.IntegrityError, e:
                                ^
SyntaxError: invalid syntax

Compiling './lib/python3.5/site-packages/tembozapp/server.py'...
***   File "./lib/python3.5/site-packages/tembozapp/server.py", line 482
    except update.UnknownError, e:
                              ^
SyntaxError: invalid syntax

Listing './lib/python3.5/site-packages/tembozapp/static'...
Listing './lib/python3.5/site-packages/tembozapp/static/tiny_mce'...
Listing './lib/python3.5/site-packages/tembozapp/static/tiny_mce/langs'...
Listing './lib/python3.5/site-packages/tembozapp/static/tiny_mce/plugins'...
Listing './lib/python3.5/site-packages/tembozapp/static/tiny_mce/plugins/_template'...
Listing './lib/python3.5/site-packages/tembozapp/static/tiny_mce/plugins/_template/images'...
Listing './lib/python3.5/site-packages/tembozapp/static/tiny_mce/plugins/_template/langs'...
Listing './lib/python3.5/site-packages/tembozapp/static/tiny_mce/plugins/advhr'...
Listing './lib/python3.5/site-packages/tembozapp/static/tiny_mce/plugins/advhr/css'...
Listing './lib/python3.5/site-packages/tembozapp/static/tiny_mce/plugins/advhr/images'...
Listing './lib/python3.5/site-packages/tembozapp/static/tiny_mce/plugins/advhr/jscripts'...
Listing './lib/python3.5/site-packages/tembozapp/static/tiny_mce/plugins/advhr/langs'...
Listing './lib/python3.5/site-packages/tembozapp/static/tiny_mce/plugins/advimage'...
Listing './lib/python3.5/site-packages/tembozapp/static/tiny_mce/plugins/advimage/css'...
Listing './lib/python3.5/site-packages/tembozapp/static/tiny_mce/plugins/advimage/images'...
Listing './lib/python3.5/site-packages/tembozapp/static/tiny_mce/plugins/advimage/jscripts'...
Listing './lib/python3.5/site-packages/tembozapp/static/tiny_mce/plugins/advimage/langs'...
Listing './lib/python3.5/site-packages/tembozapp/static/tiny_mce/plugins/advlink'...
Listing './lib/python3.5/site-packages/tembozapp/static/tiny_mce/plugins/advlink/css'...
Listing './lib/python3.5/site-packages/tembozapp/static/tiny_mce/plugins/advlink/jscripts'...
Listing './lib/python3.5/site-packages/tembozapp/static/tiny_mce/plugins/advlink/langs'...
Listing './lib/python3.5/site-packages/tembozapp/static/tiny_mce/plugins/autosave'...
Listing './lib/python3.5/site-packages/tembozapp/static/tiny_mce/plugins/autosave/langs'...
Listing './lib/python3.5/site-packages/tembozapp/static/tiny_mce/plugins/cleanup'...
Listing './lib/python3.5/site-packages/tembozapp/static/tiny_mce/plugins/contextmenu'...
Listing './lib/python3.5/site-packages/tembozapp/static/tiny_mce/plugins/contextmenu/css'...
Listing './lib/python3.5/site-packages/tembozapp/static/tiny_mce/plugins/contextmenu/images'...
Listing './lib/python3.5/site-packages/tembozapp/static/tiny_mce/plugins/directionality'...
Listing './lib/python3.5/site-packages/tembozapp/static/tiny_mce/plugins/directionality/images'...
Listing './lib/python3.5/site-packages/tembozapp/static/tiny_mce/plugins/directionality/langs'...
Listing './lib/python3.5/site-packages/tembozapp/static/tiny_mce/plugins/emotions'...
Listing './lib/python3.5/site-packages/tembozapp/static/tiny_mce/plugins/emotions/images'...
Listing './lib/python3.5/site-packages/tembozapp/static/tiny_mce/plugins/emotions/jscripts'...
Listing './lib/python3.5/site-packages/tembozapp/static/tiny_mce/plugins/emotions/langs'...
Listing './lib/python3.5/site-packages/tembozapp/static/tiny_mce/plugins/flash'...
Listing './lib/python3.5/site-packages/tembozapp/static/tiny_mce/plugins/flash/css'...
Listing './lib/python3.5/site-packages/tembozapp/static/tiny_mce/plugins/flash/images'...
Listing './lib/python3.5/site-packages/tembozapp/static/tiny_mce/plugins/flash/jscripts'...
Listing './lib/python3.5/site-packages/tembozapp/static/tiny_mce/plugins/flash/langs'...
Listing './lib/python3.5/site-packages/tembozapp/static/tiny_mce/plugins/fullpage'...
Listing './lib/python3.5/site-packages/tembozapp/static/tiny_mce/plugins/fullpage/css'...
Listing './lib/python3.5/site-packages/tembozapp/static/tiny_mce/plugins/fullpage/images'...
Listing './lib/python3.5/site-packages/tembozapp/static/tiny_mce/plugins/fullpage/jscripts'...
Listing './lib/python3.5/site-packages/tembozapp/static/tiny_mce/plugins/fullpage/langs'...
Listing './lib/python3.5/site-packages/tembozapp/static/tiny_mce/plugins/fullscreen'...
Listing './lib/python3.5/site-packages/tembozapp/static/tiny_mce/plugins/fullscreen/images'...
Listing './lib/python3.5/site-packages/tembozapp/static/tiny_mce/plugins/fullscreen/langs'...
Listing './lib/python3.5/site-packages/tembozapp/static/tiny_mce/plugins/iespell'...
Listing './lib/python3.5/site-packages/tembozapp/static/tiny_mce/plugins/iespell/images'...
Listing './lib/python3.5/site-packages/tembozapp/static/tiny_mce/plugins/iespell/langs'...
Listing './lib/python3.5/site-packages/tembozapp/static/tiny_mce/plugins/inlinepopups'...
Listing './lib/python3.5/site-packages/tembozapp/static/tiny_mce/plugins/inlinepopups/css'...
Listing './lib/python3.5/site-packages/tembozapp/static/tiny_mce/plugins/inlinepopups/images'...
Listing './lib/python3.5/site-packages/tembozapp/static/tiny_mce/plugins/inlinepopups/jscripts'...
Listing './lib/python3.5/site-packages/tembozapp/static/tiny_mce/plugins/insertdatetime'...
Listing './lib/python3.5/site-packages/tembozapp/static/tiny_mce/plugins/insertdatetime/images'...
Listing './lib/python3.5/site-packages/tembozapp/static/tiny_mce/plugins/insertdatetime/langs'...
Listing './lib/python3.5/site-packages/tembozapp/static/tiny_mce/plugins/layer'...
Listing './lib/python3.5/site-packages/tembozapp/static/tiny_mce/plugins/layer/images'...
Listing './lib/python3.5/site-packages/tembozapp/static/tiny_mce/plugins/layer/langs'...
Listing './lib/python3.5/site-packages/tembozapp/static/tiny_mce/plugins/noneditable'...
Listing './lib/python3.5/site-packages/tembozapp/static/tiny_mce/plugins/noneditable/css'...
Listing './lib/python3.5/site-packages/tembozapp/static/tiny_mce/plugins/paste'...
Listing './lib/python3.5/site-packages/tembozapp/static/tiny_mce/plugins/paste/css'...
Listing './lib/python3.5/site-packages/tembozapp/static/tiny_mce/plugins/paste/images'...
Listing './lib/python3.5/site-packages/tembozapp/static/tiny_mce/plugins/paste/jscripts'...
Listing './lib/python3.5/site-packages/tembozapp/static/tiny_mce/plugins/paste/langs'...
Listing './lib/python3.5/site-packages/tembozapp/static/tiny_mce/plugins/preview'...
Listing './lib/python3.5/site-packages/tembozapp/static/tiny_mce/plugins/preview/images'...
Listing './lib/python3.5/site-packages/tembozapp/static/tiny_mce/plugins/preview/langs'...
Listing './lib/python3.5/site-packages/tembozapp/static/tiny_mce/plugins/print'...
Listing './lib/python3.5/site-packages/tembozapp/static/tiny_mce/plugins/print/images'...
Listing './lib/python3.5/site-packages/tembozapp/static/tiny_mce/plugins/print/langs'...
Listing './lib/python3.5/site-packages/tembozapp/static/tiny_mce/plugins/save'...
Listing './lib/python3.5/site-packages/tembozapp/static/tiny_mce/plugins/save/images'...
Listing './lib/python3.5/site-packages/tembozapp/static/tiny_mce/plugins/save/langs'...
Listing './lib/python3.5/site-packages/tembozapp/static/tiny_mce/plugins/searchreplace'...
Listing './lib/python3.5/site-packages/tembozapp/static/tiny_mce/plugins/searchreplace/images'...
Listing './lib/python3.5/site-packages/tembozapp/static/tiny_mce/plugins/searchreplace/jscripts'...
Listing './lib/python3.5/site-packages/tembozapp/static/tiny_mce/plugins/searchreplace/langs'...
Listing './lib/python3.5/site-packages/tembozapp/static/tiny_mce/plugins/style'...
Listing './lib/python3.5/site-packages/tembozapp/static/tiny_mce/plugins/style/css'...
Listing './lib/python3.5/site-packages/tembozapp/static/tiny_mce/plugins/style/images'...
Listing './lib/python3.5/site-packages/tembozapp/static/tiny_mce/plugins/style/jscripts'...
Listing './lib/python3.5/site-packages/tembozapp/static/tiny_mce/plugins/style/langs'...
Listing './lib/python3.5/site-packages/tembozapp/static/tiny_mce/plugins/table'...
Listing './lib/python3.5/site-packages/tembozapp/static/tiny_mce/plugins/table/css'...
Listing './lib/python3.5/site-packages/tembozapp/static/tiny_mce/plugins/table/images'...
Listing './lib/python3.5/site-packages/tembozapp/static/tiny_mce/plugins/table/jscripts'...
Listing './lib/python3.5/site-packages/tembozapp/static/tiny_mce/plugins/table/langs'...
Listing './lib/python3.5/site-packages/tembozapp/static/tiny_mce/plugins/zoom'...
Listing './lib/python3.5/site-packages/tembozapp/static/tiny_mce/themes'...
Listing './lib/python3.5/site-packages/tembozapp/static/tiny_mce/themes/advanced'...
Listing './lib/python3.5/site-packages/tembozapp/static/tiny_mce/themes/advanced/css'...
Listing './lib/python3.5/site-packages/tembozapp/static/tiny_mce/themes/advanced/docs'...
Listing './lib/python3.5/site-packages/tembozapp/static/tiny_mce/themes/advanced/docs/en'...
Listing './lib/python3.5/site-packages/tembozapp/static/tiny_mce/themes/advanced/images'...
Listing './lib/python3.5/site-packages/tembozapp/static/tiny_mce/themes/advanced/images/xp'...
Listing './lib/python3.5/site-packages/tembozapp/static/tiny_mce/themes/advanced/jscripts'...
Listing './lib/python3.5/site-packages/tembozapp/static/tiny_mce/themes/advanced/langs'...
Listing './lib/python3.5/site-packages/tembozapp/static/tiny_mce/themes/simple'...
Listing './lib/python3.5/site-packages/tembozapp/static/tiny_mce/themes/simple/css'...
Listing './lib/python3.5/site-packages/tembozapp/static/tiny_mce/themes/simple/images'...
Listing './lib/python3.5/site-packages/tembozapp/static/tiny_mce/utils'...
Listing './lib/python3.5/site-packages/tembozapp/templates'...
Compiling './lib/python3.5/site-packages/tembozapp/update.py'...
***   File "./lib/python3.5/site-packages/tembozapp/update.py", line 135
    except sqlite3.IntegrityError, e:
                                 ^
SyntaxError: invalid syntax

Listing './lib/python3.5/site-packages/translitcodec'...
Listing './lib/python3.5/site-packages/translitcodec-0.4.0.egg-info'...
Listing './lib/python3.5/site-packages/urllib3'...
Listing './lib/python3.5/site-packages/urllib3/contrib'...
Listing './lib/python3.5/site-packages/urllib3/contrib/_securetransport'...
Listing './lib/python3.5/site-packages/urllib3/packages'...
Listing './lib/python3.5/site-packages/urllib3/packages/backports'...
Listing './lib/python3.5/site-packages/urllib3/packages/ssl_match_hostname'...
Listing './lib/python3.5/site-packages/urllib3/util'...
Listing './lib/python3.5/site-packages/urllib3-1.22.dist-info'...
Listing './lib/python3.5/site-packages/webencodings'...
Listing './lib/python3.5/site-packages/webencodings-0.5.1.dist-info'...
Listing './lib/python3.5/site-packages/werkzeug'...
Listing './lib/python3.5/site-packages/werkzeug/contrib'...
Listing './lib/python3.5/site-packages/werkzeug/debug'...
Listing './lib/python3.5/site-packages/werkzeug/debug/shared'...
Listing './lib/python3.5/site-packages/yappi-0.98.egg-info'...
Listing './share'...
Listing './share/python-wheels'...
