Listing '.'...
Listing './bin'...
Listing './include'...
Listing './include/site'...
Listing './include/site/python3.5'...
Listing './include/site/python3.5/greenlet'...
Listing './lib'...
Listing './lib/python3.5'...
Listing './lib/python3.5/site-packages'...
Listing './lib/python3.5/site-packages/Flask-0.12.2.dist-info'...
Listing './lib/python3.5/site-packages/Jinja2-2.10.dist-info'...
Listing './lib/python3.5/site-packages/MarkupSafe-1.0.egg-info'...
Listing './lib/python3.5/site-packages/Werkzeug-0.14.1.dist-info'...
Listing './lib/python3.5/site-packages/bz2file-0.98.egg-info'...
Listing './lib/python3.5/site-packages/certifi'...
Listing './lib/python3.5/site-packages/certifi-2017.11.5.dist-info'...
Listing './lib/python3.5/site-packages/chardet'...
Listing './lib/python3.5/site-packages/chardet/cli'...
Listing './lib/python3.5/site-packages/chardet-3.0.4.dist-info'...
Listing './lib/python3.5/site-packages/click'...
Listing './lib/python3.5/site-packages/click-6.7.dist-info'...
Listing './lib/python3.5/site-packages/flask'...
Listing './lib/python3.5/site-packages/flask/ext'...
Listing './lib/python3.5/site-packages/future'...
Listing './lib/python3.5/site-packages/future/backports'...
Listing './lib/python3.5/site-packages/future/backports/email'...
Listing './lib/python3.5/site-packages/future/backports/email/mime'...
Listing './lib/python3.5/site-packages/future/backports/html'...
Listing './lib/python3.5/site-packages/future/backports/http'...
Listing './lib/python3.5/site-packages/future/backports/test'...
Listing './lib/python3.5/site-packages/future/backports/urllib'...
Listing './lib/python3.5/site-packages/future/backports/xmlrpc'...
Listing './lib/python3.5/site-packages/future/builtins'...
Listing './lib/python3.5/site-packages/future/moves'...
Listing './lib/python3.5/site-packages/future/moves/dbm'...
Listing './lib/python3.5/site-packages/future/moves/html'...
Listing './lib/python3.5/site-packages/future/moves/http'...
Listing './lib/python3.5/site-packages/future/moves/test'...
Listing './lib/python3.5/site-packages/future/moves/tkinter'...
Listing './lib/python3.5/site-packages/future/moves/urllib'...
Listing './lib/python3.5/site-packages/future/moves/xmlrpc'...
Listing './lib/python3.5/site-packages/future/standard_library'...
Listing './lib/python3.5/site-packages/future/tests'...
Listing './lib/python3.5/site-packages/future/types'...
Listing './lib/python3.5/site-packages/future/utils'...
Listing './lib/python3.5/site-packages/future-0.16.0.egg-info'...
Listing './lib/python3.5/site-packages/gevent'...
Compiling './lib/python3.5/site-packages/gevent/_util_py2.py'...
***   File "./lib/python3.5/site-packages/gevent/_util_py2.py", line 7
    raise type, value, tb
              ^
SyntaxError: invalid syntax

Listing './lib/python3.5/site-packages/gevent/libev'...
Listing './lib/python3.5/site-packages/gevent-1.2.2.dist-info'...
Listing './lib/python3.5/site-packages/greenlet-0.4.12.dist-info'...
Listing './lib/python3.5/site-packages/gunicorn'...
Listing './lib/python3.5/site-packages/gunicorn/app'...
Listing './lib/python3.5/site-packages/gunicorn/http'...
Listing './lib/python3.5/site-packages/gunicorn/instrument'...
Listing './lib/python3.5/site-packages/gunicorn/workers'...
Listing './lib/python3.5/site-packages/gunicorn-19.7.1.dist-info'...
Listing './lib/python3.5/site-packages/gym'...
Listing './lib/python3.5/site-packages/gym/benchmarks'...
Listing './lib/python3.5/site-packages/gym/benchmarks/tests'...
Listing './lib/python3.5/site-packages/gym/envs'...
Listing './lib/python3.5/site-packages/gym/envs/algorithmic'...
Listing './lib/python3.5/site-packages/gym/envs/algorithmic/tests'...
Listing './lib/python3.5/site-packages/gym/envs/atari'...
Listing './lib/python3.5/site-packages/gym/envs/board_game'...
Listing './lib/python3.5/site-packages/gym/envs/box2d'...
Listing './lib/python3.5/site-packages/gym/envs/classic_control'...
Listing './lib/python3.5/site-packages/gym/envs/classic_control/assets'...
Listing './lib/python3.5/site-packages/gym/envs/debugging'...
Listing './lib/python3.5/site-packages/gym/envs/mujoco'...
Listing './lib/python3.5/site-packages/gym/envs/mujoco/assets'...
Listing './lib/python3.5/site-packages/gym/envs/parameter_tuning'...
Listing './lib/python3.5/site-packages/gym/envs/safety'...
Listing './lib/python3.5/site-packages/gym/envs/tests'...
Listing './lib/python3.5/site-packages/gym/envs/toy_text'...
Listing './lib/python3.5/site-packages/gym/monitoring'...
Listing './lib/python3.5/site-packages/gym/monitoring/tests'...
Listing './lib/python3.5/site-packages/gym/scoreboard'...
Listing './lib/python3.5/site-packages/gym/scoreboard/client'...
Listing './lib/python3.5/site-packages/gym/scoreboard/client/tests'...
Listing './lib/python3.5/site-packages/gym/scoreboard/tests'...
Listing './lib/python3.5/site-packages/gym/spaces'...
Listing './lib/python3.5/site-packages/gym/spaces/tests'...
Listing './lib/python3.5/site-packages/gym/utils'...
Compiling './lib/python3.5/site-packages/gym/utils/reraise_impl_py2.py'...
***   File "./lib/python3.5/site-packages/gym/utils/reraise_impl_py2.py", line 2
    raise e.__class__, e, traceback
                     ^
SyntaxError: invalid syntax

Listing './lib/python3.5/site-packages/gym/wrappers'...
Listing './lib/python3.5/site-packages/gym/wrappers/tests'...
Listing './lib/python3.5/site-packages/gym-0.9.4.egg-info'...
Listing './lib/python3.5/site-packages/idna'...
Listing './lib/python3.5/site-packages/idna-2.6.dist-info'...
Listing './lib/python3.5/site-packages/itsdangerous-0.24.egg-info'...
Listing './lib/python3.5/site-packages/jinja2'...
Compiling './lib/python3.5/site-packages/jinja2/asyncfilters.py'...
***   File "./lib/python3.5/site-packages/jinja2/asyncfilters.py", line 24
    yield item
    ^
SyntaxError: 'yield' inside async function

Compiling './lib/python3.5/site-packages/jinja2/asyncsupport.py'...
***   File "./lib/python3.5/site-packages/jinja2/asyncsupport.py", line 35
    yield event
    ^
SyntaxError: 'yield' inside async function

Listing './lib/python3.5/site-packages/libfuturize'...
Listing './lib/python3.5/site-packages/libfuturize/fixes'...
Listing './lib/python3.5/site-packages/libpasteurize'...
Listing './lib/python3.5/site-packages/libpasteurize/fixes'...
Listing './lib/python3.5/site-packages/markupsafe'...
Listing './lib/python3.5/site-packages/mpmath'...
Listing './lib/python3.5/site-packages/mpmath/calculus'...
Listing './lib/python3.5/site-packages/mpmath/functions'...
Listing './lib/python3.5/site-packages/mpmath/libmp'...
Listing './lib/python3.5/site-packages/mpmath/matrices'...
Listing './lib/python3.5/site-packages/mpmath/tests'...
Listing './lib/python3.5/site-packages/mpmath-1.0.0.egg-info'...
Listing './lib/python3.5/site-packages/numpy'...
Listing './lib/python3.5/site-packages/numpy/.libs'...
Listing './lib/python3.5/site-packages/numpy/compat'...
Listing './lib/python3.5/site-packages/numpy/core'...
Listing './lib/python3.5/site-packages/numpy/core/include'...
Listing './lib/python3.5/site-packages/numpy/core/include/numpy'...
Listing './lib/python3.5/site-packages/numpy/core/lib'...
Listing './lib/python3.5/site-packages/numpy/core/lib/npy-pkg-config'...
Listing './lib/python3.5/site-packages/numpy/core/tests'...
Listing './lib/python3.5/site-packages/numpy/core/tests/data'...
Listing './lib/python3.5/site-packages/numpy/distutils'...
Listing './lib/python3.5/site-packages/numpy/distutils/command'...
Listing './lib/python3.5/site-packages/numpy/distutils/fcompiler'...
Listing './lib/python3.5/site-packages/numpy/distutils/mingw'...
Listing './lib/python3.5/site-packages/numpy/distutils/tests'...
Listing './lib/python3.5/site-packages/numpy/doc'...
Listing './lib/python3.5/site-packages/numpy/f2py'...
Listing './lib/python3.5/site-packages/numpy/f2py/src'...
Listing './lib/python3.5/site-packages/numpy/f2py/tests'...
Listing './lib/python3.5/site-packages/numpy/f2py/tests/src'...
Listing './lib/python3.5/site-packages/numpy/f2py/tests/src/array_from_pyobj'...
Listing './lib/python3.5/site-packages/numpy/f2py/tests/src/assumed_shape'...
Listing './lib/python3.5/site-packages/numpy/f2py/tests/src/common'...
Listing './lib/python3.5/site-packages/numpy/f2py/tests/src/kind'...
Listing './lib/python3.5/site-packages/numpy/f2py/tests/src/mixed'...
Listing './lib/python3.5/site-packages/numpy/f2py/tests/src/parameter'...
Listing './lib/python3.5/site-packages/numpy/f2py/tests/src/regression'...
Listing './lib/python3.5/site-packages/numpy/f2py/tests/src/size'...
Listing './lib/python3.5/site-packages/numpy/f2py/tests/src/string'...
Listing './lib/python3.5/site-packages/numpy/fft'...
Listing './lib/python3.5/site-packages/numpy/fft/tests'...
Listing './lib/python3.5/site-packages/numpy/lib'...
Listing './lib/python3.5/site-packages/numpy/lib/tests'...
Listing './lib/python3.5/site-packages/numpy/lib/tests/data'...
Listing './lib/python3.5/site-packages/numpy/linalg'...
Listing './lib/python3.5/site-packages/numpy/linalg/tests'...
Listing './lib/python3.5/site-packages/numpy/ma'...
Listing './lib/python3.5/site-packages/numpy/ma/tests'...
Listing './lib/python3.5/site-packages/numpy/matrixlib'...
Listing './lib/python3.5/site-packages/numpy/matrixlib/tests'...
Listing './lib/python3.5/site-packages/numpy/polynomial'...
Listing './lib/python3.5/site-packages/numpy/polynomial/tests'...
Listing './lib/python3.5/site-packages/numpy/random'...
Listing './lib/python3.5/site-packages/numpy/random/tests'...
Listing './lib/python3.5/site-packages/numpy/testing'...
Listing './lib/python3.5/site-packages/numpy/testing/nose_tools'...
Listing './lib/python3.5/site-packages/numpy/testing/tests'...
Listing './lib/python3.5/site-packages/numpy/tests'...
Listing './lib/python3.5/site-packages/numpy-1.14.0.dist-info'...
Listing './lib/python3.5/site-packages/past'...
Listing './lib/python3.5/site-packages/past/builtins'...
Listing './lib/python3.5/site-packages/past/tests'...
Listing './lib/python3.5/site-packages/past/translation'...
Listing './lib/python3.5/site-packages/past/types'...
Listing './lib/python3.5/site-packages/past/utils'...
Listing './lib/python3.5/site-packages/pip'...
Listing './lib/python3.5/site-packages/pip/_vendor'...
Listing './lib/python3.5/site-packages/pip/commands'...
Listing './lib/python3.5/site-packages/pip/compat'...
Listing './lib/python3.5/site-packages/pip/models'...
Listing './lib/python3.5/site-packages/pip/operations'...
Listing './lib/python3.5/site-packages/pip/req'...
Listing './lib/python3.5/site-packages/pip/utils'...
Listing './lib/python3.5/site-packages/pip/vcs'...
Listing './lib/python3.5/site-packages/pip-9.0.1.dist-info'...
Listing './lib/python3.5/site-packages/pkg_resources'...
Listing './lib/python3.5/site-packages/pkg_resources/_vendor'...
Listing './lib/python3.5/site-packages/pkg_resources/_vendor/packaging'...
Listing './lib/python3.5/site-packages/pkg_resources/extern'...
Listing './lib/python3.5/site-packages/pkg_resources-0.0.0.dist-info'...
Listing './lib/python3.5/site-packages/pyglet'...
Listing './lib/python3.5/site-packages/pyglet/app'...
Listing './lib/python3.5/site-packages/pyglet/canvas'...
Listing './lib/python3.5/site-packages/pyglet/extlibs'...
Listing './lib/python3.5/site-packages/pyglet/font'...
Listing './lib/python3.5/site-packages/pyglet/gl'...
Listing './lib/python3.5/site-packages/pyglet/graphics'...
Listing './lib/python3.5/site-packages/pyglet/image'...
Listing './lib/python3.5/site-packages/pyglet/image/codecs'...
Listing './lib/python3.5/site-packages/pyglet/input'...
Listing './lib/python3.5/site-packages/pyglet/libs'...
Listing './lib/python3.5/site-packages/pyglet/libs/darwin'...
Listing './lib/python3.5/site-packages/pyglet/libs/darwin/cocoapy'...
Listing './lib/python3.5/site-packages/pyglet/libs/win32'...
Listing './lib/python3.5/site-packages/pyglet/libs/x11'...
Listing './lib/python3.5/site-packages/pyglet/media'...
Listing './lib/python3.5/site-packages/pyglet/media/drivers'...
Listing './lib/python3.5/site-packages/pyglet/media/drivers/directsound'...
Listing './lib/python3.5/site-packages/pyglet/media/drivers/openal'...
Listing './lib/python3.5/site-packages/pyglet/media/drivers/pulse'...
Listing './lib/python3.5/site-packages/pyglet/media/sources'...
Listing './lib/python3.5/site-packages/pyglet/text'...
Listing './lib/python3.5/site-packages/pyglet/text/formats'...
Listing './lib/python3.5/site-packages/pyglet/window'...
Listing './lib/python3.5/site-packages/pyglet/window/carbon'...
Listing './lib/python3.5/site-packages/pyglet/window/cocoa'...
Listing './lib/python3.5/site-packages/pyglet/window/win32'...
Listing './lib/python3.5/site-packages/pyglet/window/xlib'...
Listing './lib/python3.5/site-packages/pyglet-1.3.0.dist-info'...
Listing './lib/python3.5/site-packages/requests'...
Listing './lib/python3.5/site-packages/requests-2.18.4.dist-info'...
Listing './lib/python3.5/site-packages/scipy'...
Listing './lib/python3.5/site-packages/scipy/.libs'...
Listing './lib/python3.5/site-packages/scipy/_build_utils'...
Listing './lib/python3.5/site-packages/scipy/_lib'...
Listing './lib/python3.5/site-packages/scipy/_lib/tests'...
Listing './lib/python3.5/site-packages/scipy/cluster'...
Listing './lib/python3.5/site-packages/scipy/cluster/tests'...
Listing './lib/python3.5/site-packages/scipy/constants'...
Listing './lib/python3.5/site-packages/scipy/constants/tests'...
Listing './lib/python3.5/site-packages/scipy/fftpack'...
Listing './lib/python3.5/site-packages/scipy/fftpack/tests'...
Listing './lib/python3.5/site-packages/scipy/integrate'...
Listing './lib/python3.5/site-packages/scipy/integrate/_ivp'...
Listing './lib/python3.5/site-packages/scipy/integrate/tests'...
Listing './lib/python3.5/site-packages/scipy/interpolate'...
Listing './lib/python3.5/site-packages/scipy/interpolate/tests'...
Listing './lib/python3.5/site-packages/scipy/interpolate/tests/data'...
Listing './lib/python3.5/site-packages/scipy/io'...
Listing './lib/python3.5/site-packages/scipy/io/arff'...
Listing './lib/python3.5/site-packages/scipy/io/arff/tests'...
Listing './lib/python3.5/site-packages/scipy/io/arff/tests/data'...
Listing './lib/python3.5/site-packages/scipy/io/harwell_boeing'...
Listing './lib/python3.5/site-packages/scipy/io/harwell_boeing/tests'...
Listing './lib/python3.5/site-packages/scipy/io/matlab'...
Listing './lib/python3.5/site-packages/scipy/io/matlab/tests'...
Listing './lib/python3.5/site-packages/scipy/io/matlab/tests/data'...
Listing './lib/python3.5/site-packages/scipy/io/tests'...
Listing './lib/python3.5/site-packages/scipy/io/tests/data'...
Listing './lib/python3.5/site-packages/scipy/linalg'...
Listing './lib/python3.5/site-packages/scipy/linalg/src'...
Listing './lib/python3.5/site-packages/scipy/linalg/src/id_dist'...
Listing './lib/python3.5/site-packages/scipy/linalg/src/id_dist/doc'...
Listing './lib/python3.5/site-packages/scipy/linalg/src/lapack_deprecations'...
Listing './lib/python3.5/site-packages/scipy/linalg/tests'...
Listing './lib/python3.5/site-packages/scipy/linalg/tests/data'...
Listing './lib/python3.5/site-packages/scipy/misc'...
Listing './lib/python3.5/site-packages/scipy/misc/tests'...
Listing './lib/python3.5/site-packages/scipy/misc/tests/data'...
Listing './lib/python3.5/site-packages/scipy/ndimage'...
Listing './lib/python3.5/site-packages/scipy/ndimage/tests'...
Listing './lib/python3.5/site-packages/scipy/ndimage/tests/data'...
Listing './lib/python3.5/site-packages/scipy/odr'...
Listing './lib/python3.5/site-packages/scipy/odr/tests'...
Listing './lib/python3.5/site-packages/scipy/optimize'...
Listing './lib/python3.5/site-packages/scipy/optimize/_lsq'...
Listing './lib/python3.5/site-packages/scipy/optimize/_trlib'...
Listing './lib/python3.5/site-packages/scipy/optimize/lbfgsb'...
Listing './lib/python3.5/site-packages/scipy/optimize/tests'...
Listing './lib/python3.5/site-packages/scipy/signal'...
Listing './lib/python3.5/site-packages/scipy/signal/tests'...
Listing './lib/python3.5/site-packages/scipy/sparse'...
Listing './lib/python3.5/site-packages/scipy/sparse/csgraph'...
Listing './lib/python3.5/site-packages/scipy/sparse/csgraph/tests'...
Listing './lib/python3.5/site-packages/scipy/sparse/linalg'...
Listing './lib/python3.5/site-packages/scipy/sparse/linalg/dsolve'...
Listing './lib/python3.5/site-packages/scipy/sparse/linalg/dsolve/SuperLU'...
Listing './lib/python3.5/site-packages/scipy/sparse/linalg/dsolve/tests'...
Listing './lib/python3.5/site-packages/scipy/sparse/linalg/eigen'...
Listing './lib/python3.5/site-packages/scipy/sparse/linalg/eigen/arpack'...
Listing './lib/python3.5/site-packages/scipy/sparse/linalg/eigen/arpack/ARPACK'...
Listing './lib/python3.5/site-packages/scipy/sparse/linalg/eigen/arpack/tests'...
Listing './lib/python3.5/site-packages/scipy/sparse/linalg/eigen/lobpcg'...
Listing './lib/python3.5/site-packages/scipy/sparse/linalg/eigen/lobpcg/tests'...
Listing './lib/python3.5/site-packages/scipy/sparse/linalg/isolve'...
Listing './lib/python3.5/site-packages/scipy/sparse/linalg/isolve/tests'...
Listing './lib/python3.5/site-packages/scipy/sparse/linalg/tests'...
Listing './lib/python3.5/site-packages/scipy/sparse/tests'...
Listing './lib/python3.5/site-packages/scipy/sparse/tests/data'...
Listing './lib/python3.5/site-packages/scipy/spatial'...
Listing './lib/python3.5/site-packages/scipy/spatial/qhull'...
Listing './lib/python3.5/site-packages/scipy/spatial/tests'...
Listing './lib/python3.5/site-packages/scipy/spatial/tests/data'...
Listing './lib/python3.5/site-packages/scipy/special'...
Listing './lib/python3.5/site-packages/scipy/special/_precompute'...
Listing './lib/python3.5/site-packages/scipy/special/tests'...
Listing './lib/python3.5/site-packages/scipy/special/tests/data'...
Listing './lib/python3.5/site-packages/scipy/stats'...
Listing './lib/python3.5/site-packages/scipy/stats/tests'...
Listing './lib/python3.5/site-packages/scipy/stats/tests/data'...
Listing './lib/python3.5/site-packages/scipy/stats/tests/data/nist_anova'...
Listing './lib/python3.5/site-packages/scipy/stats/tests/data/nist_linregress'...
Listing './lib/python3.5/site-packages/scipy-1.0.0.dist-info'...
Listing './lib/python3.5/site-packages/setuptools'...
Listing './lib/python3.5/site-packages/setuptools/command'...
Listing './lib/python3.5/site-packages/setuptools/extern'...
Listing './lib/python3.5/site-packages/setuptools-32.3.1.dist-info'...
Listing './lib/python3.5/site-packages/six-1.11.0.dist-info'...
Listing './lib/python3.5/site-packages/sympy'...
Listing './lib/python3.5/site-packages/sympy/assumptions'...
Listing './lib/python3.5/site-packages/sympy/assumptions/handlers'...
Listing './lib/python3.5/site-packages/sympy/assumptions/tests'...
Listing './lib/python3.5/site-packages/sympy/benchmarks'...
Listing './lib/python3.5/site-packages/sympy/calculus'...
Listing './lib/python3.5/site-packages/sympy/calculus/tests'...
Listing './lib/python3.5/site-packages/sympy/categories'...
Listing './lib/python3.5/site-packages/sympy/categories/tests'...
Listing './lib/python3.5/site-packages/sympy/codegen'...
Listing './lib/python3.5/site-packages/sympy/codegen/tests'...
Listing './lib/python3.5/site-packages/sympy/combinatorics'...
Listing './lib/python3.5/site-packages/sympy/combinatorics/tests'...
Listing './lib/python3.5/site-packages/sympy/concrete'...
Listing './lib/python3.5/site-packages/sympy/concrete/tests'...
Listing './lib/python3.5/site-packages/sympy/core'...
Listing './lib/python3.5/site-packages/sympy/core/benchmarks'...
Listing './lib/python3.5/site-packages/sympy/core/tests'...
Listing './lib/python3.5/site-packages/sympy/crypto'...
Listing './lib/python3.5/site-packages/sympy/crypto/tests'...
Listing './lib/python3.5/site-packages/sympy/deprecated'...
Listing './lib/python3.5/site-packages/sympy/deprecated/tests'...
Listing './lib/python3.5/site-packages/sympy/diffgeom'...
Listing './lib/python3.5/site-packages/sympy/diffgeom/tests'...
Listing './lib/python3.5/site-packages/sympy/external'...
Listing './lib/python3.5/site-packages/sympy/external/tests'...
Listing './lib/python3.5/site-packages/sympy/functions'...
Listing './lib/python3.5/site-packages/sympy/functions/combinatorial'...
Listing './lib/python3.5/site-packages/sympy/functions/combinatorial/tests'...
Listing './lib/python3.5/site-packages/sympy/functions/elementary'...
Listing './lib/python3.5/site-packages/sympy/functions/elementary/benchmarks'...
Listing './lib/python3.5/site-packages/sympy/functions/elementary/tests'...
Listing './lib/python3.5/site-packages/sympy/functions/special'...
Listing './lib/python3.5/site-packages/sympy/functions/special/benchmarks'...
Listing './lib/python3.5/site-packages/sympy/functions/special/tests'...
Listing './lib/python3.5/site-packages/sympy/geometry'...
Listing './lib/python3.5/site-packages/sympy/geometry/tests'...
Listing './lib/python3.5/site-packages/sympy/holonomic'...
Listing './lib/python3.5/site-packages/sympy/holonomic/tests'...
Listing './lib/python3.5/site-packages/sympy/integrals'...
Listing './lib/python3.5/site-packages/sympy/integrals/benchmarks'...
Listing './lib/python3.5/site-packages/sympy/integrals/tests'...
Listing './lib/python3.5/site-packages/sympy/interactive'...
Listing './lib/python3.5/site-packages/sympy/interactive/tests'...
Listing './lib/python3.5/site-packages/sympy/liealgebras'...
Listing './lib/python3.5/site-packages/sympy/liealgebras/tests'...
Listing './lib/python3.5/site-packages/sympy/logic'...
Listing './lib/python3.5/site-packages/sympy/logic/algorithms'...
Listing './lib/python3.5/site-packages/sympy/logic/tests'...
Listing './lib/python3.5/site-packages/sympy/logic/utilities'...
Listing './lib/python3.5/site-packages/sympy/matrices'...
Listing './lib/python3.5/site-packages/sympy/matrices/benchmarks'...
Listing './lib/python3.5/site-packages/sympy/matrices/expressions'...
Listing './lib/python3.5/site-packages/sympy/matrices/expressions/tests'...
Listing './lib/python3.5/site-packages/sympy/matrices/tests'...
Listing './lib/python3.5/site-packages/sympy/ntheory'...
Listing './lib/python3.5/site-packages/sympy/ntheory/tests'...
Listing './lib/python3.5/site-packages/sympy/parsing'...
Listing './lib/python3.5/site-packages/sympy/parsing/tests'...
Listing './lib/python3.5/site-packages/sympy/physics'...
Listing './lib/python3.5/site-packages/sympy/physics/continuum_mechanics'...
Listing './lib/python3.5/site-packages/sympy/physics/continuum_mechanics/tests'...
Listing './lib/python3.5/site-packages/sympy/physics/hep'...
Listing './lib/python3.5/site-packages/sympy/physics/hep/tests'...
Listing './lib/python3.5/site-packages/sympy/physics/mechanics'...
Listing './lib/python3.5/site-packages/sympy/physics/mechanics/tests'...
Listing './lib/python3.5/site-packages/sympy/physics/optics'...
Listing './lib/python3.5/site-packages/sympy/physics/optics/tests'...
Listing './lib/python3.5/site-packages/sympy/physics/quantum'...
Listing './lib/python3.5/site-packages/sympy/physics/quantum/tests'...
Listing './lib/python3.5/site-packages/sympy/physics/tests'...
Listing './lib/python3.5/site-packages/sympy/physics/units'...
Listing './lib/python3.5/site-packages/sympy/physics/units/systems'...
Listing './lib/python3.5/site-packages/sympy/physics/units/tests'...
Listing './lib/python3.5/site-packages/sympy/physics/vector'...
Listing './lib/python3.5/site-packages/sympy/physics/vector/tests'...
Listing './lib/python3.5/site-packages/sympy/plotting'...
Listing './lib/python3.5/site-packages/sympy/plotting/intervalmath'...
Listing './lib/python3.5/site-packages/sympy/plotting/intervalmath/tests'...
Listing './lib/python3.5/site-packages/sympy/plotting/pygletplot'...
Listing './lib/python3.5/site-packages/sympy/plotting/pygletplot/tests'...
Listing './lib/python3.5/site-packages/sympy/plotting/tests'...
Listing './lib/python3.5/site-packages/sympy/polys'...
Listing './lib/python3.5/site-packages/sympy/polys/agca'...
Listing './lib/python3.5/site-packages/sympy/polys/agca/tests'...
Listing './lib/python3.5/site-packages/sympy/polys/benchmarks'...
Listing './lib/python3.5/site-packages/sympy/polys/domains'...
Listing './lib/python3.5/site-packages/sympy/polys/domains/tests'...
Listing './lib/python3.5/site-packages/sympy/polys/tests'...
Listing './lib/python3.5/site-packages/sympy/printing'...
Listing './lib/python3.5/site-packages/sympy/printing/pretty'...
Listing './lib/python3.5/site-packages/sympy/printing/pretty/tests'...
Listing './lib/python3.5/site-packages/sympy/printing/tests'...
Listing './lib/python3.5/site-packages/sympy/sandbox'...
Listing './lib/python3.5/site-packages/sympy/sandbox/tests'...
Listing './lib/python3.5/site-packages/sympy/series'...
Listing './lib/python3.5/site-packages/sympy/series/benchmarks'...
Listing './lib/python3.5/site-packages/sympy/series/tests'...
Listing './lib/python3.5/site-packages/sympy/sets'...
Listing './lib/python3.5/site-packages/sympy/sets/tests'...
Listing './lib/python3.5/site-packages/sympy/simplify'...
Listing './lib/python3.5/site-packages/sympy/simplify/tests'...
Listing './lib/python3.5/site-packages/sympy/solvers'...
Listing './lib/python3.5/site-packages/sympy/solvers/benchmarks'...
Listing './lib/python3.5/site-packages/sympy/solvers/tests'...
Listing './lib/python3.5/site-packages/sympy/stats'...
Listing './lib/python3.5/site-packages/sympy/stats/tests'...
Listing './lib/python3.5/site-packages/sympy/strategies'...
Listing './lib/python3.5/site-packages/sympy/strategies/branch'...
Listing './lib/python3.5/site-packages/sympy/strategies/branch/tests'...
Listing './lib/python3.5/site-packages/sympy/strategies/tests'...
Listing './lib/python3.5/site-packages/sympy/tensor'...
Listing './lib/python3.5/site-packages/sympy/tensor/array'...
Listing './lib/python3.5/site-packages/sympy/tensor/array/tests'...
Listing './lib/python3.5/site-packages/sympy/tensor/tests'...
Listing './lib/python3.5/site-packages/sympy/unify'...
Listing './lib/python3.5/site-packages/sympy/unify/tests'...
Listing './lib/python3.5/site-packages/sympy/utilities'...
Listing './lib/python3.5/site-packages/sympy/utilities/mathml'...
Listing './lib/python3.5/site-packages/sympy/utilities/mathml/data'...
Listing './lib/python3.5/site-packages/sympy/utilities/tests'...
Listing './lib/python3.5/site-packages/sympy/vector'...
Listing './lib/python3.5/site-packages/sympy/vector/tests'...
Listing './lib/python3.5/site-packages/sympy-1.1.1.egg-info'...
Listing './lib/python3.5/site-packages/tensor2tensor'...
Listing './lib/python3.5/site-packages/tensor2tensor/bin'...
Listing './lib/python3.5/site-packages/tensor2tensor/data_generators'...
Listing './lib/python3.5/site-packages/tensor2tensor/data_generators/test_data'...
Listing './lib/python3.5/site-packages/tensor2tensor/insights'...
Listing './lib/python3.5/site-packages/tensor2tensor/layers'...
Listing './lib/python3.5/site-packages/tensor2tensor/models'...
Listing './lib/python3.5/site-packages/tensor2tensor/serving'...
Listing './lib/python3.5/site-packages/tensor2tensor/utils'...
Listing './lib/python3.5/site-packages/tensor2tensor/visualization'...
Listing './lib/python3.5/site-packages/tensor2tensor-1.4.2.dist-info'...
Listing './lib/python3.5/site-packages/urllib3'...
Listing './lib/python3.5/site-packages/urllib3/contrib'...
Listing './lib/python3.5/site-packages/urllib3/contrib/_securetransport'...
Listing './lib/python3.5/site-packages/urllib3/packages'...
Listing './lib/python3.5/site-packages/urllib3/packages/backports'...
Listing './lib/python3.5/site-packages/urllib3/packages/ssl_match_hostname'...
Listing './lib/python3.5/site-packages/urllib3/util'...
Listing './lib/python3.5/site-packages/urllib3-1.22.dist-info'...
Listing './lib/python3.5/site-packages/werkzeug'...
Listing './lib/python3.5/site-packages/werkzeug/contrib'...
Listing './lib/python3.5/site-packages/werkzeug/debug'...
Listing './lib/python3.5/site-packages/werkzeug/debug/shared'...
Listing './share'...
Listing './share/man'...
Listing './share/man/man1'...
Listing './share/python-wheels'...
