Listing '.'...
Listing './bin'...
Listing './include'...
Listing './lib'...
Listing './lib/python3.5'...
Listing './lib/python3.5/site-packages'...
Listing './lib/python3.5/site-packages/docs'...
Listing './lib/python3.5/site-packages/docs/tutorial'...
Listing './lib/python3.5/site-packages/dulwich'...
Listing './lib/python3.5/site-packages/dulwich/contrib'...
Listing './lib/python3.5/site-packages/dulwich/tests'...
Listing './lib/python3.5/site-packages/dulwich/tests/compat'...
Listing './lib/python3.5/site-packages/dulwich/tests/data'...
Listing './lib/python3.5/site-packages/dulwich/tests/data/blobs'...
Listing './lib/python3.5/site-packages/dulwich/tests/data/blobs/11'...
Listing './lib/python3.5/site-packages/dulwich/tests/data/blobs/6f'...
Listing './lib/python3.5/site-packages/dulwich/tests/data/blobs/95'...
Listing './lib/python3.5/site-packages/dulwich/tests/data/blobs/e6'...
Listing './lib/python3.5/site-packages/dulwich/tests/data/commits'...
Listing './lib/python3.5/site-packages/dulwich/tests/data/commits/0d'...
Listing './lib/python3.5/site-packages/dulwich/tests/data/commits/5d'...
Listing './lib/python3.5/site-packages/dulwich/tests/data/commits/60'...
Listing './lib/python3.5/site-packages/dulwich/tests/data/indexes'...
Listing './lib/python3.5/site-packages/dulwich/tests/data/packs'...
Listing './lib/python3.5/site-packages/dulwich/tests/data/repos'...
Listing './lib/python3.5/site-packages/dulwich/tests/data/repos/a.git'...
Listing './lib/python3.5/site-packages/dulwich/tests/data/repos/a.git/objects'...
Listing './lib/python3.5/site-packages/dulwich/tests/data/repos/a.git/objects/28'...
Listing './lib/python3.5/site-packages/dulwich/tests/data/repos/a.git/objects/2a'...
Listing './lib/python3.5/site-packages/dulwich/tests/data/repos/a.git/objects/4e'...
Listing './lib/python3.5/site-packages/dulwich/tests/data/repos/a.git/objects/4f'...
Listing './lib/python3.5/site-packages/dulwich/tests/data/repos/a.git/objects/7d'...
Listing './lib/python3.5/site-packages/dulwich/tests/data/repos/a.git/objects/a2'...
Listing './lib/python3.5/site-packages/dulwich/tests/data/repos/a.git/objects/a9'...
Listing './lib/python3.5/site-packages/dulwich/tests/data/repos/a.git/objects/b0'...
Listing './lib/python3.5/site-packages/dulwich/tests/data/repos/a.git/objects/ff'...
Listing './lib/python3.5/site-packages/dulwich/tests/data/repos/a.git/refs'...
Listing './lib/python3.5/site-packages/dulwich/tests/data/repos/a.git/refs/heads'...
Listing './lib/python3.5/site-packages/dulwich/tests/data/repos/a.git/refs/tags'...
Listing './lib/python3.5/site-packages/dulwich/tests/data/repos/empty.git'...
Listing './lib/python3.5/site-packages/dulwich/tests/data/repos/empty.git/objects'...
Listing './lib/python3.5/site-packages/dulwich/tests/data/repos/empty.git/objects/info'...
Listing './lib/python3.5/site-packages/dulwich/tests/data/repos/empty.git/objects/pack'...
Listing './lib/python3.5/site-packages/dulwich/tests/data/repos/empty.git/refs'...
Listing './lib/python3.5/site-packages/dulwich/tests/data/repos/empty.git/refs/heads'...
Listing './lib/python3.5/site-packages/dulwich/tests/data/repos/empty.git/refs/tags'...
Listing './lib/python3.5/site-packages/dulwich/tests/data/repos/ooo_merge.git'...
Listing './lib/python3.5/site-packages/dulwich/tests/data/repos/ooo_merge.git/objects'...
Listing './lib/python3.5/site-packages/dulwich/tests/data/repos/ooo_merge.git/objects/29'...
Listing './lib/python3.5/site-packages/dulwich/tests/data/repos/ooo_merge.git/objects/38'...
Listing './lib/python3.5/site-packages/dulwich/tests/data/repos/ooo_merge.git/objects/6f'...
Listing './lib/python3.5/site-packages/dulwich/tests/data/repos/ooo_merge.git/objects/70'...
Listing './lib/python3.5/site-packages/dulwich/tests/data/repos/ooo_merge.git/objects/76'...
Listing './lib/python3.5/site-packages/dulwich/tests/data/repos/ooo_merge.git/objects/90'...
Listing './lib/python3.5/site-packages/dulwich/tests/data/repos/ooo_merge.git/objects/95'...
Listing './lib/python3.5/site-packages/dulwich/tests/data/repos/ooo_merge.git/objects/b2'...
Listing './lib/python3.5/site-packages/dulwich/tests/data/repos/ooo_merge.git/objects/f5'...
Listing './lib/python3.5/site-packages/dulwich/tests/data/repos/ooo_merge.git/objects/f9'...
Listing './lib/python3.5/site-packages/dulwich/tests/data/repos/ooo_merge.git/objects/fb'...
Listing './lib/python3.5/site-packages/dulwich/tests/data/repos/ooo_merge.git/refs'...
Listing './lib/python3.5/site-packages/dulwich/tests/data/repos/ooo_merge.git/refs/heads'...
Listing './lib/python3.5/site-packages/dulwich/tests/data/repos/refs.git'...
Listing './lib/python3.5/site-packages/dulwich/tests/data/repos/refs.git/objects'...
Listing './lib/python3.5/site-packages/dulwich/tests/data/repos/refs.git/objects/3b'...
Listing './lib/python3.5/site-packages/dulwich/tests/data/repos/refs.git/objects/3e'...
Listing './lib/python3.5/site-packages/dulwich/tests/data/repos/refs.git/objects/42'...
Listing './lib/python3.5/site-packages/dulwich/tests/data/repos/refs.git/objects/a1'...
Listing './lib/python3.5/site-packages/dulwich/tests/data/repos/refs.git/objects/cd'...
Listing './lib/python3.5/site-packages/dulwich/tests/data/repos/refs.git/objects/df'...
Listing './lib/python3.5/site-packages/dulwich/tests/data/repos/refs.git/refs'...
Listing './lib/python3.5/site-packages/dulwich/tests/data/repos/refs.git/refs/heads'...
Listing './lib/python3.5/site-packages/dulwich/tests/data/repos/refs.git/refs/tags'...
Listing './lib/python3.5/site-packages/dulwich/tests/data/repos/simple_merge.git'...
Listing './lib/python3.5/site-packages/dulwich/tests/data/repos/simple_merge.git/objects'...
Listing './lib/python3.5/site-packages/dulwich/tests/data/repos/simple_merge.git/objects/0d'...
Listing './lib/python3.5/site-packages/dulwich/tests/data/repos/simple_merge.git/objects/1b'...
Listing './lib/python3.5/site-packages/dulwich/tests/data/repos/simple_merge.git/objects/29'...
Listing './lib/python3.5/site-packages/dulwich/tests/data/repos/simple_merge.git/objects/4c'...
Listing './lib/python3.5/site-packages/dulwich/tests/data/repos/simple_merge.git/objects/5d'...
Listing './lib/python3.5/site-packages/dulwich/tests/data/repos/simple_merge.git/objects/60'...
Listing './lib/python3.5/site-packages/dulwich/tests/data/repos/simple_merge.git/objects/6f'...
Listing './lib/python3.5/site-packages/dulwich/tests/data/repos/simple_merge.git/objects/70'...
Listing './lib/python3.5/site-packages/dulwich/tests/data/repos/simple_merge.git/objects/90'...
Listing './lib/python3.5/site-packages/dulwich/tests/data/repos/simple_merge.git/objects/95'...
Listing './lib/python3.5/site-packages/dulwich/tests/data/repos/simple_merge.git/objects/ab'...
Listing './lib/python3.5/site-packages/dulwich/tests/data/repos/simple_merge.git/objects/d4'...
Listing './lib/python3.5/site-packages/dulwich/tests/data/repos/simple_merge.git/objects/d8'...
Listing './lib/python3.5/site-packages/dulwich/tests/data/repos/simple_merge.git/objects/e6'...
Listing './lib/python3.5/site-packages/dulwich/tests/data/repos/simple_merge.git/refs'...
Listing './lib/python3.5/site-packages/dulwich/tests/data/repos/simple_merge.git/refs/heads'...
Listing './lib/python3.5/site-packages/dulwich/tests/data/repos/submodule'...
Listing './lib/python3.5/site-packages/dulwich/tests/data/tags'...
Listing './lib/python3.5/site-packages/dulwich/tests/data/tags/71'...
Listing './lib/python3.5/site-packages/dulwich/tests/data/trees'...
Listing './lib/python3.5/site-packages/dulwich/tests/data/trees/70'...
Listing './lib/python3.5/site-packages/dulwich-0.18.6.egg-info'...
Listing './lib/python3.5/site-packages/html5lib'...
Listing './lib/python3.5/site-packages/html5lib/_trie'...
Listing './lib/python3.5/site-packages/html5lib/filters'...
Listing './lib/python3.5/site-packages/html5lib/treeadapters'...
Listing './lib/python3.5/site-packages/html5lib/treebuilders'...
Listing './lib/python3.5/site-packages/html5lib/treewalkers'...
Listing './lib/python3.5/site-packages/html5lib-1.0.1.dist-info'...
Listing './lib/python3.5/site-packages/httpexceptor'...
Listing './lib/python3.5/site-packages/httpexceptor-1.4.0.egg-info'...
Listing './lib/python3.5/site-packages/pip'...
Listing './lib/python3.5/site-packages/pip/_vendor'...
Listing './lib/python3.5/site-packages/pip/commands'...
Listing './lib/python3.5/site-packages/pip/compat'...
Listing './lib/python3.5/site-packages/pip/models'...
Listing './lib/python3.5/site-packages/pip/operations'...
Listing './lib/python3.5/site-packages/pip/req'...
Listing './lib/python3.5/site-packages/pip/utils'...
Listing './lib/python3.5/site-packages/pip/vcs'...
Listing './lib/python3.5/site-packages/pip-9.0.1.dist-info'...
Listing './lib/python3.5/site-packages/pkg_resources'...
Listing './lib/python3.5/site-packages/pkg_resources/_vendor'...
Listing './lib/python3.5/site-packages/pkg_resources/_vendor/packaging'...
Listing './lib/python3.5/site-packages/pkg_resources/extern'...
Listing './lib/python3.5/site-packages/pkg_resources-0.0.0.dist-info'...
Listing './lib/python3.5/site-packages/python_mimeparse-1.6.0.dist-info'...
Listing './lib/python3.5/site-packages/resolver-0.2.1.egg-info'...
Listing './lib/python3.5/site-packages/selector-0.10.1.egg-info'...
Listing './lib/python3.5/site-packages/setuptools'...
Listing './lib/python3.5/site-packages/setuptools/command'...
Listing './lib/python3.5/site-packages/setuptools/extern'...
Listing './lib/python3.5/site-packages/setuptools-32.3.1.dist-info'...
Listing './lib/python3.5/site-packages/simplejson'...
Listing './lib/python3.5/site-packages/simplejson/tests'...
Listing './lib/python3.5/site-packages/simplejson-3.13.2.egg-info'...
Listing './lib/python3.5/site-packages/six-1.11.0.dist-info'...
Listing './lib/python3.5/site-packages/tiddlyweb'...
Listing './lib/python3.5/site-packages/tiddlyweb/commands'...
Listing './lib/python3.5/site-packages/tiddlyweb/filters'...
Listing './lib/python3.5/site-packages/tiddlyweb/model'...
Listing './lib/python3.5/site-packages/tiddlyweb/serializations'...
Listing './lib/python3.5/site-packages/tiddlyweb/stores'...
Listing './lib/python3.5/site-packages/tiddlyweb/web'...
Listing './lib/python3.5/site-packages/tiddlyweb/web/challengers'...
Listing './lib/python3.5/site-packages/tiddlyweb/web/extractors'...
Listing './lib/python3.5/site-packages/tiddlyweb/web/handler'...
Listing './lib/python3.5/site-packages/tiddlyweb/wikitext'...
Listing './lib/python3.5/site-packages/tiddlyweb-2.4.2.egg-info'...
Listing './lib/python3.5/site-packages/tiddlywebplugins'...
Listing './lib/python3.5/site-packages/tiddlywebplugins/gitstore'...
Compiling './lib/python3.5/site-packages/tiddlywebplugins/gitstore/__init__.py'...
***   File "./lib/python3.5/site-packages/tiddlywebplugins/gitstore/__init__.py", line 42
    except (IOError, OSError), exc:
                             ^
SyntaxError: invalid syntax

Listing './lib/python3.5/site-packages/tiddlywebplugins.gitstore-0.6.4.egg-info'...
Listing './lib/python3.5/site-packages/tiddlywebplugins.utils-1.10.egg-info'...
Listing './lib/python3.5/site-packages/webencodings'...
Listing './lib/python3.5/site-packages/webencodings-0.5.1.dist-info'...
Listing './share'...
Listing './share/python-wheels'...
