Listing '.'...
Listing './bin'...
Compiling './bin/bottle.py'...
Listing './include'...
Listing './lib'...
Listing './lib/python3.5'...
Listing './lib/python3.5/site-packages'...
Listing './lib/python3.5/site-packages/backports'...
Listing './lib/python3.5/site-packages/backports/configparser'...
Listing './lib/python3.5/site-packages/bottle-0.12.13.egg-info'...
Listing './lib/python3.5/site-packages/configparser-3.5.0.egg-info'...
Listing './lib/python3.5/site-packages/daemonize-2.4.7.dist-info'...
Listing './lib/python3.5/site-packages/pip'...
Listing './lib/python3.5/site-packages/pip/_vendor'...
Listing './lib/python3.5/site-packages/pip/commands'...
Listing './lib/python3.5/site-packages/pip/compat'...
Listing './lib/python3.5/site-packages/pip/models'...
Listing './lib/python3.5/site-packages/pip/operations'...
Listing './lib/python3.5/site-packages/pip/req'...
Listing './lib/python3.5/site-packages/pip/utils'...
Listing './lib/python3.5/site-packages/pip/vcs'...
Listing './lib/python3.5/site-packages/pip-9.0.1.dist-info'...
Listing './lib/python3.5/site-packages/pkg_resources'...
Listing './lib/python3.5/site-packages/pkg_resources/_vendor'...
Listing './lib/python3.5/site-packages/pkg_resources/_vendor/packaging'...
Listing './lib/python3.5/site-packages/pkg_resources/extern'...
Listing './lib/python3.5/site-packages/pkg_resources-0.0.0.dist-info'...
Listing './lib/python3.5/site-packages/schedule'...
Listing './lib/python3.5/site-packages/schedule-0.5.0.dist-info'...
Listing './lib/python3.5/site-packages/setuptools'...
Listing './lib/python3.5/site-packages/setuptools/command'...
Listing './lib/python3.5/site-packages/setuptools/extern'...
Listing './lib/python3.5/site-packages/setuptools-32.3.1.dist-info'...
Listing './lib/python3.5/site-packages/upd89'...
Listing './lib/python3.5/site-packages/upd89/classes'...
Listing './lib/python3.5/site-packages/upd89/lib'...
Compiling './lib/python3.5/site-packages/upd89/lib/mission.py'...
***   File "./lib/python3.5/site-packages/upd89/lib/mission.py", line 28
    print j.get("status")
          ^
SyntaxError: invalid syntax

Compiling './lib/python3.5/site-packages/upd89/lib/upstream.py'...
***   File "./lib/python3.5/site-packages/upd89/lib/upstream.py", line 54
    print response.status, response.reason
                 ^
SyntaxError: Missing parentheses in call to 'print'

Listing './share'...
Listing './share/python-wheels'...
