Listing '.'...
Listing './bin'...
Compiling './bin/runxlrd.py'...
Listing './include'...
Listing './lib'...
Listing './lib/python3.5'...
Listing './lib/python3.5/site-packages'...
Listing './lib/python3.5/site-packages/backports'...
Listing './lib/python3.5/site-packages/backports/ssl_match_hostname'...
Listing './lib/python3.5/site-packages/backports.ssl_match_hostname-3.5.0.1.egg-info'...
Listing './lib/python3.5/site-packages/certifi'...
Listing './lib/python3.5/site-packages/certifi-2017.11.5.dist-info'...
Listing './lib/python3.5/site-packages/chardet'...
Listing './lib/python3.5/site-packages/chardet/cli'...
Listing './lib/python3.5/site-packages/chardet-3.0.4.dist-info'...
Listing './lib/python3.5/site-packages/file_archive'...
Listing './lib/python3.5/site-packages/file_archive/l10n'...
Listing './lib/python3.5/site-packages/file_archive/l10n/fr_FR'...
Listing './lib/python3.5/site-packages/file_archive/l10n/fr_FR/LC_MESSAGES'...
Listing './lib/python3.5/site-packages/file_archive-0.6.dist-info'...
Listing './lib/python3.5/site-packages/idna'...
Listing './lib/python3.5/site-packages/idna-2.6.dist-info'...
Listing './lib/python3.5/site-packages/numpy'...
Listing './lib/python3.5/site-packages/numpy/.libs'...
Listing './lib/python3.5/site-packages/numpy/compat'...
Listing './lib/python3.5/site-packages/numpy/core'...
Listing './lib/python3.5/site-packages/numpy/core/include'...
Listing './lib/python3.5/site-packages/numpy/core/include/numpy'...
Listing './lib/python3.5/site-packages/numpy/core/lib'...
Listing './lib/python3.5/site-packages/numpy/core/lib/npy-pkg-config'...
Listing './lib/python3.5/site-packages/numpy/core/tests'...
Listing './lib/python3.5/site-packages/numpy/core/tests/data'...
Listing './lib/python3.5/site-packages/numpy/distutils'...
Listing './lib/python3.5/site-packages/numpy/distutils/command'...
Listing './lib/python3.5/site-packages/numpy/distutils/fcompiler'...
Listing './lib/python3.5/site-packages/numpy/distutils/mingw'...
Listing './lib/python3.5/site-packages/numpy/distutils/tests'...
Listing './lib/python3.5/site-packages/numpy/doc'...
Listing './lib/python3.5/site-packages/numpy/f2py'...
Listing './lib/python3.5/site-packages/numpy/f2py/src'...
Listing './lib/python3.5/site-packages/numpy/f2py/tests'...
Listing './lib/python3.5/site-packages/numpy/f2py/tests/src'...
Listing './lib/python3.5/site-packages/numpy/f2py/tests/src/array_from_pyobj'...
Listing './lib/python3.5/site-packages/numpy/f2py/tests/src/assumed_shape'...
Listing './lib/python3.5/site-packages/numpy/f2py/tests/src/common'...
Listing './lib/python3.5/site-packages/numpy/f2py/tests/src/kind'...
Listing './lib/python3.5/site-packages/numpy/f2py/tests/src/mixed'...
Listing './lib/python3.5/site-packages/numpy/f2py/tests/src/parameter'...
Listing './lib/python3.5/site-packages/numpy/f2py/tests/src/regression'...
Listing './lib/python3.5/site-packages/numpy/f2py/tests/src/size'...
Listing './lib/python3.5/site-packages/numpy/f2py/tests/src/string'...
Listing './lib/python3.5/site-packages/numpy/fft'...
Listing './lib/python3.5/site-packages/numpy/fft/tests'...
Listing './lib/python3.5/site-packages/numpy/lib'...
Listing './lib/python3.5/site-packages/numpy/lib/tests'...
Listing './lib/python3.5/site-packages/numpy/lib/tests/data'...
Listing './lib/python3.5/site-packages/numpy/linalg'...
Listing './lib/python3.5/site-packages/numpy/linalg/tests'...
Listing './lib/python3.5/site-packages/numpy/ma'...
Listing './lib/python3.5/site-packages/numpy/ma/tests'...
Listing './lib/python3.5/site-packages/numpy/matrixlib'...
Listing './lib/python3.5/site-packages/numpy/matrixlib/tests'...
Listing './lib/python3.5/site-packages/numpy/polynomial'...
Listing './lib/python3.5/site-packages/numpy/polynomial/tests'...
Listing './lib/python3.5/site-packages/numpy/random'...
Listing './lib/python3.5/site-packages/numpy/random/tests'...
Listing './lib/python3.5/site-packages/numpy/testing'...
Listing './lib/python3.5/site-packages/numpy/testing/nose_tools'...
Listing './lib/python3.5/site-packages/numpy/testing/tests'...
Listing './lib/python3.5/site-packages/numpy/tests'...
Listing './lib/python3.5/site-packages/numpy-1.14.0.dist-info'...
Listing './lib/python3.5/site-packages/pip'...
Listing './lib/python3.5/site-packages/pip/_vendor'...
Listing './lib/python3.5/site-packages/pip/commands'...
Listing './lib/python3.5/site-packages/pip/compat'...
Listing './lib/python3.5/site-packages/pip/models'...
Listing './lib/python3.5/site-packages/pip/operations'...
Listing './lib/python3.5/site-packages/pip/req'...
Listing './lib/python3.5/site-packages/pip/utils'...
Listing './lib/python3.5/site-packages/pip/vcs'...
Listing './lib/python3.5/site-packages/pip-9.0.1.dist-info'...
Listing './lib/python3.5/site-packages/pkg_resources'...
Listing './lib/python3.5/site-packages/pkg_resources/_vendor'...
Listing './lib/python3.5/site-packages/pkg_resources/_vendor/packaging'...
Listing './lib/python3.5/site-packages/pkg_resources/extern'...
Listing './lib/python3.5/site-packages/pkg_resources-0.0.0.dist-info'...
Listing './lib/python3.5/site-packages/requests'...
Listing './lib/python3.5/site-packages/requests-2.18.4.dist-info'...
Listing './lib/python3.5/site-packages/scipy'...
Listing './lib/python3.5/site-packages/scipy/.libs'...
Listing './lib/python3.5/site-packages/scipy/_build_utils'...
Listing './lib/python3.5/site-packages/scipy/_lib'...
Listing './lib/python3.5/site-packages/scipy/_lib/tests'...
Listing './lib/python3.5/site-packages/scipy/cluster'...
Listing './lib/python3.5/site-packages/scipy/cluster/tests'...
Listing './lib/python3.5/site-packages/scipy/constants'...
Listing './lib/python3.5/site-packages/scipy/constants/tests'...
Listing './lib/python3.5/site-packages/scipy/fftpack'...
Listing './lib/python3.5/site-packages/scipy/fftpack/tests'...
Listing './lib/python3.5/site-packages/scipy/integrate'...
Listing './lib/python3.5/site-packages/scipy/integrate/_ivp'...
Listing './lib/python3.5/site-packages/scipy/integrate/tests'...
Listing './lib/python3.5/site-packages/scipy/interpolate'...
Listing './lib/python3.5/site-packages/scipy/interpolate/tests'...
Listing './lib/python3.5/site-packages/scipy/interpolate/tests/data'...
Listing './lib/python3.5/site-packages/scipy/io'...
Listing './lib/python3.5/site-packages/scipy/io/arff'...
Listing './lib/python3.5/site-packages/scipy/io/arff/tests'...
Listing './lib/python3.5/site-packages/scipy/io/arff/tests/data'...
Listing './lib/python3.5/site-packages/scipy/io/harwell_boeing'...
Listing './lib/python3.5/site-packages/scipy/io/harwell_boeing/tests'...
Listing './lib/python3.5/site-packages/scipy/io/matlab'...
Listing './lib/python3.5/site-packages/scipy/io/matlab/tests'...
Listing './lib/python3.5/site-packages/scipy/io/matlab/tests/data'...
Listing './lib/python3.5/site-packages/scipy/io/tests'...
Listing './lib/python3.5/site-packages/scipy/io/tests/data'...
Listing './lib/python3.5/site-packages/scipy/linalg'...
Listing './lib/python3.5/site-packages/scipy/linalg/src'...
Listing './lib/python3.5/site-packages/scipy/linalg/src/id_dist'...
Listing './lib/python3.5/site-packages/scipy/linalg/src/id_dist/doc'...
Listing './lib/python3.5/site-packages/scipy/linalg/src/lapack_deprecations'...
Listing './lib/python3.5/site-packages/scipy/linalg/tests'...
Listing './lib/python3.5/site-packages/scipy/linalg/tests/data'...
Listing './lib/python3.5/site-packages/scipy/misc'...
Listing './lib/python3.5/site-packages/scipy/misc/tests'...
Listing './lib/python3.5/site-packages/scipy/misc/tests/data'...
Listing './lib/python3.5/site-packages/scipy/ndimage'...
Listing './lib/python3.5/site-packages/scipy/ndimage/tests'...
Listing './lib/python3.5/site-packages/scipy/ndimage/tests/data'...
Listing './lib/python3.5/site-packages/scipy/odr'...
Listing './lib/python3.5/site-packages/scipy/odr/tests'...
Listing './lib/python3.5/site-packages/scipy/optimize'...
Listing './lib/python3.5/site-packages/scipy/optimize/_lsq'...
Listing './lib/python3.5/site-packages/scipy/optimize/_trlib'...
Listing './lib/python3.5/site-packages/scipy/optimize/lbfgsb'...
Listing './lib/python3.5/site-packages/scipy/optimize/tests'...
Listing './lib/python3.5/site-packages/scipy/signal'...
Listing './lib/python3.5/site-packages/scipy/signal/tests'...
Listing './lib/python3.5/site-packages/scipy/sparse'...
Listing './lib/python3.5/site-packages/scipy/sparse/csgraph'...
Listing './lib/python3.5/site-packages/scipy/sparse/csgraph/tests'...
Listing './lib/python3.5/site-packages/scipy/sparse/linalg'...
Listing './lib/python3.5/site-packages/scipy/sparse/linalg/dsolve'...
Listing './lib/python3.5/site-packages/scipy/sparse/linalg/dsolve/SuperLU'...
Listing './lib/python3.5/site-packages/scipy/sparse/linalg/dsolve/tests'...
Listing './lib/python3.5/site-packages/scipy/sparse/linalg/eigen'...
Listing './lib/python3.5/site-packages/scipy/sparse/linalg/eigen/arpack'...
Listing './lib/python3.5/site-packages/scipy/sparse/linalg/eigen/arpack/ARPACK'...
Listing './lib/python3.5/site-packages/scipy/sparse/linalg/eigen/arpack/tests'...
Listing './lib/python3.5/site-packages/scipy/sparse/linalg/eigen/lobpcg'...
Listing './lib/python3.5/site-packages/scipy/sparse/linalg/eigen/lobpcg/tests'...
Listing './lib/python3.5/site-packages/scipy/sparse/linalg/isolve'...
Listing './lib/python3.5/site-packages/scipy/sparse/linalg/isolve/tests'...
Listing './lib/python3.5/site-packages/scipy/sparse/linalg/tests'...
Listing './lib/python3.5/site-packages/scipy/sparse/tests'...
Listing './lib/python3.5/site-packages/scipy/sparse/tests/data'...
Listing './lib/python3.5/site-packages/scipy/spatial'...
Listing './lib/python3.5/site-packages/scipy/spatial/qhull'...
Listing './lib/python3.5/site-packages/scipy/spatial/tests'...
Listing './lib/python3.5/site-packages/scipy/spatial/tests/data'...
Listing './lib/python3.5/site-packages/scipy/special'...
Listing './lib/python3.5/site-packages/scipy/special/_precompute'...
Listing './lib/python3.5/site-packages/scipy/special/tests'...
Listing './lib/python3.5/site-packages/scipy/special/tests/data'...
Listing './lib/python3.5/site-packages/scipy/stats'...
Listing './lib/python3.5/site-packages/scipy/stats/tests'...
Listing './lib/python3.5/site-packages/scipy/stats/tests/data'...
Listing './lib/python3.5/site-packages/scipy/stats/tests/data/nist_anova'...
Listing './lib/python3.5/site-packages/scipy/stats/tests/data/nist_linregress'...
Listing './lib/python3.5/site-packages/scipy-1.0.0.dist-info'...
Listing './lib/python3.5/site-packages/setuptools'...
Listing './lib/python3.5/site-packages/setuptools/command'...
Listing './lib/python3.5/site-packages/setuptools/extern'...
Listing './lib/python3.5/site-packages/setuptools-32.3.1.dist-info'...
Listing './lib/python3.5/site-packages/tdparser'...
Listing './lib/python3.5/site-packages/tdparser-1.1.6.egg-info'...
Listing './lib/python3.5/site-packages/urllib3'...
Listing './lib/python3.5/site-packages/urllib3/contrib'...
Listing './lib/python3.5/site-packages/urllib3/contrib/_securetransport'...
Listing './lib/python3.5/site-packages/urllib3/packages'...
Listing './lib/python3.5/site-packages/urllib3/packages/backports'...
Listing './lib/python3.5/site-packages/urllib3/packages/ssl_match_hostname'...
Listing './lib/python3.5/site-packages/urllib3/util'...
Listing './lib/python3.5/site-packages/urllib3-1.22.dist-info'...
Listing './lib/python3.5/site-packages/usagestats-0.7.dist-info'...
Listing './lib/python3.5/site-packages/vistrails'...
Listing './lib/python3.5/site-packages/vistrails/api'...
Compiling './lib/python3.5/site-packages/vistrails/api/__init__.py'...
***   File "./lib/python3.5/site-packages/vistrails/api/__init__.py", line 206
    def change_parameter(module_id, function_name, param_list, function_id=-1L,
                                                                             ^
SyntaxError: invalid syntax

Listing './lib/python3.5/site-packages/vistrails/core'...
Listing './lib/python3.5/site-packages/vistrails/core/analogy'...
Compiling './lib/python3.5/site-packages/vistrails/core/analogy/__init__.py'...
***   File "./lib/python3.5/site-packages/vistrails/core/analogy/__init__.py", line 72
    print 'version_a:', version_a
                     ^
SyntaxError: Missing parentheses in call to 'print'

Compiling './lib/python3.5/site-packages/vistrails/core/analogy/eigen.py'...
***   File "./lib/python3.5/site-packages/vistrails/core/analogy/eigen.py", line 214
    print "COMPARING %s:%s -> %s:%s with %s:%s -> %s:%s" % \
                                                       ^
SyntaxError: Missing parentheses in call to 'print'

Compiling './lib/python3.5/site-packages/vistrails/core/api.py'...
***   File "./lib/python3.5/site-packages/vistrails/core/api.py", line 155
    vistrail.add_action(action, 0L)
                                 ^
SyntaxError: invalid syntax

Compiling './lib/python3.5/site-packages/vistrails/core/application.py'...
***   File "./lib/python3.5/site-packages/vistrails/core/application.py", line 111
    print "GOT SYSTEM ERROR!"
                            ^
SyntaxError: Missing parentheses in call to 'print'

Listing './lib/python3.5/site-packages/vistrails/core/bundles'...
Compiling './lib/python3.5/site-packages/vistrails/core/bundles/pyimport.py'...
***   File "./lib/python3.5/site-packages/vistrails/core/bundles/pyimport.py", line 116
    except ImportError, e:
                      ^
SyntaxError: invalid syntax

Listing './lib/python3.5/site-packages/vistrails/core/cache'...
Listing './lib/python3.5/site-packages/vistrails/core/collection'...
Compiling './lib/python3.5/site-packages/vistrails/core/collection/__init__.py'...
***   File "./lib/python3.5/site-packages/vistrails/core/collection/__init__.py", line 92
    except Exception, e:
                    ^
SyntaxError: invalid syntax

Compiling './lib/python3.5/site-packages/vistrails/core/collection/search.py'...
***   File "./lib/python3.5/site-packages/vistrails/core/collection/search.py", line 531
    except SearchParseError, e:
                           ^
SyntaxError: invalid syntax

Compiling './lib/python3.5/site-packages/vistrails/core/collection/vistrail.py'...
***   File "./lib/python3.5/site-packages/vistrails/core/collection/vistrail.py", line 184
    except Exception, e:
                    ^
SyntaxError: invalid syntax

Compiling './lib/python3.5/site-packages/vistrails/core/console_mode.py'...
***   File "./lib/python3.5/site-packages/vistrails/core/console_mode.py", line 158
    print run.job
            ^
SyntaxError: Missing parentheses in call to 'print'

Listing './lib/python3.5/site-packages/vistrails/core/data_structures'...
Compiling './lib/python3.5/site-packages/vistrails/core/data_structures/graph.py'...
***   File "./lib/python3.5/site-packages/vistrails/core/data_structures/graph.py", line 700
    if type(self) <> type(other):
                   ^
SyntaxError: invalid syntax

Compiling './lib/python3.5/site-packages/vistrails/core/data_structures/point.py'...
***   File "./lib/python3.5/site-packages/vistrails/core/data_structures/point.py", line 92
    print "Type mismatch"
                        ^
SyntaxError: Missing parentheses in call to 'print'

Listing './lib/python3.5/site-packages/vistrails/core/db'...
Compiling './lib/python3.5/site-packages/vistrails/core/db/locator.py'...
***   File "./lib/python3.5/site-packages/vistrails/core/db/locator.py", line 261
    except Exception, e:
                    ^
SyntaxError: invalid syntax

Compiling './lib/python3.5/site-packages/vistrails/core/debug.py'...
***   File "./lib/python3.5/site-packages/vistrails/core/debug.py", line 359
    except Exception, e:
                    ^
SyntaxError: invalid syntax

Compiling './lib/python3.5/site-packages/vistrails/core/external_connection.py'...
***   File "./lib/python3.5/site-packages/vistrails/core/external_connection.py", line 198
    raise RuntimeError, 'Only one instance of ExtConnectionList is \
                      ^
SyntaxError: invalid syntax

Listing './lib/python3.5/site-packages/vistrails/core/interpreter'...
Compiling './lib/python3.5/site-packages/vistrails/core/interpreter/base.py'...
***   File "./lib/python3.5/site-packages/vistrails/core/interpreter/base.py", line 213
    except Exception, e:
                    ^
SyntaxError: invalid syntax

Compiling './lib/python3.5/site-packages/vistrails/core/interpreter/cached.py'...
***   File "./lib/python3.5/site-packages/vistrails/core/interpreter/cached.py", line 388
    except Exception, e:
                    ^
SyntaxError: invalid syntax

Compiling './lib/python3.5/site-packages/vistrails/core/keychain.py'...
***   File "./lib/python3.5/site-packages/vistrails/core/keychain.py", line 217
    sum,delta,mask = 0L,0x9e3779b9L,0xffffffffL
                      ^
SyntaxError: invalid syntax

Listing './lib/python3.5/site-packages/vistrails/core/layout'...
Listing './lib/python3.5/site-packages/vistrails/core/log'...
Listing './lib/python3.5/site-packages/vistrails/core/mashup'...
Compiling './lib/python3.5/site-packages/vistrails/core/mashup/action.py'...
***   File "./lib/python3.5/site-packages/vistrails/core/mashup/action.py", line 165
    vttype='parameter', param_id=15L,
                                   ^
SyntaxError: invalid syntax

Compiling './lib/python3.5/site-packages/vistrails/core/mashup/action_annotation.py'...
***   File "./lib/python3.5/site-packages/vistrails/core/mashup/action_annotation.py", line 158
    key='akey', action_id=1L,
                           ^
SyntaxError: invalid syntax

Compiling './lib/python3.5/site-packages/vistrails/core/mashup/alias.py'...
***   File "./lib/python3.5/site-packages/vistrails/core/mashup/alias.py", line 141
    vttype='parameter', param_id=15L,
                                   ^
SyntaxError: invalid syntax

Compiling './lib/python3.5/site-packages/vistrails/core/mashup/component.py'...
***   File "./lib/python3.5/site-packages/vistrails/core/mashup/component.py", line 295
    vttype='parameter', param_id=15L,
                                   ^
SyntaxError: invalid syntax

Compiling './lib/python3.5/site-packages/vistrails/core/mashup/mashup.py'...
***   File "./lib/python3.5/site-packages/vistrails/core/mashup/mashup.py", line 297
    vttype='parameter', param_id=15L,
                                   ^
SyntaxError: invalid syntax

Compiling './lib/python3.5/site-packages/vistrails/core/mashup/mashup_trail.py'...
***   File "./lib/python3.5/site-packages/vistrails/core/mashup/mashup_trail.py", line 57
    self.id_scope = IdScope(1L)
                             ^
SyntaxError: invalid syntax

Listing './lib/python3.5/site-packages/vistrails/core/modules'...
Compiling './lib/python3.5/site-packages/vistrails/core/modules/abstraction.py'...
***   File "./lib/python3.5/site-packages/vistrails/core/modules/abstraction.py", line 94
    except InvalidPipeline, e:
                          ^
SyntaxError: invalid syntax

Compiling './lib/python3.5/site-packages/vistrails/core/modules/basic_modules.py'...
***   File "./lib/python3.5/site-packages/vistrails/core/modules/basic_modules.py", line 459
    except Exception, e:
                    ^
SyntaxError: invalid syntax

Compiling './lib/python3.5/site-packages/vistrails/core/modules/config.py'...
***   File "./lib/python3.5/site-packages/vistrails/core/modules/config.py", line 113
    exec init_template in d
                     ^
SyntaxError: Missing parentheses in call to 'exec'

Compiling './lib/python3.5/site-packages/vistrails/core/modules/module_descriptor.py'...
***   File "./lib/python3.5/site-packages/vistrails/core/modules/module_descriptor.py", line 311
    except Exception, e:
                    ^
SyntaxError: invalid syntax

Compiling './lib/python3.5/site-packages/vistrails/core/modules/module_registry.py'...
***   File "./lib/python3.5/site-packages/vistrails/core/modules/module_registry.py", line 961
    except Exception, e:
                    ^
SyntaxError: invalid syntax

Compiling './lib/python3.5/site-packages/vistrails/core/modules/module_utils.py'...
***   File "./lib/python3.5/site-packages/vistrails/core/modules/module_utils.py", line 88
    except OSError, e:
                  ^
SyntaxError: invalid syntax

Compiling './lib/python3.5/site-packages/vistrails/core/modules/output_modules.py'...
***   File "./lib/python3.5/site-packages/vistrails/core/modules/output_modules.py", line 190
    except KeyError, e:
                   ^
SyntaxError: invalid syntax

Compiling './lib/python3.5/site-packages/vistrails/core/modules/package.py'...
***   File "./lib/python3.5/site-packages/vistrails/core/modules/package.py", line 395
    except ImportError, e:
                      ^
SyntaxError: invalid syntax

Compiling './lib/python3.5/site-packages/vistrails/core/modules/paramexplore.py'...
***   File "./lib/python3.5/site-packages/vistrails/core/modules/paramexplore.py", line 169
    except Exception, e:
                    ^
SyntaxError: invalid syntax

Compiling './lib/python3.5/site-packages/vistrails/core/modules/sub_module.py'...
***   File "./lib/python3.5/site-packages/vistrails/core/modules/sub_module.py", line 413
    def new_abstraction(name, vistrail, vt_fname=None, internal_version=-1L,
                                                                          ^
SyntaxError: invalid syntax

Compiling './lib/python3.5/site-packages/vistrails/core/modules/vistrails_module.py'...
***   File "./lib/python3.5/site-packages/vistrails/core/modules/vistrails_module.py", line 469
    except ModuleWasSuspended, e:
                             ^
SyntaxError: invalid syntax

Compiling './lib/python3.5/site-packages/vistrails/core/packagemanager.py'...
***   File "./lib/python3.5/site-packages/vistrails/core/packagemanager.py", line 494
    except Exception, e:
                    ^
SyntaxError: invalid syntax

Compiling './lib/python3.5/site-packages/vistrails/core/packagerepository.py'...
***   File "./lib/python3.5/site-packages/vistrails/core/packagerepository.py", line 114
    except IOError, e:
                  ^
SyntaxError: invalid syntax

Listing './lib/python3.5/site-packages/vistrails/core/paramexplore'...
Compiling './lib/python3.5/site-packages/vistrails/core/paramexplore/paramexplore.py'...
***   File "./lib/python3.5/site-packages/vistrails/core/paramexplore/paramexplore.py", line 145
    tmp_f_id = -1L
                 ^
SyntaxError: invalid syntax

Listing './lib/python3.5/site-packages/vistrails/core/publishing'...
Compiling './lib/python3.5/site-packages/vistrails/core/publishing/parse_latex.py'...
***   File "./lib/python3.5/site-packages/vistrails/core/publishing/parse_latex.py", line 170
    print "Usage: %s %s <latex-file>" % (sys.executable, sys.argv[0])
                                    ^
SyntaxError: invalid syntax

Listing './lib/python3.5/site-packages/vistrails/core/query'...
Compiling './lib/python3.5/site-packages/vistrails/core/query/version.py'...
***   File "./lib/python3.5/site-packages/vistrails/core/query/version.py", line 600
    except SearchParseError, e:
                           ^
SyntaxError: invalid syntax

Compiling './lib/python3.5/site-packages/vistrails/core/reportusage.py'...
***   File "./lib/python3.5/site-packages/vistrails/core/reportusage.py", line 260
    except requests.RequestException, e:
                                    ^
SyntaxError: invalid syntax

Listing './lib/python3.5/site-packages/vistrails/core/repository'...
Listing './lib/python3.5/site-packages/vistrails/core/repository/poster'...
Compiling './lib/python3.5/site-packages/vistrails/core/repository/poster/streaminghttp.py'...
***   File "./lib/python3.5/site-packages/vistrails/core/repository/poster/streaminghttp.py", line 119
    print "send:", repr(value)
                ^
SyntaxError: invalid syntax

Listing './lib/python3.5/site-packages/vistrails/core/resources'...
Compiling './lib/python3.5/site-packages/vistrails/core/startup.py'...
***   File "./lib/python3.5/site-packages/vistrails/core/startup.py", line 285
    except Exception, e:
                    ^
SyntaxError: invalid syntax

Listing './lib/python3.5/site-packages/vistrails/core/system'...
Compiling './lib/python3.5/site-packages/vistrails/core/system/__init__.py'...
***   File "./lib/python3.5/site-packages/vistrails/core/system/__init__.py", line 323
    except urllib2.HTTPError, err:
                            ^
SyntaxError: invalid syntax

Compiling './lib/python3.5/site-packages/vistrails/core/system/common.py'...
***   File "./lib/python3.5/site-packages/vistrails/core/system/common.py", line 98
    except Exception, e:
                    ^
SyntaxError: invalid syntax

Compiling './lib/python3.5/site-packages/vistrails/core/system/linux.py'...
***   File "./lib/python3.5/site-packages/vistrails/core/system/linux.py", line 123
    except OSError, e:
                  ^
SyntaxError: invalid syntax

Compiling './lib/python3.5/site-packages/vistrails/core/system/osx.py'...
***   File "./lib/python3.5/site-packages/vistrails/core/system/osx.py", line 176
    result = int(float(mem[:-3]) * 1024) * 1L
                                            ^
SyntaxError: invalid syntax

Compiling './lib/python3.5/site-packages/vistrails/core/thumbnails.py'...
***   File "./lib/python3.5/site-packages/vistrails/core/thumbnails.py", line 91
    print "removing thumbnail directory"
                                       ^
SyntaxError: Missing parentheses in call to 'print'

Compiling './lib/python3.5/site-packages/vistrails/core/upgradeworkflow.py'...
***   File "./lib/python3.5/site-packages/vistrails/core/upgradeworkflow.py", line 326
    except MissingModule, e:
                        ^
SyntaxError: invalid syntax

Listing './lib/python3.5/site-packages/vistrails/core/utils'...
Compiling './lib/python3.5/site-packages/vistrails/core/utils/__init__.py'...
***   File "./lib/python3.5/site-packages/vistrails/core/utils/__init__.py", line 386
    return itertools.dropwhile(lambda (v,c): v != item, itor).next()[1]
                                      ^
SyntaxError: invalid syntax

Compiling './lib/python3.5/site-packages/vistrails/core/utils/timemethod.py'...
***   File "./lib/python3.5/site-packages/vistrails/core/utils/timemethod.py", line 48
    print time.time() - t
             ^
SyntaxError: invalid syntax

Compiling './lib/python3.5/site-packages/vistrails/core/utils/tracemethod.py'...
***   File "./lib/python3.5/site-packages/vistrails/core/utils/tracemethod.py", line 106
    print "-" * 78
            ^
SyntaxError: Missing parentheses in call to 'print'

Compiling './lib/python3.5/site-packages/vistrails/core/utils/uxml.py'...
***   File "./lib/python3.5/site-packages/vistrails/core/utils/uxml.py", line 141
    except xml.parsers.expat.ExpatError, e:
                                       ^
SyntaxError: invalid syntax

Listing './lib/python3.5/site-packages/vistrails/core/vistrail'...
Compiling './lib/python3.5/site-packages/vistrails/core/vistrail/action_annotation.py'...
***   File "./lib/python3.5/site-packages/vistrails/core/vistrail/action_annotation.py", line 121
    key='akey', action_id=1L,
                           ^
SyntaxError: invalid syntax

Compiling './lib/python3.5/site-packages/vistrails/core/vistrail/connection.py'...
***   File "./lib/python3.5/site-packages/vistrails/core/vistrail/connection.py", line 259
    moduleId=21L,
               ^
SyntaxError: invalid syntax

Compiling './lib/python3.5/site-packages/vistrails/core/vistrail/controller.py'...
***   File "./lib/python3.5/site-packages/vistrails/core/vistrail/controller.py", line 936
    old_id=-1L, should_replace=True, aliases=[],
             ^
SyntaxError: invalid syntax

Compiling './lib/python3.5/site-packages/vistrails/core/vistrail/job.py'...
***   File "./lib/python3.5/site-packages/vistrails/core/vistrail/job.py", line 118
    except ModuleSuspended, e:
                          ^
SyntaxError: invalid syntax

Compiling './lib/python3.5/site-packages/vistrails/core/vistrail/module.py'...
***   File "./lib/python3.5/site-packages/vistrails/core/vistrail/module.py", line 345
    print "Type mismatch"
                        ^
SyntaxError: Missing parentheses in call to 'print'

Compiling './lib/python3.5/site-packages/vistrails/core/vistrail/module_function.py'...
***   File "./lib/python3.5/site-packages/vistrails/core/vistrail/module_function.py", line 170
    print "type mismatch"
                        ^
SyntaxError: Missing parentheses in call to 'print'

Compiling './lib/python3.5/site-packages/vistrails/core/vistrail/module_param.py'...
***   File "./lib/python3.5/site-packages/vistrails/core/vistrail/module_param.py", line 243
    print "type mismatch"
                        ^
SyntaxError: Missing parentheses in call to 'print'

Compiling './lib/python3.5/site-packages/vistrails/core/vistrail/pipeline.py'...
***   File "./lib/python3.5/site-packages/vistrails/core/vistrail/pipeline.py", line 852
    except InvalidPipeline, e:
                          ^
SyntaxError: invalid syntax

Compiling './lib/python3.5/site-packages/vistrails/core/vistrail/port.py'...
***   File "./lib/python3.5/site-packages/vistrails/core/vistrail/port.py", line 198
    print "Type mismatch"
                        ^
SyntaxError: Missing parentheses in call to 'print'

Compiling './lib/python3.5/site-packages/vistrails/core/vistrail/vistrail.py'...
***   File "./lib/python3.5/site-packages/vistrails/core/vistrail/vistrail.py", line 312
    except Exception, e:
                    ^
SyntaxError: invalid syntax

Listing './lib/python3.5/site-packages/vistrails/db'...
Listing './lib/python3.5/site-packages/vistrails/db/bin'...
Compiling './lib/python3.5/site-packages/vistrails/db/bin/generate.py'...
***   File "./lib/python3.5/site-packages/vistrails/db/bin/generate.py", line 189
    print 'Usage: python generate.py %s%s\n%s' % (required,
                                             ^
SyntaxError: invalid syntax

Compiling './lib/python3.5/site-packages/vistrails/db/bin/parser.py'...
***   File "./lib/python3.5/site-packages/vistrails/db/bin/parser.py", line 66
    print 'error:', prop.getReference()
                 ^
SyntaxError: invalid syntax

Listing './lib/python3.5/site-packages/vistrails/db/domain'...
Listing './lib/python3.5/site-packages/vistrails/db/persistence'...
Listing './lib/python3.5/site-packages/vistrails/db/services'...
Compiling './lib/python3.5/site-packages/vistrails/db/services/io.py'...
***   File "./lib/python3.5/site-packages/vistrails/db/services/io.py", line 198
    except get_db_lib().Error, e:
                             ^
SyntaxError: invalid syntax

Compiling './lib/python3.5/site-packages/vistrails/db/services/opm.py'...
***   File "./lib/python3.5/site-packages/vistrails/db/services/opm.py", line 144
    print 'adding process', process.db_id,
                         ^
SyntaxError: Missing parentheses in call to 'print'

Compiling './lib/python3.5/site-packages/vistrails/db/services/prov.py'...
***   File "./lib/python3.5/site-packages/vistrails/db/services/prov.py", line 587
    print "Usage: python %s <vt_xml> <version> <log_xml> <out_xml>" % sys.argv[0]
                                                                  ^
SyntaxError: Missing parentheses in call to 'print'

Compiling './lib/python3.5/site-packages/vistrails/db/services/query.py'...
***   File "./lib/python3.5/site-packages/vistrails/db/services/query.py", line 132
    except get_db_lib().Error, e:
                             ^
SyntaxError: invalid syntax

Listing './lib/python3.5/site-packages/vistrails/db/specs'...
Listing './lib/python3.5/site-packages/vistrails/db/tests'...
Compiling './lib/python3.5/site-packages/vistrails/db/tests/setup_db_tables.py'...
***   File "./lib/python3.5/site-packages/vistrails/db/tests/setup_db_tables.py", line 53
    except Exception, e:
                    ^
SyntaxError: invalid syntax

Compiling './lib/python3.5/site-packages/vistrails/db/tests/sql_to_xml.py'...
***   File "./lib/python3.5/site-packages/vistrails/db/tests/sql_to_xml.py", line 62
    except MySQLdb.Error, e:
                        ^
SyntaxError: invalid syntax

Compiling './lib/python3.5/site-packages/vistrails/db/tests/xml_to_sql.py'...
***   File "./lib/python3.5/site-packages/vistrails/db/tests/xml_to_sql.py", line 57
    print dbConnection.get_server_info()
                     ^
SyntaxError: invalid syntax

Listing './lib/python3.5/site-packages/vistrails/db/versions'...
Compiling './lib/python3.5/site-packages/vistrails/db/versions/__init__.py'...
***   File "./lib/python3.5/site-packages/vistrails/db/versions/__init__.py", line 127
    except Exception, e:
                    ^
SyntaxError: invalid syntax

Listing './lib/python3.5/site-packages/vistrails/db/versions/v0_3_0'...
Listing './lib/python3.5/site-packages/vistrails/db/versions/v0_3_0/domain'...
Listing './lib/python3.5/site-packages/vistrails/db/versions/v0_3_0/persistence'...
Listing './lib/python3.5/site-packages/vistrails/db/versions/v0_3_0/persistence/xml'...
Compiling './lib/python3.5/site-packages/vistrails/db/versions/v0_3_0/persistence/xml/auto_gen.py'...
***   File "./lib/python3.5/site-packages/vistrails/db/versions/v0_3_0/persistence/xml/auto_gen.py", line 397
    print '*** ERROR *** nodeName = %s' % child.nodeName
                                      ^
SyntaxError: Missing parentheses in call to 'print'

Compiling './lib/python3.5/site-packages/vistrails/db/versions/v0_3_0/persistence/xml/io.py'...
***   File "./lib/python3.5/site-packages/vistrails/db/versions/v0_3_0/persistence/xml/io.py", line 47
    except xml.parsers.expat.ExpatError, e:
                                       ^
SyntaxError: invalid syntax

Listing './lib/python3.5/site-packages/vistrails/db/versions/v0_3_0/schemas'...
Listing './lib/python3.5/site-packages/vistrails/db/versions/v0_3_0/schemas/xml'...
Listing './lib/python3.5/site-packages/vistrails/db/versions/v0_3_1'...
Listing './lib/python3.5/site-packages/vistrails/db/versions/v0_3_1/domain'...
Listing './lib/python3.5/site-packages/vistrails/db/versions/v0_3_1/persistence'...
Listing './lib/python3.5/site-packages/vistrails/db/versions/v0_3_1/schemas'...
Listing './lib/python3.5/site-packages/vistrails/db/versions/v0_3_1/schemas/xml'...
Listing './lib/python3.5/site-packages/vistrails/db/versions/v0_3_1/translate'...
Listing './lib/python3.5/site-packages/vistrails/db/versions/v0_5_0'...
Listing './lib/python3.5/site-packages/vistrails/db/versions/v0_5_0/domain'...
Compiling './lib/python3.5/site-packages/vistrails/db/versions/v0_5_0/domain/id_scope.py'...
***   File "./lib/python3.5/site-packages/vistrails/db/versions/v0_5_0/domain/id_scope.py", line 42
    def __init__(self, beginId=0L):
                                ^
SyntaxError: invalid syntax

Listing './lib/python3.5/site-packages/vistrails/db/versions/v0_5_0/persistence'...
Listing './lib/python3.5/site-packages/vistrails/db/versions/v0_5_0/persistence/sql'...
Compiling './lib/python3.5/site-packages/vistrails/db/versions/v0_5_0/persistence/sql/auto_gen.py'...
***   File "./lib/python3.5/site-packages/vistrails/db/versions/v0_5_0/persistence/sql/auto_gen.py", line 63
    print '***ERROR: need to specify id or foreign key info'
                                                           ^
SyntaxError: Missing parentheses in call to 'print'

Listing './lib/python3.5/site-packages/vistrails/db/versions/v0_5_0/persistence/xml'...
Compiling './lib/python3.5/site-packages/vistrails/db/versions/v0_5_0/persistence/xml/auto_gen.py'...
***   File "./lib/python3.5/site-packages/vistrails/db/versions/v0_5_0/persistence/xml/auto_gen.py", line 117
    print '*** ERROR *** nodeName = %s' % child.nodeName
                                      ^
SyntaxError: Missing parentheses in call to 'print'

Compiling './lib/python3.5/site-packages/vistrails/db/versions/v0_5_0/persistence/xml/io.py'...
***   File "./lib/python3.5/site-packages/vistrails/db/versions/v0_5_0/persistence/xml/io.py", line 47
    except xml.parsers.expat.ExpatError, e:
                                       ^
SyntaxError: invalid syntax

Listing './lib/python3.5/site-packages/vistrails/db/versions/v0_5_0/schemas'...
Listing './lib/python3.5/site-packages/vistrails/db/versions/v0_5_0/schemas/sql'...
Listing './lib/python3.5/site-packages/vistrails/db/versions/v0_5_0/schemas/xml'...
Listing './lib/python3.5/site-packages/vistrails/db/versions/v0_5_0/translate'...
Compiling './lib/python3.5/site-packages/vistrails/db/versions/v0_5_0/translate/v0_3_1.py'...
***   File "./lib/python3.5/site-packages/vistrails/db/versions/v0_5_0/translate/v0_3_1.py", line 370
    print "unknown type: '%s'" % operation.db_what
                             ^
SyntaxError: Missing parentheses in call to 'print'

Listing './lib/python3.5/site-packages/vistrails/db/versions/v0_6_0'...
Listing './lib/python3.5/site-packages/vistrails/db/versions/v0_6_0/domain'...
Compiling './lib/python3.5/site-packages/vistrails/db/versions/v0_6_0/domain/id_scope.py'...
***   File "./lib/python3.5/site-packages/vistrails/db/versions/v0_6_0/domain/id_scope.py", line 42
    def __init__(self, beginId=0L):
                                ^
SyntaxError: invalid syntax

Listing './lib/python3.5/site-packages/vistrails/db/versions/v0_6_0/persistence'...
Listing './lib/python3.5/site-packages/vistrails/db/versions/v0_6_0/persistence/sql'...
Compiling './lib/python3.5/site-packages/vistrails/db/versions/v0_6_0/persistence/sql/auto_gen.py'...
***   File "./lib/python3.5/site-packages/vistrails/db/versions/v0_6_0/persistence/sql/auto_gen.py", line 146
    print '***ERROR: need to specify id or foreign key info'
                                                           ^
SyntaxError: Missing parentheses in call to 'print'

Compiling './lib/python3.5/site-packages/vistrails/db/versions/v0_6_0/persistence/sql/sql_dao.py'...
***   File "./lib/python3.5/site-packages/vistrails/db/versions/v0_6_0/persistence/sql/sql_dao.py", line 136
    print 'db: %s' % dbCommand
                 ^
SyntaxError: Missing parentheses in call to 'print'

Listing './lib/python3.5/site-packages/vistrails/db/versions/v0_6_0/persistence/xml'...
Compiling './lib/python3.5/site-packages/vistrails/db/versions/v0_6_0/persistence/xml/auto_gen.py'...
***   File "./lib/python3.5/site-packages/vistrails/db/versions/v0_6_0/persistence/xml/auto_gen.py", line 123
    print '*** ERROR *** nodeName = %s' % child.nodeName
                                      ^
SyntaxError: Missing parentheses in call to 'print'

Compiling './lib/python3.5/site-packages/vistrails/db/versions/v0_6_0/persistence/xml/io.py'...
***   File "./lib/python3.5/site-packages/vistrails/db/versions/v0_6_0/persistence/xml/io.py", line 47
    except xml.parsers.expat.ExpatError, e:
                                       ^
SyntaxError: invalid syntax

Listing './lib/python3.5/site-packages/vistrails/db/versions/v0_6_0/schemas'...
Listing './lib/python3.5/site-packages/vistrails/db/versions/v0_6_0/schemas/sql'...
Listing './lib/python3.5/site-packages/vistrails/db/versions/v0_6_0/schemas/xml'...
Listing './lib/python3.5/site-packages/vistrails/db/versions/v0_6_0/translate'...
Compiling './lib/python3.5/site-packages/vistrails/db/versions/v0_6_0/translate/v0_3_1.py'...
***   File "./lib/python3.5/site-packages/vistrails/db/versions/v0_6_0/translate/v0_3_1.py", line 331
    print "unknown type: '%s'" % operation.db_what
                             ^
SyntaxError: Missing parentheses in call to 'print'

Listing './lib/python3.5/site-packages/vistrails/db/versions/v0_7_0'...
Listing './lib/python3.5/site-packages/vistrails/db/versions/v0_7_0/domain'...
Compiling './lib/python3.5/site-packages/vistrails/db/versions/v0_7_0/domain/id_scope.py'...
***   File "./lib/python3.5/site-packages/vistrails/db/versions/v0_7_0/domain/id_scope.py", line 42
    def __init__(self, beginId=0L, remap=None):
                                ^
SyntaxError: invalid syntax

Listing './lib/python3.5/site-packages/vistrails/db/versions/v0_7_0/persistence'...
Listing './lib/python3.5/site-packages/vistrails/db/versions/v0_7_0/persistence/sql'...
Compiling './lib/python3.5/site-packages/vistrails/db/versions/v0_7_0/persistence/sql/auto_gen.py'...
***   File "./lib/python3.5/site-packages/vistrails/db/versions/v0_7_0/persistence/sql/auto_gen.py", line 146
    print '***ERROR: need to specify id or foreign key info'
                                                           ^
SyntaxError: Missing parentheses in call to 'print'

Compiling './lib/python3.5/site-packages/vistrails/db/versions/v0_7_0/persistence/sql/sql_dao.py'...
***   File "./lib/python3.5/site-packages/vistrails/db/versions/v0_7_0/persistence/sql/sql_dao.py", line 136
    print 'db: %s' % dbCommand
                 ^
SyntaxError: Missing parentheses in call to 'print'

Listing './lib/python3.5/site-packages/vistrails/db/versions/v0_7_0/persistence/xml'...
Compiling './lib/python3.5/site-packages/vistrails/db/versions/v0_7_0/persistence/xml/auto_gen.py'...
***   File "./lib/python3.5/site-packages/vistrails/db/versions/v0_7_0/persistence/xml/auto_gen.py", line 122
    print '*** ERROR *** nodeName = %s' % child.nodeName
                                      ^
SyntaxError: Missing parentheses in call to 'print'

Compiling './lib/python3.5/site-packages/vistrails/db/versions/v0_7_0/persistence/xml/io.py'...
***   File "./lib/python3.5/site-packages/vistrails/db/versions/v0_7_0/persistence/xml/io.py", line 47
    except xml.parsers.expat.ExpatError, e:
                                       ^
SyntaxError: invalid syntax

Listing './lib/python3.5/site-packages/vistrails/db/versions/v0_7_0/schemas'...
Listing './lib/python3.5/site-packages/vistrails/db/versions/v0_7_0/schemas/sql'...
Listing './lib/python3.5/site-packages/vistrails/db/versions/v0_7_0/schemas/xml'...
Listing './lib/python3.5/site-packages/vistrails/db/versions/v0_7_0/translate'...
Listing './lib/python3.5/site-packages/vistrails/db/versions/v0_8_0'...
Listing './lib/python3.5/site-packages/vistrails/db/versions/v0_8_0/domain'...
Compiling './lib/python3.5/site-packages/vistrails/db/versions/v0_8_0/domain/id_scope.py'...
***   File "./lib/python3.5/site-packages/vistrails/db/versions/v0_8_0/domain/id_scope.py", line 42
    def __init__(self, beginId=0L, remap=None):
                                ^
SyntaxError: invalid syntax

Compiling './lib/python3.5/site-packages/vistrails/db/versions/v0_8_0/domain/workflow.py'...
***   File "./lib/python3.5/site-packages/vistrails/db/versions/v0_8_0/domain/workflow.py", line 75
    print '%s: %s' % (k, v)
                 ^
SyntaxError: invalid syntax

Listing './lib/python3.5/site-packages/vistrails/db/versions/v0_8_0/persistence'...
Compiling './lib/python3.5/site-packages/vistrails/db/versions/v0_8_0/persistence/__init__.py'...
***   File "./lib/python3.5/site-packages/vistrails/db/versions/v0_8_0/persistence/__init__.py", line 92
    except SyntaxError, e:
                      ^
SyntaxError: invalid syntax

Listing './lib/python3.5/site-packages/vistrails/db/versions/v0_8_0/persistence/sql'...
Listing './lib/python3.5/site-packages/vistrails/db/versions/v0_8_0/persistence/xml'...
Compiling './lib/python3.5/site-packages/vistrails/db/versions/v0_8_0/persistence/xml/auto_gen.py'...
***   File "./lib/python3.5/site-packages/vistrails/db/versions/v0_8_0/persistence/xml/auto_gen.py", line 135
    print '*** ERROR *** tag = %s' % child.tag
                                 ^
SyntaxError: Missing parentheses in call to 'print'

Listing './lib/python3.5/site-packages/vistrails/db/versions/v0_8_0/schemas'...
Listing './lib/python3.5/site-packages/vistrails/db/versions/v0_8_0/schemas/sql'...
Listing './lib/python3.5/site-packages/vistrails/db/versions/v0_8_0/schemas/xml'...
Listing './lib/python3.5/site-packages/vistrails/db/versions/v0_8_0/translate'...
Listing './lib/python3.5/site-packages/vistrails/db/versions/v0_8_1'...
Listing './lib/python3.5/site-packages/vistrails/db/versions/v0_8_1/domain'...
Listing './lib/python3.5/site-packages/vistrails/db/versions/v0_8_1/persistence'...
Listing './lib/python3.5/site-packages/vistrails/db/versions/v0_8_1/schemas'...
Listing './lib/python3.5/site-packages/vistrails/db/versions/v0_8_1/schemas/sql'...
Listing './lib/python3.5/site-packages/vistrails/db/versions/v0_8_1/schemas/xml'...
Listing './lib/python3.5/site-packages/vistrails/db/versions/v0_8_1/translate'...
Listing './lib/python3.5/site-packages/vistrails/db/versions/v0_9_0'...
Listing './lib/python3.5/site-packages/vistrails/db/versions/v0_9_0/domain'...
Compiling './lib/python3.5/site-packages/vistrails/db/versions/v0_9_0/domain/id_scope.py'...
***   File "./lib/python3.5/site-packages/vistrails/db/versions/v0_9_0/domain/id_scope.py", line 42
    def __init__(self, beginId=0L, remap=None):
                                ^
SyntaxError: invalid syntax

Compiling './lib/python3.5/site-packages/vistrails/db/versions/v0_9_0/domain/workflow.py'...
***   File "./lib/python3.5/site-packages/vistrails/db/versions/v0_9_0/domain/workflow.py", line 85
    print '%s: %s' % (k, v)
                 ^
SyntaxError: invalid syntax

Listing './lib/python3.5/site-packages/vistrails/db/versions/v0_9_0/persistence'...
Compiling './lib/python3.5/site-packages/vistrails/db/versions/v0_9_0/persistence/__init__.py'...
***   File "./lib/python3.5/site-packages/vistrails/db/versions/v0_9_0/persistence/__init__.py", line 98
    except SyntaxError, e:
                      ^
SyntaxError: invalid syntax

Listing './lib/python3.5/site-packages/vistrails/db/versions/v0_9_0/persistence/sql'...
Listing './lib/python3.5/site-packages/vistrails/db/versions/v0_9_0/persistence/xml'...
Compiling './lib/python3.5/site-packages/vistrails/db/versions/v0_9_0/persistence/xml/auto_gen.py'...
***   File "./lib/python3.5/site-packages/vistrails/db/versions/v0_9_0/persistence/xml/auto_gen.py", line 137
    print '*** ERROR *** tag = %s' % child.tag
                                 ^
SyntaxError: Missing parentheses in call to 'print'

Listing './lib/python3.5/site-packages/vistrails/db/versions/v0_9_0/schemas'...
Listing './lib/python3.5/site-packages/vistrails/db/versions/v0_9_0/schemas/sql'...
Listing './lib/python3.5/site-packages/vistrails/db/versions/v0_9_0/schemas/xml'...
Listing './lib/python3.5/site-packages/vistrails/db/versions/v0_9_0/translate'...
Listing './lib/python3.5/site-packages/vistrails/db/versions/v0_9_1'...
Listing './lib/python3.5/site-packages/vistrails/db/versions/v0_9_1/domain'...
Compiling './lib/python3.5/site-packages/vistrails/db/versions/v0_9_1/domain/id_scope.py'...
***   File "./lib/python3.5/site-packages/vistrails/db/versions/v0_9_1/domain/id_scope.py", line 42
    def __init__(self, beginId=0L, remap=None):
                                ^
SyntaxError: invalid syntax

Compiling './lib/python3.5/site-packages/vistrails/db/versions/v0_9_1/domain/workflow.py'...
***   File "./lib/python3.5/site-packages/vistrails/db/versions/v0_9_1/domain/workflow.py", line 85
    print '%s: %s' % (k, v)
                 ^
SyntaxError: invalid syntax

Listing './lib/python3.5/site-packages/vistrails/db/versions/v0_9_1/persistence'...
Compiling './lib/python3.5/site-packages/vistrails/db/versions/v0_9_1/persistence/__init__.py'...
***   File "./lib/python3.5/site-packages/vistrails/db/versions/v0_9_1/persistence/__init__.py", line 95
    except SyntaxError, e:
                      ^
SyntaxError: invalid syntax

Listing './lib/python3.5/site-packages/vistrails/db/versions/v0_9_1/persistence/sql'...
Listing './lib/python3.5/site-packages/vistrails/db/versions/v0_9_1/persistence/xml'...
Compiling './lib/python3.5/site-packages/vistrails/db/versions/v0_9_1/persistence/xml/auto_gen.py'...
***   File "./lib/python3.5/site-packages/vistrails/db/versions/v0_9_1/persistence/xml/auto_gen.py", line 139
    print '*** ERROR *** tag = %s' % child.tag
                                 ^
SyntaxError: Missing parentheses in call to 'print'

Listing './lib/python3.5/site-packages/vistrails/db/versions/v0_9_1/schemas'...
Listing './lib/python3.5/site-packages/vistrails/db/versions/v0_9_1/schemas/sql'...
Listing './lib/python3.5/site-packages/vistrails/db/versions/v0_9_1/schemas/xml'...
Listing './lib/python3.5/site-packages/vistrails/db/versions/v0_9_1/translate'...
Listing './lib/python3.5/site-packages/vistrails/db/versions/v0_9_2'...
Listing './lib/python3.5/site-packages/vistrails/db/versions/v0_9_2/domain'...
Listing './lib/python3.5/site-packages/vistrails/db/versions/v0_9_2/persistence'...
Listing './lib/python3.5/site-packages/vistrails/db/versions/v0_9_2/translate'...
Listing './lib/python3.5/site-packages/vistrails/db/versions/v0_9_3'...
Listing './lib/python3.5/site-packages/vistrails/db/versions/v0_9_3/domain'...
Compiling './lib/python3.5/site-packages/vistrails/db/versions/v0_9_3/domain/id_scope.py'...
***   File "./lib/python3.5/site-packages/vistrails/db/versions/v0_9_3/domain/id_scope.py", line 42
    def __init__(self, beginId=0L, remap=None):
                                ^
SyntaxError: invalid syntax

Compiling './lib/python3.5/site-packages/vistrails/db/versions/v0_9_3/domain/workflow.py'...
***   File "./lib/python3.5/site-packages/vistrails/db/versions/v0_9_3/domain/workflow.py", line 97
    print '%s: %s' % (k, v)
                 ^
SyntaxError: invalid syntax

Listing './lib/python3.5/site-packages/vistrails/db/versions/v0_9_3/persistence'...
Compiling './lib/python3.5/site-packages/vistrails/db/versions/v0_9_3/persistence/__init__.py'...
***   File "./lib/python3.5/site-packages/vistrails/db/versions/v0_9_3/persistence/__init__.py", line 204
    except SyntaxError, e:
                      ^
SyntaxError: invalid syntax

Listing './lib/python3.5/site-packages/vistrails/db/versions/v0_9_3/persistence/sql'...
Compiling './lib/python3.5/site-packages/vistrails/db/versions/v0_9_3/persistence/sql/sql_dao.py'...
***   File "./lib/python3.5/site-packages/vistrails/db/versions/v0_9_3/persistence/sql/sql_dao.py", line 172
    except Exception, e:
                    ^
SyntaxError: invalid syntax

Listing './lib/python3.5/site-packages/vistrails/db/versions/v0_9_3/persistence/xml'...
Compiling './lib/python3.5/site-packages/vistrails/db/versions/v0_9_3/persistence/xml/auto_gen.py'...
***   File "./lib/python3.5/site-packages/vistrails/db/versions/v0_9_3/persistence/xml/auto_gen.py", line 139
    print '*** ERROR *** tag = %s' % child.tag
                                 ^
SyntaxError: Missing parentheses in call to 'print'

Listing './lib/python3.5/site-packages/vistrails/db/versions/v0_9_3/schemas'...
Listing './lib/python3.5/site-packages/vistrails/db/versions/v0_9_3/schemas/sql'...
Listing './lib/python3.5/site-packages/vistrails/db/versions/v0_9_3/schemas/xml'...
Listing './lib/python3.5/site-packages/vistrails/db/versions/v0_9_3/specs'...
Listing './lib/python3.5/site-packages/vistrails/db/versions/v0_9_3/translate'...
Listing './lib/python3.5/site-packages/vistrails/db/versions/v0_9_4'...
Listing './lib/python3.5/site-packages/vistrails/db/versions/v0_9_4/domain'...
Compiling './lib/python3.5/site-packages/vistrails/db/versions/v0_9_4/domain/id_scope.py'...
***   File "./lib/python3.5/site-packages/vistrails/db/versions/v0_9_4/domain/id_scope.py", line 42
    def __init__(self, beginId=0L, remap=None):
                                ^
SyntaxError: invalid syntax

Compiling './lib/python3.5/site-packages/vistrails/db/versions/v0_9_4/domain/workflow.py'...
***   File "./lib/python3.5/site-packages/vistrails/db/versions/v0_9_4/domain/workflow.py", line 98
    print '%s: %s' % (k, v)
                 ^
SyntaxError: invalid syntax

Listing './lib/python3.5/site-packages/vistrails/db/versions/v0_9_4/persistence'...
Compiling './lib/python3.5/site-packages/vistrails/db/versions/v0_9_4/persistence/__init__.py'...
***   File "./lib/python3.5/site-packages/vistrails/db/versions/v0_9_4/persistence/__init__.py", line 204
    except SyntaxError, e:
                      ^
SyntaxError: invalid syntax

Listing './lib/python3.5/site-packages/vistrails/db/versions/v0_9_4/persistence/sql'...
Compiling './lib/python3.5/site-packages/vistrails/db/versions/v0_9_4/persistence/sql/sql_dao.py'...
***   File "./lib/python3.5/site-packages/vistrails/db/versions/v0_9_4/persistence/sql/sql_dao.py", line 172
    except Exception, e:
                    ^
SyntaxError: invalid syntax

Listing './lib/python3.5/site-packages/vistrails/db/versions/v0_9_4/persistence/xml'...
Compiling './lib/python3.5/site-packages/vistrails/db/versions/v0_9_4/persistence/xml/auto_gen.py'...
***   File "./lib/python3.5/site-packages/vistrails/db/versions/v0_9_4/persistence/xml/auto_gen.py", line 139
    print '*** ERROR *** tag = %s' % child.tag
                                 ^
SyntaxError: Missing parentheses in call to 'print'

Listing './lib/python3.5/site-packages/vistrails/db/versions/v0_9_4/schemas'...
Listing './lib/python3.5/site-packages/vistrails/db/versions/v0_9_4/schemas/sql'...
Listing './lib/python3.5/site-packages/vistrails/db/versions/v0_9_4/schemas/xml'...
Listing './lib/python3.5/site-packages/vistrails/db/versions/v0_9_4/specs'...
Listing './lib/python3.5/site-packages/vistrails/db/versions/v0_9_4/translate'...
Listing './lib/python3.5/site-packages/vistrails/db/versions/v0_9_5'...
Listing './lib/python3.5/site-packages/vistrails/db/versions/v0_9_5/domain'...
Compiling './lib/python3.5/site-packages/vistrails/db/versions/v0_9_5/domain/id_scope.py'...
***   File "./lib/python3.5/site-packages/vistrails/db/versions/v0_9_5/domain/id_scope.py", line 42
    def __init__(self, beginId=0L, remap=None):
                                ^
SyntaxError: invalid syntax

Compiling './lib/python3.5/site-packages/vistrails/db/versions/v0_9_5/domain/workflow.py'...
***   File "./lib/python3.5/site-packages/vistrails/db/versions/v0_9_5/domain/workflow.py", line 98
    print '%s: %s' % (k, v)
                 ^
SyntaxError: invalid syntax

Listing './lib/python3.5/site-packages/vistrails/db/versions/v0_9_5/persistence'...
Compiling './lib/python3.5/site-packages/vistrails/db/versions/v0_9_5/persistence/__init__.py'...
***   File "./lib/python3.5/site-packages/vistrails/db/versions/v0_9_5/persistence/__init__.py", line 230
    except SyntaxError, e:
                      ^
SyntaxError: invalid syntax

Listing './lib/python3.5/site-packages/vistrails/db/versions/v0_9_5/persistence/sql'...
Compiling './lib/python3.5/site-packages/vistrails/db/versions/v0_9_5/persistence/sql/sql_dao.py'...
***   File "./lib/python3.5/site-packages/vistrails/db/versions/v0_9_5/persistence/sql/sql_dao.py", line 172
    except Exception, e:
                    ^
SyntaxError: invalid syntax

Listing './lib/python3.5/site-packages/vistrails/db/versions/v0_9_5/persistence/xml'...
Compiling './lib/python3.5/site-packages/vistrails/db/versions/v0_9_5/persistence/xml/auto_gen.py'...
***   File "./lib/python3.5/site-packages/vistrails/db/versions/v0_9_5/persistence/xml/auto_gen.py", line 147
    print '*** ERROR *** tag = %s' % child.tag
                                 ^
SyntaxError: Missing parentheses in call to 'print'

Listing './lib/python3.5/site-packages/vistrails/db/versions/v0_9_5/schemas'...
Listing './lib/python3.5/site-packages/vistrails/db/versions/v0_9_5/schemas/sql'...
Listing './lib/python3.5/site-packages/vistrails/db/versions/v0_9_5/schemas/xml'...
Listing './lib/python3.5/site-packages/vistrails/db/versions/v0_9_5/specs'...
Listing './lib/python3.5/site-packages/vistrails/db/versions/v0_9_5/translate'...
Listing './lib/python3.5/site-packages/vistrails/db/versions/v1_0_0'...
Listing './lib/python3.5/site-packages/vistrails/db/versions/v1_0_0/domain'...
Compiling './lib/python3.5/site-packages/vistrails/db/versions/v1_0_0/domain/id_scope.py'...
***   File "./lib/python3.5/site-packages/vistrails/db/versions/v1_0_0/domain/id_scope.py", line 42
    def __init__(self, beginId=0L, remap=None):
                                ^
SyntaxError: invalid syntax

Compiling './lib/python3.5/site-packages/vistrails/db/versions/v1_0_0/domain/workflow.py'...
***   File "./lib/python3.5/site-packages/vistrails/db/versions/v1_0_0/domain/workflow.py", line 98
    print '%s: %s' % (k, v)
                 ^
SyntaxError: invalid syntax

Listing './lib/python3.5/site-packages/vistrails/db/versions/v1_0_0/persistence'...
Compiling './lib/python3.5/site-packages/vistrails/db/versions/v1_0_0/persistence/__init__.py'...
***   File "./lib/python3.5/site-packages/vistrails/db/versions/v1_0_0/persistence/__init__.py", line 248
    except SyntaxError, e:
                      ^
SyntaxError: invalid syntax

Listing './lib/python3.5/site-packages/vistrails/db/versions/v1_0_0/persistence/sql'...
Compiling './lib/python3.5/site-packages/vistrails/db/versions/v1_0_0/persistence/sql/sql_dao.py'...
***   File "./lib/python3.5/site-packages/vistrails/db/versions/v1_0_0/persistence/sql/sql_dao.py", line 172
    except Exception, e:
                    ^
SyntaxError: invalid syntax

Listing './lib/python3.5/site-packages/vistrails/db/versions/v1_0_0/persistence/xml'...
Compiling './lib/python3.5/site-packages/vistrails/db/versions/v1_0_0/persistence/xml/auto_gen.py'...
***   File "./lib/python3.5/site-packages/vistrails/db/versions/v1_0_0/persistence/xml/auto_gen.py", line 127
    print '*** ERROR *** tag = %s' % child.tag
                                 ^
SyntaxError: Missing parentheses in call to 'print'

Listing './lib/python3.5/site-packages/vistrails/db/versions/v1_0_0/schemas'...
Listing './lib/python3.5/site-packages/vistrails/db/versions/v1_0_0/schemas/sql'...
Listing './lib/python3.5/site-packages/vistrails/db/versions/v1_0_0/schemas/xml'...
Listing './lib/python3.5/site-packages/vistrails/db/versions/v1_0_0/specs'...
Listing './lib/python3.5/site-packages/vistrails/db/versions/v1_0_0/translate'...
Listing './lib/python3.5/site-packages/vistrails/db/versions/v1_0_1'...
Listing './lib/python3.5/site-packages/vistrails/db/versions/v1_0_1/domain'...
Compiling './lib/python3.5/site-packages/vistrails/db/versions/v1_0_1/domain/id_scope.py'...
***   File "./lib/python3.5/site-packages/vistrails/db/versions/v1_0_1/domain/id_scope.py", line 42
    def __init__(self, beginId=0L, remap=None):
                                ^
SyntaxError: invalid syntax

Compiling './lib/python3.5/site-packages/vistrails/db/versions/v1_0_1/domain/workflow.py'...
***   File "./lib/python3.5/site-packages/vistrails/db/versions/v1_0_1/domain/workflow.py", line 98
    print '%s: %s' % (k, v)
                 ^
SyntaxError: invalid syntax

Listing './lib/python3.5/site-packages/vistrails/db/versions/v1_0_1/persistence'...
Compiling './lib/python3.5/site-packages/vistrails/db/versions/v1_0_1/persistence/__init__.py'...
***   File "./lib/python3.5/site-packages/vistrails/db/versions/v1_0_1/persistence/__init__.py", line 248
    except SyntaxError, e:
                      ^
SyntaxError: invalid syntax

Listing './lib/python3.5/site-packages/vistrails/db/versions/v1_0_1/persistence/sql'...
Compiling './lib/python3.5/site-packages/vistrails/db/versions/v1_0_1/persistence/sql/sql_dao.py'...
***   File "./lib/python3.5/site-packages/vistrails/db/versions/v1_0_1/persistence/sql/sql_dao.py", line 172
    except Exception, e:
                    ^
SyntaxError: invalid syntax

Listing './lib/python3.5/site-packages/vistrails/db/versions/v1_0_1/persistence/xml'...
Compiling './lib/python3.5/site-packages/vistrails/db/versions/v1_0_1/persistence/xml/auto_gen.py'...
***   File "./lib/python3.5/site-packages/vistrails/db/versions/v1_0_1/persistence/xml/auto_gen.py", line 127
    print '*** ERROR *** tag = %s' % child.tag
                                 ^
SyntaxError: Missing parentheses in call to 'print'

Listing './lib/python3.5/site-packages/vistrails/db/versions/v1_0_1/schemas'...
Listing './lib/python3.5/site-packages/vistrails/db/versions/v1_0_1/schemas/sql'...
Listing './lib/python3.5/site-packages/vistrails/db/versions/v1_0_1/schemas/xml'...
Listing './lib/python3.5/site-packages/vistrails/db/versions/v1_0_1/specs'...
Listing './lib/python3.5/site-packages/vistrails/db/versions/v1_0_1/translate'...
Listing './lib/python3.5/site-packages/vistrails/db/versions/v1_0_2'...
Listing './lib/python3.5/site-packages/vistrails/db/versions/v1_0_2/domain'...
Compiling './lib/python3.5/site-packages/vistrails/db/versions/v1_0_2/domain/id_scope.py'...
***   File "./lib/python3.5/site-packages/vistrails/db/versions/v1_0_2/domain/id_scope.py", line 42
    def __init__(self, beginId=0L, remap=None):
                                ^
SyntaxError: invalid syntax

Compiling './lib/python3.5/site-packages/vistrails/db/versions/v1_0_2/domain/workflow.py'...
***   File "./lib/python3.5/site-packages/vistrails/db/versions/v1_0_2/domain/workflow.py", line 98
    print '%s: %s' % (k, v)
                 ^
SyntaxError: invalid syntax

Listing './lib/python3.5/site-packages/vistrails/db/versions/v1_0_2/persistence'...
Compiling './lib/python3.5/site-packages/vistrails/db/versions/v1_0_2/persistence/__init__.py'...
***   File "./lib/python3.5/site-packages/vistrails/db/versions/v1_0_2/persistence/__init__.py", line 473
    except SyntaxError, e:
                      ^
SyntaxError: invalid syntax

Listing './lib/python3.5/site-packages/vistrails/db/versions/v1_0_2/persistence/sql'...
Compiling './lib/python3.5/site-packages/vistrails/db/versions/v1_0_2/persistence/sql/sql_dao.py'...
***   File "./lib/python3.5/site-packages/vistrails/db/versions/v1_0_2/persistence/sql/sql_dao.py", line 89
    except Exception, e:
                    ^
SyntaxError: invalid syntax

Listing './lib/python3.5/site-packages/vistrails/db/versions/v1_0_2/persistence/xml'...
Compiling './lib/python3.5/site-packages/vistrails/db/versions/v1_0_2/persistence/xml/auto_gen.py'...
***   File "./lib/python3.5/site-packages/vistrails/db/versions/v1_0_2/persistence/xml/auto_gen.py", line 127
    print '*** ERROR *** tag = %s' % child.tag
                                 ^
SyntaxError: Missing parentheses in call to 'print'

Listing './lib/python3.5/site-packages/vistrails/db/versions/v1_0_2/schemas'...
Listing './lib/python3.5/site-packages/vistrails/db/versions/v1_0_2/schemas/sql'...
Listing './lib/python3.5/site-packages/vistrails/db/versions/v1_0_2/schemas/xml'...
Listing './lib/python3.5/site-packages/vistrails/db/versions/v1_0_2/specs'...
Listing './lib/python3.5/site-packages/vistrails/db/versions/v1_0_2/translate'...
Compiling './lib/python3.5/site-packages/vistrails/db/versions/v1_0_2/translate/v1_0_1.py'...
***   File "./lib/python3.5/site-packages/vistrails/db/versions/v1_0_2/translate/v1_0_1.py", line 59
    except Exception, e:
                    ^
SyntaxError: invalid syntax

Listing './lib/python3.5/site-packages/vistrails/db/versions/v1_0_3'...
Listing './lib/python3.5/site-packages/vistrails/db/versions/v1_0_3/domain'...
Compiling './lib/python3.5/site-packages/vistrails/db/versions/v1_0_3/domain/id_scope.py'...
***   File "./lib/python3.5/site-packages/vistrails/db/versions/v1_0_3/domain/id_scope.py", line 42
    def __init__(self, beginId=0L, remap=None):
                                ^
SyntaxError: invalid syntax

Compiling './lib/python3.5/site-packages/vistrails/db/versions/v1_0_3/domain/workflow.py'...
***   File "./lib/python3.5/site-packages/vistrails/db/versions/v1_0_3/domain/workflow.py", line 98
    print '%s: %s' % (k, v)
                 ^
SyntaxError: invalid syntax

Listing './lib/python3.5/site-packages/vistrails/db/versions/v1_0_3/persistence'...
Compiling './lib/python3.5/site-packages/vistrails/db/versions/v1_0_3/persistence/__init__.py'...
***   File "./lib/python3.5/site-packages/vistrails/db/versions/v1_0_3/persistence/__init__.py", line 472
    except SyntaxError, e:
                      ^
SyntaxError: invalid syntax

Listing './lib/python3.5/site-packages/vistrails/db/versions/v1_0_3/persistence/sql'...
Compiling './lib/python3.5/site-packages/vistrails/db/versions/v1_0_3/persistence/sql/sql_dao.py'...
***   File "./lib/python3.5/site-packages/vistrails/db/versions/v1_0_3/persistence/sql/sql_dao.py", line 89
    except Exception, e:
                    ^
SyntaxError: invalid syntax

Listing './lib/python3.5/site-packages/vistrails/db/versions/v1_0_3/persistence/xml'...
Compiling './lib/python3.5/site-packages/vistrails/db/versions/v1_0_3/persistence/xml/auto_gen.py'...
***   File "./lib/python3.5/site-packages/vistrails/db/versions/v1_0_3/persistence/xml/auto_gen.py", line 93
    print '*** ERROR *** tag = %s' % child.tag
                                 ^
SyntaxError: Missing parentheses in call to 'print'

Listing './lib/python3.5/site-packages/vistrails/db/versions/v1_0_3/schemas'...
Listing './lib/python3.5/site-packages/vistrails/db/versions/v1_0_3/schemas/sql'...
Listing './lib/python3.5/site-packages/vistrails/db/versions/v1_0_3/schemas/xml'...
Listing './lib/python3.5/site-packages/vistrails/db/versions/v1_0_3/specs'...
Listing './lib/python3.5/site-packages/vistrails/db/versions/v1_0_3/translate'...
Listing './lib/python3.5/site-packages/vistrails/db/versions/v1_0_4'...
Listing './lib/python3.5/site-packages/vistrails/db/versions/v1_0_4/domain'...
Compiling './lib/python3.5/site-packages/vistrails/db/versions/v1_0_4/domain/id_scope.py'...
***   File "./lib/python3.5/site-packages/vistrails/db/versions/v1_0_4/domain/id_scope.py", line 42
    def __init__(self, beginId=0L, remap=None):
                                ^
SyntaxError: invalid syntax

Compiling './lib/python3.5/site-packages/vistrails/db/versions/v1_0_4/domain/workflow.py'...
***   File "./lib/python3.5/site-packages/vistrails/db/versions/v1_0_4/domain/workflow.py", line 98
    print '%s: %s' % (k, v)
                 ^
SyntaxError: invalid syntax

Listing './lib/python3.5/site-packages/vistrails/db/versions/v1_0_4/persistence'...
Compiling './lib/python3.5/site-packages/vistrails/db/versions/v1_0_4/persistence/__init__.py'...
***   File "./lib/python3.5/site-packages/vistrails/db/versions/v1_0_4/persistence/__init__.py", line 472
    except SyntaxError, e:
                      ^
SyntaxError: invalid syntax

Listing './lib/python3.5/site-packages/vistrails/db/versions/v1_0_4/persistence/sql'...
Compiling './lib/python3.5/site-packages/vistrails/db/versions/v1_0_4/persistence/sql/sql_dao.py'...
***   File "./lib/python3.5/site-packages/vistrails/db/versions/v1_0_4/persistence/sql/sql_dao.py", line 89
    except Exception, e:
                    ^
SyntaxError: invalid syntax

Listing './lib/python3.5/site-packages/vistrails/db/versions/v1_0_4/persistence/xml'...
Compiling './lib/python3.5/site-packages/vistrails/db/versions/v1_0_4/persistence/xml/auto_gen.py'...
***   File "./lib/python3.5/site-packages/vistrails/db/versions/v1_0_4/persistence/xml/auto_gen.py", line 93
    print '*** ERROR *** tag = %s' % child.tag
                                 ^
SyntaxError: Missing parentheses in call to 'print'

Listing './lib/python3.5/site-packages/vistrails/db/versions/v1_0_4/schemas'...
Listing './lib/python3.5/site-packages/vistrails/db/versions/v1_0_4/schemas/sql'...
Listing './lib/python3.5/site-packages/vistrails/db/versions/v1_0_4/schemas/xml'...
Listing './lib/python3.5/site-packages/vistrails/db/versions/v1_0_4/specs'...
Listing './lib/python3.5/site-packages/vistrails/db/versions/v1_0_4/translate'...
Listing './lib/python3.5/site-packages/vistrails/gui'...
Compiling './lib/python3.5/site-packages/vistrails/gui/application.py'...
***   File "./lib/python3.5/site-packages/vistrails/gui/application.py", line 136
    except OSError, e:
                  ^
SyntaxError: invalid syntax

Compiling './lib/python3.5/site-packages/vistrails/gui/application_server.py'...
***   File "./lib/python3.5/site-packages/vistrails/gui/application_server.py", line 143
    except Exception, e:
                    ^
SyntaxError: invalid syntax

Listing './lib/python3.5/site-packages/vistrails/gui/bundles'...
Compiling './lib/python3.5/site-packages/vistrails/gui/bundles/installbundle.py'...
***   File "./lib/python3.5/site-packages/vistrails/gui/bundles/installbundle.py", line 106
    print "about to run: %s" % cmd
                           ^
SyntaxError: Missing parentheses in call to 'print'

Compiling './lib/python3.5/site-packages/vistrails/gui/bundles/linux_debian_install.py'...
***   File "./lib/python3.5/site-packages/vistrails/gui/bundles/linux_debian_install.py", line 114
    print "[Fetched] %s" % item.shortdesc
                       ^
SyntaxError: Missing parentheses in call to 'print'

Listing './lib/python3.5/site-packages/vistrails/gui/collection'...
Listing './lib/python3.5/site-packages/vistrails/gui/extras'...
Listing './lib/python3.5/site-packages/vistrails/gui/extras/core'...
Listing './lib/python3.5/site-packages/vistrails/gui/extras/core/db'...
Compiling './lib/python3.5/site-packages/vistrails/gui/extras/core/db/locator.py'...
***   File "./lib/python3.5/site-packages/vistrails/gui/extras/core/db/locator.py", line 101
    except VistrailsDBException, e:
                               ^
SyntaxError: invalid syntax

Compiling './lib/python3.5/site-packages/vistrails/gui/graphics_view.py'...
***   File "./lib/python3.5/site-packages/vistrails/gui/graphics_view.py", line 218
    except Exception, e:
                    ^
SyntaxError: invalid syntax

Compiling './lib/python3.5/site-packages/vistrails/gui/job_monitor.py'...
***   File "./lib/python3.5/site-packages/vistrails/gui/job_monitor.py", line 302
    except Exception, e:
                    ^
SyntaxError: invalid syntax

Listing './lib/python3.5/site-packages/vistrails/gui/mashups'...
Compiling './lib/python3.5/site-packages/vistrails/gui/mashups/mashup_app.py'...
***   File "./lib/python3.5/site-packages/vistrails/gui/mashups/mashup_app.py", line 247
    except Exception, e:
                    ^
SyntaxError: invalid syntax

Compiling './lib/python3.5/site-packages/vistrails/gui/mashups/mashup_view.py'...
***   File "./lib/python3.5/site-packages/vistrails/gui/mashups/mashup_view.py", line 145
    except Exception, e:
                    ^
SyntaxError: invalid syntax

Compiling './lib/python3.5/site-packages/vistrails/gui/mashups/mashups_manager.py'...
***   File "./lib/python3.5/site-packages/vistrails/gui/mashups/mashups_manager.py", line 77
    raise RuntimeError, 'Only one instance of MashupsManager is allowed'
                      ^
SyntaxError: invalid syntax

Compiling './lib/python3.5/site-packages/vistrails/gui/module_palette.py'...
***   File "./lib/python3.5/site-packages/vistrails/gui/module_palette.py", line 125
    if len(items) <> 1:
                   ^
SyntaxError: invalid syntax

Listing './lib/python3.5/site-packages/vistrails/gui/modules'...
Compiling './lib/python3.5/site-packages/vistrails/gui/modules/constant_configuration.py'...
***   File "./lib/python3.5/site-packages/vistrails/gui/modules/constant_configuration.py", line 206
    except Exception, e:
                    ^
SyntaxError: invalid syntax

Compiling './lib/python3.5/site-packages/vistrails/gui/modules/paramexplore.py'...
***   File "./lib/python3.5/site-packages/vistrails/gui/modules/paramexplore.py", line 675
    except Exception, e:
                    ^
SyntaxError: invalid syntax

Compiling './lib/python3.5/site-packages/vistrails/gui/modules/source_configure.py'...
***   File "./lib/python3.5/site-packages/vistrails/gui/modules/source_configure.py", line 397
    except PortAlreadyExists, e:
                            ^
SyntaxError: invalid syntax

Compiling './lib/python3.5/site-packages/vistrails/gui/modules/tuple_configuration.py'...
***   File "./lib/python3.5/site-packages/vistrails/gui/modules/tuple_configuration.py", line 460
    except PortAlreadyExists, e:
                            ^
SyntaxError: invalid syntax

Compiling './lib/python3.5/site-packages/vistrails/gui/open_db_window.py'...
***   File "./lib/python3.5/site-packages/vistrails/gui/open_db_window.py", line 209
    except VistrailsDBException, e:
                               ^
SyntaxError: invalid syntax

Listing './lib/python3.5/site-packages/vistrails/gui/paramexplore'...
Compiling './lib/python3.5/site-packages/vistrails/gui/paramexplore/pe_table.py'...
***   File "./lib/python3.5/site-packages/vistrails/gui/paramexplore/pe_table.py", line 308
    except Exception, e:
                    ^
SyntaxError: invalid syntax

Compiling './lib/python3.5/site-packages/vistrails/gui/pipeline_view.py'...
***   File "./lib/python3.5/site-packages/vistrails/gui/pipeline_view.py", line 199
    if self.ghosted <> ghosted:
                     ^
SyntaxError: invalid syntax

Compiling './lib/python3.5/site-packages/vistrails/gui/preferences.py'...
***   File "./lib/python3.5/site-packages/vistrails/gui/preferences.py", line 299
    except Exception, e:
                    ^
SyntaxError: invalid syntax

Compiling './lib/python3.5/site-packages/vistrails/gui/qt.py'...
***   File "./lib/python3.5/site-packages/vistrails/gui/qt.py", line 66
    except AttributeError, e:
                         ^
SyntaxError: invalid syntax

Compiling './lib/python3.5/site-packages/vistrails/gui/repository.py'...
***   File "./lib/python3.5/site-packages/vistrails/gui/repository.py", line 226
    except urllib2.HTTPError, e:
                            ^
SyntaxError: invalid syntax

Listing './lib/python3.5/site-packages/vistrails/gui/resources'...
Listing './lib/python3.5/site-packages/vistrails/gui/resources/images'...
Listing './lib/python3.5/site-packages/vistrails/gui/resources/images/mac'...
Compiling './lib/python3.5/site-packages/vistrails/gui/version_prop.py'...
***   File "./lib/python3.5/site-packages/vistrails/gui/version_prop.py", line 233
    except ValueError, e:
                     ^
SyntaxError: invalid syntax

Compiling './lib/python3.5/site-packages/vistrails/gui/version_view.py'...
***   File "./lib/python3.5/site-packages/vistrails/gui/version_view.py", line 118
    if self.ghosted <> ghosted:
                     ^
SyntaxError: invalid syntax

Compiling './lib/python3.5/site-packages/vistrails/gui/vistrail_controller.py'...
***   File "./lib/python3.5/site-packages/vistrails/gui/vistrail_controller.py", line 443
    except Exception, e:
                    ^
SyntaxError: invalid syntax

Compiling './lib/python3.5/site-packages/vistrails/gui/vistrail_view.py'...
***   File "./lib/python3.5/site-packages/vistrails/gui/vistrail_view.py", line 238
    except Exception, e:
                    ^
SyntaxError: invalid syntax

Compiling './lib/python3.5/site-packages/vistrails/gui/vistrails_window.py'...
***   File "./lib/python3.5/site-packages/vistrails/gui/vistrails_window.py", line 1672
    except Exception, e:
                    ^
SyntaxError: invalid syntax

Listing './lib/python3.5/site-packages/vistrails/packages'...
Listing './lib/python3.5/site-packages/vistrails/packages/CLTools'...
Listing './lib/python3.5/site-packages/vistrails/packages/CLTools/icons'...
Compiling './lib/python3.5/site-packages/vistrails/packages/CLTools/init.py'...
***   File "./lib/python3.5/site-packages/vistrails/packages/CLTools/init.py", line 82
    except (OSError, IOError), e: # pragma: no cover
                             ^
SyntaxError: invalid syntax

Listing './lib/python3.5/site-packages/vistrails/packages/CLTools/test_files'...
Compiling './lib/python3.5/site-packages/vistrails/packages/CLTools/wizard.py'...
***   File "./lib/python3.5/site-packages/vistrails/packages/CLTools/wizard.py", line 113
    print "calling with kwargs", target, kwargs
                              ^
SyntaxError: Missing parentheses in call to 'print'

Listing './lib/python3.5/site-packages/vistrails/packages/ImageMagick'...
Listing './lib/python3.5/site-packages/vistrails/packages/RemoteQ'...
Listing './lib/python3.5/site-packages/vistrails/packages/SUDSWebServices'...
Compiling './lib/python3.5/site-packages/vistrails/packages/SUDSWebServices/init.py'...
***   File "./lib/python3.5/site-packages/vistrails/packages/SUDSWebServices/init.py", line 142
    except OSError, e:
                  ^
SyntaxError: invalid syntax

Listing './lib/python3.5/site-packages/vistrails/packages/URL'...
Compiling './lib/python3.5/site-packages/vistrails/packages/URL/init.py'...
***   File "./lib/python3.5/site-packages/vistrails/packages/URL/init.py", line 123
    except urllib2.URLError, e:
                           ^
SyntaxError: invalid syntax

Listing './lib/python3.5/site-packages/vistrails/packages/analytics'...
Listing './lib/python3.5/site-packages/vistrails/packages/controlflow'...
Compiling './lib/python3.5/site-packages/vistrails/packages/controlflow/fold.py'...
***   File "./lib/python3.5/site-packages/vistrails/packages/controlflow/fold.py", line 106
    except ModuleWasSuspended, e:
                             ^
SyntaxError: invalid syntax

Compiling './lib/python3.5/site-packages/vistrails/packages/controlflow/looping.py'...
***   File "./lib/python3.5/site-packages/vistrails/packages/controlflow/looping.py", line 74
    except ModuleWasSuspended, e:
                             ^
SyntaxError: invalid syntax

Listing './lib/python3.5/site-packages/vistrails/packages/dialogs'...
Listing './lib/python3.5/site-packages/vistrails/packages/gmaps'...
Compiling './lib/python3.5/site-packages/vistrails/packages/gmaps/gmap_cell.py'...
***   File "./lib/python3.5/site-packages/vistrails/packages/gmaps/gmap_cell.py", line 137
    print "GMAP FILENAME:", fname
                         ^
SyntaxError: Missing parentheses in call to 'print'

Compiling './lib/python3.5/site-packages/vistrails/packages/gmaps/vis.py'...
***   File "./lib/python3.5/site-packages/vistrails/packages/gmaps/vis.py", line 70
    print "title_col_idx:", title_col_idx
                         ^
SyntaxError: Missing parentheses in call to 'print'

Listing './lib/python3.5/site-packages/vistrails/packages/matplotlib'...
Compiling './lib/python3.5/site-packages/vistrails/packages/matplotlib/diff.py'...
***   File "./lib/python3.5/site-packages/vistrails/packages/matplotlib/diff.py", line 59
    print "- %s.%s.%s" % (code_ref, qualifier, arg)
                     ^
SyntaxError: invalid syntax

Compiling './lib/python3.5/site-packages/vistrails/packages/matplotlib/figure_cell.py'...
***   File "./lib/python3.5/site-packages/vistrails/packages/matplotlib/figure_cell.py", line 129
    print "KEY PRESS:",  event.key()
                     ^
SyntaxError: invalid syntax

Compiling './lib/python3.5/site-packages/vistrails/packages/matplotlib/parse.py'...
***   File "./lib/python3.5/site-packages/vistrails/packages/matplotlib/parse.py", line 105
    print "== TABLE =="
                      ^
SyntaxError: Missing parentheses in call to 'print'

Compiling './lib/python3.5/site-packages/vistrails/packages/matplotlib/specs.py'...
***   File "./lib/python3.5/site-packages/vistrails/packages/matplotlib/specs.py", line 289
    print "()() docstring attr_vals:", attr_vals
                                    ^
SyntaxError: invalid syntax

Listing './lib/python3.5/site-packages/vistrails/packages/mongodb'...
Listing './lib/python3.5/site-packages/vistrails/packages/parallelflow'...
Compiling './lib/python3.5/site-packages/vistrails/packages/parallelflow/engine_manager.py'...
***   File "./lib/python3.5/site-packages/vistrails/packages/parallelflow/engine_manager.py", line 144
    print "parallelflow: using IPython profile %r" % self.profile
                                                 ^
SyntaxError: Missing parentheses in call to 'print'

Compiling './lib/python3.5/site-packages/vistrails/packages/parallelflow/map.py'...
***   File "./lib/python3.5/site-packages/vistrails/packages/parallelflow/map.py", line 116
    vistrail.add_action(action, 0L)
                                 ^
SyntaxError: invalid syntax

Listing './lib/python3.5/site-packages/vistrails/packages/persistence'...
Compiling './lib/python3.5/site-packages/vistrails/packages/persistence/compute_hash.py'...
***   File "./lib/python3.5/site-packages/vistrails/packages/persistence/compute_hash.py", line 85
    print compute_hash(sys.argv[1])
                     ^
SyntaxError: invalid syntax

Compiling './lib/python3.5/site-packages/vistrails/packages/persistence/find_files.py'...
***   File "./lib/python3.5/site-packages/vistrails/packages/persistence/find_files.py", line 111
    print str(version) + ' (' + tags[version] + '):'
            ^
SyntaxError: invalid syntax

Compiling './lib/python3.5/site-packages/vistrails/packages/persistence/find_workflows.py'...
***   File "./lib/python3.5/site-packages/vistrails/packages/persistence/find_workflows.py", line 126
    print fname + ':'
              ^
SyntaxError: Missing parentheses in call to 'print'

Compiling './lib/python3.5/site-packages/vistrails/packages/persistence/init.py'...
***   File "./lib/python3.5/site-packages/vistrails/packages/persistence/init.py", line 86
    print arg,
            ^
SyntaxError: Missing parentheses in call to 'print'

Compiling './lib/python3.5/site-packages/vistrails/packages/persistence/repo.py'...
***   File "./lib/python3.5/site-packages/vistrails/packages/persistence/repo.py", line 249
    print "README.md:", r.get_type("README.md")
                     ^
SyntaxError: invalid syntax

Compiling './lib/python3.5/site-packages/vistrails/packages/persistence/widgets.py'...
***   File "./lib/python3.5/site-packages/vistrails/packages/persistence/widgets.py", line 292
    print 'my_model:', id(self.my_model)
                    ^
SyntaxError: invalid syntax

Listing './lib/python3.5/site-packages/vistrails/packages/persistent_archive'...
Compiling './lib/python3.5/site-packages/vistrails/packages/persistent_archive/common.py'...
***   File "./lib/python3.5/site-packages/vistrails/packages/persistent_archive/common.py", line 135
    except ValueError, e:
                     ^
SyntaxError: invalid syntax

Listing './lib/python3.5/site-packages/vistrails/packages/pipelineEdit'...
Listing './lib/python3.5/site-packages/vistrails/packages/pythonCalc'...
Listing './lib/python3.5/site-packages/vistrails/packages/pythonCalcQt'...
Listing './lib/python3.5/site-packages/vistrails/packages/qgis'...
Compiling './lib/python3.5/site-packages/vistrails/packages/qgis/init.py'...
***   File "./lib/python3.5/site-packages/vistrails/packages/qgis/init.py", line 132
    print 'adding layer', layer.qgis_obj
                       ^
SyntaxError: Missing parentheses in call to 'print'

Listing './lib/python3.5/site-packages/vistrails/packages/reprounzip'...
Listing './lib/python3.5/site-packages/vistrails/packages/rpy'...
Listing './lib/python3.5/site-packages/vistrails/packages/sklearn'...
Listing './lib/python3.5/site-packages/vistrails/packages/spreadsheet'...
Compiling './lib/python3.5/site-packages/vistrails/packages/spreadsheet/init.py'...
***   File "./lib/python3.5/site-packages/vistrails/packages/spreadsheet/init.py", line 93
    except Exception, e:
                    ^
SyntaxError: invalid syntax

Compiling './lib/python3.5/site-packages/vistrails/packages/spreadsheet/spreadsheet_window.py'...
***   File "./lib/python3.5/site-packages/vistrails/packages/spreadsheet/spreadsheet_window.py", line 506
    version = 0L
               ^
SyntaxError: invalid syntax

Listing './lib/python3.5/site-packages/vistrails/packages/spreadsheet/widgets'...
Listing './lib/python3.5/site-packages/vistrails/packages/spreadsheet/widgets/iebrowser'...
Listing './lib/python3.5/site-packages/vistrails/packages/spreadsheet/widgets/imageviewer'...
Listing './lib/python3.5/site-packages/vistrails/packages/spreadsheet/widgets/richtext'...
Listing './lib/python3.5/site-packages/vistrails/packages/spreadsheet/widgets/svg'...
Listing './lib/python3.5/site-packages/vistrails/packages/spreadsheet/widgets/webview'...
Listing './lib/python3.5/site-packages/vistrails/packages/sql'...
Compiling './lib/python3.5/site-packages/vistrails/packages/sql/init.py'...
***   File "./lib/python3.5/site-packages/vistrails/packages/sql/init.py", line 84
    except ImportError, e:
                      ^
SyntaxError: invalid syntax

Listing './lib/python3.5/site-packages/vistrails/packages/tabledata'...
Compiling './lib/python3.5/site-packages/vistrails/packages/tabledata/common.py'...
***   File "./lib/python3.5/site-packages/vistrails/packages/tabledata/common.py", line 262
    except ValueError, e:
                     ^
SyntaxError: invalid syntax

Listing './lib/python3.5/site-packages/vistrails/packages/tabledata/convert'...
Compiling './lib/python3.5/site-packages/vistrails/packages/tabledata/convert/convert_dates.py'...
***   File "./lib/python3.5/site-packages/vistrails/packages/tabledata/convert/convert_dates.py", line 274
    except ValueError, e:
                     ^
SyntaxError: invalid syntax

Compiling './lib/python3.5/site-packages/vistrails/packages/tabledata/operations.py'...
***   File "./lib/python3.5/site-packages/vistrails/packages/tabledata/operations.py", line 183
    except ValueError, e:
                     ^
SyntaxError: invalid syntax

Listing './lib/python3.5/site-packages/vistrails/packages/tabledata/read'...
Compiling './lib/python3.5/site-packages/vistrails/packages/tabledata/read/convert.py'...
***   File "./lib/python3.5/site-packages/vistrails/packages/tabledata/read/convert.py", line 53
    except InternalModuleError, e:
                              ^
SyntaxError: invalid syntax

Compiling './lib/python3.5/site-packages/vistrails/packages/tabledata/read/read_csv.py'...
***   File "./lib/python3.5/site-packages/vistrails/packages/tabledata/read/read_csv.py", line 210
    except InternalModuleError, e:
                              ^
SyntaxError: invalid syntax

Listing './lib/python3.5/site-packages/vistrails/packages/tabledata/test_files'...
Listing './lib/python3.5/site-packages/vistrails/packages/tabledata/write'...
Listing './lib/python3.5/site-packages/vistrails/packages/tej'...
Listing './lib/python3.5/site-packages/vistrails/packages/tensorflow'...
Listing './lib/python3.5/site-packages/vistrails/packages/vtk'...
Compiling './lib/python3.5/site-packages/vistrails/packages/vtk/pythonclass.py'...
***   File "./lib/python3.5/site-packages/vistrails/packages/vtk/pythonclass.py", line 84
    except Exception, e:
                    ^
SyntaxError: invalid syntax

Listing './lib/python3.5/site-packages/vistrails/packages/vtk/vtk_wrapper'...
Compiling './lib/python3.5/site-packages/vistrails/packages/vtk/vtk_wrapper/class_tree.py'...
***   File "./lib/python3.5/site-packages/vistrails/packages/vtk/vtk_wrapper/class_tree.py", line 205
    raise KeyError, "Cannot find class of name %s"%name
                  ^
SyntaxError: invalid syntax

Compiling './lib/python3.5/site-packages/vistrails/packages/vtk/vtk_wrapper/parse.py'...
***   File "./lib/python3.5/site-packages/vistrails/packages/vtk/vtk_wrapper/parse.py", line 177
    print "ERROR decoding docstring", node.name
                                   ^
SyntaxError: Missing parentheses in call to 'print'

Compiling './lib/python3.5/site-packages/vistrails/packages/vtk/vtk_wrapper/vtk_classes.py'...
***   File "./lib/python3.5/site-packages/vistrails/packages/vtk/vtk_wrapper/vtk_classes.py", line 85
    except Exception, e:
                    ^
SyntaxError: invalid syntax

Compiling './lib/python3.5/site-packages/vistrails/packages/vtk/vtk_wrapper/vtk_parser.py'...
***   File "./lib/python3.5/site-packages/vistrails/packages/vtk/vtk_wrapper/vtk_parser.py", line 193
    if klass.__name__ <> 'vtkObject':
                       ^
SyntaxError: invalid syntax

Listing './lib/python3.5/site-packages/vistrails/packages/vtlcreator'...
Compiling './lib/python3.5/site-packages/vistrails/packages/vtlcreator/init.py'...
***   File "./lib/python3.5/site-packages/vistrails/packages/vtlcreator/init.py", line 127
    vistrail.add_action(action, 0L)
                                 ^
SyntaxError: invalid syntax

Listing './lib/python3.5/site-packages/vistrails/packages/webServices'...
Compiling './lib/python3.5/site-packages/vistrails/packages/webServices/init.py'...
***   File "./lib/python3.5/site-packages/vistrails/packages/webServices/init.py", line 189
    print "sys.exc_value: ", sys.exc_value
                          ^
SyntaxError: Missing parentheses in call to 'print'

Compiling './lib/python3.5/site-packages/vistrails/run.py'...
***   File "./lib/python3.5/site-packages/vistrails/run.py", line 146
    except SystemExit, e:
                     ^
SyntaxError: invalid syntax

Compiling './lib/python3.5/site-packages/vistrails/stop_vistrails_server.py'...
***   File "./lib/python3.5/site-packages/vistrails/stop_vistrails_server.py", line 48
    except Exception, e:
                    ^
SyntaxError: invalid syntax

Listing './lib/python3.5/site-packages/vistrails/tests'...
Listing './lib/python3.5/site-packages/vistrails/tests/resources'...
Listing './lib/python3.5/site-packages/vistrails/tests/resources/import_pkg'...
Listing './lib/python3.5/site-packages/vistrails/tests/resources/import_pkg/test_import_pkg'...
Listing './lib/python3.5/site-packages/vistrails/tests/resources/import_targets'...
Listing './lib/python3.5/site-packages/vistrails/tests/resources/looping_upgrades'...
Listing './lib/python3.5/site-packages/vistrails/tests/resources/looping_upgrades/pkg_a'...
Listing './lib/python3.5/site-packages/vistrails/tests/resources/looping_upgrades/pkg_b'...
Listing './lib/python3.5/site-packages/vistrails/tests/resources/looping_upgrades/pkg_c'...
Listing './lib/python3.5/site-packages/vistrails/tests/resources/looping_upgrades/pkg_x'...
Listing './lib/python3.5/site-packages/vistrails/tests/resources/looping_upgrades/pkg_y'...
Compiling './lib/python3.5/site-packages/vistrails/tests/resources/myjob.py'...
***   File "./lib/python3.5/site-packages/vistrails/tests/resources/myjob.py", line 59
    print time.time(), self.start_time, self.how_long
             ^
SyntaxError: invalid syntax

Listing './lib/python3.5/site-packages/vistrails/tests/resources/test_upgrades_layout'...
Listing './lib/python3.5/site-packages/vistrails/tests/resources/upgrades'...
Listing './lib/python3.5/site-packages/vistrails/tests/resources/vtkfiles'...
Compiling './lib/python3.5/site-packages/vistrails/tests/runtestsuite.py'...
***   File "./lib/python3.5/site-packages/vistrails/tests/runtestsuite.py", line 171
    print "Could not set PyQt API, is PyQt4 installed?"
                                                      ^
SyntaxError: Missing parentheses in call to 'print'

Compiling './lib/python3.5/site-packages/vistrails/vistrails_server.py'...
***   File "./lib/python3.5/site-packages/vistrails/vistrails_server.py", line 82
    except SystemExit, e:
                     ^
SyntaxError: invalid syntax

Listing './lib/python3.5/site-packages/vistrails-2.2.4.egg-info'...
Listing './lib/python3.5/site-packages/xlrd'...
Listing './lib/python3.5/site-packages/xlrd/examples'...
Listing './lib/python3.5/site-packages/xlrd-1.1.0.dist-info'...
Listing './lib/python3.5/site-packages/xlwt'...
Listing './lib/python3.5/site-packages/xlwt-1.3.0.dist-info'...
Listing './share'...
Listing './share/python-wheels'...
