Listing '.'...
Listing './bin'...
Listing './include'...
Listing './include/site'...
Listing './include/site/python3.5'...
Listing './include/site/python3.5/persistent'...
Listing './include/site/python3.5/zope.proxy'...
Listing './lib'...
Listing './lib/python3.5'...
Listing './lib/python3.5/site-packages'...
Listing './lib/python3.5/site-packages/BTrees'...
Listing './lib/python3.5/site-packages/BTrees/tests'...
Listing './lib/python3.5/site-packages/BTrees-4.4.1.dist-info'...
Listing './lib/python3.5/site-packages/lxml'...
Listing './lib/python3.5/site-packages/lxml/html'...
Listing './lib/python3.5/site-packages/lxml/includes'...
Listing './lib/python3.5/site-packages/lxml/includes/libexslt'...
Listing './lib/python3.5/site-packages/lxml/includes/libxml'...
Listing './lib/python3.5/site-packages/lxml/includes/libxslt'...
Listing './lib/python3.5/site-packages/lxml/isoschematron'...
Listing './lib/python3.5/site-packages/lxml/isoschematron/resources'...
Listing './lib/python3.5/site-packages/lxml/isoschematron/resources/rng'...
Listing './lib/python3.5/site-packages/lxml/isoschematron/resources/xsl'...
Listing './lib/python3.5/site-packages/lxml/isoschematron/resources/xsl/iso-schematron-xslt1'...
Listing './lib/python3.5/site-packages/lxml-4.1.1.dist-info'...
Listing './lib/python3.5/site-packages/persistent'...
Listing './lib/python3.5/site-packages/persistent/tests'...
Listing './lib/python3.5/site-packages/persistent-4.2.4.2.dist-info'...
Listing './lib/python3.5/site-packages/pip'...
Listing './lib/python3.5/site-packages/pip/_vendor'...
Listing './lib/python3.5/site-packages/pip/commands'...
Listing './lib/python3.5/site-packages/pip/compat'...
Listing './lib/python3.5/site-packages/pip/models'...
Listing './lib/python3.5/site-packages/pip/operations'...
Listing './lib/python3.5/site-packages/pip/req'...
Listing './lib/python3.5/site-packages/pip/utils'...
Listing './lib/python3.5/site-packages/pip/vcs'...
Listing './lib/python3.5/site-packages/pip-9.0.1.dist-info'...
Listing './lib/python3.5/site-packages/pkg_resources'...
Listing './lib/python3.5/site-packages/pkg_resources/_vendor'...
Listing './lib/python3.5/site-packages/pkg_resources/_vendor/packaging'...
Listing './lib/python3.5/site-packages/pkg_resources/extern'...
Listing './lib/python3.5/site-packages/pkg_resources-0.0.0.dist-info'...
Listing './lib/python3.5/site-packages/python_gettext-3.0.egg-info'...
Listing './lib/python3.5/site-packages/pythongettext'...
Listing './lib/python3.5/site-packages/pythongettext/tests'...
Listing './lib/python3.5/site-packages/pytz'...
Listing './lib/python3.5/site-packages/pytz/zoneinfo'...
Listing './lib/python3.5/site-packages/pytz/zoneinfo/Africa'...
Listing './lib/python3.5/site-packages/pytz/zoneinfo/America'...
Listing './lib/python3.5/site-packages/pytz/zoneinfo/America/Argentina'...
Listing './lib/python3.5/site-packages/pytz/zoneinfo/America/Indiana'...
Listing './lib/python3.5/site-packages/pytz/zoneinfo/America/Kentucky'...
Listing './lib/python3.5/site-packages/pytz/zoneinfo/America/North_Dakota'...
Listing './lib/python3.5/site-packages/pytz/zoneinfo/Antarctica'...
Listing './lib/python3.5/site-packages/pytz/zoneinfo/Arctic'...
Listing './lib/python3.5/site-packages/pytz/zoneinfo/Asia'...
Listing './lib/python3.5/site-packages/pytz/zoneinfo/Atlantic'...
Listing './lib/python3.5/site-packages/pytz/zoneinfo/Australia'...
Listing './lib/python3.5/site-packages/pytz/zoneinfo/Brazil'...
Listing './lib/python3.5/site-packages/pytz/zoneinfo/Canada'...
Listing './lib/python3.5/site-packages/pytz/zoneinfo/Chile'...
Listing './lib/python3.5/site-packages/pytz/zoneinfo/Etc'...
Listing './lib/python3.5/site-packages/pytz/zoneinfo/Europe'...
Listing './lib/python3.5/site-packages/pytz/zoneinfo/Indian'...
Listing './lib/python3.5/site-packages/pytz/zoneinfo/Mexico'...
Listing './lib/python3.5/site-packages/pytz/zoneinfo/Pacific'...
Listing './lib/python3.5/site-packages/pytz/zoneinfo/US'...
Listing './lib/python3.5/site-packages/pytz-2017.3.dist-info'...
Listing './lib/python3.5/site-packages/setuptools'...
Listing './lib/python3.5/site-packages/setuptools/command'...
Listing './lib/python3.5/site-packages/setuptools/extern'...
Listing './lib/python3.5/site-packages/setuptools-32.3.1.dist-info'...
Listing './lib/python3.5/site-packages/six-1.11.0.dist-info'...
Listing './lib/python3.5/site-packages/transaction'...
Listing './lib/python3.5/site-packages/transaction/tests'...
Listing './lib/python3.5/site-packages/transaction-2.1.2.dist-info'...
Listing './lib/python3.5/site-packages/z3c'...
Listing './lib/python3.5/site-packages/z3c/rest'...
Compiling './lib/python3.5/site-packages/z3c/rest/client.py'...
***   File "./lib/python3.5/site-packages/z3c/rest/client.py", line 139
    except socket.error, e:
                       ^
SyntaxError: invalid syntax

Compiling './lib/python3.5/site-packages/z3c/rest/testing.py'...
***   File "./lib/python3.5/site-packages/z3c/rest/testing.py", line 68
    print "Using SSL"
                    ^
SyntaxError: Missing parentheses in call to 'print'

Listing './lib/python3.5/site-packages/z3c/rest/tests'...
Listing './lib/python3.5/site-packages/z3c/traverser'...
Listing './lib/python3.5/site-packages/z3c/traverser/stackinfo'...
Listing './lib/python3.5/site-packages/z3c/traverser/stackinfo/testing'...
Listing './lib/python3.5/site-packages/z3c/traverser/viewlet'...
Listing './lib/python3.5/site-packages/z3c/traverser/viewlet/testing'...
Listing './lib/python3.5/site-packages/z3c.rest-0.4.0.egg-info'...
Listing './lib/python3.5/site-packages/z3c.traverser-1.0.0.egg-info'...
Listing './lib/python3.5/site-packages/zope'...
Listing './lib/python3.5/site-packages/zope/app'...
Listing './lib/python3.5/site-packages/zope/app/http'...
Listing './lib/python3.5/site-packages/zope/app/http/exception'...
Listing './lib/python3.5/site-packages/zope/app/http/exception/tests'...
Listing './lib/python3.5/site-packages/zope/app/http/tests'...
Listing './lib/python3.5/site-packages/zope/browser'...
Listing './lib/python3.5/site-packages/zope/browserpage'...
Listing './lib/python3.5/site-packages/zope/browserpage/tests'...
Listing './lib/python3.5/site-packages/zope/browserpage/tests/testfiles'...
Listing './lib/python3.5/site-packages/zope/component'...
Listing './lib/python3.5/site-packages/zope/component/testfiles'...
Listing './lib/python3.5/site-packages/zope/component/tests'...
Listing './lib/python3.5/site-packages/zope/configuration'...
Listing './lib/python3.5/site-packages/zope/configuration/tests'...
Listing './lib/python3.5/site-packages/zope/configuration/tests/excludedemo'...
Listing './lib/python3.5/site-packages/zope/configuration/tests/excludedemo/sub'...
Listing './lib/python3.5/site-packages/zope/configuration/tests/samplepackage'...
Listing './lib/python3.5/site-packages/zope/container'...
Listing './lib/python3.5/site-packages/zope/container/tests'...
Listing './lib/python3.5/site-packages/zope/contentprovider'...
Listing './lib/python3.5/site-packages/zope/contenttype'...
Listing './lib/python3.5/site-packages/zope/contenttype/tests'...
Listing './lib/python3.5/site-packages/zope/deprecation'...
Listing './lib/python3.5/site-packages/zope/dottedname'...
Listing './lib/python3.5/site-packages/zope/event'...
Listing './lib/python3.5/site-packages/zope/exceptions'...
Listing './lib/python3.5/site-packages/zope/exceptions/tests'...
Listing './lib/python3.5/site-packages/zope/filerepresentation'...
Listing './lib/python3.5/site-packages/zope/i18n'...
Listing './lib/python3.5/site-packages/zope/i18n/interfaces'...
Listing './lib/python3.5/site-packages/zope/i18n/locales'...
Listing './lib/python3.5/site-packages/zope/i18n/locales/data'...
Listing './lib/python3.5/site-packages/zope/i18n/locales/tests'...
Listing './lib/python3.5/site-packages/zope/i18n/tests'...
Listing './lib/python3.5/site-packages/zope/i18n/tests/locale'...
Listing './lib/python3.5/site-packages/zope/i18n/tests/locale/de'...
Listing './lib/python3.5/site-packages/zope/i18n/tests/locale/de/LC_MESSAGES'...
Listing './lib/python3.5/site-packages/zope/i18n/tests/locale/en'...
Listing './lib/python3.5/site-packages/zope/i18n/tests/locale/en/LC_MESSAGES'...
Listing './lib/python3.5/site-packages/zope/i18n/tests/locale2'...
Listing './lib/python3.5/site-packages/zope/i18n/tests/locale2/en'...
Listing './lib/python3.5/site-packages/zope/i18n/tests/locale2/en/LC_MESSAGES'...
Listing './lib/python3.5/site-packages/zope/i18n/tests/locale3'...
Listing './lib/python3.5/site-packages/zope/i18n/tests/locale3/en'...
Listing './lib/python3.5/site-packages/zope/i18n/tests/locale3/en/LC_MESSAGES'...
Listing './lib/python3.5/site-packages/zope/i18nmessageid'...
Listing './lib/python3.5/site-packages/zope/interface'...
Listing './lib/python3.5/site-packages/zope/interface/common'...
Listing './lib/python3.5/site-packages/zope/interface/common/tests'...
Listing './lib/python3.5/site-packages/zope/interface/tests'...
Listing './lib/python3.5/site-packages/zope/lifecycleevent'...
Listing './lib/python3.5/site-packages/zope/location'...
Listing './lib/python3.5/site-packages/zope/location/tests'...
Listing './lib/python3.5/site-packages/zope/pagetemplate'...
Listing './lib/python3.5/site-packages/zope/pagetemplate/tests'...
Listing './lib/python3.5/site-packages/zope/pagetemplate/tests/input'...
Listing './lib/python3.5/site-packages/zope/pagetemplate/tests/output'...
Listing './lib/python3.5/site-packages/zope/proxy'...
Listing './lib/python3.5/site-packages/zope/proxy/tests'...
Listing './lib/python3.5/site-packages/zope/publisher'...
Listing './lib/python3.5/site-packages/zope/publisher/interfaces'...
Listing './lib/python3.5/site-packages/zope/publisher/tests'...
Listing './lib/python3.5/site-packages/zope/schema'...
Listing './lib/python3.5/site-packages/zope/schema/tests'...
Listing './lib/python3.5/site-packages/zope/security'...
Listing './lib/python3.5/site-packages/zope/security/examples'...
Listing './lib/python3.5/site-packages/zope/security/tests'...
Listing './lib/python3.5/site-packages/zope/size'...
Listing './lib/python3.5/site-packages/zope/tal'...
Listing './lib/python3.5/site-packages/zope/tal/benchmark'...
Listing './lib/python3.5/site-packages/zope/tal/tests'...
Listing './lib/python3.5/site-packages/zope/tal/tests/input'...
Listing './lib/python3.5/site-packages/zope/tal/tests/output'...
Listing './lib/python3.5/site-packages/zope/tales'...
Listing './lib/python3.5/site-packages/zope/tales/tests'...
Listing './lib/python3.5/site-packages/zope/testrunner'...
Listing './lib/python3.5/site-packages/zope/testrunner/tests'...
Listing './lib/python3.5/site-packages/zope/testrunner/tests/testrunner-ex'...
Listing './lib/python3.5/site-packages/zope/testrunner/tests/testrunner-ex/sample1'...
Listing './lib/python3.5/site-packages/zope/testrunner/tests/testrunner-ex/sample1/sample11'...
Listing './lib/python3.5/site-packages/zope/testrunner/tests/testrunner-ex/sample1/sample12'...
Listing './lib/python3.5/site-packages/zope/testrunner/tests/testrunner-ex/sample1/sample13'...
Listing './lib/python3.5/site-packages/zope/testrunner/tests/testrunner-ex/sample1/sampletests'...
Listing './lib/python3.5/site-packages/zope/testrunner/tests/testrunner-ex/sample2'...
Listing './lib/python3.5/site-packages/zope/testrunner/tests/testrunner-ex/sample2/do-not-enter'...
Listing './lib/python3.5/site-packages/zope/testrunner/tests/testrunner-ex/sample2/donotenter'...
Listing './lib/python3.5/site-packages/zope/testrunner/tests/testrunner-ex/sample2/sample21'...
Listing './lib/python3.5/site-packages/zope/testrunner/tests/testrunner-ex/sample2/sample22'...
Listing './lib/python3.5/site-packages/zope/testrunner/tests/testrunner-ex/sample2/sample23'...
Listing './lib/python3.5/site-packages/zope/testrunner/tests/testrunner-ex/sample2/sampletests'...
Listing './lib/python3.5/site-packages/zope/testrunner/tests/testrunner-ex/sample3'...
Listing './lib/python3.5/site-packages/zope/testrunner/tests/testrunner-ex/sample3/sample31'...
Listing './lib/python3.5/site-packages/zope/testrunner/tests/testrunner-ex/sample3/sample32'...
Listing './lib/python3.5/site-packages/zope/testrunner/tests/testrunner-ex/sample3/sample33'...
Listing './lib/python3.5/site-packages/zope/testrunner/tests/testrunner-ex/sampletests'...
Listing './lib/python3.5/site-packages/zope/testrunner/tests/testrunner-ex/usecompiled'...
Listing './lib/python3.5/site-packages/zope/testrunner/tests/testrunner-ex/usecompiled/package'...
Listing './lib/python3.5/site-packages/zope/testrunner/tests/testrunner-ex-251759'...
Listing './lib/python3.5/site-packages/zope/testrunner/tests/testrunner-ex-251759/eggs'...
Listing './lib/python3.5/site-packages/zope/testrunner/tests/testrunner-ex-251759/eggs/foo.bar-1.2-py2.5.egg'...
Listing './lib/python3.5/site-packages/zope/testrunner/tests/testrunner-ex-251759/eggs/foo.bar-1.2-py2.5.egg/foo'...
Listing './lib/python3.5/site-packages/zope/testrunner/tests/testrunner-ex-37'...
Listing './lib/python3.5/site-packages/zope/testrunner/tests/testrunner-ex-6'...
Listing './lib/python3.5/site-packages/zope/testrunner/tests/testrunner-ex-719369'...
Listing './lib/python3.5/site-packages/zope/testrunner/tests/testrunner-ex-pp-lib'...
Listing './lib/python3.5/site-packages/zope/testrunner/tests/testrunner-ex-pp-lib/sample4'...
Listing './lib/python3.5/site-packages/zope/testrunner/tests/testrunner-ex-pp-lib/sample4/products'...
Listing './lib/python3.5/site-packages/zope/testrunner/tests/testrunner-ex-pp-products'...
Listing './lib/python3.5/site-packages/zope/testrunner/tests/testrunner-ex-pp-products/more'...
Listing './lib/python3.5/site-packages/zope/testrunner/tests/testrunner-ex-skip'...
Listing './lib/python3.5/site-packages/zope/traversing'...
Listing './lib/python3.5/site-packages/zope/traversing/browser'...
Listing './lib/python3.5/site-packages/zope/traversing/tests'...
Listing './lib/python3.5/site-packages/zope/viewlet'...
Listing './lib/python3.5/site-packages/zope.app.http-4.0.1.dist-info'...
Listing './lib/python3.5/site-packages/zope.browser-2.2.0.dist-info'...
Listing './lib/python3.5/site-packages/zope.browserpage-4.2.0.dist-info'...
Listing './lib/python3.5/site-packages/zope.component-4.4.1.dist-info'...
Listing './lib/python3.5/site-packages/zope.configuration-4.1.0.dist-info'...
Listing './lib/python3.5/site-packages/zope.container-4.2.1.egg-info'...
Listing './lib/python3.5/site-packages/zope.contentprovider-4.1.0.dist-info'...
Listing './lib/python3.5/site-packages/zope.contenttype-4.3.0.dist-info'...
Listing './lib/python3.5/site-packages/zope.deprecation-4.3.0.dist-info'...
Listing './lib/python3.5/site-packages/zope.dottedname-4.2.dist-info'...
Listing './lib/python3.5/site-packages/zope.event-4.3.0.dist-info'...
Listing './lib/python3.5/site-packages/zope.exceptions-4.2.0.dist-info'...
Listing './lib/python3.5/site-packages/zope.filerepresentation-4.2.0.dist-info'...
Listing './lib/python3.5/site-packages/zope.i18n-4.3.1.dist-info'...
Listing './lib/python3.5/site-packages/zope.i18nmessageid-4.1.0.dist-info'...
Listing './lib/python3.5/site-packages/zope.interface-4.4.3.dist-info'...
Listing './lib/python3.5/site-packages/zope.lifecycleevent-4.2.0.dist-info'...
Listing './lib/python3.5/site-packages/zope.location-4.1.0.dist-info'...
Listing './lib/python3.5/site-packages/zope.pagetemplate-4.3.0.dist-info'...
Listing './lib/python3.5/site-packages/zope.proxy-4.3.0.egg-info'...
Listing './lib/python3.5/site-packages/zope.publisher-4.3.2.dist-info'...
Listing './lib/python3.5/site-packages/zope.schema-4.5.0.dist-info'...
Listing './lib/python3.5/site-packages/zope.security-4.2.2.egg-info'...
Listing './lib/python3.5/site-packages/zope.size-4.2.0.dist-info'...
Listing './lib/python3.5/site-packages/zope.tal-4.3.0.dist-info'...
Listing './lib/python3.5/site-packages/zope.tales-4.2.0.dist-info'...
Listing './lib/python3.5/site-packages/zope.testrunner-4.8.1.dist-info'...
Listing './lib/python3.5/site-packages/zope.traversing-4.2.0.dist-info'...
Listing './lib/python3.5/site-packages/zope.viewlet-4.1.0.dist-info'...
Listing './share'...
Listing './share/python-wheels'...
