Listing '.'...
Listing './bin'...
Compiling './bin/91downloader.py'...
***   File "./bin/91downloader.py", line 46
    return [await f for f in done]
           ^
SyntaxError: 'await' expressions in comprehensions are not supported

Listing './include'...
Listing './lib'...
Listing './lib/python3.5'...
Listing './lib/python3.5/site-packages'...
Listing './lib/python3.5/site-packages/91downloader-0.5.3.egg-info'...
Listing './lib/python3.5/site-packages/SQLAlchemy-1.2.0.egg-info'...
Listing './lib/python3.5/site-packages/aiohttp'...
Listing './lib/python3.5/site-packages/aiohttp-2.3.7.dist-info'...
Listing './lib/python3.5/site-packages/async_timeout'...
Listing './lib/python3.5/site-packages/async_timeout-2.0.0.dist-info'...
Listing './lib/python3.5/site-packages/cement'...
Listing './lib/python3.5/site-packages/cement/core'...
Listing './lib/python3.5/site-packages/cement/ext'...
Listing './lib/python3.5/site-packages/cement/utils'...
Listing './lib/python3.5/site-packages/cement-2.10.2.egg-info'...
Listing './lib/python3.5/site-packages/chardet'...
Listing './lib/python3.5/site-packages/chardet/cli'...
Listing './lib/python3.5/site-packages/chardet-3.0.4.dist-info'...
Listing './lib/python3.5/site-packages/colorlog'...
Listing './lib/python3.5/site-packages/colorlog/tests'...
Listing './lib/python3.5/site-packages/colorlog-3.1.0.dist-info'...
Listing './lib/python3.5/site-packages/examples'...
Listing './lib/python3.5/site-packages/idna'...
Listing './lib/python3.5/site-packages/idna-2.6.dist-info'...
Listing './lib/python3.5/site-packages/lxml'...
Listing './lib/python3.5/site-packages/lxml/html'...
Listing './lib/python3.5/site-packages/lxml/includes'...
Listing './lib/python3.5/site-packages/lxml/includes/libexslt'...
Listing './lib/python3.5/site-packages/lxml/includes/libxml'...
Listing './lib/python3.5/site-packages/lxml/includes/libxslt'...
Listing './lib/python3.5/site-packages/lxml/isoschematron'...
Listing './lib/python3.5/site-packages/lxml/isoschematron/resources'...
Listing './lib/python3.5/site-packages/lxml/isoschematron/resources/rng'...
Listing './lib/python3.5/site-packages/lxml/isoschematron/resources/xsl'...
Listing './lib/python3.5/site-packages/lxml/isoschematron/resources/xsl/iso-schematron-xslt1'...
Listing './lib/python3.5/site-packages/lxml-4.1.1.dist-info'...
Listing './lib/python3.5/site-packages/multidict'...
Listing './lib/python3.5/site-packages/multidict-3.3.2.dist-info'...
Listing './lib/python3.5/site-packages/numpy'...
Listing './lib/python3.5/site-packages/numpy/.libs'...
Listing './lib/python3.5/site-packages/numpy/compat'...
Listing './lib/python3.5/site-packages/numpy/core'...
Listing './lib/python3.5/site-packages/numpy/core/include'...
Listing './lib/python3.5/site-packages/numpy/core/include/numpy'...
Listing './lib/python3.5/site-packages/numpy/core/lib'...
Listing './lib/python3.5/site-packages/numpy/core/lib/npy-pkg-config'...
Listing './lib/python3.5/site-packages/numpy/core/tests'...
Listing './lib/python3.5/site-packages/numpy/core/tests/data'...
Listing './lib/python3.5/site-packages/numpy/distutils'...
Listing './lib/python3.5/site-packages/numpy/distutils/command'...
Listing './lib/python3.5/site-packages/numpy/distutils/fcompiler'...
Listing './lib/python3.5/site-packages/numpy/distutils/mingw'...
Listing './lib/python3.5/site-packages/numpy/distutils/tests'...
Listing './lib/python3.5/site-packages/numpy/doc'...
Listing './lib/python3.5/site-packages/numpy/f2py'...
Listing './lib/python3.5/site-packages/numpy/f2py/src'...
Listing './lib/python3.5/site-packages/numpy/f2py/tests'...
Listing './lib/python3.5/site-packages/numpy/f2py/tests/src'...
Listing './lib/python3.5/site-packages/numpy/f2py/tests/src/array_from_pyobj'...
Listing './lib/python3.5/site-packages/numpy/f2py/tests/src/assumed_shape'...
Listing './lib/python3.5/site-packages/numpy/f2py/tests/src/common'...
Listing './lib/python3.5/site-packages/numpy/f2py/tests/src/kind'...
Listing './lib/python3.5/site-packages/numpy/f2py/tests/src/mixed'...
Listing './lib/python3.5/site-packages/numpy/f2py/tests/src/parameter'...
Listing './lib/python3.5/site-packages/numpy/f2py/tests/src/regression'...
Listing './lib/python3.5/site-packages/numpy/f2py/tests/src/size'...
Listing './lib/python3.5/site-packages/numpy/f2py/tests/src/string'...
Listing './lib/python3.5/site-packages/numpy/fft'...
Listing './lib/python3.5/site-packages/numpy/fft/tests'...
Listing './lib/python3.5/site-packages/numpy/lib'...
Listing './lib/python3.5/site-packages/numpy/lib/tests'...
Listing './lib/python3.5/site-packages/numpy/lib/tests/data'...
Listing './lib/python3.5/site-packages/numpy/linalg'...
Listing './lib/python3.5/site-packages/numpy/linalg/tests'...
Listing './lib/python3.5/site-packages/numpy/ma'...
Listing './lib/python3.5/site-packages/numpy/ma/tests'...
Listing './lib/python3.5/site-packages/numpy/matrixlib'...
Listing './lib/python3.5/site-packages/numpy/matrixlib/tests'...
Listing './lib/python3.5/site-packages/numpy/polynomial'...
Listing './lib/python3.5/site-packages/numpy/polynomial/tests'...
Listing './lib/python3.5/site-packages/numpy/random'...
Listing './lib/python3.5/site-packages/numpy/random/tests'...
Listing './lib/python3.5/site-packages/numpy/testing'...
Listing './lib/python3.5/site-packages/numpy/testing/nose_tools'...
Listing './lib/python3.5/site-packages/numpy/testing/tests'...
Listing './lib/python3.5/site-packages/numpy/tests'...
Listing './lib/python3.5/site-packages/numpy-1.14.0.dist-info'...
Listing './lib/python3.5/site-packages/pip'...
Listing './lib/python3.5/site-packages/pip/_vendor'...
Listing './lib/python3.5/site-packages/pip/commands'...
Listing './lib/python3.5/site-packages/pip/compat'...
Listing './lib/python3.5/site-packages/pip/models'...
Listing './lib/python3.5/site-packages/pip/operations'...
Listing './lib/python3.5/site-packages/pip/req'...
Listing './lib/python3.5/site-packages/pip/utils'...
Listing './lib/python3.5/site-packages/pip/vcs'...
Listing './lib/python3.5/site-packages/pip-9.0.1.dist-info'...
Listing './lib/python3.5/site-packages/pkg_resources'...
Listing './lib/python3.5/site-packages/pkg_resources/_vendor'...
Listing './lib/python3.5/site-packages/pkg_resources/_vendor/packaging'...
Listing './lib/python3.5/site-packages/pkg_resources/extern'...
Listing './lib/python3.5/site-packages/pkg_resources-0.0.0.dist-info'...
Listing './lib/python3.5/site-packages/setuptools'...
Listing './lib/python3.5/site-packages/setuptools/command'...
Listing './lib/python3.5/site-packages/setuptools/extern'...
Listing './lib/python3.5/site-packages/setuptools-32.3.1.dist-info'...
Listing './lib/python3.5/site-packages/sqlalchemy'...
Listing './lib/python3.5/site-packages/sqlalchemy/connectors'...
Listing './lib/python3.5/site-packages/sqlalchemy/databases'...
Listing './lib/python3.5/site-packages/sqlalchemy/dialects'...
Listing './lib/python3.5/site-packages/sqlalchemy/dialects/firebird'...
Listing './lib/python3.5/site-packages/sqlalchemy/dialects/mssql'...
Listing './lib/python3.5/site-packages/sqlalchemy/dialects/mysql'...
Listing './lib/python3.5/site-packages/sqlalchemy/dialects/oracle'...
Listing './lib/python3.5/site-packages/sqlalchemy/dialects/postgresql'...
Listing './lib/python3.5/site-packages/sqlalchemy/dialects/sqlite'...
Listing './lib/python3.5/site-packages/sqlalchemy/dialects/sybase'...
Listing './lib/python3.5/site-packages/sqlalchemy/engine'...
Listing './lib/python3.5/site-packages/sqlalchemy/event'...
Listing './lib/python3.5/site-packages/sqlalchemy/ext'...
Listing './lib/python3.5/site-packages/sqlalchemy/ext/declarative'...
Listing './lib/python3.5/site-packages/sqlalchemy/orm'...
Listing './lib/python3.5/site-packages/sqlalchemy/sql'...
Listing './lib/python3.5/site-packages/sqlalchemy/testing'...
Listing './lib/python3.5/site-packages/sqlalchemy/testing/plugin'...
Listing './lib/python3.5/site-packages/sqlalchemy/testing/suite'...
Listing './lib/python3.5/site-packages/sqlalchemy/util'...
Listing './lib/python3.5/site-packages/tqdm'...
Listing './lib/python3.5/site-packages/tqdm-4.19.5.dist-info'...
Listing './lib/python3.5/site-packages/yarl'...
Listing './lib/python3.5/site-packages/yarl-0.18.0.dist-info'...
Listing './man'...
Listing './man/man1'...
Listing './share'...
Listing './share/python-wheels'...
