Listing '.'...
Listing './bin'...
Listing './include'...
Listing './lib'...
Listing './lib/python3.5'...
Listing './lib/python3.5/site-packages'...
Listing './lib/python3.5/site-packages/advene'...
Listing './lib/python3.5/site-packages/advene/core'...
Listing './lib/python3.5/site-packages/advene/gui'...
Listing './lib/python3.5/site-packages/advene/gui/edit'...
Listing './lib/python3.5/site-packages/advene/gui/plugins'...
Listing './lib/python3.5/site-packages/advene/gui/util'...
Listing './lib/python3.5/site-packages/advene/gui/views'...
Listing './lib/python3.5/site-packages/advene/model'...
Listing './lib/python3.5/site-packages/advene/model/tal'...
Listing './lib/python3.5/site-packages/advene/model/util'...
Listing './lib/python3.5/site-packages/advene/player'...
Listing './lib/python3.5/site-packages/advene/plugins'...
Listing './lib/python3.5/site-packages/advene/rules'...
Listing './lib/python3.5/site-packages/advene/util'...
Listing './lib/python3.5/site-packages/advene-3.5.egg-info'...
Listing './lib/python3.5/site-packages/pip'...
Listing './lib/python3.5/site-packages/pip/_vendor'...
Listing './lib/python3.5/site-packages/pip/commands'...
Listing './lib/python3.5/site-packages/pip/compat'...
Listing './lib/python3.5/site-packages/pip/models'...
Listing './lib/python3.5/site-packages/pip/operations'...
Listing './lib/python3.5/site-packages/pip/req'...
Listing './lib/python3.5/site-packages/pip/utils'...
Listing './lib/python3.5/site-packages/pip/vcs'...
Listing './lib/python3.5/site-packages/pip-9.0.1.dist-info'...
Listing './lib/python3.5/site-packages/pkg_resources'...
Listing './lib/python3.5/site-packages/pkg_resources/_vendor'...
Listing './lib/python3.5/site-packages/pkg_resources/_vendor/packaging'...
Listing './lib/python3.5/site-packages/pkg_resources/extern'...
Listing './lib/python3.5/site-packages/pkg_resources-0.0.0.dist-info'...
Listing './lib/python3.5/site-packages/setuptools'...
Listing './lib/python3.5/site-packages/setuptools/command'...
Listing './lib/python3.5/site-packages/setuptools/extern'...
Listing './lib/python3.5/site-packages/setuptools-32.3.1.dist-info'...
Listing './lib/python3.5/site-packages/simpletal'...
Listing './share'...
Listing './share/advene'...
Listing './share/advene/haars'...
Listing './share/advene/pixmaps'...
Listing './share/advene/pixmaps/traces'...
Listing './share/advene/web'...
Listing './share/advene/web/HTML5'...
Listing './share/advene/web/HTML5/theme'...
Listing './share/advene/web/HTML5/theme/images'...
Listing './share/applications'...
Listing './share/doc'...
Listing './share/doc/advene'...
Listing './share/locale'...
Listing './share/locale/de'...
Listing './share/locale/de/LC_MESSAGES'...
Listing './share/locale/eo'...
Listing './share/locale/eo/LC_MESSAGES'...
Listing './share/locale/es'...
Listing './share/locale/es/LC_MESSAGES'...
Listing './share/locale/es.old'...
Listing './share/locale/es.old/LC_MESSAGES'...
Listing './share/locale/fr'...
Listing './share/locale/fr/LC_MESSAGES'...
Listing './share/locale/it'...
Listing './share/locale/it/LC_MESSAGES'...
Listing './share/python-wheels'...
