Listing '.'...
Listing './bin'...
Listing './include'...
Listing './lib'...
Listing './lib/python3.5'...
Listing './lib/python3.5/site-packages'...
Listing './lib/python3.5/site-packages/aiohttp'...
Listing './lib/python3.5/site-packages/aiohttp-2.2.5.dist-info'...
Listing './lib/python3.5/site-packages/aiopogo'...
Listing './lib/python3.5/site-packages/aiopogo/pogoprotos'...
Listing './lib/python3.5/site-packages/aiopogo/pogoprotos/data'...
Listing './lib/python3.5/site-packages/aiopogo/pogoprotos/data/avatar'...
Listing './lib/python3.5/site-packages/aiopogo/pogoprotos/data/badge'...
Listing './lib/python3.5/site-packages/aiopogo/pogoprotos/data/battle'...
Listing './lib/python3.5/site-packages/aiopogo/pogoprotos/data/capture'...
Listing './lib/python3.5/site-packages/aiopogo/pogoprotos/data/gym'...
Listing './lib/python3.5/site-packages/aiopogo/pogoprotos/data/logs'...
Listing './lib/python3.5/site-packages/aiopogo/pogoprotos/data/player'...
Listing './lib/python3.5/site-packages/aiopogo/pogoprotos/data/quests'...
Listing './lib/python3.5/site-packages/aiopogo/pogoprotos/data/raid'...
Listing './lib/python3.5/site-packages/aiopogo/pogoprotos/data/redeem'...
Listing './lib/python3.5/site-packages/aiopogo/pogoprotos/enums'...
Listing './lib/python3.5/site-packages/aiopogo/pogoprotos/inventory'...
Listing './lib/python3.5/site-packages/aiopogo/pogoprotos/inventory/item'...
Listing './lib/python3.5/site-packages/aiopogo/pogoprotos/map'...
Listing './lib/python3.5/site-packages/aiopogo/pogoprotos/map/fort'...
Listing './lib/python3.5/site-packages/aiopogo/pogoprotos/map/pokemon'...
Listing './lib/python3.5/site-packages/aiopogo/pogoprotos/networking'...
Listing './lib/python3.5/site-packages/aiopogo/pogoprotos/networking/envelopes'...
Listing './lib/python3.5/site-packages/aiopogo/pogoprotos/networking/platform'...
Listing './lib/python3.5/site-packages/aiopogo/pogoprotos/networking/platform/requests'...
Listing './lib/python3.5/site-packages/aiopogo/pogoprotos/networking/platform/responses'...
Listing './lib/python3.5/site-packages/aiopogo/pogoprotos/networking/requests'...
Listing './lib/python3.5/site-packages/aiopogo/pogoprotos/networking/requests/messages'...
Listing './lib/python3.5/site-packages/aiopogo/pogoprotos/networking/responses'...
Listing './lib/python3.5/site-packages/aiopogo/pogoprotos/settings'...
Listing './lib/python3.5/site-packages/aiopogo/pogoprotos/settings/master'...
Listing './lib/python3.5/site-packages/aiopogo/pogoprotos/settings/master/item'...
Listing './lib/python3.5/site-packages/aiopogo/pogoprotos/settings/master/pokemon'...
Listing './lib/python3.5/site-packages/aiopogo/pogoprotos/settings/master/quest'...
Listing './lib/python3.5/site-packages/aiopogo-2.0.4.dist-info'...
Listing './lib/python3.5/site-packages/async_timeout'...
Listing './lib/python3.5/site-packages/async_timeout-2.0.0.dist-info'...
Listing './lib/python3.5/site-packages/chardet'...
Listing './lib/python3.5/site-packages/chardet/cli'...
Listing './lib/python3.5/site-packages/chardet-3.0.4.dist-info'...
Listing './lib/python3.5/site-packages/cyrandom'...
Listing './lib/python3.5/site-packages/cyrandom-0.3.0.dist-info'...
Listing './lib/python3.5/site-packages/google'...
Listing './lib/python3.5/site-packages/google/protobuf'...
Listing './lib/python3.5/site-packages/google/protobuf/compiler'...
Listing './lib/python3.5/site-packages/google/protobuf/internal'...
Listing './lib/python3.5/site-packages/google/protobuf/internal/import_test_package'...
Listing './lib/python3.5/site-packages/google/protobuf/pyext'...
Listing './lib/python3.5/site-packages/google/protobuf/util'...
Listing './lib/python3.5/site-packages/idna'...
Listing './lib/python3.5/site-packages/idna-2.6.dist-info'...
Listing './lib/python3.5/site-packages/multidict'...
Listing './lib/python3.5/site-packages/multidict-3.3.2.dist-info'...
Listing './lib/python3.5/site-packages/pip'...
Listing './lib/python3.5/site-packages/pip/_vendor'...
Listing './lib/python3.5/site-packages/pip/commands'...
Listing './lib/python3.5/site-packages/pip/compat'...
Listing './lib/python3.5/site-packages/pip/models'...
Listing './lib/python3.5/site-packages/pip/operations'...
Listing './lib/python3.5/site-packages/pip/req'...
Listing './lib/python3.5/site-packages/pip/utils'...
Listing './lib/python3.5/site-packages/pip/vcs'...
Listing './lib/python3.5/site-packages/pip-9.0.1.dist-info'...
Listing './lib/python3.5/site-packages/pkg_resources'...
Listing './lib/python3.5/site-packages/pkg_resources/_vendor'...
Listing './lib/python3.5/site-packages/pkg_resources/_vendor/packaging'...
Listing './lib/python3.5/site-packages/pkg_resources/extern'...
Listing './lib/python3.5/site-packages/pkg_resources-0.0.0.dist-info'...
Listing './lib/python3.5/site-packages/protobuf-3.5.1.dist-info'...
Listing './lib/python3.5/site-packages/pycrypt-0.7.2.dist-info'...
Listing './lib/python3.5/site-packages/setuptools'...
Listing './lib/python3.5/site-packages/setuptools/command'...
Listing './lib/python3.5/site-packages/setuptools/extern'...
Listing './lib/python3.5/site-packages/setuptools-32.3.1.dist-info'...
Listing './lib/python3.5/site-packages/six-1.11.0.dist-info'...
Listing './lib/python3.5/site-packages/yarl'...
Listing './lib/python3.5/site-packages/yarl-0.18.0.dist-info'...
Listing './share'...
Listing './share/python-wheels'...
