Listing '.'...
Listing './bin'...
Listing './include'...
Listing './lib'...
Listing './lib/python3.5'...
Listing './lib/python3.5/site-packages'...
Listing './lib/python3.5/site-packages/ajenti.plugin.plugins-0.41.egg-info'...
Listing './lib/python3.5/site-packages/ajenti_plugin_plugins'...
Listing './lib/python3.5/site-packages/ajenti_plugin_plugins/locale'...
Listing './lib/python3.5/site-packages/ajenti_plugin_plugins/locale/af'...
Listing './lib/python3.5/site-packages/ajenti_plugin_plugins/locale/af/LC_MESSAGES'...
Listing './lib/python3.5/site-packages/ajenti_plugin_plugins/locale/ar'...
Listing './lib/python3.5/site-packages/ajenti_plugin_plugins/locale/ar/LC_MESSAGES'...
Listing './lib/python3.5/site-packages/ajenti_plugin_plugins/locale/be'...
Listing './lib/python3.5/site-packages/ajenti_plugin_plugins/locale/be/LC_MESSAGES'...
Listing './lib/python3.5/site-packages/ajenti_plugin_plugins/locale/bg'...
Listing './lib/python3.5/site-packages/ajenti_plugin_plugins/locale/bg/LC_MESSAGES'...
Listing './lib/python3.5/site-packages/ajenti_plugin_plugins/locale/bn'...
Listing './lib/python3.5/site-packages/ajenti_plugin_plugins/locale/bn/LC_MESSAGES'...
Listing './lib/python3.5/site-packages/ajenti_plugin_plugins/locale/ca'...
Listing './lib/python3.5/site-packages/ajenti_plugin_plugins/locale/ca/LC_MESSAGES'...
Listing './lib/python3.5/site-packages/ajenti_plugin_plugins/locale/cs'...
Listing './lib/python3.5/site-packages/ajenti_plugin_plugins/locale/cs/LC_MESSAGES'...
Listing './lib/python3.5/site-packages/ajenti_plugin_plugins/locale/da'...
Listing './lib/python3.5/site-packages/ajenti_plugin_plugins/locale/da/LC_MESSAGES'...
Listing './lib/python3.5/site-packages/ajenti_plugin_plugins/locale/de'...
Listing './lib/python3.5/site-packages/ajenti_plugin_plugins/locale/de/LC_MESSAGES'...
Listing './lib/python3.5/site-packages/ajenti_plugin_plugins/locale/el'...
Listing './lib/python3.5/site-packages/ajenti_plugin_plugins/locale/el/LC_MESSAGES'...
Listing './lib/python3.5/site-packages/ajenti_plugin_plugins/locale/en'...
Listing './lib/python3.5/site-packages/ajenti_plugin_plugins/locale/en/LC_MESSAGES'...
Listing './lib/python3.5/site-packages/ajenti_plugin_plugins/locale/eo'...
Listing './lib/python3.5/site-packages/ajenti_plugin_plugins/locale/eo/LC_MESSAGES'...
Listing './lib/python3.5/site-packages/ajenti_plugin_plugins/locale/es-ES'...
Listing './lib/python3.5/site-packages/ajenti_plugin_plugins/locale/es-ES/LC_MESSAGES'...
Listing './lib/python3.5/site-packages/ajenti_plugin_plugins/locale/et'...
Listing './lib/python3.5/site-packages/ajenti_plugin_plugins/locale/et/LC_MESSAGES'...
Listing './lib/python3.5/site-packages/ajenti_plugin_plugins/locale/fa'...
Listing './lib/python3.5/site-packages/ajenti_plugin_plugins/locale/fa/LC_MESSAGES'...
Listing './lib/python3.5/site-packages/ajenti_plugin_plugins/locale/fi'...
Listing './lib/python3.5/site-packages/ajenti_plugin_plugins/locale/fi/LC_MESSAGES'...
Listing './lib/python3.5/site-packages/ajenti_plugin_plugins/locale/fr'...
Listing './lib/python3.5/site-packages/ajenti_plugin_plugins/locale/fr/LC_MESSAGES'...
Listing './lib/python3.5/site-packages/ajenti_plugin_plugins/locale/fy-NL'...
Listing './lib/python3.5/site-packages/ajenti_plugin_plugins/locale/fy-NL/LC_MESSAGES'...
Listing './lib/python3.5/site-packages/ajenti_plugin_plugins/locale/he'...
Listing './lib/python3.5/site-packages/ajenti_plugin_plugins/locale/he/LC_MESSAGES'...
Listing './lib/python3.5/site-packages/ajenti_plugin_plugins/locale/hr'...
Listing './lib/python3.5/site-packages/ajenti_plugin_plugins/locale/hr/LC_MESSAGES'...
Listing './lib/python3.5/site-packages/ajenti_plugin_plugins/locale/hu'...
Listing './lib/python3.5/site-packages/ajenti_plugin_plugins/locale/hu/LC_MESSAGES'...
Listing './lib/python3.5/site-packages/ajenti_plugin_plugins/locale/id'...
Listing './lib/python3.5/site-packages/ajenti_plugin_plugins/locale/id/LC_MESSAGES'...
Listing './lib/python3.5/site-packages/ajenti_plugin_plugins/locale/it'...
Listing './lib/python3.5/site-packages/ajenti_plugin_plugins/locale/it/LC_MESSAGES'...
Listing './lib/python3.5/site-packages/ajenti_plugin_plugins/locale/ja'...
Listing './lib/python3.5/site-packages/ajenti_plugin_plugins/locale/ja/LC_MESSAGES'...
Listing './lib/python3.5/site-packages/ajenti_plugin_plugins/locale/ka'...
Listing './lib/python3.5/site-packages/ajenti_plugin_plugins/locale/ka/LC_MESSAGES'...
Listing './lib/python3.5/site-packages/ajenti_plugin_plugins/locale/ko'...
Listing './lib/python3.5/site-packages/ajenti_plugin_plugins/locale/ko/LC_MESSAGES'...
Listing './lib/python3.5/site-packages/ajenti_plugin_plugins/locale/lt'...
Listing './lib/python3.5/site-packages/ajenti_plugin_plugins/locale/lt/LC_MESSAGES'...
Listing './lib/python3.5/site-packages/ajenti_plugin_plugins/locale/lv'...
Listing './lib/python3.5/site-packages/ajenti_plugin_plugins/locale/lv/LC_MESSAGES'...
Listing './lib/python3.5/site-packages/ajenti_plugin_plugins/locale/my'...
Listing './lib/python3.5/site-packages/ajenti_plugin_plugins/locale/my/LC_MESSAGES'...
Listing './lib/python3.5/site-packages/ajenti_plugin_plugins/locale/nl'...
Listing './lib/python3.5/site-packages/ajenti_plugin_plugins/locale/nl/LC_MESSAGES'...
Listing './lib/python3.5/site-packages/ajenti_plugin_plugins/locale/no'...
Listing './lib/python3.5/site-packages/ajenti_plugin_plugins/locale/no/LC_MESSAGES'...
Listing './lib/python3.5/site-packages/ajenti_plugin_plugins/locale/pl'...
Listing './lib/python3.5/site-packages/ajenti_plugin_plugins/locale/pl/LC_MESSAGES'...
Listing './lib/python3.5/site-packages/ajenti_plugin_plugins/locale/pt-BR'...
Listing './lib/python3.5/site-packages/ajenti_plugin_plugins/locale/pt-BR/LC_MESSAGES'...
Listing './lib/python3.5/site-packages/ajenti_plugin_plugins/locale/pt-PT'...
Listing './lib/python3.5/site-packages/ajenti_plugin_plugins/locale/pt-PT/LC_MESSAGES'...
Listing './lib/python3.5/site-packages/ajenti_plugin_plugins/locale/ro'...
Listing './lib/python3.5/site-packages/ajenti_plugin_plugins/locale/ro/LC_MESSAGES'...
Listing './lib/python3.5/site-packages/ajenti_plugin_plugins/locale/ru'...
Listing './lib/python3.5/site-packages/ajenti_plugin_plugins/locale/ru/LC_MESSAGES'...
Listing './lib/python3.5/site-packages/ajenti_plugin_plugins/locale/sk'...
Listing './lib/python3.5/site-packages/ajenti_plugin_plugins/locale/sk/LC_MESSAGES'...
Listing './lib/python3.5/site-packages/ajenti_plugin_plugins/locale/sl'...
Listing './lib/python3.5/site-packages/ajenti_plugin_plugins/locale/sl/LC_MESSAGES'...
Listing './lib/python3.5/site-packages/ajenti_plugin_plugins/locale/sr'...
Listing './lib/python3.5/site-packages/ajenti_plugin_plugins/locale/sr/LC_MESSAGES'...
Listing './lib/python3.5/site-packages/ajenti_plugin_plugins/locale/sr-CS'...
Listing './lib/python3.5/site-packages/ajenti_plugin_plugins/locale/sr-CS/LC_MESSAGES'...
Listing './lib/python3.5/site-packages/ajenti_plugin_plugins/locale/sv-SE'...
Listing './lib/python3.5/site-packages/ajenti_plugin_plugins/locale/sv-SE/LC_MESSAGES'...
Listing './lib/python3.5/site-packages/ajenti_plugin_plugins/locale/sw'...
Listing './lib/python3.5/site-packages/ajenti_plugin_plugins/locale/sw/LC_MESSAGES'...
Listing './lib/python3.5/site-packages/ajenti_plugin_plugins/locale/th'...
Listing './lib/python3.5/site-packages/ajenti_plugin_plugins/locale/th/LC_MESSAGES'...
Listing './lib/python3.5/site-packages/ajenti_plugin_plugins/locale/tlh-AA'...
Listing './lib/python3.5/site-packages/ajenti_plugin_plugins/locale/tlh-AA/LC_MESSAGES'...
Listing './lib/python3.5/site-packages/ajenti_plugin_plugins/locale/tr'...
Listing './lib/python3.5/site-packages/ajenti_plugin_plugins/locale/tr/LC_MESSAGES'...
Listing './lib/python3.5/site-packages/ajenti_plugin_plugins/locale/tzl'...
Listing './lib/python3.5/site-packages/ajenti_plugin_plugins/locale/tzl/LC_MESSAGES'...
Listing './lib/python3.5/site-packages/ajenti_plugin_plugins/locale/uk'...
Listing './lib/python3.5/site-packages/ajenti_plugin_plugins/locale/uk/LC_MESSAGES'...
Listing './lib/python3.5/site-packages/ajenti_plugin_plugins/locale/vi'...
Listing './lib/python3.5/site-packages/ajenti_plugin_plugins/locale/vi/LC_MESSAGES'...
Listing './lib/python3.5/site-packages/ajenti_plugin_plugins/locale/zh-CN'...
Listing './lib/python3.5/site-packages/ajenti_plugin_plugins/locale/zh-CN/LC_MESSAGES'...
Listing './lib/python3.5/site-packages/ajenti_plugin_plugins/locale/zh-TW'...
Listing './lib/python3.5/site-packages/ajenti_plugin_plugins/locale/zh-TW/LC_MESSAGES'...
Listing './lib/python3.5/site-packages/ajenti_plugin_plugins/resources'...
Listing './lib/python3.5/site-packages/ajenti_plugin_plugins/resources/build'...
Listing './lib/python3.5/site-packages/ajenti_plugin_plugins/resources/js'...
Listing './lib/python3.5/site-packages/ajenti_plugin_plugins/resources/js/controllers'...
Listing './lib/python3.5/site-packages/ajenti_plugin_plugins/resources/partial'...
Listing './lib/python3.5/site-packages/pip'...
Listing './lib/python3.5/site-packages/pip/_vendor'...
Listing './lib/python3.5/site-packages/pip/commands'...
Listing './lib/python3.5/site-packages/pip/compat'...
Listing './lib/python3.5/site-packages/pip/models'...
Listing './lib/python3.5/site-packages/pip/operations'...
Listing './lib/python3.5/site-packages/pip/req'...
Listing './lib/python3.5/site-packages/pip/utils'...
Listing './lib/python3.5/site-packages/pip/vcs'...
Listing './lib/python3.5/site-packages/pip-9.0.1.dist-info'...
Listing './lib/python3.5/site-packages/pkg_resources'...
Listing './lib/python3.5/site-packages/pkg_resources/_vendor'...
Listing './lib/python3.5/site-packages/pkg_resources/_vendor/packaging'...
Listing './lib/python3.5/site-packages/pkg_resources/extern'...
Listing './lib/python3.5/site-packages/pkg_resources-0.0.0.dist-info'...
Listing './lib/python3.5/site-packages/setuptools'...
Listing './lib/python3.5/site-packages/setuptools/command'...
Listing './lib/python3.5/site-packages/setuptools/extern'...
Listing './lib/python3.5/site-packages/setuptools-32.3.1.dist-info'...
Listing './share'...
Listing './share/python-wheels'...
