Listing '.'...
Listing './bin'...
Listing './include'...
Listing './lib'...
Listing './lib/python3.5'...
Listing './lib/python3.5/site-packages'...
Listing './lib/python3.5/site-packages/Beaker-1.6.4.egg-info'...
Listing './lib/python3.5/site-packages/Chameleon-3.2.egg-info'...
Listing './lib/python3.5/site-packages/Mako-1.0.7.egg-info'...
Listing './lib/python3.5/site-packages/MarkupSafe-1.0.egg-info'...
Listing './lib/python3.5/site-packages/PasteDeploy-1.5.2.dist-info'...
Listing './lib/python3.5/site-packages/SQLAlchemy-0.8.2.egg-info'...
Listing './lib/python3.5/site-packages/WebOb-1.8.0rc1.dist-info'...
Listing './lib/python3.5/site-packages/alpaca'...
Listing './lib/python3.5/site-packages/alpaca/admin'...
Listing './lib/python3.5/site-packages/alpaca/admin/commands'...
Listing './lib/python3.5/site-packages/alpaca/common'...
Listing './lib/python3.5/site-packages/alpaca/common/domain'...
Listing './lib/python3.5/site-packages/alpaca/common/persistence'...
Listing './lib/python3.5/site-packages/alpaca/common/persistence/types'...
Listing './lib/python3.5/site-packages/alpaca/common/services'...
Listing './lib/python3.5/site-packages/alpaca/common/tests'...
Listing './lib/python3.5/site-packages/alpaca/common/tests/domain'...
Listing './lib/python3.5/site-packages/alpaca/common/tests/persistence'...
Listing './lib/python3.5/site-packages/alpaca/common/tests/persistence/types'...
Listing './lib/python3.5/site-packages/alpaca/common/tests/services'...
Listing './lib/python3.5/site-packages/alpaca/common/tests/utilties'...
Listing './lib/python3.5/site-packages/alpaca/common/utilities'...
Listing './lib/python3.5/site-packages/alpaca/frontend'...
Listing './lib/python3.5/site-packages/alpaca/frontend/assets'...
Listing './lib/python3.5/site-packages/alpaca/frontend/assets/alpaca'...
Listing './lib/python3.5/site-packages/alpaca/frontend/assets/alpaca/images'...
Listing './lib/python3.5/site-packages/alpaca/frontend/assets/alpaca/scripts'...
Listing './lib/python3.5/site-packages/alpaca/frontend/assets/alpaca/stylesheets'...
Listing './lib/python3.5/site-packages/alpaca/frontend/assets/bootstrap'...
Listing './lib/python3.5/site-packages/alpaca/frontend/assets/bootstrap/css'...
Listing './lib/python3.5/site-packages/alpaca/frontend/assets/bootstrap/fonts'...
Listing './lib/python3.5/site-packages/alpaca/frontend/assets/bootstrap/js'...
Listing './lib/python3.5/site-packages/alpaca/frontend/assets/select2'...
Listing './lib/python3.5/site-packages/alpaca/frontend/assets/timeago'...
Listing './lib/python3.5/site-packages/alpaca/frontend/resources'...
Listing './lib/python3.5/site-packages/alpaca/frontend/templates'...
Listing './lib/python3.5/site-packages/alpaca/frontend/templates/accounts'...
Listing './lib/python3.5/site-packages/alpaca/frontend/templates/configuration'...
Listing './lib/python3.5/site-packages/alpaca/frontend/templates/errors'...
Listing './lib/python3.5/site-packages/alpaca/frontend/templates/monitoring'...
Listing './lib/python3.5/site-packages/alpaca/frontend/templates/panels'...
Listing './lib/python3.5/site-packages/alpaca/frontend/tests'...
Listing './lib/python3.5/site-packages/alpaca/monitor'...
Listing './lib/python3.5/site-packages/alpaca_monitor-0.3.0.egg-info'...
Listing './lib/python3.5/site-packages/beaker'...
Listing './lib/python3.5/site-packages/beaker/crypto'...
Listing './lib/python3.5/site-packages/beaker/ext'...
Listing './lib/python3.5/site-packages/chameleon'...
Listing './lib/python3.5/site-packages/chameleon/tests'...
Listing './lib/python3.5/site-packages/chameleon/tests/inputs'...
Listing './lib/python3.5/site-packages/chameleon/tests/outputs'...
Listing './lib/python3.5/site-packages/chameleon/zpt'...
Listing './lib/python3.5/site-packages/colander'...
Listing './lib/python3.5/site-packages/colander/locale'...
Listing './lib/python3.5/site-packages/colander/locale/cs'...
Listing './lib/python3.5/site-packages/colander/locale/cs/LC_MESSAGES'...
Listing './lib/python3.5/site-packages/colander/locale/de_DE'...
Listing './lib/python3.5/site-packages/colander/locale/de_DE/LC_MESSAGES'...
Listing './lib/python3.5/site-packages/colander/locale/es'...
Listing './lib/python3.5/site-packages/colander/locale/es/LC_MESSAGES'...
Listing './lib/python3.5/site-packages/colander/locale/fr'...
Listing './lib/python3.5/site-packages/colander/locale/fr/LC_MESSAGES'...
Listing './lib/python3.5/site-packages/colander/locale/it'...
Listing './lib/python3.5/site-packages/colander/locale/it/LC_MESSAGES'...
Listing './lib/python3.5/site-packages/colander/locale/ja'...
Listing './lib/python3.5/site-packages/colander/locale/ja/LC_MESSAGES'...
Listing './lib/python3.5/site-packages/colander/locale/nl'...
Listing './lib/python3.5/site-packages/colander/locale/nl/LC_MESSAGES'...
Listing './lib/python3.5/site-packages/colander/locale/pl'...
Listing './lib/python3.5/site-packages/colander/locale/pl/LC_MESSAGES'...
Listing './lib/python3.5/site-packages/colander/locale/pt'...
Listing './lib/python3.5/site-packages/colander/locale/pt/LC_MESSAGES'...
Listing './lib/python3.5/site-packages/colander/locale/pt_BR'...
Listing './lib/python3.5/site-packages/colander/locale/pt_BR/LC_MESSAGES'...
Listing './lib/python3.5/site-packages/colander/locale/ru'...
Listing './lib/python3.5/site-packages/colander/locale/ru/LC_MESSAGES'...
Listing './lib/python3.5/site-packages/colander/locale/sv'...
Listing './lib/python3.5/site-packages/colander/locale/sv/LC_MESSAGES'...
Listing './lib/python3.5/site-packages/colander/locale/zh'...
Listing './lib/python3.5/site-packages/colander/locale/zh/LC_MESSAGES'...
Listing './lib/python3.5/site-packages/colander/tests'...
Listing './lib/python3.5/site-packages/colander-1.0b1.egg-info'...
Listing './lib/python3.5/site-packages/deform'...
Listing './lib/python3.5/site-packages/deform/locale'...
Listing './lib/python3.5/site-packages/deform/locale/cs'...
Listing './lib/python3.5/site-packages/deform/locale/cs/LC_MESSAGES'...
Listing './lib/python3.5/site-packages/deform/locale/da'...
Listing './lib/python3.5/site-packages/deform/locale/da/LC_MESSAGES'...
Listing './lib/python3.5/site-packages/deform/locale/de'...
Listing './lib/python3.5/site-packages/deform/locale/de/LC_MESSAGES'...
Listing './lib/python3.5/site-packages/deform/locale/es'...
Listing './lib/python3.5/site-packages/deform/locale/es/LC_MESSAGES'...
Listing './lib/python3.5/site-packages/deform/locale/fr'...
Listing './lib/python3.5/site-packages/deform/locale/fr/LC_MESSAGES'...
Listing './lib/python3.5/site-packages/deform/locale/it'...
Listing './lib/python3.5/site-packages/deform/locale/it/LC_MESSAGES'...
Listing './lib/python3.5/site-packages/deform/locale/ja'...
Listing './lib/python3.5/site-packages/deform/locale/ja/LC_MESSAGES'...
Listing './lib/python3.5/site-packages/deform/locale/nl'...
Listing './lib/python3.5/site-packages/deform/locale/nl/LC_MESSAGES'...
Listing './lib/python3.5/site-packages/deform/locale/pl'...
Listing './lib/python3.5/site-packages/deform/locale/pl/LC_MESSAGES'...
Listing './lib/python3.5/site-packages/deform/locale/pt'...
Listing './lib/python3.5/site-packages/deform/locale/pt/LC_MESSAGES'...
Listing './lib/python3.5/site-packages/deform/locale/pt_BR'...
Listing './lib/python3.5/site-packages/deform/locale/pt_BR/LC_MESSAGES'...
Listing './lib/python3.5/site-packages/deform/locale/ru'...
Listing './lib/python3.5/site-packages/deform/locale/ru/LC_MESSAGES'...
Listing './lib/python3.5/site-packages/deform/locale/sv'...
Listing './lib/python3.5/site-packages/deform/locale/sv/LC_MESSAGES'...
Listing './lib/python3.5/site-packages/deform/static'...
Listing './lib/python3.5/site-packages/deform/static/css'...
Listing './lib/python3.5/site-packages/deform/static/css/ui-lightness'...
Listing './lib/python3.5/site-packages/deform/static/css/ui-lightness/images'...
Listing './lib/python3.5/site-packages/deform/static/scripts'...
Listing './lib/python3.5/site-packages/deform/static/tinymce'...
Listing './lib/python3.5/site-packages/deform/static/tinymce/examples'...
Listing './lib/python3.5/site-packages/deform/static/tinymce/jscripts'...
Listing './lib/python3.5/site-packages/deform/static/tinymce/jscripts/tiny_mce'...
Listing './lib/python3.5/site-packages/deform/static/tinymce/jscripts/tiny_mce/langs'...
Listing './lib/python3.5/site-packages/deform/static/tinymce/jscripts/tiny_mce/plugins'...
Listing './lib/python3.5/site-packages/deform/static/tinymce/jscripts/tiny_mce/plugins/advhr'...
Listing './lib/python3.5/site-packages/deform/static/tinymce/jscripts/tiny_mce/plugins/advimage'...
Listing './lib/python3.5/site-packages/deform/static/tinymce/jscripts/tiny_mce/plugins/advlink'...
Listing './lib/python3.5/site-packages/deform/static/tinymce/jscripts/tiny_mce/plugins/advlist'...
Listing './lib/python3.5/site-packages/deform/static/tinymce/jscripts/tiny_mce/plugins/autoresize'...
Listing './lib/python3.5/site-packages/deform/static/tinymce/jscripts/tiny_mce/plugins/autosave'...
Listing './lib/python3.5/site-packages/deform/static/tinymce/jscripts/tiny_mce/plugins/bbcode'...
Listing './lib/python3.5/site-packages/deform/static/tinymce/jscripts/tiny_mce/plugins/contextmenu'...
Listing './lib/python3.5/site-packages/deform/static/tinymce/jscripts/tiny_mce/plugins/directionality'...
Listing './lib/python3.5/site-packages/deform/static/tinymce/jscripts/tiny_mce/plugins/emotions'...
Listing './lib/python3.5/site-packages/deform/static/tinymce/jscripts/tiny_mce/plugins/example'...
Listing './lib/python3.5/site-packages/deform/static/tinymce/jscripts/tiny_mce/plugins/fullpage'...
Listing './lib/python3.5/site-packages/deform/static/tinymce/jscripts/tiny_mce/plugins/fullscreen'...
Listing './lib/python3.5/site-packages/deform/static/tinymce/jscripts/tiny_mce/plugins/iespell'...
Listing './lib/python3.5/site-packages/deform/static/tinymce/jscripts/tiny_mce/plugins/inlinepopups'...
Listing './lib/python3.5/site-packages/deform/static/tinymce/jscripts/tiny_mce/plugins/insertdatetime'...
Listing './lib/python3.5/site-packages/deform/static/tinymce/jscripts/tiny_mce/plugins/layer'...
Listing './lib/python3.5/site-packages/deform/static/tinymce/jscripts/tiny_mce/plugins/legacyoutput'...
Listing './lib/python3.5/site-packages/deform/static/tinymce/jscripts/tiny_mce/plugins/media'...
Listing './lib/python3.5/site-packages/deform/static/tinymce/jscripts/tiny_mce/plugins/nonbreaking'...
Listing './lib/python3.5/site-packages/deform/static/tinymce/jscripts/tiny_mce/plugins/noneditable'...
Listing './lib/python3.5/site-packages/deform/static/tinymce/jscripts/tiny_mce/plugins/pagebreak'...
Listing './lib/python3.5/site-packages/deform/static/tinymce/jscripts/tiny_mce/plugins/paste'...
Listing './lib/python3.5/site-packages/deform/static/tinymce/jscripts/tiny_mce/plugins/preview'...
Listing './lib/python3.5/site-packages/deform/static/tinymce/jscripts/tiny_mce/plugins/print'...
Listing './lib/python3.5/site-packages/deform/static/tinymce/jscripts/tiny_mce/plugins/save'...
Listing './lib/python3.5/site-packages/deform/static/tinymce/jscripts/tiny_mce/plugins/searchreplace'...
Listing './lib/python3.5/site-packages/deform/static/tinymce/jscripts/tiny_mce/plugins/spellchecker'...
Listing './lib/python3.5/site-packages/deform/static/tinymce/jscripts/tiny_mce/plugins/style'...
Listing './lib/python3.5/site-packages/deform/static/tinymce/jscripts/tiny_mce/plugins/tabfocus'...
Listing './lib/python3.5/site-packages/deform/static/tinymce/jscripts/tiny_mce/plugins/table'...
Listing './lib/python3.5/site-packages/deform/static/tinymce/jscripts/tiny_mce/plugins/template'...
Listing './lib/python3.5/site-packages/deform/static/tinymce/jscripts/tiny_mce/plugins/visualchars'...
Listing './lib/python3.5/site-packages/deform/static/tinymce/jscripts/tiny_mce/plugins/wordcount'...
Listing './lib/python3.5/site-packages/deform/static/tinymce/jscripts/tiny_mce/plugins/xhtmlxtras'...
Listing './lib/python3.5/site-packages/deform/static/tinymce/jscripts/tiny_mce/themes'...
Listing './lib/python3.5/site-packages/deform/static/tinymce/jscripts/tiny_mce/themes/advanced'...
Listing './lib/python3.5/site-packages/deform/static/tinymce/jscripts/tiny_mce/themes/simple'...
Listing './lib/python3.5/site-packages/deform/static/tinymce/jscripts/tiny_mce/utils'...
Listing './lib/python3.5/site-packages/deform/templates'...
Listing './lib/python3.5/site-packages/deform/templates/readonly'...
Listing './lib/python3.5/site-packages/deform/tests'...
Listing './lib/python3.5/site-packages/deform/tests/fixtures'...
Listing './lib/python3.5/site-packages/deform-0.9.9.egg-info'...
Listing './lib/python3.5/site-packages/deform_bootstrap'...
Listing './lib/python3.5/site-packages/deform_bootstrap/demo'...
Listing './lib/python3.5/site-packages/deform_bootstrap/static'...
Listing './lib/python3.5/site-packages/deform_bootstrap/static/img'...
Listing './lib/python3.5/site-packages/deform_bootstrap/static/jquery_chosen'...
Listing './lib/python3.5/site-packages/deform_bootstrap/templates'...
Listing './lib/python3.5/site-packages/deform_bootstrap/templates/readonly'...
Listing './lib/python3.5/site-packages/deform_bootstrap/tests'...
Listing './lib/python3.5/site-packages/deform_bootstrap-0.2.9.egg-info'...
Listing './lib/python3.5/site-packages/distribute-0.7.3-py3.5.egg-info'...
Listing './lib/python3.5/site-packages/mako'...
Listing './lib/python3.5/site-packages/mako/ext'...
Listing './lib/python3.5/site-packages/markupsafe'...
Listing './lib/python3.5/site-packages/msgpack'...
Listing './lib/python3.5/site-packages/msgpack_python-0.3.0.egg-info'...
Listing './lib/python3.5/site-packages/paste'...
Listing './lib/python3.5/site-packages/paste/deploy'...
Listing './lib/python3.5/site-packages/paste/deploy/paster_templates'...
Listing './lib/python3.5/site-packages/paste/deploy/paster_templates/paste_deploy'...
Listing './lib/python3.5/site-packages/paste/deploy/paster_templates/paste_deploy/+package+'...
Listing './lib/python3.5/site-packages/paste/deploy/paster_templates/paste_deploy/docs'...
Listing './lib/python3.5/site-packages/pbkdf2-1.3.egg-info'...
Listing './lib/python3.5/site-packages/peppercorn'...
Listing './lib/python3.5/site-packages/peppercorn-0.5.egg-info'...
Listing './lib/python3.5/site-packages/pip'...
Listing './lib/python3.5/site-packages/pip/_vendor'...
Listing './lib/python3.5/site-packages/pip/commands'...
Listing './lib/python3.5/site-packages/pip/compat'...
Listing './lib/python3.5/site-packages/pip/models'...
Listing './lib/python3.5/site-packages/pip/operations'...
Listing './lib/python3.5/site-packages/pip/req'...
Listing './lib/python3.5/site-packages/pip/utils'...
Listing './lib/python3.5/site-packages/pip/vcs'...
Listing './lib/python3.5/site-packages/pip-9.0.1.dist-info'...
Listing './lib/python3.5/site-packages/pkg_resources'...
Listing './lib/python3.5/site-packages/pkg_resources/_vendor'...
Listing './lib/python3.5/site-packages/pkg_resources/_vendor/packaging'...
Listing './lib/python3.5/site-packages/pkg_resources/extern'...
Listing './lib/python3.5/site-packages/pkg_resources-0.0.0.dist-info'...
Listing './lib/python3.5/site-packages/psycopg2'...
Listing './lib/python3.5/site-packages/psycopg2/.libs'...
Listing './lib/python3.5/site-packages/psycopg2/tests'...
Listing './lib/python3.5/site-packages/psycopg2-2.7.3.2.dist-info'...
Listing './lib/python3.5/site-packages/pyramid'...
Listing './lib/python3.5/site-packages/pyramid/config'...
Listing './lib/python3.5/site-packages/pyramid/fixers'...
Listing './lib/python3.5/site-packages/pyramid/scaffolds'...
Listing './lib/python3.5/site-packages/pyramid/scaffolds/alchemy'...
Listing './lib/python3.5/site-packages/pyramid/scaffolds/alchemy/+package+'...
Listing './lib/python3.5/site-packages/pyramid/scaffolds/alchemy/+package+/scripts'...
Listing './lib/python3.5/site-packages/pyramid/scaffolds/alchemy/+package+/static'...
Listing './lib/python3.5/site-packages/pyramid/scaffolds/alchemy/+package+/templates'...
Listing './lib/python3.5/site-packages/pyramid/scaffolds/starter'...
Listing './lib/python3.5/site-packages/pyramid/scaffolds/starter/+package+'...
Listing './lib/python3.5/site-packages/pyramid/scaffolds/starter/+package+/static'...
Listing './lib/python3.5/site-packages/pyramid/scaffolds/starter/+package+/templates'...
Listing './lib/python3.5/site-packages/pyramid/scaffolds/zodb'...
Listing './lib/python3.5/site-packages/pyramid/scaffolds/zodb/+package+'...
Listing './lib/python3.5/site-packages/pyramid/scaffolds/zodb/+package+/static'...
Listing './lib/python3.5/site-packages/pyramid/scaffolds/zodb/+package+/templates'...
Listing './lib/python3.5/site-packages/pyramid/scripts'...
Listing './lib/python3.5/site-packages/pyramid/tests'...
Listing './lib/python3.5/site-packages/pyramid/tests/fixtures'...
Listing './lib/python3.5/site-packages/pyramid/tests/fixtures/static'...
Listing './lib/python3.5/site-packages/pyramid/tests/fixtures/static/subdir'...
Listing './lib/python3.5/site-packages/pyramid/tests/pkgs'...
Listing './lib/python3.5/site-packages/pyramid/tests/pkgs/ccbugapp'...
Listing './lib/python3.5/site-packages/pyramid/tests/pkgs/conflictapp'...
Listing './lib/python3.5/site-packages/pyramid/tests/pkgs/defpermbugapp'...
Listing './lib/python3.5/site-packages/pyramid/tests/pkgs/eventonly'...
Listing './lib/python3.5/site-packages/pyramid/tests/pkgs/exceptionviewapp'...
Listing './lib/python3.5/site-packages/pyramid/tests/pkgs/fixtureapp'...
Listing './lib/python3.5/site-packages/pyramid/tests/pkgs/fixtureapp/subpackage'...
Listing './lib/python3.5/site-packages/pyramid/tests/pkgs/fixtureapp/subpackage/templates'...
Listing './lib/python3.5/site-packages/pyramid/tests/pkgs/fixtureapp/templates'...
Listing './lib/python3.5/site-packages/pyramid/tests/pkgs/forbiddenapp'...
Listing './lib/python3.5/site-packages/pyramid/tests/pkgs/forbiddenview'...
Listing './lib/python3.5/site-packages/pyramid/tests/pkgs/hybridapp'...
Listing './lib/python3.5/site-packages/pyramid/tests/pkgs/includeapp1'...
Listing './lib/python3.5/site-packages/pyramid/tests/pkgs/localeapp'...
Listing './lib/python3.5/site-packages/pyramid/tests/pkgs/localeapp/locale'...
Listing './lib/python3.5/site-packages/pyramid/tests/pkgs/localeapp/locale/be'...
Listing './lib/python3.5/site-packages/pyramid/tests/pkgs/localeapp/locale/de'...
Listing './lib/python3.5/site-packages/pyramid/tests/pkgs/localeapp/locale/de/LC_MESSAGES'...
Listing './lib/python3.5/site-packages/pyramid/tests/pkgs/localeapp/locale/de_DE'...
Listing './lib/python3.5/site-packages/pyramid/tests/pkgs/localeapp/locale/de_DE/LC_MESSAGES'...
Listing './lib/python3.5/site-packages/pyramid/tests/pkgs/localeapp/locale/en'...
Listing './lib/python3.5/site-packages/pyramid/tests/pkgs/localeapp/locale/en/LC_MESSAGES'...
Listing './lib/python3.5/site-packages/pyramid/tests/pkgs/localeapp/locale2'...
Listing './lib/python3.5/site-packages/pyramid/tests/pkgs/localeapp/locale2/be'...
Listing './lib/python3.5/site-packages/pyramid/tests/pkgs/localeapp/locale2/de'...
Listing './lib/python3.5/site-packages/pyramid/tests/pkgs/localeapp/locale2/de/LC_MESSAGES'...
Listing './lib/python3.5/site-packages/pyramid/tests/pkgs/localeapp/locale2/en'...
Listing './lib/python3.5/site-packages/pyramid/tests/pkgs/localeapp/locale2/en/LC_MESSAGES'...
Listing './lib/python3.5/site-packages/pyramid/tests/pkgs/localeapp/locale3'...
Listing './lib/python3.5/site-packages/pyramid/tests/pkgs/localeapp/locale3/be'...
Listing './lib/python3.5/site-packages/pyramid/tests/pkgs/localeapp/locale3/de'...
Listing './lib/python3.5/site-packages/pyramid/tests/pkgs/localeapp/locale3/de/LC_MESSAGES'...
Listing './lib/python3.5/site-packages/pyramid/tests/pkgs/localeapp/locale3/en'...
Listing './lib/python3.5/site-packages/pyramid/tests/pkgs/localeapp/locale3/en/LC_MESSAGES'...
Listing './lib/python3.5/site-packages/pyramid/tests/pkgs/notfoundview'...
Listing './lib/python3.5/site-packages/pyramid/tests/pkgs/permbugapp'...
Listing './lib/python3.5/site-packages/pyramid/tests/pkgs/rendererscanapp'...
Listing './lib/python3.5/site-packages/pyramid/tests/pkgs/rendererscanapp/two'...
Listing './lib/python3.5/site-packages/pyramid/tests/pkgs/restbugapp'...
Listing './lib/python3.5/site-packages/pyramid/tests/pkgs/static_abspath'...
Listing './lib/python3.5/site-packages/pyramid/tests/pkgs/static_assetspec'...
Listing './lib/python3.5/site-packages/pyramid/tests/pkgs/static_routeprefix'...
Listing './lib/python3.5/site-packages/pyramid/tests/pkgs/staticpermapp'...
Listing './lib/python3.5/site-packages/pyramid/tests/pkgs/subrequestapp'...
Listing './lib/python3.5/site-packages/pyramid/tests/pkgs/viewdecoratorapp'...
Listing './lib/python3.5/site-packages/pyramid/tests/pkgs/viewdecoratorapp/views'...
Listing './lib/python3.5/site-packages/pyramid/tests/pkgs/viewdecoratorapp/views/templates'...
Listing './lib/python3.5/site-packages/pyramid/tests/pkgs/wsgiapp2app'...
Listing './lib/python3.5/site-packages/pyramid/tests/test_config'...
Listing './lib/python3.5/site-packages/pyramid/tests/test_config/files'...
Listing './lib/python3.5/site-packages/pyramid/tests/test_config/files/assets'...
Listing './lib/python3.5/site-packages/pyramid/tests/test_config/path'...
Listing './lib/python3.5/site-packages/pyramid/tests/test_config/path/scanerror'...
Listing './lib/python3.5/site-packages/pyramid/tests/test_config/pkgs'...
Listing './lib/python3.5/site-packages/pyramid/tests/test_config/pkgs/asset'...
Listing './lib/python3.5/site-packages/pyramid/tests/test_config/pkgs/asset/subpackage'...
Listing './lib/python3.5/site-packages/pyramid/tests/test_config/pkgs/asset/subpackage/templates'...
Listing './lib/python3.5/site-packages/pyramid/tests/test_config/pkgs/asset/templates'...
Listing './lib/python3.5/site-packages/pyramid/tests/test_config/pkgs/scanextrakw'...
Listing './lib/python3.5/site-packages/pyramid/tests/test_config/pkgs/scannable'...
Listing './lib/python3.5/site-packages/pyramid/tests/test_config/pkgs/scannable/pod'...
Listing './lib/python3.5/site-packages/pyramid/tests/test_config/pkgs/scannable/subpackage'...
Listing './lib/python3.5/site-packages/pyramid/tests/test_config/pkgs/scannable/subpackage/subsubpackage'...
Listing './lib/python3.5/site-packages/pyramid/tests/test_config/pkgs/selfscan'...
Listing './lib/python3.5/site-packages/pyramid/tests/test_scaffolds'...
Listing './lib/python3.5/site-packages/pyramid/tests/test_scaffolds/fixture_scaffold'...
Listing './lib/python3.5/site-packages/pyramid/tests/test_scaffolds/fixture_scaffold/+package+'...
Listing './lib/python3.5/site-packages/pyramid/tests/test_scaffolds/fixture_scaffold/+package+/static'...
Listing './lib/python3.5/site-packages/pyramid/tests/test_scaffolds/fixture_scaffold/+package+/templates'...
Listing './lib/python3.5/site-packages/pyramid/tests/test_scripts'...
Listing './lib/python3.5/site-packages/pyramid-1.4.3.egg-info'...
Listing './lib/python3.5/site-packages/pyramid_layout'...
Listing './lib/python3.5/site-packages/pyramid_layout/tests'...
Listing './lib/python3.5/site-packages/pyramid_layout/tests/microtemplates'...
Listing './lib/python3.5/site-packages/pyramid_layout-0.8.egg-info'...
Listing './lib/python3.5/site-packages/pyramid_tm'...
Listing './lib/python3.5/site-packages/pyramid_tm-0.7.egg-info'...
Listing './lib/python3.5/site-packages/pyramid_zcml'...
Listing './lib/python3.5/site-packages/pyramid_zcml/scaffolds'...
Listing './lib/python3.5/site-packages/pyramid_zcml/scaffolds/starter_zcml'...
Listing './lib/python3.5/site-packages/pyramid_zcml/scaffolds/starter_zcml/+package+'...
Listing './lib/python3.5/site-packages/pyramid_zcml/scaffolds/starter_zcml/+package+/static'...
Listing './lib/python3.5/site-packages/pyramid_zcml/scaffolds/starter_zcml/+package+/templates'...
Listing './lib/python3.5/site-packages/pyramid_zcml/tests'...
Listing './lib/python3.5/site-packages/pyramid_zcml/tests/ccbugapp'...
Listing './lib/python3.5/site-packages/pyramid_zcml/tests/defpermbugapp'...
Listing './lib/python3.5/site-packages/pyramid_zcml/tests/exceptionviewapp'...
Listing './lib/python3.5/site-packages/pyramid_zcml/tests/fixtureapp'...
Listing './lib/python3.5/site-packages/pyramid_zcml/tests/fixtureapp/subpackage'...
Listing './lib/python3.5/site-packages/pyramid_zcml/tests/fixtureapp/subpackage/templates'...
Listing './lib/python3.5/site-packages/pyramid_zcml/tests/fixtureapp/templates'...
Listing './lib/python3.5/site-packages/pyramid_zcml/tests/hybridapp'...
Listing './lib/python3.5/site-packages/pyramid_zcml/tests/includeoverrideapp'...
Listing './lib/python3.5/site-packages/pyramid_zcml/tests/includeoverrideapp/sub'...
Listing './lib/python3.5/site-packages/pyramid_zcml/tests/localeapp'...
Listing './lib/python3.5/site-packages/pyramid_zcml/tests/localeapp/locale'...
Listing './lib/python3.5/site-packages/pyramid_zcml/tests/localeapp/locale/be'...
Listing './lib/python3.5/site-packages/pyramid_zcml/tests/localeapp/locale/de'...
Listing './lib/python3.5/site-packages/pyramid_zcml/tests/localeapp/locale/de/LC_MESSAGES'...
Listing './lib/python3.5/site-packages/pyramid_zcml/tests/localeapp/locale/en'...
Listing './lib/python3.5/site-packages/pyramid_zcml/tests/localeapp/locale/en/LC_MESSAGES'...
Listing './lib/python3.5/site-packages/pyramid_zcml/tests/permbugapp'...
Listing './lib/python3.5/site-packages/pyramid_zcml/tests/restbugapp'...
Listing './lib/python3.5/site-packages/pyramid_zcml/tests/routesapp'...
Listing './lib/python3.5/site-packages/pyramid_zcml/tests/routesapp/templates'...
Listing './lib/python3.5/site-packages/pyramid_zcml/tests/viewdecoratorapp'...
Listing './lib/python3.5/site-packages/pyramid_zcml/tests/viewdecoratorapp/views'...
Listing './lib/python3.5/site-packages/pyramid_zcml/tests/viewdecoratorapp/views/templates'...
Listing './lib/python3.5/site-packages/pyramid_zcml-1.0.0.egg-info'...
Listing './lib/python3.5/site-packages/pytz'...
Listing './lib/python3.5/site-packages/pytz/zoneinfo'...
Listing './lib/python3.5/site-packages/pytz/zoneinfo/Africa'...
Listing './lib/python3.5/site-packages/pytz/zoneinfo/America'...
Listing './lib/python3.5/site-packages/pytz/zoneinfo/America/Argentina'...
Listing './lib/python3.5/site-packages/pytz/zoneinfo/America/Indiana'...
Listing './lib/python3.5/site-packages/pytz/zoneinfo/America/Kentucky'...
Listing './lib/python3.5/site-packages/pytz/zoneinfo/America/North_Dakota'...
Listing './lib/python3.5/site-packages/pytz/zoneinfo/Antarctica'...
Listing './lib/python3.5/site-packages/pytz/zoneinfo/Arctic'...
Listing './lib/python3.5/site-packages/pytz/zoneinfo/Asia'...
Listing './lib/python3.5/site-packages/pytz/zoneinfo/Atlantic'...
Listing './lib/python3.5/site-packages/pytz/zoneinfo/Australia'...
Listing './lib/python3.5/site-packages/pytz/zoneinfo/Brazil'...
Listing './lib/python3.5/site-packages/pytz/zoneinfo/Canada'...
Listing './lib/python3.5/site-packages/pytz/zoneinfo/Chile'...
Listing './lib/python3.5/site-packages/pytz/zoneinfo/Etc'...
Listing './lib/python3.5/site-packages/pytz/zoneinfo/Europe'...
Listing './lib/python3.5/site-packages/pytz/zoneinfo/Indian'...
Listing './lib/python3.5/site-packages/pytz/zoneinfo/Mexico'...
Listing './lib/python3.5/site-packages/pytz/zoneinfo/Pacific'...
Listing './lib/python3.5/site-packages/pytz/zoneinfo/US'...
Listing './lib/python3.5/site-packages/pytz-2017.3.dist-info'...
Listing './lib/python3.5/site-packages/pyzmq-13.1.0.egg-info'...
Listing './lib/python3.5/site-packages/repoze'...
Listing './lib/python3.5/site-packages/repoze/lru'...
Listing './lib/python3.5/site-packages/repoze.lru-0.7.dist-info'...
Listing './lib/python3.5/site-packages/setuptools'...
Listing './lib/python3.5/site-packages/setuptools/command'...
Listing './lib/python3.5/site-packages/setuptools/extern'...
Listing './lib/python3.5/site-packages/setuptools-32.3.1.dist-info'...
Listing './lib/python3.5/site-packages/sqlalchemy'...
Listing './lib/python3.5/site-packages/sqlalchemy/connectors'...
Listing './lib/python3.5/site-packages/sqlalchemy/databases'...
Listing './lib/python3.5/site-packages/sqlalchemy/dialects'...
Listing './lib/python3.5/site-packages/sqlalchemy/dialects/drizzle'...
Listing './lib/python3.5/site-packages/sqlalchemy/dialects/firebird'...
Listing './lib/python3.5/site-packages/sqlalchemy/dialects/informix'...
Listing './lib/python3.5/site-packages/sqlalchemy/dialects/mssql'...
Listing './lib/python3.5/site-packages/sqlalchemy/dialects/mysql'...
Listing './lib/python3.5/site-packages/sqlalchemy/dialects/oracle'...
Listing './lib/python3.5/site-packages/sqlalchemy/dialects/postgresql'...
Listing './lib/python3.5/site-packages/sqlalchemy/dialects/sqlite'...
Listing './lib/python3.5/site-packages/sqlalchemy/dialects/sybase'...
Listing './lib/python3.5/site-packages/sqlalchemy/engine'...
Listing './lib/python3.5/site-packages/sqlalchemy/ext'...
Listing './lib/python3.5/site-packages/sqlalchemy/ext/declarative'...
Listing './lib/python3.5/site-packages/sqlalchemy/orm'...
Listing './lib/python3.5/site-packages/sqlalchemy/sql'...
Listing './lib/python3.5/site-packages/sqlalchemy/testing'...
Listing './lib/python3.5/site-packages/sqlalchemy/testing/plugin'...
Listing './lib/python3.5/site-packages/sqlalchemy/testing/suite'...
Listing './lib/python3.5/site-packages/sqlalchemy/util'...
Listing './lib/python3.5/site-packages/tornado'...
Listing './lib/python3.5/site-packages/tornado/platform'...
Listing './lib/python3.5/site-packages/tornado/test'...
Listing './lib/python3.5/site-packages/tornado/test/csv_translations'...
Listing './lib/python3.5/site-packages/tornado/test/gettext_translations'...
Listing './lib/python3.5/site-packages/tornado/test/gettext_translations/fr_FR'...
Listing './lib/python3.5/site-packages/tornado/test/gettext_translations/fr_FR/LC_MESSAGES'...
Listing './lib/python3.5/site-packages/tornado/test/static'...
Listing './lib/python3.5/site-packages/tornado/test/static/dir'...
Listing './lib/python3.5/site-packages/tornado/test/templates'...
Listing './lib/python3.5/site-packages/tornado-3.1.1.egg-info'...
Listing './lib/python3.5/site-packages/transaction'...
Listing './lib/python3.5/site-packages/transaction/tests'...
Listing './lib/python3.5/site-packages/transaction-2.1.2.dist-info'...
Listing './lib/python3.5/site-packages/translationstring'...
Listing './lib/python3.5/site-packages/translationstring/tests'...
Listing './lib/python3.5/site-packages/translationstring/tests/fixtures'...
Listing './lib/python3.5/site-packages/translationstring/tests/fixtures/locales'...
Listing './lib/python3.5/site-packages/translationstring/tests/fixtures/locales/de'...
Listing './lib/python3.5/site-packages/translationstring/tests/fixtures/locales/de/LC_MESSAGES'...
Listing './lib/python3.5/site-packages/translationstring-1.3.dist-info'...
Listing './lib/python3.5/site-packages/venusian'...
Listing './lib/python3.5/site-packages/venusian/tests'...
Listing './lib/python3.5/site-packages/venusian/tests/fixtures'...
Listing './lib/python3.5/site-packages/venusian/tests/fixtures/attrerror'...
Listing './lib/python3.5/site-packages/venusian/tests/fixtures/attrerror_package'...
Listing './lib/python3.5/site-packages/venusian/tests/fixtures/attrerror_package/will_cause_import_error'...
Listing './lib/python3.5/site-packages/venusian/tests/fixtures/import_and_scan'...
Listing './lib/python3.5/site-packages/venusian/tests/fixtures/importerror'...
Listing './lib/python3.5/site-packages/venusian/tests/fixtures/importerror_package'...
Listing './lib/python3.5/site-packages/venusian/tests/fixtures/importerror_package/will_cause_import_error'...
Listing './lib/python3.5/site-packages/venusian/tests/fixtures/importonly'...
Listing './lib/python3.5/site-packages/venusian/tests/fixtures/nested'...
Listing './lib/python3.5/site-packages/venusian/tests/fixtures/nested/sub1'...
Listing './lib/python3.5/site-packages/venusian/tests/fixtures/nested/sub1/subsub1'...
Listing './lib/python3.5/site-packages/venusian/tests/fixtures/nested/sub2'...
Listing './lib/python3.5/site-packages/venusian/tests/fixtures/nested/sub2/subsub2'...
Listing './lib/python3.5/site-packages/venusian/tests/fixtures/one'...
Listing './lib/python3.5/site-packages/venusian/tests/fixtures/pyc'...
Listing './lib/python3.5/site-packages/venusian/tests/fixtures/pyc/subpackage'...
Listing './lib/python3.5/site-packages/venusian/tests/fixtures/subpackages'...
Listing './lib/python3.5/site-packages/venusian/tests/fixtures/subpackages/childpackage'...
Listing './lib/python3.5/site-packages/venusian/tests/fixtures/two'...
Listing './lib/python3.5/site-packages/venusian-1.1.0.dist-info'...
Listing './lib/python3.5/site-packages/waitress'...
Listing './lib/python3.5/site-packages/waitress/tests'...
Listing './lib/python3.5/site-packages/waitress/tests/fixtureapps'...
Listing './lib/python3.5/site-packages/waitress-0.8.7.egg-info'...
Listing './lib/python3.5/site-packages/webob'...
Listing './lib/python3.5/site-packages/zmq'...
Listing './lib/python3.5/site-packages/zmq/cffi_core'...
Listing './lib/python3.5/site-packages/zmq/core'...
Listing './lib/python3.5/site-packages/zmq/devices'...
Listing './lib/python3.5/site-packages/zmq/eventloop'...
Listing './lib/python3.5/site-packages/zmq/eventloop/minitornado'...
Listing './lib/python3.5/site-packages/zmq/eventloop/minitornado/platform'...
Listing './lib/python3.5/site-packages/zmq/green'...
Listing './lib/python3.5/site-packages/zmq/green/eventloop'...
Listing './lib/python3.5/site-packages/zmq/log'...
Listing './lib/python3.5/site-packages/zmq/ssh'...
Listing './lib/python3.5/site-packages/zmq/sugar'...
Listing './lib/python3.5/site-packages/zmq/tests'...
Listing './lib/python3.5/site-packages/zmq/utils'...
Listing './lib/python3.5/site-packages/zope'...
Listing './lib/python3.5/site-packages/zope/component'...
Listing './lib/python3.5/site-packages/zope/component/testfiles'...
Listing './lib/python3.5/site-packages/zope/component/tests'...
Listing './lib/python3.5/site-packages/zope/configuration'...
Listing './lib/python3.5/site-packages/zope/configuration/tests'...
Listing './lib/python3.5/site-packages/zope/configuration/tests/excludedemo'...
Listing './lib/python3.5/site-packages/zope/configuration/tests/excludedemo/sub'...
Listing './lib/python3.5/site-packages/zope/configuration/tests/samplepackage'...
Listing './lib/python3.5/site-packages/zope/deprecation'...
Listing './lib/python3.5/site-packages/zope/event'...
Listing './lib/python3.5/site-packages/zope/i18nmessageid'...
Listing './lib/python3.5/site-packages/zope/interface'...
Listing './lib/python3.5/site-packages/zope/interface/common'...
Listing './lib/python3.5/site-packages/zope/interface/common/tests'...
Listing './lib/python3.5/site-packages/zope/interface/tests'...
Listing './lib/python3.5/site-packages/zope/schema'...
Listing './lib/python3.5/site-packages/zope/schema/tests'...
Listing './lib/python3.5/site-packages/zope/sqlalchemy'...
Listing './lib/python3.5/site-packages/zope.component-4.1.0.egg-info'...
Listing './lib/python3.5/site-packages/zope.configuration-4.0.2.egg-info'...
Listing './lib/python3.5/site-packages/zope.deprecation-4.3.0.dist-info'...
Listing './lib/python3.5/site-packages/zope.event-4.3.0.dist-info'...
Listing './lib/python3.5/site-packages/zope.i18nmessageid-4.1.0.dist-info'...
Listing './lib/python3.5/site-packages/zope.interface-4.0.5.egg-info'...
Listing './lib/python3.5/site-packages/zope.schema-4.5.0.dist-info'...
Listing './lib/python3.5/site-packages/zope.sqlalchemy-0.7.3.egg-info'...
Listing './share'...
Listing './share/python-wheels'...
