Listing '.'...
Listing './bin'...
Listing './include'...
Listing './lib'...
Listing './lib/python3.5'...
Listing './lib/python3.5/site-packages'...
Listing './lib/python3.5/site-packages/OLD'...
Listing './lib/python3.5/site-packages/OLD/builtin'...
Listing './lib/python3.5/site-packages/OLD/builtin/github'...
Listing './lib/python3.5/site-packages/OLD/core'...
Listing './lib/python3.5/site-packages/OLD/core/switches'...
Listing './lib/python3.5/site-packages/OLD/regex'...
Listing './lib/python3.5/site-packages/OLD/regex/markdown'...
Listing './lib/python3.5/site-packages/anchorhub'...
Listing './lib/python3.5/site-packages/anchorhub/builtin'...
Listing './lib/python3.5/site-packages/anchorhub/builtin/github'...
Listing './lib/python3.5/site-packages/anchorhub/builtin/regex'...
Listing './lib/python3.5/site-packages/anchorhub/exceptions'...
Listing './lib/python3.5/site-packages/anchorhub/lib'...
Listing './lib/python3.5/site-packages/anchorhub/normalization'...
Listing './lib/python3.5/site-packages/anchorhub/settings'...
Listing './lib/python3.5/site-packages/anchorhub/util'...
Listing './lib/python3.5/site-packages/anchorhub/validation'...
Listing './lib/python3.5/site-packages/anchorhub-0.14.dist-info'...
Listing './lib/python3.5/site-packages/nose'...
Listing './lib/python3.5/site-packages/nose/ext'...
Listing './lib/python3.5/site-packages/nose/plugins'...
Listing './lib/python3.5/site-packages/nose/sphinx'...
Listing './lib/python3.5/site-packages/nose/tools'...
Listing './lib/python3.5/site-packages/nose-1.3.7.dist-info'...
Listing './lib/python3.5/site-packages/pip'...
Listing './lib/python3.5/site-packages/pip/_vendor'...
Listing './lib/python3.5/site-packages/pip/commands'...
Listing './lib/python3.5/site-packages/pip/compat'...
Listing './lib/python3.5/site-packages/pip/models'...
Listing './lib/python3.5/site-packages/pip/operations'...
Listing './lib/python3.5/site-packages/pip/req'...
Listing './lib/python3.5/site-packages/pip/utils'...
Listing './lib/python3.5/site-packages/pip/vcs'...
Listing './lib/python3.5/site-packages/pip-9.0.1.dist-info'...
Listing './lib/python3.5/site-packages/pkg_resources'...
Listing './lib/python3.5/site-packages/pkg_resources/_vendor'...
Listing './lib/python3.5/site-packages/pkg_resources/_vendor/packaging'...
Listing './lib/python3.5/site-packages/pkg_resources/extern'...
Listing './lib/python3.5/site-packages/pkg_resources-0.0.0.dist-info'...
Listing './lib/python3.5/site-packages/setuptools'...
Listing './lib/python3.5/site-packages/setuptools/command'...
Listing './lib/python3.5/site-packages/setuptools/extern'...
Listing './lib/python3.5/site-packages/setuptools-32.3.1.dist-info'...
Listing './man'...
Listing './man/man1'...
Listing './share'...
Listing './share/python-wheels'...
