Listing '.'...
Listing './bin'...
Listing './include'...
Listing './lib'...
Listing './lib/python3.5'...
Listing './lib/python3.5/site-packages'...
Listing './lib/python3.5/site-packages/arsenal'...
Compiling './lib/python3.5/site-packages/arsenal/assertions.py'...
***   File "./lib/python3.5/site-packages/arsenal/assertions.py", line 59
    print 1/0
          ^
SyntaxError: Missing parentheses in call to 'print'

Listing './lib/python3.5/site-packages/arsenal/cache'...
Compiling './lib/python3.5/site-packages/arsenal/cache/lazyproperties.py'...
***   File "./lib/python3.5/site-packages/arsenal/cache/lazyproperties.py", line 102
    print x.log
          ^
SyntaxError: Missing parentheses in call to 'print'

Compiling './lib/python3.5/site-packages/arsenal/cache/memoize.py'...
***   File "./lib/python3.5/site-packages/arsenal/cache/memoize.py", line 97
    print '[ATEXIT] saved persistent cache for {self.func.__name__} to file "{self.filename}"'.format(self=self)
                                                                                             ^
SyntaxError: invalid syntax

Compiling './lib/python3.5/site-packages/arsenal/cache/pkl.py'...
***   File "./lib/python3.5/site-packages/arsenal/cache/pkl.py", line 15
    print '[load] %s, size = %s' % (f, filesize(f))
                               ^
SyntaxError: invalid syntax

Compiling './lib/python3.5/site-packages/arsenal/cache/timed.py'...
***   File "./lib/python3.5/site-packages/arsenal/cache/timed.py", line 74
    print diff
             ^
SyntaxError: Missing parentheses in call to 'print'

Compiling './lib/python3.5/site-packages/arsenal/daemon.py'...
***   File "./lib/python3.5/site-packages/arsenal/daemon.py", line 134
    print 'pid:', pid
               ^
SyntaxError: Missing parentheses in call to 'print'

Listing './lib/python3.5/site-packages/arsenal/datastructures'...
Compiling './lib/python3.5/site-packages/arsenal/datastructures/dawg.py'...
***   File "./lib/python3.5/site-packages/arsenal/datastructures/dawg.py", line 125
    print "Dawg creation took %g s" % (time.time() - start)
                                  ^
SyntaxError: invalid syntax

Listing './lib/python3.5/site-packages/arsenal/debug'...
Compiling './lib/python3.5/site-packages/arsenal/debug/breakin.py'...
***   File "./lib/python3.5/site-packages/arsenal/debug/breakin.py", line 112
    print 'You have %s seconds to hit \C-\\' % N
                                           ^
SyntaxError: Missing parentheses in call to 'print'

Compiling './lib/python3.5/site-packages/arsenal/debug/edit.py'...
***   File "./lib/python3.5/site-packages/arsenal/debug/edit.py", line 9
    print '[find_filename] %r' % (obj,)
                             ^
SyntaxError: invalid syntax

Compiling './lib/python3.5/site-packages/arsenal/debug/saverr.py'...
***   File "./lib/python3.5/site-packages/arsenal/debug/saverr.py", line 65
    print filename, lineno
                 ^
SyntaxError: Missing parentheses in call to 'print'

Compiling './lib/python3.5/site-packages/arsenal/debug/utils.py'...
***   File "./lib/python3.5/site-packages/arsenal/debug/utils.py", line 78
    print repr(o)
             ^
SyntaxError: invalid syntax

Compiling './lib/python3.5/site-packages/arsenal/fsutils.py'...
***   File "./lib/python3.5/site-packages/arsenal/fsutils.py", line 43
    print '[ensuredir]', d, 'suppressing:', e
                      ^
SyntaxError: Missing parentheses in call to 'print'

Compiling './lib/python3.5/site-packages/arsenal/humanreadable.py'...
***   File "./lib/python3.5/site-packages/arsenal/humanreadable.py", line 164
    print '======================================================================'
                                                                                 ^
SyntaxError: Missing parentheses in call to 'print'

Listing './lib/python3.5/site-packages/arsenal/math'...
Compiling './lib/python3.5/site-packages/arsenal/math/checkgrad.py'...
***   File "./lib/python3.5/site-packages/arsenal/math/checkgrad.py", line 174
    print red % 'dim = %s rel-err = %5.3f' % (('%%-%ss' % w) % (name,), relative_error), \
            ^
SyntaxError: invalid syntax

Compiling './lib/python3.5/site-packages/arsenal/math/combinatorics.py'...
***   File "./lib/python3.5/site-packages/arsenal/math/combinatorics.py", line 63
    print "Permutations of 'love'"
                                 ^
SyntaxError: Missing parentheses in call to 'print'

Compiling './lib/python3.5/site-packages/arsenal/math/compare.py'...
***   File "./lib/python3.5/site-packages/arsenal/math/compare.py", line 193
    print 'Comparison%s:' % (' (%s)' % self.name if self.name else ''), 'n=%s' % self.n
                        ^
SyntaxError: invalid syntax

Compiling './lib/python3.5/site-packages/arsenal/math/featureselection.py'...
***   File "./lib/python3.5/site-packages/arsenal/math/featureselection.py", line 238
    print 'label count'
                      ^
SyntaxError: Missing parentheses in call to 'print'

Compiling './lib/python3.5/site-packages/arsenal/math/pareto.py'...
***   File "./lib/python3.5/site-packages/arsenal/math/pareto.py", line 118
    print yellow % '[warn] Empty frontier'
               ^
SyntaxError: Missing parentheses in call to 'print'

Compiling './lib/python3.5/site-packages/arsenal/math/stats.py'...
***   File "./lib/python3.5/site-packages/arsenal/math/stats.py", line 61
    print '[paired perm] %s (p=%s)' % (c % 'X (%s) %s Y (%s)' % (fmt % mx,
                                  ^
SyntaxError: invalid syntax

Compiling './lib/python3.5/site-packages/arsenal/math/util.py'...
***   File "./lib/python3.5/site-packages/arsenal/math/util.py", line 409
    print msg, 'ok' if err < tol else 'fail'
            ^
SyntaxError: Missing parentheses in call to 'print'

Compiling './lib/python3.5/site-packages/arsenal/misc.py'...
***   File "./lib/python3.5/site-packages/arsenal/misc.py", line 62
    print color % '*'*80
              ^
SyntaxError: Missing parentheses in call to 'print'

Listing './lib/python3.5/site-packages/arsenal/nlp'...
Compiling './lib/python3.5/site-packages/arsenal/nlp/annotation.py'...
***   File "./lib/python3.5/site-packages/arsenal/nlp/annotation.py", line 206
    print '%s\t%s' % (label, w)
                 ^
SyntaxError: invalid syntax

Listing './lib/python3.5/site-packages/arsenal/nlp/data'...
Compiling './lib/python3.5/site-packages/arsenal/nlp/data/ptb.py'...
***   File "./lib/python3.5/site-packages/arsenal/nlp/data/ptb.py", line 140
    print chunk
              ^
SyntaxError: Missing parentheses in call to 'print'

Compiling './lib/python3.5/site-packages/arsenal/nlp/evaluation.py'...
***   File "./lib/python3.5/site-packages/arsenal/nlp/evaluation.py", line 48
    print r"""
\begin{tabular}{|l|c|c|c|c|}
\hline
 Label         &   Count   &   Precision   &   Recall   &   $F_1$   \\
\hline"""
              
                            
      
                                                                      
        ^
SyntaxError: Missing parentheses in call to 'print'

Listing './lib/python3.5/site-packages/arsenal/nlp/tests'...
Compiling './lib/python3.5/site-packages/arsenal/nlp/tests/annotation.py'...
***   File "./lib/python3.5/site-packages/arsenal/nlp/tests/annotation.py", line 24
    print 'passed sgml reconstruction test.'
                                           ^
SyntaxError: Missing parentheses in call to 'print'

Compiling './lib/python3.5/site-packages/arsenal/nlp/tests/bio2spantest.py'...
***   File "./lib/python3.5/site-packages/arsenal/nlp/tests/bio2spantest.py", line 59
    print x
          ^
SyntaxError: Missing parentheses in call to 'print'

Compiling './lib/python3.5/site-packages/arsenal/passwords.py'...
***   File "./lib/python3.5/site-packages/arsenal/passwords.py", line 5
    print 'Set password:'
                        ^
SyntaxError: Missing parentheses in call to 'print'

Compiling './lib/python3.5/site-packages/arsenal/profiling.py'...
***   File "./lib/python3.5/site-packages/arsenal/profiling.py", line 29
    print yellow % 'wrote: %s' % filename, '(use google-pprof to view)'
               ^
SyntaxError: invalid syntax

Compiling './lib/python3.5/site-packages/arsenal/robust.py'...
***   File "./lib/python3.5/site-packages/arsenal/robust.py", line 119
    print retry_apply(f, (10,), tries=2)
                    ^
SyntaxError: invalid syntax

Compiling './lib/python3.5/site-packages/arsenal/sysutil.py'...
***   File "./lib/python3.5/site-packages/arsenal/sysutil.py", line 13
    print 'memory usage: %.2f MB' % memory_usage()
                                ^
SyntaxError: invalid syntax

Listing './lib/python3.5/site-packages/arsenal/terminal'...
Compiling './lib/python3.5/site-packages/arsenal/terminal/ansi2html.py'...
***   File "./lib/python3.5/site-packages/arsenal/terminal/ansi2html.py", line 102
    print ansi2html(f.read())
                  ^
SyntaxError: invalid syntax

Compiling './lib/python3.5/site-packages/arsenal/terminal/colors.py'...
***   File "./lib/python3.5/site-packages/arsenal/terminal/colors.py", line 40
    print globals()[c] % c
                ^
SyntaxError: invalid syntax

Compiling './lib/python3.5/site-packages/arsenal/terminal/utils.py'...
***   File "./lib/python3.5/site-packages/arsenal/terminal/utils.py", line 87
    print 'Console width:', w
                         ^
SyntaxError: Missing parentheses in call to 'print'

Compiling './lib/python3.5/site-packages/arsenal/timer.py'...
***   File "./lib/python3.5/site-packages/arsenal/timer.py", line 92
    print '%s %s %s' % (self.name, '???', other.name)
                   ^
SyntaxError: invalid syntax

Listing './lib/python3.5/site-packages/arsenal/viz'...
Compiling './lib/python3.5/site-packages/arsenal/viz/util.py'...
***   File "./lib/python3.5/site-packages/arsenal/viz/util.py", line 28
    print yellow % 'saved plots to "%s"' % pdf
               ^
SyntaxError: Missing parentheses in call to 'print'

Listing './lib/python3.5/site-packages/arsenal/web'...
Compiling './lib/python3.5/site-packages/arsenal/web/download.py'...
***   File "./lib/python3.5/site-packages/arsenal/web/download.py", line 117
    print 'trying to download %s to file://%s' % (url, filename)
                                             ^
SyntaxError: invalid syntax

Listing './lib/python3.5/site-packages/arsenal-2.1.egg-info'...
Listing './lib/python3.5/site-packages/colored'...
Listing './lib/python3.5/site-packages/colored-1.3.5.egg-info'...
Listing './lib/python3.5/site-packages/numpy'...
Listing './lib/python3.5/site-packages/numpy/.libs'...
Listing './lib/python3.5/site-packages/numpy/compat'...
Listing './lib/python3.5/site-packages/numpy/core'...
Listing './lib/python3.5/site-packages/numpy/core/include'...
Listing './lib/python3.5/site-packages/numpy/core/include/numpy'...
Listing './lib/python3.5/site-packages/numpy/core/lib'...
Listing './lib/python3.5/site-packages/numpy/core/lib/npy-pkg-config'...
Listing './lib/python3.5/site-packages/numpy/core/tests'...
Listing './lib/python3.5/site-packages/numpy/core/tests/data'...
Listing './lib/python3.5/site-packages/numpy/distutils'...
Listing './lib/python3.5/site-packages/numpy/distutils/command'...
Listing './lib/python3.5/site-packages/numpy/distutils/fcompiler'...
Listing './lib/python3.5/site-packages/numpy/distutils/mingw'...
Listing './lib/python3.5/site-packages/numpy/distutils/tests'...
Listing './lib/python3.5/site-packages/numpy/doc'...
Listing './lib/python3.5/site-packages/numpy/f2py'...
Listing './lib/python3.5/site-packages/numpy/f2py/src'...
Listing './lib/python3.5/site-packages/numpy/f2py/tests'...
Listing './lib/python3.5/site-packages/numpy/f2py/tests/src'...
Listing './lib/python3.5/site-packages/numpy/f2py/tests/src/array_from_pyobj'...
Listing './lib/python3.5/site-packages/numpy/f2py/tests/src/assumed_shape'...
Listing './lib/python3.5/site-packages/numpy/f2py/tests/src/common'...
Listing './lib/python3.5/site-packages/numpy/f2py/tests/src/kind'...
Listing './lib/python3.5/site-packages/numpy/f2py/tests/src/mixed'...
Listing './lib/python3.5/site-packages/numpy/f2py/tests/src/parameter'...
Listing './lib/python3.5/site-packages/numpy/f2py/tests/src/regression'...
Listing './lib/python3.5/site-packages/numpy/f2py/tests/src/size'...
Listing './lib/python3.5/site-packages/numpy/f2py/tests/src/string'...
Listing './lib/python3.5/site-packages/numpy/fft'...
Listing './lib/python3.5/site-packages/numpy/fft/tests'...
Listing './lib/python3.5/site-packages/numpy/lib'...
Listing './lib/python3.5/site-packages/numpy/lib/tests'...
Listing './lib/python3.5/site-packages/numpy/lib/tests/data'...
Listing './lib/python3.5/site-packages/numpy/linalg'...
Listing './lib/python3.5/site-packages/numpy/linalg/tests'...
Listing './lib/python3.5/site-packages/numpy/ma'...
Listing './lib/python3.5/site-packages/numpy/ma/tests'...
Listing './lib/python3.5/site-packages/numpy/matrixlib'...
Listing './lib/python3.5/site-packages/numpy/matrixlib/tests'...
Listing './lib/python3.5/site-packages/numpy/polynomial'...
Listing './lib/python3.5/site-packages/numpy/polynomial/tests'...
Listing './lib/python3.5/site-packages/numpy/random'...
Listing './lib/python3.5/site-packages/numpy/random/tests'...
Listing './lib/python3.5/site-packages/numpy/testing'...
Listing './lib/python3.5/site-packages/numpy/testing/nose_tools'...
Listing './lib/python3.5/site-packages/numpy/testing/tests'...
Listing './lib/python3.5/site-packages/numpy/tests'...
Listing './lib/python3.5/site-packages/numpy-1.14.0.dist-info'...
Listing './lib/python3.5/site-packages/path.py-10.5.dist-info'...
Listing './lib/python3.5/site-packages/pip'...
Listing './lib/python3.5/site-packages/pip/_vendor'...
Listing './lib/python3.5/site-packages/pip/commands'...
Listing './lib/python3.5/site-packages/pip/compat'...
Listing './lib/python3.5/site-packages/pip/models'...
Listing './lib/python3.5/site-packages/pip/operations'...
Listing './lib/python3.5/site-packages/pip/req'...
Listing './lib/python3.5/site-packages/pip/utils'...
Listing './lib/python3.5/site-packages/pip/vcs'...
Listing './lib/python3.5/site-packages/pip-9.0.1.dist-info'...
Listing './lib/python3.5/site-packages/pkg_resources'...
Listing './lib/python3.5/site-packages/pkg_resources/_vendor'...
Listing './lib/python3.5/site-packages/pkg_resources/_vendor/packaging'...
Listing './lib/python3.5/site-packages/pkg_resources/extern'...
Listing './lib/python3.5/site-packages/pkg_resources-0.0.0.dist-info'...
Listing './lib/python3.5/site-packages/setuptools'...
Listing './lib/python3.5/site-packages/setuptools/command'...
Listing './lib/python3.5/site-packages/setuptools/extern'...
Listing './lib/python3.5/site-packages/setuptools-32.3.1.dist-info'...
Listing './share'...
Listing './share/python-wheels'...
