Listing '.'...
Listing './bin'...
Listing './include'...
Listing './lib'...
Listing './lib/python3.5'...
Listing './lib/python3.5/site-packages'...
Listing './lib/python3.5/site-packages/amqp'...
Listing './lib/python3.5/site-packages/amqp-2.2.2.dist-info'...
Listing './lib/python3.5/site-packages/asgi_amqp'...
Listing './lib/python3.5/site-packages/asgi_amqp/tests'...
Listing './lib/python3.5/site-packages/asgi_amqp-1.0.3.dist-info'...
Listing './lib/python3.5/site-packages/asgiref'...
Listing './lib/python3.5/site-packages/asgiref-1.1.2.dist-info'...
Listing './lib/python3.5/site-packages/jsonpickle'...
Listing './lib/python3.5/site-packages/jsonpickle/ext'...
Listing './lib/python3.5/site-packages/jsonpickle-0.9.5.egg-info'...
Listing './lib/python3.5/site-packages/kombu'...
Listing './lib/python3.5/site-packages/kombu/async'...
Listing './lib/python3.5/site-packages/kombu/async/aws'...
Listing './lib/python3.5/site-packages/kombu/async/aws/sqs'...
Listing './lib/python3.5/site-packages/kombu/async/http'...
Listing './lib/python3.5/site-packages/kombu/transport'...
Listing './lib/python3.5/site-packages/kombu/transport/sqlalchemy'...
Listing './lib/python3.5/site-packages/kombu/transport/virtual'...
Listing './lib/python3.5/site-packages/kombu/utils'...
Listing './lib/python3.5/site-packages/kombu-4.1.0.dist-info'...
Listing './lib/python3.5/site-packages/msgpack'...
Listing './lib/python3.5/site-packages/msgpack_python-0.5.1.egg-info'...
Listing './lib/python3.5/site-packages/pip'...
Listing './lib/python3.5/site-packages/pip/_vendor'...
Listing './lib/python3.5/site-packages/pip/commands'...
Listing './lib/python3.5/site-packages/pip/compat'...
Listing './lib/python3.5/site-packages/pip/models'...
Listing './lib/python3.5/site-packages/pip/operations'...
Listing './lib/python3.5/site-packages/pip/req'...
Listing './lib/python3.5/site-packages/pip/utils'...
Listing './lib/python3.5/site-packages/pip/vcs'...
Listing './lib/python3.5/site-packages/pip-9.0.1.dist-info'...
Listing './lib/python3.5/site-packages/pkg_resources'...
Listing './lib/python3.5/site-packages/pkg_resources/_vendor'...
Listing './lib/python3.5/site-packages/pkg_resources/_vendor/packaging'...
Listing './lib/python3.5/site-packages/pkg_resources/extern'...
Listing './lib/python3.5/site-packages/pkg_resources-0.0.0.dist-info'...
Listing './lib/python3.5/site-packages/setuptools'...
Listing './lib/python3.5/site-packages/setuptools/command'...
Listing './lib/python3.5/site-packages/setuptools/extern'...
Listing './lib/python3.5/site-packages/setuptools-32.3.1.dist-info'...
Listing './lib/python3.5/site-packages/six-1.11.0.dist-info'...
Listing './lib/python3.5/site-packages/vine'...
Listing './lib/python3.5/site-packages/vine-1.1.4.dist-info'...
Listing './share'...
Listing './share/python-wheels'...
