Listing '.'...
Listing './bin'...
Listing './include'...
Listing './lib'...
Listing './lib/python3.5'...
Listing './lib/python3.5/site-packages'...
Listing './lib/python3.5/site-packages/AsynMongo'...
Compiling './lib/python3.5/site-packages/AsynMongo/AsynMongo.py'...
***   File "./lib/python3.5/site-packages/AsynMongo/AsynMongo.py", line 293
    print "insert ok!"
                     ^
SyntaxError: Missing parentheses in call to 'print'

Listing './lib/python3.5/site-packages/AsynMongo/QueueManager'...
Compiling './lib/python3.5/site-packages/AsynMongo/QueueManager/QueueManager.py'...
***   File "./lib/python3.5/site-packages/AsynMongo/QueueManager/QueueManager.py", line 95
    print "http://%s:%d/ is open." % (host, port)
                                 ^
SyntaxError: invalid syntax

Listing './lib/python3.5/site-packages/AsynMongo-0.2.8.egg-info'...
Listing './lib/python3.5/site-packages/pip'...
Listing './lib/python3.5/site-packages/pip/_vendor'...
Listing './lib/python3.5/site-packages/pip/commands'...
Listing './lib/python3.5/site-packages/pip/compat'...
Listing './lib/python3.5/site-packages/pip/models'...
Listing './lib/python3.5/site-packages/pip/operations'...
Listing './lib/python3.5/site-packages/pip/req'...
Listing './lib/python3.5/site-packages/pip/utils'...
Listing './lib/python3.5/site-packages/pip/vcs'...
Listing './lib/python3.5/site-packages/pip-9.0.1.dist-info'...
Listing './lib/python3.5/site-packages/pkg_resources'...
Listing './lib/python3.5/site-packages/pkg_resources/_vendor'...
Listing './lib/python3.5/site-packages/pkg_resources/_vendor/packaging'...
Listing './lib/python3.5/site-packages/pkg_resources/extern'...
Listing './lib/python3.5/site-packages/pkg_resources-0.0.0.dist-info'...
Listing './lib/python3.5/site-packages/setuptools'...
Listing './lib/python3.5/site-packages/setuptools/command'...
Listing './lib/python3.5/site-packages/setuptools/extern'...
Listing './lib/python3.5/site-packages/setuptools-32.3.1.dist-info'...
Listing './share'...
Listing './share/python-wheels'...
