Listing '.'...
Listing './bin'...
Listing './include'...
Listing './lib'...
Listing './lib/python3.5'...
Listing './lib/python3.5/site-packages'...
Listing './lib/python3.5/site-packages/aioamqp'...
Listing './lib/python3.5/site-packages/aioamqp-0.10.0.dist-info'...
Listing './lib/python3.5/site-packages/aiohttp'...
Listing './lib/python3.5/site-packages/aiohttp-2.3.7.dist-info'...
Listing './lib/python3.5/site-packages/aioredis'...
Listing './lib/python3.5/site-packages/aioredis/commands'...
Listing './lib/python3.5/site-packages/aioredis/sentinel'...
Listing './lib/python3.5/site-packages/aioredis-1.0.0.dist-info'...
Listing './lib/python3.5/site-packages/async_timeout'...
Listing './lib/python3.5/site-packages/async_timeout-2.0.0.dist-info'...
Listing './lib/python3.5/site-packages/asynchttplib-0.3.4.egg-info'...
Listing './lib/python3.5/site-packages/asynclib'...
Listing './lib/python3.5/site-packages/asynclib/amqp'...
Listing './lib/python3.5/site-packages/asynclib/database'...
Listing './lib/python3.5/site-packages/asynclib/denorm_s'...
Listing './lib/python3.5/site-packages/asynclib/http'...
Listing './lib/python3.5/site-packages/asynclib/utils'...
Listing './lib/python3.5/site-packages/bson'...
Listing './lib/python3.5/site-packages/chardet'...
Listing './lib/python3.5/site-packages/chardet/cli'...
Listing './lib/python3.5/site-packages/chardet-3.0.4.dist-info'...
Listing './lib/python3.5/site-packages/flatdict-1.2.0.dist-info'...
Listing './lib/python3.5/site-packages/gridfs'...
Listing './lib/python3.5/site-packages/hiredis'...
Listing './lib/python3.5/site-packages/hiredis-0.2.0.egg-info'...
Listing './lib/python3.5/site-packages/idna'...
Listing './lib/python3.5/site-packages/idna-2.6.dist-info'...
Listing './lib/python3.5/site-packages/marshmallow'...
Listing './lib/python3.5/site-packages/marshmallow-2.15.0.dist-info'...
Listing './lib/python3.5/site-packages/motor'...
Listing './lib/python3.5/site-packages/motor/aiohttp'...
Listing './lib/python3.5/site-packages/motor/frameworks'...
Listing './lib/python3.5/site-packages/motor/frameworks/asyncio'...
Listing './lib/python3.5/site-packages/motor/frameworks/tornado'...
Listing './lib/python3.5/site-packages/motor-1.2.0.egg-info'...
Listing './lib/python3.5/site-packages/multidict'...
Listing './lib/python3.5/site-packages/multidict-3.3.2.dist-info'...
Listing './lib/python3.5/site-packages/pip'...
Listing './lib/python3.5/site-packages/pip/_vendor'...
Listing './lib/python3.5/site-packages/pip/commands'...
Listing './lib/python3.5/site-packages/pip/compat'...
Listing './lib/python3.5/site-packages/pip/models'...
Listing './lib/python3.5/site-packages/pip/operations'...
Listing './lib/python3.5/site-packages/pip/req'...
Listing './lib/python3.5/site-packages/pip/utils'...
Listing './lib/python3.5/site-packages/pip/vcs'...
Listing './lib/python3.5/site-packages/pip-9.0.1.dist-info'...
Listing './lib/python3.5/site-packages/pkg_resources'...
Listing './lib/python3.5/site-packages/pkg_resources/_vendor'...
Listing './lib/python3.5/site-packages/pkg_resources/_vendor/packaging'...
Listing './lib/python3.5/site-packages/pkg_resources/extern'...
Listing './lib/python3.5/site-packages/pkg_resources-0.0.0.dist-info'...
Listing './lib/python3.5/site-packages/pymongo'...
Listing './lib/python3.5/site-packages/pymongo-3.6.0.dist-info'...
Listing './lib/python3.5/site-packages/setuptools'...
Listing './lib/python3.5/site-packages/setuptools/command'...
Listing './lib/python3.5/site-packages/setuptools/extern'...
Listing './lib/python3.5/site-packages/setuptools-32.3.1.dist-info'...
Listing './lib/python3.5/site-packages/uvloop'...
Listing './lib/python3.5/site-packages/uvloop/handles'...
Listing './lib/python3.5/site-packages/uvloop/includes'...
Listing './lib/python3.5/site-packages/uvloop-0.9.1.dist-info'...
Listing './lib/python3.5/site-packages/webargs'...
Listing './lib/python3.5/site-packages/webargs-1.8.1.dist-info'...
Listing './lib/python3.5/site-packages/yarl'...
Listing './lib/python3.5/site-packages/yarl-0.18.0.dist-info'...
Listing './share'...
Listing './share/python-wheels'...
