Listing '.'...
Listing './bin'...
Compiling './bin/EXIF.py'...
Listing './include'...
Listing './lib'...
Listing './lib/python3.5'...
Listing './lib/python3.5/site-packages'...
Listing './lib/python3.5/site-packages/.libs_cffi_backend'...
Listing './lib/python3.5/site-packages/ExifRead-2.1.2.egg-info'...
Listing './lib/python3.5/site-packages/PIL'...
Listing './lib/python3.5/site-packages/PIL/.libs'...
Listing './lib/python3.5/site-packages/Pillow-5.0.0.dist-info'...
Listing './lib/python3.5/site-packages/PyWavelets-0.5.2.dist-info'...
Listing './lib/python3.5/site-packages/SecretStorage-2.3.1.egg-info'...
Listing './lib/python3.5/site-packages/_pytest'...
Listing './lib/python3.5/site-packages/_pytest/_code'...
Listing './lib/python3.5/site-packages/_pytest/assertion'...
Listing './lib/python3.5/site-packages/asn1crypto'...
Listing './lib/python3.5/site-packages/asn1crypto/_perf'...
Listing './lib/python3.5/site-packages/asn1crypto-0.24.0.dist-info'...
Listing './lib/python3.5/site-packages/astropy'...
Listing './lib/python3.5/site-packages/astropy/_erfa'...
Listing './lib/python3.5/site-packages/astropy/_erfa/tests'...
Listing './lib/python3.5/site-packages/astropy/analytic_functions'...
Listing './lib/python3.5/site-packages/astropy/analytic_functions/tests'...
Listing './lib/python3.5/site-packages/astropy/config'...
Listing './lib/python3.5/site-packages/astropy/config/tests'...
Listing './lib/python3.5/site-packages/astropy/config/tests/data'...
Listing './lib/python3.5/site-packages/astropy/constants'...
Listing './lib/python3.5/site-packages/astropy/constants/tests'...
Listing './lib/python3.5/site-packages/astropy/convolution'...
Listing './lib/python3.5/site-packages/astropy/convolution/tests'...
Listing './lib/python3.5/site-packages/astropy/coordinates'...
Listing './lib/python3.5/site-packages/astropy/coordinates/builtin_frames'...
Listing './lib/python3.5/site-packages/astropy/coordinates/data'...
Listing './lib/python3.5/site-packages/astropy/coordinates/tests'...
Listing './lib/python3.5/site-packages/astropy/coordinates/tests/accuracy'...
Listing './lib/python3.5/site-packages/astropy/cosmology'...
Listing './lib/python3.5/site-packages/astropy/cosmology/tests'...
Listing './lib/python3.5/site-packages/astropy/extern'...
Listing './lib/python3.5/site-packages/astropy/extern/bundled'...
Listing './lib/python3.5/site-packages/astropy/extern/configobj'...
Listing './lib/python3.5/site-packages/astropy/extern/css'...
Listing './lib/python3.5/site-packages/astropy/extern/js'...
Listing './lib/python3.5/site-packages/astropy/extern/plugins'...
Listing './lib/python3.5/site-packages/astropy/extern/plugins/pytest_doctestplus'...
Listing './lib/python3.5/site-packages/astropy/extern/plugins/pytest_openfiles'...
Listing './lib/python3.5/site-packages/astropy/extern/plugins/pytest_remotedata'...
Listing './lib/python3.5/site-packages/astropy/extern/ply'...
Listing './lib/python3.5/site-packages/astropy/io'...
Listing './lib/python3.5/site-packages/astropy/io/ascii'...
Listing './lib/python3.5/site-packages/astropy/io/ascii/tests'...
Listing './lib/python3.5/site-packages/astropy/io/ascii/tests/t'...
Listing './lib/python3.5/site-packages/astropy/io/ascii/tests/t/cds'...
Listing './lib/python3.5/site-packages/astropy/io/ascii/tests/t/cds/description'...
Listing './lib/python3.5/site-packages/astropy/io/ascii/tests/t/cds/glob'...
Listing './lib/python3.5/site-packages/astropy/io/ascii/tests/t/cds/multi'...
Listing './lib/python3.5/site-packages/astropy/io/ascii/tests/t/vizier'...
Listing './lib/python3.5/site-packages/astropy/io/fits'...
Listing './lib/python3.5/site-packages/astropy/io/fits/hdu'...
Listing './lib/python3.5/site-packages/astropy/io/fits/scripts'...
Listing './lib/python3.5/site-packages/astropy/io/fits/tests'...
Listing './lib/python3.5/site-packages/astropy/io/fits/tests/data'...
Listing './lib/python3.5/site-packages/astropy/io/misc'...
Listing './lib/python3.5/site-packages/astropy/io/misc/tests'...
Listing './lib/python3.5/site-packages/astropy/io/tests'...
Listing './lib/python3.5/site-packages/astropy/io/votable'...
Listing './lib/python3.5/site-packages/astropy/io/votable/data'...
Listing './lib/python3.5/site-packages/astropy/io/votable/tests'...
Listing './lib/python3.5/site-packages/astropy/io/votable/tests/data'...
Listing './lib/python3.5/site-packages/astropy/io/votable/validator'...
Listing './lib/python3.5/site-packages/astropy/io/votable/validator/urls'...
Listing './lib/python3.5/site-packages/astropy/modeling'...
Listing './lib/python3.5/site-packages/astropy/modeling/tests'...
Listing './lib/python3.5/site-packages/astropy/modeling/tests/data'...
Listing './lib/python3.5/site-packages/astropy/nddata'...
Listing './lib/python3.5/site-packages/astropy/nddata/mixins'...
Listing './lib/python3.5/site-packages/astropy/nddata/mixins/tests'...
Listing './lib/python3.5/site-packages/astropy/nddata/tests'...
Listing './lib/python3.5/site-packages/astropy/nddata/tests/data'...
Listing './lib/python3.5/site-packages/astropy/samp'...
Listing './lib/python3.5/site-packages/astropy/samp/data'...
Listing './lib/python3.5/site-packages/astropy/samp/tests'...
Listing './lib/python3.5/site-packages/astropy/stats'...
Listing './lib/python3.5/site-packages/astropy/stats/lombscargle'...
Listing './lib/python3.5/site-packages/astropy/stats/lombscargle/implementations'...
Listing './lib/python3.5/site-packages/astropy/stats/lombscargle/implementations/tests'...
Listing './lib/python3.5/site-packages/astropy/stats/lombscargle/tests'...
Listing './lib/python3.5/site-packages/astropy/stats/tests'...
Listing './lib/python3.5/site-packages/astropy/table'...
Listing './lib/python3.5/site-packages/astropy/table/tests'...
Listing './lib/python3.5/site-packages/astropy/tests'...
Listing './lib/python3.5/site-packages/astropy/tests/tests'...
Listing './lib/python3.5/site-packages/astropy/tests/tests/data'...
Listing './lib/python3.5/site-packages/astropy/time'...
Listing './lib/python3.5/site-packages/astropy/time/tests'...
Listing './lib/python3.5/site-packages/astropy/units'...
Listing './lib/python3.5/site-packages/astropy/units/format'...
Listing './lib/python3.5/site-packages/astropy/units/function'...
Listing './lib/python3.5/site-packages/astropy/units/tests'...
Listing './lib/python3.5/site-packages/astropy/utils'...
Listing './lib/python3.5/site-packages/astropy/utils/compat'...
Listing './lib/python3.5/site-packages/astropy/utils/compat/futures'...
Listing './lib/python3.5/site-packages/astropy/utils/compat/numpy'...
Listing './lib/python3.5/site-packages/astropy/utils/compat/numpy/core'...
Listing './lib/python3.5/site-packages/astropy/utils/compat/numpy/lib'...
Listing './lib/python3.5/site-packages/astropy/utils/compat/numpy/tests'...
Listing './lib/python3.5/site-packages/astropy/utils/iers'...
Listing './lib/python3.5/site-packages/astropy/utils/iers/data'...
Listing './lib/python3.5/site-packages/astropy/utils/iers/tests'...
Listing './lib/python3.5/site-packages/astropy/utils/tests'...
Listing './lib/python3.5/site-packages/astropy/utils/tests/data'...
Listing './lib/python3.5/site-packages/astropy/utils/tests/data/test_package'...
Listing './lib/python3.5/site-packages/astropy/utils/tests/data/test_package/data'...
Listing './lib/python3.5/site-packages/astropy/utils/xml'...
Listing './lib/python3.5/site-packages/astropy/utils/xml/tests'...
Listing './lib/python3.5/site-packages/astropy/visualization'...
Listing './lib/python3.5/site-packages/astropy/visualization/scripts'...
Listing './lib/python3.5/site-packages/astropy/visualization/scripts/tests'...
Listing './lib/python3.5/site-packages/astropy/visualization/tests'...
Listing './lib/python3.5/site-packages/astropy/visualization/wcsaxes'...
Listing './lib/python3.5/site-packages/astropy/visualization/wcsaxes/tests'...
Listing './lib/python3.5/site-packages/astropy/visualization/wcsaxes/tests/data'...
Listing './lib/python3.5/site-packages/astropy/vo'...
Listing './lib/python3.5/site-packages/astropy/vo/client'...
Listing './lib/python3.5/site-packages/astropy/vo/client/tests'...
Listing './lib/python3.5/site-packages/astropy/vo/client/tests/data'...
Listing './lib/python3.5/site-packages/astropy/vo/samp'...
Listing './lib/python3.5/site-packages/astropy/vo/validator'...
Listing './lib/python3.5/site-packages/astropy/vo/validator/data'...
Listing './lib/python3.5/site-packages/astropy/vo/validator/tests'...
Listing './lib/python3.5/site-packages/astropy/vo/validator/tests/data'...
Listing './lib/python3.5/site-packages/astropy/wcs'...
Listing './lib/python3.5/site-packages/astropy/wcs/include'...
Listing './lib/python3.5/site-packages/astropy/wcs/include/astropy_wcs'...
Listing './lib/python3.5/site-packages/astropy/wcs/include/wcslib'...
Listing './lib/python3.5/site-packages/astropy/wcs/tests'...
Listing './lib/python3.5/site-packages/astropy/wcs/tests/data'...
Listing './lib/python3.5/site-packages/astropy/wcs/tests/extension'...
Listing './lib/python3.5/site-packages/astropy/wcs/tests/maps'...
Listing './lib/python3.5/site-packages/astropy/wcs/tests/spectra'...
Listing './lib/python3.5/site-packages/astropy-2.0.3.dist-info'...
Listing './lib/python3.5/site-packages/astroquery'...
Listing './lib/python3.5/site-packages/astroquery/alfalfa'...
Listing './lib/python3.5/site-packages/astroquery/alfalfa/tests'...
Listing './lib/python3.5/site-packages/astroquery/alfalfa/tests/data'...
Listing './lib/python3.5/site-packages/astroquery/alma'...
Listing './lib/python3.5/site-packages/astroquery/alma/data'...
Listing './lib/python3.5/site-packages/astroquery/alma/tests'...
Listing './lib/python3.5/site-packages/astroquery/alma/tests/data'...
Listing './lib/python3.5/site-packages/astroquery/atomic'...
Listing './lib/python3.5/site-packages/astroquery/atomic/tests'...
Listing './lib/python3.5/site-packages/astroquery/atomic/tests/data'...
Listing './lib/python3.5/site-packages/astroquery/besancon'...
Listing './lib/python3.5/site-packages/astroquery/besancon/tests'...
Listing './lib/python3.5/site-packages/astroquery/besancon/tests/data'...
Listing './lib/python3.5/site-packages/astroquery/cosmosim'...
Listing './lib/python3.5/site-packages/astroquery/cosmosim/tests'...
Listing './lib/python3.5/site-packages/astroquery/data'...
Listing './lib/python3.5/site-packages/astroquery/esasky'...
Listing './lib/python3.5/site-packages/astroquery/esasky/tests'...
Listing './lib/python3.5/site-packages/astroquery/esasky/tests/data'...
Listing './lib/python3.5/site-packages/astroquery/eso'...
Listing './lib/python3.5/site-packages/astroquery/eso/tests'...
Listing './lib/python3.5/site-packages/astroquery/eso/tests/data'...
Listing './lib/python3.5/site-packages/astroquery/fermi'...
Listing './lib/python3.5/site-packages/astroquery/fermi/tests'...
Listing './lib/python3.5/site-packages/astroquery/fermi/tests/data'...
Listing './lib/python3.5/site-packages/astroquery/gaia'...
Listing './lib/python3.5/site-packages/astroquery/gaia/tests'...
Listing './lib/python3.5/site-packages/astroquery/gaia/tests/data'...
Listing './lib/python3.5/site-packages/astroquery/gama'...
Listing './lib/python3.5/site-packages/astroquery/gama/tests'...
Listing './lib/python3.5/site-packages/astroquery/gama/tests/data'...
Listing './lib/python3.5/site-packages/astroquery/heasarc'...
Listing './lib/python3.5/site-packages/astroquery/heasarc/tests'...
Listing './lib/python3.5/site-packages/astroquery/hitran'...
Listing './lib/python3.5/site-packages/astroquery/hitran/data'...
Listing './lib/python3.5/site-packages/astroquery/hitran/tests'...
Listing './lib/python3.5/site-packages/astroquery/hitran/tests/data'...
Listing './lib/python3.5/site-packages/astroquery/ibe'...
Listing './lib/python3.5/site-packages/astroquery/ibe/tests'...
Listing './lib/python3.5/site-packages/astroquery/ibe/tests/data'...
Listing './lib/python3.5/site-packages/astroquery/irsa'...
Listing './lib/python3.5/site-packages/astroquery/irsa/tests'...
Listing './lib/python3.5/site-packages/astroquery/irsa/tests/data'...
Listing './lib/python3.5/site-packages/astroquery/irsa_dust'...
Listing './lib/python3.5/site-packages/astroquery/irsa_dust/tests'...
Listing './lib/python3.5/site-packages/astroquery/irsa_dust/tests/data'...
Listing './lib/python3.5/site-packages/astroquery/lamda'...
Listing './lib/python3.5/site-packages/astroquery/lamda/tests'...
Listing './lib/python3.5/site-packages/astroquery/lamda/tests/data'...
Listing './lib/python3.5/site-packages/astroquery/lcogt'...
Listing './lib/python3.5/site-packages/astroquery/lcogt/tests'...
Listing './lib/python3.5/site-packages/astroquery/lcogt/tests/data'...
Listing './lib/python3.5/site-packages/astroquery/magpis'...
Listing './lib/python3.5/site-packages/astroquery/magpis/tests'...
Listing './lib/python3.5/site-packages/astroquery/magpis/tests/data'...
Listing './lib/python3.5/site-packages/astroquery/mast'...
Listing './lib/python3.5/site-packages/astroquery/mast/tests'...
Listing './lib/python3.5/site-packages/astroquery/mast/tests/data'...
Listing './lib/python3.5/site-packages/astroquery/nasa_ads'...
Listing './lib/python3.5/site-packages/astroquery/nasa_ads/tests'...
Listing './lib/python3.5/site-packages/astroquery/ned'...
Listing './lib/python3.5/site-packages/astroquery/ned/data'...
Listing './lib/python3.5/site-packages/astroquery/ned/tests'...
Listing './lib/python3.5/site-packages/astroquery/ned/tests/data'...
Listing './lib/python3.5/site-packages/astroquery/nist'...
Listing './lib/python3.5/site-packages/astroquery/nist/tests'...
Listing './lib/python3.5/site-packages/astroquery/nist/tests/data'...
Listing './lib/python3.5/site-packages/astroquery/nrao'...
Listing './lib/python3.5/site-packages/astroquery/nrao/tests'...
Listing './lib/python3.5/site-packages/astroquery/nrao/tests/data'...
Listing './lib/python3.5/site-packages/astroquery/nvas'...
Listing './lib/python3.5/site-packages/astroquery/nvas/tests'...
Listing './lib/python3.5/site-packages/astroquery/nvas/tests/data'...
Listing './lib/python3.5/site-packages/astroquery/ogle'...
Listing './lib/python3.5/site-packages/astroquery/ogle/tests'...
Listing './lib/python3.5/site-packages/astroquery/ogle/tests/data'...
Listing './lib/python3.5/site-packages/astroquery/open_exoplanet_catalogue'...
Listing './lib/python3.5/site-packages/astroquery/open_exoplanet_catalogue/tests'...
Listing './lib/python3.5/site-packages/astroquery/open_exoplanet_catalogue/tests/data'...
Listing './lib/python3.5/site-packages/astroquery/sdss'...
Listing './lib/python3.5/site-packages/astroquery/sdss/data'...
Listing './lib/python3.5/site-packages/astroquery/sdss/tests'...
Listing './lib/python3.5/site-packages/astroquery/sdss/tests/data'...
Listing './lib/python3.5/site-packages/astroquery/sha'...
Listing './lib/python3.5/site-packages/astroquery/sha/tests'...
Listing './lib/python3.5/site-packages/astroquery/sha/tests/data'...
Listing './lib/python3.5/site-packages/astroquery/simbad'...
Listing './lib/python3.5/site-packages/astroquery/simbad/data'...
Listing './lib/python3.5/site-packages/astroquery/simbad/tests'...
Listing './lib/python3.5/site-packages/astroquery/simbad/tests/data'...
Listing './lib/python3.5/site-packages/astroquery/skyview'...
Listing './lib/python3.5/site-packages/astroquery/skyview/tests'...
Listing './lib/python3.5/site-packages/astroquery/skyview/tests/data'...
Listing './lib/python3.5/site-packages/astroquery/splatalogue'...
Listing './lib/python3.5/site-packages/astroquery/splatalogue/data'...
Listing './lib/python3.5/site-packages/astroquery/splatalogue/tests'...
Listing './lib/python3.5/site-packages/astroquery/splatalogue/tests/data'...
Listing './lib/python3.5/site-packages/astroquery/template_module'...
Listing './lib/python3.5/site-packages/astroquery/template_module/tests'...
Listing './lib/python3.5/site-packages/astroquery/template_module/tests/data'...
Listing './lib/python3.5/site-packages/astroquery/tests'...
Listing './lib/python3.5/site-packages/astroquery/ukidss'...
Listing './lib/python3.5/site-packages/astroquery/ukidss/tests'...
Listing './lib/python3.5/site-packages/astroquery/ukidss/tests/data'...
Listing './lib/python3.5/site-packages/astroquery/utils'...
Listing './lib/python3.5/site-packages/astroquery/utils/tap'...
Listing './lib/python3.5/site-packages/astroquery/utils/tap/conn'...
Listing './lib/python3.5/site-packages/astroquery/utils/tap/conn/tests'...
Listing './lib/python3.5/site-packages/astroquery/utils/tap/gui'...
Listing './lib/python3.5/site-packages/astroquery/utils/tap/model'...
Listing './lib/python3.5/site-packages/astroquery/utils/tap/model/tests'...
Listing './lib/python3.5/site-packages/astroquery/utils/tap/model/tests/data'...
Listing './lib/python3.5/site-packages/astroquery/utils/tap/tests'...
Listing './lib/python3.5/site-packages/astroquery/utils/tap/tests/data'...
Listing './lib/python3.5/site-packages/astroquery/utils/tap/xmlparser'...
Listing './lib/python3.5/site-packages/astroquery/utils/tap/xmlparser/tests'...
Listing './lib/python3.5/site-packages/astroquery/utils/tap/xmlparser/tests/data'...
Listing './lib/python3.5/site-packages/astroquery/utils/tests'...
Listing './lib/python3.5/site-packages/astroquery/vamdc'...
Listing './lib/python3.5/site-packages/astroquery/vamdc/tests'...
Listing './lib/python3.5/site-packages/astroquery/vizier'...
Listing './lib/python3.5/site-packages/astroquery/vizier/data'...
Listing './lib/python3.5/site-packages/astroquery/vizier/tests'...
Listing './lib/python3.5/site-packages/astroquery/vizier/tests/data'...
Listing './lib/python3.5/site-packages/astroquery/vo_conesearch'...
Listing './lib/python3.5/site-packages/astroquery/vo_conesearch/tests'...
Listing './lib/python3.5/site-packages/astroquery/vo_conesearch/tests/data'...
Listing './lib/python3.5/site-packages/astroquery/vo_conesearch/validator'...
Listing './lib/python3.5/site-packages/astroquery/vo_conesearch/validator/data'...
Listing './lib/python3.5/site-packages/astroquery/vo_conesearch/validator/tests'...
Listing './lib/python3.5/site-packages/astroquery/vo_conesearch/validator/tests/data'...
Listing './lib/python3.5/site-packages/astroquery/xmatch'...
Listing './lib/python3.5/site-packages/astroquery/xmatch/tests'...
Listing './lib/python3.5/site-packages/astroquery/xmatch/tests/data'...
Listing './lib/python3.5/site-packages/astroquery-0.3.6.post2.egg-info'...
Listing './lib/python3.5/site-packages/attr'...
Listing './lib/python3.5/site-packages/attrs-17.4.0.dist-info'...
Listing './lib/python3.5/site-packages/auromat'...
Listing './lib/python3.5/site-packages/auromat/cli'...
Listing './lib/python3.5/site-packages/auromat/coordinates'...
Listing './lib/python3.5/site-packages/auromat/export'...
Listing './lib/python3.5/site-packages/auromat/mapping'...
Listing './lib/python3.5/site-packages/auromat/resources'...
Listing './lib/python3.5/site-packages/auromat/solving'...
Listing './lib/python3.5/site-packages/auromat/test'...
Listing './lib/python3.5/site-packages/auromat/util'...
Listing './lib/python3.5/site-packages/auromat-1.0.8.egg-info'...
Listing './lib/python3.5/site-packages/beautifulsoup4-4.6.0.dist-info'...
Listing './lib/python3.5/site-packages/brewer2mpl'...
Listing './lib/python3.5/site-packages/brewer2mpl/data'...
Listing './lib/python3.5/site-packages/brewer2mpl/wesanderson'...
Listing './lib/python3.5/site-packages/brewer2mpl-1.4.1.dist-info'...
Listing './lib/python3.5/site-packages/bs4'...
Listing './lib/python3.5/site-packages/bs4/builder'...
Listing './lib/python3.5/site-packages/bs4/tests'...
Listing './lib/python3.5/site-packages/certifi'...
Listing './lib/python3.5/site-packages/certifi-2017.11.5.dist-info'...
Listing './lib/python3.5/site-packages/cffi'...
Listing './lib/python3.5/site-packages/cffi-1.11.3.dist-info'...
Listing './lib/python3.5/site-packages/chardet'...
Listing './lib/python3.5/site-packages/chardet/cli'...
Listing './lib/python3.5/site-packages/chardet-3.0.4.dist-info'...
Listing './lib/python3.5/site-packages/concurrent'...
Listing './lib/python3.5/site-packages/concurrent/futures'...
Compiling './lib/python3.5/site-packages/concurrent/futures/_base.py'...
***   File "./lib/python3.5/site-packages/concurrent/futures/_base.py", line 381
    raise exception_type, self._exception, self._traceback
                        ^
SyntaxError: invalid syntax

Listing './lib/python3.5/site-packages/cryptography'...
Listing './lib/python3.5/site-packages/cryptography/hazmat'...
Listing './lib/python3.5/site-packages/cryptography/hazmat/backends'...
Listing './lib/python3.5/site-packages/cryptography/hazmat/backends/openssl'...
Listing './lib/python3.5/site-packages/cryptography/hazmat/bindings'...
Listing './lib/python3.5/site-packages/cryptography/hazmat/bindings/openssl'...
Listing './lib/python3.5/site-packages/cryptography/hazmat/primitives'...
Listing './lib/python3.5/site-packages/cryptography/hazmat/primitives/asymmetric'...
Listing './lib/python3.5/site-packages/cryptography/hazmat/primitives/ciphers'...
Listing './lib/python3.5/site-packages/cryptography/hazmat/primitives/kdf'...
Listing './lib/python3.5/site-packages/cryptography/hazmat/primitives/twofactor'...
Listing './lib/python3.5/site-packages/cryptography/x509'...
Listing './lib/python3.5/site-packages/cryptography-2.1.4.dist-info'...
Listing './lib/python3.5/site-packages/cycler-0.10.0.dist-info'...
Listing './lib/python3.5/site-packages/dateutil'...
Listing './lib/python3.5/site-packages/dateutil/tz'...
Listing './lib/python3.5/site-packages/dateutil/zoneinfo'...
Listing './lib/python3.5/site-packages/decorator-4.1.2.dist-info'...
Listing './lib/python3.5/site-packages/ephem'...
Listing './lib/python3.5/site-packages/ephem/doc'...
Listing './lib/python3.5/site-packages/ephem/tests'...
Listing './lib/python3.5/site-packages/ephem/tests/jpl'...
Listing './lib/python3.5/site-packages/ephem/tests/usno'...
Listing './lib/python3.5/site-packages/ephem-3.7.6.0.egg-info'...
Listing './lib/python3.5/site-packages/exifread'...
Listing './lib/python3.5/site-packages/exifread/tags'...
Listing './lib/python3.5/site-packages/exifread/tags/makernote'...
Listing './lib/python3.5/site-packages/futures-3.1.1.egg-info'...
Listing './lib/python3.5/site-packages/geographiclib'...
Listing './lib/python3.5/site-packages/geographiclib/test'...
Listing './lib/python3.5/site-packages/geographiclib-1.49.egg-info'...
Listing './lib/python3.5/site-packages/html5lib'...
Listing './lib/python3.5/site-packages/html5lib/_trie'...
Listing './lib/python3.5/site-packages/html5lib/filters'...
Listing './lib/python3.5/site-packages/html5lib/treeadapters'...
Listing './lib/python3.5/site-packages/html5lib/treebuilders'...
Listing './lib/python3.5/site-packages/html5lib/treewalkers'...
Listing './lib/python3.5/site-packages/html5lib-1.0.1.dist-info'...
Listing './lib/python3.5/site-packages/idna'...
Listing './lib/python3.5/site-packages/idna-2.6.dist-info'...
Listing './lib/python3.5/site-packages/keyring'...
Listing './lib/python3.5/site-packages/keyring/backends'...
Listing './lib/python3.5/site-packages/keyring/tests'...
Listing './lib/python3.5/site-packages/keyring/tests/backends'...
Listing './lib/python3.5/site-packages/keyring/util'...
Listing './lib/python3.5/site-packages/keyring-10.6.0.dist-info'...
Listing './lib/python3.5/site-packages/lensfunpy'...
Listing './lib/python3.5/site-packages/lensfunpy/.libs'...
Listing './lib/python3.5/site-packages/lensfunpy-1.6.0.dist-info'...
Listing './lib/python3.5/site-packages/matplotlib'...
Listing './lib/python3.5/site-packages/matplotlib/.libs'...
Listing './lib/python3.5/site-packages/matplotlib/axes'...
Listing './lib/python3.5/site-packages/matplotlib/backends'...
Listing './lib/python3.5/site-packages/matplotlib/backends/qt_editor'...
Listing './lib/python3.5/site-packages/matplotlib/backends/web_backend'...
Listing './lib/python3.5/site-packages/matplotlib/backends/web_backend/css'...
Listing './lib/python3.5/site-packages/matplotlib/backends/web_backend/jquery'...
Listing './lib/python3.5/site-packages/matplotlib/backends/web_backend/jquery/css'...
Listing './lib/python3.5/site-packages/matplotlib/backends/web_backend/jquery/css/themes'...
Listing './lib/python3.5/site-packages/matplotlib/backends/web_backend/jquery/css/themes/base'...
Listing './lib/python3.5/site-packages/matplotlib/backends/web_backend/jquery/js'...
Listing './lib/python3.5/site-packages/matplotlib/backends/web_backend/js'...
Listing './lib/python3.5/site-packages/matplotlib/cbook'...
Listing './lib/python3.5/site-packages/matplotlib/compat'...
Listing './lib/python3.5/site-packages/matplotlib/mpl-data'...
Listing './lib/python3.5/site-packages/matplotlib/mpl-data/fonts'...
Listing './lib/python3.5/site-packages/matplotlib/mpl-data/fonts/afm'...
Listing './lib/python3.5/site-packages/matplotlib/mpl-data/fonts/pdfcorefonts'...
Listing './lib/python3.5/site-packages/matplotlib/mpl-data/fonts/ttf'...
Listing './lib/python3.5/site-packages/matplotlib/mpl-data/images'...
Listing './lib/python3.5/site-packages/matplotlib/mpl-data/sample_data'...
Listing './lib/python3.5/site-packages/matplotlib/mpl-data/sample_data/axes_grid'...
Listing './lib/python3.5/site-packages/matplotlib/mpl-data/stylelib'...
Listing './lib/python3.5/site-packages/matplotlib/projections'...
Listing './lib/python3.5/site-packages/matplotlib/sphinxext'...
Listing './lib/python3.5/site-packages/matplotlib/sphinxext/tests'...
Listing './lib/python3.5/site-packages/matplotlib/sphinxext/tests/tinypages'...
Listing './lib/python3.5/site-packages/matplotlib/sphinxext/tests/tinypages/_static'...
Listing './lib/python3.5/site-packages/matplotlib/style'...
Listing './lib/python3.5/site-packages/matplotlib/testing'...
Listing './lib/python3.5/site-packages/matplotlib/testing/_nose'...
Listing './lib/python3.5/site-packages/matplotlib/testing/_nose/plugins'...
Listing './lib/python3.5/site-packages/matplotlib/testing/jpl_units'...
Listing './lib/python3.5/site-packages/matplotlib/tests'...
Listing './lib/python3.5/site-packages/matplotlib/tri'...
Listing './lib/python3.5/site-packages/matplotlib-2.1.1.dist-info'...
Listing './lib/python3.5/site-packages/mpl_toolkits'...
Listing './lib/python3.5/site-packages/mpl_toolkits/axes_grid'...
Listing './lib/python3.5/site-packages/mpl_toolkits/axes_grid1'...
Listing './lib/python3.5/site-packages/mpl_toolkits/axisartist'...
Listing './lib/python3.5/site-packages/mpl_toolkits/mplot3d'...
Listing './lib/python3.5/site-packages/mpl_toolkits/tests'...
Listing './lib/python3.5/site-packages/mpl_toolkits/tests/baseline_images'...
Listing './lib/python3.5/site-packages/mpl_toolkits/tests/baseline_images/test_axes_grid'...
Listing './lib/python3.5/site-packages/mpl_toolkits/tests/baseline_images/test_axes_grid1'...
Listing './lib/python3.5/site-packages/mpl_toolkits/tests/baseline_images/test_mplot3d'...
Listing './lib/python3.5/site-packages/networkx'...
Listing './lib/python3.5/site-packages/networkx/algorithms'...
Listing './lib/python3.5/site-packages/networkx/algorithms/approximation'...
Listing './lib/python3.5/site-packages/networkx/algorithms/approximation/tests'...
Listing './lib/python3.5/site-packages/networkx/algorithms/assortativity'...
Listing './lib/python3.5/site-packages/networkx/algorithms/assortativity/tests'...
Listing './lib/python3.5/site-packages/networkx/algorithms/bipartite'...
Listing './lib/python3.5/site-packages/networkx/algorithms/bipartite/tests'...
Listing './lib/python3.5/site-packages/networkx/algorithms/centrality'...
Listing './lib/python3.5/site-packages/networkx/algorithms/centrality/tests'...
Listing './lib/python3.5/site-packages/networkx/algorithms/coloring'...
Listing './lib/python3.5/site-packages/networkx/algorithms/coloring/tests'...
Listing './lib/python3.5/site-packages/networkx/algorithms/community'...
Listing './lib/python3.5/site-packages/networkx/algorithms/community/tests'...
Listing './lib/python3.5/site-packages/networkx/algorithms/components'...
Listing './lib/python3.5/site-packages/networkx/algorithms/components/tests'...
Listing './lib/python3.5/site-packages/networkx/algorithms/connectivity'...
Listing './lib/python3.5/site-packages/networkx/algorithms/connectivity/tests'...
Listing './lib/python3.5/site-packages/networkx/algorithms/flow'...
Listing './lib/python3.5/site-packages/networkx/algorithms/flow/tests'...
Listing './lib/python3.5/site-packages/networkx/algorithms/isomorphism'...
Listing './lib/python3.5/site-packages/networkx/algorithms/isomorphism/tests'...
Listing './lib/python3.5/site-packages/networkx/algorithms/link_analysis'...
Listing './lib/python3.5/site-packages/networkx/algorithms/link_analysis/tests'...
Listing './lib/python3.5/site-packages/networkx/algorithms/operators'...
Listing './lib/python3.5/site-packages/networkx/algorithms/operators/tests'...
Listing './lib/python3.5/site-packages/networkx/algorithms/shortest_paths'...
Listing './lib/python3.5/site-packages/networkx/algorithms/shortest_paths/tests'...
Listing './lib/python3.5/site-packages/networkx/algorithms/tests'...
Listing './lib/python3.5/site-packages/networkx/algorithms/traversal'...
Listing './lib/python3.5/site-packages/networkx/algorithms/traversal/tests'...
Listing './lib/python3.5/site-packages/networkx/algorithms/tree'...
Listing './lib/python3.5/site-packages/networkx/algorithms/tree/tests'...
Listing './lib/python3.5/site-packages/networkx/classes'...
Listing './lib/python3.5/site-packages/networkx/classes/tests'...
Listing './lib/python3.5/site-packages/networkx/drawing'...
Listing './lib/python3.5/site-packages/networkx/drawing/tests'...
Listing './lib/python3.5/site-packages/networkx/generators'...
Listing './lib/python3.5/site-packages/networkx/generators/tests'...
Listing './lib/python3.5/site-packages/networkx/linalg'...
Listing './lib/python3.5/site-packages/networkx/linalg/tests'...
Listing './lib/python3.5/site-packages/networkx/readwrite'...
Listing './lib/python3.5/site-packages/networkx/readwrite/json_graph'...
Listing './lib/python3.5/site-packages/networkx/readwrite/json_graph/tests'...
Listing './lib/python3.5/site-packages/networkx/readwrite/tests'...
Listing './lib/python3.5/site-packages/networkx/testing'...
Listing './lib/python3.5/site-packages/networkx/testing/tests'...
Listing './lib/python3.5/site-packages/networkx/tests'...
Listing './lib/python3.5/site-packages/networkx/utils'...
Listing './lib/python3.5/site-packages/networkx/utils/tests'...
Listing './lib/python3.5/site-packages/networkx-2.0.egg-info'...
Listing './lib/python3.5/site-packages/numap'...
Compiling './lib/python3.5/site-packages/numap/NuMap.py'...
***   File "./lib/python3.5/site-packages/numap/NuMap.py", line 665
    except Exception, excp:
                    ^
SyntaxError: invalid syntax

Listing './lib/python3.5/site-packages/numexpr'...
Listing './lib/python3.5/site-packages/numexpr/tests'...
Listing './lib/python3.5/site-packages/numexpr-2.6.4.dist-info'...
Listing './lib/python3.5/site-packages/numpy'...
Listing './lib/python3.5/site-packages/numpy/.libs'...
Listing './lib/python3.5/site-packages/numpy/compat'...
Listing './lib/python3.5/site-packages/numpy/core'...
Listing './lib/python3.5/site-packages/numpy/core/include'...
Listing './lib/python3.5/site-packages/numpy/core/include/numpy'...
Listing './lib/python3.5/site-packages/numpy/core/lib'...
Listing './lib/python3.5/site-packages/numpy/core/lib/npy-pkg-config'...
Listing './lib/python3.5/site-packages/numpy/core/tests'...
Listing './lib/python3.5/site-packages/numpy/core/tests/data'...
Listing './lib/python3.5/site-packages/numpy/distutils'...
Listing './lib/python3.5/site-packages/numpy/distutils/command'...
Listing './lib/python3.5/site-packages/numpy/distutils/fcompiler'...
Listing './lib/python3.5/site-packages/numpy/distutils/mingw'...
Listing './lib/python3.5/site-packages/numpy/distutils/tests'...
Listing './lib/python3.5/site-packages/numpy/doc'...
Listing './lib/python3.5/site-packages/numpy/f2py'...
Listing './lib/python3.5/site-packages/numpy/f2py/src'...
Listing './lib/python3.5/site-packages/numpy/f2py/tests'...
Listing './lib/python3.5/site-packages/numpy/f2py/tests/src'...
Listing './lib/python3.5/site-packages/numpy/f2py/tests/src/array_from_pyobj'...
Listing './lib/python3.5/site-packages/numpy/f2py/tests/src/assumed_shape'...
Listing './lib/python3.5/site-packages/numpy/f2py/tests/src/common'...
Listing './lib/python3.5/site-packages/numpy/f2py/tests/src/kind'...
Listing './lib/python3.5/site-packages/numpy/f2py/tests/src/mixed'...
Listing './lib/python3.5/site-packages/numpy/f2py/tests/src/parameter'...
Listing './lib/python3.5/site-packages/numpy/f2py/tests/src/regression'...
Listing './lib/python3.5/site-packages/numpy/f2py/tests/src/size'...
Listing './lib/python3.5/site-packages/numpy/f2py/tests/src/string'...
Listing './lib/python3.5/site-packages/numpy/fft'...
Listing './lib/python3.5/site-packages/numpy/fft/tests'...
Listing './lib/python3.5/site-packages/numpy/lib'...
Listing './lib/python3.5/site-packages/numpy/lib/tests'...
Listing './lib/python3.5/site-packages/numpy/lib/tests/data'...
Listing './lib/python3.5/site-packages/numpy/linalg'...
Listing './lib/python3.5/site-packages/numpy/linalg/tests'...
Listing './lib/python3.5/site-packages/numpy/ma'...
Listing './lib/python3.5/site-packages/numpy/ma/tests'...
Listing './lib/python3.5/site-packages/numpy/matrixlib'...
Listing './lib/python3.5/site-packages/numpy/matrixlib/tests'...
Listing './lib/python3.5/site-packages/numpy/polynomial'...
Listing './lib/python3.5/site-packages/numpy/polynomial/tests'...
Listing './lib/python3.5/site-packages/numpy/random'...
Listing './lib/python3.5/site-packages/numpy/random/tests'...
Listing './lib/python3.5/site-packages/numpy/testing'...
Listing './lib/python3.5/site-packages/numpy/testing/nose_tools'...
Listing './lib/python3.5/site-packages/numpy/testing/tests'...
Listing './lib/python3.5/site-packages/numpy/tests'...
Listing './lib/python3.5/site-packages/numpy-1.14.0.dist-info'...
Listing './lib/python3.5/site-packages/papy'...
Compiling './lib/python3.5/site-packages/papy/core.py'...
***   File "./lib/python3.5/site-packages/papy/core.py", line 271
    except Exception, excp:
                    ^
SyntaxError: invalid syntax

Compiling './lib/python3.5/site-packages/papy/graph.py'...
***   File "./lib/python3.5/site-packages/papy/graph.py", line 41
    except Exception, excp:
                    ^
SyntaxError: invalid syntax

Listing './lib/python3.5/site-packages/papy/util'...
Compiling './lib/python3.5/site-packages/papy/util/func.py'...
***   File "./lib/python3.5/site-packages/papy/util/func.py", line 140
    print inbox[0]
              ^
SyntaxError: Missing parentheses in call to 'print'

Listing './lib/python3.5/site-packages/papy/util/workers'...
Listing './lib/python3.5/site-packages/papy-1.0.8.egg-info'...
Listing './lib/python3.5/site-packages/pip'...
Listing './lib/python3.5/site-packages/pip/_vendor'...
Listing './lib/python3.5/site-packages/pip/commands'...
Listing './lib/python3.5/site-packages/pip/compat'...
Listing './lib/python3.5/site-packages/pip/models'...
Listing './lib/python3.5/site-packages/pip/operations'...
Listing './lib/python3.5/site-packages/pip/req'...
Listing './lib/python3.5/site-packages/pip/utils'...
Listing './lib/python3.5/site-packages/pip/vcs'...
Listing './lib/python3.5/site-packages/pip-9.0.1.dist-info'...
Listing './lib/python3.5/site-packages/pkg_resources'...
Listing './lib/python3.5/site-packages/pkg_resources/_vendor'...
Listing './lib/python3.5/site-packages/pkg_resources/_vendor/packaging'...
Listing './lib/python3.5/site-packages/pkg_resources/extern'...
Listing './lib/python3.5/site-packages/pkg_resources-0.0.0.dist-info'...
Listing './lib/python3.5/site-packages/pluggy'...
Listing './lib/python3.5/site-packages/pluggy-0.6.0.egg-info'...
Listing './lib/python3.5/site-packages/psutil'...
Listing './lib/python3.5/site-packages/psutil/tests'...
Listing './lib/python3.5/site-packages/psutil-5.4.3.egg-info'...
Listing './lib/python3.5/site-packages/py'...
Listing './lib/python3.5/site-packages/py/_code'...
Listing './lib/python3.5/site-packages/py/_io'...
Listing './lib/python3.5/site-packages/py/_log'...
Listing './lib/python3.5/site-packages/py/_path'...
Listing './lib/python3.5/site-packages/py/_process'...
Listing './lib/python3.5/site-packages/py/_vendored_packages'...
Listing './lib/python3.5/site-packages/py-1.5.2.dist-info'...
Listing './lib/python3.5/site-packages/pycparser'...
Listing './lib/python3.5/site-packages/pycparser/ply'...
Listing './lib/python3.5/site-packages/pycparser-2.18.egg-info'...
Listing './lib/python3.5/site-packages/pyparsing-2.2.0.dist-info'...
Listing './lib/python3.5/site-packages/pytest-3.3.2.dist-info'...
Listing './lib/python3.5/site-packages/python_dateutil-2.6.1.dist-info'...
Listing './lib/python3.5/site-packages/pytz'...
Listing './lib/python3.5/site-packages/pytz/zoneinfo'...
Listing './lib/python3.5/site-packages/pytz/zoneinfo/Africa'...
Listing './lib/python3.5/site-packages/pytz/zoneinfo/America'...
Listing './lib/python3.5/site-packages/pytz/zoneinfo/America/Argentina'...
Listing './lib/python3.5/site-packages/pytz/zoneinfo/America/Indiana'...
Listing './lib/python3.5/site-packages/pytz/zoneinfo/America/Kentucky'...
Listing './lib/python3.5/site-packages/pytz/zoneinfo/America/North_Dakota'...
Listing './lib/python3.5/site-packages/pytz/zoneinfo/Antarctica'...
Listing './lib/python3.5/site-packages/pytz/zoneinfo/Arctic'...
Listing './lib/python3.5/site-packages/pytz/zoneinfo/Asia'...
Listing './lib/python3.5/site-packages/pytz/zoneinfo/Atlantic'...
Listing './lib/python3.5/site-packages/pytz/zoneinfo/Australia'...
Listing './lib/python3.5/site-packages/pytz/zoneinfo/Brazil'...
Listing './lib/python3.5/site-packages/pytz/zoneinfo/Canada'...
Listing './lib/python3.5/site-packages/pytz/zoneinfo/Chile'...
Listing './lib/python3.5/site-packages/pytz/zoneinfo/Etc'...
Listing './lib/python3.5/site-packages/pytz/zoneinfo/Europe'...
Listing './lib/python3.5/site-packages/pytz/zoneinfo/Indian'...
Listing './lib/python3.5/site-packages/pytz/zoneinfo/Mexico'...
Listing './lib/python3.5/site-packages/pytz/zoneinfo/Pacific'...
Listing './lib/python3.5/site-packages/pytz/zoneinfo/US'...
Listing './lib/python3.5/site-packages/pytz-2017.3.dist-info'...
Listing './lib/python3.5/site-packages/pywt'...
Listing './lib/python3.5/site-packages/pywt/_extensions'...
Listing './lib/python3.5/site-packages/pywt/data'...
Listing './lib/python3.5/site-packages/pywt/tests'...
Listing './lib/python3.5/site-packages/pywt/tests/data'...
Listing './lib/python3.5/site-packages/rawpy'...
Listing './lib/python3.5/site-packages/rawpy/.libs'...
Listing './lib/python3.5/site-packages/rawpy-0.10.1.dist-info'...
Listing './lib/python3.5/site-packages/requests'...
Listing './lib/python3.5/site-packages/requests-2.18.4.dist-info'...
Listing './lib/python3.5/site-packages/scikit_image-0.13.1.dist-info'...
Listing './lib/python3.5/site-packages/scipy'...
Listing './lib/python3.5/site-packages/scipy/.libs'...
Listing './lib/python3.5/site-packages/scipy/_build_utils'...
Listing './lib/python3.5/site-packages/scipy/_lib'...
Listing './lib/python3.5/site-packages/scipy/_lib/tests'...
Listing './lib/python3.5/site-packages/scipy/cluster'...
Listing './lib/python3.5/site-packages/scipy/cluster/tests'...
Listing './lib/python3.5/site-packages/scipy/constants'...
Listing './lib/python3.5/site-packages/scipy/constants/tests'...
Listing './lib/python3.5/site-packages/scipy/fftpack'...
Listing './lib/python3.5/site-packages/scipy/fftpack/tests'...
Listing './lib/python3.5/site-packages/scipy/integrate'...
Listing './lib/python3.5/site-packages/scipy/integrate/_ivp'...
Listing './lib/python3.5/site-packages/scipy/integrate/tests'...
Listing './lib/python3.5/site-packages/scipy/interpolate'...
Listing './lib/python3.5/site-packages/scipy/interpolate/tests'...
Listing './lib/python3.5/site-packages/scipy/interpolate/tests/data'...
Listing './lib/python3.5/site-packages/scipy/io'...
Listing './lib/python3.5/site-packages/scipy/io/arff'...
Listing './lib/python3.5/site-packages/scipy/io/arff/tests'...
Listing './lib/python3.5/site-packages/scipy/io/arff/tests/data'...
Listing './lib/python3.5/site-packages/scipy/io/harwell_boeing'...
Listing './lib/python3.5/site-packages/scipy/io/harwell_boeing/tests'...
Listing './lib/python3.5/site-packages/scipy/io/matlab'...
Listing './lib/python3.5/site-packages/scipy/io/matlab/tests'...
Listing './lib/python3.5/site-packages/scipy/io/matlab/tests/data'...
Listing './lib/python3.5/site-packages/scipy/io/tests'...
Listing './lib/python3.5/site-packages/scipy/io/tests/data'...
Listing './lib/python3.5/site-packages/scipy/linalg'...
Listing './lib/python3.5/site-packages/scipy/linalg/src'...
Listing './lib/python3.5/site-packages/scipy/linalg/src/id_dist'...
Listing './lib/python3.5/site-packages/scipy/linalg/src/id_dist/doc'...
Listing './lib/python3.5/site-packages/scipy/linalg/src/lapack_deprecations'...
Listing './lib/python3.5/site-packages/scipy/linalg/tests'...
Listing './lib/python3.5/site-packages/scipy/linalg/tests/data'...
Listing './lib/python3.5/site-packages/scipy/misc'...
Listing './lib/python3.5/site-packages/scipy/misc/tests'...
Listing './lib/python3.5/site-packages/scipy/misc/tests/data'...
Listing './lib/python3.5/site-packages/scipy/ndimage'...
Listing './lib/python3.5/site-packages/scipy/ndimage/tests'...
Listing './lib/python3.5/site-packages/scipy/ndimage/tests/data'...
Listing './lib/python3.5/site-packages/scipy/odr'...
Listing './lib/python3.5/site-packages/scipy/odr/tests'...
Listing './lib/python3.5/site-packages/scipy/optimize'...
Listing './lib/python3.5/site-packages/scipy/optimize/_lsq'...
Listing './lib/python3.5/site-packages/scipy/optimize/_trlib'...
Listing './lib/python3.5/site-packages/scipy/optimize/lbfgsb'...
Listing './lib/python3.5/site-packages/scipy/optimize/tests'...
Listing './lib/python3.5/site-packages/scipy/signal'...
Listing './lib/python3.5/site-packages/scipy/signal/tests'...
Listing './lib/python3.5/site-packages/scipy/sparse'...
Listing './lib/python3.5/site-packages/scipy/sparse/csgraph'...
Listing './lib/python3.5/site-packages/scipy/sparse/csgraph/tests'...
Listing './lib/python3.5/site-packages/scipy/sparse/linalg'...
Listing './lib/python3.5/site-packages/scipy/sparse/linalg/dsolve'...
Listing './lib/python3.5/site-packages/scipy/sparse/linalg/dsolve/SuperLU'...
Listing './lib/python3.5/site-packages/scipy/sparse/linalg/dsolve/tests'...
Listing './lib/python3.5/site-packages/scipy/sparse/linalg/eigen'...
Listing './lib/python3.5/site-packages/scipy/sparse/linalg/eigen/arpack'...
Listing './lib/python3.5/site-packages/scipy/sparse/linalg/eigen/arpack/ARPACK'...
Listing './lib/python3.5/site-packages/scipy/sparse/linalg/eigen/arpack/tests'...
Listing './lib/python3.5/site-packages/scipy/sparse/linalg/eigen/lobpcg'...
Listing './lib/python3.5/site-packages/scipy/sparse/linalg/eigen/lobpcg/tests'...
Listing './lib/python3.5/site-packages/scipy/sparse/linalg/isolve'...
Listing './lib/python3.5/site-packages/scipy/sparse/linalg/isolve/tests'...
Listing './lib/python3.5/site-packages/scipy/sparse/linalg/tests'...
Listing './lib/python3.5/site-packages/scipy/sparse/tests'...
Listing './lib/python3.5/site-packages/scipy/sparse/tests/data'...
Listing './lib/python3.5/site-packages/scipy/spatial'...
Listing './lib/python3.5/site-packages/scipy/spatial/qhull'...
Listing './lib/python3.5/site-packages/scipy/spatial/tests'...
Listing './lib/python3.5/site-packages/scipy/spatial/tests/data'...
Listing './lib/python3.5/site-packages/scipy/special'...
Listing './lib/python3.5/site-packages/scipy/special/_precompute'...
Listing './lib/python3.5/site-packages/scipy/special/tests'...
Listing './lib/python3.5/site-packages/scipy/special/tests/data'...
Listing './lib/python3.5/site-packages/scipy/stats'...
Listing './lib/python3.5/site-packages/scipy/stats/tests'...
Listing './lib/python3.5/site-packages/scipy/stats/tests/data'...
Listing './lib/python3.5/site-packages/scipy/stats/tests/data/nist_anova'...
Listing './lib/python3.5/site-packages/scipy/stats/tests/data/nist_linregress'...
Listing './lib/python3.5/site-packages/scipy-1.0.0.dist-info'...
Listing './lib/python3.5/site-packages/secretstorage'...
Listing './lib/python3.5/site-packages/setuptools'...
Listing './lib/python3.5/site-packages/setuptools/command'...
Listing './lib/python3.5/site-packages/setuptools/extern'...
Listing './lib/python3.5/site-packages/setuptools-32.3.1.dist-info'...
Listing './lib/python3.5/site-packages/six-1.11.0.dist-info'...
Listing './lib/python3.5/site-packages/skimage'...
Listing './lib/python3.5/site-packages/skimage/_shared'...
Listing './lib/python3.5/site-packages/skimage/_shared/tests'...
Listing './lib/python3.5/site-packages/skimage/color'...
Listing './lib/python3.5/site-packages/skimage/color/tests'...
Listing './lib/python3.5/site-packages/skimage/color/tests/data'...
Listing './lib/python3.5/site-packages/skimage/data'...
Listing './lib/python3.5/site-packages/skimage/data/tests'...
Listing './lib/python3.5/site-packages/skimage/draw'...
Listing './lib/python3.5/site-packages/skimage/draw/tests'...
Listing './lib/python3.5/site-packages/skimage/exposure'...
Listing './lib/python3.5/site-packages/skimage/exposure/tests'...
Listing './lib/python3.5/site-packages/skimage/external'...
Listing './lib/python3.5/site-packages/skimage/external/tifffile'...
Listing './lib/python3.5/site-packages/skimage/feature'...
Listing './lib/python3.5/site-packages/skimage/feature/tests'...
Listing './lib/python3.5/site-packages/skimage/filters'...
Listing './lib/python3.5/site-packages/skimage/filters/rank'...
Listing './lib/python3.5/site-packages/skimage/filters/rank/tests'...
Listing './lib/python3.5/site-packages/skimage/filters/tests'...
Listing './lib/python3.5/site-packages/skimage/future'...
Listing './lib/python3.5/site-packages/skimage/future/graph'...
Listing './lib/python3.5/site-packages/skimage/future/graph/tests'...
Listing './lib/python3.5/site-packages/skimage/graph'...
Listing './lib/python3.5/site-packages/skimage/graph/tests'...
Listing './lib/python3.5/site-packages/skimage/io'...
Listing './lib/python3.5/site-packages/skimage/io/_plugins'...
Listing './lib/python3.5/site-packages/skimage/io/tests'...
Listing './lib/python3.5/site-packages/skimage/measure'...
Listing './lib/python3.5/site-packages/skimage/measure/tests'...
Listing './lib/python3.5/site-packages/skimage/morphology'...
Listing './lib/python3.5/site-packages/skimage/morphology/tests'...
Listing './lib/python3.5/site-packages/skimage/novice'...
Listing './lib/python3.5/site-packages/skimage/novice/tests'...
Listing './lib/python3.5/site-packages/skimage/restoration'...
Listing './lib/python3.5/site-packages/skimage/restoration/tests'...
Listing './lib/python3.5/site-packages/skimage/scripts'...
Listing './lib/python3.5/site-packages/skimage/segmentation'...
Listing './lib/python3.5/site-packages/skimage/segmentation/tests'...
Listing './lib/python3.5/site-packages/skimage/transform'...
Listing './lib/python3.5/site-packages/skimage/transform/tests'...
Listing './lib/python3.5/site-packages/skimage/util'...
Listing './lib/python3.5/site-packages/skimage/util/tests'...
Listing './lib/python3.5/site-packages/skimage/viewer'...
Listing './lib/python3.5/site-packages/skimage/viewer/canvastools'...
Listing './lib/python3.5/site-packages/skimage/viewer/plugins'...
Listing './lib/python3.5/site-packages/skimage/viewer/tests'...
Listing './lib/python3.5/site-packages/skimage/viewer/utils'...
Listing './lib/python3.5/site-packages/skimage/viewer/viewers'...
Listing './lib/python3.5/site-packages/skimage/viewer/widgets'...
Listing './lib/python3.5/site-packages/urllib3'...
Listing './lib/python3.5/site-packages/urllib3/contrib'...
Listing './lib/python3.5/site-packages/urllib3/contrib/_securetransport'...
Listing './lib/python3.5/site-packages/urllib3/packages'...
Listing './lib/python3.5/site-packages/urllib3/packages/backports'...
Listing './lib/python3.5/site-packages/urllib3/packages/ssl_match_hostname'...
Listing './lib/python3.5/site-packages/urllib3/util'...
Listing './lib/python3.5/site-packages/urllib3-1.22.dist-info'...
Listing './lib/python3.5/site-packages/webencodings'...
Listing './lib/python3.5/site-packages/webencodings-0.5.1.dist-info'...
Listing './share'...
Listing './share/doc'...
Listing './share/doc/networkx-2.0'...
Listing './share/doc/networkx-2.0/examples'...
Listing './share/doc/networkx-2.0/examples/3d_drawing'...
Compiling './share/doc/networkx-2.0/examples/3d_drawing/mayavi2_spring.py'...
Listing './share/doc/networkx-2.0/examples/advanced'...
Compiling './share/doc/networkx-2.0/examples/advanced/iterated_dynamical_systems.py'...
Compiling './share/doc/networkx-2.0/examples/advanced/plot_eigenvalues.py'...
Compiling './share/doc/networkx-2.0/examples/advanced/plot_heavy_metal_umlaut.py'...
Compiling './share/doc/networkx-2.0/examples/advanced/plot_parallel_betweenness.py'...
Listing './share/doc/networkx-2.0/examples/algorithms'...
Compiling './share/doc/networkx-2.0/examples/algorithms/beam_search.py'...
Compiling './share/doc/networkx-2.0/examples/algorithms/plot_blockmodel.py'...
Compiling './share/doc/networkx-2.0/examples/algorithms/plot_davis_club.py'...
Compiling './share/doc/networkx-2.0/examples/algorithms/plot_krackhardt_centrality.py'...
Compiling './share/doc/networkx-2.0/examples/algorithms/rcm.py'...
Listing './share/doc/networkx-2.0/examples/basic'...
Compiling './share/doc/networkx-2.0/examples/basic/plot_properties.py'...
Compiling './share/doc/networkx-2.0/examples/basic/plot_read_write.py'...
Listing './share/doc/networkx-2.0/examples/drawing'...
Compiling './share/doc/networkx-2.0/examples/drawing/plot_atlas.py'...
Compiling './share/doc/networkx-2.0/examples/drawing/plot_chess_masters.py'...
Compiling './share/doc/networkx-2.0/examples/drawing/plot_circular_tree.py'...
Compiling './share/doc/networkx-2.0/examples/drawing/plot_degree_histogram.py'...
Compiling './share/doc/networkx-2.0/examples/drawing/plot_degree_rank.py'...
Compiling './share/doc/networkx-2.0/examples/drawing/plot_edge_colormap.py'...
Compiling './share/doc/networkx-2.0/examples/drawing/plot_ego_graph.py'...
Compiling './share/doc/networkx-2.0/examples/drawing/plot_four_grids.py'...
Compiling './share/doc/networkx-2.0/examples/drawing/plot_giant_component.py'...
Compiling './share/doc/networkx-2.0/examples/drawing/plot_house_with_colors.py'...
Compiling './share/doc/networkx-2.0/examples/drawing/plot_knuth_miles.py'...
Compiling './share/doc/networkx-2.0/examples/drawing/plot_labels_and_colors.py'...
Compiling './share/doc/networkx-2.0/examples/drawing/plot_lanl_routes.py'...
Compiling './share/doc/networkx-2.0/examples/drawing/plot_node_colormap.py'...
Compiling './share/doc/networkx-2.0/examples/drawing/plot_random_geometric_graph.py'...
Compiling './share/doc/networkx-2.0/examples/drawing/plot_sampson.py'...
Compiling './share/doc/networkx-2.0/examples/drawing/plot_simple_path.py'...
Compiling './share/doc/networkx-2.0/examples/drawing/plot_unix_email.py'...
Compiling './share/doc/networkx-2.0/examples/drawing/plot_weighted_graph.py'...
Listing './share/doc/networkx-2.0/examples/graph'...
Compiling './share/doc/networkx-2.0/examples/graph/atlas2.py'...
Compiling './share/doc/networkx-2.0/examples/graph/expected_degree_sequence.py'...
Compiling './share/doc/networkx-2.0/examples/graph/plot_degree_sequence.py'...
Compiling './share/doc/networkx-2.0/examples/graph/plot_erdos_renyi.py'...
Compiling './share/doc/networkx-2.0/examples/graph/plot_football.py'...
Compiling './share/doc/networkx-2.0/examples/graph/plot_karate_club.py'...
Compiling './share/doc/networkx-2.0/examples/graph/plot_napoleon_russian_campaign.py'...
Compiling './share/doc/networkx-2.0/examples/graph/plot_roget.py'...
Compiling './share/doc/networkx-2.0/examples/graph/words.py'...
Listing './share/doc/networkx-2.0/examples/javascript'...
Compiling './share/doc/networkx-2.0/examples/javascript/force.py'...
Listing './share/doc/networkx-2.0/examples/jit'...
Compiling './share/doc/networkx-2.0/examples/jit/plot_rgraph.py'...
Listing './share/doc/networkx-2.0/examples/pygraphviz'...
Compiling './share/doc/networkx-2.0/examples/pygraphviz/pygraphviz_attributes.py'...
Compiling './share/doc/networkx-2.0/examples/pygraphviz/pygraphviz_draw.py'...
Compiling './share/doc/networkx-2.0/examples/pygraphviz/pygraphviz_simple.py'...
Compiling './share/doc/networkx-2.0/examples/pygraphviz/write_dotfile.py'...
Listing './share/doc/networkx-2.0/examples/subclass'...
Compiling './share/doc/networkx-2.0/examples/subclass/plot_antigraph.py'...
Compiling './share/doc/networkx-2.0/examples/subclass/plot_printgraph.py'...
Listing './share/python-wheels'...
