Listing '.'...
Listing './bin'...
Listing './include'...
Listing './lib'...
Listing './lib/python3.5'...
Listing './lib/python3.5/site-packages'...
Listing './lib/python3.5/site-packages/AWSpider-0.3.2.12.egg-info'...
Listing './lib/python3.5/site-packages/Automat-0.6.0.dist-info'...
Listing './lib/python3.5/site-packages/Genshi-0.7.egg-info'...
Listing './lib/python3.5/site-packages/Twisted-17.9.0.egg-info'...
Listing './lib/python3.5/site-packages/attr'...
Listing './lib/python3.5/site-packages/attrs-17.4.0.dist-info'...
Listing './lib/python3.5/site-packages/automat'...
Listing './lib/python3.5/site-packages/automat/_test'...
Listing './lib/python3.5/site-packages/awspider'...
Listing './lib/python3.5/site-packages/awspider/amqp'...
Listing './lib/python3.5/site-packages/awspider/amqp/specs'...
Listing './lib/python3.5/site-packages/awspider/aws'...
Compiling './lib/python3.5/site-packages/awspider/aws/sdb.py'...
***   File "./lib/python3.5/site-packages/awspider/aws/sdb.py", line 791
    except Exception, e:
                    ^
SyntaxError: invalid syntax

Compiling './lib/python3.5/site-packages/awspider/pagegetter.py'...
***   File "./lib/python3.5/site-packages/awspider/pagegetter.py", line 290
    except StaleContentException, e:
                                ^
SyntaxError: invalid syntax

Listing './lib/python3.5/site-packages/awspider/resources'...
Compiling './lib/python3.5/site-packages/awspider/resources/interface.py'...
***   File "./lib/python3.5/site-packages/awspider/resources/interface.py", line 50
    print data[0][1]
             ^
SyntaxError: Missing parentheses in call to 'print'

Listing './lib/python3.5/site-packages/awspider/resources2'...
Listing './lib/python3.5/site-packages/awspider/servers'...
Compiling './lib/python3.5/site-packages/awspider/servers/base.py'...
***   File "./lib/python3.5/site-packages/awspider/servers/base.py", line 251
    except DeleteReservationException, e:
                                     ^
SyntaxError: invalid syntax

Listing './lib/python3.5/site-packages/awspider/servers2'...
Compiling './lib/python3.5/site-packages/awspider/servers2/base.py'...
***   File "./lib/python3.5/site-packages/awspider/servers2/base.py", line 227
    except Exception, e:
                    ^
SyntaxError: invalid syntax

Compiling './lib/python3.5/site-packages/awspider/unicodeconverter.py'...
***   File "./lib/python3.5/site-packages/awspider/unicodeconverter.py", line 109
    except Exception, e:
                    ^
SyntaxError: invalid syntax

Listing './lib/python3.5/site-packages/boto'...
Listing './lib/python3.5/site-packages/boto/awslambda'...
Listing './lib/python3.5/site-packages/boto/beanstalk'...
Listing './lib/python3.5/site-packages/boto/cacerts'...
Listing './lib/python3.5/site-packages/boto/cloudformation'...
Listing './lib/python3.5/site-packages/boto/cloudfront'...
Listing './lib/python3.5/site-packages/boto/cloudhsm'...
Listing './lib/python3.5/site-packages/boto/cloudsearch'...
Listing './lib/python3.5/site-packages/boto/cloudsearch2'...
Listing './lib/python3.5/site-packages/boto/cloudsearchdomain'...
Listing './lib/python3.5/site-packages/boto/cloudtrail'...
Listing './lib/python3.5/site-packages/boto/codedeploy'...
Listing './lib/python3.5/site-packages/boto/cognito'...
Listing './lib/python3.5/site-packages/boto/cognito/identity'...
Listing './lib/python3.5/site-packages/boto/cognito/sync'...
Listing './lib/python3.5/site-packages/boto/configservice'...
Listing './lib/python3.5/site-packages/boto/contrib'...
Listing './lib/python3.5/site-packages/boto/datapipeline'...
Listing './lib/python3.5/site-packages/boto/directconnect'...
Listing './lib/python3.5/site-packages/boto/dynamodb'...
Listing './lib/python3.5/site-packages/boto/dynamodb2'...
Listing './lib/python3.5/site-packages/boto/ec2'...
Listing './lib/python3.5/site-packages/boto/ec2/autoscale'...
Listing './lib/python3.5/site-packages/boto/ec2/cloudwatch'...
Listing './lib/python3.5/site-packages/boto/ec2/elb'...
Listing './lib/python3.5/site-packages/boto/ec2containerservice'...
Listing './lib/python3.5/site-packages/boto/ecs'...
Listing './lib/python3.5/site-packages/boto/elasticache'...
Listing './lib/python3.5/site-packages/boto/elastictranscoder'...
Listing './lib/python3.5/site-packages/boto/emr'...
Listing './lib/python3.5/site-packages/boto/file'...
Listing './lib/python3.5/site-packages/boto/fps'...
Listing './lib/python3.5/site-packages/boto/glacier'...
Listing './lib/python3.5/site-packages/boto/gs'...
Listing './lib/python3.5/site-packages/boto/iam'...
Listing './lib/python3.5/site-packages/boto/kinesis'...
Listing './lib/python3.5/site-packages/boto/kms'...
Listing './lib/python3.5/site-packages/boto/logs'...
Listing './lib/python3.5/site-packages/boto/machinelearning'...
Listing './lib/python3.5/site-packages/boto/manage'...
Listing './lib/python3.5/site-packages/boto/mashups'...
Listing './lib/python3.5/site-packages/boto/mturk'...
Listing './lib/python3.5/site-packages/boto/mws'...
Listing './lib/python3.5/site-packages/boto/opsworks'...
Listing './lib/python3.5/site-packages/boto/pyami'...
Listing './lib/python3.5/site-packages/boto/pyami/installers'...
Listing './lib/python3.5/site-packages/boto/pyami/installers/ubuntu'...
Listing './lib/python3.5/site-packages/boto/rds'...
Listing './lib/python3.5/site-packages/boto/rds2'...
Listing './lib/python3.5/site-packages/boto/redshift'...
Listing './lib/python3.5/site-packages/boto/roboto'...
Listing './lib/python3.5/site-packages/boto/route53'...
Listing './lib/python3.5/site-packages/boto/route53/domains'...
Listing './lib/python3.5/site-packages/boto/s3'...
Listing './lib/python3.5/site-packages/boto/sdb'...
Listing './lib/python3.5/site-packages/boto/sdb/db'...
Listing './lib/python3.5/site-packages/boto/sdb/db/manager'...
Listing './lib/python3.5/site-packages/boto/services'...
Listing './lib/python3.5/site-packages/boto/ses'...
Listing './lib/python3.5/site-packages/boto/sns'...
Listing './lib/python3.5/site-packages/boto/sqs'...
Listing './lib/python3.5/site-packages/boto/sts'...
Listing './lib/python3.5/site-packages/boto/support'...
Listing './lib/python3.5/site-packages/boto/swf'...
Listing './lib/python3.5/site-packages/boto/vendored'...
Listing './lib/python3.5/site-packages/boto/vendored/regions'...
Listing './lib/python3.5/site-packages/boto/vpc'...
Listing './lib/python3.5/site-packages/boto-2.48.0.dist-info'...
Listing './lib/python3.5/site-packages/constantly'...
Listing './lib/python3.5/site-packages/constantly-15.1.0.dist-info'...
Listing './lib/python3.5/site-packages/dateutil'...
Listing './lib/python3.5/site-packages/dateutil/tz'...
Listing './lib/python3.5/site-packages/dateutil/zoneinfo'...
Listing './lib/python3.5/site-packages/exampleproj'...
Listing './lib/python3.5/site-packages/genshi'...
Listing './lib/python3.5/site-packages/genshi/filters'...
Listing './lib/python3.5/site-packages/genshi/filters/tests'...
Listing './lib/python3.5/site-packages/genshi/template'...
Listing './lib/python3.5/site-packages/genshi/template/tests'...
Listing './lib/python3.5/site-packages/genshi/template/tests/templates'...
Listing './lib/python3.5/site-packages/genshi/tests'...
Listing './lib/python3.5/site-packages/hyperlink'...
Listing './lib/python3.5/site-packages/hyperlink/test'...
Listing './lib/python3.5/site-packages/hyperlink-17.3.1.dist-info'...
Listing './lib/python3.5/site-packages/incremental'...
Listing './lib/python3.5/site-packages/incremental/tests'...
Listing './lib/python3.5/site-packages/incremental-17.5.0.dist-info'...
Listing './lib/python3.5/site-packages/pip'...
Listing './lib/python3.5/site-packages/pip/_vendor'...
Listing './lib/python3.5/site-packages/pip/commands'...
Listing './lib/python3.5/site-packages/pip/compat'...
Listing './lib/python3.5/site-packages/pip/models'...
Listing './lib/python3.5/site-packages/pip/operations'...
Listing './lib/python3.5/site-packages/pip/req'...
Listing './lib/python3.5/site-packages/pip/utils'...
Listing './lib/python3.5/site-packages/pip/vcs'...
Listing './lib/python3.5/site-packages/pip-9.0.1.dist-info'...
Listing './lib/python3.5/site-packages/pkg_resources'...
Listing './lib/python3.5/site-packages/pkg_resources/_vendor'...
Listing './lib/python3.5/site-packages/pkg_resources/_vendor/packaging'...
Listing './lib/python3.5/site-packages/pkg_resources/extern'...
Listing './lib/python3.5/site-packages/pkg_resources-0.0.0.dist-info'...
Listing './lib/python3.5/site-packages/python_dateutil-2.6.1.dist-info'...
Listing './lib/python3.5/site-packages/setuptools'...
Listing './lib/python3.5/site-packages/setuptools/command'...
Listing './lib/python3.5/site-packages/setuptools/extern'...
Listing './lib/python3.5/site-packages/setuptools-32.3.1.dist-info'...
Listing './lib/python3.5/site-packages/simplejson'...
Listing './lib/python3.5/site-packages/simplejson/tests'...
Listing './lib/python3.5/site-packages/simplejson-3.13.2.egg-info'...
Listing './lib/python3.5/site-packages/six-1.11.0.dist-info'...
Listing './lib/python3.5/site-packages/twisted'...
Listing './lib/python3.5/site-packages/twisted/_threads'...
Listing './lib/python3.5/site-packages/twisted/_threads/test'...
Listing './lib/python3.5/site-packages/twisted/application'...
Listing './lib/python3.5/site-packages/twisted/application/runner'...
Listing './lib/python3.5/site-packages/twisted/application/runner/test'...
Listing './lib/python3.5/site-packages/twisted/application/test'...
Listing './lib/python3.5/site-packages/twisted/application/twist'...
Listing './lib/python3.5/site-packages/twisted/application/twist/test'...
Listing './lib/python3.5/site-packages/twisted/conch'...
Listing './lib/python3.5/site-packages/twisted/conch/client'...
Listing './lib/python3.5/site-packages/twisted/conch/insults'...
Listing './lib/python3.5/site-packages/twisted/conch/openssh_compat'...
Listing './lib/python3.5/site-packages/twisted/conch/scripts'...
Listing './lib/python3.5/site-packages/twisted/conch/ssh'...
Listing './lib/python3.5/site-packages/twisted/conch/test'...
Listing './lib/python3.5/site-packages/twisted/conch/ui'...
Listing './lib/python3.5/site-packages/twisted/cred'...
Listing './lib/python3.5/site-packages/twisted/cred/test'...
Listing './lib/python3.5/site-packages/twisted/enterprise'...
Listing './lib/python3.5/site-packages/twisted/internet'...
Listing './lib/python3.5/site-packages/twisted/internet/iocpreactor'...
Listing './lib/python3.5/site-packages/twisted/internet/iocpreactor/iocpsupport'...
Listing './lib/python3.5/site-packages/twisted/internet/test'...
Listing './lib/python3.5/site-packages/twisted/internet/test/fake_CAs'...
Listing './lib/python3.5/site-packages/twisted/logger'...
Listing './lib/python3.5/site-packages/twisted/logger/test'...
Listing './lib/python3.5/site-packages/twisted/mail'...
Listing './lib/python3.5/site-packages/twisted/mail/test'...
Listing './lib/python3.5/site-packages/twisted/names'...
Listing './lib/python3.5/site-packages/twisted/names/test'...
Listing './lib/python3.5/site-packages/twisted/pair'...
Listing './lib/python3.5/site-packages/twisted/pair/test'...
Listing './lib/python3.5/site-packages/twisted/persisted'...
Listing './lib/python3.5/site-packages/twisted/persisted/test'...
Listing './lib/python3.5/site-packages/twisted/plugins'...
Listing './lib/python3.5/site-packages/twisted/positioning'...
Listing './lib/python3.5/site-packages/twisted/positioning/test'...
Listing './lib/python3.5/site-packages/twisted/protocols'...
Listing './lib/python3.5/site-packages/twisted/protocols/haproxy'...
Listing './lib/python3.5/site-packages/twisted/protocols/haproxy/test'...
Listing './lib/python3.5/site-packages/twisted/protocols/test'...
Listing './lib/python3.5/site-packages/twisted/python'...
Listing './lib/python3.5/site-packages/twisted/python/_pydoctortemplates'...
Listing './lib/python3.5/site-packages/twisted/python/test'...
Listing './lib/python3.5/site-packages/twisted/runner'...
Listing './lib/python3.5/site-packages/twisted/runner/test'...
Listing './lib/python3.5/site-packages/twisted/scripts'...
Listing './lib/python3.5/site-packages/twisted/scripts/test'...
Listing './lib/python3.5/site-packages/twisted/spread'...
Listing './lib/python3.5/site-packages/twisted/spread/test'...
Listing './lib/python3.5/site-packages/twisted/tap'...
Listing './lib/python3.5/site-packages/twisted/test'...
Listing './lib/python3.5/site-packages/twisted/trial'...
Listing './lib/python3.5/site-packages/twisted/trial/_dist'...
Listing './lib/python3.5/site-packages/twisted/trial/_dist/test'...
Listing './lib/python3.5/site-packages/twisted/trial/test'...
Listing './lib/python3.5/site-packages/twisted/web'...
Listing './lib/python3.5/site-packages/twisted/web/_auth'...
Listing './lib/python3.5/site-packages/twisted/web/test'...
Listing './lib/python3.5/site-packages/twisted/words'...
Listing './lib/python3.5/site-packages/twisted/words/im'...
Listing './lib/python3.5/site-packages/twisted/words/protocols'...
Listing './lib/python3.5/site-packages/twisted/words/protocols/jabber'...
Listing './lib/python3.5/site-packages/twisted/words/test'...
Listing './lib/python3.5/site-packages/twisted/words/xish'...
Listing './lib/python3.5/site-packages/zope'...
Listing './lib/python3.5/site-packages/zope/interface'...
Listing './lib/python3.5/site-packages/zope/interface/common'...
Listing './lib/python3.5/site-packages/zope/interface/common/tests'...
Listing './lib/python3.5/site-packages/zope/interface/tests'...
Listing './lib/python3.5/site-packages/zope.interface-4.4.3.dist-info'...
Listing './share'...
Listing './share/python-wheels'...
