Listing '.'...
Listing './bin'...
Listing './include'...
Listing './lib'...
Listing './lib/python3.5'...
Listing './lib/python3.5/site-packages'...
Listing './lib/python3.5/site-packages/PasteDeploy-1.5.2.dist-info'...
Listing './lib/python3.5/site-packages/Tempita-0.5.2.egg-info'...
Listing './lib/python3.5/site-packages/axemas'...
Listing './lib/python3.5/site-packages/axemas/template'...
Listing './lib/python3.5/site-packages/axemas/template/android'...
Listing './lib/python3.5/site-packages/axemas/template/android/app'...
Listing './lib/python3.5/site-packages/axemas/template/android/app/libs'...
Listing './lib/python3.5/site-packages/axemas/template/android/app/src'...
Listing './lib/python3.5/site-packages/axemas/template/android/app/src/androidTest'...
Listing './lib/python3.5/site-packages/axemas/template/android/app/src/androidTest/java'...
Listing './lib/python3.5/site-packages/axemas/template/android/app/src/main'...
Listing './lib/python3.5/site-packages/axemas/template/android/app/src/main/assets'...
Listing './lib/python3.5/site-packages/axemas/template/android/app/src/main/java'...
Listing './lib/python3.5/site-packages/axemas/template/android/app/src/main/res'...
Listing './lib/python3.5/site-packages/axemas/template/ios'...
Listing './lib/python3.5/site-packages/axemas/template/ios/+project_id+'...
Listing './lib/python3.5/site-packages/axemas/template/ios/+project_id+/en.lproj'...
Listing './lib/python3.5/site-packages/axemas/template/ios/+project_id+.xcodeproj'...
Listing './lib/python3.5/site-packages/axemas/template/ios/scripts'...
Listing './lib/python3.5/site-packages/axemas/template/www'...
Listing './lib/python3.5/site-packages/axemas/template/www/js'...
Listing './lib/python3.5/site-packages/axemas/template/www/ratchet'...
Listing './lib/python3.5/site-packages/axemas/template/www/ratchet/css'...
Listing './lib/python3.5/site-packages/axemas/template/www/ratchet/fonts'...
Listing './lib/python3.5/site-packages/axemas/template/www/ratchet/js'...
Listing './lib/python3.5/site-packages/axemas/template/www/sections'...
Listing './lib/python3.5/site-packages/axemas/template/www/sections/index'...
Listing './lib/python3.5/site-packages/axemas/template/www/sections/section'...
Listing './lib/python3.5/site-packages/axemas/template/www/sections/settings'...
Listing './lib/python3.5/site-packages/axemas/template/www/sections/sidebar'...
Listing './lib/python3.5/site-packages/axemas-0.0.14.egg-info'...
Listing './lib/python3.5/site-packages/gearbox'...
Listing './lib/python3.5/site-packages/gearbox/commands'...
Listing './lib/python3.5/site-packages/gearbox/commands/basic_package'...
Listing './lib/python3.5/site-packages/gearbox/commands/basic_package/template'...
Listing './lib/python3.5/site-packages/gearbox/commands/basic_package/template/+package+'...
Listing './lib/python3.5/site-packages/gearbox/utils'...
Listing './lib/python3.5/site-packages/gearbox-0.1.1.egg-info'...
Listing './lib/python3.5/site-packages/paste'...
Listing './lib/python3.5/site-packages/paste/deploy'...
Listing './lib/python3.5/site-packages/paste/deploy/paster_templates'...
Listing './lib/python3.5/site-packages/paste/deploy/paster_templates/paste_deploy'...
Listing './lib/python3.5/site-packages/paste/deploy/paster_templates/paste_deploy/+package+'...
Listing './lib/python3.5/site-packages/paste/deploy/paster_templates/paste_deploy/docs'...
Listing './lib/python3.5/site-packages/pip'...
Listing './lib/python3.5/site-packages/pip/_vendor'...
Listing './lib/python3.5/site-packages/pip/commands'...
Listing './lib/python3.5/site-packages/pip/compat'...
Listing './lib/python3.5/site-packages/pip/models'...
Listing './lib/python3.5/site-packages/pip/operations'...
Listing './lib/python3.5/site-packages/pip/req'...
Listing './lib/python3.5/site-packages/pip/utils'...
Listing './lib/python3.5/site-packages/pip/vcs'...
Listing './lib/python3.5/site-packages/pip-9.0.1.dist-info'...
Listing './lib/python3.5/site-packages/pkg_resources'...
Listing './lib/python3.5/site-packages/pkg_resources/_vendor'...
Listing './lib/python3.5/site-packages/pkg_resources/_vendor/packaging'...
Listing './lib/python3.5/site-packages/pkg_resources/extern'...
Listing './lib/python3.5/site-packages/pkg_resources-0.0.0.dist-info'...
Listing './lib/python3.5/site-packages/setuptools'...
Listing './lib/python3.5/site-packages/setuptools/command'...
Listing './lib/python3.5/site-packages/setuptools/extern'...
Listing './lib/python3.5/site-packages/setuptools-32.3.1.dist-info'...
Listing './lib/python3.5/site-packages/tempita'...
Listing './share'...
Listing './share/python-wheels'...
