Listing '.'...
Listing './bin'...
Compiling './bin/bottle.py'...
Compiling './bin/rst2html.py'...
Compiling './bin/rst2html4.py'...
Compiling './bin/rst2html5.py'...
Compiling './bin/rst2latex.py'...
Compiling './bin/rst2man.py'...
Compiling './bin/rst2odt.py'...
Compiling './bin/rst2odt_prepstyles.py'...
Compiling './bin/rst2pseudoxml.py'...
Compiling './bin/rst2s5.py'...
Compiling './bin/rst2xetex.py'...
Compiling './bin/rst2xml.py'...
Compiling './bin/rstpep2html.py'...
Listing './include'...
Listing './lib'...
Listing './lib/python3.5'...
Listing './lib/python3.5/site-packages'...
Listing './lib/python3.5/site-packages/Automat-0.6.0.dist-info'...
Listing './lib/python3.5/site-packages/Twisted-17.9.0.egg-info'...
Listing './lib/python3.5/site-packages/attr'...
Listing './lib/python3.5/site-packages/attrs-17.4.0.dist-info'...
Listing './lib/python3.5/site-packages/automat'...
Listing './lib/python3.5/site-packages/automat/_test'...
Listing './lib/python3.5/site-packages/bagpipe'...
Listing './lib/python3.5/site-packages/bagpipe/bgp'...
Compiling './lib/python3.5/site-packages/bagpipe/bgp/bgp_daemon.py'...
***   File "./lib/python3.5/site-packages/bagpipe/bgp/bgp_daemon.py", line 227
    print "no logging configuration file at %s" % options.logFile
                                              ^
SyntaxError: Missing parentheses in call to 'print'

Listing './lib/python3.5/site-packages/bagpipe/bgp/cli'...
Compiling './lib/python3.5/site-packages/bagpipe/bgp/cli/looking_glass.py'...
***   File "./lib/python3.5/site-packages/bagpipe/bgp/cli/looking_glass.py", line 161
    print "No such looking glass path: %s\n(%s)" % (
                                               ^
SyntaxError: invalid syntax

Compiling './lib/python3.5/site-packages/bagpipe/bgp/cli/rest_attach.py'...
***   File "./lib/python3.5/site-packages/bagpipe/bgp/cli/rest_attach.py", line 85
    print "Will plug local namespace %s into network" % options.netns
                                                    ^
SyntaxError: Missing parentheses in call to 'print'

Listing './lib/python3.5/site-packages/bagpipe/bgp/common'...
Listing './lib/python3.5/site-packages/bagpipe/bgp/engine'...
Compiling './lib/python3.5/site-packages/bagpipe/bgp/fakerr.py'...
***   File "./lib/python3.5/site-packages/bagpipe/bgp/fakerr.py", line 54
    print "Got new peer: %s" % self.transport.getPeer().host
                           ^
SyntaxError: invalid syntax

Listing './lib/python3.5/site-packages/bagpipe/bgp/tests'...
Compiling './lib/python3.5/site-packages/bagpipe/bgp/tests/test_vpn_instance.py'...
***   File "./lib/python3.5/site-packages/bagpipe/bgp/tests/test_vpn_instance.py", line 552
    print "\n"
             ^
SyntaxError: Missing parentheses in call to 'print'

Listing './lib/python3.5/site-packages/bagpipe/bgp/vpn'...
Listing './lib/python3.5/site-packages/bagpipe/bgp/vpn/evpn'...
Listing './lib/python3.5/site-packages/bagpipe/bgp/vpn/ipvpn'...
Listing './lib/python3.5/site-packages/bagpipe/exabgp'...
Compiling './lib/python3.5/site-packages/bagpipe/exabgp/application.py'...
***   File "./lib/python3.5/site-packages/bagpipe/exabgp/application.py", line 134
    except select.error,e:
                       ^
SyntaxError: invalid syntax

Compiling './lib/python3.5/site-packages/bagpipe/exabgp/configuration.py'...
***   File "./lib/python3.5/site-packages/bagpipe/exabgp/configuration.py", line 142
    except IOError,e:
                  ^
SyntaxError: invalid syntax

Compiling './lib/python3.5/site-packages/bagpipe/exabgp/daemon.py'...
***   File "./lib/python3.5/site-packages/bagpipe/exabgp/daemon.py", line 59
    except OSError, e:
                  ^
SyntaxError: invalid syntax

Compiling './lib/python3.5/site-packages/bagpipe/exabgp/debug.py'...
***   File "./lib/python3.5/site-packages/bagpipe/exabgp/debug.py", line 21
    print "-"*80
            ^
SyntaxError: Missing parentheses in call to 'print'

Compiling './lib/python3.5/site-packages/bagpipe/exabgp/log.py'...
***   File "./lib/python3.5/site-packages/bagpipe/exabgp/log.py", line 153
    print self._prefixed(level,source,line)
             ^
SyntaxError: invalid syntax

Listing './lib/python3.5/site-packages/bagpipe/exabgp/message'...
Listing './lib/python3.5/site-packages/bagpipe/exabgp/message/update'...
Listing './lib/python3.5/site-packages/bagpipe/exabgp/message/update/attribute'...
Listing './lib/python3.5/site-packages/bagpipe/exabgp/network'...
Compiling './lib/python3.5/site-packages/bagpipe/exabgp/network/connection.py'...
***   File "./lib/python3.5/site-packages/bagpipe/exabgp/network/connection.py", line 81
    except socket.error,e:
                       ^
SyntaxError: invalid syntax

Compiling './lib/python3.5/site-packages/bagpipe/exabgp/network/peer.py'...
***   File "./lib/python3.5/site-packages/bagpipe/exabgp/network/peer.py", line 63
    self._route_parsed = 0L
                          ^
SyntaxError: invalid syntax

Compiling './lib/python3.5/site-packages/bagpipe/exabgp/processes.py'...
***   File "./lib/python3.5/site-packages/bagpipe/exabgp/processes.py", line 116
    except IOError,e:
                  ^
SyntaxError: invalid syntax

Listing './lib/python3.5/site-packages/bagpipe/exabgp/rib'...
Listing './lib/python3.5/site-packages/bagpipe/exabgp/structure'...
Compiling './lib/python3.5/site-packages/bagpipe/exabgp/utils.py'...
***   File "./lib/python3.5/site-packages/bagpipe/exabgp/utils.py", line 19
    print hexa(value)
             ^
SyntaxError: invalid syntax

Listing './lib/python3.5/site-packages/bottle-0.12.13.egg-info'...
Listing './lib/python3.5/site-packages/constantly'...
Listing './lib/python3.5/site-packages/constantly-15.1.0.dist-info'...
Listing './lib/python3.5/site-packages/daemon'...
Listing './lib/python3.5/site-packages/docutils'...
Listing './lib/python3.5/site-packages/docutils/languages'...
Listing './lib/python3.5/site-packages/docutils/parsers'...
Listing './lib/python3.5/site-packages/docutils/parsers/rst'...
Listing './lib/python3.5/site-packages/docutils/parsers/rst/directives'...
Listing './lib/python3.5/site-packages/docutils/parsers/rst/include'...
Listing './lib/python3.5/site-packages/docutils/parsers/rst/languages'...
Listing './lib/python3.5/site-packages/docutils/readers'...
Listing './lib/python3.5/site-packages/docutils/transforms'...
Listing './lib/python3.5/site-packages/docutils/utils'...
Listing './lib/python3.5/site-packages/docutils/utils/math'...
Listing './lib/python3.5/site-packages/docutils/writers'...
Listing './lib/python3.5/site-packages/docutils/writers/html4css1'...
Listing './lib/python3.5/site-packages/docutils/writers/html5_polyglot'...
Listing './lib/python3.5/site-packages/docutils/writers/latex2e'...
Listing './lib/python3.5/site-packages/docutils/writers/odf_odt'...
Listing './lib/python3.5/site-packages/docutils/writers/pep_html'...
Listing './lib/python3.5/site-packages/docutils/writers/s5_html'...
Listing './lib/python3.5/site-packages/docutils/writers/s5_html/themes'...
Listing './lib/python3.5/site-packages/docutils/writers/s5_html/themes/big-black'...
Listing './lib/python3.5/site-packages/docutils/writers/s5_html/themes/big-white'...
Listing './lib/python3.5/site-packages/docutils/writers/s5_html/themes/default'...
Listing './lib/python3.5/site-packages/docutils/writers/s5_html/themes/medium-black'...
Listing './lib/python3.5/site-packages/docutils/writers/s5_html/themes/medium-white'...
Listing './lib/python3.5/site-packages/docutils/writers/s5_html/themes/small-black'...
Listing './lib/python3.5/site-packages/docutils/writers/s5_html/themes/small-white'...
Listing './lib/python3.5/site-packages/docutils/writers/xetex'...
Listing './lib/python3.5/site-packages/docutils-0.14.dist-info'...
Listing './lib/python3.5/site-packages/exampleproj'...
Listing './lib/python3.5/site-packages/hyperlink'...
Listing './lib/python3.5/site-packages/hyperlink/test'...
Listing './lib/python3.5/site-packages/hyperlink-17.3.1.dist-info'...
Listing './lib/python3.5/site-packages/incremental'...
Listing './lib/python3.5/site-packages/incremental/tests'...
Listing './lib/python3.5/site-packages/incremental-17.5.0.dist-info'...
Listing './lib/python3.5/site-packages/lockfile'...
Listing './lib/python3.5/site-packages/lockfile-0.12.2.dist-info'...
Listing './lib/python3.5/site-packages/netaddr'...
Listing './lib/python3.5/site-packages/netaddr/contrib'...
Listing './lib/python3.5/site-packages/netaddr/eui'...
Listing './lib/python3.5/site-packages/netaddr/ip'...
Listing './lib/python3.5/site-packages/netaddr/strategy'...
Listing './lib/python3.5/site-packages/netaddr-0.7.19.dist-info'...
Listing './lib/python3.5/site-packages/pbr'...
Listing './lib/python3.5/site-packages/pbr/cmd'...
Listing './lib/python3.5/site-packages/pbr/hooks'...
Listing './lib/python3.5/site-packages/pbr/tests'...
Listing './lib/python3.5/site-packages/pbr/tests/testpackage'...
Listing './lib/python3.5/site-packages/pbr/tests/testpackage/data_files'...
Listing './lib/python3.5/site-packages/pbr/tests/testpackage/doc'...
Listing './lib/python3.5/site-packages/pbr/tests/testpackage/doc/source'...
Listing './lib/python3.5/site-packages/pbr/tests/testpackage/pbr_testpackage'...
Listing './lib/python3.5/site-packages/pbr/tests/testpackage/pbr_testpackage/package_data'...
Listing './lib/python3.5/site-packages/pbr/tests/testpackage/src'...
Listing './lib/python3.5/site-packages/pbr-1.10.0.dist-info'...
Listing './lib/python3.5/site-packages/pip'...
Listing './lib/python3.5/site-packages/pip/_vendor'...
Listing './lib/python3.5/site-packages/pip/commands'...
Listing './lib/python3.5/site-packages/pip/compat'...
Listing './lib/python3.5/site-packages/pip/models'...
Listing './lib/python3.5/site-packages/pip/operations'...
Listing './lib/python3.5/site-packages/pip/req'...
Listing './lib/python3.5/site-packages/pip/utils'...
Listing './lib/python3.5/site-packages/pip/vcs'...
Listing './lib/python3.5/site-packages/pip-9.0.1.dist-info'...
Listing './lib/python3.5/site-packages/pkg_resources'...
Listing './lib/python3.5/site-packages/pkg_resources/_vendor'...
Listing './lib/python3.5/site-packages/pkg_resources/_vendor/packaging'...
Listing './lib/python3.5/site-packages/pkg_resources/extern'...
Listing './lib/python3.5/site-packages/pkg_resources-0.0.0.dist-info'...
Listing './lib/python3.5/site-packages/python_daemon-2.1.2.dist-info'...
Listing './lib/python3.5/site-packages/setuptools'...
Listing './lib/python3.5/site-packages/setuptools/command'...
Listing './lib/python3.5/site-packages/setuptools/extern'...
Listing './lib/python3.5/site-packages/setuptools-32.3.1.dist-info'...
Listing './lib/python3.5/site-packages/six-1.11.0.dist-info'...
Listing './lib/python3.5/site-packages/twisted'...
Listing './lib/python3.5/site-packages/twisted/_threads'...
Listing './lib/python3.5/site-packages/twisted/_threads/test'...
Listing './lib/python3.5/site-packages/twisted/application'...
Listing './lib/python3.5/site-packages/twisted/application/runner'...
Listing './lib/python3.5/site-packages/twisted/application/runner/test'...
Listing './lib/python3.5/site-packages/twisted/application/test'...
Listing './lib/python3.5/site-packages/twisted/application/twist'...
Listing './lib/python3.5/site-packages/twisted/application/twist/test'...
Listing './lib/python3.5/site-packages/twisted/conch'...
Listing './lib/python3.5/site-packages/twisted/conch/client'...
Listing './lib/python3.5/site-packages/twisted/conch/insults'...
Listing './lib/python3.5/site-packages/twisted/conch/openssh_compat'...
Listing './lib/python3.5/site-packages/twisted/conch/scripts'...
Listing './lib/python3.5/site-packages/twisted/conch/ssh'...
Listing './lib/python3.5/site-packages/twisted/conch/test'...
Listing './lib/python3.5/site-packages/twisted/conch/ui'...
Listing './lib/python3.5/site-packages/twisted/cred'...
Listing './lib/python3.5/site-packages/twisted/cred/test'...
Listing './lib/python3.5/site-packages/twisted/enterprise'...
Listing './lib/python3.5/site-packages/twisted/internet'...
Listing './lib/python3.5/site-packages/twisted/internet/iocpreactor'...
Listing './lib/python3.5/site-packages/twisted/internet/iocpreactor/iocpsupport'...
Listing './lib/python3.5/site-packages/twisted/internet/test'...
Listing './lib/python3.5/site-packages/twisted/internet/test/fake_CAs'...
Listing './lib/python3.5/site-packages/twisted/logger'...
Listing './lib/python3.5/site-packages/twisted/logger/test'...
Listing './lib/python3.5/site-packages/twisted/mail'...
Listing './lib/python3.5/site-packages/twisted/mail/test'...
Listing './lib/python3.5/site-packages/twisted/names'...
Listing './lib/python3.5/site-packages/twisted/names/test'...
Listing './lib/python3.5/site-packages/twisted/pair'...
Listing './lib/python3.5/site-packages/twisted/pair/test'...
Listing './lib/python3.5/site-packages/twisted/persisted'...
Listing './lib/python3.5/site-packages/twisted/persisted/test'...
Listing './lib/python3.5/site-packages/twisted/plugins'...
Listing './lib/python3.5/site-packages/twisted/positioning'...
Listing './lib/python3.5/site-packages/twisted/positioning/test'...
Listing './lib/python3.5/site-packages/twisted/protocols'...
Listing './lib/python3.5/site-packages/twisted/protocols/haproxy'...
Listing './lib/python3.5/site-packages/twisted/protocols/haproxy/test'...
Listing './lib/python3.5/site-packages/twisted/protocols/test'...
Listing './lib/python3.5/site-packages/twisted/python'...
Listing './lib/python3.5/site-packages/twisted/python/_pydoctortemplates'...
Listing './lib/python3.5/site-packages/twisted/python/test'...
Listing './lib/python3.5/site-packages/twisted/runner'...
Listing './lib/python3.5/site-packages/twisted/runner/test'...
Listing './lib/python3.5/site-packages/twisted/scripts'...
Listing './lib/python3.5/site-packages/twisted/scripts/test'...
Listing './lib/python3.5/site-packages/twisted/spread'...
Listing './lib/python3.5/site-packages/twisted/spread/test'...
Listing './lib/python3.5/site-packages/twisted/tap'...
Listing './lib/python3.5/site-packages/twisted/test'...
Listing './lib/python3.5/site-packages/twisted/trial'...
Listing './lib/python3.5/site-packages/twisted/trial/_dist'...
Listing './lib/python3.5/site-packages/twisted/trial/_dist/test'...
Listing './lib/python3.5/site-packages/twisted/trial/test'...
Listing './lib/python3.5/site-packages/twisted/web'...
Listing './lib/python3.5/site-packages/twisted/web/_auth'...
Listing './lib/python3.5/site-packages/twisted/web/test'...
Listing './lib/python3.5/site-packages/twisted/words'...
Listing './lib/python3.5/site-packages/twisted/words/im'...
Listing './lib/python3.5/site-packages/twisted/words/protocols'...
Listing './lib/python3.5/site-packages/twisted/words/protocols/jabber'...
Listing './lib/python3.5/site-packages/twisted/words/test'...
Listing './lib/python3.5/site-packages/twisted/words/xish'...
Listing './lib/python3.5/site-packages/zope'...
Listing './lib/python3.5/site-packages/zope/interface'...
Listing './lib/python3.5/site-packages/zope/interface/common'...
Listing './lib/python3.5/site-packages/zope/interface/common/tests'...
Listing './lib/python3.5/site-packages/zope/interface/tests'...
Listing './lib/python3.5/site-packages/zope.interface-4.4.3.dist-info'...
Listing './share'...
Listing './share/python-wheels'...
