Listing '.'...
Listing './bin'...
Listing './include'...
Listing './lib'...
Listing './lib/python3.5'...
Listing './lib/python3.5/site-packages'...
Listing './lib/python3.5/site-packages/apiclient'...
Listing './lib/python3.5/site-packages/budou'...
Listing './lib/python3.5/site-packages/budou-0.8.3.dist-info'...
Listing './lib/python3.5/site-packages/cachetools'...
Listing './lib/python3.5/site-packages/cachetools-2.0.1.dist-info'...
Listing './lib/python3.5/site-packages/google'...
Listing './lib/python3.5/site-packages/google/auth'...
Listing './lib/python3.5/site-packages/google/auth/compute_engine'...
Listing './lib/python3.5/site-packages/google/auth/crypt'...
Listing './lib/python3.5/site-packages/google/auth/transport'...
Listing './lib/python3.5/site-packages/google/oauth2'...
Listing './lib/python3.5/site-packages/google_api_python_client-1.6.4.dist-info'...
Listing './lib/python3.5/site-packages/google_auth-1.3.0.dist-info'...
Listing './lib/python3.5/site-packages/google_auth_httplib2-0.0.3.dist-info'...
Listing './lib/python3.5/site-packages/googleapiclient'...
Listing './lib/python3.5/site-packages/googleapiclient/discovery_cache'...
Listing './lib/python3.5/site-packages/html5lib'...
Listing './lib/python3.5/site-packages/html5lib/_trie'...
Listing './lib/python3.5/site-packages/html5lib/filters'...
Listing './lib/python3.5/site-packages/html5lib/treeadapters'...
Listing './lib/python3.5/site-packages/html5lib/treebuilders'...
Listing './lib/python3.5/site-packages/html5lib/treewalkers'...
Listing './lib/python3.5/site-packages/html5lib-1.0.1.dist-info'...
Listing './lib/python3.5/site-packages/httplib2'...
Listing './lib/python3.5/site-packages/httplib2-0.10.3.egg-info'...
Listing './lib/python3.5/site-packages/oauth2client'...
Listing './lib/python3.5/site-packages/oauth2client/contrib'...
Listing './lib/python3.5/site-packages/oauth2client/contrib/django_util'...
Listing './lib/python3.5/site-packages/oauth2client-4.1.2.dist-info'...
Listing './lib/python3.5/site-packages/pip'...
Listing './lib/python3.5/site-packages/pip/_vendor'...
Listing './lib/python3.5/site-packages/pip/commands'...
Listing './lib/python3.5/site-packages/pip/compat'...
Listing './lib/python3.5/site-packages/pip/models'...
Listing './lib/python3.5/site-packages/pip/operations'...
Listing './lib/python3.5/site-packages/pip/req'...
Listing './lib/python3.5/site-packages/pip/utils'...
Listing './lib/python3.5/site-packages/pip/vcs'...
Listing './lib/python3.5/site-packages/pip-9.0.1.dist-info'...
Listing './lib/python3.5/site-packages/pkg_resources'...
Listing './lib/python3.5/site-packages/pkg_resources/_vendor'...
Listing './lib/python3.5/site-packages/pkg_resources/_vendor/packaging'...
Listing './lib/python3.5/site-packages/pkg_resources/extern'...
Listing './lib/python3.5/site-packages/pkg_resources-0.0.0.dist-info'...
Listing './lib/python3.5/site-packages/pyasn1'...
Listing './lib/python3.5/site-packages/pyasn1/codec'...
Listing './lib/python3.5/site-packages/pyasn1/codec/ber'...
Listing './lib/python3.5/site-packages/pyasn1/codec/cer'...
Listing './lib/python3.5/site-packages/pyasn1/codec/der'...
Listing './lib/python3.5/site-packages/pyasn1/codec/native'...
Listing './lib/python3.5/site-packages/pyasn1/compat'...
Listing './lib/python3.5/site-packages/pyasn1/type'...
Listing './lib/python3.5/site-packages/pyasn1-0.4.2.dist-info'...
Listing './lib/python3.5/site-packages/pyasn1_modules'...
Listing './lib/python3.5/site-packages/pyasn1_modules-0.2.1.dist-info'...
Listing './lib/python3.5/site-packages/rsa'...
Listing './lib/python3.5/site-packages/rsa-3.4.2.dist-info'...
Listing './lib/python3.5/site-packages/setuptools'...
Listing './lib/python3.5/site-packages/setuptools/command'...
Listing './lib/python3.5/site-packages/setuptools/extern'...
Listing './lib/python3.5/site-packages/setuptools-32.3.1.dist-info'...
Listing './lib/python3.5/site-packages/six-1.11.0.dist-info'...
Listing './lib/python3.5/site-packages/uritemplate'...
Listing './lib/python3.5/site-packages/uritemplate-3.0.0.dist-info'...
Listing './lib/python3.5/site-packages/urllib3'...
Listing './lib/python3.5/site-packages/urllib3/contrib'...
Listing './lib/python3.5/site-packages/urllib3/contrib/_securetransport'...
Listing './lib/python3.5/site-packages/urllib3/packages'...
Listing './lib/python3.5/site-packages/urllib3/packages/backports'...
Listing './lib/python3.5/site-packages/urllib3/packages/ssl_match_hostname'...
Listing './lib/python3.5/site-packages/urllib3/util'...
Listing './lib/python3.5/site-packages/urllib3-1.22.dist-info'...
Listing './lib/python3.5/site-packages/webencodings'...
Listing './lib/python3.5/site-packages/webencodings-0.5.1.dist-info'...
Listing './share'...
Listing './share/python-wheels'...
