Listing '.'...
Listing './bin'...
Compiling './bin/reboot-idle-slaves.py'...
Listing './include'...
Listing './lib'...
Listing './lib/python3.5'...
Listing './lib/python3.5/site-packages'...
Listing './lib/python3.5/site-packages/Automat-0.6.0.dist-info'...
Listing './lib/python3.5/site-packages/Jinja2-2.10.dist-info'...
Listing './lib/python3.5/site-packages/MarkupSafe-1.0.egg-info'...
Listing './lib/python3.5/site-packages/SQLAlchemy-1.2.0.egg-info'...
Listing './lib/python3.5/site-packages/Twisted-17.9.0.egg-info'...
Listing './lib/python3.5/site-packages/argparse-1.4.0.dist-info'...
Listing './lib/python3.5/site-packages/attr'...
Listing './lib/python3.5/site-packages/attrs-17.4.0.dist-info'...
Listing './lib/python3.5/site-packages/automat'...
Listing './lib/python3.5/site-packages/automat/_test'...
Listing './lib/python3.5/site-packages/balrog'...
Listing './lib/python3.5/site-packages/balrog/submitter'...
Compiling './lib/python3.5/site-packages/balrog/submitter/api.py'...
***   File "./lib/python3.5/site-packages/balrog/submitter/api.py", line 90
    except requests.HTTPError, e:
                             ^
SyntaxError: invalid syntax

Listing './lib/python3.5/site-packages/build'...
Listing './lib/python3.5/site-packages/buildtools-1.0.6.egg-info'...
Listing './lib/python3.5/site-packages/certifi'...
Listing './lib/python3.5/site-packages/certifi-2017.11.5.dist-info'...
Listing './lib/python3.5/site-packages/chardet'...
Listing './lib/python3.5/site-packages/chardet/cli'...
Listing './lib/python3.5/site-packages/chardet-3.0.4.dist-info'...
Listing './lib/python3.5/site-packages/constantly'...
Listing './lib/python3.5/site-packages/constantly-15.1.0.dist-info'...
Listing './lib/python3.5/site-packages/dateutil'...
Listing './lib/python3.5/site-packages/dateutil/tz'...
Listing './lib/python3.5/site-packages/dateutil/zoneinfo'...
Listing './lib/python3.5/site-packages/docopt-0.6.2.egg-info'...
Listing './lib/python3.5/site-packages/exampleproj'...
Listing './lib/python3.5/site-packages/furl'...
Listing './lib/python3.5/site-packages/furl-1.0.1.egg-info'...
Listing './lib/python3.5/site-packages/hyperlink'...
Listing './lib/python3.5/site-packages/hyperlink/test'...
Listing './lib/python3.5/site-packages/hyperlink-17.3.1.dist-info'...
Listing './lib/python3.5/site-packages/idna'...
Listing './lib/python3.5/site-packages/idna-2.6.dist-info'...
Listing './lib/python3.5/site-packages/incremental'...
Listing './lib/python3.5/site-packages/incremental/tests'...
Listing './lib/python3.5/site-packages/incremental-17.5.0.dist-info'...
Listing './lib/python3.5/site-packages/jinja2'...
Compiling './lib/python3.5/site-packages/jinja2/asyncfilters.py'...
***   File "./lib/python3.5/site-packages/jinja2/asyncfilters.py", line 24
    yield item
    ^
SyntaxError: 'yield' inside async function

Compiling './lib/python3.5/site-packages/jinja2/asyncsupport.py'...
***   File "./lib/python3.5/site-packages/jinja2/asyncsupport.py", line 35
    yield event
    ^
SyntaxError: 'yield' inside async function

Listing './lib/python3.5/site-packages/kickoff'...
Compiling './lib/python3.5/site-packages/kickoff/api.py'...
***   File "./lib/python3.5/site-packages/kickoff/api.py", line 67
    except requests.HTTPError, e:
                             ^
SyntaxError: invalid syntax

Listing './lib/python3.5/site-packages/markupsafe'...
Listing './lib/python3.5/site-packages/mozilla_buildtools'...
Compiling './lib/python3.5/site-packages/mozilla_buildtools/queuedir.py'...
***   File "./lib/python3.5/site-packages/mozilla_buildtools/queuedir.py", line 65
    os.chmod(path, 0755)
                      ^
SyntaxError: invalid token

Listing './lib/python3.5/site-packages/mozilla_buildtools/test'...
Compiling './lib/python3.5/site-packages/mozilla_buildtools/test/test_util_commands.py'...
***   File "./lib/python3.5/site-packages/mozilla_buildtools/test/test_util_commands.py", line 96
    except subprocess.CalledProcessError, e:
                                        ^
SyntaxError: invalid syntax

Listing './lib/python3.5/site-packages/orderedmultidict'...
Listing './lib/python3.5/site-packages/orderedmultidict-0.7.11.egg-info'...
Listing './lib/python3.5/site-packages/pip'...
Listing './lib/python3.5/site-packages/pip/_vendor'...
Listing './lib/python3.5/site-packages/pip/commands'...
Listing './lib/python3.5/site-packages/pip/compat'...
Listing './lib/python3.5/site-packages/pip/models'...
Listing './lib/python3.5/site-packages/pip/operations'...
Listing './lib/python3.5/site-packages/pip/req'...
Listing './lib/python3.5/site-packages/pip/utils'...
Listing './lib/python3.5/site-packages/pip/vcs'...
Listing './lib/python3.5/site-packages/pip-9.0.1.dist-info'...
Listing './lib/python3.5/site-packages/pkg_resources'...
Listing './lib/python3.5/site-packages/pkg_resources/_vendor'...
Listing './lib/python3.5/site-packages/pkg_resources/_vendor/packaging'...
Listing './lib/python3.5/site-packages/pkg_resources/extern'...
Listing './lib/python3.5/site-packages/pkg_resources-0.0.0.dist-info'...
Listing './lib/python3.5/site-packages/python_dateutil-2.6.1.dist-info'...
Listing './lib/python3.5/site-packages/redo'...
Listing './lib/python3.5/site-packages/redo-1.6.egg-info'...
Listing './lib/python3.5/site-packages/release'...
Compiling './lib/python3.5/site-packages/release/download.py'...
***   File "./lib/python3.5/site-packages/release/download.py", line 101
    except HTTPError, e:
                    ^
SyntaxError: invalid syntax

Compiling './lib/python3.5/site-packages/release/info.py'...
***   File "./lib/python3.5/site-packages/release/info.py", line 53
    except Exception, e:
                    ^
SyntaxError: invalid syntax

Compiling './lib/python3.5/site-packages/release/product_details_update.py'...
***   File "./lib/python3.5/site-packages/release/product_details_update.py", line 132
    print "New version '" + newVersion + "' already existing in the file " + filename
                        ^
SyntaxError: Missing parentheses in call to 'print'

Compiling './lib/python3.5/site-packages/release/signing.py'...
***   File "./lib/python3.5/site-packages/release/signing.py", line 29
    print "Failed to parse the following line:"
                                              ^
SyntaxError: Missing parentheses in call to 'print'

Listing './lib/python3.5/site-packages/release/updates'...
Listing './lib/python3.5/site-packages/requests'...
Listing './lib/python3.5/site-packages/requests-2.18.4.dist-info'...
Listing './lib/python3.5/site-packages/setuptools'...
Listing './lib/python3.5/site-packages/setuptools/command'...
Listing './lib/python3.5/site-packages/setuptools/extern'...
Listing './lib/python3.5/site-packages/setuptools-32.3.1.dist-info'...
Listing './lib/python3.5/site-packages/signing'...
Compiling './lib/python3.5/site-packages/signing/client.py'...
***   File "./lib/python3.5/site-packages/signing/client.py", line 139
    except urllib2.HTTPError, e:
                            ^
SyntaxError: invalid syntax

Listing './lib/python3.5/site-packages/simplejson'...
Listing './lib/python3.5/site-packages/simplejson/tests'...
Listing './lib/python3.5/site-packages/simplejson-3.13.2.egg-info'...
Listing './lib/python3.5/site-packages/six-1.11.0.dist-info'...
Listing './lib/python3.5/site-packages/slavealloc'...
Compiling './lib/python3.5/site-packages/slavealloc/client.py'...
***   File "./lib/python3.5/site-packages/slavealloc/client.py", line 51
    print "RESPONSE BODY:\n" + data
                           ^
SyntaxError: Missing parentheses in call to 'print'

Listing './lib/python3.5/site-packages/slavealloc/contrib'...
Listing './lib/python3.5/site-packages/slavealloc/daemon'...
Listing './lib/python3.5/site-packages/slavealloc/daemon/http'...
Listing './lib/python3.5/site-packages/slavealloc/daemon/ui'...
Listing './lib/python3.5/site-packages/slavealloc/data'...
Listing './lib/python3.5/site-packages/slavealloc/logic'...
Listing './lib/python3.5/site-packages/slavealloc/scripts'...
Compiling './lib/python3.5/site-packages/slavealloc/scripts/gettac.py'...
***   File "./lib/python3.5/site-packages/slavealloc/scripts/gettac.py", line 36
    print res['tac']
            ^
SyntaxError: Missing parentheses in call to 'print'

Compiling './lib/python3.5/site-packages/slavealloc/scripts/notes.py'...
***   File "./lib/python3.5/site-packages/slavealloc/scripts/notes.py", line 38
    print slave['notes']
              ^
SyntaxError: Missing parentheses in call to 'print'

Listing './lib/python3.5/site-packages/slavealloc/www'...
Listing './lib/python3.5/site-packages/slavealloc/www/css'...
Listing './lib/python3.5/site-packages/slavealloc/www/css/smoothness'...
Listing './lib/python3.5/site-packages/slavealloc/www/css/smoothness/images'...
Listing './lib/python3.5/site-packages/slavealloc/www/icons'...
Listing './lib/python3.5/site-packages/slavealloc/www/js'...
Listing './lib/python3.5/site-packages/slavealloc/www/js/deps'...
Listing './lib/python3.5/site-packages/sqlalchemy'...
Listing './lib/python3.5/site-packages/sqlalchemy/connectors'...
Listing './lib/python3.5/site-packages/sqlalchemy/databases'...
Listing './lib/python3.5/site-packages/sqlalchemy/dialects'...
Listing './lib/python3.5/site-packages/sqlalchemy/dialects/firebird'...
Listing './lib/python3.5/site-packages/sqlalchemy/dialects/mssql'...
Listing './lib/python3.5/site-packages/sqlalchemy/dialects/mysql'...
Listing './lib/python3.5/site-packages/sqlalchemy/dialects/oracle'...
Listing './lib/python3.5/site-packages/sqlalchemy/dialects/postgresql'...
Listing './lib/python3.5/site-packages/sqlalchemy/dialects/sqlite'...
Listing './lib/python3.5/site-packages/sqlalchemy/dialects/sybase'...
Listing './lib/python3.5/site-packages/sqlalchemy/engine'...
Listing './lib/python3.5/site-packages/sqlalchemy/event'...
Listing './lib/python3.5/site-packages/sqlalchemy/ext'...
Listing './lib/python3.5/site-packages/sqlalchemy/ext/declarative'...
Listing './lib/python3.5/site-packages/sqlalchemy/orm'...
Listing './lib/python3.5/site-packages/sqlalchemy/sql'...
Listing './lib/python3.5/site-packages/sqlalchemy/testing'...
Listing './lib/python3.5/site-packages/sqlalchemy/testing/plugin'...
Listing './lib/python3.5/site-packages/sqlalchemy/testing/suite'...
Listing './lib/python3.5/site-packages/sqlalchemy/util'...
Listing './lib/python3.5/site-packages/sut_lib'...
Compiling './lib/python3.5/site-packages/sut_lib/__init__.py'...
***   File "./lib/python3.5/site-packages/sut_lib/__init__.py", line 429
    print contents
                 ^
SyntaxError: Missing parentheses in call to 'print'

Listing './lib/python3.5/site-packages/twisted'...
Listing './lib/python3.5/site-packages/twisted/_threads'...
Listing './lib/python3.5/site-packages/twisted/_threads/test'...
Listing './lib/python3.5/site-packages/twisted/application'...
Listing './lib/python3.5/site-packages/twisted/application/runner'...
Listing './lib/python3.5/site-packages/twisted/application/runner/test'...
Listing './lib/python3.5/site-packages/twisted/application/test'...
Listing './lib/python3.5/site-packages/twisted/application/twist'...
Listing './lib/python3.5/site-packages/twisted/application/twist/test'...
Listing './lib/python3.5/site-packages/twisted/conch'...
Listing './lib/python3.5/site-packages/twisted/conch/client'...
Listing './lib/python3.5/site-packages/twisted/conch/insults'...
Listing './lib/python3.5/site-packages/twisted/conch/openssh_compat'...
Listing './lib/python3.5/site-packages/twisted/conch/scripts'...
Listing './lib/python3.5/site-packages/twisted/conch/ssh'...
Listing './lib/python3.5/site-packages/twisted/conch/test'...
Listing './lib/python3.5/site-packages/twisted/conch/ui'...
Listing './lib/python3.5/site-packages/twisted/cred'...
Listing './lib/python3.5/site-packages/twisted/cred/test'...
Listing './lib/python3.5/site-packages/twisted/enterprise'...
Listing './lib/python3.5/site-packages/twisted/internet'...
Listing './lib/python3.5/site-packages/twisted/internet/iocpreactor'...
Listing './lib/python3.5/site-packages/twisted/internet/iocpreactor/iocpsupport'...
Listing './lib/python3.5/site-packages/twisted/internet/test'...
Listing './lib/python3.5/site-packages/twisted/internet/test/fake_CAs'...
Listing './lib/python3.5/site-packages/twisted/logger'...
Listing './lib/python3.5/site-packages/twisted/logger/test'...
Listing './lib/python3.5/site-packages/twisted/mail'...
Listing './lib/python3.5/site-packages/twisted/mail/test'...
Listing './lib/python3.5/site-packages/twisted/names'...
Listing './lib/python3.5/site-packages/twisted/names/test'...
Listing './lib/python3.5/site-packages/twisted/pair'...
Listing './lib/python3.5/site-packages/twisted/pair/test'...
Listing './lib/python3.5/site-packages/twisted/persisted'...
Listing './lib/python3.5/site-packages/twisted/persisted/test'...
Listing './lib/python3.5/site-packages/twisted/plugins'...
Listing './lib/python3.5/site-packages/twisted/positioning'...
Listing './lib/python3.5/site-packages/twisted/positioning/test'...
Listing './lib/python3.5/site-packages/twisted/protocols'...
Listing './lib/python3.5/site-packages/twisted/protocols/haproxy'...
Listing './lib/python3.5/site-packages/twisted/protocols/haproxy/test'...
Listing './lib/python3.5/site-packages/twisted/protocols/test'...
Listing './lib/python3.5/site-packages/twisted/python'...
Listing './lib/python3.5/site-packages/twisted/python/_pydoctortemplates'...
Listing './lib/python3.5/site-packages/twisted/python/test'...
Listing './lib/python3.5/site-packages/twisted/runner'...
Listing './lib/python3.5/site-packages/twisted/runner/test'...
Listing './lib/python3.5/site-packages/twisted/scripts'...
Listing './lib/python3.5/site-packages/twisted/scripts/test'...
Listing './lib/python3.5/site-packages/twisted/spread'...
Listing './lib/python3.5/site-packages/twisted/spread/test'...
Listing './lib/python3.5/site-packages/twisted/tap'...
Listing './lib/python3.5/site-packages/twisted/test'...
Listing './lib/python3.5/site-packages/twisted/trial'...
Listing './lib/python3.5/site-packages/twisted/trial/_dist'...
Listing './lib/python3.5/site-packages/twisted/trial/_dist/test'...
Listing './lib/python3.5/site-packages/twisted/trial/test'...
Listing './lib/python3.5/site-packages/twisted/web'...
Listing './lib/python3.5/site-packages/twisted/web/_auth'...
Listing './lib/python3.5/site-packages/twisted/web/test'...
Listing './lib/python3.5/site-packages/twisted/words'...
Listing './lib/python3.5/site-packages/twisted/words/im'...
Listing './lib/python3.5/site-packages/twisted/words/protocols'...
Listing './lib/python3.5/site-packages/twisted/words/protocols/jabber'...
Listing './lib/python3.5/site-packages/twisted/words/test'...
Listing './lib/python3.5/site-packages/twisted/words/xish'...
Listing './lib/python3.5/site-packages/urllib3'...
Listing './lib/python3.5/site-packages/urllib3/contrib'...
Listing './lib/python3.5/site-packages/urllib3/contrib/_securetransport'...
Listing './lib/python3.5/site-packages/urllib3/packages'...
Listing './lib/python3.5/site-packages/urllib3/packages/backports'...
Listing './lib/python3.5/site-packages/urllib3/packages/ssl_match_hostname'...
Listing './lib/python3.5/site-packages/urllib3/util'...
Listing './lib/python3.5/site-packages/urllib3-1.22.dist-info'...
Listing './lib/python3.5/site-packages/util'...
Compiling './lib/python3.5/site-packages/util/commands.py'...
***   File "./lib/python3.5/site-packages/util/commands.py", line 248
    os.chmod(path, 0700)
                      ^
SyntaxError: invalid token

Listing './lib/python3.5/site-packages/util/fabric'...
Compiling './lib/python3.5/site-packages/util/fabric/actions.py'...
***   File "./lib/python3.5/site-packages/util/fabric/actions.py", line 76
    print master['name'], date, OK
               ^
SyntaxError: Missing parentheses in call to 'print'

Compiling './lib/python3.5/site-packages/util/file.py'...
***   File "./lib/python3.5/site-packages/util/file.py", line 65
    except OSError, e:
                  ^
SyntaxError: invalid syntax

Compiling './lib/python3.5/site-packages/util/git.py'...
***   File "./lib/python3.5/site-packages/util/git.py", line 77
    except OSError, e:
                  ^
SyntaxError: invalid syntax

Compiling './lib/python3.5/site-packages/util/hg.py'...
***   File "./lib/python3.5/site-packages/util/hg.py", line 189
    except subprocess.CalledProcessError, e:
                                        ^
SyntaxError: invalid syntax

Compiling './lib/python3.5/site-packages/util/post_file.py'...
***   File "./lib/python3.5/site-packages/util/post_file.py", line 42
    except (httplib.HTTPException, error, herror, gaierror, timeout), e:
                                                                    ^
SyntaxError: invalid syntax

Listing './lib/python3.5/site-packages/zope'...
Listing './lib/python3.5/site-packages/zope/interface'...
Listing './lib/python3.5/site-packages/zope/interface/common'...
Listing './lib/python3.5/site-packages/zope/interface/common/tests'...
Listing './lib/python3.5/site-packages/zope/interface/tests'...
Listing './lib/python3.5/site-packages/zope.interface-4.4.3.dist-info'...
Listing './share'...
Listing './share/python-wheels'...
