Listing '.'...
Listing './bin'...
Listing './include'...
Listing './lib'...
Listing './lib/python3.5'...
Listing './lib/python3.5/site-packages'...
Listing './lib/python3.5/site-packages/calloway'...
Listing './lib/python3.5/site-packages/calloway/apps'...
Listing './lib/python3.5/site-packages/calloway/apps/api'...
Listing './lib/python3.5/site-packages/calloway/apps/custom_registration'...
Listing './lib/python3.5/site-packages/calloway/apps/custom_registration/backends'...
Listing './lib/python3.5/site-packages/calloway/apps/custom_registration/backends/email'...
Compiling './lib/python3.5/site-packages/calloway/apps/custom_registration/backends/email/__init__.py'...
***   File "./lib/python3.5/site-packages/calloway/apps/custom_registration/backends/email/__init__.py", line 211
    print "Processing %s registration profiles..." % str(RegistrationProfile.objects.all().count())
                                                 ^
SyntaxError: invalid syntax

Listing './lib/python3.5/site-packages/calloway/apps/custom_registration/management'...
Listing './lib/python3.5/site-packages/calloway/apps/custom_registration/management/commands'...
Listing './lib/python3.5/site-packages/calloway/apps/custom_registration/templates'...
Listing './lib/python3.5/site-packages/calloway/apps/custom_registration/templates/registration'...
Listing './lib/python3.5/site-packages/calloway/apps/custom_registration/templates/registration/email'...
Listing './lib/python3.5/site-packages/calloway/apps/custom_registration/templates/registration/email/emails'...
Listing './lib/python3.5/site-packages/calloway/apps/django_ext'...
Compiling './lib/python3.5/site-packages/calloway/apps/django_ext/._views.py'...
*** Sorry: ValueError: source code string cannot contain null bytes
Listing './lib/python3.5/site-packages/calloway/apps/django_ext/fixtures'...
Listing './lib/python3.5/site-packages/calloway/apps/django_ext/management'...
Listing './lib/python3.5/site-packages/calloway/apps/django_ext/management/commands'...
Compiling './lib/python3.5/site-packages/calloway/apps/django_ext/management/commands/._create_demo_data.py'...
*** Sorry: ValueError: source code string cannot contain null bytes
Compiling './lib/python3.5/site-packages/calloway/apps/django_ext/management/commands/create_demo_data.py'...
***   File "./lib/python3.5/site-packages/calloway/apps/django_ext/management/commands/create_demo_data.py", line 35
    print "Creating Nav Bar Entry: %s" % (item['name'])
                                     ^
SyntaxError: invalid syntax

Compiling './lib/python3.5/site-packages/calloway/apps/django_ext/management/commands/delete_contenttypes.py'...
***   File "./lib/python3.5/site-packages/calloway/apps/django_ext/management/commands/delete_contenttypes.py", line 9
    print "Deleting content types and permissions"
                                                 ^
SyntaxError: Missing parentheses in call to 'print'

Compiling './lib/python3.5/site-packages/calloway/apps/django_ext/management/commands/e2c.py'...
***   File "./lib/python3.5/site-packages/calloway/apps/django_ext/management/commands/e2c.py", line 50
    print '\t%s %s' % (o._meta.model, o.pk)
                  ^
SyntaxError: invalid syntax

Compiling './lib/python3.5/site-packages/calloway/apps/django_ext/management/commands/generate_reqs.py'...
***   File "./lib/python3.5/site-packages/calloway/apps/django_ext/management/commands/generate_reqs.py", line 74
    print "--extra-index-url=http://opensource.washingtontimes.com/pypi/simple/"
                                                                               ^
SyntaxError: Missing parentheses in call to 'print'

Listing './lib/python3.5/site-packages/calloway/apps/django_ext/middleware'...
Listing './lib/python3.5/site-packages/calloway/apps/django_ext/templatetags'...
Listing './lib/python3.5/site-packages/calloway/bin'...
Listing './lib/python3.5/site-packages/calloway/static'...
Listing './lib/python3.5/site-packages/calloway/static/calloway'...
Listing './lib/python3.5/site-packages/calloway/static/calloway/admin'...
Listing './lib/python3.5/site-packages/calloway/static/calloway/admin/css'...
Listing './lib/python3.5/site-packages/calloway/static/calloway/admin/css/smoothness'...
Listing './lib/python3.5/site-packages/calloway/static/calloway/admin/css/smoothness/images'...
Listing './lib/python3.5/site-packages/calloway/static/calloway/admin/img'...
Listing './lib/python3.5/site-packages/calloway/static/calloway/admin/img/admin'...
Listing './lib/python3.5/site-packages/calloway/static/calloway/admin/js'...
Listing './lib/python3.5/site-packages/calloway/static/calloway/admin/js/admin'...
Listing './lib/python3.5/site-packages/calloway/static/calloway/css'...
Listing './lib/python3.5/site-packages/calloway/static/calloway/images'...
Listing './lib/python3.5/site-packages/calloway/static/calloway/images/icons'...
Listing './lib/python3.5/site-packages/calloway/static/calloway/js'...
Listing './lib/python3.5/site-packages/calloway/static/calloway/js/tiny_mce'...
Listing './lib/python3.5/site-packages/calloway/static/calloway/js/tiny_mce/langs'...
Listing './lib/python3.5/site-packages/calloway/static/calloway/js/tiny_mce/plugins'...
Listing './lib/python3.5/site-packages/calloway/static/calloway/js/tiny_mce/plugins/advhr'...
Listing './lib/python3.5/site-packages/calloway/static/calloway/js/tiny_mce/plugins/advimage'...
Listing './lib/python3.5/site-packages/calloway/static/calloway/js/tiny_mce/plugins/advlink'...
Listing './lib/python3.5/site-packages/calloway/static/calloway/js/tiny_mce/plugins/autoresize'...
Listing './lib/python3.5/site-packages/calloway/static/calloway/js/tiny_mce/plugins/autosave'...
Listing './lib/python3.5/site-packages/calloway/static/calloway/js/tiny_mce/plugins/bbcode'...
Listing './lib/python3.5/site-packages/calloway/static/calloway/js/tiny_mce/plugins/contextmenu'...
Listing './lib/python3.5/site-packages/calloway/static/calloway/js/tiny_mce/plugins/directionality'...
Listing './lib/python3.5/site-packages/calloway/static/calloway/js/tiny_mce/plugins/emotions'...
Listing './lib/python3.5/site-packages/calloway/static/calloway/js/tiny_mce/plugins/example'...
Listing './lib/python3.5/site-packages/calloway/static/calloway/js/tiny_mce/plugins/fullpage'...
Listing './lib/python3.5/site-packages/calloway/static/calloway/js/tiny_mce/plugins/fullscreen'...
Listing './lib/python3.5/site-packages/calloway/static/calloway/js/tiny_mce/plugins/iespell'...
Listing './lib/python3.5/site-packages/calloway/static/calloway/js/tiny_mce/plugins/inlinepopups'...
Listing './lib/python3.5/site-packages/calloway/static/calloway/js/tiny_mce/plugins/insertdatetime'...
Listing './lib/python3.5/site-packages/calloway/static/calloway/js/tiny_mce/plugins/layer'...
Listing './lib/python3.5/site-packages/calloway/static/calloway/js/tiny_mce/plugins/media'...
Listing './lib/python3.5/site-packages/calloway/static/calloway/js/tiny_mce/plugins/nonbreaking'...
Listing './lib/python3.5/site-packages/calloway/static/calloway/js/tiny_mce/plugins/noneditable'...
Listing './lib/python3.5/site-packages/calloway/static/calloway/js/tiny_mce/plugins/pagebreak'...
Listing './lib/python3.5/site-packages/calloway/static/calloway/js/tiny_mce/plugins/paste'...
Listing './lib/python3.5/site-packages/calloway/static/calloway/js/tiny_mce/plugins/preview'...
Listing './lib/python3.5/site-packages/calloway/static/calloway/js/tiny_mce/plugins/print'...
Listing './lib/python3.5/site-packages/calloway/static/calloway/js/tiny_mce/plugins/safari'...
Listing './lib/python3.5/site-packages/calloway/static/calloway/js/tiny_mce/plugins/save'...
Listing './lib/python3.5/site-packages/calloway/static/calloway/js/tiny_mce/plugins/searchreplace'...
Listing './lib/python3.5/site-packages/calloway/static/calloway/js/tiny_mce/plugins/spellchecker'...
Listing './lib/python3.5/site-packages/calloway/static/calloway/js/tiny_mce/plugins/style'...
Listing './lib/python3.5/site-packages/calloway/static/calloway/js/tiny_mce/plugins/tabfocus'...
Listing './lib/python3.5/site-packages/calloway/static/calloway/js/tiny_mce/plugins/table'...
Listing './lib/python3.5/site-packages/calloway/static/calloway/js/tiny_mce/plugins/template'...
Listing './lib/python3.5/site-packages/calloway/static/calloway/js/tiny_mce/plugins/visualchars'...
Listing './lib/python3.5/site-packages/calloway/static/calloway/js/tiny_mce/plugins/wordcount'...
Listing './lib/python3.5/site-packages/calloway/static/calloway/js/tiny_mce/plugins/xhtmlxtras'...
Listing './lib/python3.5/site-packages/calloway/static/calloway/js/tiny_mce/themes'...
Listing './lib/python3.5/site-packages/calloway/static/calloway/js/tiny_mce/themes/advanced'...
Listing './lib/python3.5/site-packages/calloway/static/calloway/js/tiny_mce/themes/simple'...
Listing './lib/python3.5/site-packages/calloway/static/calloway/js/tiny_mce/utils'...
Listing './lib/python3.5/site-packages/calloway/templates'...
Listing './lib/python3.5/site-packages/calloway/templates/admin'...
Listing './lib/python3.5/site-packages/calloway/templates/categories'...
Listing './lib/python3.5/site-packages/calloway/templates/flatpages'...
Listing './lib/python3.5/site-packages/calloway/templates/frontendadmin'...
Listing './lib/python3.5/site-packages/calloway/templates/profiles'...
Listing './lib/python3.5/site-packages/calloway/templates/registration'...
Listing './lib/python3.5/site-packages/calloway/templates/stories'...
Listing './lib/python3.5/site-packages/calloway-0.4.2.egg-info'...
Listing './lib/python3.5/site-packages/djangoonethree'...
Listing './lib/python3.5/site-packages/exampleproject'...
Listing './lib/python3.5/site-packages/pip'...
Listing './lib/python3.5/site-packages/pip/_vendor'...
Listing './lib/python3.5/site-packages/pip/commands'...
Listing './lib/python3.5/site-packages/pip/compat'...
Listing './lib/python3.5/site-packages/pip/models'...
Listing './lib/python3.5/site-packages/pip/operations'...
Listing './lib/python3.5/site-packages/pip/req'...
Listing './lib/python3.5/site-packages/pip/utils'...
Listing './lib/python3.5/site-packages/pip/vcs'...
Listing './lib/python3.5/site-packages/pip-9.0.1.dist-info'...
Listing './lib/python3.5/site-packages/pkg_resources'...
Listing './lib/python3.5/site-packages/pkg_resources/_vendor'...
Listing './lib/python3.5/site-packages/pkg_resources/_vendor/packaging'...
Listing './lib/python3.5/site-packages/pkg_resources/extern'...
Listing './lib/python3.5/site-packages/pkg_resources-0.0.0.dist-info'...
Listing './lib/python3.5/site-packages/setuptools'...
Listing './lib/python3.5/site-packages/setuptools/command'...
Listing './lib/python3.5/site-packages/setuptools/extern'...
Listing './lib/python3.5/site-packages/setuptools-32.3.1.dist-info'...
Listing './share'...
Listing './share/python-wheels'...
