Listing '.'...
Listing './bin'...
Listing './include'...
Listing './lib'...
Listing './lib/python3.5'...
Listing './lib/python3.5/site-packages'...
Listing './lib/python3.5/site-packages/.libs_cffi_backend'...
Listing './lib/python3.5/site-packages/Automat-0.6.0.dist-info'...
Listing './lib/python3.5/site-packages/PyNaCl-1.2.1.dist-info'...
Listing './lib/python3.5/site-packages/Twisted-17.9.0.egg-info'...
Listing './lib/python3.5/site-packages/asn1crypto'...
Listing './lib/python3.5/site-packages/asn1crypto/_perf'...
Listing './lib/python3.5/site-packages/asn1crypto-0.24.0.dist-info'...
Listing './lib/python3.5/site-packages/attr'...
Listing './lib/python3.5/site-packages/attrs-17.4.0.dist-info'...
Listing './lib/python3.5/site-packages/automat'...
Listing './lib/python3.5/site-packages/automat/_test'...
Listing './lib/python3.5/site-packages/bcrypt'...
Listing './lib/python3.5/site-packages/bcrypt-3.1.4.dist-info'...
Listing './lib/python3.5/site-packages/bson'...
Listing './lib/python3.5/site-packages/cbmock'...
Compiling './lib/python3.5/site-packages/cbmock/httpmock.py'...
***   File "./lib/python3.5/site-packages/cbmock/httpmock.py", line 90
    except KeyError, key:
                   ^
SyntaxError: invalid syntax

Compiling './lib/python3.5/site-packages/cbmock/smartserver.py'...
***   File "./lib/python3.5/site-packages/cbmock/smartserver.py", line 39
    except KeyError, key:
                   ^
SyntaxError: invalid syntax

Listing './lib/python3.5/site-packages/cbmock-0.3.2.egg-info'...
Listing './lib/python3.5/site-packages/cbtestlib'...
Compiling './lib/python3.5/site-packages/cbtestlib/EC2.py'...
***   File "./lib/python3.5/site-packages/cbtestlib/EC2.py", line 472
    print params
               ^
SyntaxError: Missing parentheses in call to 'print'

Listing './lib/python3.5/site-packages/cbtestlib/builds'...
Compiling './lib/python3.5/site-packages/cbtestlib/builds/BeautifulSoup.py'...
***   File "./lib/python3.5/site-packages/cbtestlib/builds/BeautifulSoup.py", line 355
    raise AttributeError, "'%s' object has no attribute '%s'" % (self.__class__.__name__, attr)
                        ^
SyntaxError: invalid syntax

Listing './lib/python3.5/site-packages/cbtestlib/cbkarma'...
Compiling './lib/python3.5/site-packages/cbtestlib/cbkarma/rest_client.py'...
***   File "./lib/python3.5/site-packages/cbtestlib/cbkarma/rest_client.py", line 28
    print "Dashboard is not available... bypassing."
                                                   ^
SyntaxError: Missing parentheses in call to 'print'

Listing './lib/python3.5/site-packages/cbtestlib/couchbase'...
Listing './lib/python3.5/site-packages/cbtestlib/couchdb'...
Compiling './lib/python3.5/site-packages/cbtestlib/couchdb/http.py'...
***   File "./lib/python3.5/site-packages/cbtestlib/couchdb/http.py", line 57
    print "connect: (%s, %s)" % (self.host, self.port)
                            ^
SyntaxError: invalid syntax

Compiling './lib/python3.5/site-packages/cbtestlib/couchdb/view.py'...
***   File "./lib/python3.5/site-packages/cbtestlib/couchdb/view.py", line 56
    exec string in {'log': _log}, globals_
              ^
SyntaxError: Missing parentheses in call to 'exec'

Compiling './lib/python3.5/site-packages/cbtestlib/load_runner.py'...
***   File "./lib/python3.5/site-packages/cbtestlib/load_runner.py", line 86
    print "now connected to {0} memcacheds".format(len(self.poxi.memcacheds))
                                          ^
SyntaxError: invalid syntax

Compiling './lib/python3.5/site-packages/cbtestlib/mc_ascii_client.py'...
***   File "./lib/python3.5/site-packages/cbtestlib/mc_ascii_client.py", line 16
    supermsg='Memcached error #' + `status`
                                   ^
SyntaxError: invalid syntax

Compiling './lib/python3.5/site-packages/cbtestlib/mc_bin_client.py'...
***   File "./lib/python3.5/site-packages/cbtestlib/mc_bin_client.py", line 27
    supermsg = 'Memcached error #' + `status` + ' ' + `error_msg`
                                     ^
SyntaxError: invalid syntax

Compiling './lib/python3.5/site-packages/cbtestlib/mc_bin_server.py'...
***   File "./lib/python3.5/site-packages/cbtestlib/mc_bin_server.py", line 64
    assert hdrSize <= len(data), "Data too short for " + fmt + ': ' + `data`
                                                                      ^
SyntaxError: invalid syntax

Listing './lib/python3.5/site-packages/cbtestlib/membase'...
Listing './lib/python3.5/site-packages/cbtestlib/membase/api'...
Listing './lib/python3.5/site-packages/cbtestlib/membase/api/httplib2'...
Compiling './lib/python3.5/site-packages/cbtestlib/membase/api/httplib2/__init__.py'...
***   File "./lib/python3.5/site-packages/cbtestlib/membase/api/httplib2/__init__.py", line 769
    print "connect: (%s, %s)" % (self.host, self.port)
                            ^
SyntaxError: invalid syntax

Compiling './lib/python3.5/site-packages/cbtestlib/membase/api/tap.py'...
***   File "./lib/python3.5/site-packages/cbtestlib/membase/api/tap.py", line 26
    print self.wbuf
             ^
SyntaxError: Missing parentheses in call to 'print'

Listing './lib/python3.5/site-packages/cbtestlib/membase/helper'...
Compiling './lib/python3.5/site-packages/cbtestlib/membase/helper/checkpoints.py'...
***   File "./lib/python3.5/site-packages/cbtestlib/membase/helper/checkpoints.py", line 76
    print alarm
              ^
SyntaxError: Missing parentheses in call to 'print'

Compiling './lib/python3.5/site-packages/cbtestlib/membase/helper/cluster_helper.py'...
***   File "./lib/python3.5/site-packages/cbtestlib/membase/helper/cluster_helper.py", line 358
    print "Waiting for {0} to finish".format(task_type)
                                    ^
SyntaxError: invalid syntax

Compiling './lib/python3.5/site-packages/cbtestlib/membase/helper/rebalance_helper.py'...
***   File "./lib/python3.5/site-packages/cbtestlib/membase/helper/rebalance_helper.py", line 43
    print all_stats[k][stat_key]
                  ^
SyntaxError: Missing parentheses in call to 'print'

Listing './lib/python3.5/site-packages/cbtestlib/membase/performance'...
Compiling './lib/python3.5/site-packages/cbtestlib/membase/performance/stats.py'...
***   File "./lib/python3.5/site-packages/cbtestlib/membase/performance/stats.py", line 181
    name_picker = lambda (pattern, phase): re.search(pattern, self._task["name"])
                         ^
SyntaxError: invalid syntax

Listing './lib/python3.5/site-packages/cbtestlib/memcached'...
Listing './lib/python3.5/site-packages/cbtestlib/memcached/helper'...
Compiling './lib/python3.5/site-packages/cbtestlib/memcached/helper/data_helper.py'...
***   File "./lib/python3.5/site-packages/cbtestlib/memcached/helper/data_helper.py", line 915
    except EOFError, IOError:
                   ^
SyntaxError: invalid syntax

Listing './lib/python3.5/site-packages/cbtestlib/perf_engines'...
Compiling './lib/python3.5/site-packages/cbtestlib/perf_engines/cbsoda.py'...
***   File "./lib/python3.5/site-packages/cbtestlib/perf_engines/cbsoda.py", line 133
    except socket.error, e:
                       ^
SyntaxError: invalid syntax

Listing './lib/python3.5/site-packages/cbtestlib/perf_engines/libobserve'...
Compiling './lib/python3.5/site-packages/cbtestlib/perf_engines/libobserve/obs.py'...
***   File "./lib/python3.5/site-packages/cbtestlib/perf_engines/libobserve/obs.py", line 65
    print "<%s> self._observables %s" % (self.__class__.__name__, self._observables)
                                    ^
SyntaxError: invalid syntax

Compiling './lib/python3.5/site-packages/cbtestlib/perf_engines/libobserve/obs_helper.py'...
***   File "./lib/python3.5/site-packages/cbtestlib/perf_engines/libobserve/obs_helper.py", line 60
    print "<%s> failed to get key %s : %s"\
                                         ^
SyntaxError: Missing parentheses in call to 'print'

Compiling './lib/python3.5/site-packages/cbtestlib/perf_engines/libobserve/obs_mcsoda.py'...
***   File "./lib/python3.5/site-packages/cbtestlib/perf_engines/libobserve/obs_mcsoda.py", line 49
    print "<%s> sleep for %f seconds" % (self.__class__.__name__, self.backoff)
                                    ^
SyntaxError: invalid syntax

Compiling './lib/python3.5/site-packages/cbtestlib/perf_engines/libobserve/obs_res.py'...
***   File "./lib/python3.5/site-packages/cbtestlib/perf_engines/libobserve/obs_res.py", line 70
    print "<%s> AsseritionError: %s" % (self.__class__.__name__, e)
                                   ^
SyntaxError: invalid syntax

Listing './lib/python3.5/site-packages/cbtestlib/perf_engines/libstats'...
Compiling './lib/python3.5/site-packages/cbtestlib/perf_engines/libstats/carbon_feeder.py'...
***   File "./lib/python3.5/site-packages/cbtestlib/perf_engines/libstats/carbon_feeder.py", line 29
    except Exception, e:
                    ^
SyntaxError: invalid syntax

Compiling './lib/python3.5/site-packages/cbtestlib/perf_engines/mcsoda.py'...
***   File "./lib/python3.5/site-packages/cbtestlib/perf_engines/mcsoda.py", line 141
    print "[mcsoda] obs_cb is broken"
                                    ^
SyntaxError: Missing parentheses in call to 'print'

Compiling './lib/python3.5/site-packages/cbtestlib/perf_engines/sys_helper.py'...
***   File "./lib/python3.5/site-packages/cbtestlib/perf_engines/sys_helper.py", line 64
    except Exception, e:
                    ^
SyntaxError: invalid syntax

Listing './lib/python3.5/site-packages/cbtestlib/remote'...
Compiling './lib/python3.5/site-packages/cbtestlib/remote/remote_util.py'...
***   File "./lib/python3.5/site-packages/cbtestlib/remote/remote_util.py", line 531
    except IOError, e:
                  ^
SyntaxError: invalid syntax

Compiling './lib/python3.5/site-packages/cbtestlib/remote/stats_windows_helper.py'...
***   File "./lib/python3.5/site-packages/cbtestlib/remote/stats_windows_helper.py", line 201
    except pywintypes.com_error, err_msg:
                               ^
SyntaxError: invalid syntax

Listing './lib/python3.5/site-packages/cbtestlib/tasks'...
Compiling './lib/python3.5/site-packages/cbtestlib/tasks/task.py'...
***   File "./lib/python3.5/site-packages/cbtestlib/tasks/task.py", line 302
    return ''.join([`server.ip` for server in self.servers])
                    ^
SyntaxError: invalid syntax

Compiling './lib/python3.5/site-packages/cbtestlib/testrunner_common.py'...
***   File "./lib/python3.5/site-packages/cbtestlib/testrunner_common.py", line 244
    key = "key_" + `vbucket` + "_" + `i`
                   ^
SyntaxError: invalid syntax

Compiling './lib/python3.5/site-packages/cbtestlib/xunit.py'...
***   File "./lib/python3.5/site-packages/cbtestlib/xunit.py", line 114
    print msg.format(suite.name, len(oks), len(errors))
            ^
SyntaxError: invalid syntax

Listing './lib/python3.5/site-packages/cbtestlib-1.0.0.egg-info'...
Listing './lib/python3.5/site-packages/cffi'...
Listing './lib/python3.5/site-packages/cffi-1.11.3.dist-info'...
Listing './lib/python3.5/site-packages/constantly'...
Listing './lib/python3.5/site-packages/constantly-15.1.0.dist-info'...
Listing './lib/python3.5/site-packages/cryptography'...
Listing './lib/python3.5/site-packages/cryptography/hazmat'...
Listing './lib/python3.5/site-packages/cryptography/hazmat/backends'...
Listing './lib/python3.5/site-packages/cryptography/hazmat/backends/openssl'...
Listing './lib/python3.5/site-packages/cryptography/hazmat/bindings'...
Listing './lib/python3.5/site-packages/cryptography/hazmat/bindings/openssl'...
Listing './lib/python3.5/site-packages/cryptography/hazmat/primitives'...
Listing './lib/python3.5/site-packages/cryptography/hazmat/primitives/asymmetric'...
Listing './lib/python3.5/site-packages/cryptography/hazmat/primitives/ciphers'...
Listing './lib/python3.5/site-packages/cryptography/hazmat/primitives/kdf'...
Listing './lib/python3.5/site-packages/cryptography/hazmat/primitives/twofactor'...
Listing './lib/python3.5/site-packages/cryptography/x509'...
Listing './lib/python3.5/site-packages/cryptography-2.1.4.dist-info'...
Listing './lib/python3.5/site-packages/exampleproj'...
Listing './lib/python3.5/site-packages/gridfs'...
Listing './lib/python3.5/site-packages/hyperlink'...
Listing './lib/python3.5/site-packages/hyperlink/test'...
Listing './lib/python3.5/site-packages/hyperlink-17.3.1.dist-info'...
Listing './lib/python3.5/site-packages/idna'...
Listing './lib/python3.5/site-packages/idna-2.6.dist-info'...
Listing './lib/python3.5/site-packages/incremental'...
Listing './lib/python3.5/site-packages/incremental/tests'...
Listing './lib/python3.5/site-packages/incremental-17.5.0.dist-info'...
Listing './lib/python3.5/site-packages/nacl'...
Listing './lib/python3.5/site-packages/nacl/bindings'...
Listing './lib/python3.5/site-packages/nacl/pwhash'...
Listing './lib/python3.5/site-packages/paramiko'...
Listing './lib/python3.5/site-packages/paramiko-2.4.0.dist-info'...
Listing './lib/python3.5/site-packages/pip'...
Listing './lib/python3.5/site-packages/pip/_vendor'...
Listing './lib/python3.5/site-packages/pip/commands'...
Listing './lib/python3.5/site-packages/pip/compat'...
Listing './lib/python3.5/site-packages/pip/models'...
Listing './lib/python3.5/site-packages/pip/operations'...
Listing './lib/python3.5/site-packages/pip/req'...
Listing './lib/python3.5/site-packages/pip/utils'...
Listing './lib/python3.5/site-packages/pip/vcs'...
Listing './lib/python3.5/site-packages/pip-9.0.1.dist-info'...
Listing './lib/python3.5/site-packages/pkg_resources'...
Listing './lib/python3.5/site-packages/pkg_resources/_vendor'...
Listing './lib/python3.5/site-packages/pkg_resources/_vendor/packaging'...
Listing './lib/python3.5/site-packages/pkg_resources/extern'...
Listing './lib/python3.5/site-packages/pkg_resources-0.0.0.dist-info'...
Listing './lib/python3.5/site-packages/pyasn1'...
Listing './lib/python3.5/site-packages/pyasn1/codec'...
Listing './lib/python3.5/site-packages/pyasn1/codec/ber'...
Listing './lib/python3.5/site-packages/pyasn1/codec/cer'...
Listing './lib/python3.5/site-packages/pyasn1/codec/der'...
Listing './lib/python3.5/site-packages/pyasn1/codec/native'...
Listing './lib/python3.5/site-packages/pyasn1/compat'...
Listing './lib/python3.5/site-packages/pyasn1/type'...
Listing './lib/python3.5/site-packages/pyasn1-0.4.2.dist-info'...
Listing './lib/python3.5/site-packages/pycparser'...
Listing './lib/python3.5/site-packages/pycparser/ply'...
Listing './lib/python3.5/site-packages/pycparser-2.18.egg-info'...
Listing './lib/python3.5/site-packages/pymongo'...
Listing './lib/python3.5/site-packages/pymongo-3.6.0.dist-info'...
Listing './lib/python3.5/site-packages/requests'...
Listing './lib/python3.5/site-packages/requests/packages'...
Listing './lib/python3.5/site-packages/requests/packages/charade'...
Listing './lib/python3.5/site-packages/requests/packages/urllib3'...
Listing './lib/python3.5/site-packages/requests/packages/urllib3/packages'...
Listing './lib/python3.5/site-packages/requests/packages/urllib3/packages/ssl_match_hostname'...
Listing './lib/python3.5/site-packages/requests-1.2.0.egg-info'...
Listing './lib/python3.5/site-packages/setuptools'...
Listing './lib/python3.5/site-packages/setuptools/command'...
Listing './lib/python3.5/site-packages/setuptools/extern'...
Listing './lib/python3.5/site-packages/setuptools-32.3.1.dist-info'...
Listing './lib/python3.5/site-packages/six-1.11.0.dist-info'...
Listing './lib/python3.5/site-packages/twisted'...
Listing './lib/python3.5/site-packages/twisted/_threads'...
Listing './lib/python3.5/site-packages/twisted/_threads/test'...
Listing './lib/python3.5/site-packages/twisted/application'...
Listing './lib/python3.5/site-packages/twisted/application/runner'...
Listing './lib/python3.5/site-packages/twisted/application/runner/test'...
Listing './lib/python3.5/site-packages/twisted/application/test'...
Listing './lib/python3.5/site-packages/twisted/application/twist'...
Listing './lib/python3.5/site-packages/twisted/application/twist/test'...
Listing './lib/python3.5/site-packages/twisted/conch'...
Listing './lib/python3.5/site-packages/twisted/conch/client'...
Listing './lib/python3.5/site-packages/twisted/conch/insults'...
Listing './lib/python3.5/site-packages/twisted/conch/openssh_compat'...
Listing './lib/python3.5/site-packages/twisted/conch/scripts'...
Listing './lib/python3.5/site-packages/twisted/conch/ssh'...
Listing './lib/python3.5/site-packages/twisted/conch/test'...
Listing './lib/python3.5/site-packages/twisted/conch/ui'...
Listing './lib/python3.5/site-packages/twisted/cred'...
Listing './lib/python3.5/site-packages/twisted/cred/test'...
Listing './lib/python3.5/site-packages/twisted/enterprise'...
Listing './lib/python3.5/site-packages/twisted/internet'...
Listing './lib/python3.5/site-packages/twisted/internet/iocpreactor'...
Listing './lib/python3.5/site-packages/twisted/internet/iocpreactor/iocpsupport'...
Listing './lib/python3.5/site-packages/twisted/internet/test'...
Listing './lib/python3.5/site-packages/twisted/internet/test/fake_CAs'...
Listing './lib/python3.5/site-packages/twisted/logger'...
Listing './lib/python3.5/site-packages/twisted/logger/test'...
Listing './lib/python3.5/site-packages/twisted/mail'...
Listing './lib/python3.5/site-packages/twisted/mail/test'...
Listing './lib/python3.5/site-packages/twisted/names'...
Listing './lib/python3.5/site-packages/twisted/names/test'...
Listing './lib/python3.5/site-packages/twisted/pair'...
Listing './lib/python3.5/site-packages/twisted/pair/test'...
Listing './lib/python3.5/site-packages/twisted/persisted'...
Listing './lib/python3.5/site-packages/twisted/persisted/test'...
Listing './lib/python3.5/site-packages/twisted/plugins'...
Listing './lib/python3.5/site-packages/twisted/positioning'...
Listing './lib/python3.5/site-packages/twisted/positioning/test'...
Listing './lib/python3.5/site-packages/twisted/protocols'...
Listing './lib/python3.5/site-packages/twisted/protocols/haproxy'...
Listing './lib/python3.5/site-packages/twisted/protocols/haproxy/test'...
Listing './lib/python3.5/site-packages/twisted/protocols/test'...
Listing './lib/python3.5/site-packages/twisted/python'...
Listing './lib/python3.5/site-packages/twisted/python/_pydoctortemplates'...
Listing './lib/python3.5/site-packages/twisted/python/test'...
Listing './lib/python3.5/site-packages/twisted/runner'...
Listing './lib/python3.5/site-packages/twisted/runner/test'...
Listing './lib/python3.5/site-packages/twisted/scripts'...
Listing './lib/python3.5/site-packages/twisted/scripts/test'...
Listing './lib/python3.5/site-packages/twisted/spread'...
Listing './lib/python3.5/site-packages/twisted/spread/test'...
Listing './lib/python3.5/site-packages/twisted/tap'...
Listing './lib/python3.5/site-packages/twisted/test'...
Listing './lib/python3.5/site-packages/twisted/trial'...
Listing './lib/python3.5/site-packages/twisted/trial/_dist'...
Listing './lib/python3.5/site-packages/twisted/trial/_dist/test'...
Listing './lib/python3.5/site-packages/twisted/trial/test'...
Listing './lib/python3.5/site-packages/twisted/web'...
Listing './lib/python3.5/site-packages/twisted/web/_auth'...
Listing './lib/python3.5/site-packages/twisted/web/test'...
Listing './lib/python3.5/site-packages/twisted/words'...
Listing './lib/python3.5/site-packages/twisted/words/im'...
Listing './lib/python3.5/site-packages/twisted/words/protocols'...
Listing './lib/python3.5/site-packages/twisted/words/protocols/jabber'...
Listing './lib/python3.5/site-packages/twisted/words/test'...
Listing './lib/python3.5/site-packages/twisted/words/xish'...
Listing './lib/python3.5/site-packages/zope'...
Listing './lib/python3.5/site-packages/zope/interface'...
Listing './lib/python3.5/site-packages/zope/interface/common'...
Listing './lib/python3.5/site-packages/zope/interface/common/tests'...
Listing './lib/python3.5/site-packages/zope/interface/tests'...
Listing './lib/python3.5/site-packages/zope.interface-4.4.3.dist-info'...
Listing './share'...
Listing './share/python-wheels'...
