Listing '.'...
Listing './bin'...
Listing './include'...
Listing './lib'...
Listing './lib/python3.5'...
Listing './lib/python3.5/site-packages'...
Listing './lib/python3.5/site-packages/cbmpy'...
Listing './lib/python3.5/site-packages/cbmpy/fluxmodules'...
Listing './lib/python3.5/site-packages/cbmpy/models'...
Compiling './lib/python3.5/site-packages/cbmpy/models/default_models.zip.py'...
*** Sorry: ValueError: source code string cannot contain null bytes
Listing './lib/python3.5/site-packages/cbmpy/nosetests'...
Compiling './lib/python3.5/site-packages/cbmpy/nosetests/cbmpy_test_bundle_v1.zip.py'...
*** Sorry: ValueError: source code string cannot contain null bytes
Listing './lib/python3.5/site-packages/cbmpy/solver'...
Listing './lib/python3.5/site-packages/cbmpy-0.7.19.egg-info'...
Listing './lib/python3.5/site-packages/pip'...
Listing './lib/python3.5/site-packages/pip/_vendor'...
Listing './lib/python3.5/site-packages/pip/commands'...
Listing './lib/python3.5/site-packages/pip/compat'...
Listing './lib/python3.5/site-packages/pip/models'...
Listing './lib/python3.5/site-packages/pip/operations'...
Listing './lib/python3.5/site-packages/pip/req'...
Listing './lib/python3.5/site-packages/pip/utils'...
Listing './lib/python3.5/site-packages/pip/vcs'...
Listing './lib/python3.5/site-packages/pip-9.0.1.dist-info'...
Listing './lib/python3.5/site-packages/pkg_resources'...
Listing './lib/python3.5/site-packages/pkg_resources/_vendor'...
Listing './lib/python3.5/site-packages/pkg_resources/_vendor/packaging'...
Listing './lib/python3.5/site-packages/pkg_resources/extern'...
Listing './lib/python3.5/site-packages/pkg_resources-0.0.0.dist-info'...
Listing './lib/python3.5/site-packages/setuptools'...
Listing './lib/python3.5/site-packages/setuptools/command'...
Listing './lib/python3.5/site-packages/setuptools/extern'...
Listing './lib/python3.5/site-packages/setuptools-32.3.1.dist-info'...
Listing './share'...
Listing './share/python-wheels'...
