Listing '.'...
Listing './bin'...
Listing './include'...
Listing './lib'...
Listing './lib/python3.5'...
Listing './lib/python3.5/site-packages'...
Listing './lib/python3.5/site-packages/Pygments-2.2.0.dist-info'...
Listing './lib/python3.5/site-packages/cdk'...
Listing './lib/python3.5/site-packages/cdk/custom'...
Listing './lib/python3.5/site-packages/cdk/custom/deck.js'...
Listing './lib/python3.5/site-packages/cdk/custom/deck.js/extensions'...
Listing './lib/python3.5/site-packages/cdk/custom/deck.js/extensions/anchor'...
Listing './lib/python3.5/site-packages/cdk/custom/deck.js/extensions/breadcrumb'...
Listing './lib/python3.5/site-packages/cdk/custom/deck.js/extensions/help'...
Listing './lib/python3.5/site-packages/cdk/custom/deck.js/extensions/quiz'...
Listing './lib/python3.5/site-packages/cdk/custom/deck.js/extensions/scrolltop'...
Listing './lib/python3.5/site-packages/cdk/custom/deck.js/extensions/slidetheme'...
Listing './lib/python3.5/site-packages/cdk/custom/deck.js/extensions/toc'...
Listing './lib/python3.5/site-packages/cdk/custom/deck.js/stylesheets'...
Listing './lib/python3.5/site-packages/cdk/custom/deck.js/stylesheets/transition'...
Listing './lib/python3.5/site-packages/cdk/custom/deck.js/themes'...
Listing './lib/python3.5/site-packages/cdk/custom/deck.js/themes/plain'...
Listing './lib/python3.5/site-packages/cdk/custom/deck.js/themes/twitter'...
Compiling './lib/python3.5/site-packages/cdk/custom/deck.js/themes/twitter/b64.py'...
***   File "./lib/python3.5/site-packages/cdk/custom/deck.js/themes/twitter/b64.py", line 7
    print base64.b64encode(data)
               ^
SyntaxError: invalid syntax

Listing './lib/python3.5/site-packages/cdk/custom/icons'...
Listing './lib/python3.5/site-packages/cdk/data'...
Listing './lib/python3.5/site-packages/cdk/data/asciidoc-8.6.8'...
Compiling './lib/python3.5/site-packages/cdk/data/asciidoc-8.6.8/a2x.py'...
***   File "./lib/python3.5/site-packages/cdk/data/asciidoc-8.6.8/a2x.py", line 76
    print '%s: %s' % (PROG,msg)
                 ^
SyntaxError: invalid syntax

Compiling './lib/python3.5/site-packages/cdk/data/asciidoc-8.6.8/asciidoc.py'...
***   File "./lib/python3.5/site-packages/cdk/data/asciidoc-8.6.8/asciidoc.py", line 101
    except KeyError, k: raise AttributeError, k
                   ^
SyntaxError: invalid syntax

Compiling './lib/python3.5/site-packages/cdk/data/asciidoc-8.6.8/asciidocapi.py'...
***   File "./lib/python3.5/site-packages/cdk/data/asciidoc-8.6.8/asciidocapi.py", line 246
    except SystemExit, e:
                     ^
SyntaxError: invalid syntax

Listing './lib/python3.5/site-packages/cdk/data/asciidoc-8.6.8/dblatex'...
Listing './lib/python3.5/site-packages/cdk/data/asciidoc-8.6.8/doc'...
Listing './lib/python3.5/site-packages/cdk/data/asciidoc-8.6.8/docbook-xsl'...
Listing './lib/python3.5/site-packages/cdk/data/asciidoc-8.6.8/examples'...
Listing './lib/python3.5/site-packages/cdk/data/asciidoc-8.6.8/examples/website'...
Listing './lib/python3.5/site-packages/cdk/data/asciidoc-8.6.8/filters'...
Listing './lib/python3.5/site-packages/cdk/data/asciidoc-8.6.8/filters/code'...
Compiling './lib/python3.5/site-packages/cdk/data/asciidoc-8.6.8/filters/code/code-filter.py'...
***   File "./lib/python3.5/site-packages/cdk/data/asciidoc-8.6.8/filters/code/code-filter.py", line 196
    print __doc__
                ^
SyntaxError: Missing parentheses in call to 'print'

Listing './lib/python3.5/site-packages/cdk/data/asciidoc-8.6.8/filters/graphviz'...
Compiling './lib/python3.5/site-packages/cdk/data/asciidoc-8.6.8/filters/graphviz/graphviz2png.py'...
***   File "./lib/python3.5/site-packages/cdk/data/asciidoc-8.6.8/filters/graphviz/graphviz2png.py", line 116
    raise EApp, 'failed command: %s' % cmd
              ^
SyntaxError: invalid syntax

Listing './lib/python3.5/site-packages/cdk/data/asciidoc-8.6.8/filters/latex'...
Compiling './lib/python3.5/site-packages/cdk/data/asciidoc-8.6.8/filters/latex/latex2png.py'...
***   File "./lib/python3.5/site-packages/cdk/data/asciidoc-8.6.8/filters/latex/latex2png.py", line 115
    raise EApp, 'failed command: %s' % cmd
              ^
SyntaxError: invalid syntax

Listing './lib/python3.5/site-packages/cdk/data/asciidoc-8.6.8/filters/music'...
Compiling './lib/python3.5/site-packages/cdk/data/asciidoc-8.6.8/filters/music/music2png.py'...
***   File "./lib/python3.5/site-packages/cdk/data/asciidoc-8.6.8/filters/music/music2png.py", line 93
    raise EApp, 'failed command: %s' % cmd
              ^
SyntaxError: invalid syntax

Listing './lib/python3.5/site-packages/cdk/data/asciidoc-8.6.8/filters/source'...
Listing './lib/python3.5/site-packages/cdk/data/asciidoc-8.6.8/images'...
Listing './lib/python3.5/site-packages/cdk/data/asciidoc-8.6.8/images/icons'...
Listing './lib/python3.5/site-packages/cdk/data/asciidoc-8.6.8/images/icons/callouts'...
Listing './lib/python3.5/site-packages/cdk/data/asciidoc-8.6.8/javascripts'...
Listing './lib/python3.5/site-packages/cdk/data/asciidoc-8.6.8/stylesheets'...
Listing './lib/python3.5/site-packages/cdk/data/asciidoc-8.6.8/tests'...
Compiling './lib/python3.5/site-packages/cdk/data/asciidoc-8.6.8/tests/asciidocapi.py'...
***   File "./lib/python3.5/site-packages/cdk/data/asciidoc-8.6.8/tests/asciidocapi.py", line 246
    except SystemExit, e:
                     ^
SyntaxError: invalid syntax

Listing './lib/python3.5/site-packages/cdk/data/asciidoc-8.6.8/tests/data'...
Compiling './lib/python3.5/site-packages/cdk/data/asciidoc-8.6.8/tests/testasciidoc.py'...
***   File "./lib/python3.5/site-packages/cdk/data/asciidoc-8.6.8/tests/testasciidoc.py", line 334
    print '%d: %s%s' % (test.number, iif(test.disabled,'!'), test.title)
                   ^
SyntaxError: invalid syntax

Listing './lib/python3.5/site-packages/cdk/data/asciidoc-8.6.8/themes'...
Listing './lib/python3.5/site-packages/cdk/data/asciidoc-8.6.8/themes/flask'...
Listing './lib/python3.5/site-packages/cdk/data/asciidoc-8.6.8/themes/volnitsky'...
Listing './lib/python3.5/site-packages/cdk/data/asciidoc-8.6.8/vim'...
Listing './lib/python3.5/site-packages/cdk/data/asciidoc-8.6.8/vim/ftdetect'...
Listing './lib/python3.5/site-packages/cdk/data/asciidoc-8.6.8/vim/syntax'...
Listing './lib/python3.5/site-packages/cdk/data/deck.ext.js'...
Listing './lib/python3.5/site-packages/cdk/data/deck.ext.js/examples'...
Listing './lib/python3.5/site-packages/cdk/data/deck.ext.js/examples/fulldemo'...
Listing './lib/python3.5/site-packages/cdk/data/deck.ext.js/examples/fulldemo/media'...
Listing './lib/python3.5/site-packages/cdk/data/deck.ext.js/extensions'...
Listing './lib/python3.5/site-packages/cdk/data/deck.ext.js/extensions/asvg'...
Listing './lib/python3.5/site-packages/cdk/data/deck.ext.js/extensions/clone'...
Listing './lib/python3.5/site-packages/cdk/data/deck.ext.js/extensions/notes'...
Listing './lib/python3.5/site-packages/cdk/data/deck.ext.js/extensions/toc'...
Listing './lib/python3.5/site-packages/cdk/data/deck.ext.js/libs'...
Listing './lib/python3.5/site-packages/cdk/data/deck.ext.js/libs/jquerysvg'...
Listing './lib/python3.5/site-packages/cdk/data/deck.ext.js/themes'...
Listing './lib/python3.5/site-packages/cdk/data/deck.ext.js/themes/style'...
Listing './lib/python3.5/site-packages/cdk/data/deck.ext.js/themes/transition'...
Listing './lib/python3.5/site-packages/cdk/data/deck.js'...
Listing './lib/python3.5/site-packages/cdk/data/deck.js/core'...
Listing './lib/python3.5/site-packages/cdk/data/deck.js/extensions'...
Listing './lib/python3.5/site-packages/cdk/data/deck.js/extensions/goto'...
Listing './lib/python3.5/site-packages/cdk/data/deck.js/extensions/hash'...
Listing './lib/python3.5/site-packages/cdk/data/deck.js/extensions/menu'...
Listing './lib/python3.5/site-packages/cdk/data/deck.js/extensions/navigation'...
Listing './lib/python3.5/site-packages/cdk/data/deck.js/extensions/scale'...
Listing './lib/python3.5/site-packages/cdk/data/deck.js/extensions/status'...
Listing './lib/python3.5/site-packages/cdk/data/deck.js/introduction'...
Listing './lib/python3.5/site-packages/cdk/data/deck.js/test'...
Listing './lib/python3.5/site-packages/cdk/data/deck.js/test/fixtures'...
Listing './lib/python3.5/site-packages/cdk/data/deck.js/test/lib'...
Listing './lib/python3.5/site-packages/cdk/data/deck.js/themes'...
Listing './lib/python3.5/site-packages/cdk/data/deck.js/themes/style'...
Listing './lib/python3.5/site-packages/cdk/data/deck.js/themes/transition'...
Listing './lib/python3.5/site-packages/cdk/data/deck.split.js'...
Listing './lib/python3.5/site-packages/cdk/data/examples'...
Listing './lib/python3.5/site-packages/cdk/data/examples/fulldemo'...
Listing './lib/python3.5/site-packages/cdk/data/examples/fulldemo/media'...
Listing './lib/python3.5/site-packages/cdk/data/extensions'...
Listing './lib/python3.5/site-packages/cdk/data/extensions/asvg'...
Listing './lib/python3.5/site-packages/cdk/data/extensions/clone'...
Listing './lib/python3.5/site-packages/cdk/data/extensions/notes'...
Listing './lib/python3.5/site-packages/cdk/data/extensions/toc'...
Listing './lib/python3.5/site-packages/cdk/data/libs'...
Listing './lib/python3.5/site-packages/cdk/data/libs/jquerysvg'...
Listing './lib/python3.5/site-packages/cdk/data/themes'...
Listing './lib/python3.5/site-packages/cdk/data/themes/style'...
Listing './lib/python3.5/site-packages/cdk/data/themes/transition'...
Listing './lib/python3.5/site-packages/cdk-1.0.12.egg-info'...
Listing './lib/python3.5/site-packages/docopt-0.6.2.egg-info'...
Listing './lib/python3.5/site-packages/pip'...
Listing './lib/python3.5/site-packages/pip/_vendor'...
Listing './lib/python3.5/site-packages/pip/commands'...
Listing './lib/python3.5/site-packages/pip/compat'...
Listing './lib/python3.5/site-packages/pip/models'...
Listing './lib/python3.5/site-packages/pip/operations'...
Listing './lib/python3.5/site-packages/pip/req'...
Listing './lib/python3.5/site-packages/pip/utils'...
Listing './lib/python3.5/site-packages/pip/vcs'...
Listing './lib/python3.5/site-packages/pip-9.0.1.dist-info'...
Listing './lib/python3.5/site-packages/pkg_resources'...
Listing './lib/python3.5/site-packages/pkg_resources/_vendor'...
Listing './lib/python3.5/site-packages/pkg_resources/_vendor/packaging'...
Listing './lib/python3.5/site-packages/pkg_resources/extern'...
Listing './lib/python3.5/site-packages/pkg_resources-0.0.0.dist-info'...
Listing './lib/python3.5/site-packages/pygments'...
Listing './lib/python3.5/site-packages/pygments/filters'...
Listing './lib/python3.5/site-packages/pygments/formatters'...
Listing './lib/python3.5/site-packages/pygments/lexers'...
Listing './lib/python3.5/site-packages/pygments/styles'...
Listing './lib/python3.5/site-packages/setuptools'...
Listing './lib/python3.5/site-packages/setuptools/command'...
Listing './lib/python3.5/site-packages/setuptools/extern'...
Listing './lib/python3.5/site-packages/setuptools-32.3.1.dist-info'...
Listing './share'...
Listing './share/python-wheels'...
