Listing '.'...
Listing './bin'...
Listing './include'...
Listing './lib'...
Listing './lib/python3.5'...
Listing './lib/python3.5/site-packages'...
Listing './lib/python3.5/site-packages/arrow'...
Listing './lib/python3.5/site-packages/arrow-0.12.0.egg-info'...
Listing './lib/python3.5/site-packages/cds_dojson'...
Listing './lib/python3.5/site-packages/cds_dojson/marc21'...
Listing './lib/python3.5/site-packages/cds_dojson/marc21/fields'...
Listing './lib/python3.5/site-packages/cds_dojson/marc21/fields/videos'...
Listing './lib/python3.5/site-packages/cds_dojson/marc21/models'...
Listing './lib/python3.5/site-packages/cds_dojson/marc21/models/videos'...
Listing './lib/python3.5/site-packages/cds_dojson/schemas'...
Listing './lib/python3.5/site-packages/cds_dojson/schemas/categories'...
Listing './lib/python3.5/site-packages/cds_dojson/schemas/deposits'...
Listing './lib/python3.5/site-packages/cds_dojson/schemas/deposits/records'...
Listing './lib/python3.5/site-packages/cds_dojson/schemas/deposits/records/videos'...
Listing './lib/python3.5/site-packages/cds_dojson/schemas/deposits/records/videos/project'...
Listing './lib/python3.5/site-packages/cds_dojson/schemas/deposits/records/videos/video'...
Listing './lib/python3.5/site-packages/cds_dojson/schemas/keywords'...
Listing './lib/python3.5/site-packages/cds_dojson/schemas/records'...
Listing './lib/python3.5/site-packages/cds_dojson/schemas/records/videos'...
Listing './lib/python3.5/site-packages/cds_dojson/schemas/records/videos/project'...
Listing './lib/python3.5/site-packages/cds_dojson/schemas/records/videos/video'...
Listing './lib/python3.5/site-packages/cds_dojson/schemas/records-files'...
Listing './lib/python3.5/site-packages/cds_dojson-0.6.0.egg-info'...
Listing './lib/python3.5/site-packages/certifi'...
Listing './lib/python3.5/site-packages/certifi-2017.11.5.dist-info'...
Listing './lib/python3.5/site-packages/chardet'...
Listing './lib/python3.5/site-packages/chardet/cli'...
Listing './lib/python3.5/site-packages/chardet-3.0.4.dist-info'...
Listing './lib/python3.5/site-packages/click'...
Listing './lib/python3.5/site-packages/click-6.7.dist-info'...
Listing './lib/python3.5/site-packages/dateutil'...
Listing './lib/python3.5/site-packages/dateutil/tz'...
Listing './lib/python3.5/site-packages/dateutil/zoneinfo'...
Listing './lib/python3.5/site-packages/dojson'...
Listing './lib/python3.5/site-packages/dojson/cli'...
Listing './lib/python3.5/site-packages/dojson/contrib'...
Listing './lib/python3.5/site-packages/dojson/contrib/marc21'...
Listing './lib/python3.5/site-packages/dojson/contrib/marc21/fields'...
Listing './lib/python3.5/site-packages/dojson/contrib/marc21/schemas'...
Listing './lib/python3.5/site-packages/dojson/contrib/marc21/schemas/marc21'...
Listing './lib/python3.5/site-packages/dojson/contrib/marc21/schemas/marc21/authority'...
Listing './lib/python3.5/site-packages/dojson/contrib/marc21/schemas/marc21/bibliographic'...
Listing './lib/python3.5/site-packages/dojson/contrib/marc21/schemas/marc21/holdings'...
Listing './lib/python3.5/site-packages/dojson/contrib/to_marc21'...
Listing './lib/python3.5/site-packages/dojson/contrib/to_marc21/fields'...
Listing './lib/python3.5/site-packages/dojson-1.3.2.dist-info'...
Listing './lib/python3.5/site-packages/idna'...
Listing './lib/python3.5/site-packages/idna-2.6.dist-info'...
Listing './lib/python3.5/site-packages/invenio_query_parser'...
Listing './lib/python3.5/site-packages/invenio_query_parser/contrib'...
Listing './lib/python3.5/site-packages/invenio_query_parser/contrib/elasticsearch'...
Listing './lib/python3.5/site-packages/invenio_query_parser/contrib/elasticsearch/walkers'...
Listing './lib/python3.5/site-packages/invenio_query_parser/contrib/spires'...
Listing './lib/python3.5/site-packages/invenio_query_parser/contrib/spires/walkers'...
Listing './lib/python3.5/site-packages/invenio_query_parser/walkers'...
Listing './lib/python3.5/site-packages/invenio_query_parser-0.6.0.dist-info'...
Listing './lib/python3.5/site-packages/lxml'...
Listing './lib/python3.5/site-packages/lxml/html'...
Listing './lib/python3.5/site-packages/lxml/includes'...
Listing './lib/python3.5/site-packages/lxml/includes/libexslt'...
Listing './lib/python3.5/site-packages/lxml/includes/libxml'...
Listing './lib/python3.5/site-packages/lxml/includes/libxslt'...
Listing './lib/python3.5/site-packages/lxml/isoschematron'...
Listing './lib/python3.5/site-packages/lxml/isoschematron/resources'...
Listing './lib/python3.5/site-packages/lxml/isoschematron/resources/rng'...
Listing './lib/python3.5/site-packages/lxml/isoschematron/resources/xsl'...
Listing './lib/python3.5/site-packages/lxml/isoschematron/resources/xsl/iso-schematron-xslt1'...
Listing './lib/python3.5/site-packages/lxml-4.1.1.dist-info'...
Listing './lib/python3.5/site-packages/ordereddict-1.1.egg-info'...
Listing './lib/python3.5/site-packages/pip'...
Listing './lib/python3.5/site-packages/pip/_vendor'...
Listing './lib/python3.5/site-packages/pip/commands'...
Listing './lib/python3.5/site-packages/pip/compat'...
Listing './lib/python3.5/site-packages/pip/models'...
Listing './lib/python3.5/site-packages/pip/operations'...
Listing './lib/python3.5/site-packages/pip/req'...
Listing './lib/python3.5/site-packages/pip/utils'...
Listing './lib/python3.5/site-packages/pip/vcs'...
Listing './lib/python3.5/site-packages/pip-9.0.1.dist-info'...
Listing './lib/python3.5/site-packages/pkg_resources'...
Listing './lib/python3.5/site-packages/pkg_resources/_vendor'...
Listing './lib/python3.5/site-packages/pkg_resources/_vendor/packaging'...
Listing './lib/python3.5/site-packages/pkg_resources/extern'...
Listing './lib/python3.5/site-packages/pkg_resources-0.0.0.dist-info'...
Listing './lib/python3.5/site-packages/pyPEG2-2.15.2.egg-info'...
Listing './lib/python3.5/site-packages/pycountry'...
Listing './lib/python3.5/site-packages/pycountry/databases'...
Listing './lib/python3.5/site-packages/pycountry/locales'...
Listing './lib/python3.5/site-packages/pycountry/locales/af'...
Listing './lib/python3.5/site-packages/pycountry/locales/af/LC_MESSAGES'...
Listing './lib/python3.5/site-packages/pycountry/locales/am'...
Listing './lib/python3.5/site-packages/pycountry/locales/am/LC_MESSAGES'...
Listing './lib/python3.5/site-packages/pycountry/locales/ar'...
Listing './lib/python3.5/site-packages/pycountry/locales/ar/LC_MESSAGES'...
Listing './lib/python3.5/site-packages/pycountry/locales/as'...
Listing './lib/python3.5/site-packages/pycountry/locales/as/LC_MESSAGES'...
Listing './lib/python3.5/site-packages/pycountry/locales/ast'...
Listing './lib/python3.5/site-packages/pycountry/locales/ast/LC_MESSAGES'...
Listing './lib/python3.5/site-packages/pycountry/locales/az'...
Listing './lib/python3.5/site-packages/pycountry/locales/az/LC_MESSAGES'...
Listing './lib/python3.5/site-packages/pycountry/locales/be'...
Listing './lib/python3.5/site-packages/pycountry/locales/be/LC_MESSAGES'...
Listing './lib/python3.5/site-packages/pycountry/locales/bg'...
Listing './lib/python3.5/site-packages/pycountry/locales/bg/LC_MESSAGES'...
Listing './lib/python3.5/site-packages/pycountry/locales/bn'...
Listing './lib/python3.5/site-packages/pycountry/locales/bn/LC_MESSAGES'...
Listing './lib/python3.5/site-packages/pycountry/locales/bn_IN'...
Listing './lib/python3.5/site-packages/pycountry/locales/bn_IN/LC_MESSAGES'...
Listing './lib/python3.5/site-packages/pycountry/locales/br'...
Listing './lib/python3.5/site-packages/pycountry/locales/br/LC_MESSAGES'...
Listing './lib/python3.5/site-packages/pycountry/locales/bs'...
Listing './lib/python3.5/site-packages/pycountry/locales/bs/LC_MESSAGES'...
Listing './lib/python3.5/site-packages/pycountry/locales/byn'...
Listing './lib/python3.5/site-packages/pycountry/locales/byn/LC_MESSAGES'...
Listing './lib/python3.5/site-packages/pycountry/locales/ca'...
Listing './lib/python3.5/site-packages/pycountry/locales/ca/LC_MESSAGES'...
Listing './lib/python3.5/site-packages/pycountry/locales/crh'...
Listing './lib/python3.5/site-packages/pycountry/locales/crh/LC_MESSAGES'...
Listing './lib/python3.5/site-packages/pycountry/locales/cs'...
Listing './lib/python3.5/site-packages/pycountry/locales/cs/LC_MESSAGES'...
Listing './lib/python3.5/site-packages/pycountry/locales/cy'...
Listing './lib/python3.5/site-packages/pycountry/locales/cy/LC_MESSAGES'...
Listing './lib/python3.5/site-packages/pycountry/locales/da'...
Listing './lib/python3.5/site-packages/pycountry/locales/da/LC_MESSAGES'...
Listing './lib/python3.5/site-packages/pycountry/locales/de'...
Listing './lib/python3.5/site-packages/pycountry/locales/de/LC_MESSAGES'...
Listing './lib/python3.5/site-packages/pycountry/locales/dz'...
Listing './lib/python3.5/site-packages/pycountry/locales/dz/LC_MESSAGES'...
Listing './lib/python3.5/site-packages/pycountry/locales/el'...
Listing './lib/python3.5/site-packages/pycountry/locales/el/LC_MESSAGES'...
Listing './lib/python3.5/site-packages/pycountry/locales/en'...
Listing './lib/python3.5/site-packages/pycountry/locales/en/LC_MESSAGES'...
Listing './lib/python3.5/site-packages/pycountry/locales/eo'...
Listing './lib/python3.5/site-packages/pycountry/locales/eo/LC_MESSAGES'...
Listing './lib/python3.5/site-packages/pycountry/locales/es'...
Listing './lib/python3.5/site-packages/pycountry/locales/es/LC_MESSAGES'...
Listing './lib/python3.5/site-packages/pycountry/locales/et'...
Listing './lib/python3.5/site-packages/pycountry/locales/et/LC_MESSAGES'...
Listing './lib/python3.5/site-packages/pycountry/locales/eu'...
Listing './lib/python3.5/site-packages/pycountry/locales/eu/LC_MESSAGES'...
Listing './lib/python3.5/site-packages/pycountry/locales/fa'...
Listing './lib/python3.5/site-packages/pycountry/locales/fa/LC_MESSAGES'...
Listing './lib/python3.5/site-packages/pycountry/locales/fi'...
Listing './lib/python3.5/site-packages/pycountry/locales/fi/LC_MESSAGES'...
Listing './lib/python3.5/site-packages/pycountry/locales/fo'...
Listing './lib/python3.5/site-packages/pycountry/locales/fo/LC_MESSAGES'...
Listing './lib/python3.5/site-packages/pycountry/locales/fr'...
Listing './lib/python3.5/site-packages/pycountry/locales/fr/LC_MESSAGES'...
Listing './lib/python3.5/site-packages/pycountry/locales/ga'...
Listing './lib/python3.5/site-packages/pycountry/locales/ga/LC_MESSAGES'...
Listing './lib/python3.5/site-packages/pycountry/locales/gez'...
Listing './lib/python3.5/site-packages/pycountry/locales/gez/LC_MESSAGES'...
Listing './lib/python3.5/site-packages/pycountry/locales/gl'...
Listing './lib/python3.5/site-packages/pycountry/locales/gl/LC_MESSAGES'...
Listing './lib/python3.5/site-packages/pycountry/locales/gu'...
Listing './lib/python3.5/site-packages/pycountry/locales/gu/LC_MESSAGES'...
Listing './lib/python3.5/site-packages/pycountry/locales/haw'...
Listing './lib/python3.5/site-packages/pycountry/locales/haw/LC_MESSAGES'...
Listing './lib/python3.5/site-packages/pycountry/locales/he'...
Listing './lib/python3.5/site-packages/pycountry/locales/he/LC_MESSAGES'...
Listing './lib/python3.5/site-packages/pycountry/locales/hi'...
Listing './lib/python3.5/site-packages/pycountry/locales/hi/LC_MESSAGES'...
Listing './lib/python3.5/site-packages/pycountry/locales/hr'...
Listing './lib/python3.5/site-packages/pycountry/locales/hr/LC_MESSAGES'...
Listing './lib/python3.5/site-packages/pycountry/locales/hu'...
Listing './lib/python3.5/site-packages/pycountry/locales/hu/LC_MESSAGES'...
Listing './lib/python3.5/site-packages/pycountry/locales/hy'...
Listing './lib/python3.5/site-packages/pycountry/locales/hy/LC_MESSAGES'...
Listing './lib/python3.5/site-packages/pycountry/locales/ia'...
Listing './lib/python3.5/site-packages/pycountry/locales/ia/LC_MESSAGES'...
Listing './lib/python3.5/site-packages/pycountry/locales/id'...
Listing './lib/python3.5/site-packages/pycountry/locales/id/LC_MESSAGES'...
Listing './lib/python3.5/site-packages/pycountry/locales/is'...
Listing './lib/python3.5/site-packages/pycountry/locales/is/LC_MESSAGES'...
Listing './lib/python3.5/site-packages/pycountry/locales/it'...
Listing './lib/python3.5/site-packages/pycountry/locales/it/LC_MESSAGES'...
Listing './lib/python3.5/site-packages/pycountry/locales/ja'...
Listing './lib/python3.5/site-packages/pycountry/locales/ja/LC_MESSAGES'...
Listing './lib/python3.5/site-packages/pycountry/locales/ka'...
Listing './lib/python3.5/site-packages/pycountry/locales/ka/LC_MESSAGES'...
Listing './lib/python3.5/site-packages/pycountry/locales/kk'...
Listing './lib/python3.5/site-packages/pycountry/locales/kk/LC_MESSAGES'...
Listing './lib/python3.5/site-packages/pycountry/locales/km'...
Listing './lib/python3.5/site-packages/pycountry/locales/km/LC_MESSAGES'...
Listing './lib/python3.5/site-packages/pycountry/locales/kn'...
Listing './lib/python3.5/site-packages/pycountry/locales/kn/LC_MESSAGES'...
Listing './lib/python3.5/site-packages/pycountry/locales/ko'...
Listing './lib/python3.5/site-packages/pycountry/locales/ko/LC_MESSAGES'...
Listing './lib/python3.5/site-packages/pycountry/locales/kok'...
Listing './lib/python3.5/site-packages/pycountry/locales/kok/LC_MESSAGES'...
Listing './lib/python3.5/site-packages/pycountry/locales/ku'...
Listing './lib/python3.5/site-packages/pycountry/locales/ku/LC_MESSAGES'...
Listing './lib/python3.5/site-packages/pycountry/locales/lt'...
Listing './lib/python3.5/site-packages/pycountry/locales/lt/LC_MESSAGES'...
Listing './lib/python3.5/site-packages/pycountry/locales/lv'...
Listing './lib/python3.5/site-packages/pycountry/locales/lv/LC_MESSAGES'...
Listing './lib/python3.5/site-packages/pycountry/locales/mi'...
Listing './lib/python3.5/site-packages/pycountry/locales/mi/LC_MESSAGES'...
Listing './lib/python3.5/site-packages/pycountry/locales/mk'...
Listing './lib/python3.5/site-packages/pycountry/locales/mk/LC_MESSAGES'...
Listing './lib/python3.5/site-packages/pycountry/locales/ml'...
Listing './lib/python3.5/site-packages/pycountry/locales/ml/LC_MESSAGES'...
Listing './lib/python3.5/site-packages/pycountry/locales/mn'...
Listing './lib/python3.5/site-packages/pycountry/locales/mn/LC_MESSAGES'...
Listing './lib/python3.5/site-packages/pycountry/locales/mr'...
Listing './lib/python3.5/site-packages/pycountry/locales/mr/LC_MESSAGES'...
Listing './lib/python3.5/site-packages/pycountry/locales/ms'...
Listing './lib/python3.5/site-packages/pycountry/locales/ms/LC_MESSAGES'...
Listing './lib/python3.5/site-packages/pycountry/locales/mt'...
Listing './lib/python3.5/site-packages/pycountry/locales/mt/LC_MESSAGES'...
Listing './lib/python3.5/site-packages/pycountry/locales/nb'...
Listing './lib/python3.5/site-packages/pycountry/locales/nb/LC_MESSAGES'...
Listing './lib/python3.5/site-packages/pycountry/locales/ne'...
Listing './lib/python3.5/site-packages/pycountry/locales/ne/LC_MESSAGES'...
Listing './lib/python3.5/site-packages/pycountry/locales/nl'...
Listing './lib/python3.5/site-packages/pycountry/locales/nl/LC_MESSAGES'...
Listing './lib/python3.5/site-packages/pycountry/locales/nn'...
Listing './lib/python3.5/site-packages/pycountry/locales/nn/LC_MESSAGES'...
Listing './lib/python3.5/site-packages/pycountry/locales/nso'...
Listing './lib/python3.5/site-packages/pycountry/locales/nso/LC_MESSAGES'...
Listing './lib/python3.5/site-packages/pycountry/locales/oc'...
Listing './lib/python3.5/site-packages/pycountry/locales/oc/LC_MESSAGES'...
Listing './lib/python3.5/site-packages/pycountry/locales/or'...
Listing './lib/python3.5/site-packages/pycountry/locales/or/LC_MESSAGES'...
Listing './lib/python3.5/site-packages/pycountry/locales/pa'...
Listing './lib/python3.5/site-packages/pycountry/locales/pa/LC_MESSAGES'...
Listing './lib/python3.5/site-packages/pycountry/locales/pl'...
Listing './lib/python3.5/site-packages/pycountry/locales/pl/LC_MESSAGES'...
Listing './lib/python3.5/site-packages/pycountry/locales/ps'...
Listing './lib/python3.5/site-packages/pycountry/locales/ps/LC_MESSAGES'...
Listing './lib/python3.5/site-packages/pycountry/locales/pt'...
Listing './lib/python3.5/site-packages/pycountry/locales/pt/LC_MESSAGES'...
Listing './lib/python3.5/site-packages/pycountry/locales/pt_BR'...
Listing './lib/python3.5/site-packages/pycountry/locales/pt_BR/LC_MESSAGES'...
Listing './lib/python3.5/site-packages/pycountry/locales/ro'...
Listing './lib/python3.5/site-packages/pycountry/locales/ro/LC_MESSAGES'...
Listing './lib/python3.5/site-packages/pycountry/locales/ru'...
Listing './lib/python3.5/site-packages/pycountry/locales/ru/LC_MESSAGES'...
Listing './lib/python3.5/site-packages/pycountry/locales/rw'...
Listing './lib/python3.5/site-packages/pycountry/locales/rw/LC_MESSAGES'...
Listing './lib/python3.5/site-packages/pycountry/locales/si'...
Listing './lib/python3.5/site-packages/pycountry/locales/si/LC_MESSAGES'...
Listing './lib/python3.5/site-packages/pycountry/locales/sk'...
Listing './lib/python3.5/site-packages/pycountry/locales/sk/LC_MESSAGES'...
Listing './lib/python3.5/site-packages/pycountry/locales/sl'...
Listing './lib/python3.5/site-packages/pycountry/locales/sl/LC_MESSAGES'...
Listing './lib/python3.5/site-packages/pycountry/locales/so'...
Listing './lib/python3.5/site-packages/pycountry/locales/so/LC_MESSAGES'...
Listing './lib/python3.5/site-packages/pycountry/locales/sq'...
Listing './lib/python3.5/site-packages/pycountry/locales/sq/LC_MESSAGES'...
Listing './lib/python3.5/site-packages/pycountry/locales/sr'...
Listing './lib/python3.5/site-packages/pycountry/locales/sr/LC_MESSAGES'...
Listing './lib/python3.5/site-packages/pycountry/locales/sr@latin'...
Listing './lib/python3.5/site-packages/pycountry/locales/sr@latin/LC_MESSAGES'...
Listing './lib/python3.5/site-packages/pycountry/locales/sv'...
Listing './lib/python3.5/site-packages/pycountry/locales/sv/LC_MESSAGES'...
Listing './lib/python3.5/site-packages/pycountry/locales/sw'...
Listing './lib/python3.5/site-packages/pycountry/locales/sw/LC_MESSAGES'...
Listing './lib/python3.5/site-packages/pycountry/locales/ta'...
Listing './lib/python3.5/site-packages/pycountry/locales/ta/LC_MESSAGES'...
Listing './lib/python3.5/site-packages/pycountry/locales/te'...
Listing './lib/python3.5/site-packages/pycountry/locales/te/LC_MESSAGES'...
Listing './lib/python3.5/site-packages/pycountry/locales/th'...
Listing './lib/python3.5/site-packages/pycountry/locales/th/LC_MESSAGES'...
Listing './lib/python3.5/site-packages/pycountry/locales/ti'...
Listing './lib/python3.5/site-packages/pycountry/locales/ti/LC_MESSAGES'...
Listing './lib/python3.5/site-packages/pycountry/locales/tig'...
Listing './lib/python3.5/site-packages/pycountry/locales/tig/LC_MESSAGES'...
Listing './lib/python3.5/site-packages/pycountry/locales/tk'...
Listing './lib/python3.5/site-packages/pycountry/locales/tk/LC_MESSAGES'...
Listing './lib/python3.5/site-packages/pycountry/locales/tl'...
Listing './lib/python3.5/site-packages/pycountry/locales/tl/LC_MESSAGES'...
Listing './lib/python3.5/site-packages/pycountry/locales/tr'...
Listing './lib/python3.5/site-packages/pycountry/locales/tr/LC_MESSAGES'...
Listing './lib/python3.5/site-packages/pycountry/locales/tt'...
Listing './lib/python3.5/site-packages/pycountry/locales/tt/LC_MESSAGES'...
Listing './lib/python3.5/site-packages/pycountry/locales/tt@iqtelif'...
Listing './lib/python3.5/site-packages/pycountry/locales/tt@iqtelif/LC_MESSAGES'...
Listing './lib/python3.5/site-packages/pycountry/locales/ug'...
Listing './lib/python3.5/site-packages/pycountry/locales/ug/LC_MESSAGES'...
Listing './lib/python3.5/site-packages/pycountry/locales/uk'...
Listing './lib/python3.5/site-packages/pycountry/locales/uk/LC_MESSAGES'...
Listing './lib/python3.5/site-packages/pycountry/locales/ve'...
Listing './lib/python3.5/site-packages/pycountry/locales/ve/LC_MESSAGES'...
Listing './lib/python3.5/site-packages/pycountry/locales/vi'...
Listing './lib/python3.5/site-packages/pycountry/locales/vi/LC_MESSAGES'...
Listing './lib/python3.5/site-packages/pycountry/locales/wa'...
Listing './lib/python3.5/site-packages/pycountry/locales/wa/LC_MESSAGES'...
Listing './lib/python3.5/site-packages/pycountry/locales/wal'...
Listing './lib/python3.5/site-packages/pycountry/locales/wal/LC_MESSAGES'...
Listing './lib/python3.5/site-packages/pycountry/locales/wo'...
Listing './lib/python3.5/site-packages/pycountry/locales/wo/LC_MESSAGES'...
Listing './lib/python3.5/site-packages/pycountry/locales/xh'...
Listing './lib/python3.5/site-packages/pycountry/locales/xh/LC_MESSAGES'...
Listing './lib/python3.5/site-packages/pycountry/locales/zh_CN'...
Listing './lib/python3.5/site-packages/pycountry/locales/zh_CN/LC_MESSAGES'...
Listing './lib/python3.5/site-packages/pycountry/locales/zh_HK'...
Listing './lib/python3.5/site-packages/pycountry/locales/zh_HK/LC_MESSAGES'...
Listing './lib/python3.5/site-packages/pycountry/locales/zh_TW'...
Listing './lib/python3.5/site-packages/pycountry/locales/zh_TW/LC_MESSAGES'...
Listing './lib/python3.5/site-packages/pycountry/locales/zu'...
Listing './lib/python3.5/site-packages/pycountry/locales/zu/LC_MESSAGES'...
Listing './lib/python3.5/site-packages/pycountry/tests'...
Listing './lib/python3.5/site-packages/pycountry-17.9.23.egg-info'...
Listing './lib/python3.5/site-packages/pypeg2'...
Listing './lib/python3.5/site-packages/pypeg2/test'...
Listing './lib/python3.5/site-packages/python_dateutil-2.6.1.dist-info'...
Listing './lib/python3.5/site-packages/requests'...
Listing './lib/python3.5/site-packages/requests-2.18.4.dist-info'...
Listing './lib/python3.5/site-packages/setuptools'...
Listing './lib/python3.5/site-packages/setuptools/command'...
Listing './lib/python3.5/site-packages/setuptools/extern'...
Listing './lib/python3.5/site-packages/setuptools-32.3.1.dist-info'...
Listing './lib/python3.5/site-packages/simplejson'...
Listing './lib/python3.5/site-packages/simplejson/tests'...
Listing './lib/python3.5/site-packages/simplejson-3.13.2.egg-info'...
Listing './lib/python3.5/site-packages/six-1.11.0.dist-info'...
Listing './lib/python3.5/site-packages/urllib3'...
Listing './lib/python3.5/site-packages/urllib3/contrib'...
Listing './lib/python3.5/site-packages/urllib3/contrib/_securetransport'...
Listing './lib/python3.5/site-packages/urllib3/packages'...
Listing './lib/python3.5/site-packages/urllib3/packages/backports'...
Listing './lib/python3.5/site-packages/urllib3/packages/ssl_match_hostname'...
Listing './lib/python3.5/site-packages/urllib3/util'...
Listing './lib/python3.5/site-packages/urllib3-1.22.dist-info'...
Listing './share'...
Listing './share/python-wheels'...
