Listing '.'...
Listing './bin'...
Compiling './bin/elm_naive.py'...
Listing './include'...
Listing './lib'...
Listing './lib/python3.5'...
Listing './lib/python3.5/site-packages'...
Listing './lib/python3.5/site-packages/cerebrum'...
Compiling './lib/python3.5/site-packages/cerebrum/__init__.py'...
***   File "./lib/python3.5/site-packages/cerebrum/__init__.py", line 109
    print "WARNING: Hearing Perception process is terminated."
                                                             ^
SyntaxError: Missing parentheses in call to 'print'

Compiling './lib/python3.5/site-packages/cerebrum/clean_today.py'...
***   File "./lib/python3.5/site-packages/cerebrum/clean_today.py", line 17
    print HEARING_MEM_FILE_PATH + " is removed"
                              ^
SyntaxError: Missing parentheses in call to 'print'

Listing './lib/python3.5/site-packages/cerebrum/crossmodal'...
Listing './lib/python3.5/site-packages/cerebrum/hearing'...
Compiling './lib/python3.5/site-packages/cerebrum/hearing/memops.py'...
***   File "./lib/python3.5/site-packages/cerebrum/hearing/memops.py", line 72
    print len(timestamp_list)
            ^
SyntaxError: invalid syntax

Listing './lib/python3.5/site-packages/cerebrum/language'...
Compiling './lib/python3.5/site-packages/cerebrum/language/analysis.py'...
***   File "./lib/python3.5/site-packages/cerebrum/language/analysis.py", line 49
    print subs[i].text + "\n" # Print subtitle's text
             ^
SyntaxError: Missing parentheses in call to 'print'

Compiling './lib/python3.5/site-packages/cerebrum/language/memops.py'...
***   File "./lib/python3.5/site-packages/cerebrum/language/memops.py", line 72
    print len(timestamp_list)
            ^
SyntaxError: invalid syntax

Listing './lib/python3.5/site-packages/cerebrum/neuralnet'...
Listing './lib/python3.5/site-packages/cerebrum/neuralnet/datasets'...
Listing './lib/python3.5/site-packages/cerebrum/neuralnet/elements'...
Compiling './lib/python3.5/site-packages/cerebrum/neuralnet/elements/neuron.py'...
***   File "./lib/python3.5/site-packages/cerebrum/neuralnet/elements/neuron.py", line 44
    print "Neuron ID: " + str(id(self))
                      ^
SyntaxError: invalid syntax

Compiling './lib/python3.5/site-packages/cerebrum/neuralnet/trainer.py'...
***   File "./lib/python3.5/site-packages/cerebrum/neuralnet/trainer.py", line 22
    print "No pairs found."
                          ^
SyntaxError: Missing parentheses in call to 'print'

Compiling './lib/python3.5/site-packages/cerebrum/neuralnet/weaver.py'...
***   File "./lib/python3.5/site-packages/cerebrum/neuralnet/weaver.py", line 45
    print pair
             ^
SyntaxError: Missing parentheses in call to 'print'

Compiling './lib/python3.5/site-packages/cerebrum/remove_data.py'...
***   File "./lib/python3.5/site-packages/cerebrum/remove_data.py", line 11
    print HIPPOCAMPUS + " is removed"
                    ^
SyntaxError: Missing parentheses in call to 'print'

Compiling './lib/python3.5/site-packages/cerebrum/remove_database.py'...
***   File "./lib/python3.5/site-packages/cerebrum/remove_database.py", line 11
    print HIPPOCAMPUS + " is removed"
                    ^
SyntaxError: Missing parentheses in call to 'print'

Listing './lib/python3.5/site-packages/cerebrum/vision'...
Compiling './lib/python3.5/site-packages/cerebrum/vision/memops.py'...
***   File "./lib/python3.5/site-packages/cerebrum/vision/memops.py", line 73
    print len(timestamp_list)
            ^
SyntaxError: invalid syntax

Listing './lib/python3.5/site-packages/cerebrum-0.1.81.dist-info'...
Listing './lib/python3.5/site-packages/chardet'...
Listing './lib/python3.5/site-packages/chardet/cli'...
Listing './lib/python3.5/site-packages/chardet-3.0.4.dist-info'...
Listing './lib/python3.5/site-packages/fasteners'...
Listing './lib/python3.5/site-packages/fasteners/tests'...
Listing './lib/python3.5/site-packages/fasteners-0.14.1.dist-info'...
Listing './lib/python3.5/site-packages/hpelm'...
Listing './lib/python3.5/site-packages/hpelm/modules'...
Listing './lib/python3.5/site-packages/hpelm/nnets'...
Listing './lib/python3.5/site-packages/hpelm/tests'...
Listing './lib/python3.5/site-packages/hpelm-1.0.5.egg-info'...
Listing './lib/python3.5/site-packages/imutils'...
Listing './lib/python3.5/site-packages/imutils/face_utils'...
Listing './lib/python3.5/site-packages/imutils/feature'...
Listing './lib/python3.5/site-packages/imutils/io'...
Listing './lib/python3.5/site-packages/imutils/video'...
Listing './lib/python3.5/site-packages/imutils-0.4.5.egg-info'...
Listing './lib/python3.5/site-packages/monotonic-1.4.dist-info'...
Listing './lib/python3.5/site-packages/nose'...
Listing './lib/python3.5/site-packages/nose/ext'...
Listing './lib/python3.5/site-packages/nose/plugins'...
Listing './lib/python3.5/site-packages/nose/sphinx'...
Listing './lib/python3.5/site-packages/nose/tools'...
Listing './lib/python3.5/site-packages/nose-1.3.7.dist-info'...
Listing './lib/python3.5/site-packages/numexpr'...
Listing './lib/python3.5/site-packages/numexpr/tests'...
Listing './lib/python3.5/site-packages/numexpr-2.6.4.dist-info'...
Listing './lib/python3.5/site-packages/numpy'...
Listing './lib/python3.5/site-packages/numpy/.libs'...
Listing './lib/python3.5/site-packages/numpy/compat'...
Listing './lib/python3.5/site-packages/numpy/core'...
Listing './lib/python3.5/site-packages/numpy/core/include'...
Listing './lib/python3.5/site-packages/numpy/core/include/numpy'...
Listing './lib/python3.5/site-packages/numpy/core/lib'...
Listing './lib/python3.5/site-packages/numpy/core/lib/npy-pkg-config'...
Listing './lib/python3.5/site-packages/numpy/core/tests'...
Listing './lib/python3.5/site-packages/numpy/core/tests/data'...
Listing './lib/python3.5/site-packages/numpy/distutils'...
Listing './lib/python3.5/site-packages/numpy/distutils/command'...
Listing './lib/python3.5/site-packages/numpy/distutils/fcompiler'...
Listing './lib/python3.5/site-packages/numpy/distutils/mingw'...
Listing './lib/python3.5/site-packages/numpy/distutils/tests'...
Listing './lib/python3.5/site-packages/numpy/doc'...
Listing './lib/python3.5/site-packages/numpy/f2py'...
Listing './lib/python3.5/site-packages/numpy/f2py/src'...
Listing './lib/python3.5/site-packages/numpy/f2py/tests'...
Listing './lib/python3.5/site-packages/numpy/f2py/tests/src'...
Listing './lib/python3.5/site-packages/numpy/f2py/tests/src/array_from_pyobj'...
Listing './lib/python3.5/site-packages/numpy/f2py/tests/src/assumed_shape'...
Listing './lib/python3.5/site-packages/numpy/f2py/tests/src/common'...
Listing './lib/python3.5/site-packages/numpy/f2py/tests/src/kind'...
Listing './lib/python3.5/site-packages/numpy/f2py/tests/src/mixed'...
Listing './lib/python3.5/site-packages/numpy/f2py/tests/src/parameter'...
Listing './lib/python3.5/site-packages/numpy/f2py/tests/src/regression'...
Listing './lib/python3.5/site-packages/numpy/f2py/tests/src/size'...
Listing './lib/python3.5/site-packages/numpy/f2py/tests/src/string'...
Listing './lib/python3.5/site-packages/numpy/fft'...
Listing './lib/python3.5/site-packages/numpy/fft/tests'...
Listing './lib/python3.5/site-packages/numpy/lib'...
Listing './lib/python3.5/site-packages/numpy/lib/tests'...
Listing './lib/python3.5/site-packages/numpy/lib/tests/data'...
Listing './lib/python3.5/site-packages/numpy/linalg'...
Listing './lib/python3.5/site-packages/numpy/linalg/tests'...
Listing './lib/python3.5/site-packages/numpy/ma'...
Listing './lib/python3.5/site-packages/numpy/ma/tests'...
Listing './lib/python3.5/site-packages/numpy/matrixlib'...
Listing './lib/python3.5/site-packages/numpy/matrixlib/tests'...
Listing './lib/python3.5/site-packages/numpy/polynomial'...
Listing './lib/python3.5/site-packages/numpy/polynomial/tests'...
Listing './lib/python3.5/site-packages/numpy/random'...
Listing './lib/python3.5/site-packages/numpy/random/tests'...
Listing './lib/python3.5/site-packages/numpy/testing'...
Listing './lib/python3.5/site-packages/numpy/testing/nose_tools'...
Listing './lib/python3.5/site-packages/numpy/testing/tests'...
Listing './lib/python3.5/site-packages/numpy/tests'...
Listing './lib/python3.5/site-packages/numpy-1.14.0.dist-info'...
Listing './lib/python3.5/site-packages/pip'...
Listing './lib/python3.5/site-packages/pip/_vendor'...
Listing './lib/python3.5/site-packages/pip/commands'...
Listing './lib/python3.5/site-packages/pip/compat'...
Listing './lib/python3.5/site-packages/pip/models'...
Listing './lib/python3.5/site-packages/pip/operations'...
Listing './lib/python3.5/site-packages/pip/req'...
Listing './lib/python3.5/site-packages/pip/utils'...
Listing './lib/python3.5/site-packages/pip/vcs'...
Listing './lib/python3.5/site-packages/pip-9.0.1.dist-info'...
Listing './lib/python3.5/site-packages/pkg_resources'...
Listing './lib/python3.5/site-packages/pkg_resources/_vendor'...
Listing './lib/python3.5/site-packages/pkg_resources/_vendor/packaging'...
Listing './lib/python3.5/site-packages/pkg_resources/extern'...
Listing './lib/python3.5/site-packages/pkg_resources-0.0.0.dist-info'...
Listing './lib/python3.5/site-packages/pyqtgraph'...
Listing './lib/python3.5/site-packages/pyqtgraph/GraphicsScene'...
Listing './lib/python3.5/site-packages/pyqtgraph/canvas'...
Listing './lib/python3.5/site-packages/pyqtgraph/console'...
Listing './lib/python3.5/site-packages/pyqtgraph/dockarea'...
Listing './lib/python3.5/site-packages/pyqtgraph/examples'...
Listing './lib/python3.5/site-packages/pyqtgraph/examples/optics'...
Listing './lib/python3.5/site-packages/pyqtgraph/examples/relativity'...
Listing './lib/python3.5/site-packages/pyqtgraph/examples/relativity/presets'...
Listing './lib/python3.5/site-packages/pyqtgraph/examples/verlet_chain'...
Listing './lib/python3.5/site-packages/pyqtgraph/exporters'...
Listing './lib/python3.5/site-packages/pyqtgraph/exporters/tests'...
Listing './lib/python3.5/site-packages/pyqtgraph/flowchart'...
Listing './lib/python3.5/site-packages/pyqtgraph/flowchart/library'...
Listing './lib/python3.5/site-packages/pyqtgraph/graphicsItems'...
Listing './lib/python3.5/site-packages/pyqtgraph/graphicsItems/PlotItem'...
Listing './lib/python3.5/site-packages/pyqtgraph/graphicsItems/ViewBox'...
Listing './lib/python3.5/site-packages/pyqtgraph/imageview'...
Listing './lib/python3.5/site-packages/pyqtgraph/metaarray'...
Listing './lib/python3.5/site-packages/pyqtgraph/multiprocess'...
Listing './lib/python3.5/site-packages/pyqtgraph/opengl'...
Listing './lib/python3.5/site-packages/pyqtgraph/opengl/items'...
Listing './lib/python3.5/site-packages/pyqtgraph/parametertree'...
Listing './lib/python3.5/site-packages/pyqtgraph/pixmaps'...
Listing './lib/python3.5/site-packages/pyqtgraph/tests'...
Listing './lib/python3.5/site-packages/pyqtgraph/util'...
Listing './lib/python3.5/site-packages/pyqtgraph/util/colorama'...
Listing './lib/python3.5/site-packages/pyqtgraph/widgets'...
Listing './lib/python3.5/site-packages/pyqtgraph-0.10.0.egg-info'...
Listing './lib/python3.5/site-packages/pysrt'...
Listing './lib/python3.5/site-packages/pysrt-1.1.1.egg-info'...
Listing './lib/python3.5/site-packages/rethinkdb'...
Listing './lib/python3.5/site-packages/rethinkdb/asyncio_net'...
Listing './lib/python3.5/site-packages/rethinkdb/backports'...
Listing './lib/python3.5/site-packages/rethinkdb/backports/ssl_match_hostname'...
Listing './lib/python3.5/site-packages/rethinkdb/gevent_net'...
Listing './lib/python3.5/site-packages/rethinkdb/tornado_net'...
Listing './lib/python3.5/site-packages/rethinkdb/twisted_net'...
Listing './lib/python3.5/site-packages/rethinkdb-2.3.0.post6.egg-info'...
Listing './lib/python3.5/site-packages/scipy'...
Listing './lib/python3.5/site-packages/scipy/.libs'...
Listing './lib/python3.5/site-packages/scipy/_build_utils'...
Listing './lib/python3.5/site-packages/scipy/_lib'...
Listing './lib/python3.5/site-packages/scipy/_lib/tests'...
Listing './lib/python3.5/site-packages/scipy/cluster'...
Listing './lib/python3.5/site-packages/scipy/cluster/tests'...
Listing './lib/python3.5/site-packages/scipy/constants'...
Listing './lib/python3.5/site-packages/scipy/constants/tests'...
Listing './lib/python3.5/site-packages/scipy/fftpack'...
Listing './lib/python3.5/site-packages/scipy/fftpack/tests'...
Listing './lib/python3.5/site-packages/scipy/integrate'...
Listing './lib/python3.5/site-packages/scipy/integrate/_ivp'...
Listing './lib/python3.5/site-packages/scipy/integrate/tests'...
Listing './lib/python3.5/site-packages/scipy/interpolate'...
Listing './lib/python3.5/site-packages/scipy/interpolate/tests'...
Listing './lib/python3.5/site-packages/scipy/interpolate/tests/data'...
Listing './lib/python3.5/site-packages/scipy/io'...
Listing './lib/python3.5/site-packages/scipy/io/arff'...
Listing './lib/python3.5/site-packages/scipy/io/arff/tests'...
Listing './lib/python3.5/site-packages/scipy/io/arff/tests/data'...
Listing './lib/python3.5/site-packages/scipy/io/harwell_boeing'...
Listing './lib/python3.5/site-packages/scipy/io/harwell_boeing/tests'...
Listing './lib/python3.5/site-packages/scipy/io/matlab'...
Listing './lib/python3.5/site-packages/scipy/io/matlab/tests'...
Listing './lib/python3.5/site-packages/scipy/io/matlab/tests/data'...
Listing './lib/python3.5/site-packages/scipy/io/tests'...
Listing './lib/python3.5/site-packages/scipy/io/tests/data'...
Listing './lib/python3.5/site-packages/scipy/linalg'...
Listing './lib/python3.5/site-packages/scipy/linalg/src'...
Listing './lib/python3.5/site-packages/scipy/linalg/src/id_dist'...
Listing './lib/python3.5/site-packages/scipy/linalg/src/id_dist/doc'...
Listing './lib/python3.5/site-packages/scipy/linalg/src/lapack_deprecations'...
Listing './lib/python3.5/site-packages/scipy/linalg/tests'...
Listing './lib/python3.5/site-packages/scipy/linalg/tests/data'...
Listing './lib/python3.5/site-packages/scipy/misc'...
Listing './lib/python3.5/site-packages/scipy/misc/tests'...
Listing './lib/python3.5/site-packages/scipy/misc/tests/data'...
Listing './lib/python3.5/site-packages/scipy/ndimage'...
Listing './lib/python3.5/site-packages/scipy/ndimage/tests'...
Listing './lib/python3.5/site-packages/scipy/ndimage/tests/data'...
Listing './lib/python3.5/site-packages/scipy/odr'...
Listing './lib/python3.5/site-packages/scipy/odr/tests'...
Listing './lib/python3.5/site-packages/scipy/optimize'...
Listing './lib/python3.5/site-packages/scipy/optimize/_lsq'...
Listing './lib/python3.5/site-packages/scipy/optimize/_trlib'...
Listing './lib/python3.5/site-packages/scipy/optimize/lbfgsb'...
Listing './lib/python3.5/site-packages/scipy/optimize/tests'...
Listing './lib/python3.5/site-packages/scipy/signal'...
Listing './lib/python3.5/site-packages/scipy/signal/tests'...
Listing './lib/python3.5/site-packages/scipy/sparse'...
Listing './lib/python3.5/site-packages/scipy/sparse/csgraph'...
Listing './lib/python3.5/site-packages/scipy/sparse/csgraph/tests'...
Listing './lib/python3.5/site-packages/scipy/sparse/linalg'...
Listing './lib/python3.5/site-packages/scipy/sparse/linalg/dsolve'...
Listing './lib/python3.5/site-packages/scipy/sparse/linalg/dsolve/SuperLU'...
Listing './lib/python3.5/site-packages/scipy/sparse/linalg/dsolve/tests'...
Listing './lib/python3.5/site-packages/scipy/sparse/linalg/eigen'...
Listing './lib/python3.5/site-packages/scipy/sparse/linalg/eigen/arpack'...
Listing './lib/python3.5/site-packages/scipy/sparse/linalg/eigen/arpack/ARPACK'...
Listing './lib/python3.5/site-packages/scipy/sparse/linalg/eigen/arpack/tests'...
Listing './lib/python3.5/site-packages/scipy/sparse/linalg/eigen/lobpcg'...
Listing './lib/python3.5/site-packages/scipy/sparse/linalg/eigen/lobpcg/tests'...
Listing './lib/python3.5/site-packages/scipy/sparse/linalg/isolve'...
Listing './lib/python3.5/site-packages/scipy/sparse/linalg/isolve/tests'...
Listing './lib/python3.5/site-packages/scipy/sparse/linalg/tests'...
Listing './lib/python3.5/site-packages/scipy/sparse/tests'...
Listing './lib/python3.5/site-packages/scipy/sparse/tests/data'...
Listing './lib/python3.5/site-packages/scipy/spatial'...
Listing './lib/python3.5/site-packages/scipy/spatial/qhull'...
Listing './lib/python3.5/site-packages/scipy/spatial/tests'...
Listing './lib/python3.5/site-packages/scipy/spatial/tests/data'...
Listing './lib/python3.5/site-packages/scipy/special'...
Listing './lib/python3.5/site-packages/scipy/special/_precompute'...
Listing './lib/python3.5/site-packages/scipy/special/tests'...
Listing './lib/python3.5/site-packages/scipy/special/tests/data'...
Listing './lib/python3.5/site-packages/scipy/stats'...
Listing './lib/python3.5/site-packages/scipy/stats/tests'...
Listing './lib/python3.5/site-packages/scipy/stats/tests/data'...
Listing './lib/python3.5/site-packages/scipy/stats/tests/data/nist_anova'...
Listing './lib/python3.5/site-packages/scipy/stats/tests/data/nist_linregress'...
Listing './lib/python3.5/site-packages/scipy-1.0.0.dist-info'...
Listing './lib/python3.5/site-packages/setuptools'...
Listing './lib/python3.5/site-packages/setuptools/command'...
Listing './lib/python3.5/site-packages/setuptools/extern'...
Listing './lib/python3.5/site-packages/setuptools-32.3.1.dist-info'...
Listing './lib/python3.5/site-packages/six-1.11.0.dist-info'...
Listing './lib/python3.5/site-packages/tables'...
Listing './lib/python3.5/site-packages/tables/.libs'...
Listing './lib/python3.5/site-packages/tables/misc'...
Listing './lib/python3.5/site-packages/tables/nodes'...
Listing './lib/python3.5/site-packages/tables/nodes/tests'...
Listing './lib/python3.5/site-packages/tables/scripts'...
Listing './lib/python3.5/site-packages/tables/tests'...
Listing './lib/python3.5/site-packages/tables-3.4.2.dist-info'...
Listing './man'...
Listing './man/man1'...
Listing './share'...
Listing './share/python-wheels'...
