Listing '.'...
Listing './bin'...
Listing './include'...
Listing './lib'...
Listing './lib/python3.5'...
Listing './lib/python3.5/site-packages'...
Listing './lib/python3.5/site-packages/certifiable'...
Compiling './lib/python3.5/site-packages/certifiable/complex.py'...
***   File "./lib/python3.5/site-packages/certifiable/complex.py", line 189
    """
     ^
SyntaxError: (unicode error) 'unicodeescape' codec can't decode bytes in position 300-301: malformed \N character escape

Listing './lib/python3.5/site-packages/certifiable-0.1.dist-info'...
Listing './lib/python3.5/site-packages/dns'...
Listing './lib/python3.5/site-packages/dns/rdtypes'...
Listing './lib/python3.5/site-packages/dns/rdtypes/ANY'...
Listing './lib/python3.5/site-packages/dns/rdtypes/IN'...
Listing './lib/python3.5/site-packages/dnspython-1.15.0.dist-info'...
Listing './lib/python3.5/site-packages/email_validator'...
Listing './lib/python3.5/site-packages/email_validator-1.0.3.dist-info'...
Listing './lib/python3.5/site-packages/enum'...
Listing './lib/python3.5/site-packages/enum34-1.1.6.dist-info'...
Listing './lib/python3.5/site-packages/idna'...
Listing './lib/python3.5/site-packages/idna-2.6.dist-info'...
Listing './lib/python3.5/site-packages/lxml'...
Listing './lib/python3.5/site-packages/lxml/html'...
Listing './lib/python3.5/site-packages/lxml/includes'...
Listing './lib/python3.5/site-packages/lxml/includes/libexslt'...
Listing './lib/python3.5/site-packages/lxml/includes/libxml'...
Listing './lib/python3.5/site-packages/lxml/includes/libxslt'...
Listing './lib/python3.5/site-packages/lxml/isoschematron'...
Listing './lib/python3.5/site-packages/lxml/isoschematron/resources'...
Listing './lib/python3.5/site-packages/lxml/isoschematron/resources/rng'...
Listing './lib/python3.5/site-packages/lxml/isoschematron/resources/xsl'...
Listing './lib/python3.5/site-packages/lxml/isoschematron/resources/xsl/iso-schematron-xslt1'...
Listing './lib/python3.5/site-packages/lxml-3.8.0.dist-info'...
Listing './lib/python3.5/site-packages/pip'...
Listing './lib/python3.5/site-packages/pip/_vendor'...
Listing './lib/python3.5/site-packages/pip/commands'...
Listing './lib/python3.5/site-packages/pip/compat'...
Listing './lib/python3.5/site-packages/pip/models'...
Listing './lib/python3.5/site-packages/pip/operations'...
Listing './lib/python3.5/site-packages/pip/req'...
Listing './lib/python3.5/site-packages/pip/utils'...
Listing './lib/python3.5/site-packages/pip/vcs'...
Listing './lib/python3.5/site-packages/pip-9.0.1.dist-info'...
Listing './lib/python3.5/site-packages/pkg_resources'...
Listing './lib/python3.5/site-packages/pkg_resources/_vendor'...
Listing './lib/python3.5/site-packages/pkg_resources/_vendor/packaging'...
Listing './lib/python3.5/site-packages/pkg_resources/extern'...
Listing './lib/python3.5/site-packages/pkg_resources-0.0.0.dist-info'...
Listing './lib/python3.5/site-packages/setuptools'...
Listing './lib/python3.5/site-packages/setuptools/command'...
Listing './lib/python3.5/site-packages/setuptools/extern'...
Listing './lib/python3.5/site-packages/setuptools-32.3.1.dist-info'...
Listing './lib/python3.5/site-packages/six-1.11.0.dist-info'...
Listing './share'...
Listing './share/python-wheels'...
