Listing '.'...
Listing './bin'...
Listing './include'...
Listing './lib'...
Listing './lib/python3.5'...
Listing './lib/python3.5/site-packages'...
Listing './lib/python3.5/site-packages/cinje'...
Listing './lib/python3.5/site-packages/cinje/block'...
Listing './lib/python3.5/site-packages/cinje/inline'...
Listing './lib/python3.5/site-packages/cinje/std'...
Listing './lib/python3.5/site-packages/cinje/std/form'...
Compiling './lib/python3.5/site-packages/cinje/std/form/input.py'...
***   File "./lib/python3.5/site-packages/cinje/std/form/input.py", line 0
SyntaxError: unknown encoding: cinje

Compiling './lib/python3.5/site-packages/cinje/std/form/select.py'...
***   File "./lib/python3.5/site-packages/cinje/std/form/select.py", line 0
SyntaxError: unknown encoding: cinje

Compiling './lib/python3.5/site-packages/cinje/std/html.py'...
***   File "./lib/python3.5/site-packages/cinje/std/html.py", line 0
SyntaxError: unknown encoding: cinje

Listing './lib/python3.5/site-packages/cinje-1.1.0.dist-info'...
Listing './lib/python3.5/site-packages/pip'...
Listing './lib/python3.5/site-packages/pip/_vendor'...
Listing './lib/python3.5/site-packages/pip/commands'...
Listing './lib/python3.5/site-packages/pip/compat'...
Listing './lib/python3.5/site-packages/pip/models'...
Listing './lib/python3.5/site-packages/pip/operations'...
Listing './lib/python3.5/site-packages/pip/req'...
Listing './lib/python3.5/site-packages/pip/utils'...
Listing './lib/python3.5/site-packages/pip/vcs'...
Listing './lib/python3.5/site-packages/pip-9.0.1.dist-info'...
Listing './lib/python3.5/site-packages/pkg_resources'...
Listing './lib/python3.5/site-packages/pkg_resources/_vendor'...
Listing './lib/python3.5/site-packages/pkg_resources/_vendor/packaging'...
Listing './lib/python3.5/site-packages/pkg_resources/extern'...
Listing './lib/python3.5/site-packages/pkg_resources-0.0.0.dist-info'...
Listing './lib/python3.5/site-packages/setuptools'...
Listing './lib/python3.5/site-packages/setuptools/command'...
Listing './lib/python3.5/site-packages/setuptools/extern'...
Listing './lib/python3.5/site-packages/setuptools-32.3.1.dist-info'...
Listing './share'...
Listing './share/python-wheels'...
