Listing '.'...
Listing './bin'...
Listing './include'...
Listing './lib'...
Listing './lib/python3.5'...
Listing './lib/python3.5/site-packages'...
Listing './lib/python3.5/site-packages/ckanext'...
Listing './lib/python3.5/site-packages/ckanext/govdf_theme'...
Listing './lib/python3.5/site-packages/ckanext/govdf_theme/fanstatic'...
Listing './lib/python3.5/site-packages/ckanext/govdf_theme/less'...
Listing './lib/python3.5/site-packages/ckanext/govdf_theme/less/bootstrap'...
Listing './lib/python3.5/site-packages/ckanext/govdf_theme/less/bootstrap/mixins'...
Listing './lib/python3.5/site-packages/ckanext/govdf_theme/less/ckan_main'...
Listing './lib/python3.5/site-packages/ckanext/govdf_theme/less/theme'...
Listing './lib/python3.5/site-packages/ckanext/govdf_theme/public'...
Listing './lib/python3.5/site-packages/ckanext/govdf_theme/public/css'...
Listing './lib/python3.5/site-packages/ckanext/govdf_theme/public/elements'...
Listing './lib/python3.5/site-packages/ckanext/govdf_theme/public/fonts'...
Listing './lib/python3.5/site-packages/ckanext/govdf_theme/public/fonts2'...
Listing './lib/python3.5/site-packages/ckanext/govdf_theme/templates'...
Listing './lib/python3.5/site-packages/ckanext/govdf_theme/templates/content'...
Listing './lib/python3.5/site-packages/ckanext/govdf_theme/templates/content/snippets'...
Listing './lib/python3.5/site-packages/ckanext/govdf_theme/templates/development'...
Listing './lib/python3.5/site-packages/ckanext/govdf_theme/templates/development/snippets'...
Listing './lib/python3.5/site-packages/ckanext/govdf_theme/templates/group'...
Listing './lib/python3.5/site-packages/ckanext/govdf_theme/templates/group/snippets'...
Listing './lib/python3.5/site-packages/ckanext/govdf_theme/templates/home'...
Listing './lib/python3.5/site-packages/ckanext/govdf_theme/templates/home/snippets'...
Listing './lib/python3.5/site-packages/ckanext/govdf_theme/templates/macros'...
Listing './lib/python3.5/site-packages/ckanext/govdf_theme/templates/organization'...
Listing './lib/python3.5/site-packages/ckanext/govdf_theme/templates/organization/snippets'...
Listing './lib/python3.5/site-packages/ckanext/govdf_theme/templates/package'...
Listing './lib/python3.5/site-packages/ckanext/govdf_theme/templates/package/snippets'...
Listing './lib/python3.5/site-packages/ckanext/govdf_theme/templates/snippets'...
Listing './lib/python3.5/site-packages/ckanext/govdf_theme/tests'...
Listing './lib/python3.5/site-packages/ckanext_govdf_theme-0.0.8.6.2.egg-info'...
Listing './lib/python3.5/site-packages/pip'...
Listing './lib/python3.5/site-packages/pip/_vendor'...
Listing './lib/python3.5/site-packages/pip/commands'...
Listing './lib/python3.5/site-packages/pip/compat'...
Listing './lib/python3.5/site-packages/pip/models'...
Listing './lib/python3.5/site-packages/pip/operations'...
Listing './lib/python3.5/site-packages/pip/req'...
Listing './lib/python3.5/site-packages/pip/utils'...
Listing './lib/python3.5/site-packages/pip/vcs'...
Listing './lib/python3.5/site-packages/pip-9.0.1.dist-info'...
Listing './lib/python3.5/site-packages/pkg_resources'...
Listing './lib/python3.5/site-packages/pkg_resources/_vendor'...
Listing './lib/python3.5/site-packages/pkg_resources/_vendor/packaging'...
Listing './lib/python3.5/site-packages/pkg_resources/extern'...
Listing './lib/python3.5/site-packages/pkg_resources-0.0.0.dist-info'...
Listing './lib/python3.5/site-packages/setuptools'...
Listing './lib/python3.5/site-packages/setuptools/command'...
Listing './lib/python3.5/site-packages/setuptools/extern'...
Listing './lib/python3.5/site-packages/setuptools-32.3.1.dist-info'...
Listing './share'...
Listing './share/python-wheels'...
