Listing '.'...
Listing './bin'...
Listing './include'...
Listing './lib'...
Listing './lib/python3.5'...
Listing './lib/python3.5/site-packages'...
Listing './lib/python3.5/site-packages/.libs_cffi_backend'...
Listing './lib/python3.5/site-packages/OpenSSL'...
Listing './lib/python3.5/site-packages/PasteDeploy-1.5.2.dist-info'...
Listing './lib/python3.5/site-packages/WebOb-1.8.0rc1.dist-info'...
Listing './lib/python3.5/site-packages/asn1crypto'...
Listing './lib/python3.5/site-packages/asn1crypto/_perf'...
Listing './lib/python3.5/site-packages/asn1crypto-0.24.0.dist-info'...
Listing './lib/python3.5/site-packages/certifi'...
Listing './lib/python3.5/site-packages/certifi-2017.11.5.dist-info'...
Listing './lib/python3.5/site-packages/cffi'...
Listing './lib/python3.5/site-packages/cffi-1.11.3.dist-info'...
Listing './lib/python3.5/site-packages/chardet'...
Listing './lib/python3.5/site-packages/chardet/cli'...
Listing './lib/python3.5/site-packages/chardet-3.0.4.dist-info'...
Listing './lib/python3.5/site-packages/cliquet'...
Listing './lib/python3.5/site-packages/cliquet/cache'...
Listing './lib/python3.5/site-packages/cliquet/cache/postgresql'...
Listing './lib/python3.5/site-packages/cliquet/listeners'...
Listing './lib/python3.5/site-packages/cliquet/permission'...
Listing './lib/python3.5/site-packages/cliquet/permission/postgresql'...
Listing './lib/python3.5/site-packages/cliquet/resource'...
Listing './lib/python3.5/site-packages/cliquet/scripts'...
Listing './lib/python3.5/site-packages/cliquet/storage'...
Listing './lib/python3.5/site-packages/cliquet/storage/postgresql'...
Listing './lib/python3.5/site-packages/cliquet/storage/postgresql/migrations'...
Listing './lib/python3.5/site-packages/cliquet/tests'...
Listing './lib/python3.5/site-packages/cliquet/tests/resource'...
Listing './lib/python3.5/site-packages/cliquet/tests/schema'...
Listing './lib/python3.5/site-packages/cliquet/tests/testapp'...
Listing './lib/python3.5/site-packages/cliquet/tests/testapp/static'...
Listing './lib/python3.5/site-packages/cliquet/tests/testplugin'...
Listing './lib/python3.5/site-packages/cliquet/views'...
Listing './lib/python3.5/site-packages/cliquet-3.1.5.dist-info'...
Listing './lib/python3.5/site-packages/cliquet_docs'...
Listing './lib/python3.5/site-packages/cliquet_docs/api'...
Listing './lib/python3.5/site-packages/cliquet_docs/images'...
Listing './lib/python3.5/site-packages/cliquet_docs/reference'...
Listing './lib/python3.5/site-packages/cliquet_pusher'...
Listing './lib/python3.5/site-packages/cliquet_pusher-0.2.0.egg-info'...
Listing './lib/python3.5/site-packages/colander'...
Listing './lib/python3.5/site-packages/colander/locale'...
Listing './lib/python3.5/site-packages/colander/locale/cs'...
Listing './lib/python3.5/site-packages/colander/locale/cs/LC_MESSAGES'...
Listing './lib/python3.5/site-packages/colander/locale/de'...
Listing './lib/python3.5/site-packages/colander/locale/de/LC_MESSAGES'...
Listing './lib/python3.5/site-packages/colander/locale/el'...
Listing './lib/python3.5/site-packages/colander/locale/el/LC_MESSAGES'...
Listing './lib/python3.5/site-packages/colander/locale/es'...
Listing './lib/python3.5/site-packages/colander/locale/es/LC_MESSAGES'...
Listing './lib/python3.5/site-packages/colander/locale/fi'...
Listing './lib/python3.5/site-packages/colander/locale/fi/LC_MESSAGES'...
Listing './lib/python3.5/site-packages/colander/locale/fr'...
Listing './lib/python3.5/site-packages/colander/locale/fr/LC_MESSAGES'...
Listing './lib/python3.5/site-packages/colander/locale/it'...
Listing './lib/python3.5/site-packages/colander/locale/it/LC_MESSAGES'...
Listing './lib/python3.5/site-packages/colander/locale/ja'...
Listing './lib/python3.5/site-packages/colander/locale/ja/LC_MESSAGES'...
Listing './lib/python3.5/site-packages/colander/locale/nl'...
Listing './lib/python3.5/site-packages/colander/locale/nl/LC_MESSAGES'...
Listing './lib/python3.5/site-packages/colander/locale/pl'...
Listing './lib/python3.5/site-packages/colander/locale/pl/LC_MESSAGES'...
Listing './lib/python3.5/site-packages/colander/locale/pt'...
Listing './lib/python3.5/site-packages/colander/locale/pt/LC_MESSAGES'...
Listing './lib/python3.5/site-packages/colander/locale/pt_BR'...
Listing './lib/python3.5/site-packages/colander/locale/pt_BR/LC_MESSAGES'...
Listing './lib/python3.5/site-packages/colander/locale/ro'...
Listing './lib/python3.5/site-packages/colander/locale/ro/LC_MESSAGES'...
Listing './lib/python3.5/site-packages/colander/locale/ru'...
Listing './lib/python3.5/site-packages/colander/locale/ru/LC_MESSAGES'...
Listing './lib/python3.5/site-packages/colander/locale/sv'...
Listing './lib/python3.5/site-packages/colander/locale/sv/LC_MESSAGES'...
Listing './lib/python3.5/site-packages/colander/locale/zh_Hans'...
Listing './lib/python3.5/site-packages/colander/locale/zh_Hans/LC_MESSAGES'...
Listing './lib/python3.5/site-packages/colander/locale/zh_Hant'...
Listing './lib/python3.5/site-packages/colander/locale/zh_Hant/LC_MESSAGES'...
Listing './lib/python3.5/site-packages/colander/tests'...
Listing './lib/python3.5/site-packages/colander-1.4.dist-info'...
Listing './lib/python3.5/site-packages/colorama'...
Listing './lib/python3.5/site-packages/colorama-0.3.9.dist-info'...
Listing './lib/python3.5/site-packages/cornice'...
Listing './lib/python3.5/site-packages/cornice/validators'...
Listing './lib/python3.5/site-packages/cornice-3.0.0.dist-info'...
Listing './lib/python3.5/site-packages/cryptography'...
Listing './lib/python3.5/site-packages/cryptography/hazmat'...
Listing './lib/python3.5/site-packages/cryptography/hazmat/backends'...
Listing './lib/python3.5/site-packages/cryptography/hazmat/backends/openssl'...
Listing './lib/python3.5/site-packages/cryptography/hazmat/bindings'...
Listing './lib/python3.5/site-packages/cryptography/hazmat/bindings/openssl'...
Listing './lib/python3.5/site-packages/cryptography/hazmat/primitives'...
Listing './lib/python3.5/site-packages/cryptography/hazmat/primitives/asymmetric'...
Listing './lib/python3.5/site-packages/cryptography/hazmat/primitives/ciphers'...
Listing './lib/python3.5/site-packages/cryptography/hazmat/primitives/kdf'...
Listing './lib/python3.5/site-packages/cryptography/hazmat/primitives/twofactor'...
Listing './lib/python3.5/site-packages/cryptography/x509'...
Listing './lib/python3.5/site-packages/cryptography-2.1.4.dist-info'...
Listing './lib/python3.5/site-packages/dateutil'...
Listing './lib/python3.5/site-packages/dateutil/tz'...
Listing './lib/python3.5/site-packages/dateutil/zoneinfo'...
Listing './lib/python3.5/site-packages/enum'...
Listing './lib/python3.5/site-packages/enum34-1.1.6.dist-info'...
Listing './lib/python3.5/site-packages/hupper'...
Listing './lib/python3.5/site-packages/hupper-1.0.dist-info'...
Listing './lib/python3.5/site-packages/idna'...
Listing './lib/python3.5/site-packages/idna-2.6.dist-info'...
Listing './lib/python3.5/site-packages/iso8601'...
Listing './lib/python3.5/site-packages/iso8601-0.1.12.dist-info'...
Listing './lib/python3.5/site-packages/ndg'...
Listing './lib/python3.5/site-packages/ndg/httpsclient'...
Listing './lib/python3.5/site-packages/ndg/httpsclient/test'...
Listing './lib/python3.5/site-packages/ndg/httpsclient/test/pki'...
Listing './lib/python3.5/site-packages/ndg/httpsclient/test/pki/ca'...
Listing './lib/python3.5/site-packages/ndg/httpsclient/test/scripts'...
Listing './lib/python3.5/site-packages/ndg_httpsclient-0.4.3.dist-info'...
Listing './lib/python3.5/site-packages/paste'...
Listing './lib/python3.5/site-packages/paste/deploy'...
Listing './lib/python3.5/site-packages/paste/deploy/paster_templates'...
Listing './lib/python3.5/site-packages/paste/deploy/paster_templates/paste_deploy'...
Listing './lib/python3.5/site-packages/paste/deploy/paster_templates/paste_deploy/+package+'...
Listing './lib/python3.5/site-packages/paste/deploy/paster_templates/paste_deploy/docs'...
Listing './lib/python3.5/site-packages/pip'...
Listing './lib/python3.5/site-packages/pip/_vendor'...
Listing './lib/python3.5/site-packages/pip/commands'...
Listing './lib/python3.5/site-packages/pip/compat'...
Listing './lib/python3.5/site-packages/pip/models'...
Listing './lib/python3.5/site-packages/pip/operations'...
Listing './lib/python3.5/site-packages/pip/req'...
Listing './lib/python3.5/site-packages/pip/utils'...
Listing './lib/python3.5/site-packages/pip/vcs'...
Listing './lib/python3.5/site-packages/pip-9.0.1.dist-info'...
Listing './lib/python3.5/site-packages/pkg_resources'...
Listing './lib/python3.5/site-packages/pkg_resources/_vendor'...
Listing './lib/python3.5/site-packages/pkg_resources/_vendor/packaging'...
Listing './lib/python3.5/site-packages/pkg_resources/extern'...
Listing './lib/python3.5/site-packages/pkg_resources-0.0.0.dist-info'...
Listing './lib/python3.5/site-packages/plaster'...
Listing './lib/python3.5/site-packages/plaster-1.0.dist-info'...
Listing './lib/python3.5/site-packages/plaster_pastedeploy'...
Listing './lib/python3.5/site-packages/plaster_pastedeploy-0.4.2.dist-info'...
Listing './lib/python3.5/site-packages/pusher'...
Listing './lib/python3.5/site-packages/pusher-1.7.2.egg-info'...
Listing './lib/python3.5/site-packages/pyOpenSSL-17.5.0.dist-info'...
Listing './lib/python3.5/site-packages/pyasn1'...
Listing './lib/python3.5/site-packages/pyasn1/codec'...
Listing './lib/python3.5/site-packages/pyasn1/codec/ber'...
Listing './lib/python3.5/site-packages/pyasn1/codec/cer'...
Listing './lib/python3.5/site-packages/pyasn1/codec/der'...
Listing './lib/python3.5/site-packages/pyasn1/codec/native'...
Listing './lib/python3.5/site-packages/pyasn1/compat'...
Listing './lib/python3.5/site-packages/pyasn1/type'...
Listing './lib/python3.5/site-packages/pyasn1-0.4.2.dist-info'...
Listing './lib/python3.5/site-packages/pycparser'...
Listing './lib/python3.5/site-packages/pycparser/ply'...
Listing './lib/python3.5/site-packages/pycparser-2.18.egg-info'...
Listing './lib/python3.5/site-packages/pyramid'...
Listing './lib/python3.5/site-packages/pyramid/config'...
Listing './lib/python3.5/site-packages/pyramid/scaffolds'...
Listing './lib/python3.5/site-packages/pyramid/scaffolds/alchemy'...
Listing './lib/python3.5/site-packages/pyramid/scaffolds/alchemy/+package+'...
Listing './lib/python3.5/site-packages/pyramid/scaffolds/alchemy/+package+/models'...
Listing './lib/python3.5/site-packages/pyramid/scaffolds/alchemy/+package+/scripts'...
Listing './lib/python3.5/site-packages/pyramid/scaffolds/alchemy/+package+/static'...
Listing './lib/python3.5/site-packages/pyramid/scaffolds/alchemy/+package+/templates'...
Listing './lib/python3.5/site-packages/pyramid/scaffolds/alchemy/+package+/views'...
Listing './lib/python3.5/site-packages/pyramid/scaffolds/starter'...
Listing './lib/python3.5/site-packages/pyramid/scaffolds/starter/+package+'...
Listing './lib/python3.5/site-packages/pyramid/scaffolds/starter/+package+/static'...
Listing './lib/python3.5/site-packages/pyramid/scaffolds/starter/+package+/templates'...
Listing './lib/python3.5/site-packages/pyramid/scaffolds/zodb'...
Listing './lib/python3.5/site-packages/pyramid/scaffolds/zodb/+package+'...
Listing './lib/python3.5/site-packages/pyramid/scaffolds/zodb/+package+/static'...
Listing './lib/python3.5/site-packages/pyramid/scaffolds/zodb/+package+/templates'...
Listing './lib/python3.5/site-packages/pyramid/scripts'...
Listing './lib/python3.5/site-packages/pyramid/tests'...
Listing './lib/python3.5/site-packages/pyramid/tests/fixtures'...
Listing './lib/python3.5/site-packages/pyramid/tests/fixtures/static'...
Listing './lib/python3.5/site-packages/pyramid/tests/fixtures/static/subdir'...
Listing './lib/python3.5/site-packages/pyramid/tests/pkgs'...
Listing './lib/python3.5/site-packages/pyramid/tests/pkgs/ccbugapp'...
Listing './lib/python3.5/site-packages/pyramid/tests/pkgs/conflictapp'...
Listing './lib/python3.5/site-packages/pyramid/tests/pkgs/defpermbugapp'...
Listing './lib/python3.5/site-packages/pyramid/tests/pkgs/eventonly'...
Listing './lib/python3.5/site-packages/pyramid/tests/pkgs/exceptionviewapp'...
Listing './lib/python3.5/site-packages/pyramid/tests/pkgs/fixtureapp'...
Listing './lib/python3.5/site-packages/pyramid/tests/pkgs/fixtureapp/subpackage'...
Listing './lib/python3.5/site-packages/pyramid/tests/pkgs/forbiddenapp'...
Listing './lib/python3.5/site-packages/pyramid/tests/pkgs/forbiddenview'...
Listing './lib/python3.5/site-packages/pyramid/tests/pkgs/hybridapp'...
Listing './lib/python3.5/site-packages/pyramid/tests/pkgs/includeapp1'...
Listing './lib/python3.5/site-packages/pyramid/tests/pkgs/localeapp'...
Listing './lib/python3.5/site-packages/pyramid/tests/pkgs/localeapp/locale'...
Listing './lib/python3.5/site-packages/pyramid/tests/pkgs/localeapp/locale/be'...
Listing './lib/python3.5/site-packages/pyramid/tests/pkgs/localeapp/locale/de'...
Listing './lib/python3.5/site-packages/pyramid/tests/pkgs/localeapp/locale/de/LC_MESSAGES'...
Listing './lib/python3.5/site-packages/pyramid/tests/pkgs/localeapp/locale/de_DE'...
Listing './lib/python3.5/site-packages/pyramid/tests/pkgs/localeapp/locale/de_DE/LC_MESSAGES'...
Listing './lib/python3.5/site-packages/pyramid/tests/pkgs/localeapp/locale/en'...
Listing './lib/python3.5/site-packages/pyramid/tests/pkgs/localeapp/locale/en/LC_MESSAGES'...
Listing './lib/python3.5/site-packages/pyramid/tests/pkgs/localeapp/locale2'...
Listing './lib/python3.5/site-packages/pyramid/tests/pkgs/localeapp/locale2/be'...
Listing './lib/python3.5/site-packages/pyramid/tests/pkgs/localeapp/locale2/de'...
Listing './lib/python3.5/site-packages/pyramid/tests/pkgs/localeapp/locale2/de/LC_MESSAGES'...
Listing './lib/python3.5/site-packages/pyramid/tests/pkgs/localeapp/locale2/en'...
Listing './lib/python3.5/site-packages/pyramid/tests/pkgs/localeapp/locale2/en/LC_MESSAGES'...
Listing './lib/python3.5/site-packages/pyramid/tests/pkgs/localeapp/locale3'...
Listing './lib/python3.5/site-packages/pyramid/tests/pkgs/localeapp/locale3/be'...
Listing './lib/python3.5/site-packages/pyramid/tests/pkgs/localeapp/locale3/de'...
Listing './lib/python3.5/site-packages/pyramid/tests/pkgs/localeapp/locale3/de/LC_MESSAGES'...
Listing './lib/python3.5/site-packages/pyramid/tests/pkgs/localeapp/locale3/en'...
Listing './lib/python3.5/site-packages/pyramid/tests/pkgs/localeapp/locale3/en/LC_MESSAGES'...
Listing './lib/python3.5/site-packages/pyramid/tests/pkgs/notfoundview'...
Listing './lib/python3.5/site-packages/pyramid/tests/pkgs/permbugapp'...
Listing './lib/python3.5/site-packages/pyramid/tests/pkgs/rendererscanapp'...
Listing './lib/python3.5/site-packages/pyramid/tests/pkgs/rendererscanapp/two'...
Listing './lib/python3.5/site-packages/pyramid/tests/pkgs/restbugapp'...
Listing './lib/python3.5/site-packages/pyramid/tests/pkgs/static_abspath'...
Listing './lib/python3.5/site-packages/pyramid/tests/pkgs/static_assetspec'...
Listing './lib/python3.5/site-packages/pyramid/tests/pkgs/static_routeprefix'...
Listing './lib/python3.5/site-packages/pyramid/tests/pkgs/staticpermapp'...
Listing './lib/python3.5/site-packages/pyramid/tests/pkgs/subrequestapp'...
Listing './lib/python3.5/site-packages/pyramid/tests/pkgs/viewdecoratorapp'...
Listing './lib/python3.5/site-packages/pyramid/tests/pkgs/viewdecoratorapp/views'...
Listing './lib/python3.5/site-packages/pyramid/tests/pkgs/wsgiapp2app'...
Listing './lib/python3.5/site-packages/pyramid/tests/test_config'...
Listing './lib/python3.5/site-packages/pyramid/tests/test_config/files'...
Listing './lib/python3.5/site-packages/pyramid/tests/test_config/files/assets'...
Listing './lib/python3.5/site-packages/pyramid/tests/test_config/path'...
Listing './lib/python3.5/site-packages/pyramid/tests/test_config/path/scanerror'...
Listing './lib/python3.5/site-packages/pyramid/tests/test_config/pkgs'...
Listing './lib/python3.5/site-packages/pyramid/tests/test_config/pkgs/asset'...
Listing './lib/python3.5/site-packages/pyramid/tests/test_config/pkgs/asset/subpackage'...
Listing './lib/python3.5/site-packages/pyramid/tests/test_config/pkgs/asset/subpackage/templates'...
Listing './lib/python3.5/site-packages/pyramid/tests/test_config/pkgs/scanextrakw'...
Listing './lib/python3.5/site-packages/pyramid/tests/test_config/pkgs/scannable'...
Listing './lib/python3.5/site-packages/pyramid/tests/test_config/pkgs/scannable/pod'...
Listing './lib/python3.5/site-packages/pyramid/tests/test_config/pkgs/scannable/subpackage'...
Listing './lib/python3.5/site-packages/pyramid/tests/test_config/pkgs/scannable/subpackage/subsubpackage'...
Listing './lib/python3.5/site-packages/pyramid/tests/test_config/pkgs/selfscan'...
Listing './lib/python3.5/site-packages/pyramid/tests/test_scaffolds'...
Listing './lib/python3.5/site-packages/pyramid/tests/test_scaffolds/fixture_scaffold'...
Listing './lib/python3.5/site-packages/pyramid/tests/test_scaffolds/fixture_scaffold/+package+'...
Listing './lib/python3.5/site-packages/pyramid/tests/test_scaffolds/fixture_scaffold/+package+/static'...
Listing './lib/python3.5/site-packages/pyramid/tests/test_scaffolds/fixture_scaffold/+package+/templates'...
Listing './lib/python3.5/site-packages/pyramid/tests/test_scripts'...
Listing './lib/python3.5/site-packages/pyramid-1.9.1.dist-info'...
Listing './lib/python3.5/site-packages/pyramid_multiauth'...
Listing './lib/python3.5/site-packages/pyramid_multiauth-0.9.0.dist-info'...
Listing './lib/python3.5/site-packages/pyramid_tm'...
Listing './lib/python3.5/site-packages/pyramid_tm-2.2.dist-info'...
Listing './lib/python3.5/site-packages/python_dateutil-2.6.1.dist-info'...
Listing './lib/python3.5/site-packages/redis'...
Listing './lib/python3.5/site-packages/redis-2.10.6.dist-info'...
Listing './lib/python3.5/site-packages/repoze'...
Listing './lib/python3.5/site-packages/repoze/lru'...
Listing './lib/python3.5/site-packages/repoze.lru-0.7.dist-info'...
Listing './lib/python3.5/site-packages/requests'...
Listing './lib/python3.5/site-packages/requests-2.18.4.dist-info'...
Listing './lib/python3.5/site-packages/setuptools'...
Listing './lib/python3.5/site-packages/setuptools/command'...
Listing './lib/python3.5/site-packages/setuptools/extern'...
Listing './lib/python3.5/site-packages/setuptools-32.3.1.dist-info'...
Listing './lib/python3.5/site-packages/simplejson'...
Listing './lib/python3.5/site-packages/simplejson/tests'...
Listing './lib/python3.5/site-packages/simplejson-3.13.2.egg-info'...
Listing './lib/python3.5/site-packages/six-1.11.0.dist-info'...
Listing './lib/python3.5/site-packages/structlog'...
Listing './lib/python3.5/site-packages/structlog-17.2.0.dist-info'...
Listing './lib/python3.5/site-packages/transaction'...
Listing './lib/python3.5/site-packages/transaction/tests'...
Listing './lib/python3.5/site-packages/transaction-2.1.2.dist-info'...
Listing './lib/python3.5/site-packages/translationstring'...
Listing './lib/python3.5/site-packages/translationstring/tests'...
Listing './lib/python3.5/site-packages/translationstring/tests/fixtures'...
Listing './lib/python3.5/site-packages/translationstring/tests/fixtures/locales'...
Listing './lib/python3.5/site-packages/translationstring/tests/fixtures/locales/de'...
Listing './lib/python3.5/site-packages/translationstring/tests/fixtures/locales/de/LC_MESSAGES'...
Listing './lib/python3.5/site-packages/translationstring-1.3.dist-info'...
Listing './lib/python3.5/site-packages/ujson-1.35.egg-info'...
Listing './lib/python3.5/site-packages/urllib3'...
Listing './lib/python3.5/site-packages/urllib3/contrib'...
Listing './lib/python3.5/site-packages/urllib3/contrib/_securetransport'...
Listing './lib/python3.5/site-packages/urllib3/packages'...
Listing './lib/python3.5/site-packages/urllib3/packages/backports'...
Listing './lib/python3.5/site-packages/urllib3/packages/ssl_match_hostname'...
Listing './lib/python3.5/site-packages/urllib3/util'...
Listing './lib/python3.5/site-packages/urllib3-1.22.dist-info'...
Listing './lib/python3.5/site-packages/venusian'...
Listing './lib/python3.5/site-packages/venusian/tests'...
Listing './lib/python3.5/site-packages/venusian/tests/fixtures'...
Listing './lib/python3.5/site-packages/venusian/tests/fixtures/attrerror'...
Listing './lib/python3.5/site-packages/venusian/tests/fixtures/attrerror_package'...
Listing './lib/python3.5/site-packages/venusian/tests/fixtures/attrerror_package/will_cause_import_error'...
Listing './lib/python3.5/site-packages/venusian/tests/fixtures/import_and_scan'...
Listing './lib/python3.5/site-packages/venusian/tests/fixtures/importerror'...
Listing './lib/python3.5/site-packages/venusian/tests/fixtures/importerror_package'...
Listing './lib/python3.5/site-packages/venusian/tests/fixtures/importerror_package/will_cause_import_error'...
Listing './lib/python3.5/site-packages/venusian/tests/fixtures/importonly'...
Listing './lib/python3.5/site-packages/venusian/tests/fixtures/nested'...
Listing './lib/python3.5/site-packages/venusian/tests/fixtures/nested/sub1'...
Listing './lib/python3.5/site-packages/venusian/tests/fixtures/nested/sub1/subsub1'...
Listing './lib/python3.5/site-packages/venusian/tests/fixtures/nested/sub2'...
Listing './lib/python3.5/site-packages/venusian/tests/fixtures/nested/sub2/subsub2'...
Listing './lib/python3.5/site-packages/venusian/tests/fixtures/one'...
Listing './lib/python3.5/site-packages/venusian/tests/fixtures/pyc'...
Listing './lib/python3.5/site-packages/venusian/tests/fixtures/pyc/subpackage'...
Listing './lib/python3.5/site-packages/venusian/tests/fixtures/subpackages'...
Listing './lib/python3.5/site-packages/venusian/tests/fixtures/subpackages/childpackage'...
Listing './lib/python3.5/site-packages/venusian/tests/fixtures/two'...
Listing './lib/python3.5/site-packages/venusian-1.1.0.dist-info'...
Listing './lib/python3.5/site-packages/webob'...
Listing './lib/python3.5/site-packages/zope'...
Listing './lib/python3.5/site-packages/zope/deprecation'...
Listing './lib/python3.5/site-packages/zope/interface'...
Listing './lib/python3.5/site-packages/zope/interface/common'...
Listing './lib/python3.5/site-packages/zope/interface/common/tests'...
Listing './lib/python3.5/site-packages/zope/interface/tests'...
Listing './lib/python3.5/site-packages/zope.deprecation-4.3.0.dist-info'...
Listing './lib/python3.5/site-packages/zope.interface-4.4.3.dist-info'...
Listing './share'...
Listing './share/python-wheels'...
