Listing '.'...
Listing './bin'...
Listing './include'...
Listing './lib'...
Listing './lib/python3.5'...
Listing './lib/python3.5/site-packages'...
Listing './lib/python3.5/site-packages/cmsplugin_socialbuttons'...
Listing './lib/python3.5/site-packages/cmsplugin_socialbuttons/locale'...
Listing './lib/python3.5/site-packages/cmsplugin_socialbuttons/locale/de'...
Listing './lib/python3.5/site-packages/cmsplugin_socialbuttons/locale/de/LC_MESSAGES'...
Listing './lib/python3.5/site-packages/cmsplugin_socialbuttons/migrations'...
Listing './lib/python3.5/site-packages/cmsplugin_socialbuttons/static'...
Listing './lib/python3.5/site-packages/cmsplugin_socialbuttons/static/cmsplugin_socialbuttons'...
Listing './lib/python3.5/site-packages/cmsplugin_socialbuttons/static/cmsplugin_socialbuttons/css'...
Listing './lib/python3.5/site-packages/cmsplugin_socialbuttons/static/cmsplugin_socialbuttons/img'...
Listing './lib/python3.5/site-packages/cmsplugin_socialbuttons/static/cmsplugin_socialbuttons/js'...
Listing './lib/python3.5/site-packages/cmsplugin_socialbuttons/templates'...
Listing './lib/python3.5/site-packages/cmsplugin_socialbuttons/templates/cmsplugin_socialbuttons'...
Listing './lib/python3.5/site-packages/cmsplugin_socialbuttons/templatetags'...
Listing './lib/python3.5/site-packages/cmsplugin_socialbuttons-0.1.2.egg-info'...
Listing './lib/python3.5/site-packages/pip'...
Listing './lib/python3.5/site-packages/pip/_vendor'...
Listing './lib/python3.5/site-packages/pip/commands'...
Listing './lib/python3.5/site-packages/pip/compat'...
Listing './lib/python3.5/site-packages/pip/models'...
Listing './lib/python3.5/site-packages/pip/operations'...
Listing './lib/python3.5/site-packages/pip/req'...
Listing './lib/python3.5/site-packages/pip/utils'...
Listing './lib/python3.5/site-packages/pip/vcs'...
Listing './lib/python3.5/site-packages/pip-9.0.1.dist-info'...
Listing './lib/python3.5/site-packages/pkg_resources'...
Listing './lib/python3.5/site-packages/pkg_resources/_vendor'...
Listing './lib/python3.5/site-packages/pkg_resources/_vendor/packaging'...
Listing './lib/python3.5/site-packages/pkg_resources/extern'...
Listing './lib/python3.5/site-packages/pkg_resources-0.0.0.dist-info'...
Listing './lib/python3.5/site-packages/setuptools'...
Listing './lib/python3.5/site-packages/setuptools/command'...
Listing './lib/python3.5/site-packages/setuptools/extern'...
Listing './lib/python3.5/site-packages/setuptools-32.3.1.dist-info'...
Listing './share'...
Listing './share/python-wheels'...
