Listing '.'...
Listing './bin'...
Listing './include'...
Listing './lib'...
Listing './lib/python3.5'...
Listing './lib/python3.5/site-packages'...
Listing './lib/python3.5/site-packages/MarkupSafe-0.23.egg-info'...
Listing './lib/python3.5/site-packages/PySocks-1.6.8.egg-info'...
Listing './lib/python3.5/site-packages/ansicolors-1.1.8.dist-info'...
Listing './lib/python3.5/site-packages/appdirs-1.4.0.dist-info'...
Listing './lib/python3.5/site-packages/arrow'...
Listing './lib/python3.5/site-packages/arrow-0.4.6.egg-info'...
Listing './lib/python3.5/site-packages/booby'...
Listing './lib/python3.5/site-packages/booby-0.7.0.egg-info'...
Listing './lib/python3.5/site-packages/chainmap'...
Listing './lib/python3.5/site-packages/chainmap-1.0.2.dist-info'...
Listing './lib/python3.5/site-packages/codefurther'...
Listing './lib/python3.5/site-packages/codefurther/directions'...
Listing './lib/python3.5/site-packages/codefurther/email'...
Listing './lib/python3.5/site-packages/codefurther/football'...
Listing './lib/python3.5/site-packages/codefurther/lyrics'...
Listing './lib/python3.5/site-packages/codefurther/slack'...
Listing './lib/python3.5/site-packages/codefurther/textmessage'...
Listing './lib/python3.5/site-packages/codefurther/top40'...
Listing './lib/python3.5/site-packages/codefurther/twitter'...
Listing './lib/python3.5/site-packages/codefurther/weather'...
Listing './lib/python3.5/site-packages/codefurther-0.1.0.dev15.egg-info'...
Listing './lib/python3.5/site-packages/colors'...
Listing './lib/python3.5/site-packages/combomethod-1.0.10.dist-info'...
Listing './lib/python3.5/site-packages/dateutil'...
Listing './lib/python3.5/site-packages/dateutil/tz'...
Listing './lib/python3.5/site-packages/dateutil/zoneinfo'...
Listing './lib/python3.5/site-packages/examples'...
Listing './lib/python3.5/site-packages/forecastio'...
Listing './lib/python3.5/site-packages/future'...
Listing './lib/python3.5/site-packages/future/backports'...
Listing './lib/python3.5/site-packages/future/backports/email'...
Listing './lib/python3.5/site-packages/future/backports/email/mime'...
Listing './lib/python3.5/site-packages/future/backports/html'...
Listing './lib/python3.5/site-packages/future/backports/http'...
Listing './lib/python3.5/site-packages/future/backports/test'...
Listing './lib/python3.5/site-packages/future/backports/urllib'...
Listing './lib/python3.5/site-packages/future/backports/xmlrpc'...
Listing './lib/python3.5/site-packages/future/builtins'...
Listing './lib/python3.5/site-packages/future/moves'...
Listing './lib/python3.5/site-packages/future/moves/dbm'...
Listing './lib/python3.5/site-packages/future/moves/html'...
Listing './lib/python3.5/site-packages/future/moves/http'...
Listing './lib/python3.5/site-packages/future/moves/test'...
Listing './lib/python3.5/site-packages/future/moves/tkinter'...
Listing './lib/python3.5/site-packages/future/moves/urllib'...
Listing './lib/python3.5/site-packages/future/moves/xmlrpc'...
Listing './lib/python3.5/site-packages/future/standard_library'...
Listing './lib/python3.5/site-packages/future/tests'...
Listing './lib/python3.5/site-packages/future/types'...
Listing './lib/python3.5/site-packages/future/utils'...
Listing './lib/python3.5/site-packages/future-0.14.3.egg-info'...
Listing './lib/python3.5/site-packages/gmaps'...
Listing './lib/python3.5/site-packages/httplib2'...
Listing './lib/python3.5/site-packages/httplib2-0.10.3.egg-info'...
Listing './lib/python3.5/site-packages/libfuturize'...
Listing './lib/python3.5/site-packages/libfuturize/fixes'...
Listing './lib/python3.5/site-packages/libpasteurize'...
Listing './lib/python3.5/site-packages/libpasteurize/fixes'...
Listing './lib/python3.5/site-packages/markupsafe'...
Listing './lib/python3.5/site-packages/mementos'...
Listing './lib/python3.5/site-packages/mementos-1.2.8.dist-info'...
Listing './lib/python3.5/site-packages/nulltype-2.2.11.dist-info'...
Listing './lib/python3.5/site-packages/oauthlib'...
Listing './lib/python3.5/site-packages/oauthlib/oauth1'...
Listing './lib/python3.5/site-packages/oauthlib/oauth1/rfc5849'...
Listing './lib/python3.5/site-packages/oauthlib/oauth1/rfc5849/endpoints'...
Listing './lib/python3.5/site-packages/oauthlib/oauth2'...
Listing './lib/python3.5/site-packages/oauthlib/oauth2/rfc6749'...
Listing './lib/python3.5/site-packages/oauthlib/oauth2/rfc6749/clients'...
Listing './lib/python3.5/site-packages/oauthlib/oauth2/rfc6749/endpoints'...
Listing './lib/python3.5/site-packages/oauthlib/oauth2/rfc6749/grant_types'...
Listing './lib/python3.5/site-packages/oauthlib-0.7.2.egg-info'...
Listing './lib/python3.5/site-packages/options'...
Listing './lib/python3.5/site-packages/options-1.4.8.dist-info'...
Listing './lib/python3.5/site-packages/parse-1.6.6.dist-info'...
Listing './lib/python3.5/site-packages/past'...
Listing './lib/python3.5/site-packages/past/builtins'...
Listing './lib/python3.5/site-packages/past/tests'...
Listing './lib/python3.5/site-packages/past/translation'...
Listing './lib/python3.5/site-packages/past/types'...
Listing './lib/python3.5/site-packages/past/utils'...
Listing './lib/python3.5/site-packages/pip'...
Listing './lib/python3.5/site-packages/pip/_vendor'...
Listing './lib/python3.5/site-packages/pip/commands'...
Listing './lib/python3.5/site-packages/pip/compat'...
Listing './lib/python3.5/site-packages/pip/models'...
Listing './lib/python3.5/site-packages/pip/operations'...
Listing './lib/python3.5/site-packages/pip/req'...
Listing './lib/python3.5/site-packages/pip/utils'...
Listing './lib/python3.5/site-packages/pip/vcs'...
Listing './lib/python3.5/site-packages/pip-9.0.1.dist-info'...
Listing './lib/python3.5/site-packages/pkg_resources'...
Listing './lib/python3.5/site-packages/pkg_resources/_vendor'...
Listing './lib/python3.5/site-packages/pkg_resources/_vendor/packaging'...
Listing './lib/python3.5/site-packages/pkg_resources/extern'...
Listing './lib/python3.5/site-packages/pkg_resources-0.0.0.dist-info'...
Listing './lib/python3.5/site-packages/python_dateutil-2.6.1.dist-info'...
Listing './lib/python3.5/site-packages/python_forecastio-1.3.2.egg-info'...
Listing './lib/python3.5/site-packages/python_gmaps-0.2.1.egg-info'...
Listing './lib/python3.5/site-packages/pytz'...
Listing './lib/python3.5/site-packages/pytz/zoneinfo'...
Listing './lib/python3.5/site-packages/pytz/zoneinfo/Africa'...
Listing './lib/python3.5/site-packages/pytz/zoneinfo/America'...
Listing './lib/python3.5/site-packages/pytz/zoneinfo/America/Argentina'...
Listing './lib/python3.5/site-packages/pytz/zoneinfo/America/Indiana'...
Listing './lib/python3.5/site-packages/pytz/zoneinfo/America/Kentucky'...
Listing './lib/python3.5/site-packages/pytz/zoneinfo/America/North_Dakota'...
Listing './lib/python3.5/site-packages/pytz/zoneinfo/Antarctica'...
Listing './lib/python3.5/site-packages/pytz/zoneinfo/Arctic'...
Listing './lib/python3.5/site-packages/pytz/zoneinfo/Asia'...
Listing './lib/python3.5/site-packages/pytz/zoneinfo/Atlantic'...
Listing './lib/python3.5/site-packages/pytz/zoneinfo/Australia'...
Listing './lib/python3.5/site-packages/pytz/zoneinfo/Brazil'...
Listing './lib/python3.5/site-packages/pytz/zoneinfo/Canada'...
Listing './lib/python3.5/site-packages/pytz/zoneinfo/Chile'...
Listing './lib/python3.5/site-packages/pytz/zoneinfo/Etc'...
Listing './lib/python3.5/site-packages/pytz/zoneinfo/Europe'...
Listing './lib/python3.5/site-packages/pytz/zoneinfo/Indian'...
Listing './lib/python3.5/site-packages/pytz/zoneinfo/Mexico'...
Listing './lib/python3.5/site-packages/pytz/zoneinfo/Pacific'...
Listing './lib/python3.5/site-packages/pytz/zoneinfo/US'...
Listing './lib/python3.5/site-packages/pytz-2017.3.dist-info'...
Listing './lib/python3.5/site-packages/requests'...
Listing './lib/python3.5/site-packages/requests/packages'...
Listing './lib/python3.5/site-packages/requests/packages/chardet'...
Listing './lib/python3.5/site-packages/requests/packages/urllib3'...
Listing './lib/python3.5/site-packages/requests/packages/urllib3/contrib'...
Listing './lib/python3.5/site-packages/requests/packages/urllib3/packages'...
Listing './lib/python3.5/site-packages/requests/packages/urllib3/packages/ssl_match_hostname'...
Listing './lib/python3.5/site-packages/requests/packages/urllib3/util'...
Listing './lib/python3.5/site-packages/requests-2.5.3.dist-info'...
Listing './lib/python3.5/site-packages/requests_cache'...
Listing './lib/python3.5/site-packages/requests_cache/backends'...
Listing './lib/python3.5/site-packages/requests_cache/backends/storage'...
Listing './lib/python3.5/site-packages/requests_cache-0.4.8.egg-info'...
Listing './lib/python3.5/site-packages/requests_oauthlib'...
Listing './lib/python3.5/site-packages/requests_oauthlib/compliance_fixes'...
Listing './lib/python3.5/site-packages/requests_oauthlib-0.4.2.dist-info'...
Listing './lib/python3.5/site-packages/say'...
Listing './lib/python3.5/site-packages/say-1.2.5.egg-info'...
Listing './lib/python3.5/site-packages/setuptools'...
Listing './lib/python3.5/site-packages/setuptools/command'...
Listing './lib/python3.5/site-packages/setuptools/extern'...
Listing './lib/python3.5/site-packages/setuptools-32.3.1.dist-info'...
Listing './lib/python3.5/site-packages/simplere'...
Listing './lib/python3.5/site-packages/simplere-1.2.13.dist-info'...
Listing './lib/python3.5/site-packages/six-1.9.0.dist-info'...
Listing './lib/python3.5/site-packages/slacker'...
Listing './lib/python3.5/site-packages/slacker-0.5.5.egg-info'...
Listing './lib/python3.5/site-packages/stuf'...
Listing './lib/python3.5/site-packages/stuf-0.9.14.egg-info'...
Listing './lib/python3.5/site-packages/tests'...
Listing './lib/python3.5/site-packages/twilio'...
Listing './lib/python3.5/site-packages/twilio/compat'...
Listing './lib/python3.5/site-packages/twilio/conf'...
Listing './lib/python3.5/site-packages/twilio/jwt'...
Listing './lib/python3.5/site-packages/twilio/rest'...
Listing './lib/python3.5/site-packages/twilio/rest/resources'...
Listing './lib/python3.5/site-packages/twilio/rest/resources/sip'...
Listing './lib/python3.5/site-packages/twilio-3.6.15.egg-info'...
Listing './lib/python3.5/site-packages/twython'...
Listing './lib/python3.5/site-packages/twython/streaming'...
Listing './lib/python3.5/site-packages/twython-3.2.0.egg-info'...
Listing './share'...
Listing './share/python-wheels'...
