Listing '.'...
Listing './bin'...
Listing './include'...
Listing './lib'...
Listing './lib/python3.5'...
Listing './lib/python3.5/site-packages'...
Listing './lib/python3.5/site-packages/collective'...
Listing './lib/python3.5/site-packages/collective/folderishtypes'...
Listing './lib/python3.5/site-packages/collective/folderishtypes/at'...
Listing './lib/python3.5/site-packages/collective/folderishtypes/at/browser'...
Listing './lib/python3.5/site-packages/collective/folderishtypes/at/migration'...
Listing './lib/python3.5/site-packages/collective/folderishtypes/at/profiles'...
Listing './lib/python3.5/site-packages/collective/folderishtypes/at/profiles/default'...
Listing './lib/python3.5/site-packages/collective/folderishtypes/at/profiles/default/types'...
Listing './lib/python3.5/site-packages/collective/folderishtypes/at/profiles/uninstall'...
Listing './lib/python3.5/site-packages/collective/folderishtypes/at/profiles/uninstall/types'...
Listing './lib/python3.5/site-packages/collective/folderishtypes/at/skins'...
Listing './lib/python3.5/site-packages/collective/folderishtypes/at/skins/folderishtypes'...
Listing './lib/python3.5/site-packages/collective/folderishtypes/browser'...
Listing './lib/python3.5/site-packages/collective/folderishtypes/content'...
Listing './lib/python3.5/site-packages/collective/folderishtypes/dx'...
Listing './lib/python3.5/site-packages/collective/folderishtypes/dx/migration'...
Listing './lib/python3.5/site-packages/collective/folderishtypes/dx/profiles'...
Listing './lib/python3.5/site-packages/collective/folderishtypes/dx/profiles/default'...
Listing './lib/python3.5/site-packages/collective/folderishtypes/dx/profiles/default/types'...
Listing './lib/python3.5/site-packages/collective/folderishtypes/dx/profiles/uninstall'...
Listing './lib/python3.5/site-packages/collective/folderishtypes/locales'...
Listing './lib/python3.5/site-packages/collective/folderishtypes/locales/de'...
Listing './lib/python3.5/site-packages/collective/folderishtypes/locales/de/LC_MESSAGES'...
Listing './lib/python3.5/site-packages/collective/folderishtypes/locales/en'...
Listing './lib/python3.5/site-packages/collective/folderishtypes/locales/en/LC_MESSAGES'...
Listing './lib/python3.5/site-packages/collective/folderishtypes/profiles'...
Listing './lib/python3.5/site-packages/collective/folderishtypes/profiles/default'...
Listing './lib/python3.5/site-packages/collective/folderishtypes/profiles/portlets'...
Listing './lib/python3.5/site-packages/collective/folderishtypes/profiles/uninstall'...
Listing './lib/python3.5/site-packages/collective.folderishtypes-2.1.egg-info'...
Listing './lib/python3.5/site-packages/pip'...
Listing './lib/python3.5/site-packages/pip/_vendor'...
Listing './lib/python3.5/site-packages/pip/commands'...
Listing './lib/python3.5/site-packages/pip/compat'...
Listing './lib/python3.5/site-packages/pip/models'...
Listing './lib/python3.5/site-packages/pip/operations'...
Listing './lib/python3.5/site-packages/pip/req'...
Listing './lib/python3.5/site-packages/pip/utils'...
Listing './lib/python3.5/site-packages/pip/vcs'...
Listing './lib/python3.5/site-packages/pip-9.0.1.dist-info'...
Listing './lib/python3.5/site-packages/pkg_resources'...
Listing './lib/python3.5/site-packages/pkg_resources/_vendor'...
Listing './lib/python3.5/site-packages/pkg_resources/_vendor/packaging'...
Listing './lib/python3.5/site-packages/pkg_resources/extern'...
Listing './lib/python3.5/site-packages/pkg_resources-0.0.0.dist-info'...
Listing './lib/python3.5/site-packages/setuptools'...
Listing './lib/python3.5/site-packages/setuptools/command'...
Listing './lib/python3.5/site-packages/setuptools/extern'...
Listing './lib/python3.5/site-packages/setuptools-32.3.1.dist-info'...
Listing './lib/python3.5/site-packages/zope'...
Listing './lib/python3.5/site-packages/zope/event'...
Listing './lib/python3.5/site-packages/zope/i18nmessageid'...
Listing './lib/python3.5/site-packages/zope/interface'...
Listing './lib/python3.5/site-packages/zope/interface/common'...
Listing './lib/python3.5/site-packages/zope/interface/common/tests'...
Listing './lib/python3.5/site-packages/zope/interface/tests'...
Listing './lib/python3.5/site-packages/zope/schema'...
Listing './lib/python3.5/site-packages/zope/schema/tests'...
Listing './lib/python3.5/site-packages/zope.event-4.3.0.dist-info'...
Listing './lib/python3.5/site-packages/zope.i18nmessageid-4.1.0.dist-info'...
Listing './lib/python3.5/site-packages/zope.interface-4.4.3.dist-info'...
Listing './lib/python3.5/site-packages/zope.schema-4.5.0.dist-info'...
Listing './share'...
Listing './share/python-wheels'...
