Listing '.'...
Listing './bin'...
Listing './include'...
Listing './lib'...
Listing './lib/python3.5'...
Listing './lib/python3.5/site-packages'...
Listing './lib/python3.5/site-packages/collective'...
Listing './lib/python3.5/site-packages/collective/jquerytablesorter'...
Listing './lib/python3.5/site-packages/collective/jquerytablesorter/addons'...
Listing './lib/python3.5/site-packages/collective/jquerytablesorter/addons/pager'...
Listing './lib/python3.5/site-packages/collective/jquerytablesorter/addons/pager/icons'...
Listing './lib/python3.5/site-packages/collective/jquerytablesorter/docs'...
Listing './lib/python3.5/site-packages/collective/jquerytablesorter/docs/assets'...
Listing './lib/python3.5/site-packages/collective/jquerytablesorter/docs/css'...
Listing './lib/python3.5/site-packages/collective/jquerytablesorter/docs/img'...
Listing './lib/python3.5/site-packages/collective/jquerytablesorter/docs/js'...
Listing './lib/python3.5/site-packages/collective/jquerytablesorter/docs/js/chili'...
Listing './lib/python3.5/site-packages/collective/jquerytablesorter/docs/js/chili/js-jquery'...
Listing './lib/python3.5/site-packages/collective/jquerytablesorter/profiles'...
Listing './lib/python3.5/site-packages/collective/jquerytablesorter/profiles/default'...
Listing './lib/python3.5/site-packages/collective/jquerytablesorter/themes'...
Listing './lib/python3.5/site-packages/collective/jquerytablesorter/themes/blue'...
Listing './lib/python3.5/site-packages/collective/jquerytablesorter/themes/green'...
Listing './lib/python3.5/site-packages/collective.jquerytablesorter-0.1.egg-info'...
Listing './lib/python3.5/site-packages/pip'...
Listing './lib/python3.5/site-packages/pip/_vendor'...
Listing './lib/python3.5/site-packages/pip/commands'...
Listing './lib/python3.5/site-packages/pip/compat'...
Listing './lib/python3.5/site-packages/pip/models'...
Listing './lib/python3.5/site-packages/pip/operations'...
Listing './lib/python3.5/site-packages/pip/req'...
Listing './lib/python3.5/site-packages/pip/utils'...
Listing './lib/python3.5/site-packages/pip/vcs'...
Listing './lib/python3.5/site-packages/pip-9.0.1.dist-info'...
Listing './lib/python3.5/site-packages/pkg_resources'...
Listing './lib/python3.5/site-packages/pkg_resources/_vendor'...
Listing './lib/python3.5/site-packages/pkg_resources/_vendor/packaging'...
Listing './lib/python3.5/site-packages/pkg_resources/extern'...
Listing './lib/python3.5/site-packages/pkg_resources-0.0.0.dist-info'...
Listing './lib/python3.5/site-packages/setuptools'...
Listing './lib/python3.5/site-packages/setuptools/command'...
Listing './lib/python3.5/site-packages/setuptools/extern'...
Listing './lib/python3.5/site-packages/setuptools-32.3.1.dist-info'...
Listing './share'...
Listing './share/python-wheels'...
