Listing '.'...
Listing './bin'...
Listing './include'...
Listing './lib'...
Listing './lib/python3.5'...
Listing './lib/python3.5/site-packages'...
Listing './lib/python3.5/site-packages/collective'...
Listing './lib/python3.5/site-packages/collective/js'...
Listing './lib/python3.5/site-packages/collective/js/galleria'...
Listing './lib/python3.5/site-packages/collective/js/galleria/profiles'...
Listing './lib/python3.5/site-packages/collective/js/galleria/profiles/default'...
Listing './lib/python3.5/site-packages/collective/js/galleria/resources'...
Listing './lib/python3.5/site-packages/collective/js/galleria/resources/images'...
Listing './lib/python3.5/site-packages/collective/js/galleria/resources/plugins'...
Listing './lib/python3.5/site-packages/collective/js/galleria/resources/plugins/flickr'...
Listing './lib/python3.5/site-packages/collective/js/galleria/resources/plugins/history'...
Listing './lib/python3.5/site-packages/collective/js/galleria/resources/plugins/picasa'...
Listing './lib/python3.5/site-packages/collective/js/galleria/tests'...
Listing './lib/python3.5/site-packages/collective.js.galleria-1.2.5.egg-info'...
Listing './lib/python3.5/site-packages/pip'...
Listing './lib/python3.5/site-packages/pip/_vendor'...
Listing './lib/python3.5/site-packages/pip/commands'...
Listing './lib/python3.5/site-packages/pip/compat'...
Listing './lib/python3.5/site-packages/pip/models'...
Listing './lib/python3.5/site-packages/pip/operations'...
Listing './lib/python3.5/site-packages/pip/req'...
Listing './lib/python3.5/site-packages/pip/utils'...
Listing './lib/python3.5/site-packages/pip/vcs'...
Listing './lib/python3.5/site-packages/pip-9.0.1.dist-info'...
Listing './lib/python3.5/site-packages/pkg_resources'...
Listing './lib/python3.5/site-packages/pkg_resources/_vendor'...
Listing './lib/python3.5/site-packages/pkg_resources/_vendor/packaging'...
Listing './lib/python3.5/site-packages/pkg_resources/extern'...
Listing './lib/python3.5/site-packages/pkg_resources-0.0.0.dist-info'...
Listing './lib/python3.5/site-packages/setuptools'...
Listing './lib/python3.5/site-packages/setuptools/command'...
Listing './lib/python3.5/site-packages/setuptools/extern'...
Listing './lib/python3.5/site-packages/setuptools-32.3.1.dist-info'...
Listing './share'...
Listing './share/python-wheels'...
