Listing '.'...
Listing './bin'...
Listing './include'...
Listing './lib'...
Listing './lib/python3.5'...
Listing './lib/python3.5/site-packages'...
Listing './lib/python3.5/site-packages/collective'...
Listing './lib/python3.5/site-packages/collective/ui'...
Listing './lib/python3.5/site-packages/collective/ui/ie6nomore'...
Listing './lib/python3.5/site-packages/collective/ui/ie6nomore/browser'...
Listing './lib/python3.5/site-packages/collective/ui/ie6nomore/browser/stylesheets'...
Listing './lib/python3.5/site-packages/collective/ui/ie6nomore/browser/templates'...
Listing './lib/python3.5/site-packages/collective/ui/ie6nomore/doc'...
Listing './lib/python3.5/site-packages/collective/ui/ie6nomore/locales'...
Listing './lib/python3.5/site-packages/collective/ui/ie6nomore/locales/pt_BR'...
Listing './lib/python3.5/site-packages/collective/ui/ie6nomore/locales/pt_BR/LC_MESSAGES'...
Listing './lib/python3.5/site-packages/collective/ui/ie6nomore/profiles'...
Listing './lib/python3.5/site-packages/collective/ui/ie6nomore/profiles/default'...
Listing './lib/python3.5/site-packages/collective.ui.ie6nomore-1.0.egg-info'...
Listing './lib/python3.5/site-packages/pip'...
Listing './lib/python3.5/site-packages/pip/_vendor'...
Listing './lib/python3.5/site-packages/pip/commands'...
Listing './lib/python3.5/site-packages/pip/compat'...
Listing './lib/python3.5/site-packages/pip/models'...
Listing './lib/python3.5/site-packages/pip/operations'...
Listing './lib/python3.5/site-packages/pip/req'...
Listing './lib/python3.5/site-packages/pip/utils'...
Listing './lib/python3.5/site-packages/pip/vcs'...
Listing './lib/python3.5/site-packages/pip-9.0.1.dist-info'...
Listing './lib/python3.5/site-packages/pkg_resources'...
Listing './lib/python3.5/site-packages/pkg_resources/_vendor'...
Listing './lib/python3.5/site-packages/pkg_resources/_vendor/packaging'...
Listing './lib/python3.5/site-packages/pkg_resources/extern'...
Listing './lib/python3.5/site-packages/pkg_resources-0.0.0.dist-info'...
Listing './lib/python3.5/site-packages/setuptools'...
Listing './lib/python3.5/site-packages/setuptools/command'...
Listing './lib/python3.5/site-packages/setuptools/extern'...
Listing './lib/python3.5/site-packages/setuptools-32.3.1.dist-info'...
Listing './share'...
Listing './share/python-wheels'...
