Listing '.'...
Listing './bin'...
Listing './include'...
Listing './lib'...
Listing './lib/python3.5'...
Listing './lib/python3.5/site-packages'...
Listing './lib/python3.5/site-packages/coop_html_editor'...
Listing './lib/python3.5/site-packages/coop_html_editor/locale'...
Listing './lib/python3.5/site-packages/coop_html_editor/locale/fr'...
Listing './lib/python3.5/site-packages/coop_html_editor/locale/fr/LC_MESSAGES'...
Listing './lib/python3.5/site-packages/coop_html_editor/static'...
Listing './lib/python3.5/site-packages/coop_html_editor/static/aloha.0.23.26'...
Listing './lib/python3.5/site-packages/coop_html_editor/static/aloha.0.23.26/css'...
Listing './lib/python3.5/site-packages/coop_html_editor/static/aloha.0.23.26/demo'...
Listing './lib/python3.5/site-packages/coop_html_editor/static/aloha.0.23.26/demo/block'...
Listing './lib/python3.5/site-packages/coop_html_editor/static/aloha.0.23.26/demo/block/blockdemo'...
Listing './lib/python3.5/site-packages/coop_html_editor/static/aloha.0.23.26/demo/block/blockdemo/css'...
Listing './lib/python3.5/site-packages/coop_html_editor/static/aloha.0.23.26/demo/block/blockdemo/img'...
Listing './lib/python3.5/site-packages/coop_html_editor/static/aloha.0.23.26/demo/block/blockdemo/lib'...
Listing './lib/python3.5/site-packages/coop_html_editor/static/aloha.0.23.26/demo/block/blockdemo/res'...
Listing './lib/python3.5/site-packages/coop_html_editor/static/aloha.0.23.26/demo/block/blockdemo/vendor'...
Listing './lib/python3.5/site-packages/coop_html_editor/static/aloha.0.23.26/demo/boilerplate'...
Listing './lib/python3.5/site-packages/coop_html_editor/static/aloha.0.23.26/demo/boilerplate/css'...
Listing './lib/python3.5/site-packages/coop_html_editor/static/aloha.0.23.26/demo/boilerplate/img'...
Listing './lib/python3.5/site-packages/coop_html_editor/static/aloha.0.23.26/demo/boilerplate/js'...
Listing './lib/python3.5/site-packages/coop_html_editor/static/aloha.0.23.26/demo/boilerplate/js/libs'...
Listing './lib/python3.5/site-packages/coop_html_editor/static/aloha.0.23.26/demo/commands'...
Listing './lib/python3.5/site-packages/coop_html_editor/static/aloha.0.23.26/demo/common'...
Listing './lib/python3.5/site-packages/coop_html_editor/static/aloha.0.23.26/demo/demo-app'...
Listing './lib/python3.5/site-packages/coop_html_editor/static/aloha.0.23.26/demo/demo-app/app'...
Listing './lib/python3.5/site-packages/coop_html_editor/static/aloha.0.23.26/demo/demo-app/app/aloha-config'...
Listing './lib/python3.5/site-packages/coop_html_editor/static/aloha.0.23.26/demo/demo-app/app/aloha-editor'...
Listing './lib/python3.5/site-packages/coop_html_editor/static/aloha.0.23.26/demo/demo-app/app/aloha-plugins'...
Listing './lib/python3.5/site-packages/coop_html_editor/static/aloha.0.23.26/demo/demo-app/app/css'...
Listing './lib/python3.5/site-packages/coop_html_editor/static/aloha.0.23.26/demo/demo-app/app/js'...
Listing './lib/python3.5/site-packages/coop_html_editor/static/aloha.0.23.26/demo/demo-app/app/lib'...
Listing './lib/python3.5/site-packages/coop_html_editor/static/aloha.0.23.26/demo/demo-app/uploads'...
Listing './lib/python3.5/site-packages/coop_html_editor/static/aloha.0.23.26/demo/dev-table-resize'...
Listing './lib/python3.5/site-packages/coop_html_editor/static/aloha.0.23.26/demo/dev-table-resize/js'...
Listing './lib/python3.5/site-packages/coop_html_editor/static/aloha.0.23.26/demo/impress.js'...
Listing './lib/python3.5/site-packages/coop_html_editor/static/aloha.0.23.26/demo/impress.js/app'...
Listing './lib/python3.5/site-packages/coop_html_editor/static/aloha.0.23.26/demo/impress.js/css'...
Listing './lib/python3.5/site-packages/coop_html_editor/static/aloha.0.23.26/demo/impress.js/js'...
Listing './lib/python3.5/site-packages/coop_html_editor/static/aloha.0.23.26/demo/simple'...
Listing './lib/python3.5/site-packages/coop_html_editor/static/aloha.0.23.26/demo/textarea'...
Listing './lib/python3.5/site-packages/coop_html_editor/static/aloha.0.23.26/demo/world'...
Listing './lib/python3.5/site-packages/coop_html_editor/static/aloha.0.23.26/demo/world/js'...
Listing './lib/python3.5/site-packages/coop_html_editor/static/aloha.0.23.26/img'...
Listing './lib/python3.5/site-packages/coop_html_editor/static/aloha.0.23.26/lib'...
Listing './lib/python3.5/site-packages/coop_html_editor/static/aloha.0.23.26/lib/aloha'...
Listing './lib/python3.5/site-packages/coop_html_editor/static/aloha.0.23.26/lib/aloha/nls'...
Listing './lib/python3.5/site-packages/coop_html_editor/static/aloha.0.23.26/lib/aloha/nls/ca'...
Listing './lib/python3.5/site-packages/coop_html_editor/static/aloha.0.23.26/lib/aloha/nls/de'...
Listing './lib/python3.5/site-packages/coop_html_editor/static/aloha.0.23.26/lib/aloha/nls/mk'...
Listing './lib/python3.5/site-packages/coop_html_editor/static/aloha.0.23.26/lib/aloha/nls/pt-br'...
Listing './lib/python3.5/site-packages/coop_html_editor/static/aloha.0.23.26/lib/aloha/nls/ru'...
Listing './lib/python3.5/site-packages/coop_html_editor/static/aloha.0.23.26/lib/aloha/nls/uk'...
Listing './lib/python3.5/site-packages/coop_html_editor/static/aloha.0.23.26/lib/aloha/nls/zh-hans'...
Listing './lib/python3.5/site-packages/coop_html_editor/static/aloha.0.23.26/lib/util'...
Listing './lib/python3.5/site-packages/coop_html_editor/static/aloha.0.23.26/lib/vendor'...
Listing './lib/python3.5/site-packages/coop_html_editor/static/aloha.0.23.26/lib/vendor/pubsub'...
Listing './lib/python3.5/site-packages/coop_html_editor/static/aloha.0.23.26/lib/vendor/pubsub/js'...
Listing './lib/python3.5/site-packages/coop_html_editor/static/aloha.0.23.26/lib/vendor/repository-browser'...
Listing './lib/python3.5/site-packages/coop_html_editor/static/aloha.0.23.26/lib/vendor/repository-browser/css'...
Listing './lib/python3.5/site-packages/coop_html_editor/static/aloha.0.23.26/lib/vendor/repository-browser/img'...
Listing './lib/python3.5/site-packages/coop_html_editor/static/aloha.0.23.26/lib/vendor/repository-browser/js'...
Listing './lib/python3.5/site-packages/coop_html_editor/static/aloha.0.23.26/plugins'...
Listing './lib/python3.5/site-packages/coop_html_editor/static/aloha.0.23.26/plugins/common'...
Listing './lib/python3.5/site-packages/coop_html_editor/static/aloha.0.23.26/plugins/common/abbr'...
Listing './lib/python3.5/site-packages/coop_html_editor/static/aloha.0.23.26/plugins/common/abbr/css'...
Listing './lib/python3.5/site-packages/coop_html_editor/static/aloha.0.23.26/plugins/common/abbr/img'...
Listing './lib/python3.5/site-packages/coop_html_editor/static/aloha.0.23.26/plugins/common/abbr/nls'...
Listing './lib/python3.5/site-packages/coop_html_editor/static/aloha.0.23.26/plugins/common/align'...
Listing './lib/python3.5/site-packages/coop_html_editor/static/aloha.0.23.26/plugins/common/align/css'...
Listing './lib/python3.5/site-packages/coop_html_editor/static/aloha.0.23.26/plugins/common/align/img'...
Listing './lib/python3.5/site-packages/coop_html_editor/static/aloha.0.23.26/plugins/common/align/nls'...
Listing './lib/python3.5/site-packages/coop_html_editor/static/aloha.0.23.26/plugins/common/block'...
Listing './lib/python3.5/site-packages/coop_html_editor/static/aloha.0.23.26/plugins/common/block/css'...
Listing './lib/python3.5/site-packages/coop_html_editor/static/aloha.0.23.26/plugins/common/block/img'...
Listing './lib/python3.5/site-packages/coop_html_editor/static/aloha.0.23.26/plugins/common/block/nls'...
Listing './lib/python3.5/site-packages/coop_html_editor/static/aloha.0.23.26/plugins/common/characterpicker'...
Listing './lib/python3.5/site-packages/coop_html_editor/static/aloha.0.23.26/plugins/common/characterpicker/css'...
Listing './lib/python3.5/site-packages/coop_html_editor/static/aloha.0.23.26/plugins/common/characterpicker/img'...
Listing './lib/python3.5/site-packages/coop_html_editor/static/aloha.0.23.26/plugins/common/characterpicker/nls'...
Listing './lib/python3.5/site-packages/coop_html_editor/static/aloha.0.23.26/plugins/common/commands'...
Listing './lib/python3.5/site-packages/coop_html_editor/static/aloha.0.23.26/plugins/common/commands/css'...
Listing './lib/python3.5/site-packages/coop_html_editor/static/aloha.0.23.26/plugins/common/contenthandler'...
Listing './lib/python3.5/site-packages/coop_html_editor/static/aloha.0.23.26/plugins/common/contenthandler/lib'...
Listing './lib/python3.5/site-packages/coop_html_editor/static/aloha.0.23.26/plugins/common/format'...
Listing './lib/python3.5/site-packages/coop_html_editor/static/aloha.0.23.26/plugins/common/format/img'...
Listing './lib/python3.5/site-packages/coop_html_editor/static/aloha.0.23.26/plugins/common/format/nls'...
Listing './lib/python3.5/site-packages/coop_html_editor/static/aloha.0.23.26/plugins/common/highlighteditables'...
Listing './lib/python3.5/site-packages/coop_html_editor/static/aloha.0.23.26/plugins/common/highlighteditables/css'...
Listing './lib/python3.5/site-packages/coop_html_editor/static/aloha.0.23.26/plugins/common/horizontalruler'...
Listing './lib/python3.5/site-packages/coop_html_editor/static/aloha.0.23.26/plugins/common/horizontalruler/css'...
Listing './lib/python3.5/site-packages/coop_html_editor/static/aloha.0.23.26/plugins/common/horizontalruler/img'...
Listing './lib/python3.5/site-packages/coop_html_editor/static/aloha.0.23.26/plugins/common/horizontalruler/nls'...
Listing './lib/python3.5/site-packages/coop_html_editor/static/aloha.0.23.26/plugins/common/image'...
Listing './lib/python3.5/site-packages/coop_html_editor/static/aloha.0.23.26/plugins/common/image/css'...
Listing './lib/python3.5/site-packages/coop_html_editor/static/aloha.0.23.26/plugins/common/image/demo'...
Listing './lib/python3.5/site-packages/coop_html_editor/static/aloha.0.23.26/plugins/common/image/img'...
Listing './lib/python3.5/site-packages/coop_html_editor/static/aloha.0.23.26/plugins/common/image/lib'...
Listing './lib/python3.5/site-packages/coop_html_editor/static/aloha.0.23.26/plugins/common/image/nls'...
Listing './lib/python3.5/site-packages/coop_html_editor/static/aloha.0.23.26/plugins/common/image/test'...
Listing './lib/python3.5/site-packages/coop_html_editor/static/aloha.0.23.26/plugins/common/image/vendor'...
Listing './lib/python3.5/site-packages/coop_html_editor/static/aloha.0.23.26/plugins/common/link'...
Listing './lib/python3.5/site-packages/coop_html_editor/static/aloha.0.23.26/plugins/common/link/css'...
Listing './lib/python3.5/site-packages/coop_html_editor/static/aloha.0.23.26/plugins/common/link/extra'...
Listing './lib/python3.5/site-packages/coop_html_editor/static/aloha.0.23.26/plugins/common/link/nls'...
Listing './lib/python3.5/site-packages/coop_html_editor/static/aloha.0.23.26/plugins/common/list'...
Listing './lib/python3.5/site-packages/coop_html_editor/static/aloha.0.23.26/plugins/common/list/nls'...
Listing './lib/python3.5/site-packages/coop_html_editor/static/aloha.0.23.26/plugins/common/paste'...
Listing './lib/python3.5/site-packages/coop_html_editor/static/aloha.0.23.26/plugins/common/table'...
Listing './lib/python3.5/site-packages/coop_html_editor/static/aloha.0.23.26/plugins/common/table/css'...
Listing './lib/python3.5/site-packages/coop_html_editor/static/aloha.0.23.26/plugins/common/table/img'...
Listing './lib/python3.5/site-packages/coop_html_editor/static/aloha.0.23.26/plugins/common/table/nls'...
Listing './lib/python3.5/site-packages/coop_html_editor/static/aloha.0.23.26/plugins/common/ui'...
Listing './lib/python3.5/site-packages/coop_html_editor/static/aloha.0.23.26/plugins/common/ui/css'...
Listing './lib/python3.5/site-packages/coop_html_editor/static/aloha.0.23.26/plugins/common/ui/img'...
Listing './lib/python3.5/site-packages/coop_html_editor/static/aloha.0.23.26/plugins/common/ui/lib'...
Listing './lib/python3.5/site-packages/coop_html_editor/static/aloha.0.23.26/plugins/common/ui/nls'...
Listing './lib/python3.5/site-packages/coop_html_editor/static/aloha.0.23.26/plugins/common/undo'...
Listing './lib/python3.5/site-packages/coop_html_editor/static/aloha.0.23.26/plugins/common/undo/demo'...
Listing './lib/python3.5/site-packages/coop_html_editor/static/aloha.0.23.26/plugins/common/undo/lib'...
Listing './lib/python3.5/site-packages/coop_html_editor/static/aloha.0.23.26/plugins/common/undo/vendor'...
Listing './lib/python3.5/site-packages/coop_html_editor/static/aloha.0.23.26/plugins/extra'...
Listing './lib/python3.5/site-packages/coop_html_editor/static/aloha.0.23.26/plugins/extra/attributes'...
Listing './lib/python3.5/site-packages/coop_html_editor/static/aloha.0.23.26/plugins/extra/attributes/css'...
Listing './lib/python3.5/site-packages/coop_html_editor/static/aloha.0.23.26/plugins/extra/attributes/lib'...
Listing './lib/python3.5/site-packages/coop_html_editor/static/aloha.0.23.26/plugins/extra/attributes/nls'...
Listing './lib/python3.5/site-packages/coop_html_editor/static/aloha.0.23.26/plugins/extra/captioned-image'...
Listing './lib/python3.5/site-packages/coop_html_editor/static/aloha.0.23.26/plugins/extra/captioned-image/css'...
Listing './lib/python3.5/site-packages/coop_html_editor/static/aloha.0.23.26/plugins/extra/captioned-image/lib'...
Listing './lib/python3.5/site-packages/coop_html_editor/static/aloha.0.23.26/plugins/extra/cite'...
Listing './lib/python3.5/site-packages/coop_html_editor/static/aloha.0.23.26/plugins/extra/cite/css'...
Listing './lib/python3.5/site-packages/coop_html_editor/static/aloha.0.23.26/plugins/extra/cite/img'...
Listing './lib/python3.5/site-packages/coop_html_editor/static/aloha.0.23.26/plugins/extra/cite/nls'...
Listing './lib/python3.5/site-packages/coop_html_editor/static/aloha.0.23.26/plugins/extra/comments'...
Listing './lib/python3.5/site-packages/coop_html_editor/static/aloha.0.23.26/plugins/extra/comments/img'...
Listing './lib/python3.5/site-packages/coop_html_editor/static/aloha.0.23.26/plugins/extra/comments/lib'...
Listing './lib/python3.5/site-packages/coop_html_editor/static/aloha.0.23.26/plugins/extra/draganddropfiles'...
Listing './lib/python3.5/site-packages/coop_html_editor/static/aloha.0.23.26/plugins/extra/draganddropfiles/demo'...
Listing './lib/python3.5/site-packages/coop_html_editor/static/aloha.0.23.26/plugins/extra/draganddropfiles/img'...
Listing './lib/python3.5/site-packages/coop_html_editor/static/aloha.0.23.26/plugins/extra/draganddropfiles/lib'...
Listing './lib/python3.5/site-packages/coop_html_editor/static/aloha.0.23.26/plugins/extra/draganddropfiles/nls'...
Listing './lib/python3.5/site-packages/coop_html_editor/static/aloha.0.23.26/plugins/extra/flag-icons'...
Listing './lib/python3.5/site-packages/coop_html_editor/static/aloha.0.23.26/plugins/extra/flag-icons/img'...
Listing './lib/python3.5/site-packages/coop_html_editor/static/aloha.0.23.26/plugins/extra/formatlesspaste'...
Listing './lib/python3.5/site-packages/coop_html_editor/static/aloha.0.23.26/plugins/extra/formatlesspaste/css'...
Listing './lib/python3.5/site-packages/coop_html_editor/static/aloha.0.23.26/plugins/extra/formatlesspaste/img'...
Listing './lib/python3.5/site-packages/coop_html_editor/static/aloha.0.23.26/plugins/extra/formatlesspaste/nls'...
Listing './lib/python3.5/site-packages/coop_html_editor/static/aloha.0.23.26/plugins/extra/googletranslate'...
Listing './lib/python3.5/site-packages/coop_html_editor/static/aloha.0.23.26/plugins/extra/googletranslate/css'...
Listing './lib/python3.5/site-packages/coop_html_editor/static/aloha.0.23.26/plugins/extra/googletranslate/img'...
Listing './lib/python3.5/site-packages/coop_html_editor/static/aloha.0.23.26/plugins/extra/googletranslate/lib'...
Listing './lib/python3.5/site-packages/coop_html_editor/static/aloha.0.23.26/plugins/extra/headerids'...
Listing './lib/python3.5/site-packages/coop_html_editor/static/aloha.0.23.26/plugins/extra/headerids/css'...
Listing './lib/python3.5/site-packages/coop_html_editor/static/aloha.0.23.26/plugins/extra/headerids/nls'...
Listing './lib/python3.5/site-packages/coop_html_editor/static/aloha.0.23.26/plugins/extra/hints'...
Listing './lib/python3.5/site-packages/coop_html_editor/static/aloha.0.23.26/plugins/extra/hints/css'...
Listing './lib/python3.5/site-packages/coop_html_editor/static/aloha.0.23.26/plugins/extra/hints/lib'...
Listing './lib/python3.5/site-packages/coop_html_editor/static/aloha.0.23.26/plugins/extra/hints/vendor'...
Listing './lib/python3.5/site-packages/coop_html_editor/static/aloha.0.23.26/plugins/extra/imagebrowser'...
Listing './lib/python3.5/site-packages/coop_html_editor/static/aloha.0.23.26/plugins/extra/imagebrowser/nls'...
Listing './lib/python3.5/site-packages/coop_html_editor/static/aloha.0.23.26/plugins/extra/linkbrowser'...
Listing './lib/python3.5/site-packages/coop_html_editor/static/aloha.0.23.26/plugins/extra/linkbrowser/img'...
Listing './lib/python3.5/site-packages/coop_html_editor/static/aloha.0.23.26/plugins/extra/linkbrowser/nls'...
Listing './lib/python3.5/site-packages/coop_html_editor/static/aloha.0.23.26/plugins/extra/linkchecker'...
Listing './lib/python3.5/site-packages/coop_html_editor/static/aloha.0.23.26/plugins/extra/linkchecker/demo'...
Listing './lib/python3.5/site-packages/coop_html_editor/static/aloha.0.23.26/plugins/extra/linkchecker/nls'...
Listing './lib/python3.5/site-packages/coop_html_editor/static/aloha.0.23.26/plugins/extra/linkchecker/src'...
Listing './lib/python3.5/site-packages/coop_html_editor/static/aloha.0.23.26/plugins/extra/metaview'...
Listing './lib/python3.5/site-packages/coop_html_editor/static/aloha.0.23.26/plugins/extra/metaview/css'...
Listing './lib/python3.5/site-packages/coop_html_editor/static/aloha.0.23.26/plugins/extra/metaview/img'...
Listing './lib/python3.5/site-packages/coop_html_editor/static/aloha.0.23.26/plugins/extra/metaview/nls'...
Listing './lib/python3.5/site-packages/coop_html_editor/static/aloha.0.23.26/plugins/extra/numerated-headers'...
Listing './lib/python3.5/site-packages/coop_html_editor/static/aloha.0.23.26/plugins/extra/numerated-headers/css'...
Listing './lib/python3.5/site-packages/coop_html_editor/static/aloha.0.23.26/plugins/extra/numerated-headers/demo'...
Listing './lib/python3.5/site-packages/coop_html_editor/static/aloha.0.23.26/plugins/extra/numerated-headers/img'...
Listing './lib/python3.5/site-packages/coop_html_editor/static/aloha.0.23.26/plugins/extra/numerated-headers/nls'...
Listing './lib/python3.5/site-packages/coop_html_editor/static/aloha.0.23.26/plugins/extra/profiler'...
Listing './lib/python3.5/site-packages/coop_html_editor/static/aloha.0.23.26/plugins/extra/profiler/css'...
Listing './lib/python3.5/site-packages/coop_html_editor/static/aloha.0.23.26/plugins/extra/profiler/lib'...
Listing './lib/python3.5/site-packages/coop_html_editor/static/aloha.0.23.26/plugins/extra/proxy'...
Listing './lib/python3.5/site-packages/coop_html_editor/static/aloha.0.23.26/plugins/extra/proxy/adapter'...
Listing './lib/python3.5/site-packages/coop_html_editor/static/aloha.0.23.26/plugins/extra/proxy/lib'...
Listing './lib/python3.5/site-packages/coop_html_editor/static/aloha.0.23.26/plugins/extra/ribbon'...
Listing './lib/python3.5/site-packages/coop_html_editor/static/aloha.0.23.26/plugins/extra/ribbon/css'...
Listing './lib/python3.5/site-packages/coop_html_editor/static/aloha.0.23.26/plugins/extra/ribbon/img'...
Listing './lib/python3.5/site-packages/coop_html_editor/static/aloha.0.23.26/plugins/extra/sourceview'...
Listing './lib/python3.5/site-packages/coop_html_editor/static/aloha.0.23.26/plugins/extra/sourceview/css'...
Listing './lib/python3.5/site-packages/coop_html_editor/static/aloha.0.23.26/plugins/extra/sourceview/lib'...
Listing './lib/python3.5/site-packages/coop_html_editor/static/aloha.0.23.26/plugins/extra/sourceview/vendor'...
Listing './lib/python3.5/site-packages/coop_html_editor/static/aloha.0.23.26/plugins/extra/speak'...
Listing './lib/python3.5/site-packages/coop_html_editor/static/aloha.0.23.26/plugins/extra/speak/css'...
Listing './lib/python3.5/site-packages/coop_html_editor/static/aloha.0.23.26/plugins/extra/speak/img'...
Listing './lib/python3.5/site-packages/coop_html_editor/static/aloha.0.23.26/plugins/extra/speak/lib'...
Listing './lib/python3.5/site-packages/coop_html_editor/static/aloha.0.23.26/plugins/extra/textcolor'...
Listing './lib/python3.5/site-packages/coop_html_editor/static/aloha.0.23.26/plugins/extra/textcolor/css'...
Listing './lib/python3.5/site-packages/coop_html_editor/static/aloha.0.23.26/plugins/extra/textcolor/img'...
Listing './lib/python3.5/site-packages/coop_html_editor/static/aloha.0.23.26/plugins/extra/textcolor/lib'...
Listing './lib/python3.5/site-packages/coop_html_editor/static/aloha.0.23.26/plugins/extra/textcolor/nls'...
Listing './lib/python3.5/site-packages/coop_html_editor/static/aloha.0.23.26/plugins/extra/toc'...
Listing './lib/python3.5/site-packages/coop_html_editor/static/aloha.0.23.26/plugins/extra/toc/nls'...
Listing './lib/python3.5/site-packages/coop_html_editor/static/aloha.0.23.26/plugins/extra/validation'...
Listing './lib/python3.5/site-packages/coop_html_editor/static/aloha.0.23.26/plugins/extra/validation/lib'...
Listing './lib/python3.5/site-packages/coop_html_editor/static/aloha.0.23.26/plugins/extra/wai-lang'...
Listing './lib/python3.5/site-packages/coop_html_editor/static/aloha.0.23.26/plugins/extra/wai-lang/css'...
Listing './lib/python3.5/site-packages/coop_html_editor/static/aloha.0.23.26/plugins/extra/wai-lang/img'...
Listing './lib/python3.5/site-packages/coop_html_editor/static/aloha.0.23.26/plugins/extra/wai-lang/lib'...
Listing './lib/python3.5/site-packages/coop_html_editor/static/aloha.0.23.26/plugins/extra/wai-lang/nls'...
Listing './lib/python3.5/site-packages/coop_html_editor/static/aloha.0.23.26/plugins/extra/zemanta'...
Listing './lib/python3.5/site-packages/coop_html_editor/static/aloha.0.23.26/plugins/extra/zemanta/css'...
Listing './lib/python3.5/site-packages/coop_html_editor/static/aloha.0.23.26/plugins/extra/zemanta/img'...
Listing './lib/python3.5/site-packages/coop_html_editor/static/aloha.0.23.26/plugins/extra/zemanta/lib'...
Listing './lib/python3.5/site-packages/coop_html_editor/static/aloha.0.23.26/plugins/extra/zemanta/nls'...
Listing './lib/python3.5/site-packages/coop_html_editor/static/ckeditor.4.6.2'...
Listing './lib/python3.5/site-packages/coop_html_editor/static/ckeditor.4.6.2/adapters'...
Listing './lib/python3.5/site-packages/coop_html_editor/static/ckeditor.4.6.2/lang'...
Listing './lib/python3.5/site-packages/coop_html_editor/static/ckeditor.4.6.2/plugins'...
Listing './lib/python3.5/site-packages/coop_html_editor/static/ckeditor.4.6.2/plugins/a11yhelp'...
Listing './lib/python3.5/site-packages/coop_html_editor/static/ckeditor.4.6.2/plugins/a11yhelp/dialogs'...
Listing './lib/python3.5/site-packages/coop_html_editor/static/ckeditor.4.6.2/plugins/a11yhelp/dialogs/lang'...
Listing './lib/python3.5/site-packages/coop_html_editor/static/ckeditor.4.6.2/plugins/about'...
Listing './lib/python3.5/site-packages/coop_html_editor/static/ckeditor.4.6.2/plugins/about/dialogs'...
Listing './lib/python3.5/site-packages/coop_html_editor/static/ckeditor.4.6.2/plugins/about/dialogs/hidpi'...
Listing './lib/python3.5/site-packages/coop_html_editor/static/ckeditor.4.6.2/plugins/btgrid'...
Listing './lib/python3.5/site-packages/coop_html_editor/static/ckeditor.4.6.2/plugins/btgrid/dialogs'...
Listing './lib/python3.5/site-packages/coop_html_editor/static/ckeditor.4.6.2/plugins/btgrid/lang'...
Listing './lib/python3.5/site-packages/coop_html_editor/static/ckeditor.4.6.2/plugins/btgrid/styles'...
Listing './lib/python3.5/site-packages/coop_html_editor/static/ckeditor.4.6.2/plugins/button'...
Listing './lib/python3.5/site-packages/coop_html_editor/static/ckeditor.4.6.2/plugins/button/lang'...
Listing './lib/python3.5/site-packages/coop_html_editor/static/ckeditor.4.6.2/plugins/clipboard'...
Listing './lib/python3.5/site-packages/coop_html_editor/static/ckeditor.4.6.2/plugins/clipboard/dev'...
Listing './lib/python3.5/site-packages/coop_html_editor/static/ckeditor.4.6.2/plugins/clipboard/dialogs'...
Listing './lib/python3.5/site-packages/coop_html_editor/static/ckeditor.4.6.2/plugins/clipboard/lang'...
Listing './lib/python3.5/site-packages/coop_html_editor/static/ckeditor.4.6.2/plugins/dialog'...
Listing './lib/python3.5/site-packages/coop_html_editor/static/ckeditor.4.6.2/plugins/embed'...
Listing './lib/python3.5/site-packages/coop_html_editor/static/ckeditor.4.6.2/plugins/embedbase'...
Listing './lib/python3.5/site-packages/coop_html_editor/static/ckeditor.4.6.2/plugins/embedbase/dialogs'...
Listing './lib/python3.5/site-packages/coop_html_editor/static/ckeditor.4.6.2/plugins/embedbase/lang'...
Listing './lib/python3.5/site-packages/coop_html_editor/static/ckeditor.4.6.2/plugins/image'...
Listing './lib/python3.5/site-packages/coop_html_editor/static/ckeditor.4.6.2/plugins/image/dialogs'...
Listing './lib/python3.5/site-packages/coop_html_editor/static/ckeditor.4.6.2/plugins/image/images'...
Listing './lib/python3.5/site-packages/coop_html_editor/static/ckeditor.4.6.2/plugins/lineutils'...
Listing './lib/python3.5/site-packages/coop_html_editor/static/ckeditor.4.6.2/plugins/lineutils/dev'...
Listing './lib/python3.5/site-packages/coop_html_editor/static/ckeditor.4.6.2/plugins/link'...
Listing './lib/python3.5/site-packages/coop_html_editor/static/ckeditor.4.6.2/plugins/link/dialogs'...
Listing './lib/python3.5/site-packages/coop_html_editor/static/ckeditor.4.6.2/plugins/link/images'...
Listing './lib/python3.5/site-packages/coop_html_editor/static/ckeditor.4.6.2/plugins/link/images/hidpi'...
Listing './lib/python3.5/site-packages/coop_html_editor/static/ckeditor.4.6.2/plugins/magicline'...
Listing './lib/python3.5/site-packages/coop_html_editor/static/ckeditor.4.6.2/plugins/magicline/images'...
Listing './lib/python3.5/site-packages/coop_html_editor/static/ckeditor.4.6.2/plugins/magicline/images/hidpi'...
Listing './lib/python3.5/site-packages/coop_html_editor/static/ckeditor.4.6.2/plugins/notification'...
Listing './lib/python3.5/site-packages/coop_html_editor/static/ckeditor.4.6.2/plugins/notification/lang'...
Listing './lib/python3.5/site-packages/coop_html_editor/static/ckeditor.4.6.2/plugins/notificationaggregator'...
Listing './lib/python3.5/site-packages/coop_html_editor/static/ckeditor.4.6.2/plugins/pastefromword'...
Listing './lib/python3.5/site-packages/coop_html_editor/static/ckeditor.4.6.2/plugins/pastefromword/filter'...
Listing './lib/python3.5/site-packages/coop_html_editor/static/ckeditor.4.6.2/plugins/scayt'...
Listing './lib/python3.5/site-packages/coop_html_editor/static/ckeditor.4.6.2/plugins/scayt/dialogs'...
Listing './lib/python3.5/site-packages/coop_html_editor/static/ckeditor.4.6.2/plugins/scayt/skins'...
Listing './lib/python3.5/site-packages/coop_html_editor/static/ckeditor.4.6.2/plugins/scayt/skins/moono-lisa'...
Listing './lib/python3.5/site-packages/coop_html_editor/static/ckeditor.4.6.2/plugins/sourcedialog'...
Listing './lib/python3.5/site-packages/coop_html_editor/static/ckeditor.4.6.2/plugins/sourcedialog/dialogs'...
Listing './lib/python3.5/site-packages/coop_html_editor/static/ckeditor.4.6.2/plugins/sourcedialog/lang'...
Listing './lib/python3.5/site-packages/coop_html_editor/static/ckeditor.4.6.2/plugins/sourcedialog/samples'...
Listing './lib/python3.5/site-packages/coop_html_editor/static/ckeditor.4.6.2/plugins/specialchar'...
Listing './lib/python3.5/site-packages/coop_html_editor/static/ckeditor.4.6.2/plugins/specialchar/dialogs'...
Listing './lib/python3.5/site-packages/coop_html_editor/static/ckeditor.4.6.2/plugins/specialchar/dialogs/lang'...
Listing './lib/python3.5/site-packages/coop_html_editor/static/ckeditor.4.6.2/plugins/table'...
Listing './lib/python3.5/site-packages/coop_html_editor/static/ckeditor.4.6.2/plugins/table/dialogs'...
Listing './lib/python3.5/site-packages/coop_html_editor/static/ckeditor.4.6.2/plugins/tabletools'...
Listing './lib/python3.5/site-packages/coop_html_editor/static/ckeditor.4.6.2/plugins/tabletools/dialogs'...
Listing './lib/python3.5/site-packages/coop_html_editor/static/ckeditor.4.6.2/plugins/toolbar'...
Listing './lib/python3.5/site-packages/coop_html_editor/static/ckeditor.4.6.2/plugins/toolbar/lang'...
Listing './lib/python3.5/site-packages/coop_html_editor/static/ckeditor.4.6.2/plugins/toolbar/samples'...
Listing './lib/python3.5/site-packages/coop_html_editor/static/ckeditor.4.6.2/plugins/widget'...
Listing './lib/python3.5/site-packages/coop_html_editor/static/ckeditor.4.6.2/plugins/widget/dev'...
Listing './lib/python3.5/site-packages/coop_html_editor/static/ckeditor.4.6.2/plugins/widget/dev/assets'...
Listing './lib/python3.5/site-packages/coop_html_editor/static/ckeditor.4.6.2/plugins/widget/images'...
Listing './lib/python3.5/site-packages/coop_html_editor/static/ckeditor.4.6.2/plugins/widget/lang'...
Listing './lib/python3.5/site-packages/coop_html_editor/static/ckeditor.4.6.2/plugins/widgetselection'...
Listing './lib/python3.5/site-packages/coop_html_editor/static/ckeditor.4.6.2/plugins/wsc'...
Listing './lib/python3.5/site-packages/coop_html_editor/static/ckeditor.4.6.2/plugins/wsc/dialogs'...
Listing './lib/python3.5/site-packages/coop_html_editor/static/ckeditor.4.6.2/plugins/wsc/skins'...
Listing './lib/python3.5/site-packages/coop_html_editor/static/ckeditor.4.6.2/plugins/wsc/skins/moono-lisa'...
Listing './lib/python3.5/site-packages/coop_html_editor/static/ckeditor.4.6.2/samples'...
Listing './lib/python3.5/site-packages/coop_html_editor/static/ckeditor.4.6.2/samples/css'...
Listing './lib/python3.5/site-packages/coop_html_editor/static/ckeditor.4.6.2/samples/img'...
Listing './lib/python3.5/site-packages/coop_html_editor/static/ckeditor.4.6.2/samples/js'...
Listing './lib/python3.5/site-packages/coop_html_editor/static/ckeditor.4.6.2/samples/old'...
Listing './lib/python3.5/site-packages/coop_html_editor/static/ckeditor.4.6.2/samples/old/assets'...
Listing './lib/python3.5/site-packages/coop_html_editor/static/ckeditor.4.6.2/samples/old/assets/inlineall'...
Listing './lib/python3.5/site-packages/coop_html_editor/static/ckeditor.4.6.2/samples/old/assets/outputxhtml'...
Listing './lib/python3.5/site-packages/coop_html_editor/static/ckeditor.4.6.2/samples/old/assets/uilanguages'...
Listing './lib/python3.5/site-packages/coop_html_editor/static/ckeditor.4.6.2/samples/old/dialog'...
Listing './lib/python3.5/site-packages/coop_html_editor/static/ckeditor.4.6.2/samples/old/dialog/assets'...
Listing './lib/python3.5/site-packages/coop_html_editor/static/ckeditor.4.6.2/samples/old/enterkey'...
Listing './lib/python3.5/site-packages/coop_html_editor/static/ckeditor.4.6.2/samples/old/htmlwriter'...
Listing './lib/python3.5/site-packages/coop_html_editor/static/ckeditor.4.6.2/samples/old/htmlwriter/assets'...
Listing './lib/python3.5/site-packages/coop_html_editor/static/ckeditor.4.6.2/samples/old/magicline'...
Listing './lib/python3.5/site-packages/coop_html_editor/static/ckeditor.4.6.2/samples/old/toolbar'...
Listing './lib/python3.5/site-packages/coop_html_editor/static/ckeditor.4.6.2/samples/old/wysiwygarea'...
Listing './lib/python3.5/site-packages/coop_html_editor/static/ckeditor.4.6.2/samples/toolbarconfigurator'...
Listing './lib/python3.5/site-packages/coop_html_editor/static/ckeditor.4.6.2/samples/toolbarconfigurator/css'...
Listing './lib/python3.5/site-packages/coop_html_editor/static/ckeditor.4.6.2/samples/toolbarconfigurator/font'...
Listing './lib/python3.5/site-packages/coop_html_editor/static/ckeditor.4.6.2/samples/toolbarconfigurator/js'...
Listing './lib/python3.5/site-packages/coop_html_editor/static/ckeditor.4.6.2/samples/toolbarconfigurator/lib'...
Listing './lib/python3.5/site-packages/coop_html_editor/static/ckeditor.4.6.2/samples/toolbarconfigurator/lib/codemirror'...
Listing './lib/python3.5/site-packages/coop_html_editor/static/ckeditor.4.6.2/skins'...
Listing './lib/python3.5/site-packages/coop_html_editor/static/ckeditor.4.6.2/skins/moono-lisa'...
Listing './lib/python3.5/site-packages/coop_html_editor/static/ckeditor.4.6.2/skins/moono-lisa/images'...
Listing './lib/python3.5/site-packages/coop_html_editor/static/ckeditor.4.6.2/skins/moono-lisa/images/hidpi'...
Listing './lib/python3.5/site-packages/coop_html_editor/static/html-editor'...
Listing './lib/python3.5/site-packages/coop_html_editor/static/html-editor/css'...
Listing './lib/python3.5/site-packages/coop_html_editor/static/html-editor/js'...
Listing './lib/python3.5/site-packages/coop_html_editor/static/js'...
Listing './lib/python3.5/site-packages/coop_html_editor/templates'...
Listing './lib/python3.5/site-packages/coop_html_editor/templates/html_editor'...
Listing './lib/python3.5/site-packages/coop_html_editor/templatetags'...
Listing './lib/python3.5/site-packages/coop_html_editor-1.0.8.egg-info'...
Listing './lib/python3.5/site-packages/django_floppyforms-1.7.0.egg-info'...
Listing './lib/python3.5/site-packages/floppyforms'...
Listing './lib/python3.5/site-packages/floppyforms/__future__'...
Listing './lib/python3.5/site-packages/floppyforms/gis'...
Listing './lib/python3.5/site-packages/floppyforms/static'...
Listing './lib/python3.5/site-packages/floppyforms/static/floppyforms'...
Listing './lib/python3.5/site-packages/floppyforms/static/floppyforms/gis'...
Listing './lib/python3.5/site-packages/floppyforms/static/floppyforms/gis/img'...
Listing './lib/python3.5/site-packages/floppyforms/static/floppyforms/js'...
Listing './lib/python3.5/site-packages/floppyforms/static/floppyforms/openlayers'...
Listing './lib/python3.5/site-packages/floppyforms/static/floppyforms/openlayers/theme'...
Listing './lib/python3.5/site-packages/floppyforms/static/floppyforms/openlayers/theme/default'...
Listing './lib/python3.5/site-packages/floppyforms/static/floppyforms/openlayers/theme/default/img'...
Listing './lib/python3.5/site-packages/floppyforms/templates'...
Listing './lib/python3.5/site-packages/floppyforms/templates/floppyforms'...
Listing './lib/python3.5/site-packages/floppyforms/templates/floppyforms/gis'...
Listing './lib/python3.5/site-packages/floppyforms/templates/floppyforms/layouts'...
Listing './lib/python3.5/site-packages/floppyforms/templates/floppyforms/rows'...
Listing './lib/python3.5/site-packages/floppyforms/templatetags'...
Listing './lib/python3.5/site-packages/pip'...
Listing './lib/python3.5/site-packages/pip/_vendor'...
Listing './lib/python3.5/site-packages/pip/commands'...
Listing './lib/python3.5/site-packages/pip/compat'...
Listing './lib/python3.5/site-packages/pip/models'...
Listing './lib/python3.5/site-packages/pip/operations'...
Listing './lib/python3.5/site-packages/pip/req'...
Listing './lib/python3.5/site-packages/pip/utils'...
Listing './lib/python3.5/site-packages/pip/vcs'...
Listing './lib/python3.5/site-packages/pip-9.0.1.dist-info'...
Listing './lib/python3.5/site-packages/pkg_resources'...
Listing './lib/python3.5/site-packages/pkg_resources/_vendor'...
Listing './lib/python3.5/site-packages/pkg_resources/_vendor/packaging'...
Listing './lib/python3.5/site-packages/pkg_resources/extern'...
Listing './lib/python3.5/site-packages/pkg_resources-0.0.0.dist-info'...
Listing './lib/python3.5/site-packages/setuptools'...
Listing './lib/python3.5/site-packages/setuptools/command'...
Listing './lib/python3.5/site-packages/setuptools/extern'...
Listing './lib/python3.5/site-packages/setuptools-32.3.1.dist-info'...
Listing './share'...
Listing './share/python-wheels'...
