Listing '.'...
Listing './bin'...
Compiling './bin/centerfdk.py'...
***   File "./bin/centerfdk.py", line 64
    except ParseError, err:
                     ^
SyntaxError: invalid syntax

Compiling './bin/clcenterfdk.py'...
***   File "./bin/clcenterfdk.py", line 813
    print 'Usage: %s' % sys.argv[0]
                    ^
SyntaxError: Missing parentheses in call to 'print'

Compiling './bin/clfdk.py'...
***   File "./bin/clfdk.py", line 813
    print 'Usage: %s' % sys.argv[0]
                    ^
SyntaxError: Missing parentheses in call to 'print'

Compiling './bin/clkatsevich.py'...
***   File "./bin/clkatsevich.py", line 1117
    print 'Usage: %s' % sys.argv[0]
                    ^
SyntaxError: Missing parentheses in call to 'print'

Compiling './bin/cucenterfdk.py'...
***   File "./bin/cucenterfdk.py", line 805
    print 'Usage: %s' % sys.argv[0]
                    ^
SyntaxError: Missing parentheses in call to 'print'

Compiling './bin/cufdk.py'...
***   File "./bin/cufdk.py", line 805
    print 'Usage: %s' % sys.argv[0]
                    ^
SyntaxError: Missing parentheses in call to 'print'

Compiling './bin/cukatsevich.py'...
***   File "./bin/cukatsevich.py", line 1086
    print 'Usage: %s' % sys.argv[0]
                    ^
SyntaxError: Missing parentheses in call to 'print'

Compiling './bin/fdk.py'...
***   File "./bin/fdk.py", line 655
    except ParseError, err:
                     ^
SyntaxError: invalid syntax

Compiling './bin/genclipped.py'...
***   File "./bin/genclipped.py", line 141
    except ParseError, err:
                     ^
SyntaxError: invalid syntax

Compiling './bin/gencollapseborder.py'...
***   File "./bin/gencollapseborder.py", line 163
    except ParseError, err:
                     ^
SyntaxError: invalid syntax

Compiling './bin/genfanslices.py'...
***   File "./bin/genfanslices.py", line 181
    except ParseError, err:
                     ^
SyntaxError: invalid syntax

Compiling './bin/genflux2proj.py'...
***   File "./bin/genflux2proj.py", line 140
    except ParseError, err:
                     ^
SyntaxError: invalid syntax

Compiling './bin/gengapless.py'...
***   File "./bin/gengapless.py", line 190
    except ParseError, err:
                     ^
SyntaxError: invalid syntax

Compiling './bin/genmeanborder.py'...
***   File "./bin/genmeanborder.py", line 183
    except ParseError, err:
                     ^
SyntaxError: invalid syntax

Compiling './bin/genmerged.py'...
***   File "./bin/genmerged.py", line 117
    except ParseError, err:
                     ^
SyntaxError: invalid syntax

Compiling './bin/gennormalized.py'...
***   File "./bin/gennormalized.py", line 134
    except ParseError, err:
                     ^
SyntaxError: invalid syntax

Compiling './bin/gensinograms.py'...
***   File "./bin/gensinograms.py", line 139
    except ParseError, err:
                     ^
SyntaxError: invalid syntax

Compiling './bin/genslices.py'...
***   File "./bin/genslices.py", line 175
    except ParseError, err:
                     ^
SyntaxError: invalid syntax

Compiling './bin/gensplit.py'...
***   File "./bin/gensplit.py", line 117
    except ParseError, err:
                     ^
SyntaxError: invalid syntax

Compiling './bin/katsevich.py'...
***   File "./bin/katsevich.py", line 656
    except ParseError, err:
                     ^
SyntaxError: invalid syntax

Compiling './bin/npycenterfdk.py'...
***   File "./bin/npycenterfdk.py", line 509
    print 'Usage: %s' % sys.argv[0]
                    ^
SyntaxError: Missing parentheses in call to 'print'

Compiling './bin/npyfdk.py'...
***   File "./bin/npyfdk.py", line 507
    print 'Usage: %s' % sys.argv[0]
                    ^
SyntaxError: Missing parentheses in call to 'print'

Compiling './bin/npykatsevich.py'...
***   File "./bin/npykatsevich.py", line 697
    print 'Usage: %s' % sys.argv[0]
                    ^
SyntaxError: Missing parentheses in call to 'print'

Compiling './bin/preprocess.py'...
***   File "./bin/preprocess.py", line 98
    except ParseError, err:
                     ^
SyntaxError: invalid syntax

Listing './include'...
Listing './lib'...
Listing './lib/python3.5'...
Listing './lib/python3.5/site-packages'...
Listing './lib/python3.5/site-packages/cphct'...
Listing './lib/python3.5/site-packages/cphct/cl'...
Compiling './lib/python3.5/site-packages/cphct/cl/core.py'...
***   File "./lib/python3.5/site-packages/cphct/cl/core.py", line 446
    except Exception, exc:
                    ^
SyntaxError: invalid syntax

Listing './lib/python3.5/site-packages/cphct/cl/misc'...
Listing './lib/python3.5/site-packages/cphct/cl/utils'...
Listing './lib/python3.5/site-packages/cphct/cone'...
Listing './lib/python3.5/site-packages/cphct/cone/cl'...
Listing './lib/python3.5/site-packages/cphct/cone/cu'...
Listing './lib/python3.5/site-packages/cphct/cone/fdk'...
Listing './lib/python3.5/site-packages/cphct/cone/fdk/cl'...
Listing './lib/python3.5/site-packages/cphct/cone/fdk/cl/kernels'...
Listing './lib/python3.5/site-packages/cphct/cone/fdk/cu'...
Listing './lib/python3.5/site-packages/cphct/cone/fdk/cu/kernels'...
Listing './lib/python3.5/site-packages/cphct/cone/fdk/gpu'...
Listing './lib/python3.5/site-packages/cphct/cone/fdk/npy'...
Listing './lib/python3.5/site-packages/cphct/cone/fdk/npycore'...
Listing './lib/python3.5/site-packages/cphct/cone/fdk/npycore/kernels'...
Listing './lib/python3.5/site-packages/cphct/cone/katsevich'...
Listing './lib/python3.5/site-packages/cphct/cone/katsevich/cl'...
Listing './lib/python3.5/site-packages/cphct/cone/katsevich/cl/kernels'...
Listing './lib/python3.5/site-packages/cphct/cone/katsevich/cu'...
Listing './lib/python3.5/site-packages/cphct/cone/katsevich/cu/kernels'...
Listing './lib/python3.5/site-packages/cphct/cone/katsevich/gpu'...
Listing './lib/python3.5/site-packages/cphct/cone/katsevich/npy'...
Listing './lib/python3.5/site-packages/cphct/cone/katsevich/npycore'...
Listing './lib/python3.5/site-packages/cphct/cone/katsevich/npycore/kernels'...
Listing './lib/python3.5/site-packages/cphct/cone/npy'...
Listing './lib/python3.5/site-packages/cphct/cone/npycore'...
Listing './lib/python3.5/site-packages/cphct/cone/npycore/utils'...
Compiling './lib/python3.5/site-packages/cphct/cone/npycore/utils/tools.py'...
***   File "./lib/python3.5/site-packages/cphct/cone/npycore/utils/tools.py", line 299
    except Exception, exc:
                    ^
SyntaxError: invalid syntax

Compiling './lib/python3.5/site-packages/cphct/conf.py'...
***   File "./lib/python3.5/site-packages/cphct/conf.py", line 400
    print 'USAGE: %s [OPTIONS] ARGS' % argv[0]
                                   ^
SyntaxError: Missing parentheses in call to 'print'

Listing './lib/python3.5/site-packages/cphct/cu'...
Compiling './lib/python3.5/site-packages/cphct/cu/core.py'...
***   File "./lib/python3.5/site-packages/cphct/cu/core.py", line 424
    except Exception, exc:
                    ^
SyntaxError: invalid syntax

Listing './lib/python3.5/site-packages/cphct/cu/misc'...
Listing './lib/python3.5/site-packages/cphct/cu/utils'...
Listing './lib/python3.5/site-packages/cphct/fan'...
Listing './lib/python3.5/site-packages/cphct/fan/centerfdk'...
Listing './lib/python3.5/site-packages/cphct/fan/centerfdk/cl'...
Listing './lib/python3.5/site-packages/cphct/fan/centerfdk/cl/kernels'...
Listing './lib/python3.5/site-packages/cphct/fan/centerfdk/cu'...
Listing './lib/python3.5/site-packages/cphct/fan/centerfdk/cu/kernels'...
Listing './lib/python3.5/site-packages/cphct/fan/centerfdk/npy'...
Listing './lib/python3.5/site-packages/cphct/fan/centerfdk/npycore'...
Listing './lib/python3.5/site-packages/cphct/fan/centerfdk/npycore/kernels'...
Listing './lib/python3.5/site-packages/cphct/fan/cl'...
Listing './lib/python3.5/site-packages/cphct/fan/cu'...
Listing './lib/python3.5/site-packages/cphct/fan/npy'...
Listing './lib/python3.5/site-packages/cphct/fan/npycore'...
Listing './lib/python3.5/site-packages/cphct/fan/utils'...
Listing './lib/python3.5/site-packages/cphct/misc'...
Listing './lib/python3.5/site-packages/cphct/misc/timelog'...
Listing './lib/python3.5/site-packages/cphct/npy'...
Listing './lib/python3.5/site-packages/cphct/npycore'...
Compiling './lib/python3.5/site-packages/cphct/npycore/__init__.py'...
***   File "./lib/python3.5/site-packages/cphct/npycore/__init__.py", line 55
    print """Warning: float128 unavailable in this numpy installation.
Falling back to possibly less precise longdouble type: %s""" % longdouble
                                                                      
                                                           ^
SyntaxError: Missing parentheses in call to 'print'

Compiling './lib/python3.5/site-packages/cphct/npycore/io.py'...
***   File "./lib/python3.5/site-packages/cphct/npycore/io.py", line 596
    print "WARNING: Unexpected file extension, %s: load as raw data" % \
                                                                   ^
SyntaxError: Missing parentheses in call to 'print'

Listing './lib/python3.5/site-packages/cphct/npycore/misc'...
Listing './lib/python3.5/site-packages/cphct/npycore/utils'...
Compiling './lib/python3.5/site-packages/cphct/plugins.py'...
***   File "./lib/python3.5/site-packages/cphct/plugins.py", line 304
    except Exception, exc:
                    ^
SyntaxError: invalid syntax

Listing './lib/python3.5/site-packages/cphct/utils'...
Listing './lib/python3.5/site-packages/cphctplugins'...
Listing './lib/python3.5/site-packages/cphctplugins/cl'...
Listing './lib/python3.5/site-packages/cphctplugins/cl/clip'...
Compiling './lib/python3.5/site-packages/cphctplugins/cl/clip/base.py'...
***   File "./lib/python3.5/site-packages/cphctplugins/cl/clip/base.py", line 202
    print 'no unit tests!'
                         ^
SyntaxError: Missing parentheses in call to 'print'

Compiling './lib/python3.5/site-packages/cphctplugins/cl/dummy.py'...
***   File "./lib/python3.5/site-packages/cphctplugins/cl/dummy.py", line 239
    print 'no unit tests!'
                         ^
SyntaxError: Missing parentheses in call to 'print'

Compiling './lib/python3.5/site-packages/cphctplugins/cl/dump.py'...
***   File "./lib/python3.5/site-packages/cphctplugins/cl/dump.py", line 191
    print 'Dump data %s to %s' % (data, path)
                             ^
SyntaxError: invalid syntax

Listing './lib/python3.5/site-packages/cphctplugins/cl/flux2proj'...
Compiling './lib/python3.5/site-packages/cphctplugins/cl/flux2proj/base.py'...
***   File "./lib/python3.5/site-packages/cphctplugins/cl/flux2proj/base.py", line 392
    print 'no unit tests!'
                         ^
SyntaxError: Missing parentheses in call to 'print'

Listing './lib/python3.5/site-packages/cphctplugins/cl/hounsfield'...
Compiling './lib/python3.5/site-packages/cphctplugins/cl/hounsfield/base.py'...
***   File "./lib/python3.5/site-packages/cphctplugins/cl/hounsfield/base.py", line 192
    print 'no unit tests!'
                         ^
SyntaxError: Missing parentheses in call to 'print'

Listing './lib/python3.5/site-packages/cphctplugins/cl/maskvolumefov'...
Compiling './lib/python3.5/site-packages/cphctplugins/cl/maskvolumefov/base.py'...
***   File "./lib/python3.5/site-packages/cphctplugins/cl/maskvolumefov/base.py", line 207
    print 'no unit tests!'
                         ^
SyntaxError: Missing parentheses in call to 'print'

Compiling './lib/python3.5/site-packages/cphctplugins/cl/savesinogramrows.py'...
***   File "./lib/python3.5/site-packages/cphctplugins/cl/savesinogramrows.py", line 187
    print 'no unit tests!'
                         ^
SyntaxError: Missing parentheses in call to 'print'

Compiling './lib/python3.5/site-packages/cphctplugins/cl/savesinograms.py'...
***   File "./lib/python3.5/site-packages/cphctplugins/cl/savesinograms.py", line 172
    print 'no unit tests!'
                         ^
SyntaxError: Missing parentheses in call to 'print'

Compiling './lib/python3.5/site-packages/cphctplugins/cl/square.py'...
***   File "./lib/python3.5/site-packages/cphctplugins/cl/square.py", line 152
    print 'Square data %s (%s)' % (data, data.dtype.name)
                              ^
SyntaxError: invalid syntax

Listing './lib/python3.5/site-packages/cphctplugins/cu'...
Listing './lib/python3.5/site-packages/cphctplugins/cu/clip'...
Compiling './lib/python3.5/site-packages/cphctplugins/cu/clip/base.py'...
***   File "./lib/python3.5/site-packages/cphctplugins/cu/clip/base.py", line 193
    print 'no unit tests!'
                         ^
SyntaxError: Missing parentheses in call to 'print'

Compiling './lib/python3.5/site-packages/cphctplugins/cu/dummy.py'...
***   File "./lib/python3.5/site-packages/cphctplugins/cu/dummy.py", line 239
    print 'no unit tests!'
                         ^
SyntaxError: Missing parentheses in call to 'print'

Compiling './lib/python3.5/site-packages/cphctplugins/cu/dump.py'...
***   File "./lib/python3.5/site-packages/cphctplugins/cu/dump.py", line 191
    print 'Dump data %s to %s' % (data, path)
                             ^
SyntaxError: invalid syntax

Listing './lib/python3.5/site-packages/cphctplugins/cu/flux2proj'...
Compiling './lib/python3.5/site-packages/cphctplugins/cu/flux2proj/base.py'...
***   File "./lib/python3.5/site-packages/cphctplugins/cu/flux2proj/base.py", line 405
    print 'no unit tests!'
                         ^
SyntaxError: Missing parentheses in call to 'print'

Listing './lib/python3.5/site-packages/cphctplugins/cu/hounsfield'...
Compiling './lib/python3.5/site-packages/cphctplugins/cu/hounsfield/base.py'...
***   File "./lib/python3.5/site-packages/cphctplugins/cu/hounsfield/base.py", line 191
    print 'no unit tests!'
                         ^
SyntaxError: Missing parentheses in call to 'print'

Listing './lib/python3.5/site-packages/cphctplugins/cu/maskvolumefov'...
Compiling './lib/python3.5/site-packages/cphctplugins/cu/maskvolumefov/base.py'...
***   File "./lib/python3.5/site-packages/cphctplugins/cu/maskvolumefov/base.py", line 202
    print 'no unit tests!'
                         ^
SyntaxError: Missing parentheses in call to 'print'

Compiling './lib/python3.5/site-packages/cphctplugins/cu/savesinogramrows.py'...
***   File "./lib/python3.5/site-packages/cphctplugins/cu/savesinogramrows.py", line 187
    print 'no unit tests!'
                         ^
SyntaxError: Missing parentheses in call to 'print'

Compiling './lib/python3.5/site-packages/cphctplugins/cu/savesinograms.py'...
***   File "./lib/python3.5/site-packages/cphctplugins/cu/savesinograms.py", line 172
    print 'no unit tests!'
                         ^
SyntaxError: Missing parentheses in call to 'print'

Compiling './lib/python3.5/site-packages/cphctplugins/cu/square.py'...
***   File "./lib/python3.5/site-packages/cphctplugins/cu/square.py", line 152
    print 'Square data %s (%s)' % (data, data.dtype.name)
                              ^
SyntaxError: invalid syntax

Listing './lib/python3.5/site-packages/cphctplugins/npy'...
Compiling './lib/python3.5/site-packages/cphctplugins/npy/clip.py'...
***   File "./lib/python3.5/site-packages/cphctplugins/npy/clip.py", line 189
    print 'Clip data %s (%s)' % (data, data.dtype.name)
                            ^
SyntaxError: invalid syntax

Compiling './lib/python3.5/site-packages/cphctplugins/npy/dummy.py'...
***   File "./lib/python3.5/site-packages/cphctplugins/npy/dummy.py", line 239
    print 'no unit tests!'
                         ^
SyntaxError: Missing parentheses in call to 'print'

Compiling './lib/python3.5/site-packages/cphctplugins/npy/dump.py'...
***   File "./lib/python3.5/site-packages/cphctplugins/npy/dump.py", line 176
    print 'Dump data %s to %s' % (data, path)
                             ^
SyntaxError: invalid syntax

Compiling './lib/python3.5/site-packages/cphctplugins/npy/flux2proj.py'...
***   File "./lib/python3.5/site-packages/cphctplugins/npy/flux2proj.py", line 229
    print 'no unit tests!'
                         ^
SyntaxError: Missing parentheses in call to 'print'

Compiling './lib/python3.5/site-packages/cphctplugins/npy/hounsfield.py'...
***   File "./lib/python3.5/site-packages/cphctplugins/npy/hounsfield.py", line 131
    print 'no unit tests!'
                         ^
SyntaxError: Missing parentheses in call to 'print'

Compiling './lib/python3.5/site-packages/cphctplugins/npy/interpolatedead.py'...
***   File "./lib/python3.5/site-packages/cphctplugins/npy/interpolatedead.py", line 141
    print 'no unit tests!'
                         ^
SyntaxError: Missing parentheses in call to 'print'

Compiling './lib/python3.5/site-packages/cphctplugins/npy/loadraw.py'...
***   File "./lib/python3.5/site-packages/cphctplugins/npy/loadraw.py", line 320
    print 'no unit tests!'
                         ^
SyntaxError: Missing parentheses in call to 'print'

Compiling './lib/python3.5/site-packages/cphctplugins/npy/loadscene.py'...
***   File "./lib/python3.5/site-packages/cphctplugins/npy/loadscene.py", line 204
    print 'no unit tests!'
                         ^
SyntaxError: Missing parentheses in call to 'print'

Compiling './lib/python3.5/site-packages/cphctplugins/npy/loadzeros.py'...
***   File "./lib/python3.5/site-packages/cphctplugins/npy/loadzeros.py", line 161
    print 'no unit tests!'
                         ^
SyntaxError: Missing parentheses in call to 'print'

Compiling './lib/python3.5/site-packages/cphctplugins/npy/maskvolumefov.py'...
***   File "./lib/python3.5/site-packages/cphctplugins/npy/maskvolumefov.py", line 147
    print 'no unit tests!'
                         ^
SyntaxError: Missing parentheses in call to 'print'

Compiling './lib/python3.5/site-packages/cphctplugins/npy/normalize.py'...
***   File "./lib/python3.5/site-packages/cphctplugins/npy/normalize.py", line 204
    print 'Normalize data %s (%s)' % (data, data.dtype.name)
                                 ^
SyntaxError: invalid syntax

Compiling './lib/python3.5/site-packages/cphctplugins/npy/resamplegapless.py'...
***   File "./lib/python3.5/site-packages/cphctplugins/npy/resamplegapless.py", line 251
    print 'Gapless resample data %s (%s)' % (data, data.dtype.name)
                                        ^
SyntaxError: invalid syntax

Compiling './lib/python3.5/site-packages/cphctplugins/npy/resetproj.py'...
***   File "./lib/python3.5/site-packages/cphctplugins/npy/resetproj.py", line 134
    print 'no unit tests!'
                         ^
SyntaxError: Missing parentheses in call to 'print'

Compiling './lib/python3.5/site-packages/cphctplugins/npy/savesinogramrows.py'...
***   File "./lib/python3.5/site-packages/cphctplugins/npy/savesinogramrows.py", line 185
    print 'no unit tests!'
                         ^
SyntaxError: Missing parentheses in call to 'print'

Compiling './lib/python3.5/site-packages/cphctplugins/npy/savesinograms.py'...
***   File "./lib/python3.5/site-packages/cphctplugins/npy/savesinograms.py", line 169
    print 'no unit tests!'
                         ^
SyntaxError: Missing parentheses in call to 'print'

Compiling './lib/python3.5/site-packages/cphctplugins/npy/saveslices.py'...
***   File "./lib/python3.5/site-packages/cphctplugins/npy/saveslices.py", line 294
    print 'No test available'
                            ^
SyntaxError: Missing parentheses in call to 'print'

Compiling './lib/python3.5/site-packages/cphctplugins/npy/savestacked.py'...
***   File "./lib/python3.5/site-packages/cphctplugins/npy/savestacked.py", line 331
    print 'No test available'
                            ^
SyntaxError: Missing parentheses in call to 'print'

Compiling './lib/python3.5/site-packages/cphctplugins/npy/savevolume.py'...
***   File "./lib/python3.5/site-packages/cphctplugins/npy/savevolume.py", line 193
    print 'No test available'
                            ^
SyntaxError: Missing parentheses in call to 'print'

Compiling './lib/python3.5/site-packages/cphctplugins/npy/square.py'...
***   File "./lib/python3.5/site-packages/cphctplugins/npy/square.py", line 140
    print 'Square data %s (%s)' % (data, data.dtype.name)
                              ^
SyntaxError: invalid syntax

Compiling './lib/python3.5/site-packages/cphctplugins/npy/verify.py'...
***   File "./lib/python3.5/site-packages/cphctplugins/npy/verify.py", line 196
    print 'Verify data %s to %s' % (data, path)
                               ^
SyntaxError: invalid syntax

Listing './lib/python3.5/site-packages/cphcttoolbox-1.1.3.egg-info'...
Listing './lib/python3.5/site-packages/numpy'...
Listing './lib/python3.5/site-packages/numpy/.libs'...
Listing './lib/python3.5/site-packages/numpy/compat'...
Listing './lib/python3.5/site-packages/numpy/core'...
Listing './lib/python3.5/site-packages/numpy/core/include'...
Listing './lib/python3.5/site-packages/numpy/core/include/numpy'...
Listing './lib/python3.5/site-packages/numpy/core/lib'...
Listing './lib/python3.5/site-packages/numpy/core/lib/npy-pkg-config'...
Listing './lib/python3.5/site-packages/numpy/core/tests'...
Listing './lib/python3.5/site-packages/numpy/core/tests/data'...
Listing './lib/python3.5/site-packages/numpy/distutils'...
Listing './lib/python3.5/site-packages/numpy/distutils/command'...
Listing './lib/python3.5/site-packages/numpy/distutils/fcompiler'...
Listing './lib/python3.5/site-packages/numpy/distutils/mingw'...
Listing './lib/python3.5/site-packages/numpy/distutils/tests'...
Listing './lib/python3.5/site-packages/numpy/doc'...
Listing './lib/python3.5/site-packages/numpy/f2py'...
Listing './lib/python3.5/site-packages/numpy/f2py/src'...
Listing './lib/python3.5/site-packages/numpy/f2py/tests'...
Listing './lib/python3.5/site-packages/numpy/f2py/tests/src'...
Listing './lib/python3.5/site-packages/numpy/f2py/tests/src/array_from_pyobj'...
Listing './lib/python3.5/site-packages/numpy/f2py/tests/src/assumed_shape'...
Listing './lib/python3.5/site-packages/numpy/f2py/tests/src/common'...
Listing './lib/python3.5/site-packages/numpy/f2py/tests/src/kind'...
Listing './lib/python3.5/site-packages/numpy/f2py/tests/src/mixed'...
Listing './lib/python3.5/site-packages/numpy/f2py/tests/src/parameter'...
Listing './lib/python3.5/site-packages/numpy/f2py/tests/src/regression'...
Listing './lib/python3.5/site-packages/numpy/f2py/tests/src/size'...
Listing './lib/python3.5/site-packages/numpy/f2py/tests/src/string'...
Listing './lib/python3.5/site-packages/numpy/fft'...
Listing './lib/python3.5/site-packages/numpy/fft/tests'...
Listing './lib/python3.5/site-packages/numpy/lib'...
Listing './lib/python3.5/site-packages/numpy/lib/tests'...
Listing './lib/python3.5/site-packages/numpy/lib/tests/data'...
Listing './lib/python3.5/site-packages/numpy/linalg'...
Listing './lib/python3.5/site-packages/numpy/linalg/tests'...
Listing './lib/python3.5/site-packages/numpy/ma'...
Listing './lib/python3.5/site-packages/numpy/ma/tests'...
Listing './lib/python3.5/site-packages/numpy/matrixlib'...
Listing './lib/python3.5/site-packages/numpy/matrixlib/tests'...
Listing './lib/python3.5/site-packages/numpy/polynomial'...
Listing './lib/python3.5/site-packages/numpy/polynomial/tests'...
Listing './lib/python3.5/site-packages/numpy/random'...
Listing './lib/python3.5/site-packages/numpy/random/tests'...
Listing './lib/python3.5/site-packages/numpy/testing'...
Listing './lib/python3.5/site-packages/numpy/testing/nose_tools'...
Listing './lib/python3.5/site-packages/numpy/testing/tests'...
Listing './lib/python3.5/site-packages/numpy/tests'...
Listing './lib/python3.5/site-packages/numpy-1.14.0.dist-info'...
Listing './lib/python3.5/site-packages/pip'...
Listing './lib/python3.5/site-packages/pip/_vendor'...
Listing './lib/python3.5/site-packages/pip/commands'...
Listing './lib/python3.5/site-packages/pip/compat'...
Listing './lib/python3.5/site-packages/pip/models'...
Listing './lib/python3.5/site-packages/pip/operations'...
Listing './lib/python3.5/site-packages/pip/req'...
Listing './lib/python3.5/site-packages/pip/utils'...
Listing './lib/python3.5/site-packages/pip/vcs'...
Listing './lib/python3.5/site-packages/pip-9.0.1.dist-info'...
Listing './lib/python3.5/site-packages/pkg_resources'...
Listing './lib/python3.5/site-packages/pkg_resources/_vendor'...
Listing './lib/python3.5/site-packages/pkg_resources/_vendor/packaging'...
Listing './lib/python3.5/site-packages/pkg_resources/extern'...
Listing './lib/python3.5/site-packages/pkg_resources-0.0.0.dist-info'...
Listing './lib/python3.5/site-packages/setuptools'...
Listing './lib/python3.5/site-packages/setuptools/command'...
Listing './lib/python3.5/site-packages/setuptools/extern'...
Listing './lib/python3.5/site-packages/setuptools-32.3.1.dist-info'...
Listing './share'...
Listing './share/doc'...
Listing './share/doc/python-cphcttoolbox'...
Listing './share/doc/python-cphcttoolbox/examples'...
Listing './share/python-wheels'...
