Listing '.'...
Listing './bin'...
Listing './include'...
Listing './lib'...
Listing './lib/python3.5'...
Listing './lib/python3.5/site-packages'...
Listing './lib/python3.5/site-packages/PIL'...
Listing './lib/python3.5/site-packages/PIL/.libs'...
Listing './lib/python3.5/site-packages/Pillow-5.0.0.dist-info'...
Listing './lib/python3.5/site-packages/aiohttp'...
Listing './lib/python3.5/site-packages/aiohttp-2.3.7.dist-info'...
Listing './lib/python3.5/site-packages/async_timeout'...
Listing './lib/python3.5/site-packages/async_timeout-2.0.0.dist-info'...
Listing './lib/python3.5/site-packages/beautifulsoup4-4.6.0.dist-info'...
Listing './lib/python3.5/site-packages/bs4'...
Listing './lib/python3.5/site-packages/bs4/builder'...
Listing './lib/python3.5/site-packages/bs4/tests'...
Listing './lib/python3.5/site-packages/cchardet'...
Listing './lib/python3.5/site-packages/cchardet-2.1.1.dist-info'...
Listing './lib/python3.5/site-packages/certifi'...
Listing './lib/python3.5/site-packages/certifi-2017.11.5.dist-info'...
Listing './lib/python3.5/site-packages/chardet'...
Listing './lib/python3.5/site-packages/chardet/cli'...
Listing './lib/python3.5/site-packages/chardet-3.0.4.dist-info'...
Listing './lib/python3.5/site-packages/csdn'...
Listing './lib/python3.5/site-packages/csdn/csdn_backup'...
Listing './lib/python3.5/site-packages/csdn/csdn_offline'...
Listing './lib/python3.5/site-packages/csdn-1.1.1.egg-info'...
Listing './lib/python3.5/site-packages/docopt-0.6.2.egg-info'...
Listing './lib/python3.5/site-packages/idna'...
Listing './lib/python3.5/site-packages/idna-2.6.dist-info'...
Listing './lib/python3.5/site-packages/minghu6'...
Listing './lib/python3.5/site-packages/minghu6/algs'...
Listing './lib/python3.5/site-packages/minghu6/etc'...
Listing './lib/python3.5/site-packages/minghu6/graphic'...
Listing './lib/python3.5/site-packages/minghu6/graphic/captcha'...
Listing './lib/python3.5/site-packages/minghu6/gui'...
Listing './lib/python3.5/site-packages/minghu6/gui/TkUtil'...
Listing './lib/python3.5/site-packages/minghu6/http'...
Listing './lib/python3.5/site-packages/minghu6/internet'...
Listing './lib/python3.5/site-packages/minghu6/io'...
Listing './lib/python3.5/site-packages/minghu6/math'...
Listing './lib/python3.5/site-packages/minghu6/security'...
Listing './lib/python3.5/site-packages/minghu6/security/des'...
Listing './lib/python3.5/site-packages/minghu6/security/rsa'...
Listing './lib/python3.5/site-packages/minghu6/text'...
Listing './lib/python3.5/site-packages/minghu6/text/color'...
Listing './lib/python3.5/site-packages/minghu6/tools'...
Listing './lib/python3.5/site-packages/minghu6/tools/captcha'...
Listing './lib/python3.5/site-packages/minghu6-1.5.4rc1.egg-info'...
Listing './lib/python3.5/site-packages/minghu6_shell'...
Listing './lib/python3.5/site-packages/minghu6_shell/func'...
Listing './lib/python3.5/site-packages/minghu6_test'...
Listing './lib/python3.5/site-packages/minghu6_test/algs'...
Listing './lib/python3.5/site-packages/minghu6_test/etc'...
Listing './lib/python3.5/site-packages/minghu6_test/io'...
Listing './lib/python3.5/site-packages/minghu6_test/math'...
Listing './lib/python3.5/site-packages/minghu6_test/text'...
Listing './lib/python3.5/site-packages/minghu6_test_manually'...
Listing './lib/python3.5/site-packages/minghu6_test_manually/algs'...
Listing './lib/python3.5/site-packages/minghu6_test_manually/graphic'...
Listing './lib/python3.5/site-packages/minghu6_test_manually/graphic/captcha'...
Listing './lib/python3.5/site-packages/minghu6_test_manually/gui'...
Listing './lib/python3.5/site-packages/minghu6_test_manually/internet'...
Listing './lib/python3.5/site-packages/minghu6_test_manually/tools'...
Listing './lib/python3.5/site-packages/multidict'...
Listing './lib/python3.5/site-packages/multidict-3.3.2.dist-info'...
Listing './lib/python3.5/site-packages/ordered_set_minghu6-3.0.1.dist-info'...
Listing './lib/python3.5/site-packages/pip'...
Listing './lib/python3.5/site-packages/pip/_vendor'...
Listing './lib/python3.5/site-packages/pip/commands'...
Listing './lib/python3.5/site-packages/pip/compat'...
Listing './lib/python3.5/site-packages/pip/models'...
Listing './lib/python3.5/site-packages/pip/operations'...
Listing './lib/python3.5/site-packages/pip/req'...
Listing './lib/python3.5/site-packages/pip/utils'...
Listing './lib/python3.5/site-packages/pip/vcs'...
Listing './lib/python3.5/site-packages/pip-9.0.1.dist-info'...
Listing './lib/python3.5/site-packages/pkg_resources'...
Listing './lib/python3.5/site-packages/pkg_resources/_vendor'...
Listing './lib/python3.5/site-packages/pkg_resources/_vendor/packaging'...
Listing './lib/python3.5/site-packages/pkg_resources/extern'...
Listing './lib/python3.5/site-packages/pkg_resources-0.0.0.dist-info'...
Listing './lib/python3.5/site-packages/requests'...
Listing './lib/python3.5/site-packages/requests-2.18.4.dist-info'...
Listing './lib/python3.5/site-packages/selenium'...
Listing './lib/python3.5/site-packages/selenium/common'...
Listing './lib/python3.5/site-packages/selenium/webdriver'...
Listing './lib/python3.5/site-packages/selenium/webdriver/android'...
Listing './lib/python3.5/site-packages/selenium/webdriver/blackberry'...
Listing './lib/python3.5/site-packages/selenium/webdriver/chrome'...
Listing './lib/python3.5/site-packages/selenium/webdriver/common'...
Listing './lib/python3.5/site-packages/selenium/webdriver/common/actions'...
Listing './lib/python3.5/site-packages/selenium/webdriver/common/html5'...
Listing './lib/python3.5/site-packages/selenium/webdriver/edge'...
Listing './lib/python3.5/site-packages/selenium/webdriver/firefox'...
Listing './lib/python3.5/site-packages/selenium/webdriver/firefox/amd64'...
Listing './lib/python3.5/site-packages/selenium/webdriver/firefox/x86'...
Listing './lib/python3.5/site-packages/selenium/webdriver/ie'...
Listing './lib/python3.5/site-packages/selenium/webdriver/opera'...
Listing './lib/python3.5/site-packages/selenium/webdriver/phantomjs'...
Listing './lib/python3.5/site-packages/selenium/webdriver/remote'...
Listing './lib/python3.5/site-packages/selenium/webdriver/safari'...
Listing './lib/python3.5/site-packages/selenium/webdriver/support'...
Listing './lib/python3.5/site-packages/selenium/webdriver/webkitgtk'...
Listing './lib/python3.5/site-packages/selenium-3.8.1.dist-info'...
Listing './lib/python3.5/site-packages/setuptools'...
Listing './lib/python3.5/site-packages/setuptools/command'...
Listing './lib/python3.5/site-packages/setuptools/extern'...
Listing './lib/python3.5/site-packages/setuptools-32.3.1.dist-info'...
Listing './lib/python3.5/site-packages/urllib3'...
Listing './lib/python3.5/site-packages/urllib3/contrib'...
Listing './lib/python3.5/site-packages/urllib3/contrib/_securetransport'...
Listing './lib/python3.5/site-packages/urllib3/packages'...
Listing './lib/python3.5/site-packages/urllib3/packages/backports'...
Listing './lib/python3.5/site-packages/urllib3/packages/ssl_match_hostname'...
Listing './lib/python3.5/site-packages/urllib3/util'...
Listing './lib/python3.5/site-packages/urllib3-1.22.dist-info'...
Listing './lib/python3.5/site-packages/wheel'...
Listing './lib/python3.5/site-packages/wheel/signatures'...
Listing './lib/python3.5/site-packages/wheel/tool'...
Listing './lib/python3.5/site-packages/wheel-0.30.0.dist-info'...
Listing './lib/python3.5/site-packages/yarl'...
Listing './lib/python3.5/site-packages/yarl-0.18.0.dist-info'...
Listing './selenium'...
Listing './selenium/webdriver'...
Listing './selenium/webdriver/firefox'...
Listing './selenium/webdriver/firefox/amd64'...
Listing './selenium/webdriver/firefox/x86'...
Listing './selenium/webdriver/remote'...
Listing './share'...
Listing './share/python-wheels'...
