Listing '.'...
Listing './bin'...
Listing './include'...
Listing './lib'...
Listing './lib/python3.5'...
Listing './lib/python3.5/site-packages'...
Listing './lib/python3.5/site-packages/WebOb-1.7.4.dist-info'...
Listing './lib/python3.5/site-packages/css'...
Listing './lib/python3.5/site-packages/css/fontawesome'...
Listing './lib/python3.5/site-packages/css/fontawesome/resources'...
Listing './lib/python3.5/site-packages/css/fontawesome/resources/css'...
Listing './lib/python3.5/site-packages/css/fontawesome/resources/docs'...
Listing './lib/python3.5/site-packages/css/fontawesome/resources/docs/_includes'...
Listing './lib/python3.5/site-packages/css/fontawesome/resources/docs/_includes/ads'...
Listing './lib/python3.5/site-packages/css/fontawesome/resources/docs/_includes/community'...
Listing './lib/python3.5/site-packages/css/fontawesome/resources/docs/_includes/examples'...
Listing './lib/python3.5/site-packages/css/fontawesome/resources/docs/_includes/icons'...
Listing './lib/python3.5/site-packages/css/fontawesome/resources/docs/_includes/tests'...
Listing './lib/python3.5/site-packages/css/fontawesome/resources/docs/_layouts'...
Listing './lib/python3.5/site-packages/css/fontawesome/resources/docs/_plugins'...
Listing './lib/python3.5/site-packages/css/fontawesome/resources/docs/assets'...
Listing './lib/python3.5/site-packages/css/fontawesome/resources/docs/assets/css'...
Listing './lib/python3.5/site-packages/css/fontawesome/resources/docs/assets/font-awesome'...
Listing './lib/python3.5/site-packages/css/fontawesome/resources/docs/assets/font-awesome/font'...
Listing './lib/python3.5/site-packages/css/fontawesome/resources/docs/assets/font-awesome/less'...
Listing './lib/python3.5/site-packages/css/fontawesome/resources/docs/assets/font-awesome/scss'...
Listing './lib/python3.5/site-packages/css/fontawesome/resources/docs/assets/ico'...
Listing './lib/python3.5/site-packages/css/fontawesome/resources/docs/assets/img'...
Listing './lib/python3.5/site-packages/css/fontawesome/resources/docs/assets/js'...
Listing './lib/python3.5/site-packages/css/fontawesome/resources/docs/assets/less'...
Listing './lib/python3.5/site-packages/css/fontawesome/resources/docs/assets/less/bootstrap-2.3.2'...
Listing './lib/python3.5/site-packages/css/fontawesome/resources/font'...
Listing './lib/python3.5/site-packages/css/fontawesome/resources/less'...
Listing './lib/python3.5/site-packages/css/fontawesome/resources/sass'...
Listing './lib/python3.5/site-packages/css.fontawesome-3.2.1.egg-info'...
Listing './lib/python3.5/site-packages/fanstatic'...
Listing './lib/python3.5/site-packages/fanstatic-0.16.egg-info'...
Listing './lib/python3.5/site-packages/js'...
Listing './lib/python3.5/site-packages/js/bootstrap'...
Listing './lib/python3.5/site-packages/js/bootstrap/resources'...
Listing './lib/python3.5/site-packages/js/bootstrap/resources/css'...
Listing './lib/python3.5/site-packages/js/bootstrap/resources/fonts'...
Listing './lib/python3.5/site-packages/js/bootstrap/resources/js'...
Listing './lib/python3.5/site-packages/js/jquery'...
Listing './lib/python3.5/site-packages/js/jquery/resources'...
Listing './lib/python3.5/site-packages/js.bootstrap-3.3.4.egg-info'...
Listing './lib/python3.5/site-packages/js.jquery-1.9.1.egg-info'...
Listing './lib/python3.5/site-packages/pip'...
Listing './lib/python3.5/site-packages/pip/_vendor'...
Listing './lib/python3.5/site-packages/pip/commands'...
Listing './lib/python3.5/site-packages/pip/compat'...
Listing './lib/python3.5/site-packages/pip/models'...
Listing './lib/python3.5/site-packages/pip/operations'...
Listing './lib/python3.5/site-packages/pip/req'...
Listing './lib/python3.5/site-packages/pip/utils'...
Listing './lib/python3.5/site-packages/pip/vcs'...
Listing './lib/python3.5/site-packages/pip-9.0.1.dist-info'...
Listing './lib/python3.5/site-packages/pkg_resources'...
Listing './lib/python3.5/site-packages/pkg_resources/_vendor'...
Listing './lib/python3.5/site-packages/pkg_resources/_vendor/packaging'...
Listing './lib/python3.5/site-packages/pkg_resources/extern'...
Listing './lib/python3.5/site-packages/pkg_resources-0.0.0.dist-info'...
Listing './lib/python3.5/site-packages/setuptools'...
Listing './lib/python3.5/site-packages/setuptools/command'...
Listing './lib/python3.5/site-packages/setuptools/extern'...
Listing './lib/python3.5/site-packages/setuptools-32.3.1.dist-info'...
Listing './lib/python3.5/site-packages/webob'...
Listing './share'...
Listing './share/python-wheels'...
