Listing '.'...
Listing './bin'...
Listing './include'...
Listing './lib'...
Listing './lib/python3.5'...
Listing './lib/python3.5/site-packages'...
Listing './lib/python3.5/site-packages/dectools'...
Compiling './lib/python3.5/site-packages/dectools/dectools.py'...
***   File "./lib/python3.5/site-packages/dectools/dectools.py", line 300
    print line
             ^
SyntaxError: Missing parentheses in call to 'print'

Listing './lib/python3.5/site-packages/dectools/test'...
Compiling './lib/python3.5/site-packages/dectools/test/old_class_method.py'...
***   File "./lib/python3.5/site-packages/dectools/test/old_class_method.py", line 4
    print "You seem like level", level
                              ^
SyntaxError: Missing parentheses in call to 'print'

Compiling './lib/python3.5/site-packages/dectools/test/old_nested.py'...
***   File "./lib/python3.5/site-packages/dectools/test/old_nested.py", line 4
    print "level was ", level
                     ^
SyntaxError: Missing parentheses in call to 'print'

Compiling './lib/python3.5/site-packages/dectools/test/print_buffer.py'...
***   File "./lib/python3.5/site-packages/dectools/test/print_buffer.py", line 13
    print line
             ^
SyntaxError: Missing parentheses in call to 'print'

Compiling './lib/python3.5/site-packages/dectools/test/test_invariants.py'...
***   File "./lib/python3.5/site-packages/dectools/test/test_invariants.py", line 26
    print "testing"
                  ^
SyntaxError: Missing parentheses in call to 'print'

Listing './lib/python3.5/site-packages/dectools-0.1.4.egg-info'...
Listing './lib/python3.5/site-packages/pip'...
Listing './lib/python3.5/site-packages/pip/_vendor'...
Listing './lib/python3.5/site-packages/pip/commands'...
Listing './lib/python3.5/site-packages/pip/compat'...
Listing './lib/python3.5/site-packages/pip/models'...
Listing './lib/python3.5/site-packages/pip/operations'...
Listing './lib/python3.5/site-packages/pip/req'...
Listing './lib/python3.5/site-packages/pip/utils'...
Listing './lib/python3.5/site-packages/pip/vcs'...
Listing './lib/python3.5/site-packages/pip-9.0.1.dist-info'...
Listing './lib/python3.5/site-packages/pkg_resources'...
Listing './lib/python3.5/site-packages/pkg_resources/_vendor'...
Listing './lib/python3.5/site-packages/pkg_resources/_vendor/packaging'...
Listing './lib/python3.5/site-packages/pkg_resources/extern'...
Listing './lib/python3.5/site-packages/pkg_resources-0.0.0.dist-info'...
Listing './lib/python3.5/site-packages/setuptools'...
Listing './lib/python3.5/site-packages/setuptools/command'...
Listing './lib/python3.5/site-packages/setuptools/extern'...
Listing './lib/python3.5/site-packages/setuptools-32.3.1.dist-info'...
Listing './share'...
Listing './share/python-wheels'...
