Listing '.'...
Listing './bin'...
Compiling './bin/pwiz.py'...
Listing './include'...
Listing './lib'...
Listing './lib/python3.5'...
Listing './lib/python3.5/site-packages'...
Listing './lib/python3.5/site-packages/Disinfect-0.2.1.dist-info'...
Listing './lib/python3.5/site-packages/Jinja2-2.10.dist-info'...
Listing './lib/python3.5/site-packages/MarkupSafe-1.0.egg-info'...
Listing './lib/python3.5/site-packages/Pandora-0.2.13.dist-info'...
Listing './lib/python3.5/site-packages/Poort-0.3.4.dist-info'...
Listing './lib/python3.5/site-packages/PyYAML-3.12.egg-info'...
Listing './lib/python3.5/site-packages/Werkzeug-0.14.1.dist-info'...
Listing './lib/python3.5/site-packages/argh'...
Listing './lib/python3.5/site-packages/argh-0.26.2.dist-info'...
Listing './lib/python3.5/site-packages/bcrypt'...
Listing './lib/python3.5/site-packages/bleach'...
Listing './lib/python3.5/site-packages/bleach-2.1.2.dist-info'...
Listing './lib/python3.5/site-packages/certifi'...
Listing './lib/python3.5/site-packages/certifi-2017.11.5.dist-info'...
Listing './lib/python3.5/site-packages/chardet'...
Listing './lib/python3.5/site-packages/chardet/cli'...
Listing './lib/python3.5/site-packages/chardet-3.0.4.dist-info'...
Listing './lib/python3.5/site-packages/click'...
Listing './lib/python3.5/site-packages/click-6.7.dist-info'...
Listing './lib/python3.5/site-packages/contextlib2-0.5.5.dist-info'...
Listing './lib/python3.5/site-packages/cssselect'...
Listing './lib/python3.5/site-packages/cssselect-1.0.3.dist-info'...
Listing './lib/python3.5/site-packages/cssutils'...
Listing './lib/python3.5/site-packages/cssutils/css'...
Listing './lib/python3.5/site-packages/cssutils/scripts'...
Listing './lib/python3.5/site-packages/cssutils/stylesheets'...
Listing './lib/python3.5/site-packages/cssutils/tests'...
Listing './lib/python3.5/site-packages/cssutils/tests/sheets'...
Listing './lib/python3.5/site-packages/cssutils/tests/sheets/images'...
Listing './lib/python3.5/site-packages/cssutils/tests/sheets/import'...
Listing './lib/python3.5/site-packages/cssutils/tests/sheets/import/images2'...
Listing './lib/python3.5/site-packages/cssutils/tests/sheets/var'...
Listing './lib/python3.5/site-packages/cssutils/tests/test_encutils'...
Listing './lib/python3.5/site-packages/cssutils-1.0.2.dist-info'...
Listing './lib/python3.5/site-packages/disinfect'...
Listing './lib/python3.5/site-packages/dnslib'...
Listing './lib/python3.5/site-packages/dnslib-0.9.7.egg-info'...
Listing './lib/python3.5/site-packages/encutils'...
Listing './lib/python3.5/site-packages/gunicorn'...
Listing './lib/python3.5/site-packages/gunicorn/app'...
Listing './lib/python3.5/site-packages/gunicorn/http'...
Listing './lib/python3.5/site-packages/gunicorn/instrument'...
Listing './lib/python3.5/site-packages/gunicorn/workers'...
Listing './lib/python3.5/site-packages/gunicorn-19.7.1.dist-info'...
Listing './lib/python3.5/site-packages/html2text'...
Listing './lib/python3.5/site-packages/html2text-2018.1.9.dist-info'...
Listing './lib/python3.5/site-packages/html5lib'...
Listing './lib/python3.5/site-packages/html5lib/_trie'...
Listing './lib/python3.5/site-packages/html5lib/filters'...
Listing './lib/python3.5/site-packages/html5lib/treeadapters'...
Listing './lib/python3.5/site-packages/html5lib/treebuilders'...
Listing './lib/python3.5/site-packages/html5lib/treewalkers'...
Listing './lib/python3.5/site-packages/html5lib-1.0.1.dist-info'...
Listing './lib/python3.5/site-packages/idna'...
Listing './lib/python3.5/site-packages/idna-2.6.dist-info'...
Listing './lib/python3.5/site-packages/jinja2'...
Compiling './lib/python3.5/site-packages/jinja2/asyncfilters.py'...
***   File "./lib/python3.5/site-packages/jinja2/asyncfilters.py", line 24
    yield item
    ^
SyntaxError: 'yield' inside async function

Compiling './lib/python3.5/site-packages/jinja2/asyncsupport.py'...
***   File "./lib/python3.5/site-packages/jinja2/asyncsupport.py", line 35
    yield event
    ^
SyntaxError: 'yield' inside async function

Listing './lib/python3.5/site-packages/lxml'...
Listing './lib/python3.5/site-packages/lxml/html'...
Listing './lib/python3.5/site-packages/lxml/includes'...
Listing './lib/python3.5/site-packages/lxml/includes/libexslt'...
Listing './lib/python3.5/site-packages/lxml/includes/libxml'...
Listing './lib/python3.5/site-packages/lxml/includes/libxslt'...
Listing './lib/python3.5/site-packages/lxml/isoschematron'...
Listing './lib/python3.5/site-packages/lxml/isoschematron/resources'...
Listing './lib/python3.5/site-packages/lxml/isoschematron/resources/rng'...
Listing './lib/python3.5/site-packages/lxml/isoschematron/resources/xsl'...
Listing './lib/python3.5/site-packages/lxml/isoschematron/resources/xsl/iso-schematron-xslt1'...
Listing './lib/python3.5/site-packages/lxml-4.1.1.dist-info'...
Listing './lib/python3.5/site-packages/markupsafe'...
Listing './lib/python3.5/site-packages/pandora'...
Listing './lib/python3.5/site-packages/pathtools'...
Listing './lib/python3.5/site-packages/pathtools-0.1.2.egg-info'...
Listing './lib/python3.5/site-packages/peewee-2.10.2.egg-info'...
Listing './lib/python3.5/site-packages/pip'...
Listing './lib/python3.5/site-packages/pip/_vendor'...
Listing './lib/python3.5/site-packages/pip/commands'...
Listing './lib/python3.5/site-packages/pip/compat'...
Listing './lib/python3.5/site-packages/pip/models'...
Listing './lib/python3.5/site-packages/pip/operations'...
Listing './lib/python3.5/site-packages/pip/req'...
Listing './lib/python3.5/site-packages/pip/utils'...
Listing './lib/python3.5/site-packages/pip/vcs'...
Listing './lib/python3.5/site-packages/pip-9.0.1.dist-info'...
Listing './lib/python3.5/site-packages/pkg_resources'...
Listing './lib/python3.5/site-packages/pkg_resources/_vendor'...
Listing './lib/python3.5/site-packages/pkg_resources/_vendor/packaging'...
Listing './lib/python3.5/site-packages/pkg_resources/extern'...
Listing './lib/python3.5/site-packages/pkg_resources-0.0.0.dist-info'...
Listing './lib/python3.5/site-packages/playhouse'...
Listing './lib/python3.5/site-packages/poort'...
Listing './lib/python3.5/site-packages/premailer'...
Listing './lib/python3.5/site-packages/premailer-3.1.1.dist-info'...
Listing './lib/python3.5/site-packages/psutil'...
Listing './lib/python3.5/site-packages/psutil/tests'...
Listing './lib/python3.5/site-packages/psutil-5.4.3.egg-info'...
Listing './lib/python3.5/site-packages/py_bcrypt-0.4.egg-info'...
Listing './lib/python3.5/site-packages/requests'...
Listing './lib/python3.5/site-packages/requests-2.18.4.dist-info'...
Listing './lib/python3.5/site-packages/setuptools'...
Listing './lib/python3.5/site-packages/setuptools/command'...
Listing './lib/python3.5/site-packages/setuptools/extern'...
Listing './lib/python3.5/site-packages/setuptools-32.3.1.dist-info'...
Listing './lib/python3.5/site-packages/six-1.11.0.dist-info'...
Listing './lib/python3.5/site-packages/tabulate-0.8.2.egg-info'...
Listing './lib/python3.5/site-packages/urllib3'...
Listing './lib/python3.5/site-packages/urllib3/contrib'...
Listing './lib/python3.5/site-packages/urllib3/contrib/_securetransport'...
Listing './lib/python3.5/site-packages/urllib3/packages'...
Listing './lib/python3.5/site-packages/urllib3/packages/backports'...
Listing './lib/python3.5/site-packages/urllib3/packages/ssl_match_hostname'...
Listing './lib/python3.5/site-packages/urllib3/util'...
Listing './lib/python3.5/site-packages/urllib3-1.22.dist-info'...
Listing './lib/python3.5/site-packages/validate_email_address-1.egg-info'...
Listing './lib/python3.5/site-packages/watchdog'...
Listing './lib/python3.5/site-packages/watchdog/observers'...
Listing './lib/python3.5/site-packages/watchdog/tricks'...
Listing './lib/python3.5/site-packages/watchdog/utils'...
Listing './lib/python3.5/site-packages/watchdog-0.8.3.egg-info'...
Listing './lib/python3.5/site-packages/webencodings'...
Listing './lib/python3.5/site-packages/webencodings-0.5.1.dist-info'...
Listing './lib/python3.5/site-packages/werkzeug'...
Listing './lib/python3.5/site-packages/werkzeug/contrib'...
Listing './lib/python3.5/site-packages/werkzeug/debug'...
Listing './lib/python3.5/site-packages/werkzeug/debug/shared'...
Listing './lib/python3.5/site-packages/yaml'...
Listing './share'...
Listing './share/python-wheels'...
