Listing '.'...
Listing './bin'...
Listing './include'...
Listing './lib'...
Listing './lib/python3.5'...
Listing './lib/python3.5/site-packages'...
Listing './lib/python3.5/site-packages/django_wpadmin-1.7.4.dist-info'...
Listing './lib/python3.5/site-packages/pip'...
Listing './lib/python3.5/site-packages/pip/_vendor'...
Listing './lib/python3.5/site-packages/pip/commands'...
Listing './lib/python3.5/site-packages/pip/compat'...
Listing './lib/python3.5/site-packages/pip/models'...
Listing './lib/python3.5/site-packages/pip/operations'...
Listing './lib/python3.5/site-packages/pip/req'...
Listing './lib/python3.5/site-packages/pip/utils'...
Listing './lib/python3.5/site-packages/pip/vcs'...
Listing './lib/python3.5/site-packages/pip-9.0.1.dist-info'...
Listing './lib/python3.5/site-packages/pkg_resources'...
Listing './lib/python3.5/site-packages/pkg_resources/_vendor'...
Listing './lib/python3.5/site-packages/pkg_resources/_vendor/packaging'...
Listing './lib/python3.5/site-packages/pkg_resources/extern'...
Listing './lib/python3.5/site-packages/pkg_resources-0.0.0.dist-info'...
Listing './lib/python3.5/site-packages/setuptools'...
Listing './lib/python3.5/site-packages/setuptools/command'...
Listing './lib/python3.5/site-packages/setuptools/extern'...
Listing './lib/python3.5/site-packages/setuptools-32.3.1.dist-info'...
Listing './lib/python3.5/site-packages/wpadmin'...
Listing './lib/python3.5/site-packages/wpadmin/locale'...
Listing './lib/python3.5/site-packages/wpadmin/locale/bg'...
Listing './lib/python3.5/site-packages/wpadmin/locale/bg/LC_MESSAGES'...
Listing './lib/python3.5/site-packages/wpadmin/locale/bg_BG'...
Listing './lib/python3.5/site-packages/wpadmin/locale/bg_BG/LC_MESSAGES'...
Listing './lib/python3.5/site-packages/wpadmin/locale/de'...
Listing './lib/python3.5/site-packages/wpadmin/locale/de/LC_MESSAGES'...
Listing './lib/python3.5/site-packages/wpadmin/locale/fr'...
Listing './lib/python3.5/site-packages/wpadmin/locale/fr/LC_MESSAGES'...
Listing './lib/python3.5/site-packages/wpadmin/locale/id'...
Listing './lib/python3.5/site-packages/wpadmin/locale/id/LC_MESSAGES'...
Listing './lib/python3.5/site-packages/wpadmin/locale/it'...
Listing './lib/python3.5/site-packages/wpadmin/locale/it/LC_MESSAGES'...
Listing './lib/python3.5/site-packages/wpadmin/locale/nl_NL'...
Listing './lib/python3.5/site-packages/wpadmin/locale/nl_NL/LC_MESSAGES'...
Listing './lib/python3.5/site-packages/wpadmin/locale/pl'...
Listing './lib/python3.5/site-packages/wpadmin/locale/pl/LC_MESSAGES'...
Listing './lib/python3.5/site-packages/wpadmin/locale/pt_BR'...
Listing './lib/python3.5/site-packages/wpadmin/locale/pt_BR/LC_MESSAGES'...
Listing './lib/python3.5/site-packages/wpadmin/locale/ru'...
Listing './lib/python3.5/site-packages/wpadmin/locale/ru/LC_MESSAGES'...
Listing './lib/python3.5/site-packages/wpadmin/menu'...
Listing './lib/python3.5/site-packages/wpadmin/static'...
Listing './lib/python3.5/site-packages/wpadmin/static/wpadmin'...
Listing './lib/python3.5/site-packages/wpadmin/static/wpadmin/css'...
Listing './lib/python3.5/site-packages/wpadmin/static/wpadmin/css/themes'...
Listing './lib/python3.5/site-packages/wpadmin/static/wpadmin/fonts'...
Listing './lib/python3.5/site-packages/wpadmin/static/wpadmin/js'...
Listing './lib/python3.5/site-packages/wpadmin/static/wpadmin/js/lib'...
Listing './lib/python3.5/site-packages/wpadmin/static/wpadmin/less'...
Listing './lib/python3.5/site-packages/wpadmin/static/wpadmin/less/content'...
Listing './lib/python3.5/site-packages/wpadmin/static/wpadmin/less/menus'...
Listing './lib/python3.5/site-packages/wpadmin/static/wpadmin/less/themes'...
Listing './lib/python3.5/site-packages/wpadmin/static/wpadmin/less/themes/blue'...
Listing './lib/python3.5/site-packages/wpadmin/static/wpadmin/less/themes/coffee'...
Listing './lib/python3.5/site-packages/wpadmin/static/wpadmin/less/themes/default'...
Listing './lib/python3.5/site-packages/wpadmin/static/wpadmin/less/themes/ectoplasm'...
Listing './lib/python3.5/site-packages/wpadmin/static/wpadmin/less/themes/light'...
Listing './lib/python3.5/site-packages/wpadmin/static/wpadmin/less/themes/midnight'...
Listing './lib/python3.5/site-packages/wpadmin/static/wpadmin/less/themes/milo'...
Listing './lib/python3.5/site-packages/wpadmin/static/wpadmin/less/themes/milo-light'...
Listing './lib/python3.5/site-packages/wpadmin/static/wpadmin/less/themes/ocean'...
Listing './lib/python3.5/site-packages/wpadmin/static/wpadmin/less/themes/sunrise'...
Listing './lib/python3.5/site-packages/wpadmin/templates'...
Listing './lib/python3.5/site-packages/wpadmin/templates/admin'...
Listing './lib/python3.5/site-packages/wpadmin/templates/registration'...
Listing './lib/python3.5/site-packages/wpadmin/templates/wpadmin'...
Listing './lib/python3.5/site-packages/wpadmin/templates/wpadmin/menu'...
Listing './lib/python3.5/site-packages/wpadmin/templatetags'...
Listing './share'...
Listing './share/python-wheels'...
