Listing '.'...
Listing './bin'...
Listing './include'...
Listing './lib'...
Listing './lib/python3.5'...
Listing './lib/python3.5/site-packages'...
Listing './lib/python3.5/site-packages/PyYAML-3.11.egg-info'...
Listing './lib/python3.5/site-packages/django_powerpages-0.0.8.dist-info'...
Listing './lib/python3.5/site-packages/pip'...
Listing './lib/python3.5/site-packages/pip/_vendor'...
Listing './lib/python3.5/site-packages/pip/commands'...
Listing './lib/python3.5/site-packages/pip/compat'...
Listing './lib/python3.5/site-packages/pip/models'...
Listing './lib/python3.5/site-packages/pip/operations'...
Listing './lib/python3.5/site-packages/pip/req'...
Listing './lib/python3.5/site-packages/pip/utils'...
Listing './lib/python3.5/site-packages/pip/vcs'...
Listing './lib/python3.5/site-packages/pip-9.0.1.dist-info'...
Listing './lib/python3.5/site-packages/pkg_resources'...
Listing './lib/python3.5/site-packages/pkg_resources/_vendor'...
Listing './lib/python3.5/site-packages/pkg_resources/_vendor/packaging'...
Listing './lib/python3.5/site-packages/pkg_resources/extern'...
Listing './lib/python3.5/site-packages/pkg_resources-0.0.0.dist-info'...
Listing './lib/python3.5/site-packages/powerpages'...
Listing './lib/python3.5/site-packages/powerpages/management'...
Listing './lib/python3.5/site-packages/powerpages/management/commands'...
Listing './lib/python3.5/site-packages/powerpages/migrations'...
Listing './lib/python3.5/site-packages/powerpages/static'...
Listing './lib/python3.5/site-packages/powerpages/static/powerpages'...
Listing './lib/python3.5/site-packages/powerpages/static/powerpages/css'...
Listing './lib/python3.5/site-packages/powerpages/static/powerpages/js'...
Listing './lib/python3.5/site-packages/powerpages/static/powerpages/js/ace'...
Listing './lib/python3.5/site-packages/powerpages/static/powerpages/js/ace/snippets'...
Listing './lib/python3.5/site-packages/powerpages/templates'...
Listing './lib/python3.5/site-packages/powerpages/templates/powerpages'...
Listing './lib/python3.5/site-packages/powerpages/templates/powerpages/admin'...
Listing './lib/python3.5/site-packages/powerpages/templates/powerpages/admin/includes'...
Listing './lib/python3.5/site-packages/powerpages/templatetags'...
Listing './lib/python3.5/site-packages/powerpages/tests'...
Listing './lib/python3.5/site-packages/powerpages/utils'...
Listing './lib/python3.5/site-packages/powerpages/utils/class_registry'...
Listing './lib/python3.5/site-packages/setuptools'...
Listing './lib/python3.5/site-packages/setuptools/command'...
Listing './lib/python3.5/site-packages/setuptools/extern'...
Listing './lib/python3.5/site-packages/setuptools-32.3.1.dist-info'...
Listing './lib/python3.5/site-packages/yaml'...
Listing './share'...
Listing './share/python-wheels'...
