Listing '.'...
Listing './bin'...
Listing './include'...
Listing './lib'...
Listing './lib/python3.5'...
Listing './lib/python3.5/site-packages'...
Listing './lib/python3.5/site-packages/django_faq-0.8.3.egg-info'...
Listing './lib/python3.5/site-packages/faq'...
Listing './lib/python3.5/site-packages/faq/fixtures'...
Listing './lib/python3.5/site-packages/faq/locale'...
Listing './lib/python3.5/site-packages/faq/locale/en'...
Listing './lib/python3.5/site-packages/faq/locale/en/LC_MESSAGES'...
Listing './lib/python3.5/site-packages/faq/templates'...
Listing './lib/python3.5/site-packages/faq/templates/faq'...
Listing './lib/python3.5/site-packages/faq/templates/search'...
Listing './lib/python3.5/site-packages/faq/templates/search/indexes'...
Listing './lib/python3.5/site-packages/faq/templates/search/indexes/faq'...
Listing './lib/python3.5/site-packages/faq/tests'...
Listing './lib/python3.5/site-packages/faq/urls'...
Listing './lib/python3.5/site-packages/faq/views'...
Listing './lib/python3.5/site-packages/pip'...
Listing './lib/python3.5/site-packages/pip/_vendor'...
Listing './lib/python3.5/site-packages/pip/commands'...
Listing './lib/python3.5/site-packages/pip/compat'...
Listing './lib/python3.5/site-packages/pip/models'...
Listing './lib/python3.5/site-packages/pip/operations'...
Listing './lib/python3.5/site-packages/pip/req'...
Listing './lib/python3.5/site-packages/pip/utils'...
Listing './lib/python3.5/site-packages/pip/vcs'...
Listing './lib/python3.5/site-packages/pip-9.0.1.dist-info'...
Listing './lib/python3.5/site-packages/pkg_resources'...
Listing './lib/python3.5/site-packages/pkg_resources/_vendor'...
Listing './lib/python3.5/site-packages/pkg_resources/_vendor/packaging'...
Listing './lib/python3.5/site-packages/pkg_resources/extern'...
Listing './lib/python3.5/site-packages/pkg_resources-0.0.0.dist-info'...
Listing './lib/python3.5/site-packages/setuptools'...
Listing './lib/python3.5/site-packages/setuptools/command'...
Listing './lib/python3.5/site-packages/setuptools/extern'...
Listing './lib/python3.5/site-packages/setuptools-32.3.1.dist-info'...
Listing './share'...
Listing './share/python-wheels'...
