Listing '.'...
Listing './bin'...
Listing './include'...
Listing './lib'...
Listing './lib/python3.5'...
Listing './lib/python3.5/site-packages'...
Listing './lib/python3.5/site-packages/django_user_tags-1.2.1.egg-info'...
Listing './lib/python3.5/site-packages/pip'...
Listing './lib/python3.5/site-packages/pip/_vendor'...
Listing './lib/python3.5/site-packages/pip/commands'...
Listing './lib/python3.5/site-packages/pip/compat'...
Listing './lib/python3.5/site-packages/pip/models'...
Listing './lib/python3.5/site-packages/pip/operations'...
Listing './lib/python3.5/site-packages/pip/req'...
Listing './lib/python3.5/site-packages/pip/utils'...
Listing './lib/python3.5/site-packages/pip/vcs'...
Listing './lib/python3.5/site-packages/pip-9.0.1.dist-info'...
Listing './lib/python3.5/site-packages/pkg_resources'...
Listing './lib/python3.5/site-packages/pkg_resources/_vendor'...
Listing './lib/python3.5/site-packages/pkg_resources/_vendor/packaging'...
Listing './lib/python3.5/site-packages/pkg_resources/extern'...
Listing './lib/python3.5/site-packages/pkg_resources-0.0.0.dist-info'...
Listing './lib/python3.5/site-packages/setuptools'...
Listing './lib/python3.5/site-packages/setuptools/command'...
Listing './lib/python3.5/site-packages/setuptools/extern'...
Listing './lib/python3.5/site-packages/setuptools-32.3.1.dist-info'...
Listing './lib/python3.5/site-packages/user_tags'...
Listing './lib/python3.5/site-packages/user_tags/migrations'...
Listing './lib/python3.5/site-packages/user_tags/south_migrations'...
Listing './lib/python3.5/site-packages/user_tags/static'...
Listing './lib/python3.5/site-packages/user_tags/static/user_tags'...
Listing './lib/python3.5/site-packages/user_tags/static/user_tags/css'...
Listing './lib/python3.5/site-packages/user_tags/static/user_tags/js'...
Listing './lib/python3.5/site-packages/user_tags/tests'...
Listing './lib/python3.5/site-packages/user_tags/tests/jasmine_tests'...
Listing './lib/python3.5/site-packages/user_tags/tests/jasmine_tests/spec'...
Listing './lib/python3.5/site-packages/user_tags/tests/test_app'...
Listing './lib/python3.5/site-packages/user_tags/tests/test_app/templates'...
Listing './lib/python3.5/site-packages/user_tags/tests/test_app/templates/test_app'...
Listing './lib/python3.5/site-packages/user_tags/tests/test_static'...
Listing './lib/python3.5/site-packages/user_tags/tests/test_static/js'...
Listing './share'...
Listing './share/python-wheels'...
