Listing '.'...
Listing './bin'...
Listing './include'...
Listing './lib'...
Listing './lib/python3.5'...
Listing './lib/python3.5/site-packages'...
Listing './lib/python3.5/site-packages/django_admin_row_actions'...
Listing './lib/python3.5/site-packages/django_admin_row_actions/locale'...
Listing './lib/python3.5/site-packages/django_admin_row_actions/locale/ru_RU'...
Listing './lib/python3.5/site-packages/django_admin_row_actions/locale/ru_RU/LC_MESSAGES'...
Listing './lib/python3.5/site-packages/django_admin_row_actions/locale/zh_Hant'...
Listing './lib/python3.5/site-packages/django_admin_row_actions/locale/zh_Hant/LC_MESSAGES'...
Listing './lib/python3.5/site-packages/django_admin_row_actions/static'...
Listing './lib/python3.5/site-packages/django_admin_row_actions/static/css'...
Listing './lib/python3.5/site-packages/django_admin_row_actions/static/js'...
Listing './lib/python3.5/site-packages/django_admin_row_actions/templates'...
Listing './lib/python3.5/site-packages/django_admin_row_actions/templates/django_admin_row_actions'...
Listing './lib/python3.5/site-packages/django_admin_row_actions/tests'...
Listing './lib/python3.5/site-packages/django_admin_row_actions-0.0.4.egg-info'...
Listing './lib/python3.5/site-packages/pip'...
Listing './lib/python3.5/site-packages/pip/_vendor'...
Listing './lib/python3.5/site-packages/pip/commands'...
Listing './lib/python3.5/site-packages/pip/compat'...
Listing './lib/python3.5/site-packages/pip/models'...
Listing './lib/python3.5/site-packages/pip/operations'...
Listing './lib/python3.5/site-packages/pip/req'...
Listing './lib/python3.5/site-packages/pip/utils'...
Listing './lib/python3.5/site-packages/pip/vcs'...
Listing './lib/python3.5/site-packages/pip-9.0.1.dist-info'...
Listing './lib/python3.5/site-packages/pkg_resources'...
Listing './lib/python3.5/site-packages/pkg_resources/_vendor'...
Listing './lib/python3.5/site-packages/pkg_resources/_vendor/packaging'...
Listing './lib/python3.5/site-packages/pkg_resources/extern'...
Listing './lib/python3.5/site-packages/pkg_resources-0.0.0.dist-info'...
Listing './lib/python3.5/site-packages/setuptools'...
Listing './lib/python3.5/site-packages/setuptools/command'...
Listing './lib/python3.5/site-packages/setuptools/extern'...
Listing './lib/python3.5/site-packages/setuptools-32.3.1.dist-info'...
Listing './lib/python3.5/site-packages/six-1.11.0.dist-info'...
Listing './share'...
Listing './share/python-wheels'...
