Listing '.'...
Listing './bin'...
Listing './include'...
Listing './lib'...
Listing './lib/python3.5'...
Listing './lib/python3.5/site-packages'...
Listing './lib/python3.5/site-packages/braces'...
Listing './lib/python3.5/site-packages/braces/views'...
Listing './lib/python3.5/site-packages/django_braces-1.12.0.dist-info'...
Listing './lib/python3.5/site-packages/django_highcharts-0.1.7.egg-info'...
Listing './lib/python3.5/site-packages/highcharts'...
Listing './lib/python3.5/site-packages/highcharts/static'...
Listing './lib/python3.5/site-packages/highcharts/static/js'...
Listing './lib/python3.5/site-packages/highcharts/static/js/highcharts'...
Listing './lib/python3.5/site-packages/highcharts/static/js/highcharts/.fr-amL3gv'...
Listing './lib/python3.5/site-packages/highcharts/static/js/highcharts/adapters'...
Listing './lib/python3.5/site-packages/highcharts/static/js/highcharts/modules'...
Listing './lib/python3.5/site-packages/highcharts/static/js/highcharts/themes'...
Listing './lib/python3.5/site-packages/highcharts/templates'...
Listing './lib/python3.5/site-packages/highcharts/templates/highcharts'...
Listing './lib/python3.5/site-packages/highcharts/templatetags'...
Listing './lib/python3.5/site-packages/highcharts/views'...
Listing './lib/python3.5/site-packages/pip'...
Listing './lib/python3.5/site-packages/pip/_vendor'...
Listing './lib/python3.5/site-packages/pip/commands'...
Listing './lib/python3.5/site-packages/pip/compat'...
Listing './lib/python3.5/site-packages/pip/models'...
Listing './lib/python3.5/site-packages/pip/operations'...
Listing './lib/python3.5/site-packages/pip/req'...
Listing './lib/python3.5/site-packages/pip/utils'...
Listing './lib/python3.5/site-packages/pip/vcs'...
Listing './lib/python3.5/site-packages/pip-9.0.1.dist-info'...
Listing './lib/python3.5/site-packages/pkg_resources'...
Listing './lib/python3.5/site-packages/pkg_resources/_vendor'...
Listing './lib/python3.5/site-packages/pkg_resources/_vendor/packaging'...
Listing './lib/python3.5/site-packages/pkg_resources/extern'...
Listing './lib/python3.5/site-packages/pkg_resources-0.0.0.dist-info'...
Listing './lib/python3.5/site-packages/setuptools'...
Listing './lib/python3.5/site-packages/setuptools/command'...
Listing './lib/python3.5/site-packages/setuptools/extern'...
Listing './lib/python3.5/site-packages/setuptools-32.3.1.dist-info'...
Listing './lib/python3.5/site-packages/six-1.11.0.dist-info'...
Listing './share'...
Listing './share/python-wheels'...
