Listing '.'...
Listing './bin'...
Listing './include'...
Listing './lib'...
Listing './lib/python3.5'...
Listing './lib/python3.5/site-packages'...
Listing './lib/python3.5/site-packages/django_foundation_statics-5.4.7.post2.egg-info'...
Listing './lib/python3.5/site-packages/foundation'...
Listing './lib/python3.5/site-packages/foundation/static'...
Listing './lib/python3.5/site-packages/foundation/static/css'...
Listing './lib/python3.5/site-packages/foundation/static/js'...
Listing './lib/python3.5/site-packages/foundation/static/js/foundation'...
Listing './lib/python3.5/site-packages/foundation/static/js/vendor'...
Listing './lib/python3.5/site-packages/foundation_scss'...
Listing './lib/python3.5/site-packages/foundation_scss/static'...
Listing './lib/python3.5/site-packages/foundation_scss/static/js'...
Listing './lib/python3.5/site-packages/foundation_scss/static/js/foundation'...
Listing './lib/python3.5/site-packages/foundation_scss/static/js/vendor'...
Listing './lib/python3.5/site-packages/foundation_scss/static/scss'...
Listing './lib/python3.5/site-packages/foundation_scss/static/scss/foundation'...
Listing './lib/python3.5/site-packages/foundation_scss/static/scss/foundation/components'...
Listing './lib/python3.5/site-packages/pip'...
Listing './lib/python3.5/site-packages/pip/_vendor'...
Listing './lib/python3.5/site-packages/pip/commands'...
Listing './lib/python3.5/site-packages/pip/compat'...
Listing './lib/python3.5/site-packages/pip/models'...
Listing './lib/python3.5/site-packages/pip/operations'...
Listing './lib/python3.5/site-packages/pip/req'...
Listing './lib/python3.5/site-packages/pip/utils'...
Listing './lib/python3.5/site-packages/pip/vcs'...
Listing './lib/python3.5/site-packages/pip-9.0.1.dist-info'...
Listing './lib/python3.5/site-packages/pkg_resources'...
Listing './lib/python3.5/site-packages/pkg_resources/_vendor'...
Listing './lib/python3.5/site-packages/pkg_resources/_vendor/packaging'...
Listing './lib/python3.5/site-packages/pkg_resources/extern'...
Listing './lib/python3.5/site-packages/pkg_resources-0.0.0.dist-info'...
Listing './lib/python3.5/site-packages/setuptools'...
Listing './lib/python3.5/site-packages/setuptools/command'...
Listing './lib/python3.5/site-packages/setuptools/extern'...
Listing './lib/python3.5/site-packages/setuptools-32.3.1.dist-info'...
Listing './share'...
Listing './share/python-wheels'...
