Listing '.'...
Listing './bin'...
Listing './include'...
Listing './lib'...
Listing './lib/python3.5'...
Listing './lib/python3.5/site-packages'...
Listing './lib/python3.5/site-packages/dateutil'...
Listing './lib/python3.5/site-packages/dateutil/tz'...
Listing './lib/python3.5/site-packages/dateutil/zoneinfo'...
Listing './lib/python3.5/site-packages/django_guardian-1.4.9.dist-info'...
Listing './lib/python3.5/site-packages/django_guardianpie-0.0.3.egg-info'...
Listing './lib/python3.5/site-packages/django_tastypie-0.14.0.dist-info'...
Listing './lib/python3.5/site-packages/guardian'...
Listing './lib/python3.5/site-packages/guardian/conf'...
Listing './lib/python3.5/site-packages/guardian/locale'...
Listing './lib/python3.5/site-packages/guardian/locale/es'...
Listing './lib/python3.5/site-packages/guardian/locale/es/LC_MESSAGES'...
Listing './lib/python3.5/site-packages/guardian/locale/fr'...
Listing './lib/python3.5/site-packages/guardian/locale/fr/LC_MESSAGES'...
Listing './lib/python3.5/site-packages/guardian/locale/pl'...
Listing './lib/python3.5/site-packages/guardian/locale/pl/LC_MESSAGES'...
Listing './lib/python3.5/site-packages/guardian/locale/pt_BR'...
Listing './lib/python3.5/site-packages/guardian/locale/pt_BR/LC_MESSAGES'...
Listing './lib/python3.5/site-packages/guardian/locale/ru'...
Listing './lib/python3.5/site-packages/guardian/locale/ru/LC_MESSAGES'...
Listing './lib/python3.5/site-packages/guardian/management'...
Listing './lib/python3.5/site-packages/guardian/management/commands'...
Listing './lib/python3.5/site-packages/guardian/migrations'...
Listing './lib/python3.5/site-packages/guardian/static'...
Listing './lib/python3.5/site-packages/guardian/static/guardian'...
Listing './lib/python3.5/site-packages/guardian/static/guardian/img'...
Listing './lib/python3.5/site-packages/guardian/templates'...
Listing './lib/python3.5/site-packages/guardian/templates/admin'...
Listing './lib/python3.5/site-packages/guardian/templates/admin/guardian'...
Listing './lib/python3.5/site-packages/guardian/templates/admin/guardian/contrib'...
Listing './lib/python3.5/site-packages/guardian/templates/admin/guardian/contrib/grappelli'...
Listing './lib/python3.5/site-packages/guardian/templates/admin/guardian/model'...
Listing './lib/python3.5/site-packages/guardian/templatetags'...
Listing './lib/python3.5/site-packages/guardian/testapp'...
Listing './lib/python3.5/site-packages/guardian/testapp/migrations'...
Listing './lib/python3.5/site-packages/guardian/testapp/tests'...
Listing './lib/python3.5/site-packages/guardian/testapp/tests/templates'...
Listing './lib/python3.5/site-packages/guardianpie'...
Listing './lib/python3.5/site-packages/pip'...
Listing './lib/python3.5/site-packages/pip/_vendor'...
Listing './lib/python3.5/site-packages/pip/commands'...
Listing './lib/python3.5/site-packages/pip/compat'...
Listing './lib/python3.5/site-packages/pip/models'...
Listing './lib/python3.5/site-packages/pip/operations'...
Listing './lib/python3.5/site-packages/pip/req'...
Listing './lib/python3.5/site-packages/pip/utils'...
Listing './lib/python3.5/site-packages/pip/vcs'...
Listing './lib/python3.5/site-packages/pip-9.0.1.dist-info'...
Listing './lib/python3.5/site-packages/pkg_resources'...
Listing './lib/python3.5/site-packages/pkg_resources/_vendor'...
Listing './lib/python3.5/site-packages/pkg_resources/_vendor/packaging'...
Listing './lib/python3.5/site-packages/pkg_resources/extern'...
Listing './lib/python3.5/site-packages/pkg_resources-0.0.0.dist-info'...
Listing './lib/python3.5/site-packages/python_dateutil-2.6.1.dist-info'...
Listing './lib/python3.5/site-packages/python_mimeparse-1.6.0.dist-info'...
Listing './lib/python3.5/site-packages/setuptools'...
Listing './lib/python3.5/site-packages/setuptools/command'...
Listing './lib/python3.5/site-packages/setuptools/extern'...
Listing './lib/python3.5/site-packages/setuptools-32.3.1.dist-info'...
Listing './lib/python3.5/site-packages/six-1.11.0.dist-info'...
Listing './lib/python3.5/site-packages/tastypie'...
Listing './lib/python3.5/site-packages/tastypie/contrib'...
Listing './lib/python3.5/site-packages/tastypie/contrib/contenttypes'...
Listing './lib/python3.5/site-packages/tastypie/contrib/gis'...
Listing './lib/python3.5/site-packages/tastypie/management'...
Listing './lib/python3.5/site-packages/tastypie/management/commands'...
Listing './lib/python3.5/site-packages/tastypie/migrations'...
Listing './lib/python3.5/site-packages/tastypie/templates'...
Listing './lib/python3.5/site-packages/tastypie/templates/tastypie'...
Listing './lib/python3.5/site-packages/tastypie/utils'...
Listing './share'...
Listing './share/python-wheels'...
