Listing '.'...
Listing './bin'...
Listing './include'...
Listing './lib'...
Listing './lib/python3.5'...
Listing './lib/python3.5/site-packages'...
Listing './lib/python3.5/site-packages/compat'...
Listing './lib/python3.5/site-packages/compat/docs'...
Listing './lib/python3.5/site-packages/compat/templatetags'...
Listing './lib/python3.5/site-packages/compat/tests'...
Listing './lib/python3.5/site-packages/compat/tests/test_app'...
Listing './lib/python3.5/site-packages/compat/tests/test_app/templatetags'...
Listing './lib/python3.5/site-packages/compat/tests/utils_tests'...
Listing './lib/python3.5/site-packages/compat/tests/utils_tests/not_installed'...
Listing './lib/python3.5/site-packages/compat/tests/utils_tests/test_module'...
Listing './lib/python3.5/site-packages/django_compat-1.0.15.egg-info'...
Listing './lib/python3.5/site-packages/django_hijack-2.1.6.egg-info'...
Listing './lib/python3.5/site-packages/django_hijack_admin-2.1.6.egg-info'...
Listing './lib/python3.5/site-packages/hijack'...
Listing './lib/python3.5/site-packages/hijack/locale'...
Listing './lib/python3.5/site-packages/hijack/locale/cs'...
Listing './lib/python3.5/site-packages/hijack/locale/cs/LC_MESSAGES'...
Listing './lib/python3.5/site-packages/hijack/locale/de'...
Listing './lib/python3.5/site-packages/hijack/locale/de/LC_MESSAGES'...
Listing './lib/python3.5/site-packages/hijack/locale/en'...
Listing './lib/python3.5/site-packages/hijack/locale/en/LC_MESSAGES'...
Listing './lib/python3.5/site-packages/hijack/locale/es'...
Listing './lib/python3.5/site-packages/hijack/locale/es/LC_MESSAGES'...
Listing './lib/python3.5/site-packages/hijack/locale/fr'...
Listing './lib/python3.5/site-packages/hijack/locale/fr/LC_MESSAGES'...
Listing './lib/python3.5/site-packages/hijack/locale/ru'...
Listing './lib/python3.5/site-packages/hijack/locale/ru/LC_MESSAGES'...
Listing './lib/python3.5/site-packages/hijack/locale/sk'...
Listing './lib/python3.5/site-packages/hijack/locale/sk/LC_MESSAGES'...
Listing './lib/python3.5/site-packages/hijack/static'...
Listing './lib/python3.5/site-packages/hijack/static/hijack'...
Listing './lib/python3.5/site-packages/hijack/templates'...
Listing './lib/python3.5/site-packages/hijack/templates/hijack'...
Listing './lib/python3.5/site-packages/hijack/templatetags'...
Listing './lib/python3.5/site-packages/hijack/tests'...
Listing './lib/python3.5/site-packages/hijack/tests/test_app'...
Listing './lib/python3.5/site-packages/hijack/tests/test_app/templates'...
Listing './lib/python3.5/site-packages/hijack_admin'...
Listing './lib/python3.5/site-packages/hijack_admin/locale'...
Listing './lib/python3.5/site-packages/hijack_admin/locale/de'...
Listing './lib/python3.5/site-packages/hijack_admin/locale/de/LC_MESSAGES'...
Listing './lib/python3.5/site-packages/hijack_admin/locale/en'...
Listing './lib/python3.5/site-packages/hijack_admin/locale/en/LC_MESSAGES'...
Listing './lib/python3.5/site-packages/hijack_admin/locale/fr'...
Listing './lib/python3.5/site-packages/hijack_admin/locale/fr/LC_MESSAGES'...
Listing './lib/python3.5/site-packages/hijack_admin/locale/ru'...
Listing './lib/python3.5/site-packages/hijack_admin/locale/ru/LC_MESSAGES'...
Listing './lib/python3.5/site-packages/hijack_admin/templates'...
Listing './lib/python3.5/site-packages/hijack_admin/templates/hijack_admin'...
Listing './lib/python3.5/site-packages/hijack_admin/tests'...
Listing './lib/python3.5/site-packages/hijack_admin/tests/test_app'...
Listing './lib/python3.5/site-packages/hijack_admin/tests/test_app/templates'...
Listing './lib/python3.5/site-packages/pip'...
Listing './lib/python3.5/site-packages/pip/_vendor'...
Listing './lib/python3.5/site-packages/pip/commands'...
Listing './lib/python3.5/site-packages/pip/compat'...
Listing './lib/python3.5/site-packages/pip/models'...
Listing './lib/python3.5/site-packages/pip/operations'...
Listing './lib/python3.5/site-packages/pip/req'...
Listing './lib/python3.5/site-packages/pip/utils'...
Listing './lib/python3.5/site-packages/pip/vcs'...
Listing './lib/python3.5/site-packages/pip-9.0.1.dist-info'...
Listing './lib/python3.5/site-packages/pkg_resources'...
Listing './lib/python3.5/site-packages/pkg_resources/_vendor'...
Listing './lib/python3.5/site-packages/pkg_resources/_vendor/packaging'...
Listing './lib/python3.5/site-packages/pkg_resources/extern'...
Listing './lib/python3.5/site-packages/pkg_resources-0.0.0.dist-info'...
Listing './lib/python3.5/site-packages/setuptools'...
Listing './lib/python3.5/site-packages/setuptools/command'...
Listing './lib/python3.5/site-packages/setuptools/extern'...
Listing './lib/python3.5/site-packages/setuptools-32.3.1.dist-info'...
Listing './lib/python3.5/site-packages/six-1.11.0.dist-info'...
Listing './share'...
Listing './share/python-wheels'...
