Listing '.'...
Listing './bin'...
Listing './include'...
Listing './lib'...
Listing './lib/python3.5'...
Listing './lib/python3.5/site-packages'...
Listing './lib/python3.5/site-packages/appconf'...
Listing './lib/python3.5/site-packages/dbtemplates'...
Listing './lib/python3.5/site-packages/dbtemplates/locale'...
Listing './lib/python3.5/site-packages/dbtemplates/locale/da'...
Listing './lib/python3.5/site-packages/dbtemplates/locale/da/LC_MESSAGES'...
Listing './lib/python3.5/site-packages/dbtemplates/locale/de'...
Listing './lib/python3.5/site-packages/dbtemplates/locale/de/LC_MESSAGES'...
Listing './lib/python3.5/site-packages/dbtemplates/locale/en'...
Listing './lib/python3.5/site-packages/dbtemplates/locale/en/LC_MESSAGES'...
Listing './lib/python3.5/site-packages/dbtemplates/locale/fi'...
Listing './lib/python3.5/site-packages/dbtemplates/locale/fi/LC_MESSAGES'...
Listing './lib/python3.5/site-packages/dbtemplates/locale/fr'...
Listing './lib/python3.5/site-packages/dbtemplates/locale/fr/LC_MESSAGES'...
Listing './lib/python3.5/site-packages/dbtemplates/locale/he'...
Listing './lib/python3.5/site-packages/dbtemplates/locale/he/LC_MESSAGES'...
Listing './lib/python3.5/site-packages/dbtemplates/locale/it'...
Listing './lib/python3.5/site-packages/dbtemplates/locale/it/LC_MESSAGES'...
Listing './lib/python3.5/site-packages/dbtemplates/locale/pt_BR'...
Listing './lib/python3.5/site-packages/dbtemplates/locale/pt_BR/LC_MESSAGES'...
Listing './lib/python3.5/site-packages/dbtemplates/locale/ru'...
Listing './lib/python3.5/site-packages/dbtemplates/locale/ru/LC_MESSAGES'...
Listing './lib/python3.5/site-packages/dbtemplates/locale/zh_CN'...
Listing './lib/python3.5/site-packages/dbtemplates/locale/zh_CN/LC_MESSAGES'...
Listing './lib/python3.5/site-packages/dbtemplates/management'...
Listing './lib/python3.5/site-packages/dbtemplates/management/commands'...
Listing './lib/python3.5/site-packages/dbtemplates/migrations'...
Listing './lib/python3.5/site-packages/dbtemplates/static'...
Listing './lib/python3.5/site-packages/dbtemplates/static/dbtemplates'...
Listing './lib/python3.5/site-packages/dbtemplates/static/dbtemplates/css'...
Listing './lib/python3.5/site-packages/dbtemplates/static/dbtemplates/js'...
Listing './lib/python3.5/site-packages/dbtemplates/utils'...
Listing './lib/python3.5/site-packages/django_appconf-1.0.2.dist-info'...
Listing './lib/python3.5/site-packages/django_dbtemplates-2.0.dist-info'...
Listing './lib/python3.5/site-packages/pip'...
Listing './lib/python3.5/site-packages/pip/_vendor'...
Listing './lib/python3.5/site-packages/pip/commands'...
Listing './lib/python3.5/site-packages/pip/compat'...
Listing './lib/python3.5/site-packages/pip/models'...
Listing './lib/python3.5/site-packages/pip/operations'...
Listing './lib/python3.5/site-packages/pip/req'...
Listing './lib/python3.5/site-packages/pip/utils'...
Listing './lib/python3.5/site-packages/pip/vcs'...
Listing './lib/python3.5/site-packages/pip-9.0.1.dist-info'...
Listing './lib/python3.5/site-packages/pkg_resources'...
Listing './lib/python3.5/site-packages/pkg_resources/_vendor'...
Listing './lib/python3.5/site-packages/pkg_resources/_vendor/packaging'...
Listing './lib/python3.5/site-packages/pkg_resources/extern'...
Listing './lib/python3.5/site-packages/pkg_resources-0.0.0.dist-info'...
Listing './lib/python3.5/site-packages/setuptools'...
Listing './lib/python3.5/site-packages/setuptools/command'...
Listing './lib/python3.5/site-packages/setuptools/extern'...
Listing './lib/python3.5/site-packages/setuptools-32.3.1.dist-info'...
Listing './share'...
Listing './share/python-wheels'...
