Listing '.'...
Listing './bin'...
Listing './include'...
Listing './lib'...
Listing './lib/python3.5'...
Listing './lib/python3.5/site-packages'...
Listing './lib/python3.5/site-packages/ckeditorfiles'...
Listing './lib/python3.5/site-packages/ckeditorfiles/static'...
Listing './lib/python3.5/site-packages/ckeditorfiles/static/ckeditorfiles'...
Listing './lib/python3.5/site-packages/ckeditorfiles/static/ckeditorfiles/lang'...
Listing './lib/python3.5/site-packages/ckeditorfiles/static/ckeditorfiles/plugins'...
Listing './lib/python3.5/site-packages/ckeditorfiles/static/ckeditorfiles/plugins/a11yhelp'...
Listing './lib/python3.5/site-packages/ckeditorfiles/static/ckeditorfiles/plugins/a11yhelp/dialogs'...
Listing './lib/python3.5/site-packages/ckeditorfiles/static/ckeditorfiles/plugins/a11yhelp/dialogs/lang'...
Listing './lib/python3.5/site-packages/ckeditorfiles/static/ckeditorfiles/plugins/about'...
Listing './lib/python3.5/site-packages/ckeditorfiles/static/ckeditorfiles/plugins/about/dialogs'...
Listing './lib/python3.5/site-packages/ckeditorfiles/static/ckeditorfiles/plugins/clipboard'...
Listing './lib/python3.5/site-packages/ckeditorfiles/static/ckeditorfiles/plugins/clipboard/dialogs'...
Listing './lib/python3.5/site-packages/ckeditorfiles/static/ckeditorfiles/plugins/colordialog'...
Listing './lib/python3.5/site-packages/ckeditorfiles/static/ckeditorfiles/plugins/colordialog/dialogs'...
Listing './lib/python3.5/site-packages/ckeditorfiles/static/ckeditorfiles/plugins/dialog'...
Listing './lib/python3.5/site-packages/ckeditorfiles/static/ckeditorfiles/plugins/div'...
Listing './lib/python3.5/site-packages/ckeditorfiles/static/ckeditorfiles/plugins/div/dialogs'...
Listing './lib/python3.5/site-packages/ckeditorfiles/static/ckeditorfiles/plugins/fakeobjects'...
Listing './lib/python3.5/site-packages/ckeditorfiles/static/ckeditorfiles/plugins/fakeobjects/images'...
Listing './lib/python3.5/site-packages/ckeditorfiles/static/ckeditorfiles/plugins/find'...
Listing './lib/python3.5/site-packages/ckeditorfiles/static/ckeditorfiles/plugins/find/dialogs'...
Listing './lib/python3.5/site-packages/ckeditorfiles/static/ckeditorfiles/plugins/flash'...
Listing './lib/python3.5/site-packages/ckeditorfiles/static/ckeditorfiles/plugins/flash/dialogs'...
Listing './lib/python3.5/site-packages/ckeditorfiles/static/ckeditorfiles/plugins/flash/images'...
Listing './lib/python3.5/site-packages/ckeditorfiles/static/ckeditorfiles/plugins/forms'...
Listing './lib/python3.5/site-packages/ckeditorfiles/static/ckeditorfiles/plugins/forms/dialogs'...
Listing './lib/python3.5/site-packages/ckeditorfiles/static/ckeditorfiles/plugins/forms/images'...
Listing './lib/python3.5/site-packages/ckeditorfiles/static/ckeditorfiles/plugins/iframe'...
Listing './lib/python3.5/site-packages/ckeditorfiles/static/ckeditorfiles/plugins/iframe/dialogs'...
Listing './lib/python3.5/site-packages/ckeditorfiles/static/ckeditorfiles/plugins/iframe/images'...
Listing './lib/python3.5/site-packages/ckeditorfiles/static/ckeditorfiles/plugins/image'...
Listing './lib/python3.5/site-packages/ckeditorfiles/static/ckeditorfiles/plugins/image/dialogs'...
Listing './lib/python3.5/site-packages/ckeditorfiles/static/ckeditorfiles/plugins/image/images'...
Listing './lib/python3.5/site-packages/ckeditorfiles/static/ckeditorfiles/plugins/link'...
Listing './lib/python3.5/site-packages/ckeditorfiles/static/ckeditorfiles/plugins/link/dialogs'...
Listing './lib/python3.5/site-packages/ckeditorfiles/static/ckeditorfiles/plugins/link/images'...
Listing './lib/python3.5/site-packages/ckeditorfiles/static/ckeditorfiles/plugins/liststyle'...
Listing './lib/python3.5/site-packages/ckeditorfiles/static/ckeditorfiles/plugins/liststyle/dialogs'...
Listing './lib/python3.5/site-packages/ckeditorfiles/static/ckeditorfiles/plugins/magicline'...
Listing './lib/python3.5/site-packages/ckeditorfiles/static/ckeditorfiles/plugins/magicline/images'...
Listing './lib/python3.5/site-packages/ckeditorfiles/static/ckeditorfiles/plugins/pagebreak'...
Listing './lib/python3.5/site-packages/ckeditorfiles/static/ckeditorfiles/plugins/pagebreak/images'...
Listing './lib/python3.5/site-packages/ckeditorfiles/static/ckeditorfiles/plugins/pastefromword'...
Listing './lib/python3.5/site-packages/ckeditorfiles/static/ckeditorfiles/plugins/pastefromword/filter'...
Listing './lib/python3.5/site-packages/ckeditorfiles/static/ckeditorfiles/plugins/preview'...
Listing './lib/python3.5/site-packages/ckeditorfiles/static/ckeditorfiles/plugins/scripttag'...
Listing './lib/python3.5/site-packages/ckeditorfiles/static/ckeditorfiles/plugins/scripttag/dialogs'...
Listing './lib/python3.5/site-packages/ckeditorfiles/static/ckeditorfiles/plugins/scripttag/images'...
Listing './lib/python3.5/site-packages/ckeditorfiles/static/ckeditorfiles/plugins/showblocks'...
Listing './lib/python3.5/site-packages/ckeditorfiles/static/ckeditorfiles/plugins/showblocks/images'...
Listing './lib/python3.5/site-packages/ckeditorfiles/static/ckeditorfiles/plugins/smiley'...
Listing './lib/python3.5/site-packages/ckeditorfiles/static/ckeditorfiles/plugins/smiley/dialogs'...
Listing './lib/python3.5/site-packages/ckeditorfiles/static/ckeditorfiles/plugins/smiley/images'...
Listing './lib/python3.5/site-packages/ckeditorfiles/static/ckeditorfiles/plugins/specialchar'...
Listing './lib/python3.5/site-packages/ckeditorfiles/static/ckeditorfiles/plugins/specialchar/dialogs'...
Listing './lib/python3.5/site-packages/ckeditorfiles/static/ckeditorfiles/plugins/specialchar/dialogs/lang'...
Listing './lib/python3.5/site-packages/ckeditorfiles/static/ckeditorfiles/plugins/table'...
Listing './lib/python3.5/site-packages/ckeditorfiles/static/ckeditorfiles/plugins/table/dialogs'...
Listing './lib/python3.5/site-packages/ckeditorfiles/static/ckeditorfiles/plugins/tabletools'...
Listing './lib/python3.5/site-packages/ckeditorfiles/static/ckeditorfiles/plugins/tabletools/dialogs'...
Listing './lib/python3.5/site-packages/ckeditorfiles/static/ckeditorfiles/plugins/templates'...
Listing './lib/python3.5/site-packages/ckeditorfiles/static/ckeditorfiles/plugins/templates/dialogs'...
Listing './lib/python3.5/site-packages/ckeditorfiles/static/ckeditorfiles/plugins/templates/templates'...
Listing './lib/python3.5/site-packages/ckeditorfiles/static/ckeditorfiles/plugins/templates/templates/images'...
Listing './lib/python3.5/site-packages/ckeditorfiles/static/ckeditorfiles/samples'...
Listing './lib/python3.5/site-packages/ckeditorfiles/static/ckeditorfiles/samples/assets'...
Listing './lib/python3.5/site-packages/ckeditorfiles/static/ckeditorfiles/samples/assets/inlineall'...
Listing './lib/python3.5/site-packages/ckeditorfiles/static/ckeditorfiles/samples/assets/outputxhtml'...
Listing './lib/python3.5/site-packages/ckeditorfiles/static/ckeditorfiles/samples/assets/uilanguages'...
Listing './lib/python3.5/site-packages/ckeditorfiles/static/ckeditorfiles/samples/plugins'...
Listing './lib/python3.5/site-packages/ckeditorfiles/static/ckeditorfiles/samples/plugins/dialog'...
Listing './lib/python3.5/site-packages/ckeditorfiles/static/ckeditorfiles/samples/plugins/dialog/assets'...
Listing './lib/python3.5/site-packages/ckeditorfiles/static/ckeditorfiles/samples/plugins/enterkey'...
Listing './lib/python3.5/site-packages/ckeditorfiles/static/ckeditorfiles/samples/plugins/htmlwriter'...
Listing './lib/python3.5/site-packages/ckeditorfiles/static/ckeditorfiles/samples/plugins/htmlwriter/assets'...
Listing './lib/python3.5/site-packages/ckeditorfiles/static/ckeditorfiles/samples/plugins/magicline'...
Listing './lib/python3.5/site-packages/ckeditorfiles/static/ckeditorfiles/samples/plugins/toolbar'...
Listing './lib/python3.5/site-packages/ckeditorfiles/static/ckeditorfiles/samples/plugins/wysiwygarea'...
Listing './lib/python3.5/site-packages/ckeditorfiles/static/ckeditorfiles/skins'...
Listing './lib/python3.5/site-packages/ckeditorfiles/static/ckeditorfiles/skins/moono'...
Listing './lib/python3.5/site-packages/ckeditorfiles/static/ckeditorfiles/skins/moono/images'...
Listing './lib/python3.5/site-packages/django_ckeditor_improved-1.8.egg-info'...
Listing './lib/python3.5/site-packages/pip'...
Listing './lib/python3.5/site-packages/pip/_vendor'...
Listing './lib/python3.5/site-packages/pip/commands'...
Listing './lib/python3.5/site-packages/pip/compat'...
Listing './lib/python3.5/site-packages/pip/models'...
Listing './lib/python3.5/site-packages/pip/operations'...
Listing './lib/python3.5/site-packages/pip/req'...
Listing './lib/python3.5/site-packages/pip/utils'...
Listing './lib/python3.5/site-packages/pip/vcs'...
Listing './lib/python3.5/site-packages/pip-9.0.1.dist-info'...
Listing './lib/python3.5/site-packages/pkg_resources'...
Listing './lib/python3.5/site-packages/pkg_resources/_vendor'...
Listing './lib/python3.5/site-packages/pkg_resources/_vendor/packaging'...
Listing './lib/python3.5/site-packages/pkg_resources/extern'...
Listing './lib/python3.5/site-packages/pkg_resources-0.0.0.dist-info'...
Listing './lib/python3.5/site-packages/setuptools'...
Listing './lib/python3.5/site-packages/setuptools/command'...
Listing './lib/python3.5/site-packages/setuptools/extern'...
Listing './lib/python3.5/site-packages/setuptools-32.3.1.dist-info'...
Listing './share'...
Listing './share/python-wheels'...
