Listing '.'...
Listing './bin'...
Listing './include'...
Listing './lib'...
Listing './lib/python3.5'...
Listing './lib/python3.5/site-packages'...
Listing './lib/python3.5/site-packages/django_tagging_ext-0.3.6.egg-info'...
Listing './lib/python3.5/site-packages/pip'...
Listing './lib/python3.5/site-packages/pip/_vendor'...
Listing './lib/python3.5/site-packages/pip/commands'...
Listing './lib/python3.5/site-packages/pip/compat'...
Listing './lib/python3.5/site-packages/pip/models'...
Listing './lib/python3.5/site-packages/pip/operations'...
Listing './lib/python3.5/site-packages/pip/req'...
Listing './lib/python3.5/site-packages/pip/utils'...
Listing './lib/python3.5/site-packages/pip/vcs'...
Listing './lib/python3.5/site-packages/pip-9.0.1.dist-info'...
Listing './lib/python3.5/site-packages/pkg_resources'...
Listing './lib/python3.5/site-packages/pkg_resources/_vendor'...
Listing './lib/python3.5/site-packages/pkg_resources/_vendor/packaging'...
Listing './lib/python3.5/site-packages/pkg_resources/extern'...
Listing './lib/python3.5/site-packages/pkg_resources-0.0.0.dist-info'...
Listing './lib/python3.5/site-packages/setuptools'...
Listing './lib/python3.5/site-packages/setuptools/command'...
Listing './lib/python3.5/site-packages/setuptools/extern'...
Listing './lib/python3.5/site-packages/setuptools-32.3.1.dist-info'...
Listing './lib/python3.5/site-packages/tagging_ext'...
Listing './lib/python3.5/site-packages/tagging_ext/fixtures'...
Listing './lib/python3.5/site-packages/tagging_ext/media'...
Listing './lib/python3.5/site-packages/tagging_ext/media/tagging_ext'...
Listing './lib/python3.5/site-packages/tagging_ext/media/tagging_ext/css'...
Listing './lib/python3.5/site-packages/tagging_ext/templates'...
Listing './lib/python3.5/site-packages/tagging_ext/templates/pinax_tagging_ext'...
Listing './lib/python3.5/site-packages/tagging_ext/templates/tagging_ext'...
Listing './lib/python3.5/site-packages/tagging_ext/templatetags'...
Listing './lib/python3.5/site-packages/tagging_ext/tests'...
Listing './share'...
Listing './share/python-wheels'...
