Listing '.'...
Listing './bin'...
Listing './include'...
Listing './lib'...
Listing './lib/python3.5'...
Listing './lib/python3.5/site-packages'...
Listing './lib/python3.5/site-packages/django_tinymce_staticfiles-3.4.7.egg-info'...
Listing './lib/python3.5/site-packages/pip'...
Listing './lib/python3.5/site-packages/pip/_vendor'...
Listing './lib/python3.5/site-packages/pip/commands'...
Listing './lib/python3.5/site-packages/pip/compat'...
Listing './lib/python3.5/site-packages/pip/models'...
Listing './lib/python3.5/site-packages/pip/operations'...
Listing './lib/python3.5/site-packages/pip/req'...
Listing './lib/python3.5/site-packages/pip/utils'...
Listing './lib/python3.5/site-packages/pip/vcs'...
Listing './lib/python3.5/site-packages/pip-9.0.1.dist-info'...
Listing './lib/python3.5/site-packages/pkg_resources'...
Listing './lib/python3.5/site-packages/pkg_resources/_vendor'...
Listing './lib/python3.5/site-packages/pkg_resources/_vendor/packaging'...
Listing './lib/python3.5/site-packages/pkg_resources/extern'...
Listing './lib/python3.5/site-packages/pkg_resources-0.0.0.dist-info'...
Listing './lib/python3.5/site-packages/setuptools'...
Listing './lib/python3.5/site-packages/setuptools/command'...
Listing './lib/python3.5/site-packages/setuptools/extern'...
Listing './lib/python3.5/site-packages/setuptools-32.3.1.dist-info'...
Listing './lib/python3.5/site-packages/tinymce_staticfiles'...
Listing './lib/python3.5/site-packages/tinymce_staticfiles/static'...
Listing './lib/python3.5/site-packages/tinymce_staticfiles/static/tinymce'...
Listing './lib/python3.5/site-packages/tinymce_staticfiles/static/tinymce/langs'...
Listing './lib/python3.5/site-packages/tinymce_staticfiles/static/tinymce/plugins'...
Listing './lib/python3.5/site-packages/tinymce_staticfiles/static/tinymce/plugins/advhr'...
Listing './lib/python3.5/site-packages/tinymce_staticfiles/static/tinymce/plugins/advhr/css'...
Listing './lib/python3.5/site-packages/tinymce_staticfiles/static/tinymce/plugins/advhr/js'...
Listing './lib/python3.5/site-packages/tinymce_staticfiles/static/tinymce/plugins/advhr/langs'...
Listing './lib/python3.5/site-packages/tinymce_staticfiles/static/tinymce/plugins/advimage'...
Listing './lib/python3.5/site-packages/tinymce_staticfiles/static/tinymce/plugins/advimage/css'...
Listing './lib/python3.5/site-packages/tinymce_staticfiles/static/tinymce/plugins/advimage/img'...
Listing './lib/python3.5/site-packages/tinymce_staticfiles/static/tinymce/plugins/advimage/js'...
Listing './lib/python3.5/site-packages/tinymce_staticfiles/static/tinymce/plugins/advimage/langs'...
Listing './lib/python3.5/site-packages/tinymce_staticfiles/static/tinymce/plugins/advlink'...
Listing './lib/python3.5/site-packages/tinymce_staticfiles/static/tinymce/plugins/advlink/css'...
Listing './lib/python3.5/site-packages/tinymce_staticfiles/static/tinymce/plugins/advlink/js'...
Listing './lib/python3.5/site-packages/tinymce_staticfiles/static/tinymce/plugins/advlink/langs'...
Listing './lib/python3.5/site-packages/tinymce_staticfiles/static/tinymce/plugins/advlist'...
Listing './lib/python3.5/site-packages/tinymce_staticfiles/static/tinymce/plugins/autolink'...
Listing './lib/python3.5/site-packages/tinymce_staticfiles/static/tinymce/plugins/autoresize'...
Listing './lib/python3.5/site-packages/tinymce_staticfiles/static/tinymce/plugins/autosave'...
Listing './lib/python3.5/site-packages/tinymce_staticfiles/static/tinymce/plugins/autosave/langs'...
Listing './lib/python3.5/site-packages/tinymce_staticfiles/static/tinymce/plugins/bbcode'...
Listing './lib/python3.5/site-packages/tinymce_staticfiles/static/tinymce/plugins/contextmenu'...
Listing './lib/python3.5/site-packages/tinymce_staticfiles/static/tinymce/plugins/directionality'...
Listing './lib/python3.5/site-packages/tinymce_staticfiles/static/tinymce/plugins/emotions'...
Listing './lib/python3.5/site-packages/tinymce_staticfiles/static/tinymce/plugins/emotions/img'...
Listing './lib/python3.5/site-packages/tinymce_staticfiles/static/tinymce/plugins/emotions/js'...
Listing './lib/python3.5/site-packages/tinymce_staticfiles/static/tinymce/plugins/emotions/langs'...
Listing './lib/python3.5/site-packages/tinymce_staticfiles/static/tinymce/plugins/example'...
Listing './lib/python3.5/site-packages/tinymce_staticfiles/static/tinymce/plugins/example/img'...
Listing './lib/python3.5/site-packages/tinymce_staticfiles/static/tinymce/plugins/example/js'...
Listing './lib/python3.5/site-packages/tinymce_staticfiles/static/tinymce/plugins/example/langs'...
Listing './lib/python3.5/site-packages/tinymce_staticfiles/static/tinymce/plugins/example_dependency'...
Listing './lib/python3.5/site-packages/tinymce_staticfiles/static/tinymce/plugins/fullpage'...
Listing './lib/python3.5/site-packages/tinymce_staticfiles/static/tinymce/plugins/fullpage/css'...
Listing './lib/python3.5/site-packages/tinymce_staticfiles/static/tinymce/plugins/fullpage/js'...
Listing './lib/python3.5/site-packages/tinymce_staticfiles/static/tinymce/plugins/fullpage/langs'...
Listing './lib/python3.5/site-packages/tinymce_staticfiles/static/tinymce/plugins/fullscreen'...
Listing './lib/python3.5/site-packages/tinymce_staticfiles/static/tinymce/plugins/iespell'...
Listing './lib/python3.5/site-packages/tinymce_staticfiles/static/tinymce/plugins/inlinepopups'...
Listing './lib/python3.5/site-packages/tinymce_staticfiles/static/tinymce/plugins/inlinepopups/skins'...
Listing './lib/python3.5/site-packages/tinymce_staticfiles/static/tinymce/plugins/inlinepopups/skins/clearlooks2'...
Listing './lib/python3.5/site-packages/tinymce_staticfiles/static/tinymce/plugins/insertdatetime'...
Listing './lib/python3.5/site-packages/tinymce_staticfiles/static/tinymce/plugins/layer'...
Listing './lib/python3.5/site-packages/tinymce_staticfiles/static/tinymce/plugins/legacyoutput'...
Listing './lib/python3.5/site-packages/tinymce_staticfiles/static/tinymce/plugins/lists'...
Listing './lib/python3.5/site-packages/tinymce_staticfiles/static/tinymce/plugins/media'...
Listing './lib/python3.5/site-packages/tinymce_staticfiles/static/tinymce/plugins/media/css'...
Listing './lib/python3.5/site-packages/tinymce_staticfiles/static/tinymce/plugins/media/js'...
Listing './lib/python3.5/site-packages/tinymce_staticfiles/static/tinymce/plugins/media/langs'...
Listing './lib/python3.5/site-packages/tinymce_staticfiles/static/tinymce/plugins/nonbreaking'...
Listing './lib/python3.5/site-packages/tinymce_staticfiles/static/tinymce/plugins/noneditable'...
Listing './lib/python3.5/site-packages/tinymce_staticfiles/static/tinymce/plugins/pagebreak'...
Listing './lib/python3.5/site-packages/tinymce_staticfiles/static/tinymce/plugins/paste'...
Listing './lib/python3.5/site-packages/tinymce_staticfiles/static/tinymce/plugins/paste/js'...
Listing './lib/python3.5/site-packages/tinymce_staticfiles/static/tinymce/plugins/paste/langs'...
Listing './lib/python3.5/site-packages/tinymce_staticfiles/static/tinymce/plugins/preview'...
Listing './lib/python3.5/site-packages/tinymce_staticfiles/static/tinymce/plugins/preview/jscripts'...
Listing './lib/python3.5/site-packages/tinymce_staticfiles/static/tinymce/plugins/print'...
Listing './lib/python3.5/site-packages/tinymce_staticfiles/static/tinymce/plugins/save'...
Listing './lib/python3.5/site-packages/tinymce_staticfiles/static/tinymce/plugins/searchreplace'...
Listing './lib/python3.5/site-packages/tinymce_staticfiles/static/tinymce/plugins/searchreplace/css'...
Listing './lib/python3.5/site-packages/tinymce_staticfiles/static/tinymce/plugins/searchreplace/js'...
Listing './lib/python3.5/site-packages/tinymce_staticfiles/static/tinymce/plugins/searchreplace/langs'...
Listing './lib/python3.5/site-packages/tinymce_staticfiles/static/tinymce/plugins/spellchecker'...
Listing './lib/python3.5/site-packages/tinymce_staticfiles/static/tinymce/plugins/spellchecker/css'...
Listing './lib/python3.5/site-packages/tinymce_staticfiles/static/tinymce/plugins/spellchecker/img'...
Listing './lib/python3.5/site-packages/tinymce_staticfiles/static/tinymce/plugins/style'...
Listing './lib/python3.5/site-packages/tinymce_staticfiles/static/tinymce/plugins/style/css'...
Listing './lib/python3.5/site-packages/tinymce_staticfiles/static/tinymce/plugins/style/js'...
Listing './lib/python3.5/site-packages/tinymce_staticfiles/static/tinymce/plugins/style/langs'...
Listing './lib/python3.5/site-packages/tinymce_staticfiles/static/tinymce/plugins/tabfocus'...
Listing './lib/python3.5/site-packages/tinymce_staticfiles/static/tinymce/plugins/table'...
Listing './lib/python3.5/site-packages/tinymce_staticfiles/static/tinymce/plugins/table/css'...
Listing './lib/python3.5/site-packages/tinymce_staticfiles/static/tinymce/plugins/table/js'...
Listing './lib/python3.5/site-packages/tinymce_staticfiles/static/tinymce/plugins/table/langs'...
Listing './lib/python3.5/site-packages/tinymce_staticfiles/static/tinymce/plugins/template'...
Listing './lib/python3.5/site-packages/tinymce_staticfiles/static/tinymce/plugins/template/css'...
Listing './lib/python3.5/site-packages/tinymce_staticfiles/static/tinymce/plugins/template/js'...
Listing './lib/python3.5/site-packages/tinymce_staticfiles/static/tinymce/plugins/template/langs'...
Listing './lib/python3.5/site-packages/tinymce_staticfiles/static/tinymce/plugins/visualchars'...
Listing './lib/python3.5/site-packages/tinymce_staticfiles/static/tinymce/plugins/wordcount'...
Listing './lib/python3.5/site-packages/tinymce_staticfiles/static/tinymce/plugins/xhtmlxtras'...
Listing './lib/python3.5/site-packages/tinymce_staticfiles/static/tinymce/plugins/xhtmlxtras/css'...
Listing './lib/python3.5/site-packages/tinymce_staticfiles/static/tinymce/plugins/xhtmlxtras/js'...
Listing './lib/python3.5/site-packages/tinymce_staticfiles/static/tinymce/plugins/xhtmlxtras/langs'...
Listing './lib/python3.5/site-packages/tinymce_staticfiles/static/tinymce/themes'...
Listing './lib/python3.5/site-packages/tinymce_staticfiles/static/tinymce/themes/advanced'...
Listing './lib/python3.5/site-packages/tinymce_staticfiles/static/tinymce/themes/advanced/img'...
Listing './lib/python3.5/site-packages/tinymce_staticfiles/static/tinymce/themes/advanced/js'...
Listing './lib/python3.5/site-packages/tinymce_staticfiles/static/tinymce/themes/advanced/langs'...
Listing './lib/python3.5/site-packages/tinymce_staticfiles/static/tinymce/themes/advanced/skins'...
Listing './lib/python3.5/site-packages/tinymce_staticfiles/static/tinymce/themes/advanced/skins/default'...
Listing './lib/python3.5/site-packages/tinymce_staticfiles/static/tinymce/themes/advanced/skins/highcontrast'...
Listing './lib/python3.5/site-packages/tinymce_staticfiles/static/tinymce/themes/advanced/skins/o2k7'...
Listing './lib/python3.5/site-packages/tinymce_staticfiles/static/tinymce/themes/simple'...
Listing './lib/python3.5/site-packages/tinymce_staticfiles/static/tinymce/themes/simple/img'...
Listing './lib/python3.5/site-packages/tinymce_staticfiles/static/tinymce/themes/simple/langs'...
Listing './lib/python3.5/site-packages/tinymce_staticfiles/static/tinymce/themes/simple/skins'...
Listing './lib/python3.5/site-packages/tinymce_staticfiles/static/tinymce/themes/simple/skins/default'...
Listing './lib/python3.5/site-packages/tinymce_staticfiles/static/tinymce/themes/simple/skins/o2k7'...
Listing './lib/python3.5/site-packages/tinymce_staticfiles/static/tinymce/utils'...
Listing './share'...
Listing './share/python-wheels'...
