Listing '.'...
Listing './bin'...
Listing './include'...
Listing './lib'...
Listing './lib/python3.5'...
Listing './lib/python3.5/site-packages'...
Listing './lib/python3.5/site-packages/author'...
Listing './lib/python3.5/site-packages/author/locale'...
Listing './lib/python3.5/site-packages/author/locale/cs_CZ'...
Listing './lib/python3.5/site-packages/author/locale/cs_CZ/LC_MESSAGES'...
Listing './lib/python3.5/site-packages/author/locale/pt_BR'...
Listing './lib/python3.5/site-packages/author/locale/pt_BR/LC_MESSAGES'...
Listing './lib/python3.5/site-packages/django_author-1.0.1.egg-info'...
Listing './lib/python3.5/site-packages/pip'...
Listing './lib/python3.5/site-packages/pip/_vendor'...
Listing './lib/python3.5/site-packages/pip/commands'...
Listing './lib/python3.5/site-packages/pip/compat'...
Listing './lib/python3.5/site-packages/pip/models'...
Listing './lib/python3.5/site-packages/pip/operations'...
Listing './lib/python3.5/site-packages/pip/req'...
Listing './lib/python3.5/site-packages/pip/utils'...
Listing './lib/python3.5/site-packages/pip/vcs'...
Listing './lib/python3.5/site-packages/pip-9.0.1.dist-info'...
Listing './lib/python3.5/site-packages/pkg_resources'...
Listing './lib/python3.5/site-packages/pkg_resources/_vendor'...
Listing './lib/python3.5/site-packages/pkg_resources/_vendor/packaging'...
Listing './lib/python3.5/site-packages/pkg_resources/extern'...
Listing './lib/python3.5/site-packages/pkg_resources-0.0.0.dist-info'...
Listing './lib/python3.5/site-packages/setuptools'...
Listing './lib/python3.5/site-packages/setuptools/command'...
Listing './lib/python3.5/site-packages/setuptools/extern'...
Listing './lib/python3.5/site-packages/setuptools-32.3.1.dist-info'...
Listing './lib/python3.5/site-packages/setuptools_git'...
Listing './lib/python3.5/site-packages/setuptools_git-1.2.dist-info'...
Listing './lib/python3.5/site-packages/tests'...
Listing './lib/python3.5/site-packages/tests/autocmd'...
Listing './lib/python3.5/site-packages/tests/blog'...
Listing './lib/python3.5/site-packages/tests/blog/fixtures'...
Listing './lib/python3.5/site-packages/tests/blog/migrations'...
Listing './lib/python3.5/site-packages/tests/blog/templates'...
Listing './lib/python3.5/site-packages/tests/blog/templates/blog'...
Listing './lib/python3.5/site-packages/tests/blog/tests'...
Listing './lib/python3.5/site-packages/tests/static'...
Listing './lib/python3.5/site-packages/tests/static/css'...
Listing './lib/python3.5/site-packages/tests/static/css/image'...
Listing './lib/python3.5/site-packages/tests/templates'...
Listing './lib/python3.5/site-packages/tests/templates/blog'...
Listing './lib/python3.5/site-packages/tests/templates/registration'...
Listing './share'...
Listing './share/python-wheels'...
