Listing '.'...
Listing './bin'...
Listing './include'...
Listing './include/site'...
Listing './include/site/python3.5'...
Listing './include/site/python3.5/persistent'...
Listing './include/site/python3.5/zope.proxy'...
Listing './lib'...
Listing './lib/python3.5'...
Listing './lib/python3.5/site-packages'...
Listing './lib/python3.5/site-packages/BTrees'...
Listing './lib/python3.5/site-packages/BTrees/tests'...
Listing './lib/python3.5/site-packages/BTrees-4.4.1.dist-info'...
Listing './lib/python3.5/site-packages/dolmen'...
Listing './lib/python3.5/site-packages/dolmen/content'...
Listing './lib/python3.5/site-packages/dolmen/content/tests'...
Listing './lib/python3.5/site-packages/dolmen/content/tests/factory'...
Listing './lib/python3.5/site-packages/dolmen/content/tests/overview'...
Listing './lib/python3.5/site-packages/dolmen/content/tests/schema'...
Listing './lib/python3.5/site-packages/dolmen/field'...
Listing './lib/python3.5/site-packages/dolmen.content-0.7.1.egg-info'...
Listing './lib/python3.5/site-packages/dolmen.field-0.3.egg-info'...
Listing './lib/python3.5/site-packages/grokcore'...
Listing './lib/python3.5/site-packages/grokcore/component'...
Listing './lib/python3.5/site-packages/grokcore/component/templates'...
Listing './lib/python3.5/site-packages/grokcore/component/tests'...
Listing './lib/python3.5/site-packages/grokcore/component/tests/adapter'...
Listing './lib/python3.5/site-packages/grokcore/component/tests/directive'...
Listing './lib/python3.5/site-packages/grokcore/component/tests/event'...
Listing './lib/python3.5/site-packages/grokcore/component/tests/grokker'...
Listing './lib/python3.5/site-packages/grokcore/component/tests/grokker/onlyonce_fixture'...
Listing './lib/python3.5/site-packages/grokcore/component/tests/inherit'...
Listing './lib/python3.5/site-packages/grokcore/component/tests/order'...
Listing './lib/python3.5/site-packages/grokcore/component/tests/subscriptions'...
Listing './lib/python3.5/site-packages/grokcore/component/tests/utility'...
Listing './lib/python3.5/site-packages/grokcore/component/tests/view'...
Listing './lib/python3.5/site-packages/grokcore/component/tests/zcml'...
Listing './lib/python3.5/site-packages/grokcore/component/tests/zcml/excludemanypkg'...
Listing './lib/python3.5/site-packages/grokcore/component/tests/zcml/excludepkg'...
Listing './lib/python3.5/site-packages/grokcore/content'...
Listing './lib/python3.5/site-packages/grokcore/content/tests'...
Listing './lib/python3.5/site-packages/grokcore/security'...
Listing './lib/python3.5/site-packages/grokcore/security/meta'...
Listing './lib/python3.5/site-packages/grokcore/security/tests'...
Listing './lib/python3.5/site-packages/grokcore/security/tests/base'...
Listing './lib/python3.5/site-packages/grokcore/security/tests/base/permissions'...
Listing './lib/python3.5/site-packages/grokcore/security/tests/base/role'...
Listing './lib/python3.5/site-packages/grokcore/security/tests/base/security'...
Listing './lib/python3.5/site-packages/grokcore/security/tests/functional'...
Listing './lib/python3.5/site-packages/grokcore/security/tests/functional/role'...
Listing './lib/python3.5/site-packages/grokcore.component-3.0.1.egg-info'...
Listing './lib/python3.5/site-packages/grokcore.content-3.0.2.egg-info'...
Listing './lib/python3.5/site-packages/grokcore.security-3.0.1.egg-info'...
Listing './lib/python3.5/site-packages/martian'...
Listing './lib/python3.5/site-packages/martian/tests'...
Listing './lib/python3.5/site-packages/martian/tests/scanforclasses'...
Listing './lib/python3.5/site-packages/martian/tests/stoneage'...
Listing './lib/python3.5/site-packages/martian/tests/stoneage/hunt'...
Listing './lib/python3.5/site-packages/martian/tests/stoneage/hunt/mammoth_templates'...
Listing './lib/python3.5/site-packages/martian/tests/stoneage/notpackage'...
Listing './lib/python3.5/site-packages/martian/tests/stoneage/painting'...
Listing './lib/python3.5/site-packages/martian/tests/testpackage'...
Listing './lib/python3.5/site-packages/martian/tests/testpackage/alpha'...
Listing './lib/python3.5/site-packages/martian/tests/testpackage/beta'...
Listing './lib/python3.5/site-packages/martian/tests/with__main__'...
Listing './lib/python3.5/site-packages/martian/tests/withbogusmodules'...
Listing './lib/python3.5/site-packages/martian/tests/withbogusmodules/.bogussubpackage'...
Listing './lib/python3.5/site-packages/martian/tests/withbogusmodules/subpackage'...
Listing './lib/python3.5/site-packages/martian/tests/withpyconly'...
Listing './lib/python3.5/site-packages/martian/tests/withpyconly/subpackage'...
Listing './lib/python3.5/site-packages/martian/tests/withtestsmodules'...
Listing './lib/python3.5/site-packages/martian/tests/withtestsmodules/subpackage'...
Listing './lib/python3.5/site-packages/martian/tests/withtestspackages'...
Listing './lib/python3.5/site-packages/martian/tests/withtestspackages/ftests'...
Listing './lib/python3.5/site-packages/martian/tests/withtestspackages/subpackage'...
Listing './lib/python3.5/site-packages/martian/tests/withtestspackages/tests'...
Listing './lib/python3.5/site-packages/martian/tests/withtestspackages/tests/subpackage'...
Listing './lib/python3.5/site-packages/martian-1.0.egg-info'...
Listing './lib/python3.5/site-packages/persistent'...
Listing './lib/python3.5/site-packages/persistent/tests'...
Listing './lib/python3.5/site-packages/persistent-4.2.4.2.dist-info'...
Listing './lib/python3.5/site-packages/pip'...
Listing './lib/python3.5/site-packages/pip/_vendor'...
Listing './lib/python3.5/site-packages/pip/commands'...
Listing './lib/python3.5/site-packages/pip/compat'...
Listing './lib/python3.5/site-packages/pip/models'...
Listing './lib/python3.5/site-packages/pip/operations'...
Listing './lib/python3.5/site-packages/pip/req'...
Listing './lib/python3.5/site-packages/pip/utils'...
Listing './lib/python3.5/site-packages/pip/vcs'...
Listing './lib/python3.5/site-packages/pip-9.0.1.dist-info'...
Listing './lib/python3.5/site-packages/pkg_resources'...
Listing './lib/python3.5/site-packages/pkg_resources/_vendor'...
Listing './lib/python3.5/site-packages/pkg_resources/_vendor/packaging'...
Listing './lib/python3.5/site-packages/pkg_resources/extern'...
Listing './lib/python3.5/site-packages/pkg_resources-0.0.0.dist-info'...
Listing './lib/python3.5/site-packages/python_gettext-3.0.egg-info'...
Listing './lib/python3.5/site-packages/pythongettext'...
Listing './lib/python3.5/site-packages/pythongettext/tests'...
Listing './lib/python3.5/site-packages/pytz'...
Listing './lib/python3.5/site-packages/pytz/zoneinfo'...
Listing './lib/python3.5/site-packages/pytz/zoneinfo/Africa'...
Listing './lib/python3.5/site-packages/pytz/zoneinfo/America'...
Listing './lib/python3.5/site-packages/pytz/zoneinfo/America/Argentina'...
Listing './lib/python3.5/site-packages/pytz/zoneinfo/America/Indiana'...
Listing './lib/python3.5/site-packages/pytz/zoneinfo/America/Kentucky'...
Listing './lib/python3.5/site-packages/pytz/zoneinfo/America/North_Dakota'...
Listing './lib/python3.5/site-packages/pytz/zoneinfo/Antarctica'...
Listing './lib/python3.5/site-packages/pytz/zoneinfo/Arctic'...
Listing './lib/python3.5/site-packages/pytz/zoneinfo/Asia'...
Listing './lib/python3.5/site-packages/pytz/zoneinfo/Atlantic'...
Listing './lib/python3.5/site-packages/pytz/zoneinfo/Australia'...
Listing './lib/python3.5/site-packages/pytz/zoneinfo/Brazil'...
Listing './lib/python3.5/site-packages/pytz/zoneinfo/Canada'...
Listing './lib/python3.5/site-packages/pytz/zoneinfo/Chile'...
Listing './lib/python3.5/site-packages/pytz/zoneinfo/Etc'...
Listing './lib/python3.5/site-packages/pytz/zoneinfo/Europe'...
Listing './lib/python3.5/site-packages/pytz/zoneinfo/Indian'...
Listing './lib/python3.5/site-packages/pytz/zoneinfo/Mexico'...
Listing './lib/python3.5/site-packages/pytz/zoneinfo/Pacific'...
Listing './lib/python3.5/site-packages/pytz/zoneinfo/US'...
Listing './lib/python3.5/site-packages/pytz-2017.3.dist-info'...
Listing './lib/python3.5/site-packages/setuptools'...
Listing './lib/python3.5/site-packages/setuptools/command'...
Listing './lib/python3.5/site-packages/setuptools/extern'...
Listing './lib/python3.5/site-packages/setuptools-32.3.1.dist-info'...
Listing './lib/python3.5/site-packages/six-1.11.0.dist-info'...
Listing './lib/python3.5/site-packages/transaction'...
Listing './lib/python3.5/site-packages/transaction/tests'...
Listing './lib/python3.5/site-packages/transaction-2.1.2.dist-info'...
Listing './lib/python3.5/site-packages/zope'...
Listing './lib/python3.5/site-packages/zope/annotation'...
Listing './lib/python3.5/site-packages/zope/annotation/tests'...
Listing './lib/python3.5/site-packages/zope/browser'...
Listing './lib/python3.5/site-packages/zope/component'...
Listing './lib/python3.5/site-packages/zope/component/testfiles'...
Listing './lib/python3.5/site-packages/zope/component/tests'...
Listing './lib/python3.5/site-packages/zope/configuration'...
Listing './lib/python3.5/site-packages/zope/configuration/tests'...
Listing './lib/python3.5/site-packages/zope/configuration/tests/excludedemo'...
Listing './lib/python3.5/site-packages/zope/configuration/tests/excludedemo/sub'...
Listing './lib/python3.5/site-packages/zope/configuration/tests/samplepackage'...
Listing './lib/python3.5/site-packages/zope/container'...
Listing './lib/python3.5/site-packages/zope/container/tests'...
Listing './lib/python3.5/site-packages/zope/contenttype'...
Listing './lib/python3.5/site-packages/zope/contenttype/tests'...
Listing './lib/python3.5/site-packages/zope/deprecation'...
Listing './lib/python3.5/site-packages/zope/dottedname'...
Listing './lib/python3.5/site-packages/zope/event'...
Listing './lib/python3.5/site-packages/zope/exceptions'...
Listing './lib/python3.5/site-packages/zope/exceptions/tests'...
Listing './lib/python3.5/site-packages/zope/filerepresentation'...
Listing './lib/python3.5/site-packages/zope/i18n'...
Listing './lib/python3.5/site-packages/zope/i18n/interfaces'...
Listing './lib/python3.5/site-packages/zope/i18n/locales'...
Listing './lib/python3.5/site-packages/zope/i18n/locales/data'...
Listing './lib/python3.5/site-packages/zope/i18n/locales/tests'...
Listing './lib/python3.5/site-packages/zope/i18n/tests'...
Listing './lib/python3.5/site-packages/zope/i18n/tests/locale'...
Listing './lib/python3.5/site-packages/zope/i18n/tests/locale/de'...
Listing './lib/python3.5/site-packages/zope/i18n/tests/locale/de/LC_MESSAGES'...
Listing './lib/python3.5/site-packages/zope/i18n/tests/locale/en'...
Listing './lib/python3.5/site-packages/zope/i18n/tests/locale/en/LC_MESSAGES'...
Listing './lib/python3.5/site-packages/zope/i18n/tests/locale2'...
Listing './lib/python3.5/site-packages/zope/i18n/tests/locale2/en'...
Listing './lib/python3.5/site-packages/zope/i18n/tests/locale2/en/LC_MESSAGES'...
Listing './lib/python3.5/site-packages/zope/i18n/tests/locale3'...
Listing './lib/python3.5/site-packages/zope/i18n/tests/locale3/en'...
Listing './lib/python3.5/site-packages/zope/i18n/tests/locale3/en/LC_MESSAGES'...
Listing './lib/python3.5/site-packages/zope/i18nmessageid'...
Listing './lib/python3.5/site-packages/zope/interface'...
Listing './lib/python3.5/site-packages/zope/interface/common'...
Listing './lib/python3.5/site-packages/zope/interface/common/tests'...
Listing './lib/python3.5/site-packages/zope/interface/tests'...
Listing './lib/python3.5/site-packages/zope/lifecycleevent'...
Listing './lib/python3.5/site-packages/zope/location'...
Listing './lib/python3.5/site-packages/zope/location/tests'...
Listing './lib/python3.5/site-packages/zope/proxy'...
Listing './lib/python3.5/site-packages/zope/proxy/tests'...
Listing './lib/python3.5/site-packages/zope/publisher'...
Listing './lib/python3.5/site-packages/zope/publisher/interfaces'...
Listing './lib/python3.5/site-packages/zope/publisher/tests'...
Listing './lib/python3.5/site-packages/zope/schema'...
Listing './lib/python3.5/site-packages/zope/schema/tests'...
Listing './lib/python3.5/site-packages/zope/security'...
Listing './lib/python3.5/site-packages/zope/security/examples'...
Listing './lib/python3.5/site-packages/zope/security/tests'...
Listing './lib/python3.5/site-packages/zope/size'...
Listing './lib/python3.5/site-packages/zope/testing'...
Listing './lib/python3.5/site-packages/zope/traversing'...
Listing './lib/python3.5/site-packages/zope/traversing/browser'...
Listing './lib/python3.5/site-packages/zope/traversing/tests'...
Listing './lib/python3.5/site-packages/zope.annotation-4.6.0.dist-info'...
Listing './lib/python3.5/site-packages/zope.browser-2.2.0.dist-info'...
Listing './lib/python3.5/site-packages/zope.component-4.4.1.dist-info'...
Listing './lib/python3.5/site-packages/zope.configuration-4.1.0.dist-info'...
Listing './lib/python3.5/site-packages/zope.container-4.2.1.egg-info'...
Listing './lib/python3.5/site-packages/zope.contenttype-4.3.0.dist-info'...
Listing './lib/python3.5/site-packages/zope.deprecation-4.3.0.dist-info'...
Listing './lib/python3.5/site-packages/zope.dottedname-4.2.dist-info'...
Listing './lib/python3.5/site-packages/zope.event-4.3.0.dist-info'...
Listing './lib/python3.5/site-packages/zope.exceptions-4.2.0.dist-info'...
Listing './lib/python3.5/site-packages/zope.filerepresentation-4.2.0.dist-info'...
Listing './lib/python3.5/site-packages/zope.i18n-4.3.1.dist-info'...
Listing './lib/python3.5/site-packages/zope.i18nmessageid-4.1.0.dist-info'...
Listing './lib/python3.5/site-packages/zope.interface-4.4.3.dist-info'...
Listing './lib/python3.5/site-packages/zope.lifecycleevent-4.2.0.dist-info'...
Listing './lib/python3.5/site-packages/zope.location-4.1.0.dist-info'...
Listing './lib/python3.5/site-packages/zope.proxy-4.3.0.egg-info'...
Listing './lib/python3.5/site-packages/zope.publisher-4.3.2.dist-info'...
Listing './lib/python3.5/site-packages/zope.schema-4.5.0.dist-info'...
Listing './lib/python3.5/site-packages/zope.security-4.2.2.egg-info'...
Listing './lib/python3.5/site-packages/zope.size-4.2.0.dist-info'...
Listing './lib/python3.5/site-packages/zope.testing-4.6.2.dist-info'...
Listing './lib/python3.5/site-packages/zope.traversing-4.2.0.dist-info'...
Listing './share'...
Listing './share/python-wheels'...
