Listing '.'...
Listing './bin'...
Listing './include'...
Listing './lib'...
Listing './lib/python3.5'...
Listing './lib/python3.5/site-packages'...
Listing './lib/python3.5/site-packages/dspace'...
Compiling './lib/python3.5/site-packages/dspace/metadata.py'...
***   File "./lib/python3.5/site-packages/dspace/metadata.py", line 49
    raise Error, "Unknown field type: %s" % field_type
               ^
SyntaxError: invalid syntax

Listing './lib/python3.5/site-packages/dspace/sword'...
Compiling './lib/python3.5/site-packages/dspace/sword/service.py'...
***   File "./lib/python3.5/site-packages/dspace/sword/service.py", line 100
    print resp.status
             ^
SyntaxError: Missing parentheses in call to 'print'

Listing './lib/python3.5/site-packages/dspace/tests'...
Listing './lib/python3.5/site-packages/dspace/tests/repository'...
Listing './lib/python3.5/site-packages/dspace-2.0.egg-info'...
Listing './lib/python3.5/site-packages/lxml'...
Listing './lib/python3.5/site-packages/lxml/html'...
Listing './lib/python3.5/site-packages/lxml/includes'...
Listing './lib/python3.5/site-packages/lxml/includes/libexslt'...
Listing './lib/python3.5/site-packages/lxml/includes/libxml'...
Listing './lib/python3.5/site-packages/lxml/includes/libxslt'...
Listing './lib/python3.5/site-packages/lxml/isoschematron'...
Listing './lib/python3.5/site-packages/lxml/isoschematron/resources'...
Listing './lib/python3.5/site-packages/lxml/isoschematron/resources/rng'...
Listing './lib/python3.5/site-packages/lxml/isoschematron/resources/xsl'...
Listing './lib/python3.5/site-packages/lxml/isoschematron/resources/xsl/iso-schematron-xslt1'...
Listing './lib/python3.5/site-packages/lxml-4.1.1.dist-info'...
Listing './lib/python3.5/site-packages/oaipmh'...
Listing './lib/python3.5/site-packages/oaipmh/tests'...
Compiling './lib/python3.5/site-packages/oaipmh/tests/createbrokendata.py'...
***   File "./lib/python3.5/site-packages/oaipmh/tests/createbrokendata.py", line 23
    print "Identify"
                   ^
SyntaxError: Missing parentheses in call to 'print'

Compiling './lib/python3.5/site-packages/oaipmh/tests/createdata.py'...
***   File "./lib/python3.5/site-packages/oaipmh/tests/createdata.py", line 8
    print "GetRecord"
                    ^
SyntaxError: Missing parentheses in call to 'print'

Compiling './lib/python3.5/site-packages/oaipmh/tests/createdata_deleted_records.py'...
***   File "./lib/python3.5/site-packages/oaipmh/tests/createdata_deleted_records.py", line 9
    print "GetRecord"
                    ^
SyntaxError: Missing parentheses in call to 'print'

Listing './lib/python3.5/site-packages/pip'...
Listing './lib/python3.5/site-packages/pip/_vendor'...
Listing './lib/python3.5/site-packages/pip/commands'...
Listing './lib/python3.5/site-packages/pip/compat'...
Listing './lib/python3.5/site-packages/pip/models'...
Listing './lib/python3.5/site-packages/pip/operations'...
Listing './lib/python3.5/site-packages/pip/req'...
Listing './lib/python3.5/site-packages/pip/utils'...
Listing './lib/python3.5/site-packages/pip/vcs'...
Listing './lib/python3.5/site-packages/pip-9.0.1.dist-info'...
Listing './lib/python3.5/site-packages/pkg_resources'...
Listing './lib/python3.5/site-packages/pkg_resources/_vendor'...
Listing './lib/python3.5/site-packages/pkg_resources/_vendor/packaging'...
Listing './lib/python3.5/site-packages/pkg_resources/extern'...
Listing './lib/python3.5/site-packages/pkg_resources-0.0.0.dist-info'...
Listing './lib/python3.5/site-packages/pyoai-2.5.0.egg-info'...
Listing './lib/python3.5/site-packages/setuptools'...
Listing './lib/python3.5/site-packages/setuptools/command'...
Listing './lib/python3.5/site-packages/setuptools/extern'...
Listing './lib/python3.5/site-packages/setuptools-32.3.1.dist-info'...
Listing './lib/python3.5/site-packages/six-1.11.0.dist-info'...
Listing './share'...
Listing './share/python-wheels'...
