Listing '.'...
Listing './bin'...
Listing './include'...
Listing './lib'...
Listing './lib/python3.5'...
Listing './lib/python3.5/site-packages'...
Listing './lib/python3.5/site-packages/PIL'...
Listing './lib/python3.5/site-packages/PIL/.libs'...
Listing './lib/python3.5/site-packages/Pillow-5.0.0.dist-info'...
Listing './lib/python3.5/site-packages/easy_report'...
Listing './lib/python3.5/site-packages/easy_report/utils'...
Listing './lib/python3.5/site-packages/easy_report-1.1.egg-info'...
Listing './lib/python3.5/site-packages/pip'...
Listing './lib/python3.5/site-packages/pip/_vendor'...
Listing './lib/python3.5/site-packages/pip/commands'...
Listing './lib/python3.5/site-packages/pip/compat'...
Listing './lib/python3.5/site-packages/pip/models'...
Listing './lib/python3.5/site-packages/pip/operations'...
Listing './lib/python3.5/site-packages/pip/req'...
Listing './lib/python3.5/site-packages/pip/utils'...
Listing './lib/python3.5/site-packages/pip/vcs'...
Listing './lib/python3.5/site-packages/pip-9.0.1.dist-info'...
Listing './lib/python3.5/site-packages/pkg_resources'...
Listing './lib/python3.5/site-packages/pkg_resources/_vendor'...
Listing './lib/python3.5/site-packages/pkg_resources/_vendor/packaging'...
Listing './lib/python3.5/site-packages/pkg_resources/extern'...
Listing './lib/python3.5/site-packages/pkg_resources-0.0.0.dist-info'...
Listing './lib/python3.5/site-packages/reportlab'...
Listing './lib/python3.5/site-packages/reportlab/fonts'...
Listing './lib/python3.5/site-packages/reportlab/graphics'...
Listing './lib/python3.5/site-packages/reportlab/graphics/barcode'...
Listing './lib/python3.5/site-packages/reportlab/graphics/charts'...
Listing './lib/python3.5/site-packages/reportlab/graphics/samples'...
Listing './lib/python3.5/site-packages/reportlab/graphics/widgets'...
Listing './lib/python3.5/site-packages/reportlab/lib'...
Listing './lib/python3.5/site-packages/reportlab/pdfbase'...
Listing './lib/python3.5/site-packages/reportlab/pdfgen'...
Listing './lib/python3.5/site-packages/reportlab/platypus'...
Listing './lib/python3.5/site-packages/reportlab-3.3.0.egg-info'...
Listing './lib/python3.5/site-packages/setuptools'...
Listing './lib/python3.5/site-packages/setuptools/command'...
Listing './lib/python3.5/site-packages/setuptools/extern'...
Listing './lib/python3.5/site-packages/setuptools-32.3.1.dist-info'...
Listing './share'...
Listing './share/python-wheels'...
