Listing '.'...
Listing './bin'...
Listing './include'...
Listing './lib'...
Listing './lib/python3.5'...
Listing './lib/python3.5/site-packages'...
Listing './lib/python3.5/site-packages/eClaircie-0.2.egg-info'...
Listing './lib/python3.5/site-packages/eclaircie'...
Listing './lib/python3.5/site-packages/eclaircie/themes'...
Listing './lib/python3.5/site-packages/eclaircie/themes/balazar'...
Listing './lib/python3.5/site-packages/eclaircie/themes/balazar/static'...
Listing './lib/python3.5/site-packages/eclaircie/themes/champi'...
Listing './lib/python3.5/site-packages/eclaircie/themes/champi/static'...
Listing './lib/python3.5/site-packages/eclaircie/themes/ec_base'...
Listing './lib/python3.5/site-packages/eclaircie/themes/ec_base/static'...
Listing './lib/python3.5/site-packages/eclaircie/themes/green_roses'...
Listing './lib/python3.5/site-packages/eclaircie/themes/green_roses/static'...
Listing './lib/python3.5/site-packages/eclaircie/themes/ltvda'...
Listing './lib/python3.5/site-packages/eclaircie/themes/ltvda/static'...
Listing './lib/python3.5/site-packages/eclaircie/themes/oomadness'...
Listing './lib/python3.5/site-packages/eclaircie/themes/oomadness/static'...
Listing './lib/python3.5/site-packages/eclaircie/themes/oomadness2'...
Listing './lib/python3.5/site-packages/eclaircie/themes/oomadness2/static'...
Listing './lib/python3.5/site-packages/pip'...
Listing './lib/python3.5/site-packages/pip/_vendor'...
Listing './lib/python3.5/site-packages/pip/commands'...
Listing './lib/python3.5/site-packages/pip/compat'...
Listing './lib/python3.5/site-packages/pip/models'...
Listing './lib/python3.5/site-packages/pip/operations'...
Listing './lib/python3.5/site-packages/pip/req'...
Listing './lib/python3.5/site-packages/pip/utils'...
Listing './lib/python3.5/site-packages/pip/vcs'...
Listing './lib/python3.5/site-packages/pip-9.0.1.dist-info'...
Listing './lib/python3.5/site-packages/pkg_resources'...
Listing './lib/python3.5/site-packages/pkg_resources/_vendor'...
Listing './lib/python3.5/site-packages/pkg_resources/_vendor/packaging'...
Listing './lib/python3.5/site-packages/pkg_resources/extern'...
Listing './lib/python3.5/site-packages/pkg_resources-0.0.0.dist-info'...
Listing './lib/python3.5/site-packages/setuptools'...
Listing './lib/python3.5/site-packages/setuptools/command'...
Listing './lib/python3.5/site-packages/setuptools/extern'...
Listing './lib/python3.5/site-packages/setuptools-32.3.1.dist-info'...
Listing './share'...
Listing './share/python-wheels'...
