Listing '.'...
Listing './bin'...
Listing './include'...
Listing './lib'...
Listing './lib/python3.5'...
Listing './lib/python3.5/site-packages'...
Listing './lib/python3.5/site-packages/eea'...
Listing './lib/python3.5/site-packages/eea/faceted'...
Listing './lib/python3.5/site-packages/eea/faceted/vocabularies'...
Listing './lib/python3.5/site-packages/eea/faceted/vocabularies/locales'...
Listing './lib/python3.5/site-packages/eea/faceted/vocabularies/locales/bg'...
Listing './lib/python3.5/site-packages/eea/faceted/vocabularies/locales/bg/LC_MESSAGES'...
Listing './lib/python3.5/site-packages/eea/faceted/vocabularies/locales/cs'...
Listing './lib/python3.5/site-packages/eea/faceted/vocabularies/locales/cs/LC_MESSAGES'...
Listing './lib/python3.5/site-packages/eea/faceted/vocabularies/locales/da'...
Listing './lib/python3.5/site-packages/eea/faceted/vocabularies/locales/da/LC_MESSAGES'...
Listing './lib/python3.5/site-packages/eea/faceted/vocabularies/locales/de'...
Listing './lib/python3.5/site-packages/eea/faceted/vocabularies/locales/de/LC_MESSAGES'...
Listing './lib/python3.5/site-packages/eea/faceted/vocabularies/locales/el'...
Listing './lib/python3.5/site-packages/eea/faceted/vocabularies/locales/el/LC_MESSAGES'...
Listing './lib/python3.5/site-packages/eea/faceted/vocabularies/locales/en'...
Listing './lib/python3.5/site-packages/eea/faceted/vocabularies/locales/en/LC_MESSAGES'...
Listing './lib/python3.5/site-packages/eea/faceted/vocabularies/locales/es'...
Listing './lib/python3.5/site-packages/eea/faceted/vocabularies/locales/es/LC_MESSAGES'...
Listing './lib/python3.5/site-packages/eea/faceted/vocabularies/locales/et'...
Listing './lib/python3.5/site-packages/eea/faceted/vocabularies/locales/et/LC_MESSAGES'...
Listing './lib/python3.5/site-packages/eea/faceted/vocabularies/locales/fi'...
Listing './lib/python3.5/site-packages/eea/faceted/vocabularies/locales/fi/LC_MESSAGES'...
Listing './lib/python3.5/site-packages/eea/faceted/vocabularies/locales/fr'...
Listing './lib/python3.5/site-packages/eea/faceted/vocabularies/locales/fr/LC_MESSAGES'...
Listing './lib/python3.5/site-packages/eea/faceted/vocabularies/locales/hu'...
Listing './lib/python3.5/site-packages/eea/faceted/vocabularies/locales/hu/LC_MESSAGES'...
Listing './lib/python3.5/site-packages/eea/faceted/vocabularies/locales/is'...
Listing './lib/python3.5/site-packages/eea/faceted/vocabularies/locales/is/LC_MESSAGES'...
Listing './lib/python3.5/site-packages/eea/faceted/vocabularies/locales/it'...
Listing './lib/python3.5/site-packages/eea/faceted/vocabularies/locales/it/LC_MESSAGES'...
Listing './lib/python3.5/site-packages/eea/faceted/vocabularies/locales/kl'...
Listing './lib/python3.5/site-packages/eea/faceted/vocabularies/locales/kl/LC_MESSAGES'...
Listing './lib/python3.5/site-packages/eea/faceted/vocabularies/locales/lt'...
Listing './lib/python3.5/site-packages/eea/faceted/vocabularies/locales/lt/LC_MESSAGES'...
Listing './lib/python3.5/site-packages/eea/faceted/vocabularies/locales/lv'...
Listing './lib/python3.5/site-packages/eea/faceted/vocabularies/locales/lv/LC_MESSAGES'...
Listing './lib/python3.5/site-packages/eea/faceted/vocabularies/locales/mt'...
Listing './lib/python3.5/site-packages/eea/faceted/vocabularies/locales/mt/LC_MESSAGES'...
Listing './lib/python3.5/site-packages/eea/faceted/vocabularies/locales/nl'...
Listing './lib/python3.5/site-packages/eea/faceted/vocabularies/locales/nl/LC_MESSAGES'...
Listing './lib/python3.5/site-packages/eea/faceted/vocabularies/locales/no'...
Listing './lib/python3.5/site-packages/eea/faceted/vocabularies/locales/no/LC_MESSAGES'...
Listing './lib/python3.5/site-packages/eea/faceted/vocabularies/locales/pl'...
Listing './lib/python3.5/site-packages/eea/faceted/vocabularies/locales/pl/LC_MESSAGES'...
Listing './lib/python3.5/site-packages/eea/faceted/vocabularies/locales/pt'...
Listing './lib/python3.5/site-packages/eea/faceted/vocabularies/locales/pt/LC_MESSAGES'...
Listing './lib/python3.5/site-packages/eea/faceted/vocabularies/locales/pt_BR'...
Listing './lib/python3.5/site-packages/eea/faceted/vocabularies/locales/pt_BR/LC_MESSAGES'...
Listing './lib/python3.5/site-packages/eea/faceted/vocabularies/locales/ro'...
Listing './lib/python3.5/site-packages/eea/faceted/vocabularies/locales/ro/LC_MESSAGES'...
Listing './lib/python3.5/site-packages/eea/faceted/vocabularies/locales/ru'...
Listing './lib/python3.5/site-packages/eea/faceted/vocabularies/locales/ru/LC_MESSAGES'...
Listing './lib/python3.5/site-packages/eea/faceted/vocabularies/locales/sk'...
Listing './lib/python3.5/site-packages/eea/faceted/vocabularies/locales/sk/LC_MESSAGES'...
Listing './lib/python3.5/site-packages/eea/faceted/vocabularies/locales/sl'...
Listing './lib/python3.5/site-packages/eea/faceted/vocabularies/locales/sl/LC_MESSAGES'...
Listing './lib/python3.5/site-packages/eea/faceted/vocabularies/locales/sv'...
Listing './lib/python3.5/site-packages/eea/faceted/vocabularies/locales/sv/LC_MESSAGES'...
Listing './lib/python3.5/site-packages/eea/faceted/vocabularies/locales/tr'...
Listing './lib/python3.5/site-packages/eea/faceted/vocabularies/locales/tr/LC_MESSAGES'...
Listing './lib/python3.5/site-packages/eea.faceted.vocabularies-6.4.egg-info'...
Listing './lib/python3.5/site-packages/pip'...
Listing './lib/python3.5/site-packages/pip/_vendor'...
Listing './lib/python3.5/site-packages/pip/commands'...
Listing './lib/python3.5/site-packages/pip/compat'...
Listing './lib/python3.5/site-packages/pip/models'...
Listing './lib/python3.5/site-packages/pip/operations'...
Listing './lib/python3.5/site-packages/pip/req'...
Listing './lib/python3.5/site-packages/pip/utils'...
Listing './lib/python3.5/site-packages/pip/vcs'...
Listing './lib/python3.5/site-packages/pip-9.0.1.dist-info'...
Listing './lib/python3.5/site-packages/pkg_resources'...
Listing './lib/python3.5/site-packages/pkg_resources/_vendor'...
Listing './lib/python3.5/site-packages/pkg_resources/_vendor/packaging'...
Listing './lib/python3.5/site-packages/pkg_resources/extern'...
Listing './lib/python3.5/site-packages/pkg_resources-0.0.0.dist-info'...
Listing './lib/python3.5/site-packages/setuptools'...
Listing './lib/python3.5/site-packages/setuptools/command'...
Listing './lib/python3.5/site-packages/setuptools/extern'...
Listing './lib/python3.5/site-packages/setuptools-32.3.1.dist-info'...
Listing './share'...
Listing './share/python-wheels'...
