Listing '.'...
Listing './bin'...
Compiling './bin/pwiz.py'...
Listing './include'...
Listing './lib'...
Listing './lib/python3.5'...
Listing './lib/python3.5/site-packages'...
Listing './lib/python3.5/site-packages/colorama'...
Listing './lib/python3.5/site-packages/colorama-0.3.9.dist-info'...
Listing './lib/python3.5/site-packages/efesto'...
Listing './lib/python3.5/site-packages/efesto/cli'...
Listing './lib/python3.5/site-packages/efesto/scripts'...
Listing './lib/python3.5/site-packages/efesto-0.7.5.dist-info'...
Listing './lib/python3.5/site-packages/falcon'...
Listing './lib/python3.5/site-packages/falcon/bench'...
Listing './lib/python3.5/site-packages/falcon/bench/nuts'...
Listing './lib/python3.5/site-packages/falcon/bench/nuts/nuts'...
Listing './lib/python3.5/site-packages/falcon/bench/nuts/nuts/controllers'...
Listing './lib/python3.5/site-packages/falcon/bench/nuts/nuts/model'...
Listing './lib/python3.5/site-packages/falcon/bench/nuts/nuts/tests'...
Listing './lib/python3.5/site-packages/falcon/bench/queues'...
Listing './lib/python3.5/site-packages/falcon/cmd'...
Listing './lib/python3.5/site-packages/falcon/routing'...
Listing './lib/python3.5/site-packages/falcon/testing'...
Listing './lib/python3.5/site-packages/falcon/util'...
Listing './lib/python3.5/site-packages/falcon-1.0.0.dist-info'...
Listing './lib/python3.5/site-packages/falcon_cors'...
Listing './lib/python3.5/site-packages/falcon_cors-1.1.7.egg-info'...
Listing './lib/python3.5/site-packages/itsdangerous-0.24.egg-info'...
Listing './lib/python3.5/site-packages/peewee-2.10.2.egg-info'...
Listing './lib/python3.5/site-packages/pip'...
Listing './lib/python3.5/site-packages/pip/_vendor'...
Listing './lib/python3.5/site-packages/pip/commands'...
Listing './lib/python3.5/site-packages/pip/compat'...
Listing './lib/python3.5/site-packages/pip/models'...
Listing './lib/python3.5/site-packages/pip/operations'...
Listing './lib/python3.5/site-packages/pip/req'...
Listing './lib/python3.5/site-packages/pip/utils'...
Listing './lib/python3.5/site-packages/pip/vcs'...
Listing './lib/python3.5/site-packages/pip-9.0.1.dist-info'...
Listing './lib/python3.5/site-packages/pkg_resources'...
Listing './lib/python3.5/site-packages/pkg_resources/_vendor'...
Listing './lib/python3.5/site-packages/pkg_resources/_vendor/packaging'...
Listing './lib/python3.5/site-packages/pkg_resources/extern'...
Listing './lib/python3.5/site-packages/pkg_resources-0.0.0.dist-info'...
Listing './lib/python3.5/site-packages/playhouse'...
Listing './lib/python3.5/site-packages/psycopg2'...
Listing './lib/python3.5/site-packages/psycopg2/.libs'...
Listing './lib/python3.5/site-packages/psycopg2/tests'...
Listing './lib/python3.5/site-packages/psycopg2-2.7.3.2.dist-info'...
Listing './lib/python3.5/site-packages/python_mimeparse-1.6.0.dist-info'...
Listing './lib/python3.5/site-packages/setuptools'...
Listing './lib/python3.5/site-packages/setuptools/command'...
Listing './lib/python3.5/site-packages/setuptools/extern'...
Listing './lib/python3.5/site-packages/setuptools-32.3.1.dist-info'...
Listing './lib/python3.5/site-packages/six-1.11.0.dist-info'...
Listing './share'...
Listing './share/python-wheels'...
