Listing '.'...
Listing './bin'...
Listing './include'...
Listing './lib'...
Listing './lib/python3.5'...
Listing './lib/python3.5/site-packages'...
Listing './lib/python3.5/site-packages/emen2'...
Listing './lib/python3.5/site-packages/emen2/db'...
Compiling './lib/python3.5/site-packages/emen2/db/binary.py'...
***   File "./lib/python3.5/site-packages/emen2/db/binary.py", line 103
    raise emen2.db.exceptions.ValidationError, "Cannot change a Binary's file attachment"
                                             ^
SyntaxError: invalid syntax

Compiling './lib/python3.5/site-packages/emen2/db/btrees.py'...
***   File "./lib/python3.5/site-packages/emen2/db/btrees.py", line 47
    except ImportError, inst:
                      ^
SyntaxError: invalid syntax

Compiling './lib/python3.5/site-packages/emen2/db/config.py'...
***   File "./lib/python3.5/site-packages/emen2/db/config.py", line 102
    raise NotImplementedError, "Soon."
                             ^
SyntaxError: invalid syntax

Compiling './lib/python3.5/site-packages/emen2/db/context.py'...
***   File "./lib/python3.5/site-packages/emen2/db/context.py", line 101
    raise emen2.db.exceptions.SessionError, "Session expired"
                                          ^
SyntaxError: invalid syntax

Compiling './lib/python3.5/site-packages/emen2/db/database.py'...
***   File "./lib/python3.5/site-packages/emen2/db/database.py", line 61
    raise ImportError, "Unsupported EMEN2 backend: %s"%backend
                     ^
SyntaxError: invalid syntax

Compiling './lib/python3.5/site-packages/emen2/db/dataobject.py'...
***   File "./lib/python3.5/site-packages/emen2/db/dataobject.py", line 243
    raise AttributeError, 'Key deletion not allowed'
                        ^
SyntaxError: invalid syntax

Compiling './lib/python3.5/site-packages/emen2/db/debug.py'...
***   File "./lib/python3.5/site-packages/emen2/db/debug.py", line 83
    except BaseException, e:
                        ^
SyntaxError: invalid syntax

Compiling './lib/python3.5/site-packages/emen2/db/dump.py'...
***   File "./lib/python3.5/site-packages/emen2/db/dump.py", line 13
    print "Warning: File %s exists"%outfile
                                  ^
SyntaxError: Missing parentheses in call to 'print'

Compiling './lib/python3.5/site-packages/emen2/db/globalns.py'...
***   File "./lib/python3.5/site-packages/emen2/db/globalns.py", line 257
    raise LockedNamespaceError, 'cannot unlock %s' % cls.__name__
                              ^
SyntaxError: invalid syntax

Compiling './lib/python3.5/site-packages/emen2/db/handlers.py'...
***   File "./lib/python3.5/site-packages/emen2/db/handlers.py", line 139
    raise ValueError, "Handler class name and input file required"
                    ^
SyntaxError: invalid syntax

Compiling './lib/python3.5/site-packages/emen2/db/load.py'...
***   File "./lib/python3.5/site-packages/emen2/db/load.py", line 81
    print "\n======= put count %s"%count
                                 ^
SyntaxError: Missing parentheses in call to 'print'

Compiling './lib/python3.5/site-packages/emen2/db/log.py'...
***   File "./lib/python3.5/site-packages/emen2/db/log.py", line 31
    print eventDict
                  ^
SyntaxError: Missing parentheses in call to 'print'

Compiling './lib/python3.5/site-packages/emen2/db/properties.py'...
***   File "./lib/python3.5/site-packages/emen2/db/properties.py", line 279
    except Exception, e:
                    ^
SyntaxError: invalid syntax

Compiling './lib/python3.5/site-packages/emen2/db/proxy.py'...
***   File "./lib/python3.5/site-packages/emen2/db/proxy.py", line 67
    raise ValueError, "namespace conflict, cannot alias %r to %r" %(original_name, new_name)
                    ^
SyntaxError: invalid syntax

Compiling './lib/python3.5/site-packages/emen2/db/query.py'...
***   File "./lib/python3.5/site-packages/emen2/db/query.py", line 123
    except Exception, e:
                    ^
SyntaxError: invalid syntax

Compiling './lib/python3.5/site-packages/emen2/db/queues.py'...
***   File "./lib/python3.5/site-packages/emen2/db/queues.py", line 41
    except Exception, e:
                    ^
SyntaxError: invalid syntax

Compiling './lib/python3.5/site-packages/emen2/db/record.py'...
***   File "./lib/python3.5/site-packages/emen2/db/record.py", line 193
    raise Exception, "Unable to add item to history log"
                   ^
SyntaxError: invalid syntax

Compiling './lib/python3.5/site-packages/emen2/db/user.py'...
***   File "./lib/python3.5/site-packages/emen2/db/user.py", line 226
    raise ValueError, "Required param %s"%param
                    ^
SyntaxError: invalid syntax

Compiling './lib/python3.5/site-packages/emen2/db/vartypes.py'...
***   File "./lib/python3.5/site-packages/emen2/db/vartypes.py", line 173
    raise ValidationError, "%s is an organizational parameter, and is not intended to be used."%self.pd.name
                         ^
SyntaxError: invalid syntax

Listing './lib/python3.5/site-packages/emen2/exts'...
Listing './lib/python3.5/site-packages/emen2/exts/base'...
Listing './lib/python3.5/site-packages/emen2/exts/base/templates'...
Listing './lib/python3.5/site-packages/emen2/exts/base/templates/auth'...
Listing './lib/python3.5/site-packages/emen2/exts/base/templates/css'...
Listing './lib/python3.5/site-packages/emen2/exts/base/templates/email'...
Listing './lib/python3.5/site-packages/emen2/exts/base/templates/errors'...
Listing './lib/python3.5/site-packages/emen2/exts/base/templates/js'...
Listing './lib/python3.5/site-packages/emen2/exts/base/views'...
Compiling './lib/python3.5/site-packages/emen2/exts/base/views/auth.py'...
***   File "./lib/python3.5/site-packages/emen2/exts/base/views/auth.py", line 47
    except Exception, errmsg:
                    ^
SyntaxError: invalid syntax

Compiling './lib/python3.5/site-packages/emen2/exts/base/views/download.py'...
***   File "./lib/python3.5/site-packages/emen2/exts/base/views/download.py", line 95
    raise IOError, "Could not access file"
                 ^
SyntaxError: invalid syntax

Listing './lib/python3.5/site-packages/emen2/exts/default'...
Listing './lib/python3.5/site-packages/emen2/exts/default/templates'...
Listing './lib/python3.5/site-packages/emen2/exts/default/templates/pages'...
Listing './lib/python3.5/site-packages/emen2/exts/default/templates/record'...
Listing './lib/python3.5/site-packages/emen2/exts/default/templates/record/rectypes'...
Listing './lib/python3.5/site-packages/emen2/exts/default/views'...
Compiling './lib/python3.5/site-packages/emen2/exts/default/views/log.py'...
***   File "./lib/python3.5/site-packages/emen2/exts/default/views/log.py", line 137
    except Exception, e:
                    ^
SyntaxError: invalid syntax

Compiling './lib/python3.5/site-packages/emen2/exts/default/views/query.py'...
***   File "./lib/python3.5/site-packages/emen2/exts/default/views/query.py", line 148
    raise TooManyFiles, "More than 100,000 files returned. Please see the admin if you need to download the complete set."
                      ^
SyntaxError: invalid syntax

Compiling './lib/python3.5/site-packages/emen2/exts/default/views/record.py'...
***   File "./lib/python3.5/site-packages/emen2/exts/default/views/record.py", line 118
    raise emen2.db.exceptions.SecurityError, "No write permission for record %s"%self.rec.name
                                           ^
SyntaxError: invalid syntax

Compiling './lib/python3.5/site-packages/emen2/exts/default/views/user.py'...
***   File "./lib/python3.5/site-packages/emen2/exts/default/views/user.py", line 41
    raise emen2.db.exceptions.SecurityError, "You may only edit your own user page"
                                           ^
SyntaxError: invalid syntax

Listing './lib/python3.5/site-packages/emen2/exts/em'...
Listing './lib/python3.5/site-packages/emen2/exts/em/json'...
Listing './lib/python3.5/site-packages/emen2/exts/em/templates'...
Listing './lib/python3.5/site-packages/emen2/exts/em/templates/em'...
Compiling './lib/python3.5/site-packages/emen2/exts/em/test.py'...
***   File "./lib/python3.5/site-packages/emen2/exts/em/test.py", line 36
    print "Reading input set (%s particles)"%input_set['maxrec']
                                           ^
SyntaxError: invalid syntax

Listing './lib/python3.5/site-packages/emen2/exts/em/views'...
Compiling './lib/python3.5/site-packages/emen2/exts/em/views/em.py'...
***   File "./lib/python3.5/site-packages/emen2/exts/em/views/em.py", line 48
    raise ValueError, "Invalid format: %s"%format
                    ^
SyntaxError: invalid syntax

Compiling './lib/python3.5/site-packages/emen2/exts/em/views/tiles.py'...
***   File "./lib/python3.5/site-packages/emen2/exts/em/views/tiles.py", line 40
    raise Exception, "Building tile..."
                   ^
SyntaxError: invalid syntax

Listing './lib/python3.5/site-packages/emen2/exts/publicdata'...
Listing './lib/python3.5/site-packages/emen2/exts/publicdata/templates'...
Listing './lib/python3.5/site-packages/emen2/exts/publicdata/templates/em'...
Listing './lib/python3.5/site-packages/emen2/exts/publicdata/views'...
Listing './lib/python3.5/site-packages/emen2/exts/site'...
Listing './lib/python3.5/site-packages/emen2/exts/site/views'...
Listing './lib/python3.5/site-packages/emen2/util'...
Compiling './lib/python3.5/site-packages/emen2/util/listops.py'...
***   File "./lib/python3.5/site-packages/emen2/util/listops.py", line 271
    l = groupchunk(l, grouper=lambda (a,b): a.get(key)==b.get(key))
                                     ^
SyntaxError: invalid syntax

Compiling './lib/python3.5/site-packages/emen2/util/loganalyzer.py'...
***   File "./lib/python3.5/site-packages/emen2/util/loganalyzer.py", line 70
    print ' '.join(line)
            ^
SyntaxError: invalid syntax

Compiling './lib/python3.5/site-packages/emen2/util/registry.py'...
***   File "./lib/python3.5/site-packages/emen2/util/registry.py", line 143
    print '%s - a: %s, b: %s, c: %s' % (obj.name, obj.a, obj.b, obj.c)
                                   ^
SyntaxError: invalid syntax

Listing './lib/python3.5/site-packages/emen2/web'...
Compiling './lib/python3.5/site-packages/emen2/web/resource.py'...
***   File "./lib/python3.5/site-packages/emen2/web/resource.py", line 60
    raise ValueError, 'A view must have at least one matcher'
                    ^
SyntaxError: invalid syntax

Compiling './lib/python3.5/site-packages/emen2/web/routing.py'...
***   File "./lib/python3.5/site-packages/emen2/web/routing.py", line 179
    raise ValueError, "You must specify either a path or a name"
                    ^
SyntaxError: invalid syntax

Listing './lib/python3.5/site-packages/emen2/web/static'...
Listing './lib/python3.5/site-packages/emen2/web/static/css'...
Listing './lib/python3.5/site-packages/emen2/web/static/css/custom-theme'...
Listing './lib/python3.5/site-packages/emen2/web/static/css/custom-theme/images'...
Listing './lib/python3.5/site-packages/emen2/web/static/images'...
Listing './lib/python3.5/site-packages/emen2/web/static/images/icons'...
Listing './lib/python3.5/site-packages/emen2/web/static/js'...
Listing './lib/python3.5/site-packages/emen2/web/static/js/d3'...
Listing './lib/python3.5/site-packages/emen2/web/static/js/jquery'...
Listing './lib/python3.5/site-packages/emen2/web/static/js/protovis'...
Listing './lib/python3.5/site-packages/emen2/web/static/static'...
Listing './lib/python3.5/site-packages/emen2-2.2b7.egg-info'...
Listing './lib/python3.5/site-packages/pip'...
Listing './lib/python3.5/site-packages/pip/_vendor'...
Listing './lib/python3.5/site-packages/pip/commands'...
Listing './lib/python3.5/site-packages/pip/compat'...
Listing './lib/python3.5/site-packages/pip/models'...
Listing './lib/python3.5/site-packages/pip/operations'...
Listing './lib/python3.5/site-packages/pip/req'...
Listing './lib/python3.5/site-packages/pip/utils'...
Listing './lib/python3.5/site-packages/pip/vcs'...
Listing './lib/python3.5/site-packages/pip-9.0.1.dist-info'...
Listing './lib/python3.5/site-packages/pkg_resources'...
Listing './lib/python3.5/site-packages/pkg_resources/_vendor'...
Listing './lib/python3.5/site-packages/pkg_resources/_vendor/packaging'...
Listing './lib/python3.5/site-packages/pkg_resources/extern'...
Listing './lib/python3.5/site-packages/pkg_resources-0.0.0.dist-info'...
Listing './lib/python3.5/site-packages/setuptools'...
Listing './lib/python3.5/site-packages/setuptools/command'...
Listing './lib/python3.5/site-packages/setuptools/extern'...
Listing './lib/python3.5/site-packages/setuptools-32.3.1.dist-info'...
Listing './share'...
Listing './share/python-wheels'...
