Listing '.'...
Listing './bin'...
Listing './include'...
Listing './lib'...
Listing './lib/python3.5'...
Listing './lib/python3.5/site-packages'...
Listing './lib/python3.5/site-packages/Jinja2-2.10.dist-info'...
Listing './lib/python3.5/site-packages/MarkupSafe-1.0.egg-info'...
Listing './lib/python3.5/site-packages/certifi'...
Listing './lib/python3.5/site-packages/certifi-2017.11.5.dist-info'...
Listing './lib/python3.5/site-packages/chardet'...
Listing './lib/python3.5/site-packages/chardet/cli'...
Listing './lib/python3.5/site-packages/chardet-3.0.4.dist-info'...
Listing './lib/python3.5/site-packages/cycler-0.10.0.dist-info'...
Listing './lib/python3.5/site-packages/dataweb'...
Listing './lib/python3.5/site-packages/dataweb/requestweb'...
Listing './lib/python3.5/site-packages/dataweb/threadingtasks'...
Listing './lib/python3.5/site-packages/dataweb-0.5.4.dist-info'...
Listing './lib/python3.5/site-packages/dateutil'...
Listing './lib/python3.5/site-packages/dateutil/tz'...
Listing './lib/python3.5/site-packages/dateutil/zoneinfo'...
Listing './lib/python3.5/site-packages/esiosdata'...
Listing './lib/python3.5/site-packages/esiosdata/prettyprinting'...
Listing './lib/python3.5/site-packages/esiosdata/templates'...
Listing './lib/python3.5/site-packages/esiosdata-0.6.10.dist-info'...
Listing './lib/python3.5/site-packages/idna'...
Listing './lib/python3.5/site-packages/idna-2.6.dist-info'...
Listing './lib/python3.5/site-packages/jinja2'...
Compiling './lib/python3.5/site-packages/jinja2/asyncfilters.py'...
***   File "./lib/python3.5/site-packages/jinja2/asyncfilters.py", line 24
    yield item
    ^
SyntaxError: 'yield' inside async function

Compiling './lib/python3.5/site-packages/jinja2/asyncsupport.py'...
***   File "./lib/python3.5/site-packages/jinja2/asyncsupport.py", line 35
    yield event
    ^
SyntaxError: 'yield' inside async function

Listing './lib/python3.5/site-packages/markupsafe'...
Listing './lib/python3.5/site-packages/matplotlib'...
Listing './lib/python3.5/site-packages/matplotlib/.libs'...
Listing './lib/python3.5/site-packages/matplotlib/axes'...
Listing './lib/python3.5/site-packages/matplotlib/backends'...
Listing './lib/python3.5/site-packages/matplotlib/backends/qt_editor'...
Listing './lib/python3.5/site-packages/matplotlib/backends/web_backend'...
Listing './lib/python3.5/site-packages/matplotlib/backends/web_backend/css'...
Listing './lib/python3.5/site-packages/matplotlib/backends/web_backend/jquery'...
Listing './lib/python3.5/site-packages/matplotlib/backends/web_backend/jquery/css'...
Listing './lib/python3.5/site-packages/matplotlib/backends/web_backend/jquery/css/themes'...
Listing './lib/python3.5/site-packages/matplotlib/backends/web_backend/jquery/css/themes/base'...
Listing './lib/python3.5/site-packages/matplotlib/backends/web_backend/jquery/js'...
Listing './lib/python3.5/site-packages/matplotlib/backends/web_backend/js'...
Listing './lib/python3.5/site-packages/matplotlib/cbook'...
Listing './lib/python3.5/site-packages/matplotlib/compat'...
Listing './lib/python3.5/site-packages/matplotlib/mpl-data'...
Listing './lib/python3.5/site-packages/matplotlib/mpl-data/fonts'...
Listing './lib/python3.5/site-packages/matplotlib/mpl-data/fonts/afm'...
Listing './lib/python3.5/site-packages/matplotlib/mpl-data/fonts/pdfcorefonts'...
Listing './lib/python3.5/site-packages/matplotlib/mpl-data/fonts/ttf'...
Listing './lib/python3.5/site-packages/matplotlib/mpl-data/images'...
Listing './lib/python3.5/site-packages/matplotlib/mpl-data/sample_data'...
Listing './lib/python3.5/site-packages/matplotlib/mpl-data/sample_data/axes_grid'...
Listing './lib/python3.5/site-packages/matplotlib/mpl-data/stylelib'...
Listing './lib/python3.5/site-packages/matplotlib/projections'...
Listing './lib/python3.5/site-packages/matplotlib/sphinxext'...
Listing './lib/python3.5/site-packages/matplotlib/sphinxext/tests'...
Listing './lib/python3.5/site-packages/matplotlib/sphinxext/tests/tinypages'...
Listing './lib/python3.5/site-packages/matplotlib/sphinxext/tests/tinypages/_static'...
Listing './lib/python3.5/site-packages/matplotlib/style'...
Listing './lib/python3.5/site-packages/matplotlib/testing'...
Listing './lib/python3.5/site-packages/matplotlib/testing/_nose'...
Listing './lib/python3.5/site-packages/matplotlib/testing/_nose/plugins'...
Listing './lib/python3.5/site-packages/matplotlib/testing/jpl_units'...
Listing './lib/python3.5/site-packages/matplotlib/tests'...
Listing './lib/python3.5/site-packages/matplotlib/tri'...
Listing './lib/python3.5/site-packages/matplotlib-2.1.1.dist-info'...
Listing './lib/python3.5/site-packages/mpl_toolkits'...
Listing './lib/python3.5/site-packages/mpl_toolkits/axes_grid'...
Listing './lib/python3.5/site-packages/mpl_toolkits/axes_grid1'...
Listing './lib/python3.5/site-packages/mpl_toolkits/axisartist'...
Listing './lib/python3.5/site-packages/mpl_toolkits/mplot3d'...
Listing './lib/python3.5/site-packages/mpl_toolkits/tests'...
Listing './lib/python3.5/site-packages/mpl_toolkits/tests/baseline_images'...
Listing './lib/python3.5/site-packages/mpl_toolkits/tests/baseline_images/test_axes_grid'...
Listing './lib/python3.5/site-packages/mpl_toolkits/tests/baseline_images/test_axes_grid1'...
Listing './lib/python3.5/site-packages/mpl_toolkits/tests/baseline_images/test_mplot3d'...
Listing './lib/python3.5/site-packages/numpy'...
Listing './lib/python3.5/site-packages/numpy/.libs'...
Listing './lib/python3.5/site-packages/numpy/compat'...
Listing './lib/python3.5/site-packages/numpy/core'...
Listing './lib/python3.5/site-packages/numpy/core/include'...
Listing './lib/python3.5/site-packages/numpy/core/include/numpy'...
Listing './lib/python3.5/site-packages/numpy/core/lib'...
Listing './lib/python3.5/site-packages/numpy/core/lib/npy-pkg-config'...
Listing './lib/python3.5/site-packages/numpy/core/tests'...
Listing './lib/python3.5/site-packages/numpy/core/tests/data'...
Listing './lib/python3.5/site-packages/numpy/distutils'...
Listing './lib/python3.5/site-packages/numpy/distutils/command'...
Listing './lib/python3.5/site-packages/numpy/distutils/fcompiler'...
Listing './lib/python3.5/site-packages/numpy/distutils/mingw'...
Listing './lib/python3.5/site-packages/numpy/distutils/tests'...
Listing './lib/python3.5/site-packages/numpy/doc'...
Listing './lib/python3.5/site-packages/numpy/f2py'...
Listing './lib/python3.5/site-packages/numpy/f2py/src'...
Listing './lib/python3.5/site-packages/numpy/f2py/tests'...
Listing './lib/python3.5/site-packages/numpy/f2py/tests/src'...
Listing './lib/python3.5/site-packages/numpy/f2py/tests/src/array_from_pyobj'...
Listing './lib/python3.5/site-packages/numpy/f2py/tests/src/assumed_shape'...
Listing './lib/python3.5/site-packages/numpy/f2py/tests/src/common'...
Listing './lib/python3.5/site-packages/numpy/f2py/tests/src/kind'...
Listing './lib/python3.5/site-packages/numpy/f2py/tests/src/mixed'...
Listing './lib/python3.5/site-packages/numpy/f2py/tests/src/parameter'...
Listing './lib/python3.5/site-packages/numpy/f2py/tests/src/regression'...
Listing './lib/python3.5/site-packages/numpy/f2py/tests/src/size'...
Listing './lib/python3.5/site-packages/numpy/f2py/tests/src/string'...
Listing './lib/python3.5/site-packages/numpy/fft'...
Listing './lib/python3.5/site-packages/numpy/fft/tests'...
Listing './lib/python3.5/site-packages/numpy/lib'...
Listing './lib/python3.5/site-packages/numpy/lib/tests'...
Listing './lib/python3.5/site-packages/numpy/lib/tests/data'...
Listing './lib/python3.5/site-packages/numpy/linalg'...
Listing './lib/python3.5/site-packages/numpy/linalg/tests'...
Listing './lib/python3.5/site-packages/numpy/ma'...
Listing './lib/python3.5/site-packages/numpy/ma/tests'...
Listing './lib/python3.5/site-packages/numpy/matrixlib'...
Listing './lib/python3.5/site-packages/numpy/matrixlib/tests'...
Listing './lib/python3.5/site-packages/numpy/polynomial'...
Listing './lib/python3.5/site-packages/numpy/polynomial/tests'...
Listing './lib/python3.5/site-packages/numpy/random'...
Listing './lib/python3.5/site-packages/numpy/random/tests'...
Listing './lib/python3.5/site-packages/numpy/testing'...
Listing './lib/python3.5/site-packages/numpy/testing/nose_tools'...
Listing './lib/python3.5/site-packages/numpy/testing/tests'...
Listing './lib/python3.5/site-packages/numpy/tests'...
Listing './lib/python3.5/site-packages/numpy-1.14.0.dist-info'...
Listing './lib/python3.5/site-packages/pandas'...
Listing './lib/python3.5/site-packages/pandas/_libs'...
Listing './lib/python3.5/site-packages/pandas/_libs/tslibs'...
Listing './lib/python3.5/site-packages/pandas/api'...
Listing './lib/python3.5/site-packages/pandas/api/types'...
Listing './lib/python3.5/site-packages/pandas/compat'...
Listing './lib/python3.5/site-packages/pandas/compat/numpy'...
Listing './lib/python3.5/site-packages/pandas/computation'...
Listing './lib/python3.5/site-packages/pandas/core'...
Listing './lib/python3.5/site-packages/pandas/core/computation'...
Listing './lib/python3.5/site-packages/pandas/core/dtypes'...
Listing './lib/python3.5/site-packages/pandas/core/indexes'...
Listing './lib/python3.5/site-packages/pandas/core/reshape'...
Listing './lib/python3.5/site-packages/pandas/core/sparse'...
Listing './lib/python3.5/site-packages/pandas/core/tools'...
Listing './lib/python3.5/site-packages/pandas/core/util'...
Listing './lib/python3.5/site-packages/pandas/errors'...
Listing './lib/python3.5/site-packages/pandas/formats'...
Listing './lib/python3.5/site-packages/pandas/io'...
Listing './lib/python3.5/site-packages/pandas/io/clipboard'...
Listing './lib/python3.5/site-packages/pandas/io/formats'...
Listing './lib/python3.5/site-packages/pandas/io/formats/templates'...
Listing './lib/python3.5/site-packages/pandas/io/json'...
Listing './lib/python3.5/site-packages/pandas/io/msgpack'...
Listing './lib/python3.5/site-packages/pandas/io/sas'...
Listing './lib/python3.5/site-packages/pandas/plotting'...
Listing './lib/python3.5/site-packages/pandas/stats'...
Listing './lib/python3.5/site-packages/pandas/tests'...
Listing './lib/python3.5/site-packages/pandas/tests/api'...
Listing './lib/python3.5/site-packages/pandas/tests/computation'...
Listing './lib/python3.5/site-packages/pandas/tests/data'...
Listing './lib/python3.5/site-packages/pandas/tests/dtypes'...
Listing './lib/python3.5/site-packages/pandas/tests/frame'...
Listing './lib/python3.5/site-packages/pandas/tests/groupby'...
Listing './lib/python3.5/site-packages/pandas/tests/indexes'...
Listing './lib/python3.5/site-packages/pandas/tests/indexes/data'...
Listing './lib/python3.5/site-packages/pandas/tests/indexes/datetimes'...
Listing './lib/python3.5/site-packages/pandas/tests/indexes/period'...
Listing './lib/python3.5/site-packages/pandas/tests/indexes/timedeltas'...
Listing './lib/python3.5/site-packages/pandas/tests/indexing'...
Listing './lib/python3.5/site-packages/pandas/tests/internals'...
Listing './lib/python3.5/site-packages/pandas/tests/io'...
Listing './lib/python3.5/site-packages/pandas/tests/io/data'...
Listing './lib/python3.5/site-packages/pandas/tests/io/data/html_encoding'...
Listing './lib/python3.5/site-packages/pandas/tests/io/data/legacy_hdf'...
Listing './lib/python3.5/site-packages/pandas/tests/io/data/legacy_msgpack'...
Listing './lib/python3.5/site-packages/pandas/tests/io/data/legacy_msgpack/0.16.0'...
Listing './lib/python3.5/site-packages/pandas/tests/io/data/legacy_msgpack/0.16.2'...
Listing './lib/python3.5/site-packages/pandas/tests/io/data/legacy_msgpack/0.17.0'...
Listing './lib/python3.5/site-packages/pandas/tests/io/data/legacy_msgpack/0.17.1'...
Listing './lib/python3.5/site-packages/pandas/tests/io/data/legacy_msgpack/0.18.0'...
Listing './lib/python3.5/site-packages/pandas/tests/io/data/legacy_msgpack/0.18.1'...
Listing './lib/python3.5/site-packages/pandas/tests/io/data/legacy_msgpack/0.19.2'...
Listing './lib/python3.5/site-packages/pandas/tests/io/data/legacy_pickle'...
Listing './lib/python3.5/site-packages/pandas/tests/io/data/legacy_pickle/0.10.1'...
Listing './lib/python3.5/site-packages/pandas/tests/io/data/legacy_pickle/0.11.0'...
Listing './lib/python3.5/site-packages/pandas/tests/io/data/legacy_pickle/0.12.0'...
Listing './lib/python3.5/site-packages/pandas/tests/io/data/legacy_pickle/0.13.0'...
Listing './lib/python3.5/site-packages/pandas/tests/io/data/legacy_pickle/0.14.0'...
Listing './lib/python3.5/site-packages/pandas/tests/io/data/legacy_pickle/0.14.1'...
Listing './lib/python3.5/site-packages/pandas/tests/io/data/legacy_pickle/0.15.0'...
Listing './lib/python3.5/site-packages/pandas/tests/io/data/legacy_pickle/0.15.2'...
Listing './lib/python3.5/site-packages/pandas/tests/io/data/legacy_pickle/0.16.0'...
Listing './lib/python3.5/site-packages/pandas/tests/io/data/legacy_pickle/0.16.2'...
Listing './lib/python3.5/site-packages/pandas/tests/io/data/legacy_pickle/0.17.0'...
Listing './lib/python3.5/site-packages/pandas/tests/io/data/legacy_pickle/0.17.1'...
Listing './lib/python3.5/site-packages/pandas/tests/io/data/legacy_pickle/0.18.0'...
Listing './lib/python3.5/site-packages/pandas/tests/io/data/legacy_pickle/0.18.1'...
Listing './lib/python3.5/site-packages/pandas/tests/io/data/legacy_pickle/0.19.2'...
Listing './lib/python3.5/site-packages/pandas/tests/io/data/legacy_pickle/0.20.3'...
Listing './lib/python3.5/site-packages/pandas/tests/io/formats'...
Listing './lib/python3.5/site-packages/pandas/tests/io/formats/data'...
Listing './lib/python3.5/site-packages/pandas/tests/io/json'...
Listing './lib/python3.5/site-packages/pandas/tests/io/json/data'...
Listing './lib/python3.5/site-packages/pandas/tests/io/msgpack'...
Listing './lib/python3.5/site-packages/pandas/tests/io/msgpack/data'...
Listing './lib/python3.5/site-packages/pandas/tests/io/parser'...
Listing './lib/python3.5/site-packages/pandas/tests/io/parser/data'...
Listing './lib/python3.5/site-packages/pandas/tests/io/sas'...
Listing './lib/python3.5/site-packages/pandas/tests/io/sas/data'...
Listing './lib/python3.5/site-packages/pandas/tests/plotting'...
Listing './lib/python3.5/site-packages/pandas/tests/reshape'...
Listing './lib/python3.5/site-packages/pandas/tests/reshape/data'...
Listing './lib/python3.5/site-packages/pandas/tests/scalar'...
Listing './lib/python3.5/site-packages/pandas/tests/series'...
Listing './lib/python3.5/site-packages/pandas/tests/sparse'...
Listing './lib/python3.5/site-packages/pandas/tests/tools'...
Listing './lib/python3.5/site-packages/pandas/tests/tseries'...
Listing './lib/python3.5/site-packages/pandas/tests/tseries/data'...
Listing './lib/python3.5/site-packages/pandas/tests/util'...
Listing './lib/python3.5/site-packages/pandas/tools'...
Listing './lib/python3.5/site-packages/pandas/tseries'...
Listing './lib/python3.5/site-packages/pandas/types'...
Listing './lib/python3.5/site-packages/pandas/util'...
Listing './lib/python3.5/site-packages/pandas-0.22.0.dist-info'...
Listing './lib/python3.5/site-packages/pip'...
Listing './lib/python3.5/site-packages/pip/_vendor'...
Listing './lib/python3.5/site-packages/pip/commands'...
Listing './lib/python3.5/site-packages/pip/compat'...
Listing './lib/python3.5/site-packages/pip/models'...
Listing './lib/python3.5/site-packages/pip/operations'...
Listing './lib/python3.5/site-packages/pip/req'...
Listing './lib/python3.5/site-packages/pip/utils'...
Listing './lib/python3.5/site-packages/pip/vcs'...
Listing './lib/python3.5/site-packages/pip-9.0.1.dist-info'...
Listing './lib/python3.5/site-packages/pkg_resources'...
Listing './lib/python3.5/site-packages/pkg_resources/_vendor'...
Listing './lib/python3.5/site-packages/pkg_resources/_vendor/packaging'...
Listing './lib/python3.5/site-packages/pkg_resources/extern'...
Listing './lib/python3.5/site-packages/pkg_resources-0.0.0.dist-info'...
Listing './lib/python3.5/site-packages/pyparsing-2.2.0.dist-info'...
Listing './lib/python3.5/site-packages/python_dateutil-2.6.1.dist-info'...
Listing './lib/python3.5/site-packages/pytz'...
Listing './lib/python3.5/site-packages/pytz/zoneinfo'...
Listing './lib/python3.5/site-packages/pytz/zoneinfo/Africa'...
Listing './lib/python3.5/site-packages/pytz/zoneinfo/America'...
Listing './lib/python3.5/site-packages/pytz/zoneinfo/America/Argentina'...
Listing './lib/python3.5/site-packages/pytz/zoneinfo/America/Indiana'...
Listing './lib/python3.5/site-packages/pytz/zoneinfo/America/Kentucky'...
Listing './lib/python3.5/site-packages/pytz/zoneinfo/America/North_Dakota'...
Listing './lib/python3.5/site-packages/pytz/zoneinfo/Antarctica'...
Listing './lib/python3.5/site-packages/pytz/zoneinfo/Arctic'...
Listing './lib/python3.5/site-packages/pytz/zoneinfo/Asia'...
Listing './lib/python3.5/site-packages/pytz/zoneinfo/Atlantic'...
Listing './lib/python3.5/site-packages/pytz/zoneinfo/Australia'...
Listing './lib/python3.5/site-packages/pytz/zoneinfo/Brazil'...
Listing './lib/python3.5/site-packages/pytz/zoneinfo/Canada'...
Listing './lib/python3.5/site-packages/pytz/zoneinfo/Chile'...
Listing './lib/python3.5/site-packages/pytz/zoneinfo/Etc'...
Listing './lib/python3.5/site-packages/pytz/zoneinfo/Europe'...
Listing './lib/python3.5/site-packages/pytz/zoneinfo/Indian'...
Listing './lib/python3.5/site-packages/pytz/zoneinfo/Mexico'...
Listing './lib/python3.5/site-packages/pytz/zoneinfo/Pacific'...
Listing './lib/python3.5/site-packages/pytz/zoneinfo/US'...
Listing './lib/python3.5/site-packages/pytz-2017.3.dist-info'...
Listing './lib/python3.5/site-packages/requests'...
Listing './lib/python3.5/site-packages/requests-2.18.4.dist-info'...
Listing './lib/python3.5/site-packages/setuptools'...
Listing './lib/python3.5/site-packages/setuptools/command'...
Listing './lib/python3.5/site-packages/setuptools/extern'...
Listing './lib/python3.5/site-packages/setuptools-32.3.1.dist-info'...
Listing './lib/python3.5/site-packages/six-1.11.0.dist-info'...
Listing './lib/python3.5/site-packages/termcolor-1.1.0.egg-info'...
Listing './lib/python3.5/site-packages/urllib3'...
Listing './lib/python3.5/site-packages/urllib3/contrib'...
Listing './lib/python3.5/site-packages/urllib3/contrib/_securetransport'...
Listing './lib/python3.5/site-packages/urllib3/packages'...
Listing './lib/python3.5/site-packages/urllib3/packages/backports'...
Listing './lib/python3.5/site-packages/urllib3/packages/ssl_match_hostname'...
Listing './lib/python3.5/site-packages/urllib3/util'...
Listing './lib/python3.5/site-packages/urllib3-1.22.dist-info'...
Listing './share'...
Listing './share/python-wheels'...
