Listing '.'...
Listing './bin'...
Compiling './bin/runxlrd.py'...
Listing './include'...
Listing './lib'...
Listing './lib/python3.5'...
Listing './lib/python3.5/site-packages'...
Listing './lib/python3.5/site-packages/dateutil'...
Listing './lib/python3.5/site-packages/dateutil/tz'...
Listing './lib/python3.5/site-packages/dateutil/zoneinfo'...
Listing './lib/python3.5/site-packages/et_xmlfile'...
Listing './lib/python3.5/site-packages/et_xmlfile/tests'...
Listing './lib/python3.5/site-packages/et_xmlfile-1.0.1.egg-info'...
Listing './lib/python3.5/site-packages/exportable'...
Listing './lib/python3.5/site-packages/exportable/exporters'...
Listing './lib/python3.5/site-packages/exportable/exporters/tests'...
Listing './lib/python3.5/site-packages/exportable-0.1.7.egg-info'...
Listing './lib/python3.5/site-packages/ezodf'...
Listing './lib/python3.5/site-packages/jdcal-1.3.egg-info'...
Listing './lib/python3.5/site-packages/lml'...
Listing './lib/python3.5/site-packages/lml-0.0.1.dist-info'...
Listing './lib/python3.5/site-packages/lxml'...
Listing './lib/python3.5/site-packages/lxml/html'...
Listing './lib/python3.5/site-packages/lxml/includes'...
Listing './lib/python3.5/site-packages/lxml/includes/libexslt'...
Listing './lib/python3.5/site-packages/lxml/includes/libxml'...
Listing './lib/python3.5/site-packages/lxml/includes/libxslt'...
Listing './lib/python3.5/site-packages/lxml/isoschematron'...
Listing './lib/python3.5/site-packages/lxml/isoschematron/resources'...
Listing './lib/python3.5/site-packages/lxml/isoschematron/resources/rng'...
Listing './lib/python3.5/site-packages/lxml/isoschematron/resources/xsl'...
Listing './lib/python3.5/site-packages/lxml/isoschematron/resources/xsl/iso-schematron-xslt1'...
Listing './lib/python3.5/site-packages/lxml-4.1.1.dist-info'...
Listing './lib/python3.5/site-packages/openpyxl'...
Listing './lib/python3.5/site-packages/openpyxl/cell'...
Listing './lib/python3.5/site-packages/openpyxl/chart'...
Listing './lib/python3.5/site-packages/openpyxl/chartsheet'...
Listing './lib/python3.5/site-packages/openpyxl/comments'...
Listing './lib/python3.5/site-packages/openpyxl/compat'...
Listing './lib/python3.5/site-packages/openpyxl/descriptors'...
Listing './lib/python3.5/site-packages/openpyxl/drawing'...
Listing './lib/python3.5/site-packages/openpyxl/formatting'...
Listing './lib/python3.5/site-packages/openpyxl/formula'...
Listing './lib/python3.5/site-packages/openpyxl/packaging'...
Listing './lib/python3.5/site-packages/openpyxl/reader'...
Listing './lib/python3.5/site-packages/openpyxl/styles'...
Listing './lib/python3.5/site-packages/openpyxl/utils'...
Listing './lib/python3.5/site-packages/openpyxl/workbook'...
Listing './lib/python3.5/site-packages/openpyxl/workbook/external_link'...
Listing './lib/python3.5/site-packages/openpyxl/worksheet'...
Listing './lib/python3.5/site-packages/openpyxl/writer'...
Listing './lib/python3.5/site-packages/openpyxl/xml'...
Listing './lib/python3.5/site-packages/openpyxl-2.4.9.egg-info'...
Listing './lib/python3.5/site-packages/pip'...
Listing './lib/python3.5/site-packages/pip/_vendor'...
Listing './lib/python3.5/site-packages/pip/commands'...
Listing './lib/python3.5/site-packages/pip/compat'...
Listing './lib/python3.5/site-packages/pip/models'...
Listing './lib/python3.5/site-packages/pip/operations'...
Listing './lib/python3.5/site-packages/pip/req'...
Listing './lib/python3.5/site-packages/pip/utils'...
Listing './lib/python3.5/site-packages/pip/vcs'...
Listing './lib/python3.5/site-packages/pip-9.0.1.dist-info'...
Listing './lib/python3.5/site-packages/pkg_resources'...
Listing './lib/python3.5/site-packages/pkg_resources/_vendor'...
Listing './lib/python3.5/site-packages/pkg_resources/_vendor/packaging'...
Listing './lib/python3.5/site-packages/pkg_resources/extern'...
Listing './lib/python3.5/site-packages/pkg_resources-0.0.0.dist-info'...
Listing './lib/python3.5/site-packages/pyexcel'...
Listing './lib/python3.5/site-packages/pyexcel/docstrings'...
Listing './lib/python3.5/site-packages/pyexcel/ext'...
Listing './lib/python3.5/site-packages/pyexcel/internal'...
Listing './lib/python3.5/site-packages/pyexcel/internal/docstrings'...
Listing './lib/python3.5/site-packages/pyexcel/internal/sheets'...
Listing './lib/python3.5/site-packages/pyexcel/plugins'...
Listing './lib/python3.5/site-packages/pyexcel/plugins/parsers'...
Listing './lib/python3.5/site-packages/pyexcel/plugins/renderers'...
Listing './lib/python3.5/site-packages/pyexcel/plugins/sources'...
Listing './lib/python3.5/site-packages/pyexcel/plugins/sources/pydata'...
Listing './lib/python3.5/site-packages/pyexcel/renderers'...
Listing './lib/python3.5/site-packages/pyexcel/sheets'...
Listing './lib/python3.5/site-packages/pyexcel/sources'...
Listing './lib/python3.5/site-packages/pyexcel-0.5.7.dist-info'...
Listing './lib/python3.5/site-packages/pyexcel_ezodf-0.3.4.dist-info'...
Listing './lib/python3.5/site-packages/pyexcel_io'...
Listing './lib/python3.5/site-packages/pyexcel_io/database'...
Listing './lib/python3.5/site-packages/pyexcel_io/database/exporters'...
Listing './lib/python3.5/site-packages/pyexcel_io/database/importers'...
Listing './lib/python3.5/site-packages/pyexcel_io/readers'...
Listing './lib/python3.5/site-packages/pyexcel_io/writers'...
Listing './lib/python3.5/site-packages/pyexcel_io-0.5.6.dist-info'...
Listing './lib/python3.5/site-packages/pyexcel_ods3'...
Listing './lib/python3.5/site-packages/pyexcel_ods3-0.5.2.dist-info'...
Listing './lib/python3.5/site-packages/pyexcel_xls'...
Listing './lib/python3.5/site-packages/pyexcel_xls-0.5.5.dist-info'...
Listing './lib/python3.5/site-packages/pyexcel_xlsx'...
Listing './lib/python3.5/site-packages/pyexcel_xlsx-0.5.5.dist-info'...
Listing './lib/python3.5/site-packages/python_dateutil-2.6.1.dist-info'...
Listing './lib/python3.5/site-packages/setuptools'...
Listing './lib/python3.5/site-packages/setuptools/command'...
Listing './lib/python3.5/site-packages/setuptools/extern'...
Listing './lib/python3.5/site-packages/setuptools-32.3.1.dist-info'...
Listing './lib/python3.5/site-packages/six-1.11.0.dist-info'...
Listing './lib/python3.5/site-packages/texttable-1.2.1.egg-info'...
Listing './lib/python3.5/site-packages/typing-3.6.2.dist-info'...
Listing './lib/python3.5/site-packages/xlrd'...
Listing './lib/python3.5/site-packages/xlrd/examples'...
Listing './lib/python3.5/site-packages/xlrd-1.1.0.dist-info'...
Listing './lib/python3.5/site-packages/xlwt'...
Listing './lib/python3.5/site-packages/xlwt-1.3.0.dist-info'...
Listing './share'...
Listing './share/python-wheels'...
