Listing '.'...
Listing './bin'...
Listing './include'...
Listing './lib'...
Listing './lib/python3.5'...
Listing './lib/python3.5/site-packages'...
Listing './lib/python3.5/site-packages/expython'...
Listing './lib/python3.5/site-packages/expython/arithmetic'...
Listing './lib/python3.5/site-packages/expython/bash'...
Listing './lib/python3.5/site-packages/expython/chem'...
Listing './lib/python3.5/site-packages/expython/compat'...
Listing './lib/python3.5/site-packages/expython/compat/py2backport'...
Listing './lib/python3.5/site-packages/expython/database'...
Listing './lib/python3.5/site-packages/expython/django'...
Listing './lib/python3.5/site-packages/expython/image'...
Listing './lib/python3.5/site-packages/expython/pattern'...
Listing './lib/python3.5/site-packages/expython/utils'...
Listing './lib/python3.5/site-packages/expython/web'...
Listing './lib/python3.5/site-packages/expython/webapi'...
Listing './lib/python3.5/site-packages/expython-0.2.17.egg-info'...
Listing './lib/python3.5/site-packages/pip'...
Listing './lib/python3.5/site-packages/pip/_vendor'...
Listing './lib/python3.5/site-packages/pip/commands'...
Listing './lib/python3.5/site-packages/pip/compat'...
Listing './lib/python3.5/site-packages/pip/models'...
Listing './lib/python3.5/site-packages/pip/operations'...
Listing './lib/python3.5/site-packages/pip/req'...
Listing './lib/python3.5/site-packages/pip/utils'...
Listing './lib/python3.5/site-packages/pip/vcs'...
Listing './lib/python3.5/site-packages/pip-9.0.1.dist-info'...
Listing './lib/python3.5/site-packages/pkg_resources'...
Listing './lib/python3.5/site-packages/pkg_resources/_vendor'...
Listing './lib/python3.5/site-packages/pkg_resources/_vendor/packaging'...
Listing './lib/python3.5/site-packages/pkg_resources/extern'...
Listing './lib/python3.5/site-packages/pkg_resources-0.0.0.dist-info'...
Listing './lib/python3.5/site-packages/setuptools'...
Listing './lib/python3.5/site-packages/setuptools/command'...
Listing './lib/python3.5/site-packages/setuptools/extern'...
Listing './lib/python3.5/site-packages/setuptools-32.3.1.dist-info'...
Listing './share'...
Listing './share/python-wheels'...
