Listing '.'...
Listing './bin'...
Listing './include'...
Listing './lib'...
Listing './lib/python3.5'...
Listing './lib/python3.5/site-packages'...
Listing './lib/python3.5/site-packages/feedme'...
Listing './lib/python3.5/site-packages/feedme/api'...
Listing './lib/python3.5/site-packages/feedme/migrations'...
Listing './lib/python3.5/site-packages/feedme/react'...
Listing './lib/python3.5/site-packages/feedme/static'...
Listing './lib/python3.5/site-packages/feedme/static/img'...
Listing './lib/python3.5/site-packages/feedme/static/js'...
Listing './lib/python3.5/site-packages/feedme/static/js/feedme'...
Listing './lib/python3.5/site-packages/feedme/templates'...
Listing './lib/python3.5/site-packages/feedme/templates/feedme'...
Listing './lib/python3.5/site-packages/feedme/templates/feedme/react'...
Listing './lib/python3.5/site-packages/feedme/templatetags'...
Listing './lib/python3.5/site-packages/feedme-1.9.5.egg-info'...
Listing './lib/python3.5/site-packages/pip'...
Listing './lib/python3.5/site-packages/pip/_vendor'...
Listing './lib/python3.5/site-packages/pip/commands'...
Listing './lib/python3.5/site-packages/pip/compat'...
Listing './lib/python3.5/site-packages/pip/models'...
Listing './lib/python3.5/site-packages/pip/operations'...
Listing './lib/python3.5/site-packages/pip/req'...
Listing './lib/python3.5/site-packages/pip/utils'...
Listing './lib/python3.5/site-packages/pip/vcs'...
Listing './lib/python3.5/site-packages/pip-9.0.1.dist-info'...
Listing './lib/python3.5/site-packages/pkg_resources'...
Listing './lib/python3.5/site-packages/pkg_resources/_vendor'...
Listing './lib/python3.5/site-packages/pkg_resources/_vendor/packaging'...
Listing './lib/python3.5/site-packages/pkg_resources/extern'...
Listing './lib/python3.5/site-packages/pkg_resources-0.0.0.dist-info'...
Listing './lib/python3.5/site-packages/setuptools'...
Listing './lib/python3.5/site-packages/setuptools/command'...
Listing './lib/python3.5/site-packages/setuptools/extern'...
Listing './lib/python3.5/site-packages/setuptools-32.3.1.dist-info'...
Listing './share'...
Listing './share/python-wheels'...
