Listing '.'...
Listing './bin'...
Listing './include'...
Listing './lib'...
Listing './lib/python3.5'...
Listing './lib/python3.5/site-packages'...
Listing './lib/python3.5/site-packages/dateutil'...
Listing './lib/python3.5/site-packages/dateutil/tz'...
Listing './lib/python3.5/site-packages/dateutil/zoneinfo'...
Listing './lib/python3.5/site-packages/dirlistproc'...
Listing './lib/python3.5/site-packages/dirlistproc-1.4.5.egg-info'...
Listing './lib/python3.5/site-packages/fhirtordf'...
Listing './lib/python3.5/site-packages/fhirtordf/fhir'...
Listing './lib/python3.5/site-packages/fhirtordf/loaders'...
Listing './lib/python3.5/site-packages/fhirtordf/rdfsupport'...
Listing './lib/python3.5/site-packages/fhirtordf-1.0.0.egg-info'...
Listing './lib/python3.5/site-packages/isodate'...
Listing './lib/python3.5/site-packages/isodate/tests'...
Listing './lib/python3.5/site-packages/isodate-0.6.0.dist-info'...
Listing './lib/python3.5/site-packages/jsonasobj'...
Listing './lib/python3.5/site-packages/jsonasobj-1.1.3.egg-info'...
Listing './lib/python3.5/site-packages/pip'...
Listing './lib/python3.5/site-packages/pip/_vendor'...
Listing './lib/python3.5/site-packages/pip/commands'...
Listing './lib/python3.5/site-packages/pip/compat'...
Listing './lib/python3.5/site-packages/pip/models'...
Listing './lib/python3.5/site-packages/pip/operations'...
Listing './lib/python3.5/site-packages/pip/req'...
Listing './lib/python3.5/site-packages/pip/utils'...
Listing './lib/python3.5/site-packages/pip/vcs'...
Listing './lib/python3.5/site-packages/pip-9.0.1.dist-info'...
Listing './lib/python3.5/site-packages/pkg_resources'...
Listing './lib/python3.5/site-packages/pkg_resources/_vendor'...
Listing './lib/python3.5/site-packages/pkg_resources/_vendor/packaging'...
Listing './lib/python3.5/site-packages/pkg_resources/extern'...
Listing './lib/python3.5/site-packages/pkg_resources-0.0.0.dist-info'...
Listing './lib/python3.5/site-packages/pyparsing-2.2.0.dist-info'...
Listing './lib/python3.5/site-packages/python_dateutil-2.6.1.dist-info'...
Listing './lib/python3.5/site-packages/rdflib'...
Listing './lib/python3.5/site-packages/rdflib/extras'...
Listing './lib/python3.5/site-packages/rdflib/plugins'...
Listing './lib/python3.5/site-packages/rdflib/plugins/parsers'...
Listing './lib/python3.5/site-packages/rdflib/plugins/parsers/pyMicrodata'...
Listing './lib/python3.5/site-packages/rdflib/plugins/parsers/pyRdfa'...
Listing './lib/python3.5/site-packages/rdflib/plugins/parsers/pyRdfa/extras'...
Listing './lib/python3.5/site-packages/rdflib/plugins/parsers/pyRdfa/host'...
Listing './lib/python3.5/site-packages/rdflib/plugins/parsers/pyRdfa/rdfs'...
Listing './lib/python3.5/site-packages/rdflib/plugins/parsers/pyRdfa/transform'...
Listing './lib/python3.5/site-packages/rdflib/plugins/serializers'...
Listing './lib/python3.5/site-packages/rdflib/plugins/sparql'...
Listing './lib/python3.5/site-packages/rdflib/plugins/sparql/results'...
Listing './lib/python3.5/site-packages/rdflib/plugins/stores'...
Listing './lib/python3.5/site-packages/rdflib/tools'...
Listing './lib/python3.5/site-packages/rdflib-4.2.2.dist-info'...
Listing './lib/python3.5/site-packages/rdflib_jsonld'...
Listing './lib/python3.5/site-packages/rdflib_jsonld-0.4.0.egg-info'...
Listing './lib/python3.5/site-packages/setuptools'...
Listing './lib/python3.5/site-packages/setuptools/command'...
Listing './lib/python3.5/site-packages/setuptools/extern'...
Listing './lib/python3.5/site-packages/setuptools-32.3.1.dist-info'...
Listing './lib/python3.5/site-packages/six-1.11.0.dist-info'...
Listing './lib/python3.5/site-packages/tests'...
Listing './share'...
Listing './share/python-wheels'...
