Listing '.'...
Listing './bin'...
Listing './include'...
Listing './lib'...
Listing './lib/python3.5'...
Listing './lib/python3.5/site-packages'...
Listing './lib/python3.5/site-packages/citation-api-import'...
Listing './lib/python3.5/site-packages/citation-api-import/locale'...
Listing './lib/python3.5/site-packages/citation-api-import/locale/de'...
Listing './lib/python3.5/site-packages/citation-api-import/locale/de/LC_MESSAGES'...
Listing './lib/python3.5/site-packages/citation-api-import/static'...
Listing './lib/python3.5/site-packages/citation-api-import/static/js'...
Listing './lib/python3.5/site-packages/citation-api-import/static/js/es6_modules'...
Listing './lib/python3.5/site-packages/citation-api-import/static/js/es6_modules/citation-api-import'...
Listing './lib/python3.5/site-packages/citation-api-import/static/js/es6_modules/plugins'...
Listing './lib/python3.5/site-packages/citation-api-import/static/js/es6_modules/plugins/bibliography-overview'...
Listing './lib/python3.5/site-packages/citation-api-import/static/js/es6_modules/plugins/citation-dialog'...
Listing './lib/python3.5/site-packages/fiduswriter_citation_api_import-3.3.3.egg-info'...
Listing './lib/python3.5/site-packages/pip'...
Listing './lib/python3.5/site-packages/pip/_vendor'...
Listing './lib/python3.5/site-packages/pip/commands'...
Listing './lib/python3.5/site-packages/pip/compat'...
Listing './lib/python3.5/site-packages/pip/models'...
Listing './lib/python3.5/site-packages/pip/operations'...
Listing './lib/python3.5/site-packages/pip/req'...
Listing './lib/python3.5/site-packages/pip/utils'...
Listing './lib/python3.5/site-packages/pip/vcs'...
Listing './lib/python3.5/site-packages/pip-9.0.1.dist-info'...
Listing './lib/python3.5/site-packages/pkg_resources'...
Listing './lib/python3.5/site-packages/pkg_resources/_vendor'...
Listing './lib/python3.5/site-packages/pkg_resources/_vendor/packaging'...
Listing './lib/python3.5/site-packages/pkg_resources/extern'...
Listing './lib/python3.5/site-packages/pkg_resources-0.0.0.dist-info'...
Listing './lib/python3.5/site-packages/setuptools'...
Listing './lib/python3.5/site-packages/setuptools/command'...
Listing './lib/python3.5/site-packages/setuptools/extern'...
Listing './lib/python3.5/site-packages/setuptools-32.3.1.dist-info'...
Listing './share'...
Listing './share/python-wheels'...
