Listing '.'...
Listing './bin'...
Listing './include'...
Listing './lib'...
Listing './lib/python3.5'...
Listing './lib/python3.5/site-packages'...
Listing './lib/python3.5/site-packages/PyQt5'...
Listing './lib/python3.5/site-packages/PyQt5/Qt'...
Listing './lib/python3.5/site-packages/PyQt5/Qt/lib'...
Listing './lib/python3.5/site-packages/PyQt5/Qt/libexec'...
Listing './lib/python3.5/site-packages/PyQt5/Qt/plugins'...
Listing './lib/python3.5/site-packages/PyQt5/Qt/plugins/audio'...
Listing './lib/python3.5/site-packages/PyQt5/Qt/plugins/bearer'...
Listing './lib/python3.5/site-packages/PyQt5/Qt/plugins/egldeviceintegrations'...
Listing './lib/python3.5/site-packages/PyQt5/Qt/plugins/gamepads'...
Listing './lib/python3.5/site-packages/PyQt5/Qt/plugins/generic'...
Listing './lib/python3.5/site-packages/PyQt5/Qt/plugins/geometryloaders'...
Listing './lib/python3.5/site-packages/PyQt5/Qt/plugins/geoservices'...
Listing './lib/python3.5/site-packages/PyQt5/Qt/plugins/iconengines'...
Listing './lib/python3.5/site-packages/PyQt5/Qt/plugins/imageformats'...
Listing './lib/python3.5/site-packages/PyQt5/Qt/plugins/mediaservice'...
Listing './lib/python3.5/site-packages/PyQt5/Qt/plugins/platforminputcontexts'...
Listing './lib/python3.5/site-packages/PyQt5/Qt/plugins/platforms'...
Listing './lib/python3.5/site-packages/PyQt5/Qt/plugins/platformthemes'...
Listing './lib/python3.5/site-packages/PyQt5/Qt/plugins/playlistformats'...
Listing './lib/python3.5/site-packages/PyQt5/Qt/plugins/position'...
Listing './lib/python3.5/site-packages/PyQt5/Qt/plugins/printsupport'...
Listing './lib/python3.5/site-packages/PyQt5/Qt/plugins/renderplugins'...
Listing './lib/python3.5/site-packages/PyQt5/Qt/plugins/sceneparsers'...
Listing './lib/python3.5/site-packages/PyQt5/Qt/plugins/sensorgestures'...
Listing './lib/python3.5/site-packages/PyQt5/Qt/plugins/sensors'...
Listing './lib/python3.5/site-packages/PyQt5/Qt/plugins/sqldrivers'...
Listing './lib/python3.5/site-packages/PyQt5/Qt/plugins/xcbglintegrations'...
Listing './lib/python3.5/site-packages/PyQt5/Qt/qml'...
Listing './lib/python3.5/site-packages/PyQt5/Qt/qml/Qt'...
Listing './lib/python3.5/site-packages/PyQt5/Qt/qml/Qt/WebSockets'...
Listing './lib/python3.5/site-packages/PyQt5/Qt/qml/Qt/labs'...
Listing './lib/python3.5/site-packages/PyQt5/Qt/qml/Qt/labs/calendar'...
Listing './lib/python3.5/site-packages/PyQt5/Qt/qml/Qt/labs/folderlistmodel'...
Listing './lib/python3.5/site-packages/PyQt5/Qt/qml/Qt/labs/platform'...
Listing './lib/python3.5/site-packages/PyQt5/Qt/qml/Qt/labs/settings'...
Listing './lib/python3.5/site-packages/PyQt5/Qt/qml/Qt/labs/sharedimage'...
Listing './lib/python3.5/site-packages/PyQt5/Qt/qml/QtBluetooth'...
Listing './lib/python3.5/site-packages/PyQt5/Qt/qml/QtCanvas3D'...
Listing './lib/python3.5/site-packages/PyQt5/Qt/qml/QtGraphicalEffects'...
Listing './lib/python3.5/site-packages/PyQt5/Qt/qml/QtGraphicalEffects/private'...
Listing './lib/python3.5/site-packages/PyQt5/Qt/qml/QtLocation'...
Listing './lib/python3.5/site-packages/PyQt5/Qt/qml/QtMultimedia'...
Listing './lib/python3.5/site-packages/PyQt5/Qt/qml/QtNfc'...
Listing './lib/python3.5/site-packages/PyQt5/Qt/qml/QtPositioning'...
Listing './lib/python3.5/site-packages/PyQt5/Qt/qml/QtQml'...
Listing './lib/python3.5/site-packages/PyQt5/Qt/qml/QtQml/Models.2'...
Listing './lib/python3.5/site-packages/PyQt5/Qt/qml/QtQml/StateMachine'...
Listing './lib/python3.5/site-packages/PyQt5/Qt/qml/QtQuick'...
Listing './lib/python3.5/site-packages/PyQt5/Qt/qml/QtQuick/Controls'...
Listing './lib/python3.5/site-packages/PyQt5/Qt/qml/QtQuick/Controls/Private'...
Listing './lib/python3.5/site-packages/PyQt5/Qt/qml/QtQuick/Controls/Styles'...
Listing './lib/python3.5/site-packages/PyQt5/Qt/qml/QtQuick/Controls/Styles/Base'...
Listing './lib/python3.5/site-packages/PyQt5/Qt/qml/QtQuick/Controls/Styles/Desktop'...
Listing './lib/python3.5/site-packages/PyQt5/Qt/qml/QtQuick/Controls/Styles/Flat'...
Listing './lib/python3.5/site-packages/PyQt5/Qt/qml/QtQuick/Controls.2'...
Listing './lib/python3.5/site-packages/PyQt5/Qt/qml/QtQuick/Controls.2/Material'...
Listing './lib/python3.5/site-packages/PyQt5/Qt/qml/QtQuick/Controls.2/Universal'...
Listing './lib/python3.5/site-packages/PyQt5/Qt/qml/QtQuick/Controls.2/designer'...
Listing './lib/python3.5/site-packages/PyQt5/Qt/qml/QtQuick/Controls.2/designer/images'...
Listing './lib/python3.5/site-packages/PyQt5/Qt/qml/QtQuick/Dialogs'...
Listing './lib/python3.5/site-packages/PyQt5/Qt/qml/QtQuick/Dialogs/Private'...
Listing './lib/python3.5/site-packages/PyQt5/Qt/qml/QtQuick/Dialogs/images'...
Listing './lib/python3.5/site-packages/PyQt5/Qt/qml/QtQuick/Dialogs/qml'...
Listing './lib/python3.5/site-packages/PyQt5/Qt/qml/QtQuick/Extras'...
Listing './lib/python3.5/site-packages/PyQt5/Qt/qml/QtQuick/Extras/Private'...
Listing './lib/python3.5/site-packages/PyQt5/Qt/qml/QtQuick/Extras/designer'...
Listing './lib/python3.5/site-packages/PyQt5/Qt/qml/QtQuick/Extras/designer/images'...
Listing './lib/python3.5/site-packages/PyQt5/Qt/qml/QtQuick/Layouts'...
Listing './lib/python3.5/site-packages/PyQt5/Qt/qml/QtQuick/LocalStorage'...
Listing './lib/python3.5/site-packages/PyQt5/Qt/qml/QtQuick/Particles.2'...
Listing './lib/python3.5/site-packages/PyQt5/Qt/qml/QtQuick/PrivateWidgets'...
Listing './lib/python3.5/site-packages/PyQt5/Qt/qml/QtQuick/Scene2D'...
Listing './lib/python3.5/site-packages/PyQt5/Qt/qml/QtQuick/Scene3D'...
Listing './lib/python3.5/site-packages/PyQt5/Qt/qml/QtQuick/Templates.2'...
Listing './lib/python3.5/site-packages/PyQt5/Qt/qml/QtQuick/Window.2'...
Listing './lib/python3.5/site-packages/PyQt5/Qt/qml/QtQuick/XmlListModel'...
Listing './lib/python3.5/site-packages/PyQt5/Qt/qml/QtQuick.2'...
Listing './lib/python3.5/site-packages/PyQt5/Qt/qml/QtSensors'...
Listing './lib/python3.5/site-packages/PyQt5/Qt/qml/QtTest'...
Listing './lib/python3.5/site-packages/PyQt5/Qt/qml/QtWebChannel'...
Listing './lib/python3.5/site-packages/PyQt5/Qt/qml/QtWebEngine'...
Listing './lib/python3.5/site-packages/PyQt5/Qt/qml/QtWebEngine/Controls1Delegates'...
Listing './lib/python3.5/site-packages/PyQt5/Qt/qml/QtWebEngine/Controls2Delegates'...
Listing './lib/python3.5/site-packages/PyQt5/Qt/qml/QtWebSockets'...
Listing './lib/python3.5/site-packages/PyQt5/Qt/resources'...
Listing './lib/python3.5/site-packages/PyQt5/Qt/translations'...
Listing './lib/python3.5/site-packages/PyQt5/Qt/translations/qtwebengine_locales'...
Listing './lib/python3.5/site-packages/PyQt5/uic'...
Listing './lib/python3.5/site-packages/PyQt5/uic/Compiler'...
Listing './lib/python3.5/site-packages/PyQt5/uic/Loader'...
Listing './lib/python3.5/site-packages/PyQt5/uic/port_v2'...
Listing './lib/python3.5/site-packages/PyQt5/uic/port_v3'...
Listing './lib/python3.5/site-packages/PyQt5/uic/widget-plugins'...
Listing './lib/python3.5/site-packages/PyQt5-5.9.2.dist-info'...
Listing './lib/python3.5/site-packages/SQLAlchemy-1.2.0.egg-info'...
Listing './lib/python3.5/site-packages/beautifulsoup4-4.6.0.dist-info'...
Listing './lib/python3.5/site-packages/bs4'...
Listing './lib/python3.5/site-packages/bs4/builder'...
Listing './lib/python3.5/site-packages/bs4/tests'...
Listing './lib/python3.5/site-packages/certifi'...
Listing './lib/python3.5/site-packages/certifi-2017.11.5.dist-info'...
Listing './lib/python3.5/site-packages/chardet'...
Listing './lib/python3.5/site-packages/chardet/cli'...
Listing './lib/python3.5/site-packages/chardet-3.0.4.dist-info'...
Listing './lib/python3.5/site-packages/click'...
Listing './lib/python3.5/site-packages/click-6.7.dist-info'...
Listing './lib/python3.5/site-packages/cycler-0.10.0.dist-info'...
Listing './lib/python3.5/site-packages/dateutil'...
Listing './lib/python3.5/site-packages/dateutil/tz'...
Listing './lib/python3.5/site-packages/dateutil/zoneinfo'...
Listing './lib/python3.5/site-packages/fillbass'...
Listing './lib/python3.5/site-packages/fillbass/scripts'...
Listing './lib/python3.5/site-packages/fillbass-1.2.0.dist-info'...
Listing './lib/python3.5/site-packages/idna'...
Listing './lib/python3.5/site-packages/idna-2.6.dist-info'...
Listing './lib/python3.5/site-packages/lxml'...
Listing './lib/python3.5/site-packages/lxml/html'...
Listing './lib/python3.5/site-packages/lxml/includes'...
Listing './lib/python3.5/site-packages/lxml/includes/libexslt'...
Listing './lib/python3.5/site-packages/lxml/includes/libxml'...
Listing './lib/python3.5/site-packages/lxml/includes/libxslt'...
Listing './lib/python3.5/site-packages/lxml/isoschematron'...
Listing './lib/python3.5/site-packages/lxml/isoschematron/resources'...
Listing './lib/python3.5/site-packages/lxml/isoschematron/resources/rng'...
Listing './lib/python3.5/site-packages/lxml/isoschematron/resources/xsl'...
Listing './lib/python3.5/site-packages/lxml/isoschematron/resources/xsl/iso-schematron-xslt1'...
Listing './lib/python3.5/site-packages/lxml-4.1.1.dist-info'...
Listing './lib/python3.5/site-packages/matplotlib'...
Listing './lib/python3.5/site-packages/matplotlib/.libs'...
Listing './lib/python3.5/site-packages/matplotlib/axes'...
Listing './lib/python3.5/site-packages/matplotlib/backends'...
Listing './lib/python3.5/site-packages/matplotlib/backends/qt_editor'...
Listing './lib/python3.5/site-packages/matplotlib/backends/web_backend'...
Listing './lib/python3.5/site-packages/matplotlib/backends/web_backend/css'...
Listing './lib/python3.5/site-packages/matplotlib/backends/web_backend/jquery'...
Listing './lib/python3.5/site-packages/matplotlib/backends/web_backend/jquery/css'...
Listing './lib/python3.5/site-packages/matplotlib/backends/web_backend/jquery/css/themes'...
Listing './lib/python3.5/site-packages/matplotlib/backends/web_backend/jquery/css/themes/base'...
Listing './lib/python3.5/site-packages/matplotlib/backends/web_backend/jquery/js'...
Listing './lib/python3.5/site-packages/matplotlib/backends/web_backend/js'...
Listing './lib/python3.5/site-packages/matplotlib/cbook'...
Listing './lib/python3.5/site-packages/matplotlib/compat'...
Listing './lib/python3.5/site-packages/matplotlib/mpl-data'...
Listing './lib/python3.5/site-packages/matplotlib/mpl-data/fonts'...
Listing './lib/python3.5/site-packages/matplotlib/mpl-data/fonts/afm'...
Listing './lib/python3.5/site-packages/matplotlib/mpl-data/fonts/pdfcorefonts'...
Listing './lib/python3.5/site-packages/matplotlib/mpl-data/fonts/ttf'...
Listing './lib/python3.5/site-packages/matplotlib/mpl-data/images'...
Listing './lib/python3.5/site-packages/matplotlib/mpl-data/sample_data'...
Listing './lib/python3.5/site-packages/matplotlib/mpl-data/sample_data/axes_grid'...
Listing './lib/python3.5/site-packages/matplotlib/mpl-data/stylelib'...
Listing './lib/python3.5/site-packages/matplotlib/projections'...
Listing './lib/python3.5/site-packages/matplotlib/sphinxext'...
Listing './lib/python3.5/site-packages/matplotlib/sphinxext/tests'...
Listing './lib/python3.5/site-packages/matplotlib/sphinxext/tests/tinypages'...
Listing './lib/python3.5/site-packages/matplotlib/sphinxext/tests/tinypages/_static'...
Listing './lib/python3.5/site-packages/matplotlib/style'...
Listing './lib/python3.5/site-packages/matplotlib/testing'...
Listing './lib/python3.5/site-packages/matplotlib/testing/_nose'...
Listing './lib/python3.5/site-packages/matplotlib/testing/_nose/plugins'...
Listing './lib/python3.5/site-packages/matplotlib/testing/jpl_units'...
Listing './lib/python3.5/site-packages/matplotlib/tests'...
Listing './lib/python3.5/site-packages/matplotlib/tri'...
Listing './lib/python3.5/site-packages/matplotlib-2.1.1.dist-info'...
Listing './lib/python3.5/site-packages/mpl_toolkits'...
Listing './lib/python3.5/site-packages/mpl_toolkits/axes_grid'...
Listing './lib/python3.5/site-packages/mpl_toolkits/axes_grid1'...
Listing './lib/python3.5/site-packages/mpl_toolkits/axisartist'...
Listing './lib/python3.5/site-packages/mpl_toolkits/mplot3d'...
Listing './lib/python3.5/site-packages/mpl_toolkits/tests'...
Listing './lib/python3.5/site-packages/mpl_toolkits/tests/baseline_images'...
Listing './lib/python3.5/site-packages/mpl_toolkits/tests/baseline_images/test_axes_grid'...
Listing './lib/python3.5/site-packages/mpl_toolkits/tests/baseline_images/test_axes_grid1'...
Listing './lib/python3.5/site-packages/mpl_toolkits/tests/baseline_images/test_mplot3d'...
Listing './lib/python3.5/site-packages/numpy'...
Listing './lib/python3.5/site-packages/numpy/.libs'...
Listing './lib/python3.5/site-packages/numpy/compat'...
Listing './lib/python3.5/site-packages/numpy/core'...
Listing './lib/python3.5/site-packages/numpy/core/include'...
Listing './lib/python3.5/site-packages/numpy/core/include/numpy'...
Listing './lib/python3.5/site-packages/numpy/core/lib'...
Listing './lib/python3.5/site-packages/numpy/core/lib/npy-pkg-config'...
Listing './lib/python3.5/site-packages/numpy/core/tests'...
Listing './lib/python3.5/site-packages/numpy/core/tests/data'...
Listing './lib/python3.5/site-packages/numpy/distutils'...
Listing './lib/python3.5/site-packages/numpy/distutils/command'...
Listing './lib/python3.5/site-packages/numpy/distutils/fcompiler'...
Listing './lib/python3.5/site-packages/numpy/distutils/mingw'...
Listing './lib/python3.5/site-packages/numpy/distutils/tests'...
Listing './lib/python3.5/site-packages/numpy/doc'...
Listing './lib/python3.5/site-packages/numpy/f2py'...
Listing './lib/python3.5/site-packages/numpy/f2py/src'...
Listing './lib/python3.5/site-packages/numpy/f2py/tests'...
Listing './lib/python3.5/site-packages/numpy/f2py/tests/src'...
Listing './lib/python3.5/site-packages/numpy/f2py/tests/src/array_from_pyobj'...
Listing './lib/python3.5/site-packages/numpy/f2py/tests/src/assumed_shape'...
Listing './lib/python3.5/site-packages/numpy/f2py/tests/src/common'...
Listing './lib/python3.5/site-packages/numpy/f2py/tests/src/kind'...
Listing './lib/python3.5/site-packages/numpy/f2py/tests/src/mixed'...
Listing './lib/python3.5/site-packages/numpy/f2py/tests/src/parameter'...
Listing './lib/python3.5/site-packages/numpy/f2py/tests/src/regression'...
Listing './lib/python3.5/site-packages/numpy/f2py/tests/src/size'...
Listing './lib/python3.5/site-packages/numpy/f2py/tests/src/string'...
Listing './lib/python3.5/site-packages/numpy/fft'...
Listing './lib/python3.5/site-packages/numpy/fft/tests'...
Listing './lib/python3.5/site-packages/numpy/lib'...
Listing './lib/python3.5/site-packages/numpy/lib/tests'...
Listing './lib/python3.5/site-packages/numpy/lib/tests/data'...
Listing './lib/python3.5/site-packages/numpy/linalg'...
Listing './lib/python3.5/site-packages/numpy/linalg/tests'...
Listing './lib/python3.5/site-packages/numpy/ma'...
Listing './lib/python3.5/site-packages/numpy/ma/tests'...
Listing './lib/python3.5/site-packages/numpy/matrixlib'...
Listing './lib/python3.5/site-packages/numpy/matrixlib/tests'...
Listing './lib/python3.5/site-packages/numpy/polynomial'...
Listing './lib/python3.5/site-packages/numpy/polynomial/tests'...
Listing './lib/python3.5/site-packages/numpy/random'...
Listing './lib/python3.5/site-packages/numpy/random/tests'...
Listing './lib/python3.5/site-packages/numpy/testing'...
Listing './lib/python3.5/site-packages/numpy/testing/nose_tools'...
Listing './lib/python3.5/site-packages/numpy/testing/tests'...
Listing './lib/python3.5/site-packages/numpy/tests'...
Listing './lib/python3.5/site-packages/numpy-1.14.0.dist-info'...
Listing './lib/python3.5/site-packages/pip'...
Listing './lib/python3.5/site-packages/pip/_vendor'...
Listing './lib/python3.5/site-packages/pip/commands'...
Listing './lib/python3.5/site-packages/pip/compat'...
Listing './lib/python3.5/site-packages/pip/models'...
Listing './lib/python3.5/site-packages/pip/operations'...
Listing './lib/python3.5/site-packages/pip/req'...
Listing './lib/python3.5/site-packages/pip/utils'...
Listing './lib/python3.5/site-packages/pip/vcs'...
Listing './lib/python3.5/site-packages/pip-9.0.1.dist-info'...
Listing './lib/python3.5/site-packages/pkg_resources'...
Listing './lib/python3.5/site-packages/pkg_resources/_vendor'...
Listing './lib/python3.5/site-packages/pkg_resources/_vendor/packaging'...
Listing './lib/python3.5/site-packages/pkg_resources/extern'...
Listing './lib/python3.5/site-packages/pkg_resources-0.0.0.dist-info'...
Listing './lib/python3.5/site-packages/pyparsing-2.2.0.dist-info'...
Listing './lib/python3.5/site-packages/python_dateutil-2.6.1.dist-info'...
Listing './lib/python3.5/site-packages/pytz'...
Listing './lib/python3.5/site-packages/pytz/zoneinfo'...
Listing './lib/python3.5/site-packages/pytz/zoneinfo/Africa'...
Listing './lib/python3.5/site-packages/pytz/zoneinfo/America'...
Listing './lib/python3.5/site-packages/pytz/zoneinfo/America/Argentina'...
Listing './lib/python3.5/site-packages/pytz/zoneinfo/America/Indiana'...
Listing './lib/python3.5/site-packages/pytz/zoneinfo/America/Kentucky'...
Listing './lib/python3.5/site-packages/pytz/zoneinfo/America/North_Dakota'...
Listing './lib/python3.5/site-packages/pytz/zoneinfo/Antarctica'...
Listing './lib/python3.5/site-packages/pytz/zoneinfo/Arctic'...
Listing './lib/python3.5/site-packages/pytz/zoneinfo/Asia'...
Listing './lib/python3.5/site-packages/pytz/zoneinfo/Atlantic'...
Listing './lib/python3.5/site-packages/pytz/zoneinfo/Australia'...
Listing './lib/python3.5/site-packages/pytz/zoneinfo/Brazil'...
Listing './lib/python3.5/site-packages/pytz/zoneinfo/Canada'...
Listing './lib/python3.5/site-packages/pytz/zoneinfo/Chile'...
Listing './lib/python3.5/site-packages/pytz/zoneinfo/Etc'...
Listing './lib/python3.5/site-packages/pytz/zoneinfo/Europe'...
Listing './lib/python3.5/site-packages/pytz/zoneinfo/Indian'...
Listing './lib/python3.5/site-packages/pytz/zoneinfo/Mexico'...
Listing './lib/python3.5/site-packages/pytz/zoneinfo/Pacific'...
Listing './lib/python3.5/site-packages/pytz/zoneinfo/US'...
Listing './lib/python3.5/site-packages/pytz-2017.3.dist-info'...
Listing './lib/python3.5/site-packages/requests'...
Listing './lib/python3.5/site-packages/requests-2.18.4.dist-info'...
Listing './lib/python3.5/site-packages/setuptools'...
Listing './lib/python3.5/site-packages/setuptools/command'...
Listing './lib/python3.5/site-packages/setuptools/extern'...
Listing './lib/python3.5/site-packages/setuptools-32.3.1.dist-info'...
Listing './lib/python3.5/site-packages/sip-4.19.6.dist-info'...
Listing './lib/python3.5/site-packages/six-1.11.0.dist-info'...
Listing './lib/python3.5/site-packages/sqlalchemy'...
Listing './lib/python3.5/site-packages/sqlalchemy/connectors'...
Listing './lib/python3.5/site-packages/sqlalchemy/databases'...
Listing './lib/python3.5/site-packages/sqlalchemy/dialects'...
Listing './lib/python3.5/site-packages/sqlalchemy/dialects/firebird'...
Listing './lib/python3.5/site-packages/sqlalchemy/dialects/mssql'...
Listing './lib/python3.5/site-packages/sqlalchemy/dialects/mysql'...
Listing './lib/python3.5/site-packages/sqlalchemy/dialects/oracle'...
Listing './lib/python3.5/site-packages/sqlalchemy/dialects/postgresql'...
Listing './lib/python3.5/site-packages/sqlalchemy/dialects/sqlite'...
Listing './lib/python3.5/site-packages/sqlalchemy/dialects/sybase'...
Listing './lib/python3.5/site-packages/sqlalchemy/engine'...
Listing './lib/python3.5/site-packages/sqlalchemy/event'...
Listing './lib/python3.5/site-packages/sqlalchemy/ext'...
Listing './lib/python3.5/site-packages/sqlalchemy/ext/declarative'...
Listing './lib/python3.5/site-packages/sqlalchemy/orm'...
Listing './lib/python3.5/site-packages/sqlalchemy/sql'...
Listing './lib/python3.5/site-packages/sqlalchemy/testing'...
Listing './lib/python3.5/site-packages/sqlalchemy/testing/plugin'...
Listing './lib/python3.5/site-packages/sqlalchemy/testing/suite'...
Listing './lib/python3.5/site-packages/sqlalchemy/util'...
Listing './lib/python3.5/site-packages/tabulate-0.8.2.egg-info'...
Listing './lib/python3.5/site-packages/urllib3'...
Listing './lib/python3.5/site-packages/urllib3/contrib'...
Listing './lib/python3.5/site-packages/urllib3/contrib/_securetransport'...
Listing './lib/python3.5/site-packages/urllib3/packages'...
Listing './lib/python3.5/site-packages/urllib3/packages/backports'...
Listing './lib/python3.5/site-packages/urllib3/packages/ssl_match_hostname'...
Listing './lib/python3.5/site-packages/urllib3/util'...
Listing './lib/python3.5/site-packages/urllib3-1.22.dist-info'...
Listing './share'...
Listing './share/python-wheels'...
