Listing '.'...
Listing './bin'...
Listing './include'...
Listing './lib'...
Listing './lib/python3.5'...
Listing './lib/python3.5/site-packages'...
Listing './lib/python3.5/site-packages/Flask-0.10.1.egg-info'...
Listing './lib/python3.5/site-packages/Jinja2-2.7.3.egg-info'...
Listing './lib/python3.5/site-packages/MarkupSafe-1.0.egg-info'...
Listing './lib/python3.5/site-packages/WTForms-2.0.1.egg-info'...
Listing './lib/python3.5/site-packages/Werkzeug-0.14.1.dist-info'...
Listing './lib/python3.5/site-packages/flask'...
Listing './lib/python3.5/site-packages/flask/ext'...
Listing './lib/python3.5/site-packages/flask/testsuite'...
Listing './lib/python3.5/site-packages/flask/testsuite/static'...
Listing './lib/python3.5/site-packages/flask/testsuite/templates'...
Listing './lib/python3.5/site-packages/flask/testsuite/templates/nested'...
Listing './lib/python3.5/site-packages/flask/testsuite/test_apps'...
Listing './lib/python3.5/site-packages/flask/testsuite/test_apps/blueprintapp'...
Listing './lib/python3.5/site-packages/flask/testsuite/test_apps/blueprintapp/apps'...
Listing './lib/python3.5/site-packages/flask/testsuite/test_apps/blueprintapp/apps/admin'...
Listing './lib/python3.5/site-packages/flask/testsuite/test_apps/blueprintapp/apps/admin/static'...
Listing './lib/python3.5/site-packages/flask/testsuite/test_apps/blueprintapp/apps/admin/templates'...
Listing './lib/python3.5/site-packages/flask/testsuite/test_apps/blueprintapp/apps/frontend'...
Listing './lib/python3.5/site-packages/flask/testsuite/test_apps/blueprintapp/apps/frontend/templates'...
Listing './lib/python3.5/site-packages/flask/testsuite/test_apps/config_package_app'...
Listing './lib/python3.5/site-packages/flask/testsuite/test_apps/flask_broken'...
Listing './lib/python3.5/site-packages/flask/testsuite/test_apps/flask_newext_package'...
Listing './lib/python3.5/site-packages/flask/testsuite/test_apps/flaskext'...
Listing './lib/python3.5/site-packages/flask/testsuite/test_apps/flaskext/oldext_package'...
Listing './lib/python3.5/site-packages/flask/testsuite/test_apps/lib'...
Listing './lib/python3.5/site-packages/flask/testsuite/test_apps/lib/python2.5'...
Listing './lib/python3.5/site-packages/flask/testsuite/test_apps/lib/python2.5/site-packages'...
Listing './lib/python3.5/site-packages/flask/testsuite/test_apps/lib/python2.5/site-packages/site_package'...
Listing './lib/python3.5/site-packages/flask/testsuite/test_apps/moduleapp'...
Listing './lib/python3.5/site-packages/flask/testsuite/test_apps/moduleapp/apps'...
Listing './lib/python3.5/site-packages/flask/testsuite/test_apps/moduleapp/apps/admin'...
Listing './lib/python3.5/site-packages/flask/testsuite/test_apps/moduleapp/apps/admin/static'...
Listing './lib/python3.5/site-packages/flask/testsuite/test_apps/moduleapp/apps/admin/templates'...
Listing './lib/python3.5/site-packages/flask/testsuite/test_apps/moduleapp/apps/frontend'...
Listing './lib/python3.5/site-packages/flask/testsuite/test_apps/moduleapp/apps/frontend/templates'...
Listing './lib/python3.5/site-packages/flask/testsuite/test_apps/path'...
Listing './lib/python3.5/site-packages/flask/testsuite/test_apps/path/installed_package'...
Listing './lib/python3.5/site-packages/flask/testsuite/test_apps/subdomaintestmodule'...
Listing './lib/python3.5/site-packages/flask/testsuite/test_apps/subdomaintestmodule/static'...
Listing './lib/python3.5/site-packages/flask_macros'...
Listing './lib/python3.5/site-packages/flask_macros/templates'...
Listing './lib/python3.5/site-packages/flask_macros/templates/macros'...
Listing './lib/python3.5/site-packages/flask_macros-0.1.5.egg-info'...
Listing './lib/python3.5/site-packages/itsdangerous-0.24.egg-info'...
Listing './lib/python3.5/site-packages/jinja2'...
Listing './lib/python3.5/site-packages/jinja2/testsuite'...
Listing './lib/python3.5/site-packages/jinja2/testsuite/res'...
Listing './lib/python3.5/site-packages/jinja2/testsuite/res/templates'...
Listing './lib/python3.5/site-packages/jinja2/testsuite/res/templates/foo'...
Listing './lib/python3.5/site-packages/markupsafe'...
Listing './lib/python3.5/site-packages/pip'...
Listing './lib/python3.5/site-packages/pip/_vendor'...
Listing './lib/python3.5/site-packages/pip/commands'...
Listing './lib/python3.5/site-packages/pip/compat'...
Listing './lib/python3.5/site-packages/pip/models'...
Listing './lib/python3.5/site-packages/pip/operations'...
Listing './lib/python3.5/site-packages/pip/req'...
Listing './lib/python3.5/site-packages/pip/utils'...
Listing './lib/python3.5/site-packages/pip/vcs'...
Listing './lib/python3.5/site-packages/pip-9.0.1.dist-info'...
Listing './lib/python3.5/site-packages/pkg_resources'...
Listing './lib/python3.5/site-packages/pkg_resources/_vendor'...
Listing './lib/python3.5/site-packages/pkg_resources/_vendor/packaging'...
Listing './lib/python3.5/site-packages/pkg_resources/extern'...
Listing './lib/python3.5/site-packages/pkg_resources-0.0.0.dist-info'...
Listing './lib/python3.5/site-packages/setuptools'...
Listing './lib/python3.5/site-packages/setuptools/command'...
Listing './lib/python3.5/site-packages/setuptools/extern'...
Listing './lib/python3.5/site-packages/setuptools-32.3.1.dist-info'...
Listing './lib/python3.5/site-packages/werkzeug'...
Listing './lib/python3.5/site-packages/werkzeug/contrib'...
Listing './lib/python3.5/site-packages/werkzeug/debug'...
Listing './lib/python3.5/site-packages/werkzeug/debug/shared'...
Listing './lib/python3.5/site-packages/wtforms'...
Listing './lib/python3.5/site-packages/wtforms/csrf'...
Listing './lib/python3.5/site-packages/wtforms/ext'...
Listing './lib/python3.5/site-packages/wtforms/ext/appengine'...
Listing './lib/python3.5/site-packages/wtforms/ext/csrf'...
Listing './lib/python3.5/site-packages/wtforms/ext/dateutil'...
Listing './lib/python3.5/site-packages/wtforms/ext/django'...
Listing './lib/python3.5/site-packages/wtforms/ext/django/templatetags'...
Listing './lib/python3.5/site-packages/wtforms/ext/i18n'...
Listing './lib/python3.5/site-packages/wtforms/ext/sqlalchemy'...
Listing './lib/python3.5/site-packages/wtforms/fields'...
Listing './lib/python3.5/site-packages/wtforms/locale'...
Listing './lib/python3.5/site-packages/wtforms/locale/ca'...
Listing './lib/python3.5/site-packages/wtforms/locale/ca/LC_MESSAGES'...
Listing './lib/python3.5/site-packages/wtforms/locale/de'...
Listing './lib/python3.5/site-packages/wtforms/locale/de/LC_MESSAGES'...
Listing './lib/python3.5/site-packages/wtforms/locale/de_CH'...
Listing './lib/python3.5/site-packages/wtforms/locale/de_CH/LC_MESSAGES'...
Listing './lib/python3.5/site-packages/wtforms/locale/el'...
Listing './lib/python3.5/site-packages/wtforms/locale/el/LC_MESSAGES'...
Listing './lib/python3.5/site-packages/wtforms/locale/en'...
Listing './lib/python3.5/site-packages/wtforms/locale/en/LC_MESSAGES'...
Listing './lib/python3.5/site-packages/wtforms/locale/es'...
Listing './lib/python3.5/site-packages/wtforms/locale/es/LC_MESSAGES'...
Listing './lib/python3.5/site-packages/wtforms/locale/et'...
Listing './lib/python3.5/site-packages/wtforms/locale/et/LC_MESSAGES'...
Listing './lib/python3.5/site-packages/wtforms/locale/fa'...
Listing './lib/python3.5/site-packages/wtforms/locale/fa/LC_MESSAGES'...
Listing './lib/python3.5/site-packages/wtforms/locale/fr'...
Listing './lib/python3.5/site-packages/wtforms/locale/fr/LC_MESSAGES'...
Listing './lib/python3.5/site-packages/wtforms/locale/it'...
Listing './lib/python3.5/site-packages/wtforms/locale/it/LC_MESSAGES'...
Listing './lib/python3.5/site-packages/wtforms/locale/ko'...
Listing './lib/python3.5/site-packages/wtforms/locale/ko/LC_MESSAGES'...
Listing './lib/python3.5/site-packages/wtforms/locale/nb'...
Listing './lib/python3.5/site-packages/wtforms/locale/nb/LC_MESSAGES'...
Listing './lib/python3.5/site-packages/wtforms/locale/nl'...
Listing './lib/python3.5/site-packages/wtforms/locale/nl/LC_MESSAGES'...
Listing './lib/python3.5/site-packages/wtforms/locale/pl'...
Listing './lib/python3.5/site-packages/wtforms/locale/pl/LC_MESSAGES'...
Listing './lib/python3.5/site-packages/wtforms/locale/pt'...
Listing './lib/python3.5/site-packages/wtforms/locale/pt/LC_MESSAGES'...
Listing './lib/python3.5/site-packages/wtforms/locale/ru'...
Listing './lib/python3.5/site-packages/wtforms/locale/ru/LC_MESSAGES'...
Listing './lib/python3.5/site-packages/wtforms/locale/uk'...
Listing './lib/python3.5/site-packages/wtforms/locale/uk/LC_MESSAGES'...
Listing './lib/python3.5/site-packages/wtforms/locale/zh'...
Listing './lib/python3.5/site-packages/wtforms/locale/zh/LC_MESSAGES'...
Listing './lib/python3.5/site-packages/wtforms/locale/zh_TW'...
Listing './lib/python3.5/site-packages/wtforms/locale/zh_TW/LC_MESSAGES'...
Listing './lib/python3.5/site-packages/wtforms/widgets'...
Listing './share'...
Listing './share/python-wheels'...
