Listing '.'...
Listing './bin'...
Compiling './bin/dumppdf.py'...
Compiling './bin/latin2ascii.py'...
Compiling './bin/pdf2txt.py'...
Listing './include'...
Listing './lib'...
Listing './lib/python3.5'...
Listing './lib/python3.5/site-packages'...
Listing './lib/python3.5/site-packages/Crypto'...
Listing './lib/python3.5/site-packages/Crypto/Cipher'...
Listing './lib/python3.5/site-packages/Crypto/Hash'...
Listing './lib/python3.5/site-packages/Crypto/IO'...
Listing './lib/python3.5/site-packages/Crypto/Math'...
Listing './lib/python3.5/site-packages/Crypto/Protocol'...
Listing './lib/python3.5/site-packages/Crypto/PublicKey'...
Listing './lib/python3.5/site-packages/Crypto/Random'...
Listing './lib/python3.5/site-packages/Crypto/SelfTest'...
Listing './lib/python3.5/site-packages/Crypto/SelfTest/Cipher'...
Listing './lib/python3.5/site-packages/Crypto/SelfTest/Cipher/test_vectors'...
Listing './lib/python3.5/site-packages/Crypto/SelfTest/Cipher/test_vectors/AES'...
Listing './lib/python3.5/site-packages/Crypto/SelfTest/Cipher/test_vectors/TDES'...
Listing './lib/python3.5/site-packages/Crypto/SelfTest/Hash'...
Listing './lib/python3.5/site-packages/Crypto/SelfTest/Hash/test_vectors'...
Listing './lib/python3.5/site-packages/Crypto/SelfTest/Hash/test_vectors/BLAKE2b'...
Listing './lib/python3.5/site-packages/Crypto/SelfTest/Hash/test_vectors/BLAKE2s'...
Listing './lib/python3.5/site-packages/Crypto/SelfTest/Hash/test_vectors/SHA3'...
Listing './lib/python3.5/site-packages/Crypto/SelfTest/Hash/test_vectors/keccak'...
Listing './lib/python3.5/site-packages/Crypto/SelfTest/IO'...
Listing './lib/python3.5/site-packages/Crypto/SelfTest/Math'...
Listing './lib/python3.5/site-packages/Crypto/SelfTest/Protocol'...
Listing './lib/python3.5/site-packages/Crypto/SelfTest/PublicKey'...
Listing './lib/python3.5/site-packages/Crypto/SelfTest/PublicKey/test_vectors'...
Listing './lib/python3.5/site-packages/Crypto/SelfTest/PublicKey/test_vectors/ECC'...
Listing './lib/python3.5/site-packages/Crypto/SelfTest/Random'...
Listing './lib/python3.5/site-packages/Crypto/SelfTest/Signature'...
Listing './lib/python3.5/site-packages/Crypto/SelfTest/Signature/test_vectors'...
Listing './lib/python3.5/site-packages/Crypto/SelfTest/Signature/test_vectors/DSA'...
Listing './lib/python3.5/site-packages/Crypto/SelfTest/Signature/test_vectors/ECDSA'...
Listing './lib/python3.5/site-packages/Crypto/SelfTest/Signature/test_vectors/PKCS1-PSS'...
Listing './lib/python3.5/site-packages/Crypto/SelfTest/Signature/test_vectors/PKCS1-v1.5'...
Listing './lib/python3.5/site-packages/Crypto/SelfTest/Util'...
Listing './lib/python3.5/site-packages/Crypto/Signature'...
Listing './lib/python3.5/site-packages/Crypto/Util'...
Listing './lib/python3.5/site-packages/PIL'...
Listing './lib/python3.5/site-packages/PIL/.libs'...
Listing './lib/python3.5/site-packages/Pillow-5.0.0.dist-info'...
Listing './lib/python3.5/site-packages/chardet'...
Listing './lib/python3.5/site-packages/chardet/cli'...
Listing './lib/python3.5/site-packages/chardet-3.0.4.dist-info'...
Listing './lib/python3.5/site-packages/docx'...
Listing './lib/python3.5/site-packages/docx/dml'...
Listing './lib/python3.5/site-packages/docx/enum'...
Listing './lib/python3.5/site-packages/docx/image'...
Listing './lib/python3.5/site-packages/docx/opc'...
Listing './lib/python3.5/site-packages/docx/opc/parts'...
Listing './lib/python3.5/site-packages/docx/oxml'...
Listing './lib/python3.5/site-packages/docx/oxml/text'...
Listing './lib/python3.5/site-packages/docx/parts'...
Listing './lib/python3.5/site-packages/docx/styles'...
Listing './lib/python3.5/site-packages/docx/templates'...
Listing './lib/python3.5/site-packages/docx/text'...
Listing './lib/python3.5/site-packages/docx-0.2.4.egg-info'...
Listing './lib/python3.5/site-packages/docx-template'...
Listing './lib/python3.5/site-packages/docx-template/_rels'...
Listing './lib/python3.5/site-packages/docx-template/docProps'...
Listing './lib/python3.5/site-packages/docx-template/word'...
Listing './lib/python3.5/site-packages/docx-template/word/theme'...
Listing './lib/python3.5/site-packages/et_xmlfile'...
Listing './lib/python3.5/site-packages/et_xmlfile/tests'...
Listing './lib/python3.5/site-packages/et_xmlfile-1.0.1.egg-info'...
Listing './lib/python3.5/site-packages/form_to_excel'...
Listing './lib/python3.5/site-packages/form_to_excel-0.1.2.egg-info'...
Listing './lib/python3.5/site-packages/jdcal-1.3.egg-info'...
Listing './lib/python3.5/site-packages/lxml'...
Listing './lib/python3.5/site-packages/lxml/html'...
Listing './lib/python3.5/site-packages/lxml/includes'...
Listing './lib/python3.5/site-packages/lxml/includes/libexslt'...
Listing './lib/python3.5/site-packages/lxml/includes/libxml'...
Listing './lib/python3.5/site-packages/lxml/includes/libxslt'...
Listing './lib/python3.5/site-packages/lxml/isoschematron'...
Listing './lib/python3.5/site-packages/lxml/isoschematron/resources'...
Listing './lib/python3.5/site-packages/lxml/isoschematron/resources/rng'...
Listing './lib/python3.5/site-packages/lxml/isoschematron/resources/xsl'...
Listing './lib/python3.5/site-packages/lxml/isoschematron/resources/xsl/iso-schematron-xslt1'...
Listing './lib/python3.5/site-packages/lxml-4.1.1.dist-info'...
Listing './lib/python3.5/site-packages/openpyxl'...
Listing './lib/python3.5/site-packages/openpyxl/cell'...
Listing './lib/python3.5/site-packages/openpyxl/chart'...
Listing './lib/python3.5/site-packages/openpyxl/chartsheet'...
Listing './lib/python3.5/site-packages/openpyxl/comments'...
Listing './lib/python3.5/site-packages/openpyxl/compat'...
Listing './lib/python3.5/site-packages/openpyxl/descriptors'...
Listing './lib/python3.5/site-packages/openpyxl/drawing'...
Listing './lib/python3.5/site-packages/openpyxl/formatting'...
Listing './lib/python3.5/site-packages/openpyxl/formula'...
Listing './lib/python3.5/site-packages/openpyxl/packaging'...
Listing './lib/python3.5/site-packages/openpyxl/reader'...
Listing './lib/python3.5/site-packages/openpyxl/styles'...
Listing './lib/python3.5/site-packages/openpyxl/utils'...
Listing './lib/python3.5/site-packages/openpyxl/workbook'...
Listing './lib/python3.5/site-packages/openpyxl/workbook/external_link'...
Listing './lib/python3.5/site-packages/openpyxl/worksheet'...
Listing './lib/python3.5/site-packages/openpyxl/writer'...
Listing './lib/python3.5/site-packages/openpyxl/xml'...
Listing './lib/python3.5/site-packages/openpyxl-2.4.9.egg-info'...
Listing './lib/python3.5/site-packages/pdfminer'...
Listing './lib/python3.5/site-packages/pdfminer/cmap'...
Listing './lib/python3.5/site-packages/pdfminer.six-20170720.egg-info'...
Listing './lib/python3.5/site-packages/pip'...
Listing './lib/python3.5/site-packages/pip/_vendor'...
Listing './lib/python3.5/site-packages/pip/commands'...
Listing './lib/python3.5/site-packages/pip/compat'...
Listing './lib/python3.5/site-packages/pip/models'...
Listing './lib/python3.5/site-packages/pip/operations'...
Listing './lib/python3.5/site-packages/pip/req'...
Listing './lib/python3.5/site-packages/pip/utils'...
Listing './lib/python3.5/site-packages/pip/vcs'...
Listing './lib/python3.5/site-packages/pip-9.0.1.dist-info'...
Listing './lib/python3.5/site-packages/pkg_resources'...
Listing './lib/python3.5/site-packages/pkg_resources/_vendor'...
Listing './lib/python3.5/site-packages/pkg_resources/_vendor/packaging'...
Listing './lib/python3.5/site-packages/pkg_resources/extern'...
Listing './lib/python3.5/site-packages/pkg_resources-0.0.0.dist-info'...
Listing './lib/python3.5/site-packages/pycryptodome-3.4.7.egg-info'...
Listing './lib/python3.5/site-packages/python_docx-0.8.6.egg-info'...
Listing './lib/python3.5/site-packages/setuptools'...
Listing './lib/python3.5/site-packages/setuptools/command'...
Listing './lib/python3.5/site-packages/setuptools/extern'...
Listing './lib/python3.5/site-packages/setuptools-32.3.1.dist-info'...
Listing './lib/python3.5/site-packages/six-1.11.0.dist-info'...
Listing './share'...
Listing './share/python-wheels'...
