Listing '.'...
Listing './bin'...
Listing './include'...
Listing './lib'...
Listing './lib/python3.5'...
Listing './lib/python3.5/site-packages'...
Listing './lib/python3.5/site-packages/FoxDot'...
Listing './lib/python3.5/site-packages/FoxDot/demo'...
Listing './lib/python3.5/site-packages/FoxDot/lib'...
Listing './lib/python3.5/site-packages/FoxDot/lib/Code'...
Listing './lib/python3.5/site-packages/FoxDot/lib/Custom'...
Listing './lib/python3.5/site-packages/FoxDot/lib/Extensions'...
Listing './lib/python3.5/site-packages/FoxDot/lib/Patterns'...
Listing './lib/python3.5/site-packages/FoxDot/lib/SCLang'...
Listing './lib/python3.5/site-packages/FoxDot/lib/Settings'...
Listing './lib/python3.5/site-packages/FoxDot/lib/Utils'...
Listing './lib/python3.5/site-packages/FoxDot/lib/Workspace'...
Listing './lib/python3.5/site-packages/FoxDot/lib/Workspace/img'...
Listing './lib/python3.5/site-packages/FoxDot/lib/Workspace/tmp'...
Listing './lib/python3.5/site-packages/FoxDot/osc'...
Listing './lib/python3.5/site-packages/FoxDot/osc/sceffects'...
Listing './lib/python3.5/site-packages/FoxDot/osc/scsyndef'...
Listing './lib/python3.5/site-packages/FoxDot/snd'...
Listing './lib/python3.5/site-packages/FoxDot/snd/_'...
Listing './lib/python3.5/site-packages/FoxDot/snd/_/1'...
Listing './lib/python3.5/site-packages/FoxDot/snd/_/2'...
Listing './lib/python3.5/site-packages/FoxDot/snd/_/3'...
Listing './lib/python3.5/site-packages/FoxDot/snd/_/4'...
Listing './lib/python3.5/site-packages/FoxDot/snd/_/ampersand'...
Listing './lib/python3.5/site-packages/FoxDot/snd/_/asterix'...
Listing './lib/python3.5/site-packages/FoxDot/snd/_/at'...
Listing './lib/python3.5/site-packages/FoxDot/snd/_/backslash'...
Listing './lib/python3.5/site-packages/FoxDot/snd/_/bar'...
Listing './lib/python3.5/site-packages/FoxDot/snd/_/caret'...
Listing './lib/python3.5/site-packages/FoxDot/snd/_/colon'...
Listing './lib/python3.5/site-packages/FoxDot/snd/_/dollar'...
Listing './lib/python3.5/site-packages/FoxDot/snd/_/equals'...
Listing './lib/python3.5/site-packages/FoxDot/snd/_/exclamation'...
Listing './lib/python3.5/site-packages/FoxDot/snd/_/forwardslash'...
Listing './lib/python3.5/site-packages/FoxDot/snd/_/greaterthan'...
Listing './lib/python3.5/site-packages/FoxDot/snd/_/hash'...
Listing './lib/python3.5/site-packages/FoxDot/snd/_/hyphen'...
Listing './lib/python3.5/site-packages/FoxDot/snd/_/lessthan'...
Listing './lib/python3.5/site-packages/FoxDot/snd/_/percent'...
Listing './lib/python3.5/site-packages/FoxDot/snd/_/plus'...
Listing './lib/python3.5/site-packages/FoxDot/snd/_/question'...
Listing './lib/python3.5/site-packages/FoxDot/snd/_/tilde'...
Listing './lib/python3.5/site-packages/FoxDot/snd/_loop_'...
Listing './lib/python3.5/site-packages/FoxDot/snd/a'...
Listing './lib/python3.5/site-packages/FoxDot/snd/a/lower'...
Listing './lib/python3.5/site-packages/FoxDot/snd/a/upper'...
Listing './lib/python3.5/site-packages/FoxDot/snd/b'...
Listing './lib/python3.5/site-packages/FoxDot/snd/b/lower'...
Listing './lib/python3.5/site-packages/FoxDot/snd/b/upper'...
Listing './lib/python3.5/site-packages/FoxDot/snd/c'...
Listing './lib/python3.5/site-packages/FoxDot/snd/c/lower'...
Listing './lib/python3.5/site-packages/FoxDot/snd/c/upper'...
Listing './lib/python3.5/site-packages/FoxDot/snd/d'...
Listing './lib/python3.5/site-packages/FoxDot/snd/d/lower'...
Listing './lib/python3.5/site-packages/FoxDot/snd/d/upper'...
Listing './lib/python3.5/site-packages/FoxDot/snd/e'...
Listing './lib/python3.5/site-packages/FoxDot/snd/e/lower'...
Listing './lib/python3.5/site-packages/FoxDot/snd/e/upper'...
Listing './lib/python3.5/site-packages/FoxDot/snd/f'...
Listing './lib/python3.5/site-packages/FoxDot/snd/f/lower'...
Listing './lib/python3.5/site-packages/FoxDot/snd/f/upper'...
Listing './lib/python3.5/site-packages/FoxDot/snd/g'...
Listing './lib/python3.5/site-packages/FoxDot/snd/g/lower'...
Listing './lib/python3.5/site-packages/FoxDot/snd/g/upper'...
Listing './lib/python3.5/site-packages/FoxDot/snd/h'...
Listing './lib/python3.5/site-packages/FoxDot/snd/h/lower'...
Listing './lib/python3.5/site-packages/FoxDot/snd/h/upper'...
Listing './lib/python3.5/site-packages/FoxDot/snd/i'...
Listing './lib/python3.5/site-packages/FoxDot/snd/i/lower'...
Listing './lib/python3.5/site-packages/FoxDot/snd/i/upper'...
Listing './lib/python3.5/site-packages/FoxDot/snd/j'...
Listing './lib/python3.5/site-packages/FoxDot/snd/j/lower'...
Listing './lib/python3.5/site-packages/FoxDot/snd/j/upper'...
Listing './lib/python3.5/site-packages/FoxDot/snd/k'...
Listing './lib/python3.5/site-packages/FoxDot/snd/k/lower'...
Listing './lib/python3.5/site-packages/FoxDot/snd/k/upper'...
Listing './lib/python3.5/site-packages/FoxDot/snd/l'...
Listing './lib/python3.5/site-packages/FoxDot/snd/l/lower'...
Listing './lib/python3.5/site-packages/FoxDot/snd/l/upper'...
Listing './lib/python3.5/site-packages/FoxDot/snd/m'...
Listing './lib/python3.5/site-packages/FoxDot/snd/m/lower'...
Listing './lib/python3.5/site-packages/FoxDot/snd/m/upper'...
Listing './lib/python3.5/site-packages/FoxDot/snd/n'...
Listing './lib/python3.5/site-packages/FoxDot/snd/n/lower'...
Listing './lib/python3.5/site-packages/FoxDot/snd/n/upper'...
Listing './lib/python3.5/site-packages/FoxDot/snd/o'...
Listing './lib/python3.5/site-packages/FoxDot/snd/o/lower'...
Listing './lib/python3.5/site-packages/FoxDot/snd/o/upper'...
Listing './lib/python3.5/site-packages/FoxDot/snd/p'...
Listing './lib/python3.5/site-packages/FoxDot/snd/p/lower'...
Listing './lib/python3.5/site-packages/FoxDot/snd/p/upper'...
Listing './lib/python3.5/site-packages/FoxDot/snd/q'...
Listing './lib/python3.5/site-packages/FoxDot/snd/q/lower'...
Listing './lib/python3.5/site-packages/FoxDot/snd/q/upper'...
Listing './lib/python3.5/site-packages/FoxDot/snd/r'...
Listing './lib/python3.5/site-packages/FoxDot/snd/r/lower'...
Listing './lib/python3.5/site-packages/FoxDot/snd/r/upper'...
Listing './lib/python3.5/site-packages/FoxDot/snd/s'...
Listing './lib/python3.5/site-packages/FoxDot/snd/s/lower'...
Listing './lib/python3.5/site-packages/FoxDot/snd/s/upper'...
Listing './lib/python3.5/site-packages/FoxDot/snd/t'...
Listing './lib/python3.5/site-packages/FoxDot/snd/t/lower'...
Listing './lib/python3.5/site-packages/FoxDot/snd/t/upper'...
Listing './lib/python3.5/site-packages/FoxDot/snd/u'...
Listing './lib/python3.5/site-packages/FoxDot/snd/u/lower'...
Listing './lib/python3.5/site-packages/FoxDot/snd/u/upper'...
Listing './lib/python3.5/site-packages/FoxDot/snd/v'...
Listing './lib/python3.5/site-packages/FoxDot/snd/v/lower'...
Listing './lib/python3.5/site-packages/FoxDot/snd/v/upper'...
Listing './lib/python3.5/site-packages/FoxDot/snd/w'...
Listing './lib/python3.5/site-packages/FoxDot/snd/w/lower'...
Listing './lib/python3.5/site-packages/FoxDot/snd/w/upper'...
Listing './lib/python3.5/site-packages/FoxDot/snd/x'...
Listing './lib/python3.5/site-packages/FoxDot/snd/x/lower'...
Listing './lib/python3.5/site-packages/FoxDot/snd/x/upper'...
Listing './lib/python3.5/site-packages/FoxDot/snd/y'...
Listing './lib/python3.5/site-packages/FoxDot/snd/y/lower'...
Listing './lib/python3.5/site-packages/FoxDot/snd/y/upper'...
Listing './lib/python3.5/site-packages/FoxDot/snd/z'...
Listing './lib/python3.5/site-packages/FoxDot/snd/z/lower'...
Listing './lib/python3.5/site-packages/FoxDot/snd/z/upper'...
Listing './lib/python3.5/site-packages/FoxDot-0.5.6.egg-info'...
Listing './lib/python3.5/site-packages/pip'...
Listing './lib/python3.5/site-packages/pip/_vendor'...
Listing './lib/python3.5/site-packages/pip/commands'...
Listing './lib/python3.5/site-packages/pip/compat'...
Listing './lib/python3.5/site-packages/pip/models'...
Listing './lib/python3.5/site-packages/pip/operations'...
Listing './lib/python3.5/site-packages/pip/req'...
Listing './lib/python3.5/site-packages/pip/utils'...
Listing './lib/python3.5/site-packages/pip/vcs'...
Listing './lib/python3.5/site-packages/pip-9.0.1.dist-info'...
Listing './lib/python3.5/site-packages/pkg_resources'...
Listing './lib/python3.5/site-packages/pkg_resources/_vendor'...
Listing './lib/python3.5/site-packages/pkg_resources/_vendor/packaging'...
Listing './lib/python3.5/site-packages/pkg_resources/extern'...
Listing './lib/python3.5/site-packages/pkg_resources-0.0.0.dist-info'...
Listing './lib/python3.5/site-packages/setuptools'...
Listing './lib/python3.5/site-packages/setuptools/command'...
Listing './lib/python3.5/site-packages/setuptools/extern'...
Listing './lib/python3.5/site-packages/setuptools-32.3.1.dist-info'...
Listing './share'...
Listing './share/python-wheels'...
