Listing '.'...
Listing './bin'...
Listing './include'...
Listing './lib'...
Listing './lib/python3.5'...
Listing './lib/python3.5/site-packages'...
Listing './lib/python3.5/site-packages/_pytest'...
Listing './lib/python3.5/site-packages/_pytest/_code'...
Listing './lib/python3.5/site-packages/_pytest/assertion'...
Listing './lib/python3.5/site-packages/apiclient'...
Listing './lib/python3.5/site-packages/attr'...
Listing './lib/python3.5/site-packages/attrs-17.4.0.dist-info'...
Listing './lib/python3.5/site-packages/cachetools'...
Listing './lib/python3.5/site-packages/cachetools-2.0.1.dist-info'...
Listing './lib/python3.5/site-packages/click'...
Listing './lib/python3.5/site-packages/click-6.7.dist-info'...
Listing './lib/python3.5/site-packages/coverage'...
Listing './lib/python3.5/site-packages/coverage/fullcoverage'...
Listing './lib/python3.5/site-packages/coverage/htmlfiles'...
Listing './lib/python3.5/site-packages/coverage-4.4.2.dist-info'...
Listing './lib/python3.5/site-packages/gcdu'...
Listing './lib/python3.5/site-packages/gcdu/commands'...
Listing './lib/python3.5/site-packages/gcdu-0.0.3.dist-info'...
Listing './lib/python3.5/site-packages/google'...
Listing './lib/python3.5/site-packages/google/auth'...
Listing './lib/python3.5/site-packages/google/auth/compute_engine'...
Listing './lib/python3.5/site-packages/google/auth/crypt'...
Listing './lib/python3.5/site-packages/google/auth/transport'...
Listing './lib/python3.5/site-packages/google/oauth2'...
Listing './lib/python3.5/site-packages/google_api_python_client-1.6.4.dist-info'...
Listing './lib/python3.5/site-packages/google_auth-1.3.0.dist-info'...
Listing './lib/python3.5/site-packages/google_auth_httplib2-0.0.3.dist-info'...
Listing './lib/python3.5/site-packages/googleapiclient'...
Listing './lib/python3.5/site-packages/googleapiclient/discovery_cache'...
Listing './lib/python3.5/site-packages/httplib2'...
Listing './lib/python3.5/site-packages/httplib2-0.10.3.egg-info'...
Listing './lib/python3.5/site-packages/oauth2client'...
Listing './lib/python3.5/site-packages/oauth2client/contrib'...
Listing './lib/python3.5/site-packages/oauth2client/contrib/django_util'...
Listing './lib/python3.5/site-packages/oauth2client-4.1.2.dist-info'...
Listing './lib/python3.5/site-packages/pip'...
Listing './lib/python3.5/site-packages/pip/_vendor'...
Listing './lib/python3.5/site-packages/pip/commands'...
Listing './lib/python3.5/site-packages/pip/compat'...
Listing './lib/python3.5/site-packages/pip/models'...
Listing './lib/python3.5/site-packages/pip/operations'...
Listing './lib/python3.5/site-packages/pip/req'...
Listing './lib/python3.5/site-packages/pip/utils'...
Listing './lib/python3.5/site-packages/pip/vcs'...
Listing './lib/python3.5/site-packages/pip-9.0.1.dist-info'...
Listing './lib/python3.5/site-packages/pkg_resources'...
Listing './lib/python3.5/site-packages/pkg_resources/_vendor'...
Listing './lib/python3.5/site-packages/pkg_resources/_vendor/packaging'...
Listing './lib/python3.5/site-packages/pkg_resources/extern'...
Listing './lib/python3.5/site-packages/pkg_resources-0.0.0.dist-info'...
Listing './lib/python3.5/site-packages/pluggy'...
Listing './lib/python3.5/site-packages/pluggy-0.6.0.egg-info'...
Listing './lib/python3.5/site-packages/py'...
Listing './lib/python3.5/site-packages/py/_code'...
Listing './lib/python3.5/site-packages/py/_io'...
Listing './lib/python3.5/site-packages/py/_log'...
Listing './lib/python3.5/site-packages/py/_path'...
Listing './lib/python3.5/site-packages/py/_process'...
Listing './lib/python3.5/site-packages/py/_vendored_packages'...
Listing './lib/python3.5/site-packages/py-1.5.2.dist-info'...
Listing './lib/python3.5/site-packages/pyasn1'...
Listing './lib/python3.5/site-packages/pyasn1/codec'...
Listing './lib/python3.5/site-packages/pyasn1/codec/ber'...
Listing './lib/python3.5/site-packages/pyasn1/codec/cer'...
Listing './lib/python3.5/site-packages/pyasn1/codec/der'...
Listing './lib/python3.5/site-packages/pyasn1/codec/native'...
Listing './lib/python3.5/site-packages/pyasn1/compat'...
Listing './lib/python3.5/site-packages/pyasn1/type'...
Listing './lib/python3.5/site-packages/pyasn1-0.4.2.dist-info'...
Listing './lib/python3.5/site-packages/pyasn1_modules'...
Listing './lib/python3.5/site-packages/pyasn1_modules-0.2.1.dist-info'...
Listing './lib/python3.5/site-packages/pytest-3.3.2.dist-info'...
Listing './lib/python3.5/site-packages/pytest_cov'...
Listing './lib/python3.5/site-packages/pytest_cov-2.5.1.dist-info'...
Listing './lib/python3.5/site-packages/rsa'...
Listing './lib/python3.5/site-packages/rsa-3.4.2.dist-info'...
Listing './lib/python3.5/site-packages/setuptools'...
Listing './lib/python3.5/site-packages/setuptools/command'...
Listing './lib/python3.5/site-packages/setuptools/extern'...
Listing './lib/python3.5/site-packages/setuptools-32.3.1.dist-info'...
Listing './lib/python3.5/site-packages/six-1.11.0.dist-info'...
Listing './lib/python3.5/site-packages/tox'...
Listing './lib/python3.5/site-packages/tox-2.9.1.dist-info'...
Listing './lib/python3.5/site-packages/uritemplate'...
Listing './lib/python3.5/site-packages/uritemplate-3.0.0.dist-info'...
Listing './lib/python3.5/site-packages/virtualenv-15.1.0.dist-info'...
Listing './lib/python3.5/site-packages/virtualenv_support'...
Listing './share'...
Listing './share/python-wheels'...
