Listing '.'...
Listing './bin'...
Listing './include'...
Listing './lib'...
Listing './lib/python3.5'...
Listing './lib/python3.5/site-packages'...
Listing './lib/python3.5/site-packages/geolocator'...
Compiling './lib/python3.5/site-packages/geolocator/gislib.py'...
***   File "./lib/python3.5/site-packages/geolocator/gislib.py", line 64
    def DMSToDecimal((degrees,minutes,seconds)):
                     ^
SyntaxError: invalid syntax

Listing './lib/python3.5/site-packages/geolocator/providers'...
Compiling './lib/python3.5/site-packages/geolocator/providers/gns.py'...
***   File "./lib/python3.5/site-packages/geolocator/providers/gns.py", line 50
    print "Using %s as data source" % datafile
                                  ^
SyntaxError: Missing parentheses in call to 'print'

Compiling './lib/python3.5/site-packages/geolocator/providers/maxmind.py'...
***   File "./lib/python3.5/site-packages/geolocator/providers/maxmind.py", line 22
    except Exception, e:
                    ^
SyntaxError: invalid syntax

Listing './lib/python3.5/site-packages/geolocator/tests'...
Listing './lib/python3.5/site-packages/geolocator-0.1.1.egg-info'...
Listing './lib/python3.5/site-packages/pip'...
Listing './lib/python3.5/site-packages/pip/_vendor'...
Listing './lib/python3.5/site-packages/pip/commands'...
Listing './lib/python3.5/site-packages/pip/compat'...
Listing './lib/python3.5/site-packages/pip/models'...
Listing './lib/python3.5/site-packages/pip/operations'...
Listing './lib/python3.5/site-packages/pip/req'...
Listing './lib/python3.5/site-packages/pip/utils'...
Listing './lib/python3.5/site-packages/pip/vcs'...
Listing './lib/python3.5/site-packages/pip-9.0.1.dist-info'...
Listing './lib/python3.5/site-packages/pkg_resources'...
Listing './lib/python3.5/site-packages/pkg_resources/_vendor'...
Listing './lib/python3.5/site-packages/pkg_resources/_vendor/packaging'...
Listing './lib/python3.5/site-packages/pkg_resources/extern'...
Listing './lib/python3.5/site-packages/pkg_resources-0.0.0.dist-info'...
Listing './lib/python3.5/site-packages/setuptools'...
Listing './lib/python3.5/site-packages/setuptools/command'...
Listing './lib/python3.5/site-packages/setuptools/extern'...
Listing './lib/python3.5/site-packages/setuptools-32.3.1.dist-info'...
Listing './share'...
Listing './share/python-wheels'...
