Listing '.'...
Listing './bin'...
Listing './include'...
Listing './lib'...
Listing './lib/python3.5'...
Listing './lib/python3.5/site-packages'...
Listing './lib/python3.5/site-packages/antlerinator'...
Listing './lib/python3.5/site-packages/antlerinator-4.6.egg-info'...
Listing './lib/python3.5/site-packages/antlr4'...
Listing './lib/python3.5/site-packages/antlr4/atn'...
Listing './lib/python3.5/site-packages/antlr4/dfa'...
Listing './lib/python3.5/site-packages/antlr4/error'...
Listing './lib/python3.5/site-packages/antlr4/tree'...
Listing './lib/python3.5/site-packages/antlr4/xpath'...
Listing './lib/python3.5/site-packages/antlr4_python3_runtime-4.6.egg-info'...
Listing './lib/python3.5/site-packages/autopep8-1.3.3.egg-info'...
Listing './lib/python3.5/site-packages/grammarinator'...
Listing './lib/python3.5/site-packages/grammarinator/resources'...
Listing './lib/python3.5/site-packages/grammarinator/resources/antlr'...
Listing './lib/python3.5/site-packages/grammarinator/resources/antlr/src'...
Listing './lib/python3.5/site-packages/grammarinator/resources/antlr/src/main'...
Listing './lib/python3.5/site-packages/grammarinator/resources/antlr/src/main/java'...
Listing './lib/python3.5/site-packages/grammarinator/resources/antlr/src/main/java/org'...
Listing './lib/python3.5/site-packages/grammarinator/runtime'...
Listing './lib/python3.5/site-packages/grammarinator-17.7.egg-info'...
Listing './lib/python3.5/site-packages/pip'...
Listing './lib/python3.5/site-packages/pip/_vendor'...
Listing './lib/python3.5/site-packages/pip/commands'...
Listing './lib/python3.5/site-packages/pip/compat'...
Listing './lib/python3.5/site-packages/pip/models'...
Listing './lib/python3.5/site-packages/pip/operations'...
Listing './lib/python3.5/site-packages/pip/req'...
Listing './lib/python3.5/site-packages/pip/utils'...
Listing './lib/python3.5/site-packages/pip/vcs'...
Listing './lib/python3.5/site-packages/pip-9.0.1.dist-info'...
Listing './lib/python3.5/site-packages/pkg_resources'...
Listing './lib/python3.5/site-packages/pkg_resources/_vendor'...
Listing './lib/python3.5/site-packages/pkg_resources/_vendor/packaging'...
Listing './lib/python3.5/site-packages/pkg_resources/extern'...
Listing './lib/python3.5/site-packages/pkg_resources-0.0.0.dist-info'...
Listing './lib/python3.5/site-packages/pycodestyle-2.3.1.dist-info'...
Listing './lib/python3.5/site-packages/setuptools'...
Listing './lib/python3.5/site-packages/setuptools/command'...
Listing './lib/python3.5/site-packages/setuptools/extern'...
Listing './lib/python3.5/site-packages/setuptools-32.3.1.dist-info'...
Listing './share'...
Listing './share/python-wheels'...
