Listing '.'...
Listing './bin'...
Listing './include'...
Listing './lib'...
Listing './lib/python3.5'...
Listing './lib/python3.5/site-packages'...
Listing './lib/python3.5/site-packages/Unidecode-1.0.22.dist-info'...
Listing './lib/python3.5/site-packages/colorama'...
Listing './lib/python3.5/site-packages/colorama-0.3.9.dist-info'...
Listing './lib/python3.5/site-packages/coverage'...
Listing './lib/python3.5/site-packages/coverage/fullcoverage'...
Listing './lib/python3.5/site-packages/coverage/htmlfiles'...
Listing './lib/python3.5/site-packages/coverage-4.4.2.dist-info'...
Listing './lib/python3.5/site-packages/green'...
Listing './lib/python3.5/site-packages/green/test'...
Listing './lib/python3.5/site-packages/green-2.12.0.egg-info'...
Listing './lib/python3.5/site-packages/pip'...
Listing './lib/python3.5/site-packages/pip/_vendor'...
Listing './lib/python3.5/site-packages/pip/commands'...
Listing './lib/python3.5/site-packages/pip/compat'...
Listing './lib/python3.5/site-packages/pip/models'...
Listing './lib/python3.5/site-packages/pip/operations'...
Listing './lib/python3.5/site-packages/pip/req'...
Listing './lib/python3.5/site-packages/pip/utils'...
Listing './lib/python3.5/site-packages/pip/vcs'...
Listing './lib/python3.5/site-packages/pip-9.0.1.dist-info'...
Listing './lib/python3.5/site-packages/pkg_resources'...
Listing './lib/python3.5/site-packages/pkg_resources/_vendor'...
Listing './lib/python3.5/site-packages/pkg_resources/_vendor/packaging'...
Listing './lib/python3.5/site-packages/pkg_resources/extern'...
Listing './lib/python3.5/site-packages/pkg_resources-0.0.0.dist-info'...
Listing './lib/python3.5/site-packages/python_termstyle-0.1.10.egg-info'...
Listing './lib/python3.5/site-packages/setuptools'...
Listing './lib/python3.5/site-packages/setuptools/command'...
Listing './lib/python3.5/site-packages/setuptools/extern'...
Listing './lib/python3.5/site-packages/setuptools-32.3.1.dist-info'...
Listing './lib/python3.5/site-packages/unidecode'...
Listing './share'...
Listing './share/python-wheels'...
