Listing '.'...
Listing './bin'...
Listing './include'...
Listing './lib'...
Listing './lib/python3.5'...
Listing './lib/python3.5/site-packages'...
Listing './lib/python3.5/site-packages/PyYAML-3.12.egg-info'...
Listing './lib/python3.5/site-packages/Python_EasyConfig-0.1.6.dist-info'...
Listing './lib/python3.5/site-packages/Python_RESTArt-0.1.5.dist-info'...
Listing './lib/python3.5/site-packages/Werkzeug-0.14.1.dist-info'...
Listing './lib/python3.5/site-packages/click'...
Listing './lib/python3.5/site-packages/click-4.0.dist-info'...
Listing './lib/python3.5/site-packages/easyconfig'...
Listing './lib/python3.5/site-packages/google'...
Listing './lib/python3.5/site-packages/google/protobuf'...
Listing './lib/python3.5/site-packages/google/protobuf/compiler'...
Listing './lib/python3.5/site-packages/google/protobuf/internal'...
Listing './lib/python3.5/site-packages/google/protobuf/internal/import_test_package'...
Listing './lib/python3.5/site-packages/google/protobuf/pyext'...
Listing './lib/python3.5/site-packages/google/protobuf/util'...
Listing './lib/python3.5/site-packages/grpc'...
Listing './lib/python3.5/site-packages/grpc/_cython'...
Listing './lib/python3.5/site-packages/grpc/_cython/_credentials'...
Listing './lib/python3.5/site-packages/grpc/_cython/_cygrpc'...
Listing './lib/python3.5/site-packages/grpc/beta'...
Listing './lib/python3.5/site-packages/grpc/framework'...
Listing './lib/python3.5/site-packages/grpc/framework/common'...
Listing './lib/python3.5/site-packages/grpc/framework/foundation'...
Listing './lib/python3.5/site-packages/grpc/framework/interfaces'...
Listing './lib/python3.5/site-packages/grpc/framework/interfaces/base'...
Listing './lib/python3.5/site-packages/grpc/framework/interfaces/face'...
Listing './lib/python3.5/site-packages/grpc_pytools'...
Listing './lib/python3.5/site-packages/grpc_pytools/protoc_plugins'...
Listing './lib/python3.5/site-packages/grpc_pytools-0.1.2.dist-info'...
Listing './lib/python3.5/site-packages/grpcio-1.8.4.dist-info'...
Listing './lib/python3.5/site-packages/marshmallow'...
Listing './lib/python3.5/site-packages/marshmallow-2.15.0.dist-info'...
Listing './lib/python3.5/site-packages/pip'...
Listing './lib/python3.5/site-packages/pip/_vendor'...
Listing './lib/python3.5/site-packages/pip/commands'...
Listing './lib/python3.5/site-packages/pip/compat'...
Listing './lib/python3.5/site-packages/pip/models'...
Listing './lib/python3.5/site-packages/pip/operations'...
Listing './lib/python3.5/site-packages/pip/req'...
Listing './lib/python3.5/site-packages/pip/utils'...
Listing './lib/python3.5/site-packages/pip/vcs'...
Listing './lib/python3.5/site-packages/pip-9.0.1.dist-info'...
Listing './lib/python3.5/site-packages/pkg_resources'...
Listing './lib/python3.5/site-packages/pkg_resources/_vendor'...
Listing './lib/python3.5/site-packages/pkg_resources/_vendor/packaging'...
Listing './lib/python3.5/site-packages/pkg_resources/extern'...
Listing './lib/python3.5/site-packages/pkg_resources-0.0.0.dist-info'...
Listing './lib/python3.5/site-packages/protobuf-3.5.1.dist-info'...
Listing './lib/python3.5/site-packages/restart'...
Listing './lib/python3.5/site-packages/restart/config'...
Listing './lib/python3.5/site-packages/restart/ext'...
Listing './lib/python3.5/site-packages/setuptools'...
Listing './lib/python3.5/site-packages/setuptools/command'...
Listing './lib/python3.5/site-packages/setuptools/extern'...
Listing './lib/python3.5/site-packages/setuptools-32.3.1.dist-info'...
Listing './lib/python3.5/site-packages/six-1.9.0.dist-info'...
Listing './lib/python3.5/site-packages/werkzeug'...
Listing './lib/python3.5/site-packages/werkzeug/contrib'...
Listing './lib/python3.5/site-packages/werkzeug/debug'...
Listing './lib/python3.5/site-packages/werkzeug/debug/shared'...
Listing './lib/python3.5/site-packages/yaml'...
Listing './share'...
Listing './share/python-wheels'...
