Listing '.'...
Listing './bin'...
Listing './include'...
Listing './lib'...
Listing './lib/python3.5'...
Listing './lib/python3.5/site-packages'...
Listing './lib/python3.5/site-packages/Hanita-0.1.2.dist-info'...
Listing './lib/python3.5/site-packages/Jinja2-2.10.dist-info'...
Listing './lib/python3.5/site-packages/MarkupSafe-1.0.egg-info'...
Listing './lib/python3.5/site-packages/OpenGL'...
Listing './lib/python3.5/site-packages/OpenGL/AGL'...
Listing './lib/python3.5/site-packages/OpenGL/EGL'...
Listing './lib/python3.5/site-packages/OpenGL/EGL/ANDROID'...
Listing './lib/python3.5/site-packages/OpenGL/EGL/ANGLE'...
Listing './lib/python3.5/site-packages/OpenGL/EGL/ARM'...
Listing './lib/python3.5/site-packages/OpenGL/EGL/EXT'...
Listing './lib/python3.5/site-packages/OpenGL/EGL/HI'...
Listing './lib/python3.5/site-packages/OpenGL/EGL/IMG'...
Listing './lib/python3.5/site-packages/OpenGL/EGL/KHR'...
Listing './lib/python3.5/site-packages/OpenGL/EGL/MESA'...
Listing './lib/python3.5/site-packages/OpenGL/EGL/NOK'...
Listing './lib/python3.5/site-packages/OpenGL/EGL/NV'...
Listing './lib/python3.5/site-packages/OpenGL/EGL/VERSION'...
Listing './lib/python3.5/site-packages/OpenGL/GL'...
Listing './lib/python3.5/site-packages/OpenGL/GL/AMD'...
Listing './lib/python3.5/site-packages/OpenGL/GL/ANGLE'...
Listing './lib/python3.5/site-packages/OpenGL/GL/APPLE'...
Listing './lib/python3.5/site-packages/OpenGL/GL/ARB'...
Listing './lib/python3.5/site-packages/OpenGL/GL/ARM'...
Listing './lib/python3.5/site-packages/OpenGL/GL/ATI'...
Listing './lib/python3.5/site-packages/OpenGL/GL/DFX'...
Listing './lib/python3.5/site-packages/OpenGL/GL/DMP'...
Listing './lib/python3.5/site-packages/OpenGL/GL/EXT'...
Listing './lib/python3.5/site-packages/OpenGL/GL/FJ'...
Listing './lib/python3.5/site-packages/OpenGL/GL/GREMEDY'...
Listing './lib/python3.5/site-packages/OpenGL/GL/HP'...
Listing './lib/python3.5/site-packages/OpenGL/GL/IBM'...
Listing './lib/python3.5/site-packages/OpenGL/GL/IMG'...
Listing './lib/python3.5/site-packages/OpenGL/GL/INGR'...
Listing './lib/python3.5/site-packages/OpenGL/GL/INTEL'...
Listing './lib/python3.5/site-packages/OpenGL/GL/KHR'...
Listing './lib/python3.5/site-packages/OpenGL/GL/MESA'...
Listing './lib/python3.5/site-packages/OpenGL/GL/MESAX'...
Listing './lib/python3.5/site-packages/OpenGL/GL/NV'...
Listing './lib/python3.5/site-packages/OpenGL/GL/NVX'...
Listing './lib/python3.5/site-packages/OpenGL/GL/OES'...
Listing './lib/python3.5/site-packages/OpenGL/GL/OML'...
Listing './lib/python3.5/site-packages/OpenGL/GL/PGI'...
Listing './lib/python3.5/site-packages/OpenGL/GL/QCOM'...
Listing './lib/python3.5/site-packages/OpenGL/GL/REND'...
Listing './lib/python3.5/site-packages/OpenGL/GL/S3'...
Listing './lib/python3.5/site-packages/OpenGL/GL/SGI'...
Listing './lib/python3.5/site-packages/OpenGL/GL/SGIS'...
Listing './lib/python3.5/site-packages/OpenGL/GL/SGIX'...
Listing './lib/python3.5/site-packages/OpenGL/GL/SUN'...
Listing './lib/python3.5/site-packages/OpenGL/GL/SUNX'...
Listing './lib/python3.5/site-packages/OpenGL/GL/VERSION'...
Listing './lib/python3.5/site-packages/OpenGL/GL/VIV'...
Listing './lib/python3.5/site-packages/OpenGL/GL/WIN'...
Listing './lib/python3.5/site-packages/OpenGL/GLE'...
Listing './lib/python3.5/site-packages/OpenGL/GLES1'...
Listing './lib/python3.5/site-packages/OpenGL/GLES1/AMD'...
Listing './lib/python3.5/site-packages/OpenGL/GLES1/APPLE'...
Listing './lib/python3.5/site-packages/OpenGL/GLES1/ARM'...
Listing './lib/python3.5/site-packages/OpenGL/GLES1/EXT'...
Listing './lib/python3.5/site-packages/OpenGL/GLES1/IMG'...
Listing './lib/python3.5/site-packages/OpenGL/GLES1/NV'...
Listing './lib/python3.5/site-packages/OpenGL/GLES1/OES'...
Listing './lib/python3.5/site-packages/OpenGL/GLES1/QCOM'...
Listing './lib/python3.5/site-packages/OpenGL/GLES1/VERSION'...
Listing './lib/python3.5/site-packages/OpenGL/GLES2'...
Listing './lib/python3.5/site-packages/OpenGL/GLES2/AMD'...
Listing './lib/python3.5/site-packages/OpenGL/GLES2/ANGLE'...
Listing './lib/python3.5/site-packages/OpenGL/GLES2/APPLE'...
Listing './lib/python3.5/site-packages/OpenGL/GLES2/ARM'...
Listing './lib/python3.5/site-packages/OpenGL/GLES2/DMP'...
Listing './lib/python3.5/site-packages/OpenGL/GLES2/EXT'...
Listing './lib/python3.5/site-packages/OpenGL/GLES2/FJ'...
Listing './lib/python3.5/site-packages/OpenGL/GLES2/IMG'...
Listing './lib/python3.5/site-packages/OpenGL/GLES2/INTEL'...
Listing './lib/python3.5/site-packages/OpenGL/GLES2/KHR'...
Listing './lib/python3.5/site-packages/OpenGL/GLES2/NV'...
Listing './lib/python3.5/site-packages/OpenGL/GLES2/OES'...
Listing './lib/python3.5/site-packages/OpenGL/GLES2/QCOM'...
Listing './lib/python3.5/site-packages/OpenGL/GLES2/VERSION'...
Listing './lib/python3.5/site-packages/OpenGL/GLES2/VIV'...
Listing './lib/python3.5/site-packages/OpenGL/GLES3'...
Listing './lib/python3.5/site-packages/OpenGL/GLES3/VERSION'...
Listing './lib/python3.5/site-packages/OpenGL/GLU'...
Listing './lib/python3.5/site-packages/OpenGL/GLU/EXT'...
Listing './lib/python3.5/site-packages/OpenGL/GLUT'...
Listing './lib/python3.5/site-packages/OpenGL/GLX'...
Listing './lib/python3.5/site-packages/OpenGL/GLX/AMD'...
Listing './lib/python3.5/site-packages/OpenGL/GLX/ARB'...
Listing './lib/python3.5/site-packages/OpenGL/GLX/DFX'...
Listing './lib/python3.5/site-packages/OpenGL/GLX/EXT'...
Listing './lib/python3.5/site-packages/OpenGL/GLX/INTEL'...
Listing './lib/python3.5/site-packages/OpenGL/GLX/MESA'...
Listing './lib/python3.5/site-packages/OpenGL/GLX/NV'...
Listing './lib/python3.5/site-packages/OpenGL/GLX/OML'...
Listing './lib/python3.5/site-packages/OpenGL/GLX/SGI'...
Listing './lib/python3.5/site-packages/OpenGL/GLX/SGIS'...
Listing './lib/python3.5/site-packages/OpenGL/GLX/SGIX'...
Listing './lib/python3.5/site-packages/OpenGL/GLX/SUN'...
Listing './lib/python3.5/site-packages/OpenGL/GLX/VERSION'...
Listing './lib/python3.5/site-packages/OpenGL/Tk'...
Listing './lib/python3.5/site-packages/OpenGL/WGL'...
Listing './lib/python3.5/site-packages/OpenGL/WGL/AMD'...
Listing './lib/python3.5/site-packages/OpenGL/WGL/ARB'...
Listing './lib/python3.5/site-packages/OpenGL/WGL/ATI'...
Listing './lib/python3.5/site-packages/OpenGL/WGL/DFX'...
Listing './lib/python3.5/site-packages/OpenGL/WGL/DL'...
Listing './lib/python3.5/site-packages/OpenGL/WGL/EXT'...
Listing './lib/python3.5/site-packages/OpenGL/WGL/I3D'...
Listing './lib/python3.5/site-packages/OpenGL/WGL/NV'...
Listing './lib/python3.5/site-packages/OpenGL/WGL/OML'...
Listing './lib/python3.5/site-packages/OpenGL/WGL/VERSION'...
Listing './lib/python3.5/site-packages/OpenGL/arrays'...
Listing './lib/python3.5/site-packages/OpenGL/osmesa'...
Listing './lib/python3.5/site-packages/OpenGL/platform'...
Listing './lib/python3.5/site-packages/OpenGL/raw'...
Listing './lib/python3.5/site-packages/OpenGL/raw/EGL'...
Listing './lib/python3.5/site-packages/OpenGL/raw/EGL/ANDROID'...
Listing './lib/python3.5/site-packages/OpenGL/raw/EGL/ANGLE'...
Listing './lib/python3.5/site-packages/OpenGL/raw/EGL/ARM'...
Listing './lib/python3.5/site-packages/OpenGL/raw/EGL/EXT'...
Listing './lib/python3.5/site-packages/OpenGL/raw/EGL/HI'...
Listing './lib/python3.5/site-packages/OpenGL/raw/EGL/IMG'...
Listing './lib/python3.5/site-packages/OpenGL/raw/EGL/KHR'...
Listing './lib/python3.5/site-packages/OpenGL/raw/EGL/MESA'...
Listing './lib/python3.5/site-packages/OpenGL/raw/EGL/NOK'...
Listing './lib/python3.5/site-packages/OpenGL/raw/EGL/NV'...
Listing './lib/python3.5/site-packages/OpenGL/raw/EGL/VERSION'...
Listing './lib/python3.5/site-packages/OpenGL/raw/GL'...
Listing './lib/python3.5/site-packages/OpenGL/raw/GL/AMD'...
Listing './lib/python3.5/site-packages/OpenGL/raw/GL/ANGLE'...
Listing './lib/python3.5/site-packages/OpenGL/raw/GL/APPLE'...
Listing './lib/python3.5/site-packages/OpenGL/raw/GL/ARB'...
Listing './lib/python3.5/site-packages/OpenGL/raw/GL/ARM'...
Listing './lib/python3.5/site-packages/OpenGL/raw/GL/ATI'...
Listing './lib/python3.5/site-packages/OpenGL/raw/GL/DFX'...
Listing './lib/python3.5/site-packages/OpenGL/raw/GL/DMP'...
Listing './lib/python3.5/site-packages/OpenGL/raw/GL/EXT'...
Listing './lib/python3.5/site-packages/OpenGL/raw/GL/FJ'...
Listing './lib/python3.5/site-packages/OpenGL/raw/GL/GREMEDY'...
Listing './lib/python3.5/site-packages/OpenGL/raw/GL/HP'...
Listing './lib/python3.5/site-packages/OpenGL/raw/GL/IBM'...
Listing './lib/python3.5/site-packages/OpenGL/raw/GL/IMG'...
Listing './lib/python3.5/site-packages/OpenGL/raw/GL/INGR'...
Listing './lib/python3.5/site-packages/OpenGL/raw/GL/INTEL'...
Listing './lib/python3.5/site-packages/OpenGL/raw/GL/KHR'...
Listing './lib/python3.5/site-packages/OpenGL/raw/GL/MESA'...
Listing './lib/python3.5/site-packages/OpenGL/raw/GL/MESAX'...
Listing './lib/python3.5/site-packages/OpenGL/raw/GL/NV'...
Listing './lib/python3.5/site-packages/OpenGL/raw/GL/NVX'...
Listing './lib/python3.5/site-packages/OpenGL/raw/GL/OES'...
Listing './lib/python3.5/site-packages/OpenGL/raw/GL/OML'...
Listing './lib/python3.5/site-packages/OpenGL/raw/GL/PGI'...
Listing './lib/python3.5/site-packages/OpenGL/raw/GL/QCOM'...
Listing './lib/python3.5/site-packages/OpenGL/raw/GL/REND'...
Listing './lib/python3.5/site-packages/OpenGL/raw/GL/S3'...
Listing './lib/python3.5/site-packages/OpenGL/raw/GL/SGI'...
Listing './lib/python3.5/site-packages/OpenGL/raw/GL/SGIS'...
Listing './lib/python3.5/site-packages/OpenGL/raw/GL/SGIX'...
Listing './lib/python3.5/site-packages/OpenGL/raw/GL/SUN'...
Listing './lib/python3.5/site-packages/OpenGL/raw/GL/SUNX'...
Listing './lib/python3.5/site-packages/OpenGL/raw/GL/VERSION'...
Listing './lib/python3.5/site-packages/OpenGL/raw/GL/VIV'...
Listing './lib/python3.5/site-packages/OpenGL/raw/GL/WIN'...
Listing './lib/python3.5/site-packages/OpenGL/raw/GLE'...
Listing './lib/python3.5/site-packages/OpenGL/raw/GLES1'...
Listing './lib/python3.5/site-packages/OpenGL/raw/GLES1/AMD'...
Listing './lib/python3.5/site-packages/OpenGL/raw/GLES1/APPLE'...
Listing './lib/python3.5/site-packages/OpenGL/raw/GLES1/ARM'...
Listing './lib/python3.5/site-packages/OpenGL/raw/GLES1/EXT'...
Listing './lib/python3.5/site-packages/OpenGL/raw/GLES1/IMG'...
Listing './lib/python3.5/site-packages/OpenGL/raw/GLES1/NV'...
Listing './lib/python3.5/site-packages/OpenGL/raw/GLES1/OES'...
Listing './lib/python3.5/site-packages/OpenGL/raw/GLES1/QCOM'...
Listing './lib/python3.5/site-packages/OpenGL/raw/GLES1/VERSION'...
Listing './lib/python3.5/site-packages/OpenGL/raw/GLES2'...
Listing './lib/python3.5/site-packages/OpenGL/raw/GLES2/AMD'...
Listing './lib/python3.5/site-packages/OpenGL/raw/GLES2/ANGLE'...
Listing './lib/python3.5/site-packages/OpenGL/raw/GLES2/APPLE'...
Listing './lib/python3.5/site-packages/OpenGL/raw/GLES2/ARM'...
Listing './lib/python3.5/site-packages/OpenGL/raw/GLES2/DMP'...
Listing './lib/python3.5/site-packages/OpenGL/raw/GLES2/EXT'...
Listing './lib/python3.5/site-packages/OpenGL/raw/GLES2/FJ'...
Listing './lib/python3.5/site-packages/OpenGL/raw/GLES2/IMG'...
Listing './lib/python3.5/site-packages/OpenGL/raw/GLES2/INTEL'...
Listing './lib/python3.5/site-packages/OpenGL/raw/GLES2/KHR'...
Listing './lib/python3.5/site-packages/OpenGL/raw/GLES2/NV'...
Listing './lib/python3.5/site-packages/OpenGL/raw/GLES2/OES'...
Listing './lib/python3.5/site-packages/OpenGL/raw/GLES2/QCOM'...
Listing './lib/python3.5/site-packages/OpenGL/raw/GLES2/VERSION'...
Listing './lib/python3.5/site-packages/OpenGL/raw/GLES2/VIV'...
Listing './lib/python3.5/site-packages/OpenGL/raw/GLES3'...
Listing './lib/python3.5/site-packages/OpenGL/raw/GLES3/VERSION'...
Listing './lib/python3.5/site-packages/OpenGL/raw/GLU'...
Listing './lib/python3.5/site-packages/OpenGL/raw/GLUT'...
Listing './lib/python3.5/site-packages/OpenGL/raw/GLX'...
Listing './lib/python3.5/site-packages/OpenGL/raw/GLX/AMD'...
Listing './lib/python3.5/site-packages/OpenGL/raw/GLX/ARB'...
Listing './lib/python3.5/site-packages/OpenGL/raw/GLX/DFX'...
Listing './lib/python3.5/site-packages/OpenGL/raw/GLX/EXT'...
Listing './lib/python3.5/site-packages/OpenGL/raw/GLX/INTEL'...
Listing './lib/python3.5/site-packages/OpenGL/raw/GLX/MESA'...
Listing './lib/python3.5/site-packages/OpenGL/raw/GLX/NV'...
Listing './lib/python3.5/site-packages/OpenGL/raw/GLX/OML'...
Listing './lib/python3.5/site-packages/OpenGL/raw/GLX/SGI'...
Listing './lib/python3.5/site-packages/OpenGL/raw/GLX/SGIS'...
Listing './lib/python3.5/site-packages/OpenGL/raw/GLX/SGIX'...
Listing './lib/python3.5/site-packages/OpenGL/raw/GLX/SUN'...
Listing './lib/python3.5/site-packages/OpenGL/raw/GLX/VERSION'...
Listing './lib/python3.5/site-packages/OpenGL/raw/WGL'...
Listing './lib/python3.5/site-packages/OpenGL/raw/WGL/AMD'...
Listing './lib/python3.5/site-packages/OpenGL/raw/WGL/ARB'...
Listing './lib/python3.5/site-packages/OpenGL/raw/WGL/ATI'...
Listing './lib/python3.5/site-packages/OpenGL/raw/WGL/DFX'...
Listing './lib/python3.5/site-packages/OpenGL/raw/WGL/DL'...
Listing './lib/python3.5/site-packages/OpenGL/raw/WGL/EXT'...
Listing './lib/python3.5/site-packages/OpenGL/raw/WGL/I3D'...
Listing './lib/python3.5/site-packages/OpenGL/raw/WGL/NV'...
Listing './lib/python3.5/site-packages/OpenGL/raw/WGL/OML'...
Listing './lib/python3.5/site-packages/OpenGL/raw/WGL/VERSION'...
Listing './lib/python3.5/site-packages/OpenGL/raw/osmesa'...
Listing './lib/python3.5/site-packages/PIL'...
Listing './lib/python3.5/site-packages/PIL/.libs'...
Listing './lib/python3.5/site-packages/Pillow-5.0.0.dist-info'...
Listing './lib/python3.5/site-packages/PyOpenGL-3.1.0.egg-info'...
Listing './lib/python3.5/site-packages/PyQt5'...
Listing './lib/python3.5/site-packages/PyQt5/Qt'...
Listing './lib/python3.5/site-packages/PyQt5/Qt/lib'...
Listing './lib/python3.5/site-packages/PyQt5/Qt/libexec'...
Listing './lib/python3.5/site-packages/PyQt5/Qt/plugins'...
Listing './lib/python3.5/site-packages/PyQt5/Qt/plugins/audio'...
Listing './lib/python3.5/site-packages/PyQt5/Qt/plugins/bearer'...
Listing './lib/python3.5/site-packages/PyQt5/Qt/plugins/egldeviceintegrations'...
Listing './lib/python3.5/site-packages/PyQt5/Qt/plugins/gamepads'...
Listing './lib/python3.5/site-packages/PyQt5/Qt/plugins/generic'...
Listing './lib/python3.5/site-packages/PyQt5/Qt/plugins/geometryloaders'...
Listing './lib/python3.5/site-packages/PyQt5/Qt/plugins/geoservices'...
Listing './lib/python3.5/site-packages/PyQt5/Qt/plugins/iconengines'...
Listing './lib/python3.5/site-packages/PyQt5/Qt/plugins/imageformats'...
Listing './lib/python3.5/site-packages/PyQt5/Qt/plugins/mediaservice'...
Listing './lib/python3.5/site-packages/PyQt5/Qt/plugins/platforminputcontexts'...
Listing './lib/python3.5/site-packages/PyQt5/Qt/plugins/platforms'...
Listing './lib/python3.5/site-packages/PyQt5/Qt/plugins/platformthemes'...
Listing './lib/python3.5/site-packages/PyQt5/Qt/plugins/playlistformats'...
Listing './lib/python3.5/site-packages/PyQt5/Qt/plugins/position'...
Listing './lib/python3.5/site-packages/PyQt5/Qt/plugins/printsupport'...
Listing './lib/python3.5/site-packages/PyQt5/Qt/plugins/renderplugins'...
Listing './lib/python3.5/site-packages/PyQt5/Qt/plugins/sceneparsers'...
Listing './lib/python3.5/site-packages/PyQt5/Qt/plugins/sensorgestures'...
Listing './lib/python3.5/site-packages/PyQt5/Qt/plugins/sensors'...
Listing './lib/python3.5/site-packages/PyQt5/Qt/plugins/sqldrivers'...
Listing './lib/python3.5/site-packages/PyQt5/Qt/plugins/xcbglintegrations'...
Listing './lib/python3.5/site-packages/PyQt5/Qt/qml'...
Listing './lib/python3.5/site-packages/PyQt5/Qt/qml/Qt'...
Listing './lib/python3.5/site-packages/PyQt5/Qt/qml/Qt/WebSockets'...
Listing './lib/python3.5/site-packages/PyQt5/Qt/qml/Qt/labs'...
Listing './lib/python3.5/site-packages/PyQt5/Qt/qml/Qt/labs/calendar'...
Listing './lib/python3.5/site-packages/PyQt5/Qt/qml/Qt/labs/folderlistmodel'...
Listing './lib/python3.5/site-packages/PyQt5/Qt/qml/Qt/labs/platform'...
Listing './lib/python3.5/site-packages/PyQt5/Qt/qml/Qt/labs/settings'...
Listing './lib/python3.5/site-packages/PyQt5/Qt/qml/Qt/labs/sharedimage'...
Listing './lib/python3.5/site-packages/PyQt5/Qt/qml/QtBluetooth'...
Listing './lib/python3.5/site-packages/PyQt5/Qt/qml/QtCanvas3D'...
Listing './lib/python3.5/site-packages/PyQt5/Qt/qml/QtGraphicalEffects'...
Listing './lib/python3.5/site-packages/PyQt5/Qt/qml/QtGraphicalEffects/private'...
Listing './lib/python3.5/site-packages/PyQt5/Qt/qml/QtLocation'...
Listing './lib/python3.5/site-packages/PyQt5/Qt/qml/QtMultimedia'...
Listing './lib/python3.5/site-packages/PyQt5/Qt/qml/QtNfc'...
Listing './lib/python3.5/site-packages/PyQt5/Qt/qml/QtPositioning'...
Listing './lib/python3.5/site-packages/PyQt5/Qt/qml/QtQml'...
Listing './lib/python3.5/site-packages/PyQt5/Qt/qml/QtQml/Models.2'...
Listing './lib/python3.5/site-packages/PyQt5/Qt/qml/QtQml/StateMachine'...
Listing './lib/python3.5/site-packages/PyQt5/Qt/qml/QtQuick'...
Listing './lib/python3.5/site-packages/PyQt5/Qt/qml/QtQuick/Controls'...
Listing './lib/python3.5/site-packages/PyQt5/Qt/qml/QtQuick/Controls/Private'...
Listing './lib/python3.5/site-packages/PyQt5/Qt/qml/QtQuick/Controls/Styles'...
Listing './lib/python3.5/site-packages/PyQt5/Qt/qml/QtQuick/Controls/Styles/Base'...
Listing './lib/python3.5/site-packages/PyQt5/Qt/qml/QtQuick/Controls/Styles/Desktop'...
Listing './lib/python3.5/site-packages/PyQt5/Qt/qml/QtQuick/Controls/Styles/Flat'...
Listing './lib/python3.5/site-packages/PyQt5/Qt/qml/QtQuick/Controls.2'...
Listing './lib/python3.5/site-packages/PyQt5/Qt/qml/QtQuick/Controls.2/Material'...
Listing './lib/python3.5/site-packages/PyQt5/Qt/qml/QtQuick/Controls.2/Universal'...
Listing './lib/python3.5/site-packages/PyQt5/Qt/qml/QtQuick/Controls.2/designer'...
Listing './lib/python3.5/site-packages/PyQt5/Qt/qml/QtQuick/Controls.2/designer/images'...
Listing './lib/python3.5/site-packages/PyQt5/Qt/qml/QtQuick/Dialogs'...
Listing './lib/python3.5/site-packages/PyQt5/Qt/qml/QtQuick/Dialogs/Private'...
Listing './lib/python3.5/site-packages/PyQt5/Qt/qml/QtQuick/Dialogs/images'...
Listing './lib/python3.5/site-packages/PyQt5/Qt/qml/QtQuick/Dialogs/qml'...
Listing './lib/python3.5/site-packages/PyQt5/Qt/qml/QtQuick/Extras'...
Listing './lib/python3.5/site-packages/PyQt5/Qt/qml/QtQuick/Extras/Private'...
Listing './lib/python3.5/site-packages/PyQt5/Qt/qml/QtQuick/Extras/designer'...
Listing './lib/python3.5/site-packages/PyQt5/Qt/qml/QtQuick/Extras/designer/images'...
Listing './lib/python3.5/site-packages/PyQt5/Qt/qml/QtQuick/Layouts'...
Listing './lib/python3.5/site-packages/PyQt5/Qt/qml/QtQuick/LocalStorage'...
Listing './lib/python3.5/site-packages/PyQt5/Qt/qml/QtQuick/Particles.2'...
Listing './lib/python3.5/site-packages/PyQt5/Qt/qml/QtQuick/PrivateWidgets'...
Listing './lib/python3.5/site-packages/PyQt5/Qt/qml/QtQuick/Scene2D'...
Listing './lib/python3.5/site-packages/PyQt5/Qt/qml/QtQuick/Scene3D'...
Listing './lib/python3.5/site-packages/PyQt5/Qt/qml/QtQuick/Templates.2'...
Listing './lib/python3.5/site-packages/PyQt5/Qt/qml/QtQuick/Window.2'...
Listing './lib/python3.5/site-packages/PyQt5/Qt/qml/QtQuick/XmlListModel'...
Listing './lib/python3.5/site-packages/PyQt5/Qt/qml/QtQuick.2'...
Listing './lib/python3.5/site-packages/PyQt5/Qt/qml/QtSensors'...
Listing './lib/python3.5/site-packages/PyQt5/Qt/qml/QtTest'...
Listing './lib/python3.5/site-packages/PyQt5/Qt/qml/QtWebChannel'...
Listing './lib/python3.5/site-packages/PyQt5/Qt/qml/QtWebEngine'...
Listing './lib/python3.5/site-packages/PyQt5/Qt/qml/QtWebEngine/Controls1Delegates'...
Listing './lib/python3.5/site-packages/PyQt5/Qt/qml/QtWebEngine/Controls2Delegates'...
Listing './lib/python3.5/site-packages/PyQt5/Qt/qml/QtWebSockets'...
Listing './lib/python3.5/site-packages/PyQt5/Qt/resources'...
Listing './lib/python3.5/site-packages/PyQt5/Qt/translations'...
Listing './lib/python3.5/site-packages/PyQt5/Qt/translations/qtwebengine_locales'...
Listing './lib/python3.5/site-packages/PyQt5/uic'...
Listing './lib/python3.5/site-packages/PyQt5/uic/Compiler'...
Listing './lib/python3.5/site-packages/PyQt5/uic/Loader'...
Listing './lib/python3.5/site-packages/PyQt5/uic/port_v2'...
Listing './lib/python3.5/site-packages/PyQt5/uic/port_v3'...
Listing './lib/python3.5/site-packages/PyQt5/uic/widget-plugins'...
Listing './lib/python3.5/site-packages/PyQt5-5.9.dist-info'...
Listing './lib/python3.5/site-packages/SQLAlchemy-1.1.15.egg-info'...
Listing './lib/python3.5/site-packages/hanita'...
Listing './lib/python3.5/site-packages/hanita/forms'...
Listing './lib/python3.5/site-packages/hanita/forms/templates'...
Listing './lib/python3.5/site-packages/hanita_JIM'...
Listing './lib/python3.5/site-packages/hanita_server'...
Listing './lib/python3.5/site-packages/hanita_server/avatars'...
Listing './lib/python3.5/site-packages/jinja2'...
Compiling './lib/python3.5/site-packages/jinja2/asyncfilters.py'...
***   File "./lib/python3.5/site-packages/jinja2/asyncfilters.py", line 24
    yield item
    ^
SyntaxError: 'yield' inside async function

Compiling './lib/python3.5/site-packages/jinja2/asyncsupport.py'...
***   File "./lib/python3.5/site-packages/jinja2/asyncsupport.py", line 35
    yield event
    ^
SyntaxError: 'yield' inside async function

Listing './lib/python3.5/site-packages/markupsafe'...
Listing './lib/python3.5/site-packages/pip'...
Listing './lib/python3.5/site-packages/pip/_vendor'...
Listing './lib/python3.5/site-packages/pip/commands'...
Listing './lib/python3.5/site-packages/pip/compat'...
Listing './lib/python3.5/site-packages/pip/models'...
Listing './lib/python3.5/site-packages/pip/operations'...
Listing './lib/python3.5/site-packages/pip/req'...
Listing './lib/python3.5/site-packages/pip/utils'...
Listing './lib/python3.5/site-packages/pip/vcs'...
Listing './lib/python3.5/site-packages/pip-9.0.1.dist-info'...
Listing './lib/python3.5/site-packages/pkg_resources'...
Listing './lib/python3.5/site-packages/pkg_resources/_vendor'...
Listing './lib/python3.5/site-packages/pkg_resources/_vendor/packaging'...
Listing './lib/python3.5/site-packages/pkg_resources/extern'...
Listing './lib/python3.5/site-packages/pkg_resources-0.0.0.dist-info'...
Listing './lib/python3.5/site-packages/setuptools'...
Listing './lib/python3.5/site-packages/setuptools/command'...
Listing './lib/python3.5/site-packages/setuptools/extern'...
Listing './lib/python3.5/site-packages/setuptools-32.3.1.dist-info'...
Listing './lib/python3.5/site-packages/sip-4.19.6.dist-info'...
Listing './lib/python3.5/site-packages/sqlalchemy'...
Listing './lib/python3.5/site-packages/sqlalchemy/connectors'...
Listing './lib/python3.5/site-packages/sqlalchemy/databases'...
Listing './lib/python3.5/site-packages/sqlalchemy/dialects'...
Listing './lib/python3.5/site-packages/sqlalchemy/dialects/firebird'...
Listing './lib/python3.5/site-packages/sqlalchemy/dialects/mssql'...
Listing './lib/python3.5/site-packages/sqlalchemy/dialects/mysql'...
Listing './lib/python3.5/site-packages/sqlalchemy/dialects/oracle'...
Listing './lib/python3.5/site-packages/sqlalchemy/dialects/postgresql'...
Listing './lib/python3.5/site-packages/sqlalchemy/dialects/sqlite'...
Listing './lib/python3.5/site-packages/sqlalchemy/dialects/sybase'...
Listing './lib/python3.5/site-packages/sqlalchemy/engine'...
Listing './lib/python3.5/site-packages/sqlalchemy/event'...
Listing './lib/python3.5/site-packages/sqlalchemy/ext'...
Listing './lib/python3.5/site-packages/sqlalchemy/ext/declarative'...
Listing './lib/python3.5/site-packages/sqlalchemy/orm'...
Listing './lib/python3.5/site-packages/sqlalchemy/sql'...
Listing './lib/python3.5/site-packages/sqlalchemy/testing'...
Listing './lib/python3.5/site-packages/sqlalchemy/testing/plugin'...
Listing './lib/python3.5/site-packages/sqlalchemy/testing/suite'...
Listing './lib/python3.5/site-packages/sqlalchemy/util'...
Listing './share'...
Listing './share/python-wheels'...
