Listing '.'...
Listing './bin'...
Compiling './bin/gdb.py'...
Compiling './bin/strace.py'...
Listing './include'...
Listing './lib'...
Listing './lib/python3.5'...
Listing './lib/python3.5/site-packages'...
Listing './lib/python3.5/site-packages/construct'...
Listing './lib/python3.5/site-packages/construct/formats'...
Listing './lib/python3.5/site-packages/construct/formats/data'...
Listing './lib/python3.5/site-packages/construct/formats/executable'...
Listing './lib/python3.5/site-packages/construct/formats/filesystem'...
Listing './lib/python3.5/site-packages/construct/formats/graphics'...
Listing './lib/python3.5/site-packages/construct/lib'...
Listing './lib/python3.5/site-packages/construct/protocols'...
Listing './lib/python3.5/site-packages/construct/protocols/application'...
Listing './lib/python3.5/site-packages/construct/protocols/layer2'...
Listing './lib/python3.5/site-packages/construct/protocols/layer3'...
Listing './lib/python3.5/site-packages/construct/protocols/layer4'...
Listing './lib/python3.5/site-packages/construct-2.5.3.egg-info'...
Listing './lib/python3.5/site-packages/future'...
Listing './lib/python3.5/site-packages/future/backports'...
Listing './lib/python3.5/site-packages/future/backports/email'...
Listing './lib/python3.5/site-packages/future/backports/email/mime'...
Listing './lib/python3.5/site-packages/future/backports/html'...
Listing './lib/python3.5/site-packages/future/backports/http'...
Listing './lib/python3.5/site-packages/future/backports/test'...
Listing './lib/python3.5/site-packages/future/backports/urllib'...
Listing './lib/python3.5/site-packages/future/backports/xmlrpc'...
Listing './lib/python3.5/site-packages/future/builtins'...
Listing './lib/python3.5/site-packages/future/moves'...
Listing './lib/python3.5/site-packages/future/moves/dbm'...
Listing './lib/python3.5/site-packages/future/moves/html'...
Listing './lib/python3.5/site-packages/future/moves/http'...
Listing './lib/python3.5/site-packages/future/moves/test'...
Listing './lib/python3.5/site-packages/future/moves/tkinter'...
Listing './lib/python3.5/site-packages/future/moves/urllib'...
Listing './lib/python3.5/site-packages/future/moves/xmlrpc'...
Listing './lib/python3.5/site-packages/future/standard_library'...
Listing './lib/python3.5/site-packages/future/tests'...
Listing './lib/python3.5/site-packages/future/types'...
Listing './lib/python3.5/site-packages/future/utils'...
Listing './lib/python3.5/site-packages/future-0.16.0.egg-info'...
Listing './lib/python3.5/site-packages/haystack'...
Listing './lib/python3.5/site-packages/haystack/abc'...
Listing './lib/python3.5/site-packages/haystack/allocators'...
Listing './lib/python3.5/site-packages/haystack/allocators/libc'...
Listing './lib/python3.5/site-packages/haystack/allocators/win32'...
Listing './lib/python3.5/site-packages/haystack/mappings'...
Listing './lib/python3.5/site-packages/haystack/outputters'...
Listing './lib/python3.5/site-packages/haystack/search'...
Listing './lib/python3.5/site-packages/haystack-0.42.dist-info'...
Listing './lib/python3.5/site-packages/libfuturize'...
Listing './lib/python3.5/site-packages/libfuturize/fixes'...
Listing './lib/python3.5/site-packages/libpasteurize'...
Listing './lib/python3.5/site-packages/libpasteurize/fixes'...
Listing './lib/python3.5/site-packages/ordlookup'...
Listing './lib/python3.5/site-packages/past'...
Listing './lib/python3.5/site-packages/past/builtins'...
Listing './lib/python3.5/site-packages/past/tests'...
Listing './lib/python3.5/site-packages/past/translation'...
Listing './lib/python3.5/site-packages/past/types'...
Listing './lib/python3.5/site-packages/past/utils'...
Listing './lib/python3.5/site-packages/pefile-2017.11.5.egg-info'...
Listing './lib/python3.5/site-packages/pip'...
Listing './lib/python3.5/site-packages/pip/_vendor'...
Listing './lib/python3.5/site-packages/pip/commands'...
Listing './lib/python3.5/site-packages/pip/compat'...
Listing './lib/python3.5/site-packages/pip/models'...
Listing './lib/python3.5/site-packages/pip/operations'...
Listing './lib/python3.5/site-packages/pip/req'...
Listing './lib/python3.5/site-packages/pip/utils'...
Listing './lib/python3.5/site-packages/pip/vcs'...
Listing './lib/python3.5/site-packages/pip-9.0.1.dist-info'...
Listing './lib/python3.5/site-packages/pkg_resources'...
Listing './lib/python3.5/site-packages/pkg_resources/_vendor'...
Listing './lib/python3.5/site-packages/pkg_resources/_vendor/packaging'...
Listing './lib/python3.5/site-packages/pkg_resources/extern'...
Listing './lib/python3.5/site-packages/pkg_resources-0.0.0.dist-info'...
Listing './lib/python3.5/site-packages/ptrace'...
Listing './lib/python3.5/site-packages/ptrace/binding'...
Listing './lib/python3.5/site-packages/ptrace/debugger'...
Listing './lib/python3.5/site-packages/ptrace/syscall'...
Listing './lib/python3.5/site-packages/python_ptrace-0.9.3.dist-info'...
Listing './lib/python3.5/site-packages/setuptools'...
Listing './lib/python3.5/site-packages/setuptools/command'...
Listing './lib/python3.5/site-packages/setuptools/extern'...
Listing './lib/python3.5/site-packages/setuptools-32.3.1.dist-info'...
Listing './lib/python3.5/site-packages/six-1.11.0.dist-info'...
Listing './share'...
Listing './share/python-wheels'...
