Listing '.'...
Listing './bin'...
Listing './include'...
Listing './lib'...
Listing './lib/python3.5'...
Listing './lib/python3.5/site-packages'...
Listing './lib/python3.5/site-packages/hdf5plugin'...
Listing './lib/python3.5/site-packages/hdf5plugin/VS2008'...
Listing './lib/python3.5/site-packages/hdf5plugin/VS2008/x64'...
Listing './lib/python3.5/site-packages/hdf5plugin/VS2008/x86'...
Listing './lib/python3.5/site-packages/hdf5plugin/VS2015'...
Listing './lib/python3.5/site-packages/hdf5plugin/VS2015/x64'...
Listing './lib/python3.5/site-packages/hdf5plugin/VS2015/x86'...
Listing './lib/python3.5/site-packages/hdf5plugin/darwin'...
Listing './lib/python3.5/site-packages/hdf5plugin/manylinux'...
Listing './lib/python3.5/site-packages/hdf5plugin/manylinux/x86_64'...
Listing './lib/python3.5/site-packages/hdf5plugin-1.4.0.dist-info'...
Listing './lib/python3.5/site-packages/pip'...
Listing './lib/python3.5/site-packages/pip/_vendor'...
Listing './lib/python3.5/site-packages/pip/commands'...
Listing './lib/python3.5/site-packages/pip/compat'...
Listing './lib/python3.5/site-packages/pip/models'...
Listing './lib/python3.5/site-packages/pip/operations'...
Listing './lib/python3.5/site-packages/pip/req'...
Listing './lib/python3.5/site-packages/pip/utils'...
Listing './lib/python3.5/site-packages/pip/vcs'...
Listing './lib/python3.5/site-packages/pip-9.0.1.dist-info'...
Listing './lib/python3.5/site-packages/pkg_resources'...
Listing './lib/python3.5/site-packages/pkg_resources/_vendor'...
Listing './lib/python3.5/site-packages/pkg_resources/_vendor/packaging'...
Listing './lib/python3.5/site-packages/pkg_resources/extern'...
Listing './lib/python3.5/site-packages/pkg_resources-0.0.0.dist-info'...
Listing './lib/python3.5/site-packages/setuptools'...
Listing './lib/python3.5/site-packages/setuptools/command'...
Listing './lib/python3.5/site-packages/setuptools/extern'...
Listing './lib/python3.5/site-packages/setuptools-32.3.1.dist-info'...
Listing './share'...
Listing './share/python-wheels'...
