Listing '.'...
Listing './bin'...
Listing './include'...
Listing './lib'...
Listing './lib/python3.5'...
Listing './lib/python3.5/site-packages'...
Listing './lib/python3.5/site-packages/GitPython-2.1.8.dist-info'...
Listing './lib/python3.5/site-packages/PyYAML-3.12.egg-info'...
Listing './lib/python3.5/site-packages/clinner'...
Listing './lib/python3.5/site-packages/clinner/run'...
Listing './lib/python3.5/site-packages/clinner/run/commands'...
Listing './lib/python3.5/site-packages/clinner/run/mixins'...
Listing './lib/python3.5/site-packages/clinner-1.7.0.egg-info'...
Listing './lib/python3.5/site-packages/colorama'...
Listing './lib/python3.5/site-packages/colorama-0.3.9.dist-info'...
Listing './lib/python3.5/site-packages/colorlog'...
Listing './lib/python3.5/site-packages/colorlog/tests'...
Listing './lib/python3.5/site-packages/colorlog-3.1.0.dist-info'...
Listing './lib/python3.5/site-packages/git'...
Listing './lib/python3.5/site-packages/git/index'...
Listing './lib/python3.5/site-packages/git/objects'...
Listing './lib/python3.5/site-packages/git/objects/submodule'...
Listing './lib/python3.5/site-packages/git/refs'...
Listing './lib/python3.5/site-packages/git/repo'...
Listing './lib/python3.5/site-packages/git/test'...
Listing './lib/python3.5/site-packages/git/test/fixtures'...
Listing './lib/python3.5/site-packages/git/test/lib'...
Listing './lib/python3.5/site-packages/git/test/performance'...
Listing './lib/python3.5/site-packages/gitdb'...
Listing './lib/python3.5/site-packages/gitdb/db'...
Listing './lib/python3.5/site-packages/gitdb/test'...
Listing './lib/python3.5/site-packages/gitdb/utils'...
Listing './lib/python3.5/site-packages/gitdb2-2.0.3.dist-info'...
Listing './lib/python3.5/site-packages/health_check'...
Listing './lib/python3.5/site-packages/health_check/api'...
Listing './lib/python3.5/site-packages/health_check/management'...
Listing './lib/python3.5/site-packages/health_check/management/commands'...
Listing './lib/python3.5/site-packages/health_check/providers'...
Listing './lib/python3.5/site-packages/health_check/providers/celery'...
Listing './lib/python3.5/site-packages/health_check/providers/django'...
Listing './lib/python3.5/site-packages/health_check/static'...
Listing './lib/python3.5/site-packages/health_check/static/health_check'...
Listing './lib/python3.5/site-packages/health_check/static/health_check/apps'...
Listing './lib/python3.5/site-packages/health_check/static/health_check/css'...
Listing './lib/python3.5/site-packages/health_check/static/health_check/fonts'...
Listing './lib/python3.5/site-packages/health_check/templates'...
Listing './lib/python3.5/site-packages/health_check/templates/health_check'...
Listing './lib/python3.5/site-packages/health_check-3.4.0.dist-info'...
Listing './lib/python3.5/site-packages/pip'...
Listing './lib/python3.5/site-packages/pip/_vendor'...
Listing './lib/python3.5/site-packages/pip/commands'...
Listing './lib/python3.5/site-packages/pip/compat'...
Listing './lib/python3.5/site-packages/pip/models'...
Listing './lib/python3.5/site-packages/pip/operations'...
Listing './lib/python3.5/site-packages/pip/req'...
Listing './lib/python3.5/site-packages/pip/utils'...
Listing './lib/python3.5/site-packages/pip/vcs'...
Listing './lib/python3.5/site-packages/pip-9.0.1.dist-info'...
Listing './lib/python3.5/site-packages/pkg_resources'...
Listing './lib/python3.5/site-packages/pkg_resources/_vendor'...
Listing './lib/python3.5/site-packages/pkg_resources/_vendor/packaging'...
Listing './lib/python3.5/site-packages/pkg_resources/extern'...
Listing './lib/python3.5/site-packages/pkg_resources-0.0.0.dist-info'...
Listing './lib/python3.5/site-packages/setuptools'...
Listing './lib/python3.5/site-packages/setuptools/command'...
Listing './lib/python3.5/site-packages/setuptools/extern'...
Listing './lib/python3.5/site-packages/setuptools-32.3.1.dist-info'...
Listing './lib/python3.5/site-packages/smmap'...
Listing './lib/python3.5/site-packages/smmap/test'...
Listing './lib/python3.5/site-packages/smmap2-2.0.3.dist-info'...
Listing './lib/python3.5/site-packages/yaml'...
Listing './share'...
Listing './share/python-wheels'...
