Listing '.'...
Listing './bin'...
Listing './include'...
Listing './lib'...
Listing './lib/python3.5'...
Listing './lib/python3.5/site-packages'...
Listing './lib/python3.5/site-packages/Hostery-0.1.4.egg-info'...
Listing './lib/python3.5/site-packages/Jinja2-2.10.dist-info'...
Listing './lib/python3.5/site-packages/MarkupSafe-1.0.egg-info'...
Listing './lib/python3.5/site-packages/hostery'...
Compiling './lib/python3.5/site-packages/hostery/Connection.py'...
***   File "./lib/python3.5/site-packages/hostery/Connection.py", line 66
    print 'Enter empty host/user strings for local destinations'
                                                               ^
SyntaxError: Missing parentheses in call to 'print'

Compiling './lib/python3.5/site-packages/hostery/__init__.py'...
***   File "./lib/python3.5/site-packages/hostery/__init__.py", line 78
    print 'Hostery configured! Use "hostery mark" to upload a commit.'
                                                                     ^
SyntaxError: Missing parentheses in call to 'print'

Compiling './lib/python3.5/site-packages/hostery/git.py'...
***   File "./lib/python3.5/site-packages/hostery/git.py", line 100
    print traceback.format_exc()
                  ^
SyntaxError: invalid syntax

Compiling './lib/python3.5/site-packages/hostery/utils.py'...
***   File "./lib/python3.5/site-packages/hostery/utils.py", line 13
    print color + msg + colors.ENDC
              ^
SyntaxError: Missing parentheses in call to 'print'

Listing './lib/python3.5/site-packages/jinja2'...
Compiling './lib/python3.5/site-packages/jinja2/asyncfilters.py'...
***   File "./lib/python3.5/site-packages/jinja2/asyncfilters.py", line 24
    yield item
    ^
SyntaxError: 'yield' inside async function

Compiling './lib/python3.5/site-packages/jinja2/asyncsupport.py'...
***   File "./lib/python3.5/site-packages/jinja2/asyncsupport.py", line 35
    yield event
    ^
SyntaxError: 'yield' inside async function

Listing './lib/python3.5/site-packages/markupsafe'...
Listing './lib/python3.5/site-packages/pip'...
Listing './lib/python3.5/site-packages/pip/_vendor'...
Listing './lib/python3.5/site-packages/pip/commands'...
Listing './lib/python3.5/site-packages/pip/compat'...
Listing './lib/python3.5/site-packages/pip/models'...
Listing './lib/python3.5/site-packages/pip/operations'...
Listing './lib/python3.5/site-packages/pip/req'...
Listing './lib/python3.5/site-packages/pip/utils'...
Listing './lib/python3.5/site-packages/pip/vcs'...
Listing './lib/python3.5/site-packages/pip-9.0.1.dist-info'...
Listing './lib/python3.5/site-packages/pkg_resources'...
Listing './lib/python3.5/site-packages/pkg_resources/_vendor'...
Listing './lib/python3.5/site-packages/pkg_resources/_vendor/packaging'...
Listing './lib/python3.5/site-packages/pkg_resources/extern'...
Listing './lib/python3.5/site-packages/pkg_resources-0.0.0.dist-info'...
Listing './lib/python3.5/site-packages/setuptools'...
Listing './lib/python3.5/site-packages/setuptools/command'...
Listing './lib/python3.5/site-packages/setuptools/extern'...
Listing './lib/python3.5/site-packages/setuptools-32.3.1.dist-info'...
Listing './share'...
Listing './share/python-wheels'...
