Listing '.'...
Listing './bin'...
Listing './include'...
Listing './lib'...
Listing './lib/python3.5'...
Listing './lib/python3.5/site-packages'...
Listing './lib/python3.5/site-packages/humann2'...
Listing './lib/python3.5/site-packages/humann2/data'...
Listing './lib/python3.5/site-packages/humann2/data/chocophlan_DEMO'...
Listing './lib/python3.5/site-packages/humann2/data/misc'...
Listing './lib/python3.5/site-packages/humann2/data/pathways'...
Listing './lib/python3.5/site-packages/humann2/data/uniref_DEMO'...
Listing './lib/python3.5/site-packages/humann2/maintenance'...
Listing './lib/python3.5/site-packages/humann2/quantify'...
Listing './lib/python3.5/site-packages/humann2/quantify/MinPath'...
Listing './lib/python3.5/site-packages/humann2/quantify/MinPath/data'...
Listing './lib/python3.5/site-packages/humann2/quantify/MinPath/glpk-4.6'...
Listing './lib/python3.5/site-packages/humann2/quantify/MinPath/glpk-4.6/examples'...
Listing './lib/python3.5/site-packages/humann2/search'...
Listing './lib/python3.5/site-packages/humann2/tests'...
Listing './lib/python3.5/site-packages/humann2/tests/data'...
Listing './lib/python3.5/site-packages/humann2/tests/data/tooltest-infer_taxonomy'...
Listing './lib/python3.5/site-packages/humann2/tests/data/tooltest-merge_abundance_tables'...
Listing './lib/python3.5/site-packages/humann2/tests/data/tooltest-regroup_table'...
Listing './lib/python3.5/site-packages/humann2/tests/data/tooltest-rename_table'...
Listing './lib/python3.5/site-packages/humann2/tests/data/tooltest-renorm_table'...
Listing './lib/python3.5/site-packages/humann2/tests/data/tooltest-rna_dna_norm'...
Listing './lib/python3.5/site-packages/humann2/tests/data/tooltest-strain_profiler'...
Listing './lib/python3.5/site-packages/humann2/tools'...
Listing './lib/python3.5/site-packages/humann2-0.11.1.egg-info'...
Listing './lib/python3.5/site-packages/pip'...
Listing './lib/python3.5/site-packages/pip/_vendor'...
Listing './lib/python3.5/site-packages/pip/commands'...
Listing './lib/python3.5/site-packages/pip/compat'...
Listing './lib/python3.5/site-packages/pip/models'...
Listing './lib/python3.5/site-packages/pip/operations'...
Listing './lib/python3.5/site-packages/pip/req'...
Listing './lib/python3.5/site-packages/pip/utils'...
Listing './lib/python3.5/site-packages/pip/vcs'...
Listing './lib/python3.5/site-packages/pip-9.0.1.dist-info'...
Listing './lib/python3.5/site-packages/pkg_resources'...
Listing './lib/python3.5/site-packages/pkg_resources/_vendor'...
Listing './lib/python3.5/site-packages/pkg_resources/_vendor/packaging'...
Listing './lib/python3.5/site-packages/pkg_resources/extern'...
Listing './lib/python3.5/site-packages/pkg_resources-0.0.0.dist-info'...
Listing './lib/python3.5/site-packages/setuptools'...
Listing './lib/python3.5/site-packages/setuptools/command'...
Listing './lib/python3.5/site-packages/setuptools/extern'...
Listing './lib/python3.5/site-packages/setuptools-32.3.1.dist-info'...
Listing './share'...
Listing './share/python-wheels'...
