Listing '.'...
Listing './bin'...
Listing './include'...
Listing './lib'...
Listing './lib/python3.5'...
Listing './lib/python3.5/site-packages'...
Listing './lib/python3.5/site-packages/Humongolus-1.0.7.egg-info'...
Listing './lib/python3.5/site-packages/bson'...
Listing './lib/python3.5/site-packages/gridfs'...
Listing './lib/python3.5/site-packages/humongolus'...
Compiling './lib/python3.5/site-packages/humongolus/__init__.py'...
***   File "./lib/python3.5/site-packages/humongolus/__init__.py", line 137
    print e
          ^
SyntaxError: Missing parentheses in call to 'print'

Compiling './lib/python3.5/site-packages/humongolus/widget.py'...
***   File "./lib/python3.5/site-packages/humongolus/widget.py", line 30
    print e
          ^
SyntaxError: Missing parentheses in call to 'print'

Listing './lib/python3.5/site-packages/pip'...
Listing './lib/python3.5/site-packages/pip/_vendor'...
Listing './lib/python3.5/site-packages/pip/commands'...
Listing './lib/python3.5/site-packages/pip/compat'...
Listing './lib/python3.5/site-packages/pip/models'...
Listing './lib/python3.5/site-packages/pip/operations'...
Listing './lib/python3.5/site-packages/pip/req'...
Listing './lib/python3.5/site-packages/pip/utils'...
Listing './lib/python3.5/site-packages/pip/vcs'...
Listing './lib/python3.5/site-packages/pip-9.0.1.dist-info'...
Listing './lib/python3.5/site-packages/pkg_resources'...
Listing './lib/python3.5/site-packages/pkg_resources/_vendor'...
Listing './lib/python3.5/site-packages/pkg_resources/_vendor/packaging'...
Listing './lib/python3.5/site-packages/pkg_resources/extern'...
Listing './lib/python3.5/site-packages/pkg_resources-0.0.0.dist-info'...
Listing './lib/python3.5/site-packages/pymongo'...
Listing './lib/python3.5/site-packages/pymongo-2.8.egg-info'...
Listing './lib/python3.5/site-packages/setuptools'...
Listing './lib/python3.5/site-packages/setuptools/command'...
Listing './lib/python3.5/site-packages/setuptools/extern'...
Listing './lib/python3.5/site-packages/setuptools-32.3.1.dist-info'...
Listing './lib/python3.5/site-packages/tests'...
Compiling './lib/python3.5/site-packages/tests/objects.py'...
***   File "./lib/python3.5/site-packages/tests/objects.py", line 87
    print "Test!"
                ^
SyntaxError: Missing parentheses in call to 'print'

Compiling './lib/python3.5/site-packages/tests/test_field.py'...
***   File "./lib/python3.5/site-packages/tests/test_field.py", line 111
    print e
          ^
SyntaxError: Missing parentheses in call to 'print'

Listing './share'...
Listing './share/python-wheels'...
