Listing '.'...
Listing './bin'...
Listing './include'...
Listing './lib'...
Listing './lib/python3.5'...
Listing './lib/python3.5/site-packages'...
Listing './lib/python3.5/site-packages/.libs_cffi_backend'...
Listing './lib/python3.5/site-packages/Jinja2-2.10.dist-info'...
Listing './lib/python3.5/site-packages/MarkupSafe-1.0.egg-info'...
Listing './lib/python3.5/site-packages/PyNaCl-1.2.1.dist-info'...
Listing './lib/python3.5/site-packages/PyYAML-3.12.egg-info'...
Listing './lib/python3.5/site-packages/ansible'...
Listing './lib/python3.5/site-packages/ansible/cli'...
Listing './lib/python3.5/site-packages/ansible/compat'...
Listing './lib/python3.5/site-packages/ansible/compat/selectors'...
Listing './lib/python3.5/site-packages/ansible/compat/tests'...
Listing './lib/python3.5/site-packages/ansible/config'...
Listing './lib/python3.5/site-packages/ansible/errors'...
Listing './lib/python3.5/site-packages/ansible/executor'...
Listing './lib/python3.5/site-packages/ansible/executor/process'...
Listing './lib/python3.5/site-packages/ansible/galaxy'...
Listing './lib/python3.5/site-packages/ansible/galaxy/data'...
Listing './lib/python3.5/site-packages/ansible/galaxy/data/container_enabled'...
Listing './lib/python3.5/site-packages/ansible/galaxy/data/container_enabled/defaults'...
Listing './lib/python3.5/site-packages/ansible/galaxy/data/container_enabled/files'...
Listing './lib/python3.5/site-packages/ansible/galaxy/data/container_enabled/handlers'...
Listing './lib/python3.5/site-packages/ansible/galaxy/data/container_enabled/meta'...
Listing './lib/python3.5/site-packages/ansible/galaxy/data/container_enabled/tasks'...
Listing './lib/python3.5/site-packages/ansible/galaxy/data/container_enabled/templates'...
Listing './lib/python3.5/site-packages/ansible/galaxy/data/container_enabled/tests'...
Listing './lib/python3.5/site-packages/ansible/galaxy/data/container_enabled/vars'...
Listing './lib/python3.5/site-packages/ansible/galaxy/data/default'...
Listing './lib/python3.5/site-packages/ansible/galaxy/data/default/defaults'...
Listing './lib/python3.5/site-packages/ansible/galaxy/data/default/files'...
Listing './lib/python3.5/site-packages/ansible/galaxy/data/default/handlers'...
Listing './lib/python3.5/site-packages/ansible/galaxy/data/default/meta'...
Listing './lib/python3.5/site-packages/ansible/galaxy/data/default/tasks'...
Listing './lib/python3.5/site-packages/ansible/galaxy/data/default/templates'...
Listing './lib/python3.5/site-packages/ansible/galaxy/data/default/tests'...
Listing './lib/python3.5/site-packages/ansible/galaxy/data/default/vars'...
Listing './lib/python3.5/site-packages/ansible/inventory'...
Listing './lib/python3.5/site-packages/ansible/module_utils'...
Listing './lib/python3.5/site-packages/ansible/module_utils/aws'...
Listing './lib/python3.5/site-packages/ansible/module_utils/facts'...
Listing './lib/python3.5/site-packages/ansible/module_utils/facts/hardware'...
Listing './lib/python3.5/site-packages/ansible/module_utils/facts/network'...
Listing './lib/python3.5/site-packages/ansible/module_utils/facts/other'...
Listing './lib/python3.5/site-packages/ansible/module_utils/facts/system'...
Listing './lib/python3.5/site-packages/ansible/module_utils/facts/virtual'...
Listing './lib/python3.5/site-packages/ansible/module_utils/parsing'...
Listing './lib/python3.5/site-packages/ansible/module_utils/powershell'...
Listing './lib/python3.5/site-packages/ansible/module_utils/six'...
Listing './lib/python3.5/site-packages/ansible/modules'...
Listing './lib/python3.5/site-packages/ansible/modules/cloud'...
Listing './lib/python3.5/site-packages/ansible/modules/cloud/amazon'...
Listing './lib/python3.5/site-packages/ansible/modules/cloud/atomic'...
Listing './lib/python3.5/site-packages/ansible/modules/cloud/azure'...
Listing './lib/python3.5/site-packages/ansible/modules/cloud/centurylink'...
Listing './lib/python3.5/site-packages/ansible/modules/cloud/cloudscale'...
Listing './lib/python3.5/site-packages/ansible/modules/cloud/cloudstack'...
Listing './lib/python3.5/site-packages/ansible/modules/cloud/digital_ocean'...
Listing './lib/python3.5/site-packages/ansible/modules/cloud/dimensiondata'...
Listing './lib/python3.5/site-packages/ansible/modules/cloud/docker'...
Listing './lib/python3.5/site-packages/ansible/modules/cloud/google'...
Listing './lib/python3.5/site-packages/ansible/modules/cloud/linode'...
Listing './lib/python3.5/site-packages/ansible/modules/cloud/lxc'...
Listing './lib/python3.5/site-packages/ansible/modules/cloud/lxd'...
Listing './lib/python3.5/site-packages/ansible/modules/cloud/misc'...
Listing './lib/python3.5/site-packages/ansible/modules/cloud/openstack'...
Listing './lib/python3.5/site-packages/ansible/modules/cloud/ovh'...
Listing './lib/python3.5/site-packages/ansible/modules/cloud/ovirt'...
Listing './lib/python3.5/site-packages/ansible/modules/cloud/packet'...
Listing './lib/python3.5/site-packages/ansible/modules/cloud/profitbricks'...
Listing './lib/python3.5/site-packages/ansible/modules/cloud/pubnub'...
Listing './lib/python3.5/site-packages/ansible/modules/cloud/rackspace'...
Listing './lib/python3.5/site-packages/ansible/modules/cloud/smartos'...
Listing './lib/python3.5/site-packages/ansible/modules/cloud/softlayer'...
Listing './lib/python3.5/site-packages/ansible/modules/cloud/univention'...
Listing './lib/python3.5/site-packages/ansible/modules/cloud/vmware'...
Listing './lib/python3.5/site-packages/ansible/modules/cloud/webfaction'...
Listing './lib/python3.5/site-packages/ansible/modules/clustering'...
Listing './lib/python3.5/site-packages/ansible/modules/commands'...
Listing './lib/python3.5/site-packages/ansible/modules/crypto'...
Listing './lib/python3.5/site-packages/ansible/modules/database'...
Listing './lib/python3.5/site-packages/ansible/modules/database/influxdb'...
Listing './lib/python3.5/site-packages/ansible/modules/database/misc'...
Listing './lib/python3.5/site-packages/ansible/modules/database/mongodb'...
Listing './lib/python3.5/site-packages/ansible/modules/database/mssql'...
Listing './lib/python3.5/site-packages/ansible/modules/database/mysql'...
Listing './lib/python3.5/site-packages/ansible/modules/database/postgresql'...
Listing './lib/python3.5/site-packages/ansible/modules/database/proxysql'...
Listing './lib/python3.5/site-packages/ansible/modules/database/vertica'...
Listing './lib/python3.5/site-packages/ansible/modules/files'...
Listing './lib/python3.5/site-packages/ansible/modules/identity'...
Listing './lib/python3.5/site-packages/ansible/modules/identity/cyberark'...
Listing './lib/python3.5/site-packages/ansible/modules/identity/ipa'...
Listing './lib/python3.5/site-packages/ansible/modules/identity/opendj'...
Listing './lib/python3.5/site-packages/ansible/modules/inventory'...
Listing './lib/python3.5/site-packages/ansible/modules/messaging'...
Listing './lib/python3.5/site-packages/ansible/modules/monitoring'...
Listing './lib/python3.5/site-packages/ansible/modules/net_tools'...
Listing './lib/python3.5/site-packages/ansible/modules/net_tools/basics'...
Listing './lib/python3.5/site-packages/ansible/modules/net_tools/exoscale'...
Listing './lib/python3.5/site-packages/ansible/modules/net_tools/infinity'...
Listing './lib/python3.5/site-packages/ansible/modules/net_tools/ldap'...
Listing './lib/python3.5/site-packages/ansible/modules/network'...
Listing './lib/python3.5/site-packages/ansible/modules/network/a10'...
Listing './lib/python3.5/site-packages/ansible/modules/network/aci'...
Listing './lib/python3.5/site-packages/ansible/modules/network/aireos'...
Listing './lib/python3.5/site-packages/ansible/modules/network/aos'...
Listing './lib/python3.5/site-packages/ansible/modules/network/aruba'...
Listing './lib/python3.5/site-packages/ansible/modules/network/asa'...
Listing './lib/python3.5/site-packages/ansible/modules/network/avi'...
Listing './lib/python3.5/site-packages/ansible/modules/network/bigswitch'...
Listing './lib/python3.5/site-packages/ansible/modules/network/citrix'...
Listing './lib/python3.5/site-packages/ansible/modules/network/cloudengine'...
Listing './lib/python3.5/site-packages/ansible/modules/network/cloudvision'...
Listing './lib/python3.5/site-packages/ansible/modules/network/cumulus'...
Listing './lib/python3.5/site-packages/ansible/modules/network/dellos10'...
Listing './lib/python3.5/site-packages/ansible/modules/network/dellos6'...
Listing './lib/python3.5/site-packages/ansible/modules/network/dellos9'...
Listing './lib/python3.5/site-packages/ansible/modules/network/eos'...
Listing './lib/python3.5/site-packages/ansible/modules/network/f5'...
Listing './lib/python3.5/site-packages/ansible/modules/network/fortios'...
Listing './lib/python3.5/site-packages/ansible/modules/network/illumos'...
Listing './lib/python3.5/site-packages/ansible/modules/network/interface'...
Listing './lib/python3.5/site-packages/ansible/modules/network/ios'...
Listing './lib/python3.5/site-packages/ansible/modules/network/iosxr'...
Listing './lib/python3.5/site-packages/ansible/modules/network/junos'...
Listing './lib/python3.5/site-packages/ansible/modules/network/layer2'...
Listing './lib/python3.5/site-packages/ansible/modules/network/layer3'...
Listing './lib/python3.5/site-packages/ansible/modules/network/lenovo'...
Listing './lib/python3.5/site-packages/ansible/modules/network/netconf'...
Listing './lib/python3.5/site-packages/ansible/modules/network/netscaler'...
Listing './lib/python3.5/site-packages/ansible/modules/network/netvisor'...
Listing './lib/python3.5/site-packages/ansible/modules/network/nuage'...
Listing './lib/python3.5/site-packages/ansible/modules/network/nxos'...
Listing './lib/python3.5/site-packages/ansible/modules/network/ordnance'...
Listing './lib/python3.5/site-packages/ansible/modules/network/ovs'...
Listing './lib/python3.5/site-packages/ansible/modules/network/panos'...
Listing './lib/python3.5/site-packages/ansible/modules/network/protocol'...
Listing './lib/python3.5/site-packages/ansible/modules/network/radware'...
Listing './lib/python3.5/site-packages/ansible/modules/network/routing'...
Listing './lib/python3.5/site-packages/ansible/modules/network/sros'...
Listing './lib/python3.5/site-packages/ansible/modules/network/system'...
Listing './lib/python3.5/site-packages/ansible/modules/network/vyos'...
Listing './lib/python3.5/site-packages/ansible/modules/notification'...
Listing './lib/python3.5/site-packages/ansible/modules/packaging'...
Listing './lib/python3.5/site-packages/ansible/modules/packaging/language'...
Listing './lib/python3.5/site-packages/ansible/modules/packaging/os'...
Listing './lib/python3.5/site-packages/ansible/modules/remote_management'...
Listing './lib/python3.5/site-packages/ansible/modules/remote_management/foreman'...
Listing './lib/python3.5/site-packages/ansible/modules/remote_management/hpilo'...
Listing './lib/python3.5/site-packages/ansible/modules/remote_management/imc'...
Listing './lib/python3.5/site-packages/ansible/modules/remote_management/ipmi'...
Listing './lib/python3.5/site-packages/ansible/modules/remote_management/manageiq'...
Listing './lib/python3.5/site-packages/ansible/modules/remote_management/oneview'...
Listing './lib/python3.5/site-packages/ansible/modules/remote_management/stacki'...
Listing './lib/python3.5/site-packages/ansible/modules/source_control'...
Listing './lib/python3.5/site-packages/ansible/modules/storage'...
Listing './lib/python3.5/site-packages/ansible/modules/storage/infinidat'...
Listing './lib/python3.5/site-packages/ansible/modules/storage/netapp'...
Listing './lib/python3.5/site-packages/ansible/modules/storage/purestorage'...
Listing './lib/python3.5/site-packages/ansible/modules/storage/zfs'...
Listing './lib/python3.5/site-packages/ansible/modules/system'...
Listing './lib/python3.5/site-packages/ansible/modules/utilities'...
Listing './lib/python3.5/site-packages/ansible/modules/utilities/helper'...
Listing './lib/python3.5/site-packages/ansible/modules/utilities/logic'...
Listing './lib/python3.5/site-packages/ansible/modules/web_infrastructure'...
Listing './lib/python3.5/site-packages/ansible/modules/web_infrastructure/ansible_tower'...
Listing './lib/python3.5/site-packages/ansible/modules/windows'...
Listing './lib/python3.5/site-packages/ansible/parsing'...
Listing './lib/python3.5/site-packages/ansible/parsing/utils'...
Listing './lib/python3.5/site-packages/ansible/parsing/vault'...
Listing './lib/python3.5/site-packages/ansible/parsing/yaml'...
Listing './lib/python3.5/site-packages/ansible/playbook'...
Listing './lib/python3.5/site-packages/ansible/playbook/role'...
Listing './lib/python3.5/site-packages/ansible/plugins'...
Listing './lib/python3.5/site-packages/ansible/plugins/action'...
Listing './lib/python3.5/site-packages/ansible/plugins/cache'...
Listing './lib/python3.5/site-packages/ansible/plugins/callback'...
Listing './lib/python3.5/site-packages/ansible/plugins/cliconf'...
Listing './lib/python3.5/site-packages/ansible/plugins/connection'...
Listing './lib/python3.5/site-packages/ansible/plugins/filter'...
Listing './lib/python3.5/site-packages/ansible/plugins/inventory'...
Listing './lib/python3.5/site-packages/ansible/plugins/lookup'...
Listing './lib/python3.5/site-packages/ansible/plugins/netconf'...
Listing './lib/python3.5/site-packages/ansible/plugins/shell'...
Listing './lib/python3.5/site-packages/ansible/plugins/strategy'...
Listing './lib/python3.5/site-packages/ansible/plugins/terminal'...
Listing './lib/python3.5/site-packages/ansible/plugins/test'...
Listing './lib/python3.5/site-packages/ansible/plugins/vars'...
Listing './lib/python3.5/site-packages/ansible/template'...
Listing './lib/python3.5/site-packages/ansible/utils'...
Listing './lib/python3.5/site-packages/ansible/utils/module_docs_fragments'...
Listing './lib/python3.5/site-packages/ansible/vars'...
Listing './lib/python3.5/site-packages/ansible-2.4.2.0.egg-info'...
Listing './lib/python3.5/site-packages/arrow'...
Listing './lib/python3.5/site-packages/arrow-0.12.0.egg-info'...
Listing './lib/python3.5/site-packages/asn1crypto'...
Listing './lib/python3.5/site-packages/asn1crypto/_perf'...
Listing './lib/python3.5/site-packages/asn1crypto-0.24.0.dist-info'...
Listing './lib/python3.5/site-packages/bcrypt'...
Listing './lib/python3.5/site-packages/bcrypt-3.1.4.dist-info'...
Listing './lib/python3.5/site-packages/binaryornot'...
Listing './lib/python3.5/site-packages/binaryornot-0.4.4.dist-info'...
Listing './lib/python3.5/site-packages/certifi'...
Listing './lib/python3.5/site-packages/certifi-2017.11.5.dist-info'...
Listing './lib/python3.5/site-packages/cffi'...
Listing './lib/python3.5/site-packages/cffi-1.11.3.dist-info'...
Listing './lib/python3.5/site-packages/chardet'...
Listing './lib/python3.5/site-packages/chardet/cli'...
Listing './lib/python3.5/site-packages/chardet-3.0.4.dist-info'...
Listing './lib/python3.5/site-packages/click'...
Listing './lib/python3.5/site-packages/click-6.7.dist-info'...
Listing './lib/python3.5/site-packages/click_log'...
Listing './lib/python3.5/site-packages/click_log-0.2.1.dist-info'...
Listing './lib/python3.5/site-packages/cookiecutter'...
Listing './lib/python3.5/site-packages/cookiecutter-1.5.1.dist-info'...
Listing './lib/python3.5/site-packages/cryptography'...
Listing './lib/python3.5/site-packages/cryptography/hazmat'...
Listing './lib/python3.5/site-packages/cryptography/hazmat/backends'...
Listing './lib/python3.5/site-packages/cryptography/hazmat/backends/openssl'...
Listing './lib/python3.5/site-packages/cryptography/hazmat/bindings'...
Listing './lib/python3.5/site-packages/cryptography/hazmat/bindings/openssl'...
Listing './lib/python3.5/site-packages/cryptography/hazmat/primitives'...
Listing './lib/python3.5/site-packages/cryptography/hazmat/primitives/asymmetric'...
Listing './lib/python3.5/site-packages/cryptography/hazmat/primitives/ciphers'...
Listing './lib/python3.5/site-packages/cryptography/hazmat/primitives/kdf'...
Listing './lib/python3.5/site-packages/cryptography/hazmat/primitives/twofactor'...
Listing './lib/python3.5/site-packages/cryptography/x509'...
Listing './lib/python3.5/site-packages/cryptography-2.1.4.dist-info'...
Listing './lib/python3.5/site-packages/cursor'...
Listing './lib/python3.5/site-packages/cursor-1.2.0.egg-info'...
Listing './lib/python3.5/site-packages/dateutil'...
Listing './lib/python3.5/site-packages/dateutil/tz'...
Listing './lib/python3.5/site-packages/dateutil/zoneinfo'...
Listing './lib/python3.5/site-packages/freckles'...
Listing './lib/python3.5/site-packages/freckles/external'...
Listing './lib/python3.5/site-packages/freckles/external/default_adapter_repo'...
Listing './lib/python3.5/site-packages/freckles/external/default_adapter_repo/ansible-tasks'...
Listing './lib/python3.5/site-packages/freckles/external/default_adapter_repo/debug-freckle'...
Listing './lib/python3.5/site-packages/freckles/external/default_adapter_repo/dotfiles'...
Listing './lib/python3.5/site-packages/freckles/external/default_adapter_repo/python-dev'...
Listing './lib/python3.5/site-packages/freckles/external/default_adapter_repo/vagrant-dev'...
Listing './lib/python3.5/site-packages/freckles/external/default_role_repo'...
Listing './lib/python3.5/site-packages/freckles/external/default_role_repo/ansiblebit.oracle-java'...
Listing './lib/python3.5/site-packages/freckles/external/default_role_repo/ansiblebit.oracle-java/defaults'...
Listing './lib/python3.5/site-packages/freckles/external/default_role_repo/ansiblebit.oracle-java/handlers'...
Listing './lib/python3.5/site-packages/freckles/external/default_role_repo/ansiblebit.oracle-java/meta'...
Listing './lib/python3.5/site-packages/freckles/external/default_role_repo/ansiblebit.oracle-java/tasks'...
Listing './lib/python3.5/site-packages/freckles/external/default_role_repo/ansiblebit.oracle-java/tasks/darwin'...
Listing './lib/python3.5/site-packages/freckles/external/default_role_repo/ansiblebit.oracle-java/tasks/debian'...
Listing './lib/python3.5/site-packages/freckles/external/default_role_repo/ansiblebit.oracle-java/tasks/redhat'...
Listing './lib/python3.5/site-packages/freckles/external/default_role_repo/ansiblebit.oracle-java/tests'...
Listing './lib/python3.5/site-packages/freckles/external/default_role_repo/ansiblebit.oracle-java/tests/defaults'...
Listing './lib/python3.5/site-packages/freckles/external/default_role_repo/ansiblebit.oracle-java/tests/dependencies'...
Listing './lib/python3.5/site-packages/freckles/external/default_role_repo/ansiblebit.oracle-java/tests/log'...
Listing './lib/python3.5/site-packages/freckles/external/default_role_repo/ansiblebit.oracle-java/tests/plugins'...
Listing './lib/python3.5/site-packages/freckles/external/default_role_repo/ansiblebit.oracle-java/tests/plugins/callback'...
Listing './lib/python3.5/site-packages/freckles/external/default_role_repo/ansiblebit.oracle-java/tests/tasks'...
Listing './lib/python3.5/site-packages/freckles/external/default_role_repo/elliotweiser.osx-command-line-tools'...
Listing './lib/python3.5/site-packages/freckles/external/default_role_repo/elliotweiser.osx-command-line-tools/defaults'...
Listing './lib/python3.5/site-packages/freckles/external/default_role_repo/elliotweiser.osx-command-line-tools/handlers'...
Listing './lib/python3.5/site-packages/freckles/external/default_role_repo/elliotweiser.osx-command-line-tools/meta'...
Listing './lib/python3.5/site-packages/freckles/external/default_role_repo/elliotweiser.osx-command-line-tools/molecule'...
Listing './lib/python3.5/site-packages/freckles/external/default_role_repo/elliotweiser.osx-command-line-tools/molecule/default'...
Listing './lib/python3.5/site-packages/freckles/external/default_role_repo/elliotweiser.osx-command-line-tools/tasks'...
Listing './lib/python3.5/site-packages/freckles/external/default_role_repo/elliotweiser.osx-command-line-tools/tests'...
Listing './lib/python3.5/site-packages/freckles/external/default_role_repo/elliotweiser.osx-command-line-tools/vars'...
Listing './lib/python3.5/site-packages/freckles/external/default_role_repo/geerlingguy.homebrew'...
Listing './lib/python3.5/site-packages/freckles/external/default_role_repo/geerlingguy.homebrew/defaults'...
Listing './lib/python3.5/site-packages/freckles/external/default_role_repo/geerlingguy.homebrew/meta'...
Listing './lib/python3.5/site-packages/freckles/external/default_role_repo/geerlingguy.homebrew/tasks'...
Listing './lib/python3.5/site-packages/freckles/external/default_role_repo/geerlingguy.homebrew/tests'...
Listing './lib/python3.5/site-packages/freckles/external/default_role_repo/geerlingguy.homebrew/tests/local-testing'...
Listing './lib/python3.5/site-packages/freckles/external/default_role_repo/makkus.basic-security'...
Listing './lib/python3.5/site-packages/freckles/external/default_role_repo/makkus.basic-security/defaults'...
Listing './lib/python3.5/site-packages/freckles/external/default_role_repo/makkus.basic-security/handlers'...
Listing './lib/python3.5/site-packages/freckles/external/default_role_repo/makkus.basic-security/meta'...
Listing './lib/python3.5/site-packages/freckles/external/default_role_repo/makkus.basic-security/molecule'...
Listing './lib/python3.5/site-packages/freckles/external/default_role_repo/makkus.basic-security/molecule/default'...
Listing './lib/python3.5/site-packages/freckles/external/default_role_repo/makkus.basic-security/molecule/default/tests'...
Listing './lib/python3.5/site-packages/freckles/external/default_role_repo/makkus.basic-security/tasks'...
Listing './lib/python3.5/site-packages/freckles/external/default_role_repo/makkus.basic-security/templates'...
Listing './lib/python3.5/site-packages/freckles/external/default_role_repo/makkus.basic-security/vars'...
Listing './lib/python3.5/site-packages/freckles/external/default_role_repo/makkus.box-basics'...
Listing './lib/python3.5/site-packages/freckles/external/default_role_repo/makkus.box-basics/defaults'...
Listing './lib/python3.5/site-packages/freckles/external/default_role_repo/makkus.box-basics/handlers'...
Listing './lib/python3.5/site-packages/freckles/external/default_role_repo/makkus.box-basics/meta'...
Listing './lib/python3.5/site-packages/freckles/external/default_role_repo/makkus.box-basics/molecule'...
Listing './lib/python3.5/site-packages/freckles/external/default_role_repo/makkus.box-basics/molecule/default'...
Listing './lib/python3.5/site-packages/freckles/external/default_role_repo/makkus.box-basics/molecule/default/tests'...
Listing './lib/python3.5/site-packages/freckles/external/default_role_repo/makkus.box-basics/tasks'...
Listing './lib/python3.5/site-packages/freckles/external/default_role_repo/makkus.box-basics/vars'...
Listing './lib/python3.5/site-packages/freckles/external/default_role_repo/makkus.dotfiles'...
Listing './lib/python3.5/site-packages/freckles/external/default_role_repo/makkus.dotfiles/defaults'...
Listing './lib/python3.5/site-packages/freckles/external/default_role_repo/makkus.dotfiles/filter_plugins'...
Listing './lib/python3.5/site-packages/freckles/external/default_role_repo/makkus.dotfiles/handlers'...
Listing './lib/python3.5/site-packages/freckles/external/default_role_repo/makkus.dotfiles/library'...
Listing './lib/python3.5/site-packages/freckles/external/default_role_repo/makkus.dotfiles/meta'...
Listing './lib/python3.5/site-packages/freckles/external/default_role_repo/makkus.dotfiles/molecule'...
Listing './lib/python3.5/site-packages/freckles/external/default_role_repo/makkus.dotfiles/molecule/default'...
Listing './lib/python3.5/site-packages/freckles/external/default_role_repo/makkus.dotfiles/molecule/default/tests'...
Listing './lib/python3.5/site-packages/freckles/external/default_role_repo/makkus.dotfiles/tasks'...
Listing './lib/python3.5/site-packages/freckles/external/default_role_repo/makkus.dotfiles/vars'...
Listing './lib/python3.5/site-packages/freckles/external/default_role_repo/makkus.freckles'...
Listing './lib/python3.5/site-packages/freckles/external/default_role_repo/makkus.freckles/defaults'...
Listing './lib/python3.5/site-packages/freckles/external/default_role_repo/makkus.freckles/filter_plugins'...
Listing './lib/python3.5/site-packages/freckles/external/default_role_repo/makkus.freckles/handlers'...
Listing './lib/python3.5/site-packages/freckles/external/default_role_repo/makkus.freckles/library'...
Listing './lib/python3.5/site-packages/freckles/external/default_role_repo/makkus.freckles/meta'...
Listing './lib/python3.5/site-packages/freckles/external/default_role_repo/makkus.freckles/molecule'...
Listing './lib/python3.5/site-packages/freckles/external/default_role_repo/makkus.freckles/molecule/default'...
Listing './lib/python3.5/site-packages/freckles/external/default_role_repo/makkus.freckles/molecule/default/action_plugins'...
Listing './lib/python3.5/site-packages/freckles/external/default_role_repo/makkus.freckles/molecule/default/callback_plugins'...
Listing './lib/python3.5/site-packages/freckles/external/default_role_repo/makkus.freckles/molecule/default/library'...
Compiling './lib/python3.5/site-packages/freckles/external/default_role_repo/makkus.freckles/molecule/default/library/mac_pkg.py'...
***   File "./lib/python3.5/site-packages/freckles/external/default_role_repo/makkus.freckles/molecule/default/library/mac_pkg.py", line 80
    except (OSError, IOError), e:
                             ^
SyntaxError: invalid syntax

Listing './lib/python3.5/site-packages/freckles/external/default_role_repo/makkus.freckles/molecule/default/tests'...
Listing './lib/python3.5/site-packages/freckles/external/default_role_repo/makkus.freckles/tasks'...
Listing './lib/python3.5/site-packages/freckles/external/default_role_repo/makkus.freckles/vars'...
Listing './lib/python3.5/site-packages/freckles/external/default_role_repo/makkus.freckles-config'...
Listing './lib/python3.5/site-packages/freckles/external/default_role_repo/makkus.freckles-config/action_plugins'...
Listing './lib/python3.5/site-packages/freckles/external/default_role_repo/makkus.freckles-config/defaults'...
Listing './lib/python3.5/site-packages/freckles/external/default_role_repo/makkus.freckles-config/filter_plugins'...
Listing './lib/python3.5/site-packages/freckles/external/default_role_repo/makkus.freckles-config/handlers'...
Listing './lib/python3.5/site-packages/freckles/external/default_role_repo/makkus.freckles-config/library'...
Listing './lib/python3.5/site-packages/freckles/external/default_role_repo/makkus.freckles-config/meta'...
Listing './lib/python3.5/site-packages/freckles/external/default_role_repo/makkus.freckles-config/tasks'...
Listing './lib/python3.5/site-packages/freckles/external/default_role_repo/makkus.freckles-config/tests'...
Listing './lib/python3.5/site-packages/freckles/external/default_role_repo/makkus.freckles-config/vars'...
Listing './lib/python3.5/site-packages/freckles/external/default_role_repo/makkus.install-conda'...
Listing './lib/python3.5/site-packages/freckles/external/default_role_repo/makkus.install-conda/defaults'...
Listing './lib/python3.5/site-packages/freckles/external/default_role_repo/makkus.install-conda/handlers'...
Listing './lib/python3.5/site-packages/freckles/external/default_role_repo/makkus.install-conda/meta'...
Listing './lib/python3.5/site-packages/freckles/external/default_role_repo/makkus.install-conda/molecule'...
Listing './lib/python3.5/site-packages/freckles/external/default_role_repo/makkus.install-conda/molecule/default'...
Listing './lib/python3.5/site-packages/freckles/external/default_role_repo/makkus.install-conda/molecule/default/tests'...
Listing './lib/python3.5/site-packages/freckles/external/default_role_repo/makkus.install-conda/tasks'...
Listing './lib/python3.5/site-packages/freckles/external/default_role_repo/makkus.install-conda/vars'...
Listing './lib/python3.5/site-packages/freckles/external/default_role_repo/makkus.install-freckles'...
Listing './lib/python3.5/site-packages/freckles/external/default_role_repo/makkus.install-freckles/defaults'...
Listing './lib/python3.5/site-packages/freckles/external/default_role_repo/makkus.install-freckles/filter_plugins'...
Listing './lib/python3.5/site-packages/freckles/external/default_role_repo/makkus.install-freckles/handlers'...
Listing './lib/python3.5/site-packages/freckles/external/default_role_repo/makkus.install-freckles/library'...
Listing './lib/python3.5/site-packages/freckles/external/default_role_repo/makkus.install-freckles/meta'...
Listing './lib/python3.5/site-packages/freckles/external/default_role_repo/makkus.install-freckles/molecule'...
Listing './lib/python3.5/site-packages/freckles/external/default_role_repo/makkus.install-freckles/molecule/conda'...
Listing './lib/python3.5/site-packages/freckles/external/default_role_repo/makkus.install-freckles/molecule/conda/tests'...
Listing './lib/python3.5/site-packages/freckles/external/default_role_repo/makkus.install-freckles/molecule/default'...
Listing './lib/python3.5/site-packages/freckles/external/default_role_repo/makkus.install-freckles/molecule/default/tests'...
Listing './lib/python3.5/site-packages/freckles/external/default_role_repo/makkus.install-freckles/tasks'...
Listing './lib/python3.5/site-packages/freckles/external/default_role_repo/makkus.install-freckles/vars'...
Listing './lib/python3.5/site-packages/freckles/external/default_role_repo/makkus.install-nix'...
Listing './lib/python3.5/site-packages/freckles/external/default_role_repo/makkus.install-nix/defaults'...
Listing './lib/python3.5/site-packages/freckles/external/default_role_repo/makkus.install-nix/handlers'...
Listing './lib/python3.5/site-packages/freckles/external/default_role_repo/makkus.install-nix/meta'...
Listing './lib/python3.5/site-packages/freckles/external/default_role_repo/makkus.install-nix/molecule'...
Listing './lib/python3.5/site-packages/freckles/external/default_role_repo/makkus.install-nix/molecule/default'...
Listing './lib/python3.5/site-packages/freckles/external/default_role_repo/makkus.install-nix/molecule/default/tests'...
Listing './lib/python3.5/site-packages/freckles/external/default_role_repo/makkus.install-nix/tasks'...
Listing './lib/python3.5/site-packages/freckles/external/default_role_repo/makkus.install-nix/vars'...
Listing './lib/python3.5/site-packages/freckles/external/default_role_repo/makkus.install-packages'...
Listing './lib/python3.5/site-packages/freckles/external/default_role_repo/makkus.install-packages/defaults'...
Listing './lib/python3.5/site-packages/freckles/external/default_role_repo/makkus.install-packages/filter_plugins'...
Listing './lib/python3.5/site-packages/freckles/external/default_role_repo/makkus.install-packages/handlers'...
Listing './lib/python3.5/site-packages/freckles/external/default_role_repo/makkus.install-packages/meta'...
Listing './lib/python3.5/site-packages/freckles/external/default_role_repo/makkus.install-packages/molecule'...
Listing './lib/python3.5/site-packages/freckles/external/default_role_repo/makkus.install-packages/molecule/default'...
Listing './lib/python3.5/site-packages/freckles/external/default_role_repo/makkus.install-packages/molecule/default/tests'...
Listing './lib/python3.5/site-packages/freckles/external/default_role_repo/makkus.install-packages/tasks'...
Listing './lib/python3.5/site-packages/freckles/external/default_role_repo/makkus.install-packages/vars'...
Listing './lib/python3.5/site-packages/freckles/external/default_role_repo/makkus.install-pkg-mgrs'...
Listing './lib/python3.5/site-packages/freckles/external/default_role_repo/makkus.install-pkg-mgrs/defaults'...
Listing './lib/python3.5/site-packages/freckles/external/default_role_repo/makkus.install-pkg-mgrs/filter_plugins'...
Listing './lib/python3.5/site-packages/freckles/external/default_role_repo/makkus.install-pkg-mgrs/handlers'...
Listing './lib/python3.5/site-packages/freckles/external/default_role_repo/makkus.install-pkg-mgrs/meta'...
Listing './lib/python3.5/site-packages/freckles/external/default_role_repo/makkus.install-pkg-mgrs/tasks'...
Listing './lib/python3.5/site-packages/freckles/external/default_role_repo/makkus.install-pkg-mgrs/tests'...
Listing './lib/python3.5/site-packages/freckles/external/default_role_repo/makkus.install-pkg-mgrs/vars'...
Listing './lib/python3.5/site-packages/freckles/external/default_role_repo/makkus.install-vagrant'...
Listing './lib/python3.5/site-packages/freckles/external/default_role_repo/makkus.install-vagrant/defaults'...
Listing './lib/python3.5/site-packages/freckles/external/default_role_repo/makkus.install-vagrant/filter_plugins'...
Listing './lib/python3.5/site-packages/freckles/external/default_role_repo/makkus.install-vagrant/handlers'...
Listing './lib/python3.5/site-packages/freckles/external/default_role_repo/makkus.install-vagrant/meta'...
Listing './lib/python3.5/site-packages/freckles/external/default_role_repo/makkus.install-vagrant/molecule'...
Listing './lib/python3.5/site-packages/freckles/external/default_role_repo/makkus.install-vagrant/molecule/default'...
Listing './lib/python3.5/site-packages/freckles/external/default_role_repo/makkus.install-vagrant/molecule/default/tests'...
Listing './lib/python3.5/site-packages/freckles/external/default_role_repo/makkus.install-vagrant/tasks'...
Listing './lib/python3.5/site-packages/freckles/external/default_role_repo/makkus.install-vagrant/vars'...
Listing './lib/python3.5/site-packages/freckles/external/default_role_repo/makkus.python-dev'...
Listing './lib/python3.5/site-packages/freckles/external/default_role_repo/makkus.python-dev/defaults'...
Listing './lib/python3.5/site-packages/freckles/external/default_role_repo/makkus.python-dev/filter_plugins'...
Listing './lib/python3.5/site-packages/freckles/external/default_role_repo/makkus.python-dev/handlers'...
Listing './lib/python3.5/site-packages/freckles/external/default_role_repo/makkus.python-dev/meta'...
Listing './lib/python3.5/site-packages/freckles/external/default_role_repo/makkus.python-dev/molecule'...
Listing './lib/python3.5/site-packages/freckles/external/default_role_repo/makkus.python-dev/molecule/default'...
Listing './lib/python3.5/site-packages/freckles/external/default_role_repo/makkus.python-dev/molecule/default/tests'...
Listing './lib/python3.5/site-packages/freckles/external/default_role_repo/makkus.python-dev/tasks'...
Listing './lib/python3.5/site-packages/freckles/external/default_role_repo/makkus.python-dev/vars'...
Listing './lib/python3.5/site-packages/freckles/external/default_role_repo/makkus.virtualbox'...
Listing './lib/python3.5/site-packages/freckles/external/default_role_repo/makkus.virtualbox/defaults'...
Listing './lib/python3.5/site-packages/freckles/external/default_role_repo/makkus.virtualbox/meta'...
Listing './lib/python3.5/site-packages/freckles/external/default_role_repo/makkus.virtualbox/tasks'...
Listing './lib/python3.5/site-packages/freckles/external/default_role_repo/makkus.virtualbox/vars'...
Listing './lib/python3.5/site-packages/freckles/external/frecklecutables'...
Listing './lib/python3.5/site-packages/freckles/external/freckles_extra_plugins'...
Listing './lib/python3.5/site-packages/freckles/external/freckles_extra_plugins/action_plugins'...
Listing './lib/python3.5/site-packages/freckles/external/freckles_extra_plugins/callback_plugins'...
Listing './lib/python3.5/site-packages/freckles/external/freckles_extra_plugins/library'...
Compiling './lib/python3.5/site-packages/freckles/external/freckles_extra_plugins/library/mac_pkg.py'...
***   File "./lib/python3.5/site-packages/freckles/external/freckles_extra_plugins/library/mac_pkg.py", line 81
    except (OSError, IOError), e:
                             ^
SyntaxError: invalid syntax

Listing './lib/python3.5/site-packages/freckles-0.4.5.dist-info'...
Listing './lib/python3.5/site-packages/frkl'...
Listing './lib/python3.5/site-packages/frkl-0.1.0.dist-info'...
Listing './lib/python3.5/site-packages/future'...
Listing './lib/python3.5/site-packages/future/backports'...
Listing './lib/python3.5/site-packages/future/backports/email'...
Listing './lib/python3.5/site-packages/future/backports/email/mime'...
Listing './lib/python3.5/site-packages/future/backports/html'...
Listing './lib/python3.5/site-packages/future/backports/http'...
Listing './lib/python3.5/site-packages/future/backports/test'...
Listing './lib/python3.5/site-packages/future/backports/urllib'...
Listing './lib/python3.5/site-packages/future/backports/xmlrpc'...
Listing './lib/python3.5/site-packages/future/builtins'...
Listing './lib/python3.5/site-packages/future/moves'...
Listing './lib/python3.5/site-packages/future/moves/dbm'...
Listing './lib/python3.5/site-packages/future/moves/html'...
Listing './lib/python3.5/site-packages/future/moves/http'...
Listing './lib/python3.5/site-packages/future/moves/test'...
Listing './lib/python3.5/site-packages/future/moves/tkinter'...
Listing './lib/python3.5/site-packages/future/moves/urllib'...
Listing './lib/python3.5/site-packages/future/moves/xmlrpc'...
Listing './lib/python3.5/site-packages/future/standard_library'...
Listing './lib/python3.5/site-packages/future/tests'...
Listing './lib/python3.5/site-packages/future/types'...
Listing './lib/python3.5/site-packages/future/utils'...
Listing './lib/python3.5/site-packages/future-0.16.0.egg-info'...
Listing './lib/python3.5/site-packages/idna'...
Listing './lib/python3.5/site-packages/idna-2.6.dist-info'...
Listing './lib/python3.5/site-packages/inaugurate'...
Listing './lib/python3.5/site-packages/inaugurate-0.1.1.egg-info'...
Listing './lib/python3.5/site-packages/jinja2'...
Compiling './lib/python3.5/site-packages/jinja2/asyncfilters.py'...
***   File "./lib/python3.5/site-packages/jinja2/asyncfilters.py", line 24
    yield item
    ^
SyntaxError: 'yield' inside async function

Compiling './lib/python3.5/site-packages/jinja2/asyncsupport.py'...
***   File "./lib/python3.5/site-packages/jinja2/asyncsupport.py", line 35
    yield event
    ^
SyntaxError: 'yield' inside async function

Listing './lib/python3.5/site-packages/jinja2_time'...
Listing './lib/python3.5/site-packages/jinja2_time-0.2.0.dist-info'...
Listing './lib/python3.5/site-packages/libfuturize'...
Listing './lib/python3.5/site-packages/libfuturize/fixes'...
Listing './lib/python3.5/site-packages/libpasteurize'...
Listing './lib/python3.5/site-packages/libpasteurize/fixes'...
Listing './lib/python3.5/site-packages/markupsafe'...
Listing './lib/python3.5/site-packages/nacl'...
Listing './lib/python3.5/site-packages/nacl/bindings'...
Listing './lib/python3.5/site-packages/nacl/pwhash'...
Listing './lib/python3.5/site-packages/nsbl'...
Listing './lib/python3.5/site-packages/nsbl/external'...
Listing './lib/python3.5/site-packages/nsbl/external/ansible-role-template'...
Listing './lib/python3.5/site-packages/nsbl/external/ansible-role-template/{{ cookiecutter.role_name }}'...
Listing './lib/python3.5/site-packages/nsbl/external/ansible-role-template/{{ cookiecutter.role_name }}/defaults'...
Listing './lib/python3.5/site-packages/nsbl/external/ansible-role-template/{{ cookiecutter.role_name }}/handlers'...
Listing './lib/python3.5/site-packages/nsbl/external/ansible-role-template/{{ cookiecutter.role_name }}/meta'...
Listing './lib/python3.5/site-packages/nsbl/external/ansible-role-template/{{ cookiecutter.role_name }}/tasks'...
Listing './lib/python3.5/site-packages/nsbl/external/ansible-role-template/{{ cookiecutter.role_name }}/tests'...
Listing './lib/python3.5/site-packages/nsbl/external/ansible-role-template/{{ cookiecutter.role_name }}/vars'...
Listing './lib/python3.5/site-packages/nsbl/external/cookiecutter-ansible-environment'...
Listing './lib/python3.5/site-packages/nsbl/external/cookiecutter-ansible-environment/{{cookiecutter.env_dir}}'...
Listing './lib/python3.5/site-packages/nsbl/external/cookiecutter-ansible-environment/{{cookiecutter.env_dir}}/debug'...
Listing './lib/python3.5/site-packages/nsbl/external/cookiecutter-ansible-environment/{{cookiecutter.env_dir}}/logs'...
Listing './lib/python3.5/site-packages/nsbl/external/cookiecutter-ansible-environment/{{cookiecutter.env_dir}}/plays'...
Listing './lib/python3.5/site-packages/nsbl/external/cookiecutter-ansible-environment/{{cookiecutter.env_dir}}/roles'...
Listing './lib/python3.5/site-packages/nsbl/external/default-roles'...
Listing './lib/python3.5/site-packages/nsbl/templates'...
Listing './lib/python3.5/site-packages/nsbl-0.2.7.dist-info'...
Listing './lib/python3.5/site-packages/paramiko'...
Listing './lib/python3.5/site-packages/paramiko-2.4.0.dist-info'...
Listing './lib/python3.5/site-packages/past'...
Listing './lib/python3.5/site-packages/past/builtins'...
Listing './lib/python3.5/site-packages/past/tests'...
Listing './lib/python3.5/site-packages/past/translation'...
Listing './lib/python3.5/site-packages/past/types'...
Listing './lib/python3.5/site-packages/past/utils'...
Listing './lib/python3.5/site-packages/pbr'...
Listing './lib/python3.5/site-packages/pbr/cmd'...
Listing './lib/python3.5/site-packages/pbr/hooks'...
Listing './lib/python3.5/site-packages/pbr/tests'...
Listing './lib/python3.5/site-packages/pbr/tests/testpackage'...
Listing './lib/python3.5/site-packages/pbr/tests/testpackage/data_files'...
Listing './lib/python3.5/site-packages/pbr/tests/testpackage/doc'...
Listing './lib/python3.5/site-packages/pbr/tests/testpackage/doc/source'...
Listing './lib/python3.5/site-packages/pbr/tests/testpackage/pbr_testpackage'...
Listing './lib/python3.5/site-packages/pbr/tests/testpackage/pbr_testpackage/package_data'...
Listing './lib/python3.5/site-packages/pbr/tests/testpackage/src'...
Listing './lib/python3.5/site-packages/pbr-3.1.1.dist-info'...
Listing './lib/python3.5/site-packages/pip'...
Listing './lib/python3.5/site-packages/pip/_vendor'...
Listing './lib/python3.5/site-packages/pip/commands'...
Listing './lib/python3.5/site-packages/pip/compat'...
Listing './lib/python3.5/site-packages/pip/models'...
Listing './lib/python3.5/site-packages/pip/operations'...
Listing './lib/python3.5/site-packages/pip/req'...
Listing './lib/python3.5/site-packages/pip/utils'...
Listing './lib/python3.5/site-packages/pip/vcs'...
Listing './lib/python3.5/site-packages/pip-9.0.1.dist-info'...
Listing './lib/python3.5/site-packages/pkg_resources'...
Listing './lib/python3.5/site-packages/pkg_resources/_vendor'...
Listing './lib/python3.5/site-packages/pkg_resources/_vendor/packaging'...
Listing './lib/python3.5/site-packages/pkg_resources/extern'...
Listing './lib/python3.5/site-packages/pkg_resources-0.0.0.dist-info'...
Listing './lib/python3.5/site-packages/poyo'...
Listing './lib/python3.5/site-packages/poyo-0.4.1.dist-info'...
Listing './lib/python3.5/site-packages/pyasn1'...
Listing './lib/python3.5/site-packages/pyasn1/codec'...
Listing './lib/python3.5/site-packages/pyasn1/codec/ber'...
Listing './lib/python3.5/site-packages/pyasn1/codec/cer'...
Listing './lib/python3.5/site-packages/pyasn1/codec/der'...
Listing './lib/python3.5/site-packages/pyasn1/codec/native'...
Listing './lib/python3.5/site-packages/pyasn1/compat'...
Listing './lib/python3.5/site-packages/pyasn1/type'...
Listing './lib/python3.5/site-packages/pyasn1-0.4.2.dist-info'...
Listing './lib/python3.5/site-packages/pycparser'...
Listing './lib/python3.5/site-packages/pycparser/ply'...
Listing './lib/python3.5/site-packages/pycparser-2.18.egg-info'...
Listing './lib/python3.5/site-packages/python_dateutil-2.6.1.dist-info'...
Listing './lib/python3.5/site-packages/requests'...
Listing './lib/python3.5/site-packages/requests-2.18.4.dist-info'...
Listing './lib/python3.5/site-packages/setuptools'...
Listing './lib/python3.5/site-packages/setuptools/command'...
Listing './lib/python3.5/site-packages/setuptools/extern'...
Listing './lib/python3.5/site-packages/setuptools-32.3.1.dist-info'...
Listing './lib/python3.5/site-packages/six-1.10.0.dist-info'...
Listing './lib/python3.5/site-packages/stevedore'...
Listing './lib/python3.5/site-packages/stevedore/example'...
Listing './lib/python3.5/site-packages/stevedore/example2'...
Listing './lib/python3.5/site-packages/stevedore/tests'...
Listing './lib/python3.5/site-packages/stevedore-1.28.0.dist-info'...
Listing './lib/python3.5/site-packages/urllib3'...
Listing './lib/python3.5/site-packages/urllib3/contrib'...
Listing './lib/python3.5/site-packages/urllib3/contrib/_securetransport'...
Listing './lib/python3.5/site-packages/urllib3/packages'...
Listing './lib/python3.5/site-packages/urllib3/packages/backports'...
Listing './lib/python3.5/site-packages/urllib3/packages/ssl_match_hostname'...
Listing './lib/python3.5/site-packages/urllib3/util'...
Listing './lib/python3.5/site-packages/urllib3-1.22.dist-info'...
Listing './lib/python3.5/site-packages/whichcraft-0.4.1.dist-info'...
Listing './lib/python3.5/site-packages/yaml'...
Listing './share'...
Listing './share/python-wheels'...
