Listing '.'...
Listing './bin'...
Compiling './bin/miniterm.py'...
Listing './include'...
Listing './lib'...
Listing './lib/python3.5'...
Listing './lib/python3.5/site-packages'...
Listing './lib/python3.5/site-packages/enum'...
Listing './lib/python3.5/site-packages/enum34-1.1.6.dist-info'...
Listing './lib/python3.5/site-packages/future'...
Listing './lib/python3.5/site-packages/future/backports'...
Listing './lib/python3.5/site-packages/future/backports/email'...
Listing './lib/python3.5/site-packages/future/backports/email/mime'...
Listing './lib/python3.5/site-packages/future/backports/html'...
Listing './lib/python3.5/site-packages/future/backports/http'...
Listing './lib/python3.5/site-packages/future/backports/test'...
Listing './lib/python3.5/site-packages/future/backports/urllib'...
Listing './lib/python3.5/site-packages/future/backports/xmlrpc'...
Listing './lib/python3.5/site-packages/future/builtins'...
Listing './lib/python3.5/site-packages/future/moves'...
Listing './lib/python3.5/site-packages/future/moves/dbm'...
Listing './lib/python3.5/site-packages/future/moves/html'...
Listing './lib/python3.5/site-packages/future/moves/http'...
Listing './lib/python3.5/site-packages/future/moves/test'...
Listing './lib/python3.5/site-packages/future/moves/tkinter'...
Listing './lib/python3.5/site-packages/future/moves/urllib'...
Listing './lib/python3.5/site-packages/future/moves/xmlrpc'...
Listing './lib/python3.5/site-packages/future/standard_library'...
Listing './lib/python3.5/site-packages/future/tests'...
Listing './lib/python3.5/site-packages/future/types'...
Listing './lib/python3.5/site-packages/future/utils'...
Listing './lib/python3.5/site-packages/future-0.16.0.egg-info'...
Listing './lib/python3.5/site-packages/instrumentkit-0.4.1.dist-info'...
Listing './lib/python3.5/site-packages/instruments'...
Listing './lib/python3.5/site-packages/instruments/abstract_instruments'...
Listing './lib/python3.5/site-packages/instruments/abstract_instruments/comm'...
Listing './lib/python3.5/site-packages/instruments/abstract_instruments/signal_generator'...
Listing './lib/python3.5/site-packages/instruments/agilent'...
Listing './lib/python3.5/site-packages/instruments/generic_scpi'...
Listing './lib/python3.5/site-packages/instruments/holzworth'...
Listing './lib/python3.5/site-packages/instruments/hp'...
Listing './lib/python3.5/site-packages/instruments/keithley'...
Listing './lib/python3.5/site-packages/instruments/lakeshore'...
Listing './lib/python3.5/site-packages/instruments/newport'...
Listing './lib/python3.5/site-packages/instruments/ondax'...
Listing './lib/python3.5/site-packages/instruments/oxford'...
Listing './lib/python3.5/site-packages/instruments/phasematrix'...
Listing './lib/python3.5/site-packages/instruments/picowatt'...
Listing './lib/python3.5/site-packages/instruments/qubitekk'...
Listing './lib/python3.5/site-packages/instruments/rigol'...
Listing './lib/python3.5/site-packages/instruments/srs'...
Listing './lib/python3.5/site-packages/instruments/tektronix'...
Listing './lib/python3.5/site-packages/instruments/tests'...
Listing './lib/python3.5/site-packages/instruments/tests/test_agilent'...
Listing './lib/python3.5/site-packages/instruments/tests/test_comm'...
Listing './lib/python3.5/site-packages/instruments/tests/test_generic_scpi'...
Listing './lib/python3.5/site-packages/instruments/tests/test_holzworth'...
Listing './lib/python3.5/site-packages/instruments/tests/test_hp'...
Listing './lib/python3.5/site-packages/instruments/tests/test_keithley'...
Listing './lib/python3.5/site-packages/instruments/tests/test_newport'...
Listing './lib/python3.5/site-packages/instruments/tests/test_oxford'...
Listing './lib/python3.5/site-packages/instruments/tests/test_phasematrix'...
Listing './lib/python3.5/site-packages/instruments/tests/test_picowatt'...
Listing './lib/python3.5/site-packages/instruments/tests/test_property_factories'...
Listing './lib/python3.5/site-packages/instruments/tests/test_qubitekk'...
Listing './lib/python3.5/site-packages/instruments/tests/test_srs'...
Listing './lib/python3.5/site-packages/instruments/tests/test_tektronix'...
Listing './lib/python3.5/site-packages/instruments/tests/test_thorlabs'...
Listing './lib/python3.5/site-packages/instruments/tests/test_toptica'...
Listing './lib/python3.5/site-packages/instruments/thorlabs'...
Listing './lib/python3.5/site-packages/instruments/toptica'...
Listing './lib/python3.5/site-packages/instruments/yokogawa'...
Listing './lib/python3.5/site-packages/libfuturize'...
Listing './lib/python3.5/site-packages/libfuturize/fixes'...
Listing './lib/python3.5/site-packages/libpasteurize'...
Listing './lib/python3.5/site-packages/libpasteurize/fixes'...
Listing './lib/python3.5/site-packages/numpy'...
Listing './lib/python3.5/site-packages/numpy/.libs'...
Listing './lib/python3.5/site-packages/numpy/compat'...
Listing './lib/python3.5/site-packages/numpy/core'...
Listing './lib/python3.5/site-packages/numpy/core/include'...
Listing './lib/python3.5/site-packages/numpy/core/include/numpy'...
Listing './lib/python3.5/site-packages/numpy/core/lib'...
Listing './lib/python3.5/site-packages/numpy/core/lib/npy-pkg-config'...
Listing './lib/python3.5/site-packages/numpy/core/tests'...
Listing './lib/python3.5/site-packages/numpy/core/tests/data'...
Listing './lib/python3.5/site-packages/numpy/distutils'...
Listing './lib/python3.5/site-packages/numpy/distutils/command'...
Listing './lib/python3.5/site-packages/numpy/distutils/fcompiler'...
Listing './lib/python3.5/site-packages/numpy/distutils/mingw'...
Listing './lib/python3.5/site-packages/numpy/distutils/tests'...
Listing './lib/python3.5/site-packages/numpy/doc'...
Listing './lib/python3.5/site-packages/numpy/f2py'...
Listing './lib/python3.5/site-packages/numpy/f2py/src'...
Listing './lib/python3.5/site-packages/numpy/f2py/tests'...
Listing './lib/python3.5/site-packages/numpy/f2py/tests/src'...
Listing './lib/python3.5/site-packages/numpy/f2py/tests/src/array_from_pyobj'...
Listing './lib/python3.5/site-packages/numpy/f2py/tests/src/assumed_shape'...
Listing './lib/python3.5/site-packages/numpy/f2py/tests/src/common'...
Listing './lib/python3.5/site-packages/numpy/f2py/tests/src/kind'...
Listing './lib/python3.5/site-packages/numpy/f2py/tests/src/mixed'...
Listing './lib/python3.5/site-packages/numpy/f2py/tests/src/parameter'...
Listing './lib/python3.5/site-packages/numpy/f2py/tests/src/regression'...
Listing './lib/python3.5/site-packages/numpy/f2py/tests/src/size'...
Listing './lib/python3.5/site-packages/numpy/f2py/tests/src/string'...
Listing './lib/python3.5/site-packages/numpy/fft'...
Listing './lib/python3.5/site-packages/numpy/fft/tests'...
Listing './lib/python3.5/site-packages/numpy/lib'...
Listing './lib/python3.5/site-packages/numpy/lib/tests'...
Listing './lib/python3.5/site-packages/numpy/lib/tests/data'...
Listing './lib/python3.5/site-packages/numpy/linalg'...
Listing './lib/python3.5/site-packages/numpy/linalg/tests'...
Listing './lib/python3.5/site-packages/numpy/ma'...
Listing './lib/python3.5/site-packages/numpy/ma/tests'...
Listing './lib/python3.5/site-packages/numpy/matrixlib'...
Listing './lib/python3.5/site-packages/numpy/matrixlib/tests'...
Listing './lib/python3.5/site-packages/numpy/polynomial'...
Listing './lib/python3.5/site-packages/numpy/polynomial/tests'...
Listing './lib/python3.5/site-packages/numpy/random'...
Listing './lib/python3.5/site-packages/numpy/random/tests'...
Listing './lib/python3.5/site-packages/numpy/testing'...
Listing './lib/python3.5/site-packages/numpy/testing/nose_tools'...
Listing './lib/python3.5/site-packages/numpy/testing/tests'...
Listing './lib/python3.5/site-packages/numpy/tests'...
Listing './lib/python3.5/site-packages/numpy-1.14.0.dist-info'...
Listing './lib/python3.5/site-packages/past'...
Listing './lib/python3.5/site-packages/past/builtins'...
Listing './lib/python3.5/site-packages/past/tests'...
Listing './lib/python3.5/site-packages/past/translation'...
Listing './lib/python3.5/site-packages/past/types'...
Listing './lib/python3.5/site-packages/past/utils'...
Listing './lib/python3.5/site-packages/pip'...
Listing './lib/python3.5/site-packages/pip/_vendor'...
Listing './lib/python3.5/site-packages/pip/commands'...
Listing './lib/python3.5/site-packages/pip/compat'...
Listing './lib/python3.5/site-packages/pip/models'...
Listing './lib/python3.5/site-packages/pip/operations'...
Listing './lib/python3.5/site-packages/pip/req'...
Listing './lib/python3.5/site-packages/pip/utils'...
Listing './lib/python3.5/site-packages/pip/vcs'...
Listing './lib/python3.5/site-packages/pip-9.0.1.dist-info'...
Listing './lib/python3.5/site-packages/pkg_resources'...
Listing './lib/python3.5/site-packages/pkg_resources/_vendor'...
Listing './lib/python3.5/site-packages/pkg_resources/_vendor/packaging'...
Listing './lib/python3.5/site-packages/pkg_resources/extern'...
Listing './lib/python3.5/site-packages/pkg_resources-0.0.0.dist-info'...
Listing './lib/python3.5/site-packages/pyserial-3.4.dist-info'...
Listing './lib/python3.5/site-packages/python_usbtmc-0.8.egg-info'...
Listing './lib/python3.5/site-packages/python_vxi11-0.9.egg-info'...
Listing './lib/python3.5/site-packages/pyusb-1.0.2.egg-info'...
Listing './lib/python3.5/site-packages/quantities'...
Listing './lib/python3.5/site-packages/quantities/constants'...
Listing './lib/python3.5/site-packages/quantities/tests'...
Listing './lib/python3.5/site-packages/quantities/units'...
Listing './lib/python3.5/site-packages/quantities-0.12.1.egg-info'...
Listing './lib/python3.5/site-packages/ruamel'...
Listing './lib/python3.5/site-packages/ruamel/yaml'...
Listing './lib/python3.5/site-packages/ruamel.yaml-0.15.35.dist-info'...
Listing './lib/python3.5/site-packages/serial'...
Listing './lib/python3.5/site-packages/serial/threaded'...
Listing './lib/python3.5/site-packages/serial/tools'...
Listing './lib/python3.5/site-packages/serial/urlhandler'...
Listing './lib/python3.5/site-packages/setuptools'...
Listing './lib/python3.5/site-packages/setuptools/command'...
Listing './lib/python3.5/site-packages/setuptools/extern'...
Listing './lib/python3.5/site-packages/setuptools-32.3.1.dist-info'...
Listing './lib/python3.5/site-packages/usb'...
Listing './lib/python3.5/site-packages/usb/backend'...
Listing './lib/python3.5/site-packages/usbtmc'...
Listing './lib/python3.5/site-packages/vxi11'...
Listing './share'...
Listing './share/python-wheels'...
