Listing '.'...
Listing './bin'...
Listing './include'...
Listing './lib'...
Listing './lib/python3.5'...
Listing './lib/python3.5/site-packages'...
Listing './lib/python3.5/site-packages/Babel-2.5.1.dist-info'...
Listing './lib/python3.5/site-packages/Flask-0.12.2.dist-info'...
Listing './lib/python3.5/site-packages/Flask_Babel-0.11.2.dist-info'...
Listing './lib/python3.5/site-packages/Flask_Registry-0.2.0.egg-info'...
Listing './lib/python3.5/site-packages/Jinja2-2.10.dist-info'...
Listing './lib/python3.5/site-packages/MarkupSafe-1.0.egg-info'...
Listing './lib/python3.5/site-packages/Werkzeug-0.14.1.dist-info'...
Listing './lib/python3.5/site-packages/babel'...
Listing './lib/python3.5/site-packages/babel/locale-data'...
Listing './lib/python3.5/site-packages/babel/localtime'...
Listing './lib/python3.5/site-packages/babel/messages'...
Listing './lib/python3.5/site-packages/click'...
Listing './lib/python3.5/site-packages/click-6.7.dist-info'...
Listing './lib/python3.5/site-packages/flask'...
Listing './lib/python3.5/site-packages/flask/ext'...
Listing './lib/python3.5/site-packages/flask_babel'...
Listing './lib/python3.5/site-packages/flask_registry'...
Listing './lib/python3.5/site-packages/flask_registry/registries'...
Listing './lib/python3.5/site-packages/invenio_base'...
Listing './lib/python3.5/site-packages/invenio_base/scripts'...
Listing './lib/python3.5/site-packages/invenio_base/setuptools'...
Listing './lib/python3.5/site-packages/invenio_base/static'...
Listing './lib/python3.5/site-packages/invenio_base/static/css'...
Listing './lib/python3.5/site-packages/invenio_base/static/css/ckeditor'...
Listing './lib/python3.5/site-packages/invenio_base/static/img'...
Listing './lib/python3.5/site-packages/invenio_base/static/js'...
Listing './lib/python3.5/site-packages/invenio_base/static/js/ckeditor'...
Listing './lib/python3.5/site-packages/invenio_base/static/less'...
Listing './lib/python3.5/site-packages/invenio_base/static/vendors'...
Listing './lib/python3.5/site-packages/invenio_base/static/vendors/ckeditor'...
Listing './lib/python3.5/site-packages/invenio_base/static/vendors/ckeditor/plugins'...
Listing './lib/python3.5/site-packages/invenio_base/static/vendors/ckeditor/plugins/scientificchar'...
Listing './lib/python3.5/site-packages/invenio_base/static/vendors/ckeditor/plugins/scientificchar/dialogs'...
Listing './lib/python3.5/site-packages/invenio_base/static/vendors/ckeditor/plugins/scientificchar/lang'...
Listing './lib/python3.5/site-packages/invenio_base/templates'...
Listing './lib/python3.5/site-packages/invenio_base/templates/admin-ng'...
Listing './lib/python3.5/site-packages/invenio_base/templates/base'...
Listing './lib/python3.5/site-packages/invenio_base/translations'...
Listing './lib/python3.5/site-packages/invenio_base/translations/af'...
Listing './lib/python3.5/site-packages/invenio_base/translations/af/LC_MESSAGES'...
Listing './lib/python3.5/site-packages/invenio_base/translations/ar'...
Listing './lib/python3.5/site-packages/invenio_base/translations/ar/LC_MESSAGES'...
Listing './lib/python3.5/site-packages/invenio_base/translations/bg'...
Listing './lib/python3.5/site-packages/invenio_base/translations/bg/LC_MESSAGES'...
Listing './lib/python3.5/site-packages/invenio_base/translations/ca'...
Listing './lib/python3.5/site-packages/invenio_base/translations/ca/LC_MESSAGES'...
Listing './lib/python3.5/site-packages/invenio_base/translations/cs'...
Listing './lib/python3.5/site-packages/invenio_base/translations/cs/LC_MESSAGES'...
Listing './lib/python3.5/site-packages/invenio_base/translations/de'...
Listing './lib/python3.5/site-packages/invenio_base/translations/de/LC_MESSAGES'...
Listing './lib/python3.5/site-packages/invenio_base/translations/el'...
Listing './lib/python3.5/site-packages/invenio_base/translations/el/LC_MESSAGES'...
Listing './lib/python3.5/site-packages/invenio_base/translations/en'...
Listing './lib/python3.5/site-packages/invenio_base/translations/en/LC_MESSAGES'...
Listing './lib/python3.5/site-packages/invenio_base/translations/es'...
Listing './lib/python3.5/site-packages/invenio_base/translations/es/LC_MESSAGES'...
Listing './lib/python3.5/site-packages/invenio_base/translations/fa'...
Listing './lib/python3.5/site-packages/invenio_base/translations/fr'...
Listing './lib/python3.5/site-packages/invenio_base/translations/fr/LC_MESSAGES'...
Listing './lib/python3.5/site-packages/invenio_base/translations/gl'...
Listing './lib/python3.5/site-packages/invenio_base/translations/gl/LC_MESSAGES'...
Listing './lib/python3.5/site-packages/invenio_base/translations/hr'...
Listing './lib/python3.5/site-packages/invenio_base/translations/hr/LC_MESSAGES'...
Listing './lib/python3.5/site-packages/invenio_base/translations/hu'...
Listing './lib/python3.5/site-packages/invenio_base/translations/hu/LC_MESSAGES'...
Listing './lib/python3.5/site-packages/invenio_base/translations/it'...
Listing './lib/python3.5/site-packages/invenio_base/translations/it/LC_MESSAGES'...
Listing './lib/python3.5/site-packages/invenio_base/translations/ja'...
Listing './lib/python3.5/site-packages/invenio_base/translations/ja/LC_MESSAGES'...
Listing './lib/python3.5/site-packages/invenio_base/translations/ka'...
Listing './lib/python3.5/site-packages/invenio_base/translations/ka/LC_MESSAGES'...
Listing './lib/python3.5/site-packages/invenio_base/translations/lt'...
Listing './lib/python3.5/site-packages/invenio_base/translations/lt/LC_MESSAGES'...
Listing './lib/python3.5/site-packages/invenio_base/translations/no'...
Listing './lib/python3.5/site-packages/invenio_base/translations/no/LC_MESSAGES'...
Listing './lib/python3.5/site-packages/invenio_base/translations/pl'...
Listing './lib/python3.5/site-packages/invenio_base/translations/pl/LC_MESSAGES'...
Listing './lib/python3.5/site-packages/invenio_base/translations/pt'...
Listing './lib/python3.5/site-packages/invenio_base/translations/pt/LC_MESSAGES'...
Listing './lib/python3.5/site-packages/invenio_base/translations/ro'...
Listing './lib/python3.5/site-packages/invenio_base/translations/ro/LC_MESSAGES'...
Listing './lib/python3.5/site-packages/invenio_base/translations/ru'...
Listing './lib/python3.5/site-packages/invenio_base/translations/ru/LC_MESSAGES'...
Listing './lib/python3.5/site-packages/invenio_base/translations/rw'...
Listing './lib/python3.5/site-packages/invenio_base/translations/rw/LC_MESSAGES'...
Listing './lib/python3.5/site-packages/invenio_base/translations/sk'...
Listing './lib/python3.5/site-packages/invenio_base/translations/sk/LC_MESSAGES'...
Listing './lib/python3.5/site-packages/invenio_base/translations/sv'...
Listing './lib/python3.5/site-packages/invenio_base/translations/sv/LC_MESSAGES'...
Listing './lib/python3.5/site-packages/invenio_base/translations/uk'...
Listing './lib/python3.5/site-packages/invenio_base/translations/uk/LC_MESSAGES'...
Listing './lib/python3.5/site-packages/invenio_base/translations/zh_CN'...
Listing './lib/python3.5/site-packages/invenio_base/translations/zh_CN/LC_MESSAGES'...
Listing './lib/python3.5/site-packages/invenio_base/translations/zh_TW'...
Listing './lib/python3.5/site-packages/invenio_base/translations/zh_TW/LC_MESSAGES'...
Listing './lib/python3.5/site-packages/invenio_base-0.3.1.dist-info'...
Listing './lib/python3.5/site-packages/itsdangerous-0.24.egg-info'...
Listing './lib/python3.5/site-packages/jinja2'...
Compiling './lib/python3.5/site-packages/jinja2/asyncfilters.py'...
***   File "./lib/python3.5/site-packages/jinja2/asyncfilters.py", line 24
    yield item
    ^
SyntaxError: 'yield' inside async function

Compiling './lib/python3.5/site-packages/jinja2/asyncsupport.py'...
***   File "./lib/python3.5/site-packages/jinja2/asyncsupport.py", line 35
    yield event
    ^
SyntaxError: 'yield' inside async function

Listing './lib/python3.5/site-packages/markupsafe'...
Listing './lib/python3.5/site-packages/pip'...
Listing './lib/python3.5/site-packages/pip/_vendor'...
Listing './lib/python3.5/site-packages/pip/commands'...
Listing './lib/python3.5/site-packages/pip/compat'...
Listing './lib/python3.5/site-packages/pip/models'...
Listing './lib/python3.5/site-packages/pip/operations'...
Listing './lib/python3.5/site-packages/pip/req'...
Listing './lib/python3.5/site-packages/pip/utils'...
Listing './lib/python3.5/site-packages/pip/vcs'...
Listing './lib/python3.5/site-packages/pip-9.0.1.dist-info'...
Listing './lib/python3.5/site-packages/pkg_resources'...
Listing './lib/python3.5/site-packages/pkg_resources/_vendor'...
Listing './lib/python3.5/site-packages/pkg_resources/_vendor/packaging'...
Listing './lib/python3.5/site-packages/pkg_resources/extern'...
Listing './lib/python3.5/site-packages/pkg_resources-0.0.0.dist-info'...
Listing './lib/python3.5/site-packages/pytz'...
Listing './lib/python3.5/site-packages/pytz/zoneinfo'...
Listing './lib/python3.5/site-packages/pytz/zoneinfo/Africa'...
Listing './lib/python3.5/site-packages/pytz/zoneinfo/America'...
Listing './lib/python3.5/site-packages/pytz/zoneinfo/America/Argentina'...
Listing './lib/python3.5/site-packages/pytz/zoneinfo/America/Indiana'...
Listing './lib/python3.5/site-packages/pytz/zoneinfo/America/Kentucky'...
Listing './lib/python3.5/site-packages/pytz/zoneinfo/America/North_Dakota'...
Listing './lib/python3.5/site-packages/pytz/zoneinfo/Antarctica'...
Listing './lib/python3.5/site-packages/pytz/zoneinfo/Arctic'...
Listing './lib/python3.5/site-packages/pytz/zoneinfo/Asia'...
Listing './lib/python3.5/site-packages/pytz/zoneinfo/Atlantic'...
Listing './lib/python3.5/site-packages/pytz/zoneinfo/Australia'...
Listing './lib/python3.5/site-packages/pytz/zoneinfo/Brazil'...
Listing './lib/python3.5/site-packages/pytz/zoneinfo/Canada'...
Listing './lib/python3.5/site-packages/pytz/zoneinfo/Chile'...
Listing './lib/python3.5/site-packages/pytz/zoneinfo/Etc'...
Listing './lib/python3.5/site-packages/pytz/zoneinfo/Europe'...
Listing './lib/python3.5/site-packages/pytz/zoneinfo/Indian'...
Listing './lib/python3.5/site-packages/pytz/zoneinfo/Mexico'...
Listing './lib/python3.5/site-packages/pytz/zoneinfo/Pacific'...
Listing './lib/python3.5/site-packages/pytz/zoneinfo/US'...
Listing './lib/python3.5/site-packages/pytz-2017.3.dist-info'...
Listing './lib/python3.5/site-packages/setuptools'...
Listing './lib/python3.5/site-packages/setuptools/command'...
Listing './lib/python3.5/site-packages/setuptools/extern'...
Listing './lib/python3.5/site-packages/setuptools-32.3.1.dist-info'...
Listing './lib/python3.5/site-packages/six-1.11.0.dist-info'...
Listing './lib/python3.5/site-packages/werkzeug'...
Listing './lib/python3.5/site-packages/werkzeug/contrib'...
Listing './lib/python3.5/site-packages/werkzeug/debug'...
Listing './lib/python3.5/site-packages/werkzeug/debug/shared'...
Listing './share'...
Listing './share/python-wheels'...
