Listing '.'...
Listing './bin'...
Listing './include'...
Listing './lib'...
Listing './lib/python3.5'...
Listing './lib/python3.5/site-packages'...
Listing './lib/python3.5/site-packages/iPOPO-0.7.0.dist-info'...
Listing './lib/python3.5/site-packages/jsonrpclib'...
Listing './lib/python3.5/site-packages/jsonrpclib_pelix-0.3.1.dist-info'...
Listing './lib/python3.5/site-packages/pelix'...
Listing './lib/python3.5/site-packages/pelix/http'...
Listing './lib/python3.5/site-packages/pelix/internals'...
Listing './lib/python3.5/site-packages/pelix/ipopo'...
Listing './lib/python3.5/site-packages/pelix/ipopo/handlers'...
Listing './lib/python3.5/site-packages/pelix/misc'...
Listing './lib/python3.5/site-packages/pelix/remote'...
Listing './lib/python3.5/site-packages/pelix/remote/discovery'...
Listing './lib/python3.5/site-packages/pelix/remote/transport'...
Listing './lib/python3.5/site-packages/pelix/services'...
Listing './lib/python3.5/site-packages/pelix/shell'...
Listing './lib/python3.5/site-packages/pip'...
Listing './lib/python3.5/site-packages/pip/_vendor'...
Listing './lib/python3.5/site-packages/pip/commands'...
Listing './lib/python3.5/site-packages/pip/compat'...
Listing './lib/python3.5/site-packages/pip/models'...
Listing './lib/python3.5/site-packages/pip/operations'...
Listing './lib/python3.5/site-packages/pip/req'...
Listing './lib/python3.5/site-packages/pip/utils'...
Listing './lib/python3.5/site-packages/pip/vcs'...
Listing './lib/python3.5/site-packages/pip-9.0.1.dist-info'...
Listing './lib/python3.5/site-packages/pkg_resources'...
Listing './lib/python3.5/site-packages/pkg_resources/_vendor'...
Listing './lib/python3.5/site-packages/pkg_resources/_vendor/packaging'...
Listing './lib/python3.5/site-packages/pkg_resources/extern'...
Listing './lib/python3.5/site-packages/pkg_resources-0.0.0.dist-info'...
Listing './lib/python3.5/site-packages/setuptools'...
Listing './lib/python3.5/site-packages/setuptools/command'...
Listing './lib/python3.5/site-packages/setuptools/extern'...
Listing './lib/python3.5/site-packages/setuptools-32.3.1.dist-info'...
Listing './share'...
Listing './share/python-wheels'...
