Listing '.'...
Listing './bin'...
Listing './include'...
Listing './lib'...
Listing './lib/python3.5'...
Listing './lib/python3.5/site-packages'...
Listing './lib/python3.5/site-packages/CherryPy-13.1.0.dist-info'...
Listing './lib/python3.5/site-packages/PyJWT-1.5.3.dist-info'...
Listing './lib/python3.5/site-packages/PySocks-1.6.8.egg-info'...
Listing './lib/python3.5/site-packages/certifi'...
Listing './lib/python3.5/site-packages/certifi-2017.11.5.dist-info'...
Listing './lib/python3.5/site-packages/chardet'...
Listing './lib/python3.5/site-packages/chardet/cli'...
Listing './lib/python3.5/site-packages/chardet-3.0.4.dist-info'...
Listing './lib/python3.5/site-packages/cheroot'...
Listing './lib/python3.5/site-packages/cheroot/ssl'...
Listing './lib/python3.5/site-packages/cheroot/test'...
Listing './lib/python3.5/site-packages/cheroot/workers'...
Listing './lib/python3.5/site-packages/cheroot-6.0.0.dist-info'...
Listing './lib/python3.5/site-packages/cherrypy'...
Listing './lib/python3.5/site-packages/cherrypy/lib'...
Listing './lib/python3.5/site-packages/cherrypy/process'...
Listing './lib/python3.5/site-packages/cherrypy/scaffold'...
Listing './lib/python3.5/site-packages/cherrypy/scaffold/static'...
Listing './lib/python3.5/site-packages/cherrypy/test'...
Listing './lib/python3.5/site-packages/cherrypy/test/static'...
Listing './lib/python3.5/site-packages/cherrypy/tutorial'...
Listing './lib/python3.5/site-packages/cherrypy_cors-1.6.dist-info'...
Listing './lib/python3.5/site-packages/httpagentparser'...
Listing './lib/python3.5/site-packages/httpagentparser-1.8.1.egg-info'...
Listing './lib/python3.5/site-packages/idna'...
Listing './lib/python3.5/site-packages/idna-2.6.dist-info'...
Listing './lib/python3.5/site-packages/inflect-0.2.5.dist-info'...
Listing './lib/python3.5/site-packages/jaraco'...
Listing './lib/python3.5/site-packages/jaraco/pmxbot'...
Listing './lib/python3.5/site-packages/jaraco.itertools-2.1.dist-info'...
Listing './lib/python3.5/site-packages/jaraco.pmxbot-4.0.dist-info'...
Listing './lib/python3.5/site-packages/jwt'...
Listing './lib/python3.5/site-packages/jwt/contrib'...
Listing './lib/python3.5/site-packages/jwt/contrib/algorithms'...
Listing './lib/python3.5/site-packages/more_itertools'...
Listing './lib/python3.5/site-packages/more_itertools/tests'...
Listing './lib/python3.5/site-packages/more_itertools-4.0.1.dist-info'...
Listing './lib/python3.5/site-packages/pip'...
Listing './lib/python3.5/site-packages/pip/_vendor'...
Listing './lib/python3.5/site-packages/pip/commands'...
Listing './lib/python3.5/site-packages/pip/compat'...
Listing './lib/python3.5/site-packages/pip/models'...
Listing './lib/python3.5/site-packages/pip/operations'...
Listing './lib/python3.5/site-packages/pip/req'...
Listing './lib/python3.5/site-packages/pip/utils'...
Listing './lib/python3.5/site-packages/pip/vcs'...
Listing './lib/python3.5/site-packages/pip-9.0.1.dist-info'...
Listing './lib/python3.5/site-packages/pkg_resources'...
Listing './lib/python3.5/site-packages/pkg_resources/_vendor'...
Listing './lib/python3.5/site-packages/pkg_resources/_vendor/packaging'...
Listing './lib/python3.5/site-packages/pkg_resources/extern'...
Listing './lib/python3.5/site-packages/pkg_resources-0.0.0.dist-info'...
Listing './lib/python3.5/site-packages/portend-2.2.dist-info'...
Listing './lib/python3.5/site-packages/pytz'...
Listing './lib/python3.5/site-packages/pytz/zoneinfo'...
Listing './lib/python3.5/site-packages/pytz/zoneinfo/Africa'...
Listing './lib/python3.5/site-packages/pytz/zoneinfo/America'...
Listing './lib/python3.5/site-packages/pytz/zoneinfo/America/Argentina'...
Listing './lib/python3.5/site-packages/pytz/zoneinfo/America/Indiana'...
Listing './lib/python3.5/site-packages/pytz/zoneinfo/America/Kentucky'...
Listing './lib/python3.5/site-packages/pytz/zoneinfo/America/North_Dakota'...
Listing './lib/python3.5/site-packages/pytz/zoneinfo/Antarctica'...
Listing './lib/python3.5/site-packages/pytz/zoneinfo/Arctic'...
Listing './lib/python3.5/site-packages/pytz/zoneinfo/Asia'...
Listing './lib/python3.5/site-packages/pytz/zoneinfo/Atlantic'...
Listing './lib/python3.5/site-packages/pytz/zoneinfo/Australia'...
Listing './lib/python3.5/site-packages/pytz/zoneinfo/Brazil'...
Listing './lib/python3.5/site-packages/pytz/zoneinfo/Canada'...
Listing './lib/python3.5/site-packages/pytz/zoneinfo/Chile'...
Listing './lib/python3.5/site-packages/pytz/zoneinfo/Etc'...
Listing './lib/python3.5/site-packages/pytz/zoneinfo/Europe'...
Listing './lib/python3.5/site-packages/pytz/zoneinfo/Indian'...
Listing './lib/python3.5/site-packages/pytz/zoneinfo/Mexico'...
Listing './lib/python3.5/site-packages/pytz/zoneinfo/Pacific'...
Listing './lib/python3.5/site-packages/pytz/zoneinfo/US'...
Listing './lib/python3.5/site-packages/pytz-2017.3.dist-info'...
Listing './lib/python3.5/site-packages/requests'...
Listing './lib/python3.5/site-packages/requests-2.18.4.dist-info'...
Listing './lib/python3.5/site-packages/setuptools'...
Listing './lib/python3.5/site-packages/setuptools/command'...
Listing './lib/python3.5/site-packages/setuptools/extern'...
Listing './lib/python3.5/site-packages/setuptools-32.3.1.dist-info'...
Listing './lib/python3.5/site-packages/six-1.11.0.dist-info'...
Listing './lib/python3.5/site-packages/tempora'...
Listing './lib/python3.5/site-packages/tempora/tests'...
Listing './lib/python3.5/site-packages/tempora-1.10.dist-info'...
Listing './lib/python3.5/site-packages/tests'...
Listing './lib/python3.5/site-packages/twilio'...
Listing './lib/python3.5/site-packages/twilio/base'...
Listing './lib/python3.5/site-packages/twilio/http'...
Listing './lib/python3.5/site-packages/twilio/jwt'...
Listing './lib/python3.5/site-packages/twilio/jwt/access_token'...
Listing './lib/python3.5/site-packages/twilio/jwt/client'...
Listing './lib/python3.5/site-packages/twilio/jwt/taskrouter'...
Listing './lib/python3.5/site-packages/twilio/jwt/validation'...
Listing './lib/python3.5/site-packages/twilio/rest'...
Listing './lib/python3.5/site-packages/twilio/rest/accounts'...
Listing './lib/python3.5/site-packages/twilio/rest/accounts/v1'...
Listing './lib/python3.5/site-packages/twilio/rest/accounts/v1/credential'...
Listing './lib/python3.5/site-packages/twilio/rest/api'...
Listing './lib/python3.5/site-packages/twilio/rest/api/v2010'...
Listing './lib/python3.5/site-packages/twilio/rest/api/v2010/account'...
Listing './lib/python3.5/site-packages/twilio/rest/api/v2010/account/address'...
Listing './lib/python3.5/site-packages/twilio/rest/api/v2010/account/available_phone_number'...
Listing './lib/python3.5/site-packages/twilio/rest/api/v2010/account/call'...
Listing './lib/python3.5/site-packages/twilio/rest/api/v2010/account/conference'...
Listing './lib/python3.5/site-packages/twilio/rest/api/v2010/account/incoming_phone_number'...
Listing './lib/python3.5/site-packages/twilio/rest/api/v2010/account/incoming_phone_number/assigned_add_on'...
Listing './lib/python3.5/site-packages/twilio/rest/api/v2010/account/message'...
Listing './lib/python3.5/site-packages/twilio/rest/api/v2010/account/queue'...
Listing './lib/python3.5/site-packages/twilio/rest/api/v2010/account/recording'...
Listing './lib/python3.5/site-packages/twilio/rest/api/v2010/account/recording/add_on_result'...
Listing './lib/python3.5/site-packages/twilio/rest/api/v2010/account/sip'...
Listing './lib/python3.5/site-packages/twilio/rest/api/v2010/account/sip/credential_list'...
Listing './lib/python3.5/site-packages/twilio/rest/api/v2010/account/sip/domain'...
Listing './lib/python3.5/site-packages/twilio/rest/api/v2010/account/sip/ip_access_control_list'...
Listing './lib/python3.5/site-packages/twilio/rest/api/v2010/account/usage'...
Listing './lib/python3.5/site-packages/twilio/rest/api/v2010/account/usage/record'...
Listing './lib/python3.5/site-packages/twilio/rest/chat'...
Listing './lib/python3.5/site-packages/twilio/rest/chat/v1'...
Listing './lib/python3.5/site-packages/twilio/rest/chat/v1/service'...
Listing './lib/python3.5/site-packages/twilio/rest/chat/v1/service/channel'...
Listing './lib/python3.5/site-packages/twilio/rest/chat/v1/service/user'...
Listing './lib/python3.5/site-packages/twilio/rest/chat/v2'...
Listing './lib/python3.5/site-packages/twilio/rest/chat/v2/service'...
Listing './lib/python3.5/site-packages/twilio/rest/chat/v2/service/channel'...
Listing './lib/python3.5/site-packages/twilio/rest/chat/v2/service/user'...
Listing './lib/python3.5/site-packages/twilio/rest/fax'...
Listing './lib/python3.5/site-packages/twilio/rest/fax/v1'...
Listing './lib/python3.5/site-packages/twilio/rest/fax/v1/fax'...
Listing './lib/python3.5/site-packages/twilio/rest/ip_messaging'...
Listing './lib/python3.5/site-packages/twilio/rest/ip_messaging/v1'...
Listing './lib/python3.5/site-packages/twilio/rest/ip_messaging/v1/service'...
Listing './lib/python3.5/site-packages/twilio/rest/ip_messaging/v1/service/channel'...
Listing './lib/python3.5/site-packages/twilio/rest/ip_messaging/v1/service/user'...
Listing './lib/python3.5/site-packages/twilio/rest/ip_messaging/v2'...
Listing './lib/python3.5/site-packages/twilio/rest/ip_messaging/v2/service'...
Listing './lib/python3.5/site-packages/twilio/rest/ip_messaging/v2/service/channel'...
Listing './lib/python3.5/site-packages/twilio/rest/ip_messaging/v2/service/user'...
Listing './lib/python3.5/site-packages/twilio/rest/lookups'...
Listing './lib/python3.5/site-packages/twilio/rest/lookups/v1'...
Listing './lib/python3.5/site-packages/twilio/rest/messaging'...
Listing './lib/python3.5/site-packages/twilio/rest/messaging/v1'...
Listing './lib/python3.5/site-packages/twilio/rest/messaging/v1/service'...
Listing './lib/python3.5/site-packages/twilio/rest/monitor'...
Listing './lib/python3.5/site-packages/twilio/rest/monitor/v1'...
Listing './lib/python3.5/site-packages/twilio/rest/notify'...
Listing './lib/python3.5/site-packages/twilio/rest/notify/v1'...
Listing './lib/python3.5/site-packages/twilio/rest/notify/v1/service'...
Listing './lib/python3.5/site-packages/twilio/rest/notify/v1/service/user'...
Listing './lib/python3.5/site-packages/twilio/rest/preview'...
Listing './lib/python3.5/site-packages/twilio/rest/preview/acc_security'...
Listing './lib/python3.5/site-packages/twilio/rest/preview/acc_security/service'...
Listing './lib/python3.5/site-packages/twilio/rest/preview/bulk_exports'...
Listing './lib/python3.5/site-packages/twilio/rest/preview/bulk_exports/export'...
Listing './lib/python3.5/site-packages/twilio/rest/preview/deployed_devices'...
Listing './lib/python3.5/site-packages/twilio/rest/preview/deployed_devices/fleet'...
Listing './lib/python3.5/site-packages/twilio/rest/preview/hosted_numbers'...
Listing './lib/python3.5/site-packages/twilio/rest/preview/marketplace'...
Listing './lib/python3.5/site-packages/twilio/rest/preview/marketplace/available_add_on'...
Listing './lib/python3.5/site-packages/twilio/rest/preview/marketplace/installed_add_on'...
Listing './lib/python3.5/site-packages/twilio/rest/preview/proxy'...
Listing './lib/python3.5/site-packages/twilio/rest/preview/proxy/service'...
Listing './lib/python3.5/site-packages/twilio/rest/preview/proxy/service/session'...
Listing './lib/python3.5/site-packages/twilio/rest/preview/proxy/service/session/participant'...
Listing './lib/python3.5/site-packages/twilio/rest/preview/studio'...
Listing './lib/python3.5/site-packages/twilio/rest/preview/studio/flow'...
Listing './lib/python3.5/site-packages/twilio/rest/preview/studio/flow/engagement'...
Listing './lib/python3.5/site-packages/twilio/rest/preview/sync'...
Listing './lib/python3.5/site-packages/twilio/rest/preview/sync/service'...
Listing './lib/python3.5/site-packages/twilio/rest/preview/sync/service/document'...
Listing './lib/python3.5/site-packages/twilio/rest/preview/sync/service/sync_list'...
Listing './lib/python3.5/site-packages/twilio/rest/preview/sync/service/sync_map'...
Listing './lib/python3.5/site-packages/twilio/rest/preview/understand'...
Listing './lib/python3.5/site-packages/twilio/rest/preview/understand/service'...
Listing './lib/python3.5/site-packages/twilio/rest/preview/understand/service/field_type'...
Listing './lib/python3.5/site-packages/twilio/rest/preview/understand/service/intent'...
Listing './lib/python3.5/site-packages/twilio/rest/preview/wireless'...
Listing './lib/python3.5/site-packages/twilio/rest/preview/wireless/sim'...
Listing './lib/python3.5/site-packages/twilio/rest/pricing'...
Listing './lib/python3.5/site-packages/twilio/rest/pricing/v1'...
Listing './lib/python3.5/site-packages/twilio/rest/pricing/v1/messaging'...
Listing './lib/python3.5/site-packages/twilio/rest/pricing/v1/phone_number'...
Listing './lib/python3.5/site-packages/twilio/rest/pricing/v1/voice'...
Listing './lib/python3.5/site-packages/twilio/rest/proxy'...
Listing './lib/python3.5/site-packages/twilio/rest/proxy/v1'...
Listing './lib/python3.5/site-packages/twilio/rest/proxy/v1/service'...
Listing './lib/python3.5/site-packages/twilio/rest/proxy/v1/service/session'...
Listing './lib/python3.5/site-packages/twilio/rest/proxy/v1/service/session/participant'...
Listing './lib/python3.5/site-packages/twilio/rest/sync'...
Listing './lib/python3.5/site-packages/twilio/rest/sync/v1'...
Listing './lib/python3.5/site-packages/twilio/rest/sync/v1/service'...
Listing './lib/python3.5/site-packages/twilio/rest/sync/v1/service/document'...
Listing './lib/python3.5/site-packages/twilio/rest/sync/v1/service/sync_list'...
Listing './lib/python3.5/site-packages/twilio/rest/sync/v1/service/sync_map'...
Listing './lib/python3.5/site-packages/twilio/rest/sync/v1/service/sync_stream'...
Listing './lib/python3.5/site-packages/twilio/rest/taskrouter'...
Listing './lib/python3.5/site-packages/twilio/rest/taskrouter/v1'...
Listing './lib/python3.5/site-packages/twilio/rest/taskrouter/v1/workspace'...
Listing './lib/python3.5/site-packages/twilio/rest/taskrouter/v1/workspace/task'...
Listing './lib/python3.5/site-packages/twilio/rest/taskrouter/v1/workspace/task_queue'...
Listing './lib/python3.5/site-packages/twilio/rest/taskrouter/v1/workspace/worker'...
Listing './lib/python3.5/site-packages/twilio/rest/taskrouter/v1/workspace/workflow'...
Listing './lib/python3.5/site-packages/twilio/rest/trunking'...
Listing './lib/python3.5/site-packages/twilio/rest/trunking/v1'...
Listing './lib/python3.5/site-packages/twilio/rest/trunking/v1/trunk'...
Listing './lib/python3.5/site-packages/twilio/rest/video'...
Listing './lib/python3.5/site-packages/twilio/rest/video/v1'...
Listing './lib/python3.5/site-packages/twilio/rest/video/v1/recording'...
Listing './lib/python3.5/site-packages/twilio/rest/video/v1/room'...
Listing './lib/python3.5/site-packages/twilio/rest/video/v1/room/recording'...
Listing './lib/python3.5/site-packages/twilio/rest/video/v1/room/room_participant'...
Listing './lib/python3.5/site-packages/twilio/rest/wireless'...
Listing './lib/python3.5/site-packages/twilio/rest/wireless/v1'...
Listing './lib/python3.5/site-packages/twilio/rest/wireless/v1/sim'...
Listing './lib/python3.5/site-packages/twilio/twiml'...
Listing './lib/python3.5/site-packages/twilio-6.10.0.dist-info'...
Listing './lib/python3.5/site-packages/urllib3'...
Listing './lib/python3.5/site-packages/urllib3/contrib'...
Listing './lib/python3.5/site-packages/urllib3/contrib/_securetransport'...
Listing './lib/python3.5/site-packages/urllib3/packages'...
Listing './lib/python3.5/site-packages/urllib3/packages/backports'...
Listing './lib/python3.5/site-packages/urllib3/packages/ssl_match_hostname'...
Listing './lib/python3.5/site-packages/urllib3/util'...
Listing './lib/python3.5/site-packages/urllib3-1.22.dist-info'...
Listing './share'...
Listing './share/python-wheels'...
