Listing '.'...
Listing './bin'...
Listing './include'...
Listing './lib'...
Listing './lib/python3.5'...
Listing './lib/python3.5/site-packages'...
Listing './lib/python3.5/site-packages/django_filters'...
Listing './lib/python3.5/site-packages/jmb'...
Listing './lib/python3.5/site-packages/jmb/filters'...
Listing './lib/python3.5/site-packages/jmb/filters/admin'...
Listing './lib/python3.5/site-packages/jmb/filters/locale'...
Listing './lib/python3.5/site-packages/jmb/filters/locale/it'...
Listing './lib/python3.5/site-packages/jmb/filters/locale/it/LC_MESSAGES'...
Listing './lib/python3.5/site-packages/jmb/filters/static'...
Listing './lib/python3.5/site-packages/jmb/filters/static/jmb'...
Listing './lib/python3.5/site-packages/jmb/filters/static/jmb/filters'...
Listing './lib/python3.5/site-packages/jmb/filters/static/jmb/filters/js'...
Listing './lib/python3.5/site-packages/jmb/filters/templates'...
Listing './lib/python3.5/site-packages/jmb/filters/templates/admin'...
Listing './lib/python3.5/site-packages/jmb/filters/templates/filters'...
Listing './lib/python3.5/site-packages/jmb/filters/templatetags'...
Listing './lib/python3.5/site-packages/jmb.filters-0.1.7.egg-info'...
Listing './lib/python3.5/site-packages/pip'...
Listing './lib/python3.5/site-packages/pip/_vendor'...
Listing './lib/python3.5/site-packages/pip/commands'...
Listing './lib/python3.5/site-packages/pip/compat'...
Listing './lib/python3.5/site-packages/pip/models'...
Listing './lib/python3.5/site-packages/pip/operations'...
Listing './lib/python3.5/site-packages/pip/req'...
Listing './lib/python3.5/site-packages/pip/utils'...
Listing './lib/python3.5/site-packages/pip/vcs'...
Listing './lib/python3.5/site-packages/pip-9.0.1.dist-info'...
Listing './lib/python3.5/site-packages/pkg_resources'...
Listing './lib/python3.5/site-packages/pkg_resources/_vendor'...
Listing './lib/python3.5/site-packages/pkg_resources/_vendor/packaging'...
Listing './lib/python3.5/site-packages/pkg_resources/extern'...
Listing './lib/python3.5/site-packages/pkg_resources-0.0.0.dist-info'...
Listing './lib/python3.5/site-packages/setuptools'...
Listing './lib/python3.5/site-packages/setuptools/command'...
Listing './lib/python3.5/site-packages/setuptools/extern'...
Listing './lib/python3.5/site-packages/setuptools-32.3.1.dist-info'...
Listing './share'...
Listing './share/python-wheels'...
