Listing '.'...
Listing './bin'...
Listing './include'...
Listing './lib'...
Listing './lib/python3.5'...
Listing './lib/python3.5/site-packages'...
Listing './lib/python3.5/site-packages/WebOb-1.7.4.dist-info'...
Listing './lib/python3.5/site-packages/fanstatic'...
Listing './lib/python3.5/site-packages/fanstatic-0.16.egg-info'...
Listing './lib/python3.5/site-packages/js'...
Listing './lib/python3.5/site-packages/js/tinymce'...
Listing './lib/python3.5/site-packages/js/tinymce/resources'...
Listing './lib/python3.5/site-packages/js/tinymce/resources/classes'...
Listing './lib/python3.5/site-packages/js/tinymce/resources/classes/caret'...
Listing './lib/python3.5/site-packages/js/tinymce/resources/classes/content'...
Listing './lib/python3.5/site-packages/js/tinymce/resources/classes/data'...
Listing './lib/python3.5/site-packages/js/tinymce/resources/classes/dom'...
Listing './lib/python3.5/site-packages/js/tinymce/resources/classes/file'...
Listing './lib/python3.5/site-packages/js/tinymce/resources/classes/fmt'...
Listing './lib/python3.5/site-packages/js/tinymce/resources/classes/geom'...
Listing './lib/python3.5/site-packages/js/tinymce/resources/classes/html'...
Listing './lib/python3.5/site-packages/js/tinymce/resources/classes/text'...
Listing './lib/python3.5/site-packages/js/tinymce/resources/classes/ui'...
Listing './lib/python3.5/site-packages/js/tinymce/resources/classes/undo'...
Listing './lib/python3.5/site-packages/js/tinymce/resources/classes/util'...
Listing './lib/python3.5/site-packages/js/tinymce/resources/langs'...
Listing './lib/python3.5/site-packages/js/tinymce/resources/plugins'...
Listing './lib/python3.5/site-packages/js/tinymce/resources/plugins/advlist'...
Listing './lib/python3.5/site-packages/js/tinymce/resources/plugins/anchor'...
Listing './lib/python3.5/site-packages/js/tinymce/resources/plugins/autolink'...
Listing './lib/python3.5/site-packages/js/tinymce/resources/plugins/autoresize'...
Listing './lib/python3.5/site-packages/js/tinymce/resources/plugins/autosave'...
Listing './lib/python3.5/site-packages/js/tinymce/resources/plugins/bbcode'...
Listing './lib/python3.5/site-packages/js/tinymce/resources/plugins/charmap'...
Listing './lib/python3.5/site-packages/js/tinymce/resources/plugins/code'...
Listing './lib/python3.5/site-packages/js/tinymce/resources/plugins/codesample'...
Listing './lib/python3.5/site-packages/js/tinymce/resources/plugins/codesample/classes'...
Listing './lib/python3.5/site-packages/js/tinymce/resources/plugins/codesample/css'...
Listing './lib/python3.5/site-packages/js/tinymce/resources/plugins/colorpicker'...
Listing './lib/python3.5/site-packages/js/tinymce/resources/plugins/compat3x'...
Listing './lib/python3.5/site-packages/js/tinymce/resources/plugins/compat3x/css'...
Listing './lib/python3.5/site-packages/js/tinymce/resources/plugins/compat3x/img'...
Listing './lib/python3.5/site-packages/js/tinymce/resources/plugins/compat3x/utils'...
Listing './lib/python3.5/site-packages/js/tinymce/resources/plugins/contextmenu'...
Listing './lib/python3.5/site-packages/js/tinymce/resources/plugins/directionality'...
Listing './lib/python3.5/site-packages/js/tinymce/resources/plugins/emoticons'...
Listing './lib/python3.5/site-packages/js/tinymce/resources/plugins/emoticons/img'...
Listing './lib/python3.5/site-packages/js/tinymce/resources/plugins/example'...
Listing './lib/python3.5/site-packages/js/tinymce/resources/plugins/example_dependency'...
Listing './lib/python3.5/site-packages/js/tinymce/resources/plugins/fullpage'...
Listing './lib/python3.5/site-packages/js/tinymce/resources/plugins/fullscreen'...
Listing './lib/python3.5/site-packages/js/tinymce/resources/plugins/hr'...
Listing './lib/python3.5/site-packages/js/tinymce/resources/plugins/image'...
Listing './lib/python3.5/site-packages/js/tinymce/resources/plugins/imagetools'...
Listing './lib/python3.5/site-packages/js/tinymce/resources/plugins/imagetools/config'...
Listing './lib/python3.5/site-packages/js/tinymce/resources/plugins/imagetools/config/bolt'...
Listing './lib/python3.5/site-packages/js/tinymce/resources/plugins/imagetools/src'...
Listing './lib/python3.5/site-packages/js/tinymce/resources/plugins/imagetools/src/demo'...
Listing './lib/python3.5/site-packages/js/tinymce/resources/plugins/imagetools/src/main'...
Listing './lib/python3.5/site-packages/js/tinymce/resources/plugins/importcss'...
Listing './lib/python3.5/site-packages/js/tinymce/resources/plugins/insertdatetime'...
Listing './lib/python3.5/site-packages/js/tinymce/resources/plugins/legacyoutput'...
Listing './lib/python3.5/site-packages/js/tinymce/resources/plugins/link'...
Listing './lib/python3.5/site-packages/js/tinymce/resources/plugins/lists'...
Listing './lib/python3.5/site-packages/js/tinymce/resources/plugins/lists/config'...
Listing './lib/python3.5/site-packages/js/tinymce/resources/plugins/lists/config/bolt'...
Listing './lib/python3.5/site-packages/js/tinymce/resources/plugins/lists/src'...
Listing './lib/python3.5/site-packages/js/tinymce/resources/plugins/lists/src/demo'...
Listing './lib/python3.5/site-packages/js/tinymce/resources/plugins/lists/src/main'...
Listing './lib/python3.5/site-packages/js/tinymce/resources/plugins/lists/src/test'...
Listing './lib/python3.5/site-packages/js/tinymce/resources/plugins/media'...
Listing './lib/python3.5/site-packages/js/tinymce/resources/plugins/media/config'...
Listing './lib/python3.5/site-packages/js/tinymce/resources/plugins/media/config/bolt'...
Listing './lib/python3.5/site-packages/js/tinymce/resources/plugins/media/src'...
Listing './lib/python3.5/site-packages/js/tinymce/resources/plugins/media/src/demo'...
Listing './lib/python3.5/site-packages/js/tinymce/resources/plugins/media/src/main'...
Listing './lib/python3.5/site-packages/js/tinymce/resources/plugins/media/src/test'...
Listing './lib/python3.5/site-packages/js/tinymce/resources/plugins/nonbreaking'...
Listing './lib/python3.5/site-packages/js/tinymce/resources/plugins/noneditable'...
Listing './lib/python3.5/site-packages/js/tinymce/resources/plugins/pagebreak'...
Listing './lib/python3.5/site-packages/js/tinymce/resources/plugins/paste'...
Listing './lib/python3.5/site-packages/js/tinymce/resources/plugins/paste/classes'...
Listing './lib/python3.5/site-packages/js/tinymce/resources/plugins/preview'...
Listing './lib/python3.5/site-packages/js/tinymce/resources/plugins/print'...
Listing './lib/python3.5/site-packages/js/tinymce/resources/plugins/save'...
Listing './lib/python3.5/site-packages/js/tinymce/resources/plugins/searchreplace'...
Listing './lib/python3.5/site-packages/js/tinymce/resources/plugins/spellchecker'...
Listing './lib/python3.5/site-packages/js/tinymce/resources/plugins/spellchecker/classes'...
Listing './lib/python3.5/site-packages/js/tinymce/resources/plugins/tabfocus'...
Listing './lib/python3.5/site-packages/js/tinymce/resources/plugins/table'...
Listing './lib/python3.5/site-packages/js/tinymce/resources/plugins/table/classes'...
Listing './lib/python3.5/site-packages/js/tinymce/resources/plugins/template'...
Listing './lib/python3.5/site-packages/js/tinymce/resources/plugins/textcolor'...
Listing './lib/python3.5/site-packages/js/tinymce/resources/plugins/textpattern'...
Listing './lib/python3.5/site-packages/js/tinymce/resources/plugins/toc'...
Listing './lib/python3.5/site-packages/js/tinymce/resources/plugins/visualblocks'...
Listing './lib/python3.5/site-packages/js/tinymce/resources/plugins/visualblocks/css'...
Listing './lib/python3.5/site-packages/js/tinymce/resources/plugins/visualblocks/img'...
Listing './lib/python3.5/site-packages/js/tinymce/resources/plugins/visualchars'...
Listing './lib/python3.5/site-packages/js/tinymce/resources/plugins/wordcount'...
Listing './lib/python3.5/site-packages/js/tinymce/resources/plugins/wordcount/config'...
Listing './lib/python3.5/site-packages/js/tinymce/resources/plugins/wordcount/config/bolt'...
Listing './lib/python3.5/site-packages/js/tinymce/resources/plugins/wordcount/src'...
Listing './lib/python3.5/site-packages/js/tinymce/resources/plugins/wordcount/src/demo'...
Listing './lib/python3.5/site-packages/js/tinymce/resources/plugins/wordcount/src/main'...
Listing './lib/python3.5/site-packages/js/tinymce/resources/plugins/wordcount/src/test'...
Listing './lib/python3.5/site-packages/js/tinymce/resources/skins'...
Listing './lib/python3.5/site-packages/js/tinymce/resources/skins/lightgray'...
Listing './lib/python3.5/site-packages/js/tinymce/resources/skins/lightgray/fonts'...
Listing './lib/python3.5/site-packages/js/tinymce/resources/skins/lightgray/img'...
Listing './lib/python3.5/site-packages/js/tinymce/resources/themes'...
Listing './lib/python3.5/site-packages/js/tinymce/resources/themes/inlite'...
Listing './lib/python3.5/site-packages/js/tinymce/resources/themes/inlite/config'...
Listing './lib/python3.5/site-packages/js/tinymce/resources/themes/inlite/config/bolt'...
Listing './lib/python3.5/site-packages/js/tinymce/resources/themes/inlite/src'...
Listing './lib/python3.5/site-packages/js/tinymce/resources/themes/inlite/src/demo'...
Listing './lib/python3.5/site-packages/js/tinymce/resources/themes/inlite/src/main'...
Listing './lib/python3.5/site-packages/js/tinymce/resources/themes/inlite/src/test'...
Listing './lib/python3.5/site-packages/js/tinymce/resources/themes/modern'...
Listing './lib/python3.5/site-packages/js/tinymce/resources/themes/modern/config'...
Listing './lib/python3.5/site-packages/js/tinymce/resources/themes/modern/config/bolt'...
Listing './lib/python3.5/site-packages/js/tinymce/resources/themes/modern/src'...
Listing './lib/python3.5/site-packages/js/tinymce/resources/themes/modern/src/demo'...
Listing './lib/python3.5/site-packages/js/tinymce/resources/themes/modern/src/main'...
Listing './lib/python3.5/site-packages/js/tinymce/resources/themes/modern/src/test'...
Listing './lib/python3.5/site-packages/js.tinymce-4.5.4.egg-info'...
Listing './lib/python3.5/site-packages/pip'...
Listing './lib/python3.5/site-packages/pip/_vendor'...
Listing './lib/python3.5/site-packages/pip/commands'...
Listing './lib/python3.5/site-packages/pip/compat'...
Listing './lib/python3.5/site-packages/pip/models'...
Listing './lib/python3.5/site-packages/pip/operations'...
Listing './lib/python3.5/site-packages/pip/req'...
Listing './lib/python3.5/site-packages/pip/utils'...
Listing './lib/python3.5/site-packages/pip/vcs'...
Listing './lib/python3.5/site-packages/pip-9.0.1.dist-info'...
Listing './lib/python3.5/site-packages/pkg_resources'...
Listing './lib/python3.5/site-packages/pkg_resources/_vendor'...
Listing './lib/python3.5/site-packages/pkg_resources/_vendor/packaging'...
Listing './lib/python3.5/site-packages/pkg_resources/extern'...
Listing './lib/python3.5/site-packages/pkg_resources-0.0.0.dist-info'...
Listing './lib/python3.5/site-packages/setuptools'...
Listing './lib/python3.5/site-packages/setuptools/command'...
Listing './lib/python3.5/site-packages/setuptools/extern'...
Listing './lib/python3.5/site-packages/setuptools-32.3.1.dist-info'...
Listing './lib/python3.5/site-packages/webob'...
Listing './share'...
Listing './share/python-wheels'...
