Listing '.'...
Listing './bin'...
Compiling './bin/jscribeit.py'...
Listing './include'...
Listing './lib'...
Listing './lib/python3.5'...
Listing './lib/python3.5/site-packages'...
Listing './lib/python3.5/site-packages/JScribe-0.2a5.egg-info'...
Listing './lib/python3.5/site-packages/jscribe'...
Listing './lib/python3.5/site-packages/jscribe/conf'...
Listing './lib/python3.5/site-packages/jscribe/core'...
Listing './lib/python3.5/site-packages/jscribe/generators'...
Listing './lib/python3.5/site-packages/jscribe/generators/html'...
Listing './lib/python3.5/site-packages/jscribe/templates'...
Listing './lib/python3.5/site-packages/jscribe/templates/html'...
Listing './lib/python3.5/site-packages/jscribe/templates/html/default'...
Listing './lib/python3.5/site-packages/jscribe/test'...
Listing './lib/python3.5/site-packages/jscribe/test/tests_core'...
Listing './lib/python3.5/site-packages/jscribe/test/tests_utils'...
Listing './lib/python3.5/site-packages/jscribe/utils'...
Listing './lib/python3.5/site-packages/pip'...
Listing './lib/python3.5/site-packages/pip/_vendor'...
Listing './lib/python3.5/site-packages/pip/commands'...
Listing './lib/python3.5/site-packages/pip/compat'...
Listing './lib/python3.5/site-packages/pip/models'...
Listing './lib/python3.5/site-packages/pip/operations'...
Listing './lib/python3.5/site-packages/pip/req'...
Listing './lib/python3.5/site-packages/pip/utils'...
Listing './lib/python3.5/site-packages/pip/vcs'...
Listing './lib/python3.5/site-packages/pip-9.0.1.dist-info'...
Listing './lib/python3.5/site-packages/pkg_resources'...
Listing './lib/python3.5/site-packages/pkg_resources/_vendor'...
Listing './lib/python3.5/site-packages/pkg_resources/_vendor/packaging'...
Listing './lib/python3.5/site-packages/pkg_resources/extern'...
Listing './lib/python3.5/site-packages/pkg_resources-0.0.0.dist-info'...
Listing './lib/python3.5/site-packages/setuptools'...
Listing './lib/python3.5/site-packages/setuptools/command'...
Listing './lib/python3.5/site-packages/setuptools/extern'...
Listing './lib/python3.5/site-packages/setuptools-32.3.1.dist-info'...
Listing './share'...
Listing './share/python-wheels'...
Listing './styles'...
Listing './templates'...
