Listing '.'...
Listing './bin'...
Listing './include'...
Listing './lib'...
Listing './lib/python3.5'...
Listing './lib/python3.5/site-packages'...
Listing './lib/python3.5/site-packages/PIL'...
Listing './lib/python3.5/site-packages/PIL/.libs'...
Listing './lib/python3.5/site-packages/Pillow-5.0.0.dist-info'...
Listing './lib/python3.5/site-packages/_pytest'...
Listing './lib/python3.5/site-packages/_pytest/_code'...
Listing './lib/python3.5/site-packages/_pytest/assertion'...
Listing './lib/python3.5/site-packages/astropy'...
Listing './lib/python3.5/site-packages/astropy/_erfa'...
Listing './lib/python3.5/site-packages/astropy/_erfa/tests'...
Listing './lib/python3.5/site-packages/astropy/analytic_functions'...
Listing './lib/python3.5/site-packages/astropy/analytic_functions/tests'...
Listing './lib/python3.5/site-packages/astropy/config'...
Listing './lib/python3.5/site-packages/astropy/config/tests'...
Listing './lib/python3.5/site-packages/astropy/config/tests/data'...
Listing './lib/python3.5/site-packages/astropy/constants'...
Listing './lib/python3.5/site-packages/astropy/constants/tests'...
Listing './lib/python3.5/site-packages/astropy/convolution'...
Listing './lib/python3.5/site-packages/astropy/convolution/tests'...
Listing './lib/python3.5/site-packages/astropy/coordinates'...
Listing './lib/python3.5/site-packages/astropy/coordinates/builtin_frames'...
Listing './lib/python3.5/site-packages/astropy/coordinates/data'...
Listing './lib/python3.5/site-packages/astropy/coordinates/tests'...
Listing './lib/python3.5/site-packages/astropy/coordinates/tests/accuracy'...
Listing './lib/python3.5/site-packages/astropy/cosmology'...
Listing './lib/python3.5/site-packages/astropy/cosmology/tests'...
Listing './lib/python3.5/site-packages/astropy/extern'...
Listing './lib/python3.5/site-packages/astropy/extern/bundled'...
Listing './lib/python3.5/site-packages/astropy/extern/configobj'...
Listing './lib/python3.5/site-packages/astropy/extern/css'...
Listing './lib/python3.5/site-packages/astropy/extern/js'...
Listing './lib/python3.5/site-packages/astropy/extern/plugins'...
Listing './lib/python3.5/site-packages/astropy/extern/plugins/pytest_doctestplus'...
Listing './lib/python3.5/site-packages/astropy/extern/plugins/pytest_openfiles'...
Listing './lib/python3.5/site-packages/astropy/extern/plugins/pytest_remotedata'...
Listing './lib/python3.5/site-packages/astropy/extern/ply'...
Listing './lib/python3.5/site-packages/astropy/io'...
Listing './lib/python3.5/site-packages/astropy/io/ascii'...
Listing './lib/python3.5/site-packages/astropy/io/ascii/tests'...
Listing './lib/python3.5/site-packages/astropy/io/ascii/tests/t'...
Listing './lib/python3.5/site-packages/astropy/io/ascii/tests/t/cds'...
Listing './lib/python3.5/site-packages/astropy/io/ascii/tests/t/cds/description'...
Listing './lib/python3.5/site-packages/astropy/io/ascii/tests/t/cds/glob'...
Listing './lib/python3.5/site-packages/astropy/io/ascii/tests/t/cds/multi'...
Listing './lib/python3.5/site-packages/astropy/io/ascii/tests/t/vizier'...
Listing './lib/python3.5/site-packages/astropy/io/fits'...
Listing './lib/python3.5/site-packages/astropy/io/fits/hdu'...
Listing './lib/python3.5/site-packages/astropy/io/fits/scripts'...
Listing './lib/python3.5/site-packages/astropy/io/fits/tests'...
Listing './lib/python3.5/site-packages/astropy/io/fits/tests/data'...
Listing './lib/python3.5/site-packages/astropy/io/misc'...
Listing './lib/python3.5/site-packages/astropy/io/misc/tests'...
Listing './lib/python3.5/site-packages/astropy/io/tests'...
Listing './lib/python3.5/site-packages/astropy/io/votable'...
Listing './lib/python3.5/site-packages/astropy/io/votable/data'...
Listing './lib/python3.5/site-packages/astropy/io/votable/tests'...
Listing './lib/python3.5/site-packages/astropy/io/votable/tests/data'...
Listing './lib/python3.5/site-packages/astropy/io/votable/validator'...
Listing './lib/python3.5/site-packages/astropy/io/votable/validator/urls'...
Listing './lib/python3.5/site-packages/astropy/modeling'...
Listing './lib/python3.5/site-packages/astropy/modeling/tests'...
Listing './lib/python3.5/site-packages/astropy/modeling/tests/data'...
Listing './lib/python3.5/site-packages/astropy/nddata'...
Listing './lib/python3.5/site-packages/astropy/nddata/mixins'...
Listing './lib/python3.5/site-packages/astropy/nddata/mixins/tests'...
Listing './lib/python3.5/site-packages/astropy/nddata/tests'...
Listing './lib/python3.5/site-packages/astropy/nddata/tests/data'...
Listing './lib/python3.5/site-packages/astropy/samp'...
Listing './lib/python3.5/site-packages/astropy/samp/data'...
Listing './lib/python3.5/site-packages/astropy/samp/tests'...
Listing './lib/python3.5/site-packages/astropy/stats'...
Listing './lib/python3.5/site-packages/astropy/stats/lombscargle'...
Listing './lib/python3.5/site-packages/astropy/stats/lombscargle/implementations'...
Listing './lib/python3.5/site-packages/astropy/stats/lombscargle/implementations/tests'...
Listing './lib/python3.5/site-packages/astropy/stats/lombscargle/tests'...
Listing './lib/python3.5/site-packages/astropy/stats/tests'...
Listing './lib/python3.5/site-packages/astropy/table'...
Listing './lib/python3.5/site-packages/astropy/table/tests'...
Listing './lib/python3.5/site-packages/astropy/tests'...
Listing './lib/python3.5/site-packages/astropy/tests/tests'...
Listing './lib/python3.5/site-packages/astropy/tests/tests/data'...
Listing './lib/python3.5/site-packages/astropy/time'...
Listing './lib/python3.5/site-packages/astropy/time/tests'...
Listing './lib/python3.5/site-packages/astropy/units'...
Listing './lib/python3.5/site-packages/astropy/units/format'...
Listing './lib/python3.5/site-packages/astropy/units/function'...
Listing './lib/python3.5/site-packages/astropy/units/tests'...
Listing './lib/python3.5/site-packages/astropy/utils'...
Listing './lib/python3.5/site-packages/astropy/utils/compat'...
Listing './lib/python3.5/site-packages/astropy/utils/compat/futures'...
Listing './lib/python3.5/site-packages/astropy/utils/compat/numpy'...
Listing './lib/python3.5/site-packages/astropy/utils/compat/numpy/core'...
Listing './lib/python3.5/site-packages/astropy/utils/compat/numpy/lib'...
Listing './lib/python3.5/site-packages/astropy/utils/compat/numpy/tests'...
Listing './lib/python3.5/site-packages/astropy/utils/iers'...
Listing './lib/python3.5/site-packages/astropy/utils/iers/data'...
Listing './lib/python3.5/site-packages/astropy/utils/iers/tests'...
Listing './lib/python3.5/site-packages/astropy/utils/tests'...
Listing './lib/python3.5/site-packages/astropy/utils/tests/data'...
Listing './lib/python3.5/site-packages/astropy/utils/tests/data/test_package'...
Listing './lib/python3.5/site-packages/astropy/utils/tests/data/test_package/data'...
Listing './lib/python3.5/site-packages/astropy/utils/xml'...
Listing './lib/python3.5/site-packages/astropy/utils/xml/tests'...
Listing './lib/python3.5/site-packages/astropy/visualization'...
Listing './lib/python3.5/site-packages/astropy/visualization/scripts'...
Listing './lib/python3.5/site-packages/astropy/visualization/scripts/tests'...
Listing './lib/python3.5/site-packages/astropy/visualization/tests'...
Listing './lib/python3.5/site-packages/astropy/visualization/wcsaxes'...
Listing './lib/python3.5/site-packages/astropy/visualization/wcsaxes/tests'...
Listing './lib/python3.5/site-packages/astropy/visualization/wcsaxes/tests/data'...
Listing './lib/python3.5/site-packages/astropy/vo'...
Listing './lib/python3.5/site-packages/astropy/vo/client'...
Listing './lib/python3.5/site-packages/astropy/vo/client/tests'...
Listing './lib/python3.5/site-packages/astropy/vo/client/tests/data'...
Listing './lib/python3.5/site-packages/astropy/vo/samp'...
Listing './lib/python3.5/site-packages/astropy/vo/validator'...
Listing './lib/python3.5/site-packages/astropy/vo/validator/data'...
Listing './lib/python3.5/site-packages/astropy/vo/validator/tests'...
Listing './lib/python3.5/site-packages/astropy/vo/validator/tests/data'...
Listing './lib/python3.5/site-packages/astropy/wcs'...
Listing './lib/python3.5/site-packages/astropy/wcs/include'...
Listing './lib/python3.5/site-packages/astropy/wcs/include/astropy_wcs'...
Listing './lib/python3.5/site-packages/astropy/wcs/include/wcslib'...
Listing './lib/python3.5/site-packages/astropy/wcs/tests'...
Listing './lib/python3.5/site-packages/astropy/wcs/tests/data'...
Listing './lib/python3.5/site-packages/astropy/wcs/tests/extension'...
Listing './lib/python3.5/site-packages/astropy/wcs/tests/maps'...
Listing './lib/python3.5/site-packages/astropy/wcs/tests/spectra'...
Listing './lib/python3.5/site-packages/astropy-2.0.3.dist-info'...
Listing './lib/python3.5/site-packages/attr'...
Listing './lib/python3.5/site-packages/attrs-17.4.0.dist-info'...
Listing './lib/python3.5/site-packages/certifi'...
Listing './lib/python3.5/site-packages/certifi-2017.11.5.dist-info'...
Listing './lib/python3.5/site-packages/chardet'...
Listing './lib/python3.5/site-packages/chardet/cli'...
Listing './lib/python3.5/site-packages/chardet-3.0.4.dist-info'...
Listing './lib/python3.5/site-packages/click'...
Listing './lib/python3.5/site-packages/click-6.7.dist-info'...
Listing './lib/python3.5/site-packages/dateutil'...
Listing './lib/python3.5/site-packages/dateutil/tz'...
Listing './lib/python3.5/site-packages/dateutil/zoneinfo'...
Listing './lib/python3.5/site-packages/idna'...
Listing './lib/python3.5/site-packages/idna-2.6.dist-info'...
Listing './lib/python3.5/site-packages/imageio'...
Listing './lib/python3.5/site-packages/imageio/core'...
Listing './lib/python3.5/site-packages/imageio/plugins'...
Listing './lib/python3.5/site-packages/imageio/resources'...
Listing './lib/python3.5/site-packages/imageio/resources/images'...
Listing './lib/python3.5/site-packages/imageio-2.2.0.egg-info'...
Listing './lib/python3.5/site-packages/k2mosaic'...
Listing './lib/python3.5/site-packages/k2mosaic/data'...
Listing './lib/python3.5/site-packages/k2mosaic-2.0.0.egg-info'...
Listing './lib/python3.5/site-packages/numpy'...
Listing './lib/python3.5/site-packages/numpy/.libs'...
Listing './lib/python3.5/site-packages/numpy/compat'...
Listing './lib/python3.5/site-packages/numpy/core'...
Listing './lib/python3.5/site-packages/numpy/core/include'...
Listing './lib/python3.5/site-packages/numpy/core/include/numpy'...
Listing './lib/python3.5/site-packages/numpy/core/lib'...
Listing './lib/python3.5/site-packages/numpy/core/lib/npy-pkg-config'...
Listing './lib/python3.5/site-packages/numpy/core/tests'...
Listing './lib/python3.5/site-packages/numpy/core/tests/data'...
Listing './lib/python3.5/site-packages/numpy/distutils'...
Listing './lib/python3.5/site-packages/numpy/distutils/command'...
Listing './lib/python3.5/site-packages/numpy/distutils/fcompiler'...
Listing './lib/python3.5/site-packages/numpy/distutils/mingw'...
Listing './lib/python3.5/site-packages/numpy/distutils/tests'...
Listing './lib/python3.5/site-packages/numpy/doc'...
Listing './lib/python3.5/site-packages/numpy/f2py'...
Listing './lib/python3.5/site-packages/numpy/f2py/src'...
Listing './lib/python3.5/site-packages/numpy/f2py/tests'...
Listing './lib/python3.5/site-packages/numpy/f2py/tests/src'...
Listing './lib/python3.5/site-packages/numpy/f2py/tests/src/array_from_pyobj'...
Listing './lib/python3.5/site-packages/numpy/f2py/tests/src/assumed_shape'...
Listing './lib/python3.5/site-packages/numpy/f2py/tests/src/common'...
Listing './lib/python3.5/site-packages/numpy/f2py/tests/src/kind'...
Listing './lib/python3.5/site-packages/numpy/f2py/tests/src/mixed'...
Listing './lib/python3.5/site-packages/numpy/f2py/tests/src/parameter'...
Listing './lib/python3.5/site-packages/numpy/f2py/tests/src/regression'...
Listing './lib/python3.5/site-packages/numpy/f2py/tests/src/size'...
Listing './lib/python3.5/site-packages/numpy/f2py/tests/src/string'...
Listing './lib/python3.5/site-packages/numpy/fft'...
Listing './lib/python3.5/site-packages/numpy/fft/tests'...
Listing './lib/python3.5/site-packages/numpy/lib'...
Listing './lib/python3.5/site-packages/numpy/lib/tests'...
Listing './lib/python3.5/site-packages/numpy/lib/tests/data'...
Listing './lib/python3.5/site-packages/numpy/linalg'...
Listing './lib/python3.5/site-packages/numpy/linalg/tests'...
Listing './lib/python3.5/site-packages/numpy/ma'...
Listing './lib/python3.5/site-packages/numpy/ma/tests'...
Listing './lib/python3.5/site-packages/numpy/matrixlib'...
Listing './lib/python3.5/site-packages/numpy/matrixlib/tests'...
Listing './lib/python3.5/site-packages/numpy/polynomial'...
Listing './lib/python3.5/site-packages/numpy/polynomial/tests'...
Listing './lib/python3.5/site-packages/numpy/random'...
Listing './lib/python3.5/site-packages/numpy/random/tests'...
Listing './lib/python3.5/site-packages/numpy/testing'...
Listing './lib/python3.5/site-packages/numpy/testing/nose_tools'...
Listing './lib/python3.5/site-packages/numpy/testing/tests'...
Listing './lib/python3.5/site-packages/numpy/tests'...
Listing './lib/python3.5/site-packages/numpy-1.14.0.dist-info'...
Listing './lib/python3.5/site-packages/pandas'...
Listing './lib/python3.5/site-packages/pandas/_libs'...
Listing './lib/python3.5/site-packages/pandas/_libs/tslibs'...
Listing './lib/python3.5/site-packages/pandas/api'...
Listing './lib/python3.5/site-packages/pandas/api/types'...
Listing './lib/python3.5/site-packages/pandas/compat'...
Listing './lib/python3.5/site-packages/pandas/compat/numpy'...
Listing './lib/python3.5/site-packages/pandas/computation'...
Listing './lib/python3.5/site-packages/pandas/core'...
Listing './lib/python3.5/site-packages/pandas/core/computation'...
Listing './lib/python3.5/site-packages/pandas/core/dtypes'...
Listing './lib/python3.5/site-packages/pandas/core/indexes'...
Listing './lib/python3.5/site-packages/pandas/core/reshape'...
Listing './lib/python3.5/site-packages/pandas/core/sparse'...
Listing './lib/python3.5/site-packages/pandas/core/tools'...
Listing './lib/python3.5/site-packages/pandas/core/util'...
Listing './lib/python3.5/site-packages/pandas/errors'...
Listing './lib/python3.5/site-packages/pandas/formats'...
Listing './lib/python3.5/site-packages/pandas/io'...
Listing './lib/python3.5/site-packages/pandas/io/clipboard'...
Listing './lib/python3.5/site-packages/pandas/io/formats'...
Listing './lib/python3.5/site-packages/pandas/io/formats/templates'...
Listing './lib/python3.5/site-packages/pandas/io/json'...
Listing './lib/python3.5/site-packages/pandas/io/msgpack'...
Listing './lib/python3.5/site-packages/pandas/io/sas'...
Listing './lib/python3.5/site-packages/pandas/plotting'...
Listing './lib/python3.5/site-packages/pandas/stats'...
Listing './lib/python3.5/site-packages/pandas/tests'...
Listing './lib/python3.5/site-packages/pandas/tests/api'...
Listing './lib/python3.5/site-packages/pandas/tests/computation'...
Listing './lib/python3.5/site-packages/pandas/tests/data'...
Listing './lib/python3.5/site-packages/pandas/tests/dtypes'...
Listing './lib/python3.5/site-packages/pandas/tests/frame'...
Listing './lib/python3.5/site-packages/pandas/tests/groupby'...
Listing './lib/python3.5/site-packages/pandas/tests/indexes'...
Listing './lib/python3.5/site-packages/pandas/tests/indexes/data'...
Listing './lib/python3.5/site-packages/pandas/tests/indexes/datetimes'...
Listing './lib/python3.5/site-packages/pandas/tests/indexes/period'...
Listing './lib/python3.5/site-packages/pandas/tests/indexes/timedeltas'...
Listing './lib/python3.5/site-packages/pandas/tests/indexing'...
Listing './lib/python3.5/site-packages/pandas/tests/internals'...
Listing './lib/python3.5/site-packages/pandas/tests/io'...
Listing './lib/python3.5/site-packages/pandas/tests/io/data'...
Listing './lib/python3.5/site-packages/pandas/tests/io/data/html_encoding'...
Listing './lib/python3.5/site-packages/pandas/tests/io/data/legacy_hdf'...
Listing './lib/python3.5/site-packages/pandas/tests/io/data/legacy_msgpack'...
Listing './lib/python3.5/site-packages/pandas/tests/io/data/legacy_msgpack/0.16.0'...
Listing './lib/python3.5/site-packages/pandas/tests/io/data/legacy_msgpack/0.16.2'...
Listing './lib/python3.5/site-packages/pandas/tests/io/data/legacy_msgpack/0.17.0'...
Listing './lib/python3.5/site-packages/pandas/tests/io/data/legacy_msgpack/0.17.1'...
Listing './lib/python3.5/site-packages/pandas/tests/io/data/legacy_msgpack/0.18.0'...
Listing './lib/python3.5/site-packages/pandas/tests/io/data/legacy_msgpack/0.18.1'...
Listing './lib/python3.5/site-packages/pandas/tests/io/data/legacy_msgpack/0.19.2'...
Listing './lib/python3.5/site-packages/pandas/tests/io/data/legacy_pickle'...
Listing './lib/python3.5/site-packages/pandas/tests/io/data/legacy_pickle/0.10.1'...
Listing './lib/python3.5/site-packages/pandas/tests/io/data/legacy_pickle/0.11.0'...
Listing './lib/python3.5/site-packages/pandas/tests/io/data/legacy_pickle/0.12.0'...
Listing './lib/python3.5/site-packages/pandas/tests/io/data/legacy_pickle/0.13.0'...
Listing './lib/python3.5/site-packages/pandas/tests/io/data/legacy_pickle/0.14.0'...
Listing './lib/python3.5/site-packages/pandas/tests/io/data/legacy_pickle/0.14.1'...
Listing './lib/python3.5/site-packages/pandas/tests/io/data/legacy_pickle/0.15.0'...
Listing './lib/python3.5/site-packages/pandas/tests/io/data/legacy_pickle/0.15.2'...
Listing './lib/python3.5/site-packages/pandas/tests/io/data/legacy_pickle/0.16.0'...
Listing './lib/python3.5/site-packages/pandas/tests/io/data/legacy_pickle/0.16.2'...
Listing './lib/python3.5/site-packages/pandas/tests/io/data/legacy_pickle/0.17.0'...
Listing './lib/python3.5/site-packages/pandas/tests/io/data/legacy_pickle/0.17.1'...
Listing './lib/python3.5/site-packages/pandas/tests/io/data/legacy_pickle/0.18.0'...
Listing './lib/python3.5/site-packages/pandas/tests/io/data/legacy_pickle/0.18.1'...
Listing './lib/python3.5/site-packages/pandas/tests/io/data/legacy_pickle/0.19.2'...
Listing './lib/python3.5/site-packages/pandas/tests/io/data/legacy_pickle/0.20.3'...
Listing './lib/python3.5/site-packages/pandas/tests/io/formats'...
Listing './lib/python3.5/site-packages/pandas/tests/io/formats/data'...
Listing './lib/python3.5/site-packages/pandas/tests/io/json'...
Listing './lib/python3.5/site-packages/pandas/tests/io/json/data'...
Listing './lib/python3.5/site-packages/pandas/tests/io/msgpack'...
Listing './lib/python3.5/site-packages/pandas/tests/io/msgpack/data'...
Listing './lib/python3.5/site-packages/pandas/tests/io/parser'...
Listing './lib/python3.5/site-packages/pandas/tests/io/parser/data'...
Listing './lib/python3.5/site-packages/pandas/tests/io/sas'...
Listing './lib/python3.5/site-packages/pandas/tests/io/sas/data'...
Listing './lib/python3.5/site-packages/pandas/tests/plotting'...
Listing './lib/python3.5/site-packages/pandas/tests/reshape'...
Listing './lib/python3.5/site-packages/pandas/tests/reshape/data'...
Listing './lib/python3.5/site-packages/pandas/tests/scalar'...
Listing './lib/python3.5/site-packages/pandas/tests/series'...
Listing './lib/python3.5/site-packages/pandas/tests/sparse'...
Listing './lib/python3.5/site-packages/pandas/tests/tools'...
Listing './lib/python3.5/site-packages/pandas/tests/tseries'...
Listing './lib/python3.5/site-packages/pandas/tests/tseries/data'...
Listing './lib/python3.5/site-packages/pandas/tests/util'...
Listing './lib/python3.5/site-packages/pandas/tools'...
Listing './lib/python3.5/site-packages/pandas/tseries'...
Listing './lib/python3.5/site-packages/pandas/types'...
Listing './lib/python3.5/site-packages/pandas/util'...
Listing './lib/python3.5/site-packages/pandas-0.22.0.dist-info'...
Listing './lib/python3.5/site-packages/pip'...
Listing './lib/python3.5/site-packages/pip/_vendor'...
Listing './lib/python3.5/site-packages/pip/commands'...
Listing './lib/python3.5/site-packages/pip/compat'...
Listing './lib/python3.5/site-packages/pip/models'...
Listing './lib/python3.5/site-packages/pip/operations'...
Listing './lib/python3.5/site-packages/pip/req'...
Listing './lib/python3.5/site-packages/pip/utils'...
Listing './lib/python3.5/site-packages/pip/vcs'...
Listing './lib/python3.5/site-packages/pip-9.0.1.dist-info'...
Listing './lib/python3.5/site-packages/pkg_resources'...
Listing './lib/python3.5/site-packages/pkg_resources/_vendor'...
Listing './lib/python3.5/site-packages/pkg_resources/_vendor/packaging'...
Listing './lib/python3.5/site-packages/pkg_resources/extern'...
Listing './lib/python3.5/site-packages/pkg_resources-0.0.0.dist-info'...
Listing './lib/python3.5/site-packages/pluggy'...
Listing './lib/python3.5/site-packages/pluggy-0.6.0.egg-info'...
Listing './lib/python3.5/site-packages/py'...
Listing './lib/python3.5/site-packages/py/_code'...
Listing './lib/python3.5/site-packages/py/_io'...
Listing './lib/python3.5/site-packages/py/_log'...
Listing './lib/python3.5/site-packages/py/_path'...
Listing './lib/python3.5/site-packages/py/_process'...
Listing './lib/python3.5/site-packages/py/_vendored_packages'...
Listing './lib/python3.5/site-packages/py-1.5.2.dist-info'...
Listing './lib/python3.5/site-packages/pytest-3.3.2.dist-info'...
Listing './lib/python3.5/site-packages/python_dateutil-2.6.1.dist-info'...
Listing './lib/python3.5/site-packages/pytz'...
Listing './lib/python3.5/site-packages/pytz/zoneinfo'...
Listing './lib/python3.5/site-packages/pytz/zoneinfo/Africa'...
Listing './lib/python3.5/site-packages/pytz/zoneinfo/America'...
Listing './lib/python3.5/site-packages/pytz/zoneinfo/America/Argentina'...
Listing './lib/python3.5/site-packages/pytz/zoneinfo/America/Indiana'...
Listing './lib/python3.5/site-packages/pytz/zoneinfo/America/Kentucky'...
Listing './lib/python3.5/site-packages/pytz/zoneinfo/America/North_Dakota'...
Listing './lib/python3.5/site-packages/pytz/zoneinfo/Antarctica'...
Listing './lib/python3.5/site-packages/pytz/zoneinfo/Arctic'...
Listing './lib/python3.5/site-packages/pytz/zoneinfo/Asia'...
Listing './lib/python3.5/site-packages/pytz/zoneinfo/Atlantic'...
Listing './lib/python3.5/site-packages/pytz/zoneinfo/Australia'...
Listing './lib/python3.5/site-packages/pytz/zoneinfo/Brazil'...
Listing './lib/python3.5/site-packages/pytz/zoneinfo/Canada'...
Listing './lib/python3.5/site-packages/pytz/zoneinfo/Chile'...
Listing './lib/python3.5/site-packages/pytz/zoneinfo/Etc'...
Listing './lib/python3.5/site-packages/pytz/zoneinfo/Europe'...
Listing './lib/python3.5/site-packages/pytz/zoneinfo/Indian'...
Listing './lib/python3.5/site-packages/pytz/zoneinfo/Mexico'...
Listing './lib/python3.5/site-packages/pytz/zoneinfo/Pacific'...
Listing './lib/python3.5/site-packages/pytz/zoneinfo/US'...
Listing './lib/python3.5/site-packages/pytz-2017.3.dist-info'...
Listing './lib/python3.5/site-packages/requests'...
Listing './lib/python3.5/site-packages/requests-2.18.4.dist-info'...
Listing './lib/python3.5/site-packages/setuptools'...
Listing './lib/python3.5/site-packages/setuptools/command'...
Listing './lib/python3.5/site-packages/setuptools/extern'...
Listing './lib/python3.5/site-packages/setuptools-32.3.1.dist-info'...
Listing './lib/python3.5/site-packages/six-1.11.0.dist-info'...
Listing './lib/python3.5/site-packages/tqdm'...
Listing './lib/python3.5/site-packages/tqdm-4.19.5.dist-info'...
Listing './lib/python3.5/site-packages/urllib3'...
Listing './lib/python3.5/site-packages/urllib3/contrib'...
Listing './lib/python3.5/site-packages/urllib3/contrib/_securetransport'...
Listing './lib/python3.5/site-packages/urllib3/packages'...
Listing './lib/python3.5/site-packages/urllib3/packages/backports'...
Listing './lib/python3.5/site-packages/urllib3/packages/ssl_match_hostname'...
Listing './lib/python3.5/site-packages/urllib3/util'...
Listing './lib/python3.5/site-packages/urllib3-1.22.dist-info'...
Listing './man'...
Listing './man/man1'...
Listing './share'...
Listing './share/python-wheels'...
