Listing '.'...
Listing './bin'...
Listing './include'...
Listing './lib'...
Listing './lib/python3.5'...
Listing './lib/python3.5/site-packages'...
Listing './lib/python3.5/site-packages/Unidecode-1.0.22.dist-info'...
Listing './lib/python3.5/site-packages/argparse-1.4.0.dist-info'...
Listing './lib/python3.5/site-packages/backports'...
Listing './lib/python3.5/site-packages/backports/configparser'...
Listing './lib/python3.5/site-packages/configparser-3.5.0.egg-info'...
Listing './lib/python3.5/site-packages/dateutil'...
Listing './lib/python3.5/site-packages/dateutil/tz'...
Listing './lib/python3.5/site-packages/dateutil/zoneinfo'...
Listing './lib/python3.5/site-packages/kafka'...
Listing './lib/python3.5/site-packages/kafka/consumer'...
Listing './lib/python3.5/site-packages/kafka/coordinator'...
Listing './lib/python3.5/site-packages/kafka/coordinator/assignors'...
Listing './lib/python3.5/site-packages/kafka/metrics'...
Listing './lib/python3.5/site-packages/kafka/metrics/stats'...
Listing './lib/python3.5/site-packages/kafka/partitioner'...
Listing './lib/python3.5/site-packages/kafka/producer'...
Listing './lib/python3.5/site-packages/kafka/protocol'...
Listing './lib/python3.5/site-packages/kafka/serializer'...
Listing './lib/python3.5/site-packages/kafka/vendor'...
Listing './lib/python3.5/site-packages/kafka_bus_python-0.1.4.egg-info'...
Listing './lib/python3.5/site-packages/kafka_python-1.3.5.dist-info'...
Listing './lib/python3.5/site-packages/nose'...
Listing './lib/python3.5/site-packages/nose/ext'...
Listing './lib/python3.5/site-packages/nose/plugins'...
Listing './lib/python3.5/site-packages/nose/sphinx'...
Listing './lib/python3.5/site-packages/nose/tools'...
Listing './lib/python3.5/site-packages/nose-1.3.7.dist-info'...
Listing './lib/python3.5/site-packages/pip'...
Listing './lib/python3.5/site-packages/pip/_vendor'...
Listing './lib/python3.5/site-packages/pip/commands'...
Listing './lib/python3.5/site-packages/pip/compat'...
Listing './lib/python3.5/site-packages/pip/models'...
Listing './lib/python3.5/site-packages/pip/operations'...
Listing './lib/python3.5/site-packages/pip/req'...
Listing './lib/python3.5/site-packages/pip/utils'...
Listing './lib/python3.5/site-packages/pip/vcs'...
Listing './lib/python3.5/site-packages/pip-9.0.1.dist-info'...
Listing './lib/python3.5/site-packages/pkg_resources'...
Listing './lib/python3.5/site-packages/pkg_resources/_vendor'...
Listing './lib/python3.5/site-packages/pkg_resources/_vendor/packaging'...
Listing './lib/python3.5/site-packages/pkg_resources/extern'...
Listing './lib/python3.5/site-packages/pkg_resources-0.0.0.dist-info'...
Listing './lib/python3.5/site-packages/python_dateutil-2.6.1.dist-info'...
Listing './lib/python3.5/site-packages/sentinels'...
Listing './lib/python3.5/site-packages/sentinels-1.0.0.egg-info'...
Listing './lib/python3.5/site-packages/setuptools'...
Listing './lib/python3.5/site-packages/setuptools/command'...
Listing './lib/python3.5/site-packages/setuptools/extern'...
Listing './lib/python3.5/site-packages/setuptools-32.3.1.dist-info'...
Listing './lib/python3.5/site-packages/six-1.11.0.dist-info'...
Listing './lib/python3.5/site-packages/unidecode'...
Listing './man'...
Listing './man/man1'...
Listing './share'...
Listing './share/python-wheels'...
