Listing '.'...
Listing './bin'...
Compiling './bin/katcp-exampleclient.py'...
***   File "./bin/katcp-exampleclient.py", line 24
    print msg
            ^
SyntaxError: Missing parentheses in call to 'print'

Compiling './bin/katcp-exampleserver.py'...
***   File "./bin/katcp-exampleserver.py", line 68
    print "Server listening on port %d, Ctrl-C to terminate server" % opts.port
                                                                  ^
SyntaxError: Missing parentheses in call to 'print'

Listing './include'...
Listing './lib'...
Listing './lib/python3.5'...
Listing './lib/python3.5/site-packages'...
Listing './lib/python3.5/site-packages/concurrent'...
Listing './lib/python3.5/site-packages/concurrent/futures'...
Compiling './lib/python3.5/site-packages/concurrent/futures/_base.py'...
***   File "./lib/python3.5/site-packages/concurrent/futures/_base.py", line 381
    raise exception_type, self._exception, self._traceback
                        ^
SyntaxError: invalid syntax

Listing './lib/python3.5/site-packages/future'...
Listing './lib/python3.5/site-packages/future/backports'...
Listing './lib/python3.5/site-packages/future/backports/email'...
Listing './lib/python3.5/site-packages/future/backports/email/mime'...
Listing './lib/python3.5/site-packages/future/backports/html'...
Listing './lib/python3.5/site-packages/future/backports/http'...
Listing './lib/python3.5/site-packages/future/backports/test'...
Listing './lib/python3.5/site-packages/future/backports/urllib'...
Listing './lib/python3.5/site-packages/future/backports/xmlrpc'...
Listing './lib/python3.5/site-packages/future/builtins'...
Listing './lib/python3.5/site-packages/future/moves'...
Listing './lib/python3.5/site-packages/future/moves/dbm'...
Listing './lib/python3.5/site-packages/future/moves/html'...
Listing './lib/python3.5/site-packages/future/moves/http'...
Listing './lib/python3.5/site-packages/future/moves/test'...
Listing './lib/python3.5/site-packages/future/moves/tkinter'...
Listing './lib/python3.5/site-packages/future/moves/urllib'...
Listing './lib/python3.5/site-packages/future/moves/xmlrpc'...
Listing './lib/python3.5/site-packages/future/standard_library'...
Listing './lib/python3.5/site-packages/future/tests'...
Listing './lib/python3.5/site-packages/future/types'...
Listing './lib/python3.5/site-packages/future/utils'...
Listing './lib/python3.5/site-packages/future-0.16.0.egg-info'...
Listing './lib/python3.5/site-packages/futures-3.1.1.egg-info'...
Listing './lib/python3.5/site-packages/katcp'...
Compiling './lib/python3.5/site-packages/katcp/client.py'...
***   File "./lib/python3.5/site-packages/katcp/client.py", line 441
    except Exception, e:
                    ^
SyntaxError: invalid syntax

Compiling './lib/python3.5/site-packages/katcp/inspecting_client.py'...
***   File "./lib/python3.5/site-packages/katcp/inspecting_client.py", line 447
    except SyncError, e:
                    ^
SyntaxError: invalid syntax

Compiling './lib/python3.5/site-packages/katcp/kattypes.py'...
***   File "./lib/python3.5/site-packages/katcp/kattypes.py", line 464
    except struct.error, e:
                       ^
SyntaxError: invalid syntax

Compiling './lib/python3.5/site-packages/katcp/server.py'...
***   File "./lib/python3.5/site-packages/katcp/server.py", line 673
    except Exception, e:
                    ^
SyntaxError: invalid syntax

Listing './lib/python3.5/site-packages/katcp/test'...
Compiling './lib/python3.5/site-packages/katcp/test/test_client.py'...
***   File "./lib/python3.5/site-packages/katcp/test/test_client.py", line 355
    except RuntimeError, e:
                       ^
SyntaxError: invalid syntax

Compiling './lib/python3.5/site-packages/katcp/testutils.py'...
***   File "./lib/python3.5/site-packages/katcp/testutils.py", line 340
    except ValueError, e:
                     ^
SyntaxError: invalid syntax

Listing './lib/python3.5/site-packages/katcp-0.6.2.egg-info'...
Listing './lib/python3.5/site-packages/libfuturize'...
Listing './lib/python3.5/site-packages/libfuturize/fixes'...
Listing './lib/python3.5/site-packages/libpasteurize'...
Listing './lib/python3.5/site-packages/libpasteurize/fixes'...
Listing './lib/python3.5/site-packages/past'...
Listing './lib/python3.5/site-packages/past/builtins'...
Listing './lib/python3.5/site-packages/past/tests'...
Listing './lib/python3.5/site-packages/past/translation'...
Listing './lib/python3.5/site-packages/past/types'...
Listing './lib/python3.5/site-packages/past/utils'...
Listing './lib/python3.5/site-packages/pip'...
Listing './lib/python3.5/site-packages/pip/_vendor'...
Listing './lib/python3.5/site-packages/pip/commands'...
Listing './lib/python3.5/site-packages/pip/compat'...
Listing './lib/python3.5/site-packages/pip/models'...
Listing './lib/python3.5/site-packages/pip/operations'...
Listing './lib/python3.5/site-packages/pip/req'...
Listing './lib/python3.5/site-packages/pip/utils'...
Listing './lib/python3.5/site-packages/pip/vcs'...
Listing './lib/python3.5/site-packages/pip-9.0.1.dist-info'...
Listing './lib/python3.5/site-packages/pkg_resources'...
Listing './lib/python3.5/site-packages/pkg_resources/_vendor'...
Listing './lib/python3.5/site-packages/pkg_resources/_vendor/packaging'...
Listing './lib/python3.5/site-packages/pkg_resources/extern'...
Listing './lib/python3.5/site-packages/pkg_resources-0.0.0.dist-info'...
Listing './lib/python3.5/site-packages/ply'...
Listing './lib/python3.5/site-packages/ply-3.10.egg-info'...
Listing './lib/python3.5/site-packages/scripts'...
Compiling './lib/python3.5/site-packages/scripts/katcp-exampleclient.py'...
***   File "./lib/python3.5/site-packages/scripts/katcp-exampleclient.py", line 24
    print msg
            ^
SyntaxError: Missing parentheses in call to 'print'

Compiling './lib/python3.5/site-packages/scripts/katcp-exampleserver.py'...
***   File "./lib/python3.5/site-packages/scripts/katcp-exampleserver.py", line 68
    print "Server listening on port %d, Ctrl-C to terminate server" % opts.port
                                                                  ^
SyntaxError: Missing parentheses in call to 'print'

Listing './lib/python3.5/site-packages/setuptools'...
Listing './lib/python3.5/site-packages/setuptools/command'...
Listing './lib/python3.5/site-packages/setuptools/extern'...
Listing './lib/python3.5/site-packages/setuptools-32.3.1.dist-info'...
Listing './lib/python3.5/site-packages/tornado'...
Listing './lib/python3.5/site-packages/tornado/platform'...
Listing './lib/python3.5/site-packages/tornado/test'...
Listing './lib/python3.5/site-packages/tornado/test/csv_translations'...
Listing './lib/python3.5/site-packages/tornado/test/gettext_translations'...
Listing './lib/python3.5/site-packages/tornado/test/gettext_translations/fr_FR'...
Listing './lib/python3.5/site-packages/tornado/test/gettext_translations/fr_FR/LC_MESSAGES'...
Listing './lib/python3.5/site-packages/tornado/test/static'...
Listing './lib/python3.5/site-packages/tornado/test/static/dir'...
Listing './lib/python3.5/site-packages/tornado/test/templates'...
Listing './lib/python3.5/site-packages/tornado-4.5.3.egg-info'...
Listing './share'...
Listing './share/python-wheels'...
