Listing '.'...
Listing './bin'...
Listing './include'...
Listing './lib'...
Listing './lib/python3.5'...
Listing './lib/python3.5/site-packages'...
Listing './lib/python3.5/site-packages/EasyProcess-0.2.3.egg-info'...
Listing './lib/python3.5/site-packages/KeyCat-0.2.5.egg-info'...
Listing './lib/python3.5/site-packages/PIL'...
Listing './lib/python3.5/site-packages/PIL/.libs'...
Listing './lib/python3.5/site-packages/Pillow-5.0.0.dist-info'...
Listing './lib/python3.5/site-packages/PyUserInput-0.1.11.egg-info'...
Listing './lib/python3.5/site-packages/SQLAlchemy-1.2.0.egg-info'...
Listing './lib/python3.5/site-packages/Xlib'...
Listing './lib/python3.5/site-packages/Xlib/ext'...
Listing './lib/python3.5/site-packages/Xlib/keysymdef'...
Listing './lib/python3.5/site-packages/Xlib/protocol'...
Listing './lib/python3.5/site-packages/Xlib/support'...
Listing './lib/python3.5/site-packages/Xlib/xobject'...
Listing './lib/python3.5/site-packages/easyprocess'...
Listing './lib/python3.5/site-packages/easyprocess/examples'...
Listing './lib/python3.5/site-packages/keycat'...
Listing './lib/python3.5/site-packages/keycat/data'...
Listing './lib/python3.5/site-packages/keycat/data/buttons'...
Listing './lib/python3.5/site-packages/keycat/data/buttons/chrome'...
Listing './lib/python3.5/site-packages/keycat/data/buttons/galculator'...
Listing './lib/python3.5/site-packages/pip'...
Listing './lib/python3.5/site-packages/pip/_vendor'...
Listing './lib/python3.5/site-packages/pip/commands'...
Listing './lib/python3.5/site-packages/pip/compat'...
Listing './lib/python3.5/site-packages/pip/models'...
Listing './lib/python3.5/site-packages/pip/operations'...
Listing './lib/python3.5/site-packages/pip/req'...
Listing './lib/python3.5/site-packages/pip/utils'...
Listing './lib/python3.5/site-packages/pip/vcs'...
Listing './lib/python3.5/site-packages/pip-9.0.1.dist-info'...
Listing './lib/python3.5/site-packages/pkg_resources'...
Listing './lib/python3.5/site-packages/pkg_resources/_vendor'...
Listing './lib/python3.5/site-packages/pkg_resources/_vendor/packaging'...
Listing './lib/python3.5/site-packages/pkg_resources/extern'...
Listing './lib/python3.5/site-packages/pkg_resources-0.0.0.dist-info'...
Listing './lib/python3.5/site-packages/pykeyboard'...
Listing './lib/python3.5/site-packages/pymouse'...
Listing './lib/python3.5/site-packages/pyscreenshot'...
Listing './lib/python3.5/site-packages/pyscreenshot/check'...
Listing './lib/python3.5/site-packages/pyscreenshot/examples'...
Listing './lib/python3.5/site-packages/pyscreenshot/plugins'...
Listing './lib/python3.5/site-packages/pyscreenshot-0.4.2.egg-info'...
Listing './lib/python3.5/site-packages/python_xlib-0.21.dist-info'...
Listing './lib/python3.5/site-packages/screeninfo'...
Listing './lib/python3.5/site-packages/screeninfo-0.3.egg-info'...
Listing './lib/python3.5/site-packages/setuptools'...
Listing './lib/python3.5/site-packages/setuptools/command'...
Listing './lib/python3.5/site-packages/setuptools/extern'...
Listing './lib/python3.5/site-packages/setuptools-32.3.1.dist-info'...
Listing './lib/python3.5/site-packages/six-1.11.0.dist-info'...
Listing './lib/python3.5/site-packages/sqlalchemy'...
Listing './lib/python3.5/site-packages/sqlalchemy/connectors'...
Listing './lib/python3.5/site-packages/sqlalchemy/databases'...
Listing './lib/python3.5/site-packages/sqlalchemy/dialects'...
Listing './lib/python3.5/site-packages/sqlalchemy/dialects/firebird'...
Listing './lib/python3.5/site-packages/sqlalchemy/dialects/mssql'...
Listing './lib/python3.5/site-packages/sqlalchemy/dialects/mysql'...
Listing './lib/python3.5/site-packages/sqlalchemy/dialects/oracle'...
Listing './lib/python3.5/site-packages/sqlalchemy/dialects/postgresql'...
Listing './lib/python3.5/site-packages/sqlalchemy/dialects/sqlite'...
Listing './lib/python3.5/site-packages/sqlalchemy/dialects/sybase'...
Listing './lib/python3.5/site-packages/sqlalchemy/engine'...
Listing './lib/python3.5/site-packages/sqlalchemy/event'...
Listing './lib/python3.5/site-packages/sqlalchemy/ext'...
Listing './lib/python3.5/site-packages/sqlalchemy/ext/declarative'...
Listing './lib/python3.5/site-packages/sqlalchemy/orm'...
Listing './lib/python3.5/site-packages/sqlalchemy/sql'...
Listing './lib/python3.5/site-packages/sqlalchemy/testing'...
Listing './lib/python3.5/site-packages/sqlalchemy/testing/plugin'...
Listing './lib/python3.5/site-packages/sqlalchemy/testing/suite'...
Listing './lib/python3.5/site-packages/sqlalchemy/util'...
Listing './lib/python3.5/site-packages/tests'...
Listing './share'...
Listing './share/python-wheels'...
