Listing '.'...
Listing './bin'...
Compiling './bin/createfontdatachunk.py'...
Compiling './bin/enhancer.py'...
Compiling './bin/explode.py'...
Compiling './bin/gifmaker.py'...
Compiling './bin/miniterm.py'...
Compiling './bin/painter.py'...
Compiling './bin/pilconvert.py'...
Compiling './bin/pildriver.py'...
Compiling './bin/pilfile.py'...
Compiling './bin/pilfont.py'...
Compiling './bin/pilprint.py'...
Compiling './bin/player.py'...
Compiling './bin/thresholder.py'...
Compiling './bin/viewer.py'...
Listing './include'...
Listing './lib'...
Listing './lib/python3.5'...
Listing './lib/python3.5/site-packages'...
Listing './lib/python3.5/site-packages/AYABInterface'...
Listing './lib/python3.5/site-packages/AYABInterface/communication'...
Listing './lib/python3.5/site-packages/AYABInterface/communication/test'...
Listing './lib/python3.5/site-packages/AYABInterface/convert'...
Listing './lib/python3.5/site-packages/AYABInterface/convert/test'...
Listing './lib/python3.5/site-packages/AYABInterface/test'...
Listing './lib/python3.5/site-packages/AYABInterface/test/test_patterns'...
Listing './lib/python3.5/site-packages/AYABInterface-0.0.9.dist-info'...
Listing './lib/python3.5/site-packages/ObservableList'...
Listing './lib/python3.5/site-packages/ObservableList/test'...
Listing './lib/python3.5/site-packages/ObservableList-0.0.2.egg-info'...
Listing './lib/python3.5/site-packages/PIL'...
Listing './lib/python3.5/site-packages/Pillow-3.2.0.egg-info'...
Listing './lib/python3.5/site-packages/crc8-0.0.3.dist-info'...
Listing './lib/python3.5/site-packages/kniteditor'...
Listing './lib/python3.5/site-packages/kniteditor/localization'...
Listing './lib/python3.5/site-packages/kniteditor/localization/test'...
Listing './lib/python3.5/site-packages/kniteditor/localization/translations'...
Listing './lib/python3.5/site-packages/kniteditor/localization/translations/de'...
Listing './lib/python3.5/site-packages/kniteditor/localization/translations/de/LC_MESSAGES'...
Listing './lib/python3.5/site-packages/kniteditor/localization/translations/en'...
Listing './lib/python3.5/site-packages/kniteditor/localization/translations/en/LC_MESSAGES'...
Listing './lib/python3.5/site-packages/kniteditor/localization/translations/languages'...
Listing './lib/python3.5/site-packages/kniteditor/localization/translations/languages/LC_MESSAGES'...
Listing './lib/python3.5/site-packages/kniteditor/localization/translations/ru'...
Listing './lib/python3.5/site-packages/kniteditor/localization/translations/ru/LC_MESSAGES'...
Listing './lib/python3.5/site-packages/kniteditor/test'...
Listing './lib/python3.5/site-packages/kniteditor-1.0.5.dist-info'...
Listing './lib/python3.5/site-packages/knittingpattern'...
Listing './lib/python3.5/site-packages/knittingpattern/Dumper'...
Listing './lib/python3.5/site-packages/knittingpattern/convert'...
Listing './lib/python3.5/site-packages/knittingpattern/convert/instruction-svgs'...
Listing './lib/python3.5/site-packages/knittingpattern/convert/test'...
Listing './lib/python3.5/site-packages/knittingpattern/convert/test/exported_svgs'...
Listing './lib/python3.5/site-packages/knittingpattern/convert/test/pictures'...
Listing './lib/python3.5/site-packages/knittingpattern/convert/test/test_images'...
Listing './lib/python3.5/site-packages/knittingpattern/convert/test/test_patterns'...
Listing './lib/python3.5/site-packages/knittingpattern/examples'...
Listing './lib/python3.5/site-packages/knittingpattern/instructions'...
Listing './lib/python3.5/site-packages/knittingpattern/test'...
Listing './lib/python3.5/site-packages/knittingpattern/test/pattern'...
Listing './lib/python3.5/site-packages/knittingpattern/test/test_instructions'...
Listing './lib/python3.5/site-packages/knittingpattern/test/test_instructions/recursion'...
Listing './lib/python3.5/site-packages/knittingpattern-0.1.19.dist-info'...
Listing './lib/python3.5/site-packages/pip'...
Listing './lib/python3.5/site-packages/pip/_vendor'...
Listing './lib/python3.5/site-packages/pip/commands'...
Listing './lib/python3.5/site-packages/pip/compat'...
Listing './lib/python3.5/site-packages/pip/models'...
Listing './lib/python3.5/site-packages/pip/operations'...
Listing './lib/python3.5/site-packages/pip/req'...
Listing './lib/python3.5/site-packages/pip/utils'...
Listing './lib/python3.5/site-packages/pip/vcs'...
Listing './lib/python3.5/site-packages/pip-9.0.1.dist-info'...
Listing './lib/python3.5/site-packages/pkg_resources'...
Listing './lib/python3.5/site-packages/pkg_resources/_vendor'...
Listing './lib/python3.5/site-packages/pkg_resources/_vendor/packaging'...
Listing './lib/python3.5/site-packages/pkg_resources/extern'...
Listing './lib/python3.5/site-packages/pkg_resources-0.0.0.dist-info'...
Listing './lib/python3.5/site-packages/pyserial-3.1.1.dist-info'...
Listing './lib/python3.5/site-packages/serial'...
Listing './lib/python3.5/site-packages/serial/threaded'...
Listing './lib/python3.5/site-packages/serial/tools'...
Listing './lib/python3.5/site-packages/serial/urlhandler'...
Listing './lib/python3.5/site-packages/setuptools'...
Listing './lib/python3.5/site-packages/setuptools/command'...
Listing './lib/python3.5/site-packages/setuptools/extern'...
Listing './lib/python3.5/site-packages/setuptools-32.3.1.dist-info'...
Listing './lib/python3.5/site-packages/webcolors-1.5.egg-info'...
Listing './lib/python3.5/site-packages/xmltodict-0.10.2.egg-info'...
Listing './share'...
Listing './share/python-wheels'...
