Listing '.'...
Listing './bin'...
Listing './include'...
Listing './lib'...
Listing './lib/python3.5'...
Listing './lib/python3.5/site-packages'...
Listing './lib/python3.5/site-packages/Cython'...
Listing './lib/python3.5/site-packages/Cython/Build'...
Listing './lib/python3.5/site-packages/Cython/Build/Tests'...
Listing './lib/python3.5/site-packages/Cython/Compiler'...
Listing './lib/python3.5/site-packages/Cython/Compiler/Tests'...
Listing './lib/python3.5/site-packages/Cython/Debugger'...
Listing './lib/python3.5/site-packages/Cython/Debugger/Tests'...
Listing './lib/python3.5/site-packages/Cython/Distutils'...
Listing './lib/python3.5/site-packages/Cython/Includes'...
Listing './lib/python3.5/site-packages/Cython/Includes/Deprecated'...
Listing './lib/python3.5/site-packages/Cython/Includes/cpython'...
Listing './lib/python3.5/site-packages/Cython/Includes/libc'...
Listing './lib/python3.5/site-packages/Cython/Includes/libcpp'...
Listing './lib/python3.5/site-packages/Cython/Includes/numpy'...
Listing './lib/python3.5/site-packages/Cython/Includes/posix'...
Listing './lib/python3.5/site-packages/Cython/Plex'...
Listing './lib/python3.5/site-packages/Cython/Runtime'...
Listing './lib/python3.5/site-packages/Cython/Tempita'...
Listing './lib/python3.5/site-packages/Cython/Tests'...
Listing './lib/python3.5/site-packages/Cython/Utility'...
Listing './lib/python3.5/site-packages/Cython-0.27.2.dist-info'...
Listing './lib/python3.5/site-packages/decorator-4.1.2.dist-info'...
Listing './lib/python3.5/site-packages/et_xmlfile'...
Listing './lib/python3.5/site-packages/et_xmlfile/tests'...
Listing './lib/python3.5/site-packages/et_xmlfile-1.0.1.egg-info'...
Listing './lib/python3.5/site-packages/jdcal-1.3.egg-info'...
Listing './lib/python3.5/site-packages/koala'...
Compiling './lib/python3.5/site-packages/koala/ExcelCompiler.py'...
***   File "./lib/python3.5/site-packages/koala/ExcelCompiler.py", line 26
    print "___### Initializing Excel Compiler ###___"
                                                    ^
SyntaxError: Missing parentheses in call to 'print'

Compiling './lib/python3.5/site-packages/koala/Range.py'...
***   File "./lib/python3.5/site-packages/koala/Range.py", line 100
    print 'Pb with ref', reference, e
                      ^
SyntaxError: Missing parentheses in call to 'print'

Compiling './lib/python3.5/site-packages/koala/Spreadsheet.py'...
***   File "./lib/python3.5/site-packages/koala/Spreadsheet.py", line 78
    print "Graph construction updated, %s nodes, %s edges, %s cellmap entries" % (len(G.nodes()),len(G.edges()),len(cellmap))
                                                                             ^
SyntaxError: invalid syntax

Listing './lib/python3.5/site-packages/koala/ast'...
Compiling './lib/python3.5/site-packages/koala/ast/astnodes.py'...
***   File "./lib/python3.5/site-packages/koala/ast/astnodes.py", line 20
    print 'Couldnt parse as string', type(my_string)
                                  ^
SyntaxError: invalid syntax

Listing './lib/python3.5/site-packages/koala/openpyxl'...
Listing './lib/python3.5/site-packages/koala/openpyxl/cell'...
Listing './lib/python3.5/site-packages/koala/openpyxl/formula'...
Listing './lib/python3.5/site-packages/koala/openpyxl/utils'...
Listing './lib/python3.5/site-packages/koala/openpyxl/xml'...
Compiling './lib/python3.5/site-packages/koala/reader.py'...
***   File "./lib/python3.5/site-packages/koala/reader.py", line 102
    print '___### Reading Cells from XLSX ###___'
                                                ^
SyntaxError: Missing parentheses in call to 'print'

Compiling './lib/python3.5/site-packages/koala/serializer.py'...
***   File "./lib/python3.5/site-packages/koala/serializer.py", line 198
    print "Graph loading done, %s nodes, %s edges, %s cellmap entries" % (len(G.nodes()),len(G.edges()),len(cellmap))
                                                                     ^
SyntaxError: invalid syntax

Compiling './lib/python3.5/site-packages/koala/tokenizer.py'...
***   File "./lib/python3.5/site-packages/koala/tokenizer.py", line 541
    except ValueError, e:
                     ^
SyntaxError: invalid syntax

Listing './lib/python3.5/site-packages/koala2-0.0.17.egg-info'...
Listing './lib/python3.5/site-packages/lxml'...
Listing './lib/python3.5/site-packages/lxml/html'...
Listing './lib/python3.5/site-packages/lxml/includes'...
Listing './lib/python3.5/site-packages/lxml/includes/libexslt'...
Listing './lib/python3.5/site-packages/lxml/includes/libxml'...
Listing './lib/python3.5/site-packages/lxml/includes/libxslt'...
Listing './lib/python3.5/site-packages/lxml/isoschematron'...
Listing './lib/python3.5/site-packages/lxml/isoschematron/resources'...
Listing './lib/python3.5/site-packages/lxml/isoschematron/resources/rng'...
Listing './lib/python3.5/site-packages/lxml/isoschematron/resources/xsl'...
Listing './lib/python3.5/site-packages/lxml/isoschematron/resources/xsl/iso-schematron-xslt1'...
Listing './lib/python3.5/site-packages/lxml-4.1.1.dist-info'...
Listing './lib/python3.5/site-packages/networkx'...
Listing './lib/python3.5/site-packages/networkx/algorithms'...
Listing './lib/python3.5/site-packages/networkx/algorithms/approximation'...
Listing './lib/python3.5/site-packages/networkx/algorithms/approximation/tests'...
Listing './lib/python3.5/site-packages/networkx/algorithms/assortativity'...
Listing './lib/python3.5/site-packages/networkx/algorithms/assortativity/tests'...
Listing './lib/python3.5/site-packages/networkx/algorithms/bipartite'...
Listing './lib/python3.5/site-packages/networkx/algorithms/bipartite/tests'...
Listing './lib/python3.5/site-packages/networkx/algorithms/centrality'...
Listing './lib/python3.5/site-packages/networkx/algorithms/centrality/tests'...
Listing './lib/python3.5/site-packages/networkx/algorithms/chordal'...
Listing './lib/python3.5/site-packages/networkx/algorithms/chordal/tests'...
Listing './lib/python3.5/site-packages/networkx/algorithms/community'...
Listing './lib/python3.5/site-packages/networkx/algorithms/community/tests'...
Listing './lib/python3.5/site-packages/networkx/algorithms/components'...
Listing './lib/python3.5/site-packages/networkx/algorithms/components/tests'...
Listing './lib/python3.5/site-packages/networkx/algorithms/connectivity'...
Listing './lib/python3.5/site-packages/networkx/algorithms/connectivity/tests'...
Listing './lib/python3.5/site-packages/networkx/algorithms/flow'...
Listing './lib/python3.5/site-packages/networkx/algorithms/flow/tests'...
Listing './lib/python3.5/site-packages/networkx/algorithms/isomorphism'...
Listing './lib/python3.5/site-packages/networkx/algorithms/isomorphism/tests'...
Listing './lib/python3.5/site-packages/networkx/algorithms/link_analysis'...
Listing './lib/python3.5/site-packages/networkx/algorithms/link_analysis/tests'...
Listing './lib/python3.5/site-packages/networkx/algorithms/operators'...
Listing './lib/python3.5/site-packages/networkx/algorithms/operators/tests'...
Listing './lib/python3.5/site-packages/networkx/algorithms/shortest_paths'...
Listing './lib/python3.5/site-packages/networkx/algorithms/shortest_paths/tests'...
Listing './lib/python3.5/site-packages/networkx/algorithms/tests'...
Listing './lib/python3.5/site-packages/networkx/algorithms/traversal'...
Listing './lib/python3.5/site-packages/networkx/algorithms/traversal/tests'...
Listing './lib/python3.5/site-packages/networkx/algorithms/tree'...
Listing './lib/python3.5/site-packages/networkx/algorithms/tree/tests'...
Listing './lib/python3.5/site-packages/networkx/classes'...
Listing './lib/python3.5/site-packages/networkx/classes/tests'...
Listing './lib/python3.5/site-packages/networkx/drawing'...
Listing './lib/python3.5/site-packages/networkx/drawing/tests'...
Listing './lib/python3.5/site-packages/networkx/external'...
Listing './lib/python3.5/site-packages/networkx/generators'...
Listing './lib/python3.5/site-packages/networkx/generators/tests'...
Listing './lib/python3.5/site-packages/networkx/linalg'...
Listing './lib/python3.5/site-packages/networkx/linalg/tests'...
Listing './lib/python3.5/site-packages/networkx/readwrite'...
Listing './lib/python3.5/site-packages/networkx/readwrite/json_graph'...
Listing './lib/python3.5/site-packages/networkx/readwrite/json_graph/tests'...
Listing './lib/python3.5/site-packages/networkx/readwrite/tests'...
Listing './lib/python3.5/site-packages/networkx/testing'...
Listing './lib/python3.5/site-packages/networkx/testing/tests'...
Listing './lib/python3.5/site-packages/networkx/tests'...
Listing './lib/python3.5/site-packages/networkx/utils'...
Listing './lib/python3.5/site-packages/networkx/utils/tests'...
Listing './lib/python3.5/site-packages/networkx-1.9.dist-info'...
Listing './lib/python3.5/site-packages/numpy'...
Listing './lib/python3.5/site-packages/numpy/.libs'...
Listing './lib/python3.5/site-packages/numpy/compat'...
Listing './lib/python3.5/site-packages/numpy/core'...
Listing './lib/python3.5/site-packages/numpy/core/include'...
Listing './lib/python3.5/site-packages/numpy/core/include/numpy'...
Listing './lib/python3.5/site-packages/numpy/core/lib'...
Listing './lib/python3.5/site-packages/numpy/core/lib/npy-pkg-config'...
Listing './lib/python3.5/site-packages/numpy/core/tests'...
Listing './lib/python3.5/site-packages/numpy/core/tests/data'...
Listing './lib/python3.5/site-packages/numpy/distutils'...
Listing './lib/python3.5/site-packages/numpy/distutils/command'...
Listing './lib/python3.5/site-packages/numpy/distutils/fcompiler'...
Listing './lib/python3.5/site-packages/numpy/distutils/mingw'...
Listing './lib/python3.5/site-packages/numpy/distutils/tests'...
Listing './lib/python3.5/site-packages/numpy/doc'...
Listing './lib/python3.5/site-packages/numpy/f2py'...
Listing './lib/python3.5/site-packages/numpy/f2py/src'...
Listing './lib/python3.5/site-packages/numpy/f2py/tests'...
Listing './lib/python3.5/site-packages/numpy/f2py/tests/src'...
Listing './lib/python3.5/site-packages/numpy/f2py/tests/src/array_from_pyobj'...
Listing './lib/python3.5/site-packages/numpy/f2py/tests/src/assumed_shape'...
Listing './lib/python3.5/site-packages/numpy/f2py/tests/src/common'...
Listing './lib/python3.5/site-packages/numpy/f2py/tests/src/kind'...
Listing './lib/python3.5/site-packages/numpy/f2py/tests/src/mixed'...
Listing './lib/python3.5/site-packages/numpy/f2py/tests/src/parameter'...
Listing './lib/python3.5/site-packages/numpy/f2py/tests/src/regression'...
Listing './lib/python3.5/site-packages/numpy/f2py/tests/src/size'...
Listing './lib/python3.5/site-packages/numpy/f2py/tests/src/string'...
Listing './lib/python3.5/site-packages/numpy/fft'...
Listing './lib/python3.5/site-packages/numpy/fft/tests'...
Listing './lib/python3.5/site-packages/numpy/lib'...
Listing './lib/python3.5/site-packages/numpy/lib/tests'...
Listing './lib/python3.5/site-packages/numpy/lib/tests/data'...
Listing './lib/python3.5/site-packages/numpy/linalg'...
Listing './lib/python3.5/site-packages/numpy/linalg/tests'...
Listing './lib/python3.5/site-packages/numpy/ma'...
Listing './lib/python3.5/site-packages/numpy/ma/tests'...
Listing './lib/python3.5/site-packages/numpy/matrixlib'...
Listing './lib/python3.5/site-packages/numpy/matrixlib/tests'...
Listing './lib/python3.5/site-packages/numpy/polynomial'...
Listing './lib/python3.5/site-packages/numpy/polynomial/tests'...
Listing './lib/python3.5/site-packages/numpy/random'...
Listing './lib/python3.5/site-packages/numpy/random/tests'...
Listing './lib/python3.5/site-packages/numpy/testing'...
Listing './lib/python3.5/site-packages/numpy/testing/tests'...
Listing './lib/python3.5/site-packages/numpy/tests'...
Listing './lib/python3.5/site-packages/numpy-1.13.3.dist-info'...
Listing './lib/python3.5/site-packages/openpyxl'...
Listing './lib/python3.5/site-packages/openpyxl/cell'...
Listing './lib/python3.5/site-packages/openpyxl/chart'...
Listing './lib/python3.5/site-packages/openpyxl/chartsheet'...
Listing './lib/python3.5/site-packages/openpyxl/comments'...
Listing './lib/python3.5/site-packages/openpyxl/compat'...
Listing './lib/python3.5/site-packages/openpyxl/descriptors'...
Listing './lib/python3.5/site-packages/openpyxl/drawing'...
Listing './lib/python3.5/site-packages/openpyxl/formatting'...
Listing './lib/python3.5/site-packages/openpyxl/formula'...
Listing './lib/python3.5/site-packages/openpyxl/packaging'...
Listing './lib/python3.5/site-packages/openpyxl/reader'...
Listing './lib/python3.5/site-packages/openpyxl/styles'...
Listing './lib/python3.5/site-packages/openpyxl/utils'...
Listing './lib/python3.5/site-packages/openpyxl/workbook'...
Listing './lib/python3.5/site-packages/openpyxl/workbook/external_link'...
Listing './lib/python3.5/site-packages/openpyxl/worksheet'...
Listing './lib/python3.5/site-packages/openpyxl/writer'...
Listing './lib/python3.5/site-packages/openpyxl/xml'...
Listing './lib/python3.5/site-packages/openpyxl-2.4.9.egg-info'...
Listing './lib/python3.5/site-packages/pip'...
Listing './lib/python3.5/site-packages/pip/_vendor'...
Listing './lib/python3.5/site-packages/pip/commands'...
Listing './lib/python3.5/site-packages/pip/compat'...
Listing './lib/python3.5/site-packages/pip/models'...
Listing './lib/python3.5/site-packages/pip/operations'...
Listing './lib/python3.5/site-packages/pip/req'...
Listing './lib/python3.5/site-packages/pip/utils'...
Listing './lib/python3.5/site-packages/pip/vcs'...
Listing './lib/python3.5/site-packages/pip-9.0.1.dist-info'...
Listing './lib/python3.5/site-packages/pkg_resources'...
Listing './lib/python3.5/site-packages/pkg_resources/_vendor'...
Listing './lib/python3.5/site-packages/pkg_resources/_vendor/packaging'...
Listing './lib/python3.5/site-packages/pkg_resources/extern'...
Listing './lib/python3.5/site-packages/pkg_resources-0.0.0.dist-info'...
Listing './lib/python3.5/site-packages/pyximport'...
Listing './lib/python3.5/site-packages/setuptools'...
Listing './lib/python3.5/site-packages/setuptools/command'...
Listing './lib/python3.5/site-packages/setuptools/extern'...
Listing './lib/python3.5/site-packages/setuptools-32.3.1.dist-info'...
Listing './lib/python3.5/site-packages/tests'...
Listing './share'...
Listing './share/doc'...
Listing './share/doc/networkx-1.9'...
Listing './share/doc/networkx-1.9/examples'...
Listing './share/doc/networkx-1.9/examples/3d_drawing'...
Listing './share/doc/networkx-1.9/examples/advanced'...
Listing './share/doc/networkx-1.9/examples/algorithms'...
Compiling './share/doc/networkx-1.9/examples/algorithms/rcm.py'...
***   File "./share/doc/networkx-1.9/examples/algorithms/rcm.py", line 15
    print "ordering",rcm
                   ^
SyntaxError: Missing parentheses in call to 'print'

Listing './share/doc/networkx-1.9/examples/basic'...
Listing './share/doc/networkx-1.9/examples/drawing'...
Compiling './share/doc/networkx-1.9/examples/drawing/giant_component.py'...
***   File "./share/doc/networkx-1.9/examples/drawing/giant_component.py", line 28
    print "PyGraphviz not found; drawing with spring layout; will be slow."
                                                                          ^
SyntaxError: Missing parentheses in call to 'print'

Compiling './share/doc/networkx-1.9/examples/drawing/lanl_routes.py'...
***   File "./share/doc/networkx-1.9/examples/drawing/lanl_routes.py", line 24
    print "lanl.edges not found"
                               ^
SyntaxError: Missing parentheses in call to 'print'

Listing './share/doc/networkx-1.9/examples/graph'...
Compiling './share/doc/networkx-1.9/examples/graph/degree_sequence.py'...
***   File "./share/doc/networkx-1.9/examples/graph/degree_sequence.py", line 19
    print is_valid_degree_sequence(z)
                                 ^
SyntaxError: invalid syntax

Listing './share/doc/networkx-1.9/examples/multigraph'...
Listing './share/doc/networkx-1.9/examples/pygraphviz'...
Compiling './share/doc/networkx-1.9/examples/pygraphviz/write_dotfile.py'...
***   File "./share/doc/networkx-1.9/examples/pygraphviz/write_dotfile.py", line 27
    print "pygraphviz or pydot were not found "
                                              ^
SyntaxError: Missing parentheses in call to 'print'

Listing './share/python-wheels'...
