Listing '.'...
Listing './bin'...
Listing './include'...
Listing './lib'...
Listing './lib/python3.5'...
Listing './lib/python3.5/site-packages'...
Listing './lib/python3.5/site-packages/docopt-0.6.2.egg-info'...
Listing './lib/python3.5/site-packages/kubelaunch'...
Listing './lib/python3.5/site-packages/kubelaunch/commands'...
Listing './lib/python3.5/site-packages/kubelaunch/commands/apps'...
Listing './lib/python3.5/site-packages/kubelaunch/commands/clusters'...
Listing './lib/python3.5/site-packages/kubelaunch/data'...
Listing './lib/python3.5/site-packages/kubelaunch/data/launch_files'...
Listing './lib/python3.5/site-packages/kubelaunch/data/launch_files/apps'...
Listing './lib/python3.5/site-packages/kubelaunch/data/launch_files/clusters'...
Listing './lib/python3.5/site-packages/kubelaunch/data/notebooks'...
Listing './lib/python3.5/site-packages/kubelaunch/data/notebooks/apps'...
Listing './lib/python3.5/site-packages/kubelaunch/data/notebooks/apps/.ipynb_checkpoints'...
Listing './lib/python3.5/site-packages/kubelaunch/data/notebooks/clusters'...
Listing './lib/python3.5/site-packages/kubelaunch/data/notebooks/clusters/.ipynb_checkpoints'...
Listing './lib/python3.5/site-packages/kubelaunch-0.0.7.egg-info'...
Listing './lib/python3.5/site-packages/pip'...
Listing './lib/python3.5/site-packages/pip/_vendor'...
Listing './lib/python3.5/site-packages/pip/commands'...
Listing './lib/python3.5/site-packages/pip/compat'...
Listing './lib/python3.5/site-packages/pip/models'...
Listing './lib/python3.5/site-packages/pip/operations'...
Listing './lib/python3.5/site-packages/pip/req'...
Listing './lib/python3.5/site-packages/pip/utils'...
Listing './lib/python3.5/site-packages/pip/vcs'...
Listing './lib/python3.5/site-packages/pip-9.0.1.dist-info'...
Listing './lib/python3.5/site-packages/pkg_resources'...
Listing './lib/python3.5/site-packages/pkg_resources/_vendor'...
Listing './lib/python3.5/site-packages/pkg_resources/_vendor/packaging'...
Listing './lib/python3.5/site-packages/pkg_resources/extern'...
Listing './lib/python3.5/site-packages/pkg_resources-0.0.0.dist-info'...
Listing './lib/python3.5/site-packages/ruamel'...
Listing './lib/python3.5/site-packages/ruamel/yaml'...
Listing './lib/python3.5/site-packages/ruamel.yaml-0.15.35.dist-info'...
Listing './lib/python3.5/site-packages/setuptools'...
Listing './lib/python3.5/site-packages/setuptools/command'...
Listing './lib/python3.5/site-packages/setuptools/extern'...
Listing './lib/python3.5/site-packages/setuptools-32.3.1.dist-info'...
Listing './share'...
Listing './share/python-wheels'...
