Listing '.'...
Listing './bin'...
Listing './include'...
Listing './lib'...
Listing './lib/python3.5'...
Listing './lib/python3.5/site-packages'...
Listing './lib/python3.5/site-packages/Jinja2-2.10.dist-info'...
Listing './lib/python3.5/site-packages/Markdown-2.6.11.dist-info'...
Listing './lib/python3.5/site-packages/MarkupSafe-1.0.egg-info'...
Listing './lib/python3.5/site-packages/docopt-0.6.2.egg-info'...
Listing './lib/python3.5/site-packages/jinja2'...
Compiling './lib/python3.5/site-packages/jinja2/asyncfilters.py'...
***   File "./lib/python3.5/site-packages/jinja2/asyncfilters.py", line 24
    yield item
    ^
SyntaxError: 'yield' inside async function

Compiling './lib/python3.5/site-packages/jinja2/asyncsupport.py'...
***   File "./lib/python3.5/site-packages/jinja2/asyncsupport.py", line 35
    yield event
    ^
SyntaxError: 'yield' inside async function

Listing './lib/python3.5/site-packages/laminate'...
Listing './lib/python3.5/site-packages/laminate-0.5.egg-info'...
Listing './lib/python3.5/site-packages/laminate_default'...
Listing './lib/python3.5/site-packages/laminate_default/templates'...
Listing './lib/python3.5/site-packages/laminate_default/templates/assets'...
Listing './lib/python3.5/site-packages/laminate_default/templates/assets/fonts'...
Listing './lib/python3.5/site-packages/laminate_default/templates/assets/fonts/lato'...
Listing './lib/python3.5/site-packages/laminate_default/templates/assets/fonts/merriweather'...
Listing './lib/python3.5/site-packages/laminate_default/templates/assets/images'...
Listing './lib/python3.5/site-packages/laminate_default/templates/assets/maps'...
Listing './lib/python3.5/site-packages/laminate_default-0.2.egg-info'...
Listing './lib/python3.5/site-packages/markdown'...
Listing './lib/python3.5/site-packages/markdown/extensions'...
Listing './lib/python3.5/site-packages/markdown_include'...
Listing './lib/python3.5/site-packages/markdown_include-0.5.1.egg-info'...
Listing './lib/python3.5/site-packages/markupsafe'...
Listing './lib/python3.5/site-packages/pip'...
Listing './lib/python3.5/site-packages/pip/_vendor'...
Listing './lib/python3.5/site-packages/pip/commands'...
Listing './lib/python3.5/site-packages/pip/compat'...
Listing './lib/python3.5/site-packages/pip/models'...
Listing './lib/python3.5/site-packages/pip/operations'...
Listing './lib/python3.5/site-packages/pip/req'...
Listing './lib/python3.5/site-packages/pip/utils'...
Listing './lib/python3.5/site-packages/pip/vcs'...
Listing './lib/python3.5/site-packages/pip-9.0.1.dist-info'...
Listing './lib/python3.5/site-packages/pkg_resources'...
Listing './lib/python3.5/site-packages/pkg_resources/_vendor'...
Listing './lib/python3.5/site-packages/pkg_resources/_vendor/packaging'...
Listing './lib/python3.5/site-packages/pkg_resources/extern'...
Listing './lib/python3.5/site-packages/pkg_resources-0.0.0.dist-info'...
Listing './lib/python3.5/site-packages/setuptools'...
Listing './lib/python3.5/site-packages/setuptools/command'...
Listing './lib/python3.5/site-packages/setuptools/extern'...
Listing './lib/python3.5/site-packages/setuptools-32.3.1.dist-info'...
Listing './share'...
Listing './share/python-wheels'...
