Listing '.'...
Listing './bin'...
Compiling './bin/common_vocab.py'...
***   File "./bin/common_vocab.py", line 39
    print w.encode(encoding)
          ^
SyntaxError: invalid syntax

Compiling './bin/create_freq_timeseries.py'...
Compiling './bin/detect_changepoints_word_ts.py'...
***   File "./bin/detect_changepoints_word_ts.py", line 148
    print "Config:"
                  ^
SyntaxError: Missing parentheses in call to 'print'

Compiling './bin/dump_timeseries.py'...
***   File "./bin/dump_timeseries.py", line 63
    print "Failed to interpolate", w
                                ^
SyntaxError: Missing parentheses in call to 'print'

Compiling './bin/embedding_displacements.py'...
***   File "./bin/embedding_displacements.py", line 112
    print "Loaded predictor for", timepoint
                               ^
SyntaxError: Missing parentheses in call to 'print'

Compiling './bin/freq_count.py'...
***   File "./bin/freq_count.py", line 33
    print tup.encode(encoding)
            ^
SyntaxError: invalid syntax

Compiling './bin/learn_map.py'...
***   File "./bin/learn_map.py", line 90
    return [x for x, y in sorted(self.word_id.iteritems(), key=lambda(x, y): y)[start:n]]
                                                                     ^
SyntaxError: invalid syntax

Compiling './bin/pos_displacements.py'...
***   File "./bin/pos_displacements.py", line 102
    print "Done loading predictors"
                                  ^
SyntaxError: Missing parentheses in call to 'print'

Compiling './bin/train_embeddings_ngrams.py'...
Listing './include'...
Listing './lib'...
Listing './lib/python3.5'...
Listing './lib/python3.5/site-packages'...
Listing './lib/python3.5/site-packages/argparse-1.4.0.dist-info'...
Listing './lib/python3.5/site-packages/changepoint'...
Compiling './lib/python3.5/site-packages/changepoint/mean_shift_model.py'...
***   File "./lib/python3.5/site-packages/changepoint/mean_shift_model.py", line 78
    print "Testing a time series with a significant mean shift"
                                                              ^
SyntaxError: Missing parentheses in call to 'print'

Listing './lib/python3.5/site-packages/changepoint/utils'...
Compiling './lib/python3.5/site-packages/changepoint/utils/ts_stats.py'...
***   File "./lib/python3.5/site-packages/changepoint/utils/ts_stats.py", line 36
    raise ValueError, "smooth only accepts 1 dimension arrays."
                    ^
SyntaxError: invalid syntax

Listing './lib/python3.5/site-packages/changepoint-0.1.1.egg-info'...
Listing './lib/python3.5/site-packages/dateutil'...
Listing './lib/python3.5/site-packages/dateutil/tz'...
Listing './lib/python3.5/site-packages/dateutil/zoneinfo'...
Listing './lib/python3.5/site-packages/gensim'...
Listing './lib/python3.5/site-packages/gensim/corpora'...
Listing './lib/python3.5/site-packages/gensim/models'...
Compiling './lib/python3.5/site-packages/gensim/models/saul.py'...
***   File "./lib/python3.5/site-packages/gensim/models/saul.py", line 71
    print QSim(documents[i])
             ^
SyntaxError: invalid syntax

Compiling './lib/python3.5/site-packages/gensim/models/test.py'...
***   File "./lib/python3.5/site-packages/gensim/models/test.py", line 13
    print model.syn0
              ^
SyntaxError: Missing parentheses in call to 'print'

Compiling './lib/python3.5/site-packages/gensim/models/tst.py'...
***   File "./lib/python3.5/site-packages/gensim/models/tst.py", line 61
    print best_dist, matched
                  ^
SyntaxError: Missing parentheses in call to 'print'

Listing './lib/python3.5/site-packages/gensim/parsing'...
Listing './lib/python3.5/site-packages/gensim/scripts'...
Listing './lib/python3.5/site-packages/gensim/similarities'...
Listing './lib/python3.5/site-packages/gensim/test'...
Listing './lib/python3.5/site-packages/gensim/test/test_data'...
Listing './lib/python3.5/site-packages/gensim-0.10.3.egg-info'...
Listing './lib/python3.5/site-packages/joblib'...
Listing './lib/python3.5/site-packages/joblib/test'...
Listing './lib/python3.5/site-packages/joblib/test/data'...
Listing './lib/python3.5/site-packages/joblib-0.11.dist-info'...
Listing './lib/python3.5/site-packages/langchangetrack'...
Listing './lib/python3.5/site-packages/langchangetrack/corpusreaders'...
Listing './lib/python3.5/site-packages/langchangetrack/cpdetection'...
Compiling './lib/python3.5/site-packages/langchangetrack/cpdetection/detect_changepoints_word_ts.py'...
***   File "./lib/python3.5/site-packages/langchangetrack/cpdetection/detect_changepoints_word_ts.py", line 148
    print "Config:"
                  ^
SyntaxError: Missing parentheses in call to 'print'

Listing './lib/python3.5/site-packages/langchangetrack/scripts'...
Listing './lib/python3.5/site-packages/langchangetrack/tsconstruction'...
Compiling './lib/python3.5/site-packages/langchangetrack/tsconstruction/displacements.py'...
***   File "./lib/python3.5/site-packages/langchangetrack/tsconstruction/displacements.py", line 59
    print "Processing chunk", i
                           ^
SyntaxError: Missing parentheses in call to 'print'

Listing './lib/python3.5/site-packages/langchangetrack/tsconstruction/distributional'...
Listing './lib/python3.5/site-packages/langchangetrack/tsconstruction/distributional/scripts'...
Compiling './lib/python3.5/site-packages/langchangetrack/tsconstruction/distributional/scripts/embedding_displacements.py'...
***   File "./lib/python3.5/site-packages/langchangetrack/tsconstruction/distributional/scripts/embedding_displacements.py", line 112
    print "Loaded predictor for", timepoint
                               ^
SyntaxError: Missing parentheses in call to 'print'

Compiling './lib/python3.5/site-packages/langchangetrack/tsconstruction/distributional/scripts/learn_map.py'...
***   File "./lib/python3.5/site-packages/langchangetrack/tsconstruction/distributional/scripts/learn_map.py", line 90
    return [x for x, y in sorted(self.word_id.iteritems(), key=lambda(x, y): y)[start:n]]
                                                                     ^
SyntaxError: invalid syntax

Compiling './lib/python3.5/site-packages/langchangetrack/tsconstruction/dump_timeseries.py'...
***   File "./lib/python3.5/site-packages/langchangetrack/tsconstruction/dump_timeseries.py", line 63
    print "Failed to interpolate", w
                                ^
SyntaxError: Missing parentheses in call to 'print'

Listing './lib/python3.5/site-packages/langchangetrack/tsconstruction/freq'...
Listing './lib/python3.5/site-packages/langchangetrack/tsconstruction/freq/scripts'...
Listing './lib/python3.5/site-packages/langchangetrack/tsconstruction/syntactic'...
Listing './lib/python3.5/site-packages/langchangetrack/tsconstruction/syntactic/scripts'...
Compiling './lib/python3.5/site-packages/langchangetrack/tsconstruction/syntactic/scripts/pos_displacements.py'...
***   File "./lib/python3.5/site-packages/langchangetrack/tsconstruction/syntactic/scripts/pos_displacements.py", line 102
    print "Done loading predictors"
                                  ^
SyntaxError: Missing parentheses in call to 'print'

Listing './lib/python3.5/site-packages/langchangetrack/utils'...
Compiling './lib/python3.5/site-packages/langchangetrack/utils/LocalLinearRegression.py'...
***   File "./lib/python3.5/site-packages/langchangetrack/utils/LocalLinearRegression.py", line 67
    print self.k_nn, self.weight_func
             ^
SyntaxError: Missing parentheses in call to 'print'

Listing './lib/python3.5/site-packages/langchangetrack/utils/scripts'...
Compiling './lib/python3.5/site-packages/langchangetrack/utils/scripts/common_vocab.py'...
***   File "./lib/python3.5/site-packages/langchangetrack/utils/scripts/common_vocab.py", line 39
    print w.encode(encoding)
          ^
SyntaxError: invalid syntax

Compiling './lib/python3.5/site-packages/langchangetrack/utils/scripts/freq_count.py'...
***   File "./lib/python3.5/site-packages/langchangetrack/utils/scripts/freq_count.py", line 33
    print tup.encode(encoding)
            ^
SyntaxError: invalid syntax

Listing './lib/python3.5/site-packages/langchangetrack-0.1.0.egg-info'...
Listing './lib/python3.5/site-packages/more_itertools'...
Listing './lib/python3.5/site-packages/more_itertools/tests'...
Listing './lib/python3.5/site-packages/more_itertools-4.0.1.dist-info'...
Listing './lib/python3.5/site-packages/nltk'...
Listing './lib/python3.5/site-packages/nltk/app'...
Listing './lib/python3.5/site-packages/nltk/ccg'...
Listing './lib/python3.5/site-packages/nltk/chat'...
Listing './lib/python3.5/site-packages/nltk/chunk'...
Listing './lib/python3.5/site-packages/nltk/classify'...
Listing './lib/python3.5/site-packages/nltk/cluster'...
Listing './lib/python3.5/site-packages/nltk/corpus'...
Listing './lib/python3.5/site-packages/nltk/corpus/reader'...
Listing './lib/python3.5/site-packages/nltk/draw'...
Listing './lib/python3.5/site-packages/nltk/inference'...
Listing './lib/python3.5/site-packages/nltk/metrics'...
Listing './lib/python3.5/site-packages/nltk/misc'...
Listing './lib/python3.5/site-packages/nltk/parse'...
Listing './lib/python3.5/site-packages/nltk/sem'...
Listing './lib/python3.5/site-packages/nltk/sentiment'...
Listing './lib/python3.5/site-packages/nltk/stem'...
Listing './lib/python3.5/site-packages/nltk/tag'...
Listing './lib/python3.5/site-packages/nltk/tbl'...
Listing './lib/python3.5/site-packages/nltk/test'...
Listing './lib/python3.5/site-packages/nltk/test/unit'...
Listing './lib/python3.5/site-packages/nltk/test/unit/translate'...
Listing './lib/python3.5/site-packages/nltk/tokenize'...
Listing './lib/python3.5/site-packages/nltk/translate'...
Listing './lib/python3.5/site-packages/nltk/twitter'...
Listing './lib/python3.5/site-packages/nltk-3.2.5.egg-info'...
Listing './lib/python3.5/site-packages/numpy'...
Listing './lib/python3.5/site-packages/numpy/.libs'...
Listing './lib/python3.5/site-packages/numpy/compat'...
Listing './lib/python3.5/site-packages/numpy/core'...
Listing './lib/python3.5/site-packages/numpy/core/include'...
Listing './lib/python3.5/site-packages/numpy/core/include/numpy'...
Listing './lib/python3.5/site-packages/numpy/core/lib'...
Listing './lib/python3.5/site-packages/numpy/core/lib/npy-pkg-config'...
Listing './lib/python3.5/site-packages/numpy/core/tests'...
Listing './lib/python3.5/site-packages/numpy/core/tests/data'...
Listing './lib/python3.5/site-packages/numpy/distutils'...
Listing './lib/python3.5/site-packages/numpy/distutils/command'...
Listing './lib/python3.5/site-packages/numpy/distutils/fcompiler'...
Listing './lib/python3.5/site-packages/numpy/distutils/mingw'...
Listing './lib/python3.5/site-packages/numpy/distutils/tests'...
Listing './lib/python3.5/site-packages/numpy/doc'...
Listing './lib/python3.5/site-packages/numpy/f2py'...
Listing './lib/python3.5/site-packages/numpy/f2py/src'...
Listing './lib/python3.5/site-packages/numpy/f2py/tests'...
Listing './lib/python3.5/site-packages/numpy/f2py/tests/src'...
Listing './lib/python3.5/site-packages/numpy/f2py/tests/src/array_from_pyobj'...
Listing './lib/python3.5/site-packages/numpy/f2py/tests/src/assumed_shape'...
Listing './lib/python3.5/site-packages/numpy/f2py/tests/src/common'...
Listing './lib/python3.5/site-packages/numpy/f2py/tests/src/kind'...
Listing './lib/python3.5/site-packages/numpy/f2py/tests/src/mixed'...
Listing './lib/python3.5/site-packages/numpy/f2py/tests/src/parameter'...
Listing './lib/python3.5/site-packages/numpy/f2py/tests/src/regression'...
Listing './lib/python3.5/site-packages/numpy/f2py/tests/src/size'...
Listing './lib/python3.5/site-packages/numpy/f2py/tests/src/string'...
Listing './lib/python3.5/site-packages/numpy/fft'...
Listing './lib/python3.5/site-packages/numpy/fft/tests'...
Listing './lib/python3.5/site-packages/numpy/lib'...
Listing './lib/python3.5/site-packages/numpy/lib/tests'...
Listing './lib/python3.5/site-packages/numpy/lib/tests/data'...
Listing './lib/python3.5/site-packages/numpy/linalg'...
Listing './lib/python3.5/site-packages/numpy/linalg/tests'...
Listing './lib/python3.5/site-packages/numpy/ma'...
Listing './lib/python3.5/site-packages/numpy/ma/tests'...
Listing './lib/python3.5/site-packages/numpy/matrixlib'...
Listing './lib/python3.5/site-packages/numpy/matrixlib/tests'...
Listing './lib/python3.5/site-packages/numpy/polynomial'...
Listing './lib/python3.5/site-packages/numpy/polynomial/tests'...
Listing './lib/python3.5/site-packages/numpy/random'...
Listing './lib/python3.5/site-packages/numpy/random/tests'...
Listing './lib/python3.5/site-packages/numpy/testing'...
Listing './lib/python3.5/site-packages/numpy/testing/nose_tools'...
Listing './lib/python3.5/site-packages/numpy/testing/tests'...
Listing './lib/python3.5/site-packages/numpy/tests'...
Listing './lib/python3.5/site-packages/numpy-1.14.0.dist-info'...
Listing './lib/python3.5/site-packages/pandas'...
Listing './lib/python3.5/site-packages/pandas/_libs'...
Listing './lib/python3.5/site-packages/pandas/_libs/tslibs'...
Listing './lib/python3.5/site-packages/pandas/api'...
Listing './lib/python3.5/site-packages/pandas/api/types'...
Listing './lib/python3.5/site-packages/pandas/compat'...
Listing './lib/python3.5/site-packages/pandas/compat/numpy'...
Listing './lib/python3.5/site-packages/pandas/computation'...
Listing './lib/python3.5/site-packages/pandas/core'...
Listing './lib/python3.5/site-packages/pandas/core/computation'...
Listing './lib/python3.5/site-packages/pandas/core/dtypes'...
Listing './lib/python3.5/site-packages/pandas/core/indexes'...
Listing './lib/python3.5/site-packages/pandas/core/reshape'...
Listing './lib/python3.5/site-packages/pandas/core/sparse'...
Listing './lib/python3.5/site-packages/pandas/core/tools'...
Listing './lib/python3.5/site-packages/pandas/core/util'...
Listing './lib/python3.5/site-packages/pandas/errors'...
Listing './lib/python3.5/site-packages/pandas/formats'...
Listing './lib/python3.5/site-packages/pandas/io'...
Listing './lib/python3.5/site-packages/pandas/io/clipboard'...
Listing './lib/python3.5/site-packages/pandas/io/formats'...
Listing './lib/python3.5/site-packages/pandas/io/formats/templates'...
Listing './lib/python3.5/site-packages/pandas/io/json'...
Listing './lib/python3.5/site-packages/pandas/io/msgpack'...
Listing './lib/python3.5/site-packages/pandas/io/sas'...
Listing './lib/python3.5/site-packages/pandas/plotting'...
Listing './lib/python3.5/site-packages/pandas/stats'...
Listing './lib/python3.5/site-packages/pandas/tests'...
Listing './lib/python3.5/site-packages/pandas/tests/api'...
Listing './lib/python3.5/site-packages/pandas/tests/computation'...
Listing './lib/python3.5/site-packages/pandas/tests/data'...
Listing './lib/python3.5/site-packages/pandas/tests/dtypes'...
Listing './lib/python3.5/site-packages/pandas/tests/frame'...
Listing './lib/python3.5/site-packages/pandas/tests/groupby'...
Listing './lib/python3.5/site-packages/pandas/tests/indexes'...
Listing './lib/python3.5/site-packages/pandas/tests/indexes/data'...
Listing './lib/python3.5/site-packages/pandas/tests/indexes/datetimes'...
Listing './lib/python3.5/site-packages/pandas/tests/indexes/period'...
Listing './lib/python3.5/site-packages/pandas/tests/indexes/timedeltas'...
Listing './lib/python3.5/site-packages/pandas/tests/indexing'...
Listing './lib/python3.5/site-packages/pandas/tests/internals'...
Listing './lib/python3.5/site-packages/pandas/tests/io'...
Listing './lib/python3.5/site-packages/pandas/tests/io/data'...
Listing './lib/python3.5/site-packages/pandas/tests/io/data/html_encoding'...
Listing './lib/python3.5/site-packages/pandas/tests/io/data/legacy_hdf'...
Listing './lib/python3.5/site-packages/pandas/tests/io/data/legacy_msgpack'...
Listing './lib/python3.5/site-packages/pandas/tests/io/data/legacy_msgpack/0.16.0'...
Listing './lib/python3.5/site-packages/pandas/tests/io/data/legacy_msgpack/0.16.2'...
Listing './lib/python3.5/site-packages/pandas/tests/io/data/legacy_msgpack/0.17.0'...
Listing './lib/python3.5/site-packages/pandas/tests/io/data/legacy_msgpack/0.17.1'...
Listing './lib/python3.5/site-packages/pandas/tests/io/data/legacy_msgpack/0.18.0'...
Listing './lib/python3.5/site-packages/pandas/tests/io/data/legacy_msgpack/0.18.1'...
Listing './lib/python3.5/site-packages/pandas/tests/io/data/legacy_msgpack/0.19.2'...
Listing './lib/python3.5/site-packages/pandas/tests/io/data/legacy_pickle'...
Listing './lib/python3.5/site-packages/pandas/tests/io/data/legacy_pickle/0.10.1'...
Listing './lib/python3.5/site-packages/pandas/tests/io/data/legacy_pickle/0.11.0'...
Listing './lib/python3.5/site-packages/pandas/tests/io/data/legacy_pickle/0.12.0'...
Listing './lib/python3.5/site-packages/pandas/tests/io/data/legacy_pickle/0.13.0'...
Listing './lib/python3.5/site-packages/pandas/tests/io/data/legacy_pickle/0.14.0'...
Listing './lib/python3.5/site-packages/pandas/tests/io/data/legacy_pickle/0.14.1'...
Listing './lib/python3.5/site-packages/pandas/tests/io/data/legacy_pickle/0.15.0'...
Listing './lib/python3.5/site-packages/pandas/tests/io/data/legacy_pickle/0.15.2'...
Listing './lib/python3.5/site-packages/pandas/tests/io/data/legacy_pickle/0.16.0'...
Listing './lib/python3.5/site-packages/pandas/tests/io/data/legacy_pickle/0.16.2'...
Listing './lib/python3.5/site-packages/pandas/tests/io/data/legacy_pickle/0.17.0'...
Listing './lib/python3.5/site-packages/pandas/tests/io/data/legacy_pickle/0.17.1'...
Listing './lib/python3.5/site-packages/pandas/tests/io/data/legacy_pickle/0.18.0'...
Listing './lib/python3.5/site-packages/pandas/tests/io/data/legacy_pickle/0.18.1'...
Listing './lib/python3.5/site-packages/pandas/tests/io/data/legacy_pickle/0.19.2'...
Listing './lib/python3.5/site-packages/pandas/tests/io/data/legacy_pickle/0.20.3'...
Listing './lib/python3.5/site-packages/pandas/tests/io/formats'...
Listing './lib/python3.5/site-packages/pandas/tests/io/formats/data'...
Listing './lib/python3.5/site-packages/pandas/tests/io/json'...
Listing './lib/python3.5/site-packages/pandas/tests/io/json/data'...
Listing './lib/python3.5/site-packages/pandas/tests/io/msgpack'...
Listing './lib/python3.5/site-packages/pandas/tests/io/msgpack/data'...
Listing './lib/python3.5/site-packages/pandas/tests/io/parser'...
Listing './lib/python3.5/site-packages/pandas/tests/io/parser/data'...
Listing './lib/python3.5/site-packages/pandas/tests/io/sas'...
Listing './lib/python3.5/site-packages/pandas/tests/io/sas/data'...
Listing './lib/python3.5/site-packages/pandas/tests/plotting'...
Listing './lib/python3.5/site-packages/pandas/tests/reshape'...
Listing './lib/python3.5/site-packages/pandas/tests/reshape/data'...
Listing './lib/python3.5/site-packages/pandas/tests/scalar'...
Listing './lib/python3.5/site-packages/pandas/tests/series'...
Listing './lib/python3.5/site-packages/pandas/tests/sparse'...
Listing './lib/python3.5/site-packages/pandas/tests/tools'...
Listing './lib/python3.5/site-packages/pandas/tests/tseries'...
Listing './lib/python3.5/site-packages/pandas/tests/tseries/data'...
Listing './lib/python3.5/site-packages/pandas/tests/util'...
Listing './lib/python3.5/site-packages/pandas/tools'...
Listing './lib/python3.5/site-packages/pandas/tseries'...
Listing './lib/python3.5/site-packages/pandas/types'...
Listing './lib/python3.5/site-packages/pandas/util'...
Listing './lib/python3.5/site-packages/pandas-0.22.0.dist-info'...
Listing './lib/python3.5/site-packages/patsy'...
Listing './lib/python3.5/site-packages/patsy-0.5.0.dist-info'...
Listing './lib/python3.5/site-packages/pip'...
Listing './lib/python3.5/site-packages/pip/_vendor'...
Listing './lib/python3.5/site-packages/pip/commands'...
Listing './lib/python3.5/site-packages/pip/compat'...
Listing './lib/python3.5/site-packages/pip/models'...
Listing './lib/python3.5/site-packages/pip/operations'...
Listing './lib/python3.5/site-packages/pip/req'...
Listing './lib/python3.5/site-packages/pip/utils'...
Listing './lib/python3.5/site-packages/pip/vcs'...
Listing './lib/python3.5/site-packages/pip-9.0.1.dist-info'...
Listing './lib/python3.5/site-packages/pkg_resources'...
Listing './lib/python3.5/site-packages/pkg_resources/_vendor'...
Listing './lib/python3.5/site-packages/pkg_resources/_vendor/packaging'...
Listing './lib/python3.5/site-packages/pkg_resources/extern'...
Listing './lib/python3.5/site-packages/pkg_resources-0.0.0.dist-info'...
Listing './lib/python3.5/site-packages/python_dateutil-2.6.1.dist-info'...
Listing './lib/python3.5/site-packages/pytz'...
Listing './lib/python3.5/site-packages/pytz/zoneinfo'...
Listing './lib/python3.5/site-packages/pytz/zoneinfo/Africa'...
Listing './lib/python3.5/site-packages/pytz/zoneinfo/America'...
Listing './lib/python3.5/site-packages/pytz/zoneinfo/America/Argentina'...
Listing './lib/python3.5/site-packages/pytz/zoneinfo/America/Indiana'...
Listing './lib/python3.5/site-packages/pytz/zoneinfo/America/Kentucky'...
Listing './lib/python3.5/site-packages/pytz/zoneinfo/America/North_Dakota'...
Listing './lib/python3.5/site-packages/pytz/zoneinfo/Antarctica'...
Listing './lib/python3.5/site-packages/pytz/zoneinfo/Arctic'...
Listing './lib/python3.5/site-packages/pytz/zoneinfo/Asia'...
Listing './lib/python3.5/site-packages/pytz/zoneinfo/Atlantic'...
Listing './lib/python3.5/site-packages/pytz/zoneinfo/Australia'...
Listing './lib/python3.5/site-packages/pytz/zoneinfo/Brazil'...
Listing './lib/python3.5/site-packages/pytz/zoneinfo/Canada'...
Listing './lib/python3.5/site-packages/pytz/zoneinfo/Chile'...
Listing './lib/python3.5/site-packages/pytz/zoneinfo/Etc'...
Listing './lib/python3.5/site-packages/pytz/zoneinfo/Europe'...
Listing './lib/python3.5/site-packages/pytz/zoneinfo/Indian'...
Listing './lib/python3.5/site-packages/pytz/zoneinfo/Mexico'...
Listing './lib/python3.5/site-packages/pytz/zoneinfo/Pacific'...
Listing './lib/python3.5/site-packages/pytz/zoneinfo/US'...
Listing './lib/python3.5/site-packages/pytz-2017.3.dist-info'...
Listing './lib/python3.5/site-packages/scipy'...
Listing './lib/python3.5/site-packages/scipy/.libs'...
Listing './lib/python3.5/site-packages/scipy/_build_utils'...
Listing './lib/python3.5/site-packages/scipy/_lib'...
Listing './lib/python3.5/site-packages/scipy/_lib/tests'...
Listing './lib/python3.5/site-packages/scipy/cluster'...
Listing './lib/python3.5/site-packages/scipy/cluster/tests'...
Listing './lib/python3.5/site-packages/scipy/constants'...
Listing './lib/python3.5/site-packages/scipy/constants/tests'...
Listing './lib/python3.5/site-packages/scipy/fftpack'...
Listing './lib/python3.5/site-packages/scipy/fftpack/tests'...
Listing './lib/python3.5/site-packages/scipy/integrate'...
Listing './lib/python3.5/site-packages/scipy/integrate/_ivp'...
Listing './lib/python3.5/site-packages/scipy/integrate/tests'...
Listing './lib/python3.5/site-packages/scipy/interpolate'...
Listing './lib/python3.5/site-packages/scipy/interpolate/tests'...
Listing './lib/python3.5/site-packages/scipy/interpolate/tests/data'...
Listing './lib/python3.5/site-packages/scipy/io'...
Listing './lib/python3.5/site-packages/scipy/io/arff'...
Listing './lib/python3.5/site-packages/scipy/io/arff/tests'...
Listing './lib/python3.5/site-packages/scipy/io/arff/tests/data'...
Listing './lib/python3.5/site-packages/scipy/io/harwell_boeing'...
Listing './lib/python3.5/site-packages/scipy/io/harwell_boeing/tests'...
Listing './lib/python3.5/site-packages/scipy/io/matlab'...
Listing './lib/python3.5/site-packages/scipy/io/matlab/tests'...
Listing './lib/python3.5/site-packages/scipy/io/matlab/tests/data'...
Listing './lib/python3.5/site-packages/scipy/io/tests'...
Listing './lib/python3.5/site-packages/scipy/io/tests/data'...
Listing './lib/python3.5/site-packages/scipy/linalg'...
Listing './lib/python3.5/site-packages/scipy/linalg/src'...
Listing './lib/python3.5/site-packages/scipy/linalg/src/id_dist'...
Listing './lib/python3.5/site-packages/scipy/linalg/src/id_dist/doc'...
Listing './lib/python3.5/site-packages/scipy/linalg/src/lapack_deprecations'...
Listing './lib/python3.5/site-packages/scipy/linalg/tests'...
Listing './lib/python3.5/site-packages/scipy/linalg/tests/data'...
Listing './lib/python3.5/site-packages/scipy/misc'...
Listing './lib/python3.5/site-packages/scipy/misc/tests'...
Listing './lib/python3.5/site-packages/scipy/misc/tests/data'...
Listing './lib/python3.5/site-packages/scipy/ndimage'...
Listing './lib/python3.5/site-packages/scipy/ndimage/tests'...
Listing './lib/python3.5/site-packages/scipy/ndimage/tests/data'...
Listing './lib/python3.5/site-packages/scipy/odr'...
Listing './lib/python3.5/site-packages/scipy/odr/tests'...
Listing './lib/python3.5/site-packages/scipy/optimize'...
Listing './lib/python3.5/site-packages/scipy/optimize/_lsq'...
Listing './lib/python3.5/site-packages/scipy/optimize/_trlib'...
Listing './lib/python3.5/site-packages/scipy/optimize/lbfgsb'...
Listing './lib/python3.5/site-packages/scipy/optimize/tests'...
Listing './lib/python3.5/site-packages/scipy/signal'...
Listing './lib/python3.5/site-packages/scipy/signal/tests'...
Listing './lib/python3.5/site-packages/scipy/sparse'...
Listing './lib/python3.5/site-packages/scipy/sparse/csgraph'...
Listing './lib/python3.5/site-packages/scipy/sparse/csgraph/tests'...
Listing './lib/python3.5/site-packages/scipy/sparse/linalg'...
Listing './lib/python3.5/site-packages/scipy/sparse/linalg/dsolve'...
Listing './lib/python3.5/site-packages/scipy/sparse/linalg/dsolve/SuperLU'...
Listing './lib/python3.5/site-packages/scipy/sparse/linalg/dsolve/tests'...
Listing './lib/python3.5/site-packages/scipy/sparse/linalg/eigen'...
Listing './lib/python3.5/site-packages/scipy/sparse/linalg/eigen/arpack'...
Listing './lib/python3.5/site-packages/scipy/sparse/linalg/eigen/arpack/ARPACK'...
Listing './lib/python3.5/site-packages/scipy/sparse/linalg/eigen/arpack/tests'...
Listing './lib/python3.5/site-packages/scipy/sparse/linalg/eigen/lobpcg'...
Listing './lib/python3.5/site-packages/scipy/sparse/linalg/eigen/lobpcg/tests'...
Listing './lib/python3.5/site-packages/scipy/sparse/linalg/isolve'...
Listing './lib/python3.5/site-packages/scipy/sparse/linalg/isolve/tests'...
Listing './lib/python3.5/site-packages/scipy/sparse/linalg/tests'...
Listing './lib/python3.5/site-packages/scipy/sparse/tests'...
Listing './lib/python3.5/site-packages/scipy/sparse/tests/data'...
Listing './lib/python3.5/site-packages/scipy/spatial'...
Listing './lib/python3.5/site-packages/scipy/spatial/qhull'...
Listing './lib/python3.5/site-packages/scipy/spatial/tests'...
Listing './lib/python3.5/site-packages/scipy/spatial/tests/data'...
Listing './lib/python3.5/site-packages/scipy/special'...
Listing './lib/python3.5/site-packages/scipy/special/_precompute'...
Listing './lib/python3.5/site-packages/scipy/special/tests'...
Listing './lib/python3.5/site-packages/scipy/special/tests/data'...
Listing './lib/python3.5/site-packages/scipy/stats'...
Listing './lib/python3.5/site-packages/scipy/stats/tests'...
Listing './lib/python3.5/site-packages/scipy/stats/tests/data'...
Listing './lib/python3.5/site-packages/scipy/stats/tests/data/nist_anova'...
Listing './lib/python3.5/site-packages/scipy/stats/tests/data/nist_linregress'...
Listing './lib/python3.5/site-packages/scipy-1.0.0.dist-info'...
Listing './lib/python3.5/site-packages/setuptools'...
Listing './lib/python3.5/site-packages/setuptools/command'...
Listing './lib/python3.5/site-packages/setuptools/extern'...
Listing './lib/python3.5/site-packages/setuptools-32.3.1.dist-info'...
Listing './lib/python3.5/site-packages/six-1.11.0.dist-info'...
Listing './lib/python3.5/site-packages/statsmodels'...
Listing './lib/python3.5/site-packages/statsmodels/base'...
Listing './lib/python3.5/site-packages/statsmodels/base/tests'...
Listing './lib/python3.5/site-packages/statsmodels/compat'...
Listing './lib/python3.5/site-packages/statsmodels/compat/tests'...
Listing './lib/python3.5/site-packages/statsmodels/datasets'...
Listing './lib/python3.5/site-packages/statsmodels/datasets/anes96'...
Listing './lib/python3.5/site-packages/statsmodels/datasets/cancer'...
Listing './lib/python3.5/site-packages/statsmodels/datasets/ccard'...
Listing './lib/python3.5/site-packages/statsmodels/datasets/china_smoking'...
Listing './lib/python3.5/site-packages/statsmodels/datasets/co2'...
Listing './lib/python3.5/site-packages/statsmodels/datasets/committee'...
Listing './lib/python3.5/site-packages/statsmodels/datasets/copper'...
Listing './lib/python3.5/site-packages/statsmodels/datasets/cpunish'...
Listing './lib/python3.5/site-packages/statsmodels/datasets/elnino'...
Listing './lib/python3.5/site-packages/statsmodels/datasets/engel'...
Listing './lib/python3.5/site-packages/statsmodels/datasets/fair'...
Listing './lib/python3.5/site-packages/statsmodels/datasets/fertility'...
Listing './lib/python3.5/site-packages/statsmodels/datasets/grunfeld'...
Listing './lib/python3.5/site-packages/statsmodels/datasets/heart'...
Listing './lib/python3.5/site-packages/statsmodels/datasets/longley'...
Listing './lib/python3.5/site-packages/statsmodels/datasets/macrodata'...
Listing './lib/python3.5/site-packages/statsmodels/datasets/modechoice'...
Listing './lib/python3.5/site-packages/statsmodels/datasets/nile'...
Listing './lib/python3.5/site-packages/statsmodels/datasets/randhie'...
Listing './lib/python3.5/site-packages/statsmodels/datasets/scotland'...
Listing './lib/python3.5/site-packages/statsmodels/datasets/spector'...
Listing './lib/python3.5/site-packages/statsmodels/datasets/stackloss'...
Listing './lib/python3.5/site-packages/statsmodels/datasets/star98'...
Listing './lib/python3.5/site-packages/statsmodels/datasets/statecrime'...
Listing './lib/python3.5/site-packages/statsmodels/datasets/strikes'...
Listing './lib/python3.5/site-packages/statsmodels/datasets/sunspots'...
Listing './lib/python3.5/site-packages/statsmodels/datasets/tests'...
Listing './lib/python3.5/site-packages/statsmodels/discrete'...
Listing './lib/python3.5/site-packages/statsmodels/discrete/tests'...
Listing './lib/python3.5/site-packages/statsmodels/discrete/tests/results'...
Listing './lib/python3.5/site-packages/statsmodels/distributions'...
Listing './lib/python3.5/site-packages/statsmodels/distributions/tests'...
Listing './lib/python3.5/site-packages/statsmodels/duration'...
Listing './lib/python3.5/site-packages/statsmodels/duration/tests'...
Listing './lib/python3.5/site-packages/statsmodels/duration/tests/results'...
Listing './lib/python3.5/site-packages/statsmodels/emplike'...
Listing './lib/python3.5/site-packages/statsmodels/emplike/tests'...
Listing './lib/python3.5/site-packages/statsmodels/emplike/tests/results'...
Listing './lib/python3.5/site-packages/statsmodels/formula'...
Listing './lib/python3.5/site-packages/statsmodels/formula/tests'...
Listing './lib/python3.5/site-packages/statsmodels/genmod'...
Listing './lib/python3.5/site-packages/statsmodels/genmod/families'...
Listing './lib/python3.5/site-packages/statsmodels/genmod/families/tests'...
Listing './lib/python3.5/site-packages/statsmodels/genmod/tests'...
Listing './lib/python3.5/site-packages/statsmodels/genmod/tests/results'...
Listing './lib/python3.5/site-packages/statsmodels/graphics'...
Listing './lib/python3.5/site-packages/statsmodels/graphics/tests'...
Listing './lib/python3.5/site-packages/statsmodels/imputation'...
Listing './lib/python3.5/site-packages/statsmodels/imputation/tests'...
Listing './lib/python3.5/site-packages/statsmodels/interface'...
Listing './lib/python3.5/site-packages/statsmodels/iolib'...
Listing './lib/python3.5/site-packages/statsmodels/iolib/tests'...
Listing './lib/python3.5/site-packages/statsmodels/iolib/tests/results'...
Listing './lib/python3.5/site-packages/statsmodels/miscmodels'...
Listing './lib/python3.5/site-packages/statsmodels/miscmodels/tests'...
Listing './lib/python3.5/site-packages/statsmodels/multivariate'...
Listing './lib/python3.5/site-packages/statsmodels/multivariate/tests'...
Listing './lib/python3.5/site-packages/statsmodels/multivariate/tests/results'...
Listing './lib/python3.5/site-packages/statsmodels/nonparametric'...
Listing './lib/python3.5/site-packages/statsmodels/nonparametric/tests'...
Listing './lib/python3.5/site-packages/statsmodels/nonparametric/tests/results'...
Listing './lib/python3.5/site-packages/statsmodels/regression'...
Listing './lib/python3.5/site-packages/statsmodels/regression/tests'...
Listing './lib/python3.5/site-packages/statsmodels/regression/tests/results'...
Listing './lib/python3.5/site-packages/statsmodels/resampling'...
Listing './lib/python3.5/site-packages/statsmodels/robust'...
Listing './lib/python3.5/site-packages/statsmodels/robust/tests'...
Listing './lib/python3.5/site-packages/statsmodels/robust/tests/results'...
Listing './lib/python3.5/site-packages/statsmodels/sandbox'...
Listing './lib/python3.5/site-packages/statsmodels/sandbox/archive'...
Listing './lib/python3.5/site-packages/statsmodels/sandbox/datarich'...
Listing './lib/python3.5/site-packages/statsmodels/sandbox/distributions'...
Listing './lib/python3.5/site-packages/statsmodels/sandbox/distributions/examples'...
Listing './lib/python3.5/site-packages/statsmodels/sandbox/distributions/tests'...
Listing './lib/python3.5/site-packages/statsmodels/sandbox/mcevaluate'...
Listing './lib/python3.5/site-packages/statsmodels/sandbox/nonparametric'...
Listing './lib/python3.5/site-packages/statsmodels/sandbox/nonparametric/tests'...
Listing './lib/python3.5/site-packages/statsmodels/sandbox/panel'...
Listing './lib/python3.5/site-packages/statsmodels/sandbox/panel/tests'...
Listing './lib/python3.5/site-packages/statsmodels/sandbox/regression'...
Listing './lib/python3.5/site-packages/statsmodels/sandbox/regression/tests'...
Listing './lib/python3.5/site-packages/statsmodels/sandbox/stats'...
Listing './lib/python3.5/site-packages/statsmodels/sandbox/stats/tests'...
Listing './lib/python3.5/site-packages/statsmodels/sandbox/tests'...
Listing './lib/python3.5/site-packages/statsmodels/sandbox/tools'...
Listing './lib/python3.5/site-packages/statsmodels/sandbox/tsa'...
Listing './lib/python3.5/site-packages/statsmodels/src'...
Listing './lib/python3.5/site-packages/statsmodels/stats'...
Listing './lib/python3.5/site-packages/statsmodels/stats/libqsturng'...
Listing './lib/python3.5/site-packages/statsmodels/stats/libqsturng/tests'...
Listing './lib/python3.5/site-packages/statsmodels/stats/tests'...
Listing './lib/python3.5/site-packages/statsmodels/stats/tests/results'...
Listing './lib/python3.5/site-packages/statsmodels/tools'...
Listing './lib/python3.5/site-packages/statsmodels/tools/tests'...
Listing './lib/python3.5/site-packages/statsmodels/tsa'...
Listing './lib/python3.5/site-packages/statsmodels/tsa/base'...
Listing './lib/python3.5/site-packages/statsmodels/tsa/base/tests'...
Listing './lib/python3.5/site-packages/statsmodels/tsa/filters'...
Listing './lib/python3.5/site-packages/statsmodels/tsa/filters/tests'...
Listing './lib/python3.5/site-packages/statsmodels/tsa/filters/tests/results'...
Listing './lib/python3.5/site-packages/statsmodels/tsa/interp'...
Listing './lib/python3.5/site-packages/statsmodels/tsa/interp/tests'...
Listing './lib/python3.5/site-packages/statsmodels/tsa/kalmanf'...
Listing './lib/python3.5/site-packages/statsmodels/tsa/regime_switching'...
Listing './lib/python3.5/site-packages/statsmodels/tsa/regime_switching/tests'...
Listing './lib/python3.5/site-packages/statsmodels/tsa/regime_switching/tests/results'...
Listing './lib/python3.5/site-packages/statsmodels/tsa/statespace'...
Listing './lib/python3.5/site-packages/statsmodels/tsa/statespace/tests'...
Listing './lib/python3.5/site-packages/statsmodels/tsa/statespace/tests/results'...
Listing './lib/python3.5/site-packages/statsmodels/tsa/tests'...
Listing './lib/python3.5/site-packages/statsmodels/tsa/tests/results'...
Listing './lib/python3.5/site-packages/statsmodels/tsa/vector_ar'...
Listing './lib/python3.5/site-packages/statsmodels/tsa/vector_ar/data'...
Listing './lib/python3.5/site-packages/statsmodels/tsa/vector_ar/tests'...
Listing './lib/python3.5/site-packages/statsmodels/tsa/vector_ar/tests/results'...
Listing './lib/python3.5/site-packages/statsmodels-0.8.0.dist-info'...
Listing './lib/python3.5/site-packages/textblob'...
Listing './lib/python3.5/site-packages/textblob/en'...
Listing './lib/python3.5/site-packages/textblob/unicodecsv'...
Listing './lib/python3.5/site-packages/textblob-0.15.0.dist-info'...
Listing './lib/python3.5/site-packages/textblob_aptagger'...
Listing './lib/python3.5/site-packages/textblob_aptagger-0.2.0.dist-info'...
Listing './lib/python3.5/site-packages/wheel'...
Listing './lib/python3.5/site-packages/wheel/signatures'...
Listing './lib/python3.5/site-packages/wheel/test'...
Listing './lib/python3.5/site-packages/wheel/test/complex-dist'...
Listing './lib/python3.5/site-packages/wheel/test/complex-dist/complexdist'...
Listing './lib/python3.5/site-packages/wheel/test/headers.dist'...
Listing './lib/python3.5/site-packages/wheel/test/simple.dist'...
Listing './lib/python3.5/site-packages/wheel/test/simple.dist/simpledist'...
Listing './lib/python3.5/site-packages/wheel/tool'...
Listing './lib/python3.5/site-packages/wheel-0.23.0.dist-info'...
Listing './share'...
Listing './share/python-wheels'...
