Listing '.'...
Listing './bin'...
Listing './include'...
Listing './lib'...
Listing './lib/python3.5'...
Listing './lib/python3.5/site-packages'...
Listing './lib/python3.5/site-packages/.libs_cffi_backend'...
Listing './lib/python3.5/site-packages/asn1crypto'...
Listing './lib/python3.5/site-packages/asn1crypto/_perf'...
Listing './lib/python3.5/site-packages/asn1crypto-0.24.0.dist-info'...
Listing './lib/python3.5/site-packages/boto'...
Listing './lib/python3.5/site-packages/boto/awslambda'...
Listing './lib/python3.5/site-packages/boto/beanstalk'...
Listing './lib/python3.5/site-packages/boto/cacerts'...
Listing './lib/python3.5/site-packages/boto/cloudformation'...
Listing './lib/python3.5/site-packages/boto/cloudfront'...
Listing './lib/python3.5/site-packages/boto/cloudhsm'...
Listing './lib/python3.5/site-packages/boto/cloudsearch'...
Listing './lib/python3.5/site-packages/boto/cloudsearch2'...
Listing './lib/python3.5/site-packages/boto/cloudsearchdomain'...
Listing './lib/python3.5/site-packages/boto/cloudtrail'...
Listing './lib/python3.5/site-packages/boto/codedeploy'...
Listing './lib/python3.5/site-packages/boto/cognito'...
Listing './lib/python3.5/site-packages/boto/cognito/identity'...
Listing './lib/python3.5/site-packages/boto/cognito/sync'...
Listing './lib/python3.5/site-packages/boto/configservice'...
Listing './lib/python3.5/site-packages/boto/contrib'...
Listing './lib/python3.5/site-packages/boto/datapipeline'...
Listing './lib/python3.5/site-packages/boto/directconnect'...
Listing './lib/python3.5/site-packages/boto/dynamodb'...
Listing './lib/python3.5/site-packages/boto/dynamodb2'...
Listing './lib/python3.5/site-packages/boto/ec2'...
Listing './lib/python3.5/site-packages/boto/ec2/autoscale'...
Listing './lib/python3.5/site-packages/boto/ec2/cloudwatch'...
Listing './lib/python3.5/site-packages/boto/ec2/elb'...
Listing './lib/python3.5/site-packages/boto/ec2containerservice'...
Listing './lib/python3.5/site-packages/boto/ecs'...
Listing './lib/python3.5/site-packages/boto/elasticache'...
Listing './lib/python3.5/site-packages/boto/elastictranscoder'...
Listing './lib/python3.5/site-packages/boto/emr'...
Listing './lib/python3.5/site-packages/boto/file'...
Listing './lib/python3.5/site-packages/boto/fps'...
Listing './lib/python3.5/site-packages/boto/glacier'...
Listing './lib/python3.5/site-packages/boto/gs'...
Listing './lib/python3.5/site-packages/boto/iam'...
Listing './lib/python3.5/site-packages/boto/kinesis'...
Listing './lib/python3.5/site-packages/boto/kms'...
Listing './lib/python3.5/site-packages/boto/logs'...
Listing './lib/python3.5/site-packages/boto/machinelearning'...
Listing './lib/python3.5/site-packages/boto/manage'...
Listing './lib/python3.5/site-packages/boto/mashups'...
Listing './lib/python3.5/site-packages/boto/mturk'...
Listing './lib/python3.5/site-packages/boto/mws'...
Listing './lib/python3.5/site-packages/boto/opsworks'...
Listing './lib/python3.5/site-packages/boto/pyami'...
Listing './lib/python3.5/site-packages/boto/pyami/installers'...
Listing './lib/python3.5/site-packages/boto/pyami/installers/ubuntu'...
Listing './lib/python3.5/site-packages/boto/rds'...
Listing './lib/python3.5/site-packages/boto/rds2'...
Listing './lib/python3.5/site-packages/boto/redshift'...
Listing './lib/python3.5/site-packages/boto/roboto'...
Listing './lib/python3.5/site-packages/boto/route53'...
Listing './lib/python3.5/site-packages/boto/route53/domains'...
Listing './lib/python3.5/site-packages/boto/s3'...
Listing './lib/python3.5/site-packages/boto/sdb'...
Listing './lib/python3.5/site-packages/boto/sdb/db'...
Listing './lib/python3.5/site-packages/boto/sdb/db/manager'...
Listing './lib/python3.5/site-packages/boto/services'...
Listing './lib/python3.5/site-packages/boto/ses'...
Listing './lib/python3.5/site-packages/boto/sns'...
Listing './lib/python3.5/site-packages/boto/sqs'...
Listing './lib/python3.5/site-packages/boto/sts'...
Listing './lib/python3.5/site-packages/boto/support'...
Listing './lib/python3.5/site-packages/boto/swf'...
Listing './lib/python3.5/site-packages/boto/vendored'...
Listing './lib/python3.5/site-packages/boto/vendored/regions'...
Listing './lib/python3.5/site-packages/boto/vpc'...
Listing './lib/python3.5/site-packages/boto-2.48.0.dist-info'...
Listing './lib/python3.5/site-packages/cffi'...
Listing './lib/python3.5/site-packages/cffi-1.11.3.dist-info'...
Listing './lib/python3.5/site-packages/cryptography'...
Listing './lib/python3.5/site-packages/cryptography/hazmat'...
Listing './lib/python3.5/site-packages/cryptography/hazmat/backends'...
Listing './lib/python3.5/site-packages/cryptography/hazmat/backends/openssl'...
Listing './lib/python3.5/site-packages/cryptography/hazmat/bindings'...
Listing './lib/python3.5/site-packages/cryptography/hazmat/bindings/openssl'...
Listing './lib/python3.5/site-packages/cryptography/hazmat/primitives'...
Listing './lib/python3.5/site-packages/cryptography/hazmat/primitives/asymmetric'...
Listing './lib/python3.5/site-packages/cryptography/hazmat/primitives/ciphers'...
Listing './lib/python3.5/site-packages/cryptography/hazmat/primitives/kdf'...
Listing './lib/python3.5/site-packages/cryptography/hazmat/primitives/twofactor'...
Listing './lib/python3.5/site-packages/cryptography/x509'...
Listing './lib/python3.5/site-packages/cryptography-2.1.4.dist-info'...
Listing './lib/python3.5/site-packages/idna'...
Listing './lib/python3.5/site-packages/idna-2.6.dist-info'...
Listing './lib/python3.5/site-packages/lazycred'...
Listing './lib/python3.5/site-packages/lazycred-0.2.3.egg-info'...
Listing './lib/python3.5/site-packages/pip'...
Listing './lib/python3.5/site-packages/pip/_vendor'...
Listing './lib/python3.5/site-packages/pip/commands'...
Listing './lib/python3.5/site-packages/pip/compat'...
Listing './lib/python3.5/site-packages/pip/models'...
Listing './lib/python3.5/site-packages/pip/operations'...
Listing './lib/python3.5/site-packages/pip/req'...
Listing './lib/python3.5/site-packages/pip/utils'...
Listing './lib/python3.5/site-packages/pip/vcs'...
Listing './lib/python3.5/site-packages/pip-9.0.1.dist-info'...
Listing './lib/python3.5/site-packages/pkg_resources'...
Listing './lib/python3.5/site-packages/pkg_resources/_vendor'...
Listing './lib/python3.5/site-packages/pkg_resources/_vendor/packaging'...
Listing './lib/python3.5/site-packages/pkg_resources/extern'...
Listing './lib/python3.5/site-packages/pkg_resources-0.0.0.dist-info'...
Listing './lib/python3.5/site-packages/pycparser'...
Listing './lib/python3.5/site-packages/pycparser/ply'...
Listing './lib/python3.5/site-packages/pycparser-2.18.egg-info'...
Listing './lib/python3.5/site-packages/setuptools'...
Listing './lib/python3.5/site-packages/setuptools/command'...
Listing './lib/python3.5/site-packages/setuptools/extern'...
Listing './lib/python3.5/site-packages/setuptools-32.3.1.dist-info'...
Listing './lib/python3.5/site-packages/six-1.11.0.dist-info'...
Listing './share'...
Listing './share/python-wheels'...
