Listing '.'...
Listing './bin'...
Listing './include'...
Listing './lib'...
Listing './lib/python3.5'...
Listing './lib/python3.5/site-packages'...
Listing './lib/python3.5/site-packages/leocornus'...
Listing './lib/python3.5/site-packages/leocornus/py'...
Listing './lib/python3.5/site-packages/leocornus/py/sandbox'...
Listing './lib/python3.5/site-packages/leocornus/py/sandbox/tests'...
Listing './lib/python3.5/site-packages/leocornus/py/sandbox/tests/class'...
Listing './lib/python3.5/site-packages/leocornus/py/sandbox/tests/config'...
Listing './lib/python3.5/site-packages/leocornus/py/sandbox/tests/core'...
Listing './lib/python3.5/site-packages/leocornus/py/sandbox/tests/eve'...
Listing './lib/python3.5/site-packages/leocornus/py/sandbox/tests/fabric'...
Listing './lib/python3.5/site-packages/leocornus/py/sandbox/tests/mwclient'...
Listing './lib/python3.5/site-packages/leocornus/py/sandbox/tests/pexpect'...
Listing './lib/python3.5/site-packages/leocornus/py/sandbox/tests/regexp'...
Listing './lib/python3.5/site-packages/leocornus/py/sandbox/tests/sqlalchemy'...
Listing './lib/python3.5/site-packages/leocornus/py/sandbox/tests/sqlite'...
Listing './lib/python3.5/site-packages/leocornus.py.sandbox-1.0.7.egg-info'...
Listing './lib/python3.5/site-packages/pip'...
Listing './lib/python3.5/site-packages/pip/_vendor'...
Listing './lib/python3.5/site-packages/pip/commands'...
Listing './lib/python3.5/site-packages/pip/compat'...
Listing './lib/python3.5/site-packages/pip/models'...
Listing './lib/python3.5/site-packages/pip/operations'...
Listing './lib/python3.5/site-packages/pip/req'...
Listing './lib/python3.5/site-packages/pip/utils'...
Listing './lib/python3.5/site-packages/pip/vcs'...
Listing './lib/python3.5/site-packages/pip-9.0.1.dist-info'...
Listing './lib/python3.5/site-packages/pkg_resources'...
Listing './lib/python3.5/site-packages/pkg_resources/_vendor'...
Listing './lib/python3.5/site-packages/pkg_resources/_vendor/packaging'...
Listing './lib/python3.5/site-packages/pkg_resources/extern'...
Listing './lib/python3.5/site-packages/pkg_resources-0.0.0.dist-info'...
Listing './lib/python3.5/site-packages/setuptools'...
Listing './lib/python3.5/site-packages/setuptools/command'...
Listing './lib/python3.5/site-packages/setuptools/extern'...
Listing './lib/python3.5/site-packages/setuptools-32.3.1.dist-info'...
Listing './share'...
Listing './share/python-wheels'...
