Listing '.'...
Listing './bin'...
Listing './include'...
Listing './lib'...
Listing './lib/python3.5'...
Listing './lib/python3.5/site-packages'...
Listing './lib/python3.5/site-packages/leonardo_geo'...
Listing './lib/python3.5/site-packages/leonardo_geo/locale'...
Listing './lib/python3.5/site-packages/leonardo_geo/locale/cs'...
Listing './lib/python3.5/site-packages/leonardo_geo/locale/cs/LC_MESSAGES'...
Listing './lib/python3.5/site-packages/leonardo_geo/locale/de'...
Listing './lib/python3.5/site-packages/leonardo_geo/locale/de/LC_MESSAGES'...
Listing './lib/python3.5/site-packages/leonardo_geo/locale/sk'...
Listing './lib/python3.5/site-packages/leonardo_geo/locale/sk/LC_MESSAGES'...
Listing './lib/python3.5/site-packages/leonardo_geo/templates'...
Listing './lib/python3.5/site-packages/leonardo_geo/templates/widget'...
Listing './lib/python3.5/site-packages/leonardo_geo/templates/widget/maplocation'...
Listing './lib/python3.5/site-packages/leonardo_geo/widget'...
Listing './lib/python3.5/site-packages/leonardo_geo/widget/maplocation'...
Listing './lib/python3.5/site-packages/leonardo_geo-2016.3.0.egg-info'...
Listing './lib/python3.5/site-packages/pip'...
Listing './lib/python3.5/site-packages/pip/_vendor'...
Listing './lib/python3.5/site-packages/pip/commands'...
Listing './lib/python3.5/site-packages/pip/compat'...
Listing './lib/python3.5/site-packages/pip/models'...
Listing './lib/python3.5/site-packages/pip/operations'...
Listing './lib/python3.5/site-packages/pip/req'...
Listing './lib/python3.5/site-packages/pip/utils'...
Listing './lib/python3.5/site-packages/pip/vcs'...
Listing './lib/python3.5/site-packages/pip-9.0.1.dist-info'...
Listing './lib/python3.5/site-packages/pkg_resources'...
Listing './lib/python3.5/site-packages/pkg_resources/_vendor'...
Listing './lib/python3.5/site-packages/pkg_resources/_vendor/packaging'...
Listing './lib/python3.5/site-packages/pkg_resources/extern'...
Listing './lib/python3.5/site-packages/pkg_resources-0.0.0.dist-info'...
Listing './lib/python3.5/site-packages/setuptools'...
Listing './lib/python3.5/site-packages/setuptools/command'...
Listing './lib/python3.5/site-packages/setuptools/extern'...
Listing './lib/python3.5/site-packages/setuptools-32.3.1.dist-info'...
Listing './share'...
Listing './share/python-wheels'...
