Listing '.'...
Listing './bin'...
Listing './include'...
Listing './lib'...
Listing './lib/python3.5'...
Listing './lib/python3.5/site-packages'...
Listing './lib/python3.5/site-packages/PyYAML-3.12.egg-info'...
Listing './lib/python3.5/site-packages/Werkzeug-0.14.1.dist-info'...
Listing './lib/python3.5/site-packages/future'...
Listing './lib/python3.5/site-packages/future/backports'...
Listing './lib/python3.5/site-packages/future/backports/email'...
Listing './lib/python3.5/site-packages/future/backports/email/mime'...
Listing './lib/python3.5/site-packages/future/backports/html'...
Listing './lib/python3.5/site-packages/future/backports/http'...
Listing './lib/python3.5/site-packages/future/backports/test'...
Listing './lib/python3.5/site-packages/future/backports/urllib'...
Listing './lib/python3.5/site-packages/future/backports/xmlrpc'...
Listing './lib/python3.5/site-packages/future/builtins'...
Listing './lib/python3.5/site-packages/future/moves'...
Listing './lib/python3.5/site-packages/future/moves/dbm'...
Listing './lib/python3.5/site-packages/future/moves/html'...
Listing './lib/python3.5/site-packages/future/moves/http'...
Listing './lib/python3.5/site-packages/future/moves/test'...
Listing './lib/python3.5/site-packages/future/moves/tkinter'...
Listing './lib/python3.5/site-packages/future/moves/urllib'...
Listing './lib/python3.5/site-packages/future/moves/xmlrpc'...
Listing './lib/python3.5/site-packages/future/standard_library'...
Listing './lib/python3.5/site-packages/future/tests'...
Listing './lib/python3.5/site-packages/future/types'...
Listing './lib/python3.5/site-packages/future/utils'...
Listing './lib/python3.5/site-packages/future-0.16.0.egg-info'...
Listing './lib/python3.5/site-packages/libfuturize'...
Listing './lib/python3.5/site-packages/libfuturize/fixes'...
Listing './lib/python3.5/site-packages/libpasteurize'...
Listing './lib/python3.5/site-packages/libpasteurize/fixes'...
Listing './lib/python3.5/site-packages/marabunta'...
Listing './lib/python3.5/site-packages/marabunta/html'...
Listing './lib/python3.5/site-packages/marabunta-0.8.0.dist-info'...
Listing './lib/python3.5/site-packages/past'...
Listing './lib/python3.5/site-packages/past/builtins'...
Listing './lib/python3.5/site-packages/past/tests'...
Listing './lib/python3.5/site-packages/past/translation'...
Listing './lib/python3.5/site-packages/past/types'...
Listing './lib/python3.5/site-packages/past/utils'...
Listing './lib/python3.5/site-packages/pexpect'...
Listing './lib/python3.5/site-packages/pexpect-4.3.1.dist-info'...
Listing './lib/python3.5/site-packages/pip'...
Listing './lib/python3.5/site-packages/pip/_vendor'...
Listing './lib/python3.5/site-packages/pip/commands'...
Listing './lib/python3.5/site-packages/pip/compat'...
Listing './lib/python3.5/site-packages/pip/models'...
Listing './lib/python3.5/site-packages/pip/operations'...
Listing './lib/python3.5/site-packages/pip/req'...
Listing './lib/python3.5/site-packages/pip/utils'...
Listing './lib/python3.5/site-packages/pip/vcs'...
Listing './lib/python3.5/site-packages/pip-9.0.1.dist-info'...
Listing './lib/python3.5/site-packages/pkg_resources'...
Listing './lib/python3.5/site-packages/pkg_resources/_vendor'...
Listing './lib/python3.5/site-packages/pkg_resources/_vendor/packaging'...
Listing './lib/python3.5/site-packages/pkg_resources/extern'...
Listing './lib/python3.5/site-packages/pkg_resources-0.0.0.dist-info'...
Listing './lib/python3.5/site-packages/psycopg2'...
Listing './lib/python3.5/site-packages/psycopg2/.libs'...
Listing './lib/python3.5/site-packages/psycopg2/tests'...
Listing './lib/python3.5/site-packages/psycopg2-2.7.3.2.dist-info'...
Listing './lib/python3.5/site-packages/ptyprocess'...
Listing './lib/python3.5/site-packages/ptyprocess-0.5.2.dist-info'...
Listing './lib/python3.5/site-packages/setuptools'...
Listing './lib/python3.5/site-packages/setuptools/command'...
Listing './lib/python3.5/site-packages/setuptools/extern'...
Listing './lib/python3.5/site-packages/setuptools-32.3.1.dist-info'...
Listing './lib/python3.5/site-packages/werkzeug'...
Listing './lib/python3.5/site-packages/werkzeug/contrib'...
Listing './lib/python3.5/site-packages/werkzeug/debug'...
Listing './lib/python3.5/site-packages/werkzeug/debug/shared'...
Listing './lib/python3.5/site-packages/yaml'...
Listing './share'...
Listing './share/python-wheels'...
