Listing '.'...
Listing './bin'...
Listing './include'...
Listing './lib'...
Listing './lib/python3.5'...
Listing './lib/python3.5/site-packages'...
Listing './lib/python3.5/site-packages/marionette'...
Listing './lib/python3.5/site-packages/marionette/commands'...
Listing './lib/python3.5/site-packages/marionette/items'...
Listing './lib/python3.5/site-packages/marionette/items/defs'...
Listing './lib/python3.5/site-packages/marionette/obstacles'...
Listing './lib/python3.5/site-packages/marionette/replay'...
Listing './lib/python3.5/site-packages/marionette/replay/web'...
Listing './lib/python3.5/site-packages/marionette/replay/web/img'...
Listing './lib/python3.5/site-packages/marionette/replay/web/img/backgrounds'...
Listing './lib/python3.5/site-packages/marionette/replay/web/img/items'...
Listing './lib/python3.5/site-packages/marionette/replay/web/img/units'...
Listing './lib/python3.5/site-packages/marionette/replay/web/js'...
Listing './lib/python3.5/site-packages/marionette/replay/web/js/replay'...
Listing './lib/python3.5/site-packages/marionette/replay/web/js/third_party'...
Listing './lib/python3.5/site-packages/marionette/sanitization'...
Listing './lib/python3.5/site-packages/marionette/sanitization/defs'...
Listing './lib/python3.5/site-packages/marionette/units'...
Listing './lib/python3.5/site-packages/marionette/units/defs'...
Listing './lib/python3.5/site-packages/marionette/utils'...
Listing './lib/python3.5/site-packages/marionette-0.2.egg-info'...
Listing './lib/python3.5/site-packages/pip'...
Listing './lib/python3.5/site-packages/pip/_vendor'...
Listing './lib/python3.5/site-packages/pip/commands'...
Listing './lib/python3.5/site-packages/pip/compat'...
Listing './lib/python3.5/site-packages/pip/models'...
Listing './lib/python3.5/site-packages/pip/operations'...
Listing './lib/python3.5/site-packages/pip/req'...
Listing './lib/python3.5/site-packages/pip/utils'...
Listing './lib/python3.5/site-packages/pip/vcs'...
Listing './lib/python3.5/site-packages/pip-9.0.1.dist-info'...
Listing './lib/python3.5/site-packages/pkg_resources'...
Listing './lib/python3.5/site-packages/pkg_resources/_vendor'...
Listing './lib/python3.5/site-packages/pkg_resources/_vendor/packaging'...
Listing './lib/python3.5/site-packages/pkg_resources/extern'...
Listing './lib/python3.5/site-packages/pkg_resources-0.0.0.dist-info'...
Listing './lib/python3.5/site-packages/setuptools'...
Listing './lib/python3.5/site-packages/setuptools/command'...
Listing './lib/python3.5/site-packages/setuptools/extern'...
Listing './lib/python3.5/site-packages/setuptools-32.3.1.dist-info'...
Listing './share'...
Listing './share/python-wheels'...
