Listing '.'...
Listing './bin'...
Listing './include'...
Listing './lib'...
Listing './lib/python3.5'...
Listing './lib/python3.5/site-packages'...
Listing './lib/python3.5/site-packages/EasyProcess-0.2.3-py3.5.egg-info'...
Listing './lib/python3.5/site-packages/IPython'...
Listing './lib/python3.5/site-packages/IPython/core'...
Listing './lib/python3.5/site-packages/IPython/core/magics'...
Listing './lib/python3.5/site-packages/IPython/core/profile'...
Listing './lib/python3.5/site-packages/IPython/core/tests'...
Listing './lib/python3.5/site-packages/IPython/core/tests/daft_extension'...
Listing './lib/python3.5/site-packages/IPython/extensions'...
Listing './lib/python3.5/site-packages/IPython/extensions/tests'...
Listing './lib/python3.5/site-packages/IPython/external'...
Listing './lib/python3.5/site-packages/IPython/external/decorators'...
Listing './lib/python3.5/site-packages/IPython/kernel'...
Listing './lib/python3.5/site-packages/IPython/lib'...
Listing './lib/python3.5/site-packages/IPython/lib/tests'...
Listing './lib/python3.5/site-packages/IPython/sphinxext'...
Listing './lib/python3.5/site-packages/IPython/terminal'...
Listing './lib/python3.5/site-packages/IPython/terminal/pt_inputhooks'...
Listing './lib/python3.5/site-packages/IPython/terminal/tests'...
Listing './lib/python3.5/site-packages/IPython/testing'...
Listing './lib/python3.5/site-packages/IPython/testing/plugin'...
Listing './lib/python3.5/site-packages/IPython/testing/tests'...
Listing './lib/python3.5/site-packages/IPython/utils'...
Listing './lib/python3.5/site-packages/IPython/utils/tests'...
Listing './lib/python3.5/site-packages/PyVirtualDisplay-0.2.1-py3.5.egg-info'...
Listing './lib/python3.5/site-packages/Pygments-2.2.0.dist-info'...
Listing './lib/python3.5/site-packages/_pytest'...
Listing './lib/python3.5/site-packages/_pytest/_code'...
Listing './lib/python3.5/site-packages/_pytest/assertion'...
Listing './lib/python3.5/site-packages/_pytest/vendored_packages'...
Listing './lib/python3.5/site-packages/argparse-1.4.0.dist-info'...
Listing './lib/python3.5/site-packages/beautifulsoup4-4.6.0.dist-info'...
Listing './lib/python3.5/site-packages/boto'...
Listing './lib/python3.5/site-packages/boto/awslambda'...
Listing './lib/python3.5/site-packages/boto/beanstalk'...
Listing './lib/python3.5/site-packages/boto/cacerts'...
Listing './lib/python3.5/site-packages/boto/cloudformation'...
Listing './lib/python3.5/site-packages/boto/cloudfront'...
Listing './lib/python3.5/site-packages/boto/cloudhsm'...
Listing './lib/python3.5/site-packages/boto/cloudsearch'...
Listing './lib/python3.5/site-packages/boto/cloudsearch2'...
Listing './lib/python3.5/site-packages/boto/cloudsearchdomain'...
Listing './lib/python3.5/site-packages/boto/cloudtrail'...
Listing './lib/python3.5/site-packages/boto/codedeploy'...
Listing './lib/python3.5/site-packages/boto/cognito'...
Listing './lib/python3.5/site-packages/boto/cognito/identity'...
Listing './lib/python3.5/site-packages/boto/cognito/sync'...
Listing './lib/python3.5/site-packages/boto/configservice'...
Listing './lib/python3.5/site-packages/boto/contrib'...
Listing './lib/python3.5/site-packages/boto/datapipeline'...
Listing './lib/python3.5/site-packages/boto/directconnect'...
Listing './lib/python3.5/site-packages/boto/dynamodb'...
Listing './lib/python3.5/site-packages/boto/dynamodb2'...
Listing './lib/python3.5/site-packages/boto/ec2'...
Listing './lib/python3.5/site-packages/boto/ec2/autoscale'...
Listing './lib/python3.5/site-packages/boto/ec2/cloudwatch'...
Listing './lib/python3.5/site-packages/boto/ec2/elb'...
Listing './lib/python3.5/site-packages/boto/ec2containerservice'...
Listing './lib/python3.5/site-packages/boto/ecs'...
Listing './lib/python3.5/site-packages/boto/elasticache'...
Listing './lib/python3.5/site-packages/boto/elastictranscoder'...
Listing './lib/python3.5/site-packages/boto/emr'...
Listing './lib/python3.5/site-packages/boto/file'...
Listing './lib/python3.5/site-packages/boto/fps'...
Listing './lib/python3.5/site-packages/boto/glacier'...
Listing './lib/python3.5/site-packages/boto/gs'...
Listing './lib/python3.5/site-packages/boto/iam'...
Listing './lib/python3.5/site-packages/boto/kinesis'...
Listing './lib/python3.5/site-packages/boto/kms'...
Listing './lib/python3.5/site-packages/boto/logs'...
Listing './lib/python3.5/site-packages/boto/machinelearning'...
Listing './lib/python3.5/site-packages/boto/manage'...
Listing './lib/python3.5/site-packages/boto/mashups'...
Listing './lib/python3.5/site-packages/boto/mturk'...
Listing './lib/python3.5/site-packages/boto/mws'...
Listing './lib/python3.5/site-packages/boto/opsworks'...
Listing './lib/python3.5/site-packages/boto/pyami'...
Listing './lib/python3.5/site-packages/boto/pyami/installers'...
Listing './lib/python3.5/site-packages/boto/pyami/installers/ubuntu'...
Listing './lib/python3.5/site-packages/boto/rds'...
Listing './lib/python3.5/site-packages/boto/rds2'...
Listing './lib/python3.5/site-packages/boto/redshift'...
Listing './lib/python3.5/site-packages/boto/roboto'...
Listing './lib/python3.5/site-packages/boto/route53'...
Listing './lib/python3.5/site-packages/boto/route53/domains'...
Listing './lib/python3.5/site-packages/boto/s3'...
Listing './lib/python3.5/site-packages/boto/sdb'...
Listing './lib/python3.5/site-packages/boto/sdb/db'...
Listing './lib/python3.5/site-packages/boto/sdb/db/manager'...
Listing './lib/python3.5/site-packages/boto/services'...
Listing './lib/python3.5/site-packages/boto/ses'...
Listing './lib/python3.5/site-packages/boto/sns'...
Listing './lib/python3.5/site-packages/boto/sqs'...
Listing './lib/python3.5/site-packages/boto/sts'...
Listing './lib/python3.5/site-packages/boto/support'...
Listing './lib/python3.5/site-packages/boto/swf'...
Listing './lib/python3.5/site-packages/boto/vendored'...
Listing './lib/python3.5/site-packages/boto/vendored/regions'...
Listing './lib/python3.5/site-packages/boto/vpc'...
Listing './lib/python3.5/site-packages/boto-2.48.0.dist-info'...
Listing './lib/python3.5/site-packages/bs4'...
Listing './lib/python3.5/site-packages/bs4/builder'...
Listing './lib/python3.5/site-packages/bs4/tests'...
Listing './lib/python3.5/site-packages/certifi'...
Listing './lib/python3.5/site-packages/certifi-2017.11.5.dist-info'...
Listing './lib/python3.5/site-packages/chardet'...
Listing './lib/python3.5/site-packages/chardet/cli'...
Listing './lib/python3.5/site-packages/chardet-3.0.4.dist-info'...
Listing './lib/python3.5/site-packages/decorator-4.1.2.dist-info'...
Listing './lib/python3.5/site-packages/easyprocess'...
Listing './lib/python3.5/site-packages/easyprocess/examples'...
Listing './lib/python3.5/site-packages/flake8'...
Listing './lib/python3.5/site-packages/flake8/api'...
Listing './lib/python3.5/site-packages/flake8/formatting'...
Listing './lib/python3.5/site-packages/flake8/main'...
Listing './lib/python3.5/site-packages/flake8/options'...
Listing './lib/python3.5/site-packages/flake8/plugins'...
Listing './lib/python3.5/site-packages/flake8-3.4.1.dist-info'...
Listing './lib/python3.5/site-packages/idna'...
Listing './lib/python3.5/site-packages/idna-2.6.dist-info'...
Listing './lib/python3.5/site-packages/ipdb'...
Listing './lib/python3.5/site-packages/ipdb-0.10.2-py3.5.egg-info'...
Listing './lib/python3.5/site-packages/ipython-5.4.1.dist-info'...
Listing './lib/python3.5/site-packages/ipython_genutils'...
Listing './lib/python3.5/site-packages/ipython_genutils/testing'...
Listing './lib/python3.5/site-packages/ipython_genutils/tests'...
Listing './lib/python3.5/site-packages/ipython_genutils-0.2.0.dist-info'...
Listing './lib/python3.5/site-packages/linecache2'...
Listing './lib/python3.5/site-packages/linecache2/tests'...
Listing './lib/python3.5/site-packages/linecache2-1.0.0.dist-info'...
Listing './lib/python3.5/site-packages/masterqa'...
Listing './lib/python3.5/site-packages/masterqa-1.1.3.dist-info'...
Listing './lib/python3.5/site-packages/mccabe-0.6.1.dist-info'...
Listing './lib/python3.5/site-packages/nose'...
Listing './lib/python3.5/site-packages/nose/ext'...
Listing './lib/python3.5/site-packages/nose/plugins'...
Listing './lib/python3.5/site-packages/nose/sphinx'...
Listing './lib/python3.5/site-packages/nose/tools'...
Listing './lib/python3.5/site-packages/nose-1.3.7.dist-info'...
Listing './lib/python3.5/site-packages/pexpect'...
Listing './lib/python3.5/site-packages/pexpect-4.3.1.dist-info'...
Listing './lib/python3.5/site-packages/pickleshare-0.7.4.dist-info'...
Listing './lib/python3.5/site-packages/pip'...
Listing './lib/python3.5/site-packages/pip/_vendor'...
Listing './lib/python3.5/site-packages/pip/commands'...
Listing './lib/python3.5/site-packages/pip/compat'...
Listing './lib/python3.5/site-packages/pip/models'...
Listing './lib/python3.5/site-packages/pip/operations'...
Listing './lib/python3.5/site-packages/pip/req'...
Listing './lib/python3.5/site-packages/pip/utils'...
Listing './lib/python3.5/site-packages/pip/vcs'...
Listing './lib/python3.5/site-packages/pip-9.0.1.dist-info'...
Listing './lib/python3.5/site-packages/pkg_resources'...
Listing './lib/python3.5/site-packages/pkg_resources/_vendor'...
Listing './lib/python3.5/site-packages/pkg_resources/_vendor/packaging'...
Listing './lib/python3.5/site-packages/pkg_resources/extern'...
Listing './lib/python3.5/site-packages/pkg_resources-0.0.0.dist-info'...
Listing './lib/python3.5/site-packages/prompt_toolkit'...
Listing './lib/python3.5/site-packages/prompt_toolkit/clipboard'...
Listing './lib/python3.5/site-packages/prompt_toolkit/contrib'...
Listing './lib/python3.5/site-packages/prompt_toolkit/contrib/completers'...
Listing './lib/python3.5/site-packages/prompt_toolkit/contrib/regular_languages'...
Listing './lib/python3.5/site-packages/prompt_toolkit/contrib/telnet'...
Listing './lib/python3.5/site-packages/prompt_toolkit/contrib/validators'...
Listing './lib/python3.5/site-packages/prompt_toolkit/eventloop'...
Listing './lib/python3.5/site-packages/prompt_toolkit/filters'...
Listing './lib/python3.5/site-packages/prompt_toolkit/key_binding'...
Listing './lib/python3.5/site-packages/prompt_toolkit/key_binding/bindings'...
Listing './lib/python3.5/site-packages/prompt_toolkit/layout'...
Listing './lib/python3.5/site-packages/prompt_toolkit/styles'...
Listing './lib/python3.5/site-packages/prompt_toolkit/terminal'...
Listing './lib/python3.5/site-packages/prompt_toolkit-1.0.15.dist-info'...
Listing './lib/python3.5/site-packages/ptyprocess'...
Listing './lib/python3.5/site-packages/ptyprocess-0.5.2.dist-info'...
Listing './lib/python3.5/site-packages/py'...
Listing './lib/python3.5/site-packages/py/_code'...
Listing './lib/python3.5/site-packages/py/_io'...
Listing './lib/python3.5/site-packages/py/_log'...
Listing './lib/python3.5/site-packages/py/_path'...
Listing './lib/python3.5/site-packages/py/_process'...
Listing './lib/python3.5/site-packages/py/_vendored_packages'...
Listing './lib/python3.5/site-packages/py-1.5.2.dist-info'...
Listing './lib/python3.5/site-packages/pycodestyle-2.3.1.dist-info'...
Listing './lib/python3.5/site-packages/pyflakes'...
Listing './lib/python3.5/site-packages/pyflakes/scripts'...
Listing './lib/python3.5/site-packages/pyflakes/test'...
Listing './lib/python3.5/site-packages/pyflakes-1.5.0.dist-info'...
Listing './lib/python3.5/site-packages/pygments'...
Listing './lib/python3.5/site-packages/pygments/filters'...
Listing './lib/python3.5/site-packages/pygments/formatters'...
Listing './lib/python3.5/site-packages/pygments/lexers'...
Listing './lib/python3.5/site-packages/pygments/styles'...
Listing './lib/python3.5/site-packages/pytest-3.2.5.dist-info'...
Listing './lib/python3.5/site-packages/pytest_html'...
Listing './lib/python3.5/site-packages/pytest_html/resources'...
Listing './lib/python3.5/site-packages/pytest_html-1.16.0.dist-info'...
Listing './lib/python3.5/site-packages/pytest_metadata'...
Listing './lib/python3.5/site-packages/pytest_metadata/ci'...
Listing './lib/python3.5/site-packages/pytest_metadata-1.5.1.dist-info'...
Listing './lib/python3.5/site-packages/pyvirtualdisplay'...
Listing './lib/python3.5/site-packages/pyvirtualdisplay/examples'...
Listing './lib/python3.5/site-packages/requests'...
Listing './lib/python3.5/site-packages/requests-2.18.4.dist-info'...
Listing './lib/python3.5/site-packages/selenium'...
Listing './lib/python3.5/site-packages/selenium/common'...
Listing './lib/python3.5/site-packages/selenium/webdriver'...
Listing './lib/python3.5/site-packages/selenium/webdriver/android'...
Listing './lib/python3.5/site-packages/selenium/webdriver/blackberry'...
Listing './lib/python3.5/site-packages/selenium/webdriver/chrome'...
Listing './lib/python3.5/site-packages/selenium/webdriver/common'...
Listing './lib/python3.5/site-packages/selenium/webdriver/common/actions'...
Listing './lib/python3.5/site-packages/selenium/webdriver/common/html5'...
Listing './lib/python3.5/site-packages/selenium/webdriver/edge'...
Listing './lib/python3.5/site-packages/selenium/webdriver/firefox'...
Listing './lib/python3.5/site-packages/selenium/webdriver/firefox/amd64'...
Listing './lib/python3.5/site-packages/selenium/webdriver/firefox/x86'...
Listing './lib/python3.5/site-packages/selenium/webdriver/ie'...
Listing './lib/python3.5/site-packages/selenium/webdriver/opera'...
Listing './lib/python3.5/site-packages/selenium/webdriver/phantomjs'...
Listing './lib/python3.5/site-packages/selenium/webdriver/remote'...
Listing './lib/python3.5/site-packages/selenium/webdriver/safari'...
Listing './lib/python3.5/site-packages/selenium/webdriver/support'...
Listing './lib/python3.5/site-packages/selenium/webdriver/webkitgtk'...
Listing './lib/python3.5/site-packages/selenium-3.8.0.dist-info'...
Listing './lib/python3.5/site-packages/seleniumbase'...
Listing './lib/python3.5/site-packages/seleniumbase/common'...
Listing './lib/python3.5/site-packages/seleniumbase/config'...
Listing './lib/python3.5/site-packages/seleniumbase/core'...
Listing './lib/python3.5/site-packages/seleniumbase/fixtures'...
Listing './lib/python3.5/site-packages/seleniumbase/masterqa'...
Listing './lib/python3.5/site-packages/seleniumbase/plugins'...
Listing './lib/python3.5/site-packages/seleniumbase-1.4.14.dist-info'...
Listing './lib/python3.5/site-packages/setuptools'...
Listing './lib/python3.5/site-packages/setuptools/command'...
Listing './lib/python3.5/site-packages/setuptools/extern'...
Listing './lib/python3.5/site-packages/setuptools-38.4.0.dist-info'...
Listing './lib/python3.5/site-packages/simplegeneric-0.8.1.dist-info'...
Listing './lib/python3.5/site-packages/six-1.10.0.dist-info'...
Listing './lib/python3.5/site-packages/traceback2'...
Listing './lib/python3.5/site-packages/traceback2/tests'...
Listing './lib/python3.5/site-packages/traceback2-1.4.0.dist-info'...
Listing './lib/python3.5/site-packages/traitlets'...
Listing './lib/python3.5/site-packages/traitlets/config'...
Listing './lib/python3.5/site-packages/traitlets/config/tests'...
Listing './lib/python3.5/site-packages/traitlets/tests'...
Listing './lib/python3.5/site-packages/traitlets/utils'...
Listing './lib/python3.5/site-packages/traitlets/utils/tests'...
Listing './lib/python3.5/site-packages/traitlets-4.3.2.dist-info'...
Listing './lib/python3.5/site-packages/unittest2'...
Listing './lib/python3.5/site-packages/unittest2/test'...
Listing './lib/python3.5/site-packages/unittest2-1.1.0.dist-info'...
Listing './lib/python3.5/site-packages/urllib3'...
Listing './lib/python3.5/site-packages/urllib3/contrib'...
Listing './lib/python3.5/site-packages/urllib3/contrib/_securetransport'...
Listing './lib/python3.5/site-packages/urllib3/packages'...
Listing './lib/python3.5/site-packages/urllib3/packages/backports'...
Listing './lib/python3.5/site-packages/urllib3/packages/ssl_match_hostname'...
Listing './lib/python3.5/site-packages/urllib3/util'...
Listing './lib/python3.5/site-packages/urllib3-1.22.dist-info'...
Listing './lib/python3.5/site-packages/wcwidth'...
Listing './lib/python3.5/site-packages/wcwidth/tests'...
Listing './lib/python3.5/site-packages/wcwidth-0.1.7.dist-info'...
Listing './man'...
Listing './man/man1'...
Listing './selenium'...
Listing './selenium/webdriver'...
Listing './selenium/webdriver/firefox'...
Listing './selenium/webdriver/firefox/amd64'...
Listing './selenium/webdriver/firefox/x86'...
Listing './selenium/webdriver/remote'...
Listing './share'...
Listing './share/man'...
Listing './share/man/man1'...
Listing './share/python-wheels'...
