Listing '.'...
Listing './bin'...
Listing './include'...
Listing './lib'...
Listing './lib/python3.5'...
Listing './lib/python3.5/site-packages'...
Listing './lib/python3.5/site-packages/cabinets'...
Listing './lib/python3.5/site-packages/cabinets/compat'...
Listing './lib/python3.5/site-packages/cabinets/migrations'...
Listing './lib/python3.5/site-packages/cabinets/static'...
Listing './lib/python3.5/site-packages/cabinets/static/cabinets'...
Listing './lib/python3.5/site-packages/cabinets/static/cabinets/packages'...
Listing './lib/python3.5/site-packages/cabinets/static/cabinets/packages/jstree'...
Listing './lib/python3.5/site-packages/cabinets/static/cabinets/packages/jstree/demo'...
Listing './lib/python3.5/site-packages/cabinets/static/cabinets/packages/jstree/demo/basic'...
Listing './lib/python3.5/site-packages/cabinets/static/cabinets/packages/jstree/demo/filebrowser'...
Listing './lib/python3.5/site-packages/cabinets/static/cabinets/packages/jstree/dist'...
Listing './lib/python3.5/site-packages/cabinets/static/cabinets/packages/jstree/dist/themes'...
Listing './lib/python3.5/site-packages/cabinets/static/cabinets/packages/jstree/src'...
Listing './lib/python3.5/site-packages/cabinets/static/cabinets/packages/jstree/src/themes'...
Listing './lib/python3.5/site-packages/cabinets/static/cabinets/packages/jstree/test'...
Listing './lib/python3.5/site-packages/cabinets/static/cabinets/packages/jstree/test/unit'...
Listing './lib/python3.5/site-packages/cabinets/static/cabinets/packages/jstree/test/visual'...
Listing './lib/python3.5/site-packages/cabinets/templates'...
Listing './lib/python3.5/site-packages/cabinets/templates/cabinets'...
Listing './lib/python3.5/site-packages/cabinets/tests'...
Listing './lib/python3.5/site-packages/django_mptt-0.8.7.dist-info'...
Listing './lib/python3.5/site-packages/mayan_cabinets-1.1.1.egg-info'...
Listing './lib/python3.5/site-packages/mptt'...
Listing './lib/python3.5/site-packages/mptt/locale'...
Listing './lib/python3.5/site-packages/mptt/locale/de'...
Listing './lib/python3.5/site-packages/mptt/locale/de/LC_MESSAGES'...
Listing './lib/python3.5/site-packages/mptt/locale/dk'...
Listing './lib/python3.5/site-packages/mptt/locale/dk/LC_MESSAGES'...
Listing './lib/python3.5/site-packages/mptt/locale/es'...
Listing './lib/python3.5/site-packages/mptt/locale/es/LC_MESSAGES'...
Listing './lib/python3.5/site-packages/mptt/locale/es_AR'...
Listing './lib/python3.5/site-packages/mptt/locale/es_AR/LC_MESSAGES'...
Listing './lib/python3.5/site-packages/mptt/locale/fi'...
Listing './lib/python3.5/site-packages/mptt/locale/fi/LC_MESSAGES'...
Listing './lib/python3.5/site-packages/mptt/locale/fr'...
Listing './lib/python3.5/site-packages/mptt/locale/fr/LC_MESSAGES'...
Listing './lib/python3.5/site-packages/mptt/locale/hu'...
Listing './lib/python3.5/site-packages/mptt/locale/hu/LC_MESSAGES'...
Listing './lib/python3.5/site-packages/mptt/locale/mn'...
Listing './lib/python3.5/site-packages/mptt/locale/mn/LC_MESSAGES'...
Listing './lib/python3.5/site-packages/mptt/locale/nb'...
Listing './lib/python3.5/site-packages/mptt/locale/nb/LC_MESSAGES'...
Listing './lib/python3.5/site-packages/mptt/locale/pl'...
Listing './lib/python3.5/site-packages/mptt/locale/pl/LC_MESSAGES'...
Listing './lib/python3.5/site-packages/mptt/locale/pt_BR'...
Listing './lib/python3.5/site-packages/mptt/locale/pt_BR/LC_MESSAGES'...
Listing './lib/python3.5/site-packages/mptt/locale/ru'...
Listing './lib/python3.5/site-packages/mptt/locale/ru/LC_MESSAGES'...
Listing './lib/python3.5/site-packages/mptt/locale/zh_Hant'...
Listing './lib/python3.5/site-packages/mptt/locale/zh_Hant/LC_MESSAGES'...
Listing './lib/python3.5/site-packages/mptt/static'...
Listing './lib/python3.5/site-packages/mptt/static/mptt'...
Listing './lib/python3.5/site-packages/mptt/templates'...
Listing './lib/python3.5/site-packages/mptt/templates/admin'...
Listing './lib/python3.5/site-packages/mptt/templatetags'...
Listing './lib/python3.5/site-packages/pip'...
Listing './lib/python3.5/site-packages/pip/_vendor'...
Listing './lib/python3.5/site-packages/pip/commands'...
Listing './lib/python3.5/site-packages/pip/compat'...
Listing './lib/python3.5/site-packages/pip/models'...
Listing './lib/python3.5/site-packages/pip/operations'...
Listing './lib/python3.5/site-packages/pip/req'...
Listing './lib/python3.5/site-packages/pip/utils'...
Listing './lib/python3.5/site-packages/pip/vcs'...
Listing './lib/python3.5/site-packages/pip-9.0.1.dist-info'...
Listing './lib/python3.5/site-packages/pkg_resources'...
Listing './lib/python3.5/site-packages/pkg_resources/_vendor'...
Listing './lib/python3.5/site-packages/pkg_resources/_vendor/packaging'...
Listing './lib/python3.5/site-packages/pkg_resources/extern'...
Listing './lib/python3.5/site-packages/pkg_resources-0.0.0.dist-info'...
Listing './lib/python3.5/site-packages/setuptools'...
Listing './lib/python3.5/site-packages/setuptools/command'...
Listing './lib/python3.5/site-packages/setuptools/extern'...
Listing './lib/python3.5/site-packages/setuptools-32.3.1.dist-info'...
Listing './share'...
Listing './share/python-wheels'...
