Listing '.'...
Listing './bin'...
Listing './include'...
Listing './lib'...
Listing './lib/python3.5'...
Listing './lib/python3.5/site-packages'...
Listing './lib/python3.5/site-packages/SQLAlchemy-0.9.10.egg-info'...
Listing './lib/python3.5/site-packages/blinker'...
Listing './lib/python3.5/site-packages/blinker-1.4.egg-info'...
Listing './lib/python3.5/site-packages/click'...
Listing './lib/python3.5/site-packages/click-3.3.dist-info'...
Listing './lib/python3.5/site-packages/meepo'...
Listing './lib/python3.5/site-packages/meepo/apps'...
Listing './lib/python3.5/site-packages/meepo-0.1.9.egg-info'...
Listing './lib/python3.5/site-packages/pip'...
Listing './lib/python3.5/site-packages/pip/_vendor'...
Listing './lib/python3.5/site-packages/pip/commands'...
Listing './lib/python3.5/site-packages/pip/compat'...
Listing './lib/python3.5/site-packages/pip/models'...
Listing './lib/python3.5/site-packages/pip/operations'...
Listing './lib/python3.5/site-packages/pip/req'...
Listing './lib/python3.5/site-packages/pip/utils'...
Listing './lib/python3.5/site-packages/pip/vcs'...
Listing './lib/python3.5/site-packages/pip-9.0.1.dist-info'...
Listing './lib/python3.5/site-packages/pkg_resources'...
Listing './lib/python3.5/site-packages/pkg_resources/_vendor'...
Listing './lib/python3.5/site-packages/pkg_resources/_vendor/packaging'...
Listing './lib/python3.5/site-packages/pkg_resources/extern'...
Listing './lib/python3.5/site-packages/pkg_resources-0.0.0.dist-info'...
Listing './lib/python3.5/site-packages/pyzmq-14.7.0.egg-info'...
Listing './lib/python3.5/site-packages/redis'...
Listing './lib/python3.5/site-packages/redis-2.10.6.dist-info'...
Listing './lib/python3.5/site-packages/setuptools'...
Listing './lib/python3.5/site-packages/setuptools/command'...
Listing './lib/python3.5/site-packages/setuptools/extern'...
Listing './lib/python3.5/site-packages/setuptools-32.3.1.dist-info'...
Listing './lib/python3.5/site-packages/sqlalchemy'...
Listing './lib/python3.5/site-packages/sqlalchemy/connectors'...
Listing './lib/python3.5/site-packages/sqlalchemy/databases'...
Listing './lib/python3.5/site-packages/sqlalchemy/dialects'...
Listing './lib/python3.5/site-packages/sqlalchemy/dialects/drizzle'...
Listing './lib/python3.5/site-packages/sqlalchemy/dialects/firebird'...
Listing './lib/python3.5/site-packages/sqlalchemy/dialects/mssql'...
Listing './lib/python3.5/site-packages/sqlalchemy/dialects/mysql'...
Listing './lib/python3.5/site-packages/sqlalchemy/dialects/oracle'...
Listing './lib/python3.5/site-packages/sqlalchemy/dialects/postgresql'...
Listing './lib/python3.5/site-packages/sqlalchemy/dialects/sqlite'...
Listing './lib/python3.5/site-packages/sqlalchemy/dialects/sybase'...
Listing './lib/python3.5/site-packages/sqlalchemy/engine'...
Listing './lib/python3.5/site-packages/sqlalchemy/event'...
Listing './lib/python3.5/site-packages/sqlalchemy/ext'...
Listing './lib/python3.5/site-packages/sqlalchemy/ext/declarative'...
Listing './lib/python3.5/site-packages/sqlalchemy/orm'...
Listing './lib/python3.5/site-packages/sqlalchemy/sql'...
Listing './lib/python3.5/site-packages/sqlalchemy/testing'...
Listing './lib/python3.5/site-packages/sqlalchemy/testing/plugin'...
Listing './lib/python3.5/site-packages/sqlalchemy/testing/suite'...
Listing './lib/python3.5/site-packages/sqlalchemy/util'...
Listing './lib/python3.5/site-packages/zmq'...
Listing './lib/python3.5/site-packages/zmq/auth'...
Listing './lib/python3.5/site-packages/zmq/backend'...
Listing './lib/python3.5/site-packages/zmq/backend/cffi'...
Listing './lib/python3.5/site-packages/zmq/backend/cython'...
Listing './lib/python3.5/site-packages/zmq/devices'...
Listing './lib/python3.5/site-packages/zmq/eventloop'...
Listing './lib/python3.5/site-packages/zmq/eventloop/minitornado'...
Listing './lib/python3.5/site-packages/zmq/eventloop/minitornado/platform'...
Listing './lib/python3.5/site-packages/zmq/green'...
Listing './lib/python3.5/site-packages/zmq/green/eventloop'...
Listing './lib/python3.5/site-packages/zmq/log'...
Listing './lib/python3.5/site-packages/zmq/ssh'...
Listing './lib/python3.5/site-packages/zmq/sugar'...
Listing './lib/python3.5/site-packages/zmq/tests'...
Listing './lib/python3.5/site-packages/zmq/utils'...
Listing './share'...
Listing './share/python-wheels'...
