Listing '.'...
Listing './bin'...
Listing './include'...
Listing './lib'...
Listing './lib/python3.5'...
Listing './lib/python3.5/site-packages'...
Listing './lib/python3.5/site-packages/Babel-2.5.1.dist-info'...
Listing './lib/python3.5/site-packages/Cerberus-1.1.egg-info'...
Listing './lib/python3.5/site-packages/Flask-0.12.2.dist-info'...
Listing './lib/python3.5/site-packages/Flask_Babel-0.11.2.dist-info'...
Listing './lib/python3.5/site-packages/Flask_Login-0.4.1.egg-info'...
Listing './lib/python3.5/site-packages/Flask_Script-2.0.6.egg-info'...
Listing './lib/python3.5/site-packages/Flask_WTF-0.14.2.dist-info'...
Listing './lib/python3.5/site-packages/Jinja2-2.10.dist-info'...
Listing './lib/python3.5/site-packages/MarkupSafe-1.0.egg-info'...
Listing './lib/python3.5/site-packages/Unidecode-1.0.22.dist-info'...
Listing './lib/python3.5/site-packages/WTForms-2.1.egg-info'...
Listing './lib/python3.5/site-packages/Werkzeug-0.14.1.dist-info'...
Listing './lib/python3.5/site-packages/amqp'...
Listing './lib/python3.5/site-packages/amqp-2.2.2.dist-info'...
Listing './lib/python3.5/site-packages/babel'...
Listing './lib/python3.5/site-packages/babel/locale-data'...
Listing './lib/python3.5/site-packages/babel/localtime'...
Listing './lib/python3.5/site-packages/babel/messages'...
Listing './lib/python3.5/site-packages/billiard'...
Listing './lib/python3.5/site-packages/billiard/dummy'...
Listing './lib/python3.5/site-packages/billiard-3.5.0.3.dist-info'...
Listing './lib/python3.5/site-packages/celery'...
Listing './lib/python3.5/site-packages/celery/app'...
Listing './lib/python3.5/site-packages/celery/apps'...
Listing './lib/python3.5/site-packages/celery/backends'...
Listing './lib/python3.5/site-packages/celery/backends/database'...
Listing './lib/python3.5/site-packages/celery/bin'...
Listing './lib/python3.5/site-packages/celery/concurrency'...
Listing './lib/python3.5/site-packages/celery/contrib'...
Listing './lib/python3.5/site-packages/celery/contrib/testing'...
Listing './lib/python3.5/site-packages/celery/events'...
Listing './lib/python3.5/site-packages/celery/fixups'...
Listing './lib/python3.5/site-packages/celery/loaders'...
Listing './lib/python3.5/site-packages/celery/security'...
Listing './lib/python3.5/site-packages/celery/task'...
Listing './lib/python3.5/site-packages/celery/utils'...
Listing './lib/python3.5/site-packages/celery/utils/dispatch'...
Listing './lib/python3.5/site-packages/celery/utils/static'...
Listing './lib/python3.5/site-packages/celery/worker'...
Listing './lib/python3.5/site-packages/celery/worker/consumer'...
Listing './lib/python3.5/site-packages/celery-4.1.0.dist-info'...
Listing './lib/python3.5/site-packages/cerberus'...
Listing './lib/python3.5/site-packages/cerberus/tests'...
Listing './lib/python3.5/site-packages/click'...
Listing './lib/python3.5/site-packages/click-6.7.dist-info'...
Listing './lib/python3.5/site-packages/flask'...
Listing './lib/python3.5/site-packages/flask/ext'...
Listing './lib/python3.5/site-packages/flask_babel'...
Listing './lib/python3.5/site-packages/flask_login'...
Listing './lib/python3.5/site-packages/flask_script'...
Listing './lib/python3.5/site-packages/flask_wtf'...
Listing './lib/python3.5/site-packages/flask_wtf/recaptcha'...
Listing './lib/python3.5/site-packages/itsdangerous-0.24.egg-info'...
Listing './lib/python3.5/site-packages/jinja2'...
Compiling './lib/python3.5/site-packages/jinja2/asyncfilters.py'...
***   File "./lib/python3.5/site-packages/jinja2/asyncfilters.py", line 24
    yield item
    ^
SyntaxError: 'yield' inside async function

Compiling './lib/python3.5/site-packages/jinja2/asyncsupport.py'...
***   File "./lib/python3.5/site-packages/jinja2/asyncsupport.py", line 35
    yield event
    ^
SyntaxError: 'yield' inside async function

Listing './lib/python3.5/site-packages/kombu'...
Listing './lib/python3.5/site-packages/kombu/async'...
Listing './lib/python3.5/site-packages/kombu/async/aws'...
Listing './lib/python3.5/site-packages/kombu/async/aws/sqs'...
Listing './lib/python3.5/site-packages/kombu/async/http'...
Listing './lib/python3.5/site-packages/kombu/transport'...
Listing './lib/python3.5/site-packages/kombu/transport/sqlalchemy'...
Listing './lib/python3.5/site-packages/kombu/transport/virtual'...
Listing './lib/python3.5/site-packages/kombu/utils'...
Listing './lib/python3.5/site-packages/kombu-4.1.0.dist-info'...
Listing './lib/python3.5/site-packages/lxml'...
Listing './lib/python3.5/site-packages/lxml/html'...
Listing './lib/python3.5/site-packages/lxml/includes'...
Listing './lib/python3.5/site-packages/lxml/includes/libexslt'...
Listing './lib/python3.5/site-packages/lxml/includes/libxml'...
Listing './lib/python3.5/site-packages/lxml/includes/libxslt'...
Listing './lib/python3.5/site-packages/lxml/isoschematron'...
Listing './lib/python3.5/site-packages/lxml/isoschematron/resources'...
Listing './lib/python3.5/site-packages/lxml/isoschematron/resources/rng'...
Listing './lib/python3.5/site-packages/lxml/isoschematron/resources/xsl'...
Listing './lib/python3.5/site-packages/lxml/isoschematron/resources/xsl/iso-schematron-xslt1'...
Listing './lib/python3.5/site-packages/lxml-4.1.1.dist-info'...
Listing './lib/python3.5/site-packages/markupsafe'...
Listing './lib/python3.5/site-packages/mini_fiction'...
Listing './lib/python3.5/site-packages/mini_fiction/apis'...
Listing './lib/python3.5/site-packages/mini_fiction/bl'...
Listing './lib/python3.5/site-packages/mini_fiction/downloads'...
Listing './lib/python3.5/site-packages/mini_fiction/filters'...
Listing './lib/python3.5/site-packages/mini_fiction/filters/fb2'...
Listing './lib/python3.5/site-packages/mini_fiction/filters/html'...
Listing './lib/python3.5/site-packages/mini_fiction/fixtures'...
Listing './lib/python3.5/site-packages/mini_fiction/forms'...
Listing './lib/python3.5/site-packages/mini_fiction/forms/admin'...
Listing './lib/python3.5/site-packages/mini_fiction/forms/fields'...
Listing './lib/python3.5/site-packages/mini_fiction/management'...
Listing './lib/python3.5/site-packages/mini_fiction/management/commands'...
Listing './lib/python3.5/site-packages/mini_fiction/static'...
Listing './lib/python3.5/site-packages/mini_fiction/static/css'...
Listing './lib/python3.5/site-packages/mini_fiction/static/css/images'...
Listing './lib/python3.5/site-packages/mini_fiction/static/i'...
Listing './lib/python3.5/site-packages/mini_fiction/static/js'...
Listing './lib/python3.5/site-packages/mini_fiction/static/js/lib'...
Listing './lib/python3.5/site-packages/mini_fiction/templates'...
Listing './lib/python3.5/site-packages/mini_fiction/templates/admin'...
Listing './lib/python3.5/site-packages/mini_fiction/templates/admin/authors'...
Listing './lib/python3.5/site-packages/mini_fiction/templates/admin/categories'...
Listing './lib/python3.5/site-packages/mini_fiction/templates/admin/charactergroups'...
Listing './lib/python3.5/site-packages/mini_fiction/templates/admin/characters'...
Listing './lib/python3.5/site-packages/mini_fiction/templates/admin/classifications'...
Listing './lib/python3.5/site-packages/mini_fiction/templates/admin/htmlblocks'...
Listing './lib/python3.5/site-packages/mini_fiction/templates/admin/logopics'...
Listing './lib/python3.5/site-packages/mini_fiction/templates/admin/news'...
Listing './lib/python3.5/site-packages/mini_fiction/templates/admin/staticpages'...
Listing './lib/python3.5/site-packages/mini_fiction/templates/email'...
Listing './lib/python3.5/site-packages/mini_fiction/templates/includes'...
Listing './lib/python3.5/site-packages/mini_fiction/templates/includes/ajax'...
Listing './lib/python3.5/site-packages/mini_fiction/templates/news'...
Listing './lib/python3.5/site-packages/mini_fiction/templates/registration'...
Listing './lib/python3.5/site-packages/mini_fiction/templates/stream'...
Listing './lib/python3.5/site-packages/mini_fiction/templatetags'...
Listing './lib/python3.5/site-packages/mini_fiction/translations'...
Listing './lib/python3.5/site-packages/mini_fiction/translations/ru'...
Listing './lib/python3.5/site-packages/mini_fiction/translations/ru/LC_MESSAGES'...
Listing './lib/python3.5/site-packages/mini_fiction/utils'...
Listing './lib/python3.5/site-packages/mini_fiction/validation'...
Listing './lib/python3.5/site-packages/mini_fiction/views'...
Listing './lib/python3.5/site-packages/mini_fiction/views/admin'...
Listing './lib/python3.5/site-packages/mini_fiction-0.0.3.dist-info'...
Listing './lib/python3.5/site-packages/pip'...
Listing './lib/python3.5/site-packages/pip/_vendor'...
Listing './lib/python3.5/site-packages/pip/commands'...
Listing './lib/python3.5/site-packages/pip/compat'...
Listing './lib/python3.5/site-packages/pip/models'...
Listing './lib/python3.5/site-packages/pip/operations'...
Listing './lib/python3.5/site-packages/pip/req'...
Listing './lib/python3.5/site-packages/pip/utils'...
Listing './lib/python3.5/site-packages/pip/vcs'...
Listing './lib/python3.5/site-packages/pip-9.0.1.dist-info'...
Listing './lib/python3.5/site-packages/pkg_resources'...
Listing './lib/python3.5/site-packages/pkg_resources/_vendor'...
Listing './lib/python3.5/site-packages/pkg_resources/_vendor/packaging'...
Listing './lib/python3.5/site-packages/pkg_resources/extern'...
Listing './lib/python3.5/site-packages/pkg_resources-0.0.0.dist-info'...
Listing './lib/python3.5/site-packages/pony'...
Listing './lib/python3.5/site-packages/pony/orm'...
Listing './lib/python3.5/site-packages/pony/orm/dbproviders'...
Listing './lib/python3.5/site-packages/pony/orm/examples'...
Listing './lib/python3.5/site-packages/pony/orm/integration'...
Listing './lib/python3.5/site-packages/pony/orm/tests'...
Listing './lib/python3.5/site-packages/pony/thirdparty'...
Listing './lib/python3.5/site-packages/pony/thirdparty/compiler'...
Listing './lib/python3.5/site-packages/pony/utils'...
Listing './lib/python3.5/site-packages/pony-0.7.3.egg-info'...
Listing './lib/python3.5/site-packages/python3_memcached-1.51.egg-info'...
Listing './lib/python3.5/site-packages/pytz'...
Listing './lib/python3.5/site-packages/pytz/zoneinfo'...
Listing './lib/python3.5/site-packages/pytz/zoneinfo/Africa'...
Listing './lib/python3.5/site-packages/pytz/zoneinfo/America'...
Listing './lib/python3.5/site-packages/pytz/zoneinfo/America/Argentina'...
Listing './lib/python3.5/site-packages/pytz/zoneinfo/America/Indiana'...
Listing './lib/python3.5/site-packages/pytz/zoneinfo/America/Kentucky'...
Listing './lib/python3.5/site-packages/pytz/zoneinfo/America/North_Dakota'...
Listing './lib/python3.5/site-packages/pytz/zoneinfo/Antarctica'...
Listing './lib/python3.5/site-packages/pytz/zoneinfo/Arctic'...
Listing './lib/python3.5/site-packages/pytz/zoneinfo/Asia'...
Listing './lib/python3.5/site-packages/pytz/zoneinfo/Atlantic'...
Listing './lib/python3.5/site-packages/pytz/zoneinfo/Australia'...
Listing './lib/python3.5/site-packages/pytz/zoneinfo/Brazil'...
Listing './lib/python3.5/site-packages/pytz/zoneinfo/Canada'...
Listing './lib/python3.5/site-packages/pytz/zoneinfo/Chile'...
Listing './lib/python3.5/site-packages/pytz/zoneinfo/Etc'...
Listing './lib/python3.5/site-packages/pytz/zoneinfo/Europe'...
Listing './lib/python3.5/site-packages/pytz/zoneinfo/Indian'...
Listing './lib/python3.5/site-packages/pytz/zoneinfo/Mexico'...
Listing './lib/python3.5/site-packages/pytz/zoneinfo/Pacific'...
Listing './lib/python3.5/site-packages/pytz/zoneinfo/US'...
Listing './lib/python3.5/site-packages/pytz-2017.3.dist-info'...
Listing './lib/python3.5/site-packages/redis'...
Listing './lib/python3.5/site-packages/redis-2.10.6.dist-info'...
Listing './lib/python3.5/site-packages/setuptools'...
Listing './lib/python3.5/site-packages/setuptools/command'...
Listing './lib/python3.5/site-packages/setuptools/extern'...
Listing './lib/python3.5/site-packages/setuptools-32.3.1.dist-info'...
Listing './lib/python3.5/site-packages/unidecode'...
Listing './lib/python3.5/site-packages/vine'...
Listing './lib/python3.5/site-packages/vine-1.1.4.dist-info'...
Listing './lib/python3.5/site-packages/werkzeug'...
Listing './lib/python3.5/site-packages/werkzeug/contrib'...
Listing './lib/python3.5/site-packages/werkzeug/debug'...
Listing './lib/python3.5/site-packages/werkzeug/debug/shared'...
Listing './lib/python3.5/site-packages/wtforms'...
Listing './lib/python3.5/site-packages/wtforms/csrf'...
Listing './lib/python3.5/site-packages/wtforms/ext'...
Listing './lib/python3.5/site-packages/wtforms/ext/appengine'...
Listing './lib/python3.5/site-packages/wtforms/ext/csrf'...
Listing './lib/python3.5/site-packages/wtforms/ext/dateutil'...
Listing './lib/python3.5/site-packages/wtforms/ext/django'...
Listing './lib/python3.5/site-packages/wtforms/ext/django/templatetags'...
Listing './lib/python3.5/site-packages/wtforms/ext/i18n'...
Listing './lib/python3.5/site-packages/wtforms/ext/sqlalchemy'...
Listing './lib/python3.5/site-packages/wtforms/fields'...
Listing './lib/python3.5/site-packages/wtforms/locale'...
Listing './lib/python3.5/site-packages/wtforms/locale/ar'...
Listing './lib/python3.5/site-packages/wtforms/locale/ar/LC_MESSAGES'...
Listing './lib/python3.5/site-packages/wtforms/locale/ca'...
Listing './lib/python3.5/site-packages/wtforms/locale/ca/LC_MESSAGES'...
Listing './lib/python3.5/site-packages/wtforms/locale/cs_CZ'...
Listing './lib/python3.5/site-packages/wtforms/locale/cs_CZ/LC_MESSAGES'...
Listing './lib/python3.5/site-packages/wtforms/locale/cy'...
Listing './lib/python3.5/site-packages/wtforms/locale/cy/LC_MESSAGES'...
Listing './lib/python3.5/site-packages/wtforms/locale/de'...
Listing './lib/python3.5/site-packages/wtforms/locale/de/LC_MESSAGES'...
Listing './lib/python3.5/site-packages/wtforms/locale/de_CH'...
Listing './lib/python3.5/site-packages/wtforms/locale/de_CH/LC_MESSAGES'...
Listing './lib/python3.5/site-packages/wtforms/locale/el'...
Listing './lib/python3.5/site-packages/wtforms/locale/el/LC_MESSAGES'...
Listing './lib/python3.5/site-packages/wtforms/locale/en'...
Listing './lib/python3.5/site-packages/wtforms/locale/en/LC_MESSAGES'...
Listing './lib/python3.5/site-packages/wtforms/locale/es'...
Listing './lib/python3.5/site-packages/wtforms/locale/es/LC_MESSAGES'...
Listing './lib/python3.5/site-packages/wtforms/locale/et'...
Listing './lib/python3.5/site-packages/wtforms/locale/et/LC_MESSAGES'...
Listing './lib/python3.5/site-packages/wtforms/locale/fa'...
Listing './lib/python3.5/site-packages/wtforms/locale/fa/LC_MESSAGES'...
Listing './lib/python3.5/site-packages/wtforms/locale/fr'...
Listing './lib/python3.5/site-packages/wtforms/locale/fr/LC_MESSAGES'...
Listing './lib/python3.5/site-packages/wtforms/locale/it'...
Listing './lib/python3.5/site-packages/wtforms/locale/it/LC_MESSAGES'...
Listing './lib/python3.5/site-packages/wtforms/locale/ja'...
Listing './lib/python3.5/site-packages/wtforms/locale/ja/LC_MESSAGES'...
Listing './lib/python3.5/site-packages/wtforms/locale/ko'...
Listing './lib/python3.5/site-packages/wtforms/locale/ko/LC_MESSAGES'...
Listing './lib/python3.5/site-packages/wtforms/locale/nb'...
Listing './lib/python3.5/site-packages/wtforms/locale/nb/LC_MESSAGES'...
Listing './lib/python3.5/site-packages/wtforms/locale/nl'...
Listing './lib/python3.5/site-packages/wtforms/locale/nl/LC_MESSAGES'...
Listing './lib/python3.5/site-packages/wtforms/locale/pl'...
Listing './lib/python3.5/site-packages/wtforms/locale/pl/LC_MESSAGES'...
Listing './lib/python3.5/site-packages/wtforms/locale/pt'...
Listing './lib/python3.5/site-packages/wtforms/locale/pt/LC_MESSAGES'...
Listing './lib/python3.5/site-packages/wtforms/locale/ru'...
Listing './lib/python3.5/site-packages/wtforms/locale/ru/LC_MESSAGES'...
Listing './lib/python3.5/site-packages/wtforms/locale/uk'...
Listing './lib/python3.5/site-packages/wtforms/locale/uk/LC_MESSAGES'...
Listing './lib/python3.5/site-packages/wtforms/locale/zh'...
Listing './lib/python3.5/site-packages/wtforms/locale/zh/LC_MESSAGES'...
Listing './lib/python3.5/site-packages/wtforms/locale/zh_TW'...
Listing './lib/python3.5/site-packages/wtforms/locale/zh_TW/LC_MESSAGES'...
Listing './lib/python3.5/site-packages/wtforms/widgets'...
Listing './share'...
Listing './share/python-wheels'...
