Listing '.'...
Listing './bin'...
Listing './include'...
Listing './lib'...
Listing './lib/python3.5'...
Listing './lib/python3.5/site-packages'...
Listing './lib/python3.5/site-packages/mc2'...
Listing './lib/python3.5/site-packages/mc2/controllers'...
Listing './lib/python3.5/site-packages/mc2/controllers/base'...
Listing './lib/python3.5/site-packages/mc2/controllers/base/fixtures'...
Listing './lib/python3.5/site-packages/mc2/controllers/base/managers'...
Listing './lib/python3.5/site-packages/mc2/controllers/base/migrations'...
Listing './lib/python3.5/site-packages/mc2/controllers/base/templates'...
Listing './lib/python3.5/site-packages/mc2/controllers/base/templates/base'...
Listing './lib/python3.5/site-packages/mc2/controllers/base/templates/base/inclusion_tags'...
Listing './lib/python3.5/site-packages/mc2/controllers/base/templatetags'...
Listing './lib/python3.5/site-packages/mc2/controllers/base/tests'...
Listing './lib/python3.5/site-packages/mc2/controllers/docker'...
Listing './lib/python3.5/site-packages/mc2/controllers/docker/migrations'...
Listing './lib/python3.5/site-packages/mc2/controllers/docker/templates'...
Listing './lib/python3.5/site-packages/mc2/controllers/docker/templates/docker'...
Listing './lib/python3.5/site-packages/mc2/controllers/docker/templates/docker/inclusion_tags'...
Listing './lib/python3.5/site-packages/mc2/controllers/docker/tests'...
Listing './lib/python3.5/site-packages/mc2/migrations'...
Listing './lib/python3.5/site-packages/mc2/organizations'...
Listing './lib/python3.5/site-packages/mc2/organizations/migrations'...
Listing './lib/python3.5/site-packages/mc2/organizations/templates'...
Listing './lib/python3.5/site-packages/mc2/organizations/tests'...
Listing './lib/python3.5/site-packages/mc2/static'...
Listing './lib/python3.5/site-packages/mc2/static/css'...
Listing './lib/python3.5/site-packages/mc2/static/css/skins'...
Listing './lib/python3.5/site-packages/mc2/static/fonts'...
Listing './lib/python3.5/site-packages/mc2/static/img'...
Listing './lib/python3.5/site-packages/mc2/static/js'...
Listing './lib/python3.5/site-packages/mc2/static/plugins'...
Listing './lib/python3.5/site-packages/mc2/static/plugins/bootstrap-slider'...
Listing './lib/python3.5/site-packages/mc2/static/plugins/bootstrap-wysihtml5'...
Listing './lib/python3.5/site-packages/mc2/static/plugins/chartjs'...
Listing './lib/python3.5/site-packages/mc2/static/plugins/ckeditor'...
Listing './lib/python3.5/site-packages/mc2/static/plugins/ckeditor/adapters'...
Listing './lib/python3.5/site-packages/mc2/static/plugins/ckeditor/lang'...
Listing './lib/python3.5/site-packages/mc2/static/plugins/ckeditor/plugins'...
Listing './lib/python3.5/site-packages/mc2/static/plugins/ckeditor/plugins/a11yhelp'...
Listing './lib/python3.5/site-packages/mc2/static/plugins/ckeditor/plugins/a11yhelp/dialogs'...
Listing './lib/python3.5/site-packages/mc2/static/plugins/ckeditor/plugins/about'...
Listing './lib/python3.5/site-packages/mc2/static/plugins/ckeditor/plugins/about/dialogs'...
Listing './lib/python3.5/site-packages/mc2/static/plugins/ckeditor/plugins/clipboard'...
Listing './lib/python3.5/site-packages/mc2/static/plugins/ckeditor/plugins/clipboard/dialogs'...
Listing './lib/python3.5/site-packages/mc2/static/plugins/ckeditor/plugins/dialog'...
Listing './lib/python3.5/site-packages/mc2/static/plugins/ckeditor/plugins/fakeobjects'...
Listing './lib/python3.5/site-packages/mc2/static/plugins/ckeditor/plugins/fakeobjects/images'...
Listing './lib/python3.5/site-packages/mc2/static/plugins/ckeditor/plugins/image'...
Listing './lib/python3.5/site-packages/mc2/static/plugins/ckeditor/plugins/image/dialogs'...
Listing './lib/python3.5/site-packages/mc2/static/plugins/ckeditor/plugins/image/images'...
Listing './lib/python3.5/site-packages/mc2/static/plugins/ckeditor/plugins/link'...
Listing './lib/python3.5/site-packages/mc2/static/plugins/ckeditor/plugins/link/dialogs'...
Listing './lib/python3.5/site-packages/mc2/static/plugins/ckeditor/plugins/link/images'...
Listing './lib/python3.5/site-packages/mc2/static/plugins/ckeditor/plugins/magicline'...
Listing './lib/python3.5/site-packages/mc2/static/plugins/ckeditor/plugins/magicline/images'...
Listing './lib/python3.5/site-packages/mc2/static/plugins/ckeditor/plugins/pastefromword'...
Listing './lib/python3.5/site-packages/mc2/static/plugins/ckeditor/plugins/pastefromword/filter'...
Listing './lib/python3.5/site-packages/mc2/static/plugins/ckeditor/plugins/scayt'...
Listing './lib/python3.5/site-packages/mc2/static/plugins/ckeditor/plugins/scayt/dialogs'...
Listing './lib/python3.5/site-packages/mc2/static/plugins/ckeditor/plugins/specialchar'...
Listing './lib/python3.5/site-packages/mc2/static/plugins/ckeditor/plugins/specialchar/dialogs'...
Listing './lib/python3.5/site-packages/mc2/static/plugins/ckeditor/plugins/table'...
Listing './lib/python3.5/site-packages/mc2/static/plugins/ckeditor/plugins/table/dialogs'...
Listing './lib/python3.5/site-packages/mc2/static/plugins/ckeditor/plugins/tabletools'...
Listing './lib/python3.5/site-packages/mc2/static/plugins/ckeditor/plugins/tabletools/dialogs'...
Listing './lib/python3.5/site-packages/mc2/static/plugins/ckeditor/plugins/wsc'...
Listing './lib/python3.5/site-packages/mc2/static/plugins/ckeditor/plugins/wsc/dialogs'...
Listing './lib/python3.5/site-packages/mc2/static/plugins/ckeditor/skins'...
Listing './lib/python3.5/site-packages/mc2/static/plugins/ckeditor/skins/moono'...
Listing './lib/python3.5/site-packages/mc2/static/plugins/ckeditor/skins/moono/images'...
Listing './lib/python3.5/site-packages/mc2/static/plugins/colorpicker'...
Listing './lib/python3.5/site-packages/mc2/static/plugins/colorpicker/img'...
Listing './lib/python3.5/site-packages/mc2/static/plugins/datatables'...
Listing './lib/python3.5/site-packages/mc2/static/plugins/datatables/extensions'...
Listing './lib/python3.5/site-packages/mc2/static/plugins/datatables/extensions/AutoFill'...
Listing './lib/python3.5/site-packages/mc2/static/plugins/datatables/extensions/AutoFill/css'...
Listing './lib/python3.5/site-packages/mc2/static/plugins/datatables/extensions/AutoFill/examples'...
Listing './lib/python3.5/site-packages/mc2/static/plugins/datatables/extensions/AutoFill/images'...
Listing './lib/python3.5/site-packages/mc2/static/plugins/datatables/extensions/AutoFill/js'...
Listing './lib/python3.5/site-packages/mc2/static/plugins/datatables/extensions/ColReorder'...
Listing './lib/python3.5/site-packages/mc2/static/plugins/datatables/extensions/ColReorder/css'...
Listing './lib/python3.5/site-packages/mc2/static/plugins/datatables/extensions/ColReorder/examples'...
Listing './lib/python3.5/site-packages/mc2/static/plugins/datatables/extensions/ColReorder/images'...
Listing './lib/python3.5/site-packages/mc2/static/plugins/datatables/extensions/ColReorder/js'...
Listing './lib/python3.5/site-packages/mc2/static/plugins/datatables/extensions/ColVis'...
Listing './lib/python3.5/site-packages/mc2/static/plugins/datatables/extensions/ColVis/css'...
Listing './lib/python3.5/site-packages/mc2/static/plugins/datatables/extensions/ColVis/examples'...
Listing './lib/python3.5/site-packages/mc2/static/plugins/datatables/extensions/ColVis/js'...
Listing './lib/python3.5/site-packages/mc2/static/plugins/datatables/extensions/FixedColumns'...
Listing './lib/python3.5/site-packages/mc2/static/plugins/datatables/extensions/FixedColumns/css'...
Listing './lib/python3.5/site-packages/mc2/static/plugins/datatables/extensions/FixedColumns/examples'...
Listing './lib/python3.5/site-packages/mc2/static/plugins/datatables/extensions/FixedColumns/js'...
Listing './lib/python3.5/site-packages/mc2/static/plugins/datatables/extensions/FixedHeader'...
Listing './lib/python3.5/site-packages/mc2/static/plugins/datatables/extensions/FixedHeader/css'...
Listing './lib/python3.5/site-packages/mc2/static/plugins/datatables/extensions/FixedHeader/examples'...
Listing './lib/python3.5/site-packages/mc2/static/plugins/datatables/extensions/FixedHeader/js'...
Listing './lib/python3.5/site-packages/mc2/static/plugins/datatables/extensions/KeyTable'...
Listing './lib/python3.5/site-packages/mc2/static/plugins/datatables/extensions/KeyTable/css'...
Listing './lib/python3.5/site-packages/mc2/static/plugins/datatables/extensions/KeyTable/examples'...
Listing './lib/python3.5/site-packages/mc2/static/plugins/datatables/extensions/KeyTable/js'...
Listing './lib/python3.5/site-packages/mc2/static/plugins/datatables/extensions/Responsive'...
Listing './lib/python3.5/site-packages/mc2/static/plugins/datatables/extensions/Responsive/css'...
Listing './lib/python3.5/site-packages/mc2/static/plugins/datatables/extensions/Responsive/examples'...
Listing './lib/python3.5/site-packages/mc2/static/plugins/datatables/extensions/Responsive/js'...
Listing './lib/python3.5/site-packages/mc2/static/plugins/datatables/extensions/Scroller'...
Listing './lib/python3.5/site-packages/mc2/static/plugins/datatables/extensions/Scroller/css'...
Listing './lib/python3.5/site-packages/mc2/static/plugins/datatables/extensions/Scroller/examples'...
Listing './lib/python3.5/site-packages/mc2/static/plugins/datatables/extensions/Scroller/images'...
Listing './lib/python3.5/site-packages/mc2/static/plugins/datatables/extensions/Scroller/js'...
Listing './lib/python3.5/site-packages/mc2/static/plugins/datatables/extensions/TableTools'...
Listing './lib/python3.5/site-packages/mc2/static/plugins/datatables/extensions/TableTools/css'...
Listing './lib/python3.5/site-packages/mc2/static/plugins/datatables/extensions/TableTools/examples'...
Listing './lib/python3.5/site-packages/mc2/static/plugins/datatables/extensions/TableTools/images'...
Listing './lib/python3.5/site-packages/mc2/static/plugins/datatables/extensions/TableTools/js'...
Listing './lib/python3.5/site-packages/mc2/static/plugins/datatables/images'...
Listing './lib/python3.5/site-packages/mc2/static/plugins/datepicker'...
Listing './lib/python3.5/site-packages/mc2/static/plugins/datepicker/locales'...
Listing './lib/python3.5/site-packages/mc2/static/plugins/daterangepicker'...
Listing './lib/python3.5/site-packages/mc2/static/plugins/fastclick'...
Listing './lib/python3.5/site-packages/mc2/static/plugins/flot'...
Listing './lib/python3.5/site-packages/mc2/static/plugins/fullcalendar'...
Listing './lib/python3.5/site-packages/mc2/static/plugins/iCheck'...
Listing './lib/python3.5/site-packages/mc2/static/plugins/iCheck/flat'...
Listing './lib/python3.5/site-packages/mc2/static/plugins/iCheck/futurico'...
Listing './lib/python3.5/site-packages/mc2/static/plugins/iCheck/line'...
Listing './lib/python3.5/site-packages/mc2/static/plugins/iCheck/minimal'...
Listing './lib/python3.5/site-packages/mc2/static/plugins/iCheck/polaris'...
Listing './lib/python3.5/site-packages/mc2/static/plugins/iCheck/square'...
Listing './lib/python3.5/site-packages/mc2/static/plugins/input-mask'...
Listing './lib/python3.5/site-packages/mc2/static/plugins/input-mask/phone-codes'...
Listing './lib/python3.5/site-packages/mc2/static/plugins/ionslider'...
Listing './lib/python3.5/site-packages/mc2/static/plugins/ionslider/img'...
Listing './lib/python3.5/site-packages/mc2/static/plugins/jQuery'...
Listing './lib/python3.5/site-packages/mc2/static/plugins/jQueryUI'...
Listing './lib/python3.5/site-packages/mc2/static/plugins/jvectormap'...
Listing './lib/python3.5/site-packages/mc2/static/plugins/knob'...
Listing './lib/python3.5/site-packages/mc2/static/plugins/morris'...
Listing './lib/python3.5/site-packages/mc2/static/plugins/pace'...
Listing './lib/python3.5/site-packages/mc2/static/plugins/select2'...
Listing './lib/python3.5/site-packages/mc2/static/plugins/select2/i18n'...
Listing './lib/python3.5/site-packages/mc2/static/plugins/slimScroll'...
Listing './lib/python3.5/site-packages/mc2/static/plugins/sparkline'...
Listing './lib/python3.5/site-packages/mc2/static/plugins/timepicker'...
Listing './lib/python3.5/site-packages/mc2/templates'...
Listing './lib/python3.5/site-packages/mc2/templates/account'...
Listing './lib/python3.5/site-packages/mc2/templates/admin'...
Listing './lib/python3.5/site-packages/mc2/templates/mama_cas'...
Listing './lib/python3.5/site-packages/mc2/templates/mc2'...
Listing './lib/python3.5/site-packages/mc2/templates/registration'...
Listing './lib/python3.5/site-packages/mc2/templates/skins'...
Listing './lib/python3.5/site-packages/mc2/templatetags'...
Listing './lib/python3.5/site-packages/mc2/tests'...
Listing './lib/python3.5/site-packages/mission_control2-3.12.0.egg-info'...
Listing './lib/python3.5/site-packages/pip'...
Listing './lib/python3.5/site-packages/pip/_vendor'...
Listing './lib/python3.5/site-packages/pip/commands'...
Listing './lib/python3.5/site-packages/pip/compat'...
Listing './lib/python3.5/site-packages/pip/models'...
Listing './lib/python3.5/site-packages/pip/operations'...
Listing './lib/python3.5/site-packages/pip/req'...
Listing './lib/python3.5/site-packages/pip/utils'...
Listing './lib/python3.5/site-packages/pip/vcs'...
Listing './lib/python3.5/site-packages/pip-9.0.1.dist-info'...
Listing './lib/python3.5/site-packages/pkg_resources'...
Listing './lib/python3.5/site-packages/pkg_resources/_vendor'...
Listing './lib/python3.5/site-packages/pkg_resources/_vendor/packaging'...
Listing './lib/python3.5/site-packages/pkg_resources/extern'...
Listing './lib/python3.5/site-packages/pkg_resources-0.0.0.dist-info'...
Listing './lib/python3.5/site-packages/setuptools'...
Listing './lib/python3.5/site-packages/setuptools/command'...
Listing './lib/python3.5/site-packages/setuptools/extern'...
Listing './lib/python3.5/site-packages/setuptools-32.3.1.dist-info'...
Listing './share'...
Listing './share/python-wheels'...
