Listing '.'...
Listing './bin'...
Listing './etc'...
Listing './etc/monasca'...
Listing './etc/pycadf'...
Listing './include'...
Listing './include/site'...
Listing './include/site/python3.5'...
Listing './include/site/python3.5/greenlet'...
Listing './lib'...
Listing './lib/python3.5'...
Listing './lib/python3.5/site-packages'...
Listing './lib/python3.5/site-packages/Babel-2.5.1.dist-info'...
Listing './lib/python3.5/site-packages/Jinja2-2.10.dist-info'...
Listing './lib/python3.5/site-packages/MarkupSafe-1.0.egg-info'...
Listing './lib/python3.5/site-packages/Paste-2.0.3.dist-info'...
Listing './lib/python3.5/site-packages/PasteDeploy-1.5.2.dist-info'...
Listing './lib/python3.5/site-packages/PyMySQL-0.8.0.dist-info'...
Listing './lib/python3.5/site-packages/PyYAML-3.12.egg-info'...
Listing './lib/python3.5/site-packages/WebOb-1.7.4.dist-info'...
Listing './lib/python3.5/site-packages/babel'...
Listing './lib/python3.5/site-packages/babel/locale-data'...
Listing './lib/python3.5/site-packages/babel/localtime'...
Listing './lib/python3.5/site-packages/babel/messages'...
Listing './lib/python3.5/site-packages/certifi'...
Listing './lib/python3.5/site-packages/certifi-2017.11.5.dist-info'...
Listing './lib/python3.5/site-packages/chardet'...
Listing './lib/python3.5/site-packages/chardet/cli'...
Listing './lib/python3.5/site-packages/chardet-3.0.4.dist-info'...
Listing './lib/python3.5/site-packages/dateutil'...
Listing './lib/python3.5/site-packages/dateutil/tz'...
Listing './lib/python3.5/site-packages/dateutil/zoneinfo'...
Listing './lib/python3.5/site-packages/debtcollector'...
Listing './lib/python3.5/site-packages/debtcollector/fixtures'...
Listing './lib/python3.5/site-packages/debtcollector/tests'...
Listing './lib/python3.5/site-packages/debtcollector-1.19.0.dist-info'...
Listing './lib/python3.5/site-packages/dogpile'...
Listing './lib/python3.5/site-packages/dogpile/cache'...
Listing './lib/python3.5/site-packages/dogpile/cache/backends'...
Listing './lib/python3.5/site-packages/dogpile/cache/plugins'...
Listing './lib/python3.5/site-packages/dogpile/util'...
Listing './lib/python3.5/site-packages/dogpile.cache-0.6.4.egg-info'...
Listing './lib/python3.5/site-packages/enum_compat-0.0.2.egg-info'...
Listing './lib/python3.5/site-packages/eventlet'...
Listing './lib/python3.5/site-packages/eventlet/green'...
Listing './lib/python3.5/site-packages/eventlet/green/OpenSSL'...
Listing './lib/python3.5/site-packages/eventlet/green/http'...
Listing './lib/python3.5/site-packages/eventlet/green/urllib'...
Listing './lib/python3.5/site-packages/eventlet/greenio'...
Listing './lib/python3.5/site-packages/eventlet/hubs'...
Listing './lib/python3.5/site-packages/eventlet/support'...
Listing './lib/python3.5/site-packages/eventlet/support/dns'...
Listing './lib/python3.5/site-packages/eventlet/support/dns/rdtypes'...
Listing './lib/python3.5/site-packages/eventlet/support/dns/rdtypes/ANY'...
Listing './lib/python3.5/site-packages/eventlet/support/dns/rdtypes/IN'...
Listing './lib/python3.5/site-packages/eventlet-0.20.0.dist-info'...
Listing './lib/python3.5/site-packages/falcon'...
Listing './lib/python3.5/site-packages/falcon/bench'...
Listing './lib/python3.5/site-packages/falcon/bench/dj'...
Listing './lib/python3.5/site-packages/falcon/bench/dj/dj'...
Listing './lib/python3.5/site-packages/falcon/bench/dj/hello'...
Listing './lib/python3.5/site-packages/falcon/bench/dj/hello/migrations'...
Listing './lib/python3.5/site-packages/falcon/bench/nuts'...
Listing './lib/python3.5/site-packages/falcon/bench/nuts/nuts'...
Listing './lib/python3.5/site-packages/falcon/bench/nuts/nuts/controllers'...
Listing './lib/python3.5/site-packages/falcon/bench/nuts/nuts/model'...
Listing './lib/python3.5/site-packages/falcon/bench/nuts/nuts/tests'...
Listing './lib/python3.5/site-packages/falcon/bench/queues'...
Listing './lib/python3.5/site-packages/falcon/cmd'...
Listing './lib/python3.5/site-packages/falcon/media'...
Listing './lib/python3.5/site-packages/falcon/media/validators'...
Listing './lib/python3.5/site-packages/falcon/routing'...
Listing './lib/python3.5/site-packages/falcon/testing'...
Listing './lib/python3.5/site-packages/falcon/util'...
Listing './lib/python3.5/site-packages/falcon-1.3.0.dist-info'...
Listing './lib/python3.5/site-packages/greenlet-0.4.12.dist-info'...
Listing './lib/python3.5/site-packages/idna'...
Listing './lib/python3.5/site-packages/idna-2.6.dist-info'...
Listing './lib/python3.5/site-packages/iso8601'...
Listing './lib/python3.5/site-packages/iso8601-0.1.12.dist-info'...
Listing './lib/python3.5/site-packages/jinja2'...
Compiling './lib/python3.5/site-packages/jinja2/asyncfilters.py'...
***   File "./lib/python3.5/site-packages/jinja2/asyncfilters.py", line 24
    yield item
    ^
SyntaxError: 'yield' inside async function

Compiling './lib/python3.5/site-packages/jinja2/asyncsupport.py'...
***   File "./lib/python3.5/site-packages/jinja2/asyncsupport.py", line 35
    yield event
    ^
SyntaxError: 'yield' inside async function

Listing './lib/python3.5/site-packages/kazoo'...
Listing './lib/python3.5/site-packages/kazoo/handlers'...
Listing './lib/python3.5/site-packages/kazoo/protocol'...
Listing './lib/python3.5/site-packages/kazoo/recipe'...
Listing './lib/python3.5/site-packages/kazoo/testing'...
Listing './lib/python3.5/site-packages/kazoo/tests'...
Listing './lib/python3.5/site-packages/kazoo-2.4.0.dist-info'...
Listing './lib/python3.5/site-packages/keystoneauth1'...
Listing './lib/python3.5/site-packages/keystoneauth1/access'...
Listing './lib/python3.5/site-packages/keystoneauth1/exceptions'...
Listing './lib/python3.5/site-packages/keystoneauth1/extras'...
Listing './lib/python3.5/site-packages/keystoneauth1/extras/_saml2'...
Listing './lib/python3.5/site-packages/keystoneauth1/extras/_saml2/v3'...
Listing './lib/python3.5/site-packages/keystoneauth1/extras/kerberos'...
Listing './lib/python3.5/site-packages/keystoneauth1/extras/oauth1'...
Listing './lib/python3.5/site-packages/keystoneauth1/fixture'...
Listing './lib/python3.5/site-packages/keystoneauth1/hacking'...
Listing './lib/python3.5/site-packages/keystoneauth1/identity'...
Listing './lib/python3.5/site-packages/keystoneauth1/identity/generic'...
Listing './lib/python3.5/site-packages/keystoneauth1/identity/v3'...
Listing './lib/python3.5/site-packages/keystoneauth1/loading'...
Listing './lib/python3.5/site-packages/keystoneauth1/loading/_plugins'...
Listing './lib/python3.5/site-packages/keystoneauth1/loading/_plugins/identity'...
Listing './lib/python3.5/site-packages/keystoneauth1/tests'...
Listing './lib/python3.5/site-packages/keystoneauth1/tests/unit'...
Listing './lib/python3.5/site-packages/keystoneauth1/tests/unit/access'...
Listing './lib/python3.5/site-packages/keystoneauth1/tests/unit/data'...
Listing './lib/python3.5/site-packages/keystoneauth1/tests/unit/exceptions'...
Listing './lib/python3.5/site-packages/keystoneauth1/tests/unit/extras'...
Listing './lib/python3.5/site-packages/keystoneauth1/tests/unit/extras/kerberos'...
Listing './lib/python3.5/site-packages/keystoneauth1/tests/unit/extras/oauth1'...
Listing './lib/python3.5/site-packages/keystoneauth1/tests/unit/extras/saml2'...
Listing './lib/python3.5/site-packages/keystoneauth1/tests/unit/extras/saml2/examples'...
Listing './lib/python3.5/site-packages/keystoneauth1/tests/unit/extras/saml2/examples/xml'...
Listing './lib/python3.5/site-packages/keystoneauth1/tests/unit/extras/saml2/fixtures'...
Listing './lib/python3.5/site-packages/keystoneauth1/tests/unit/extras/saml2/fixtures/templates'...
Listing './lib/python3.5/site-packages/keystoneauth1/tests/unit/identity'...
Listing './lib/python3.5/site-packages/keystoneauth1/tests/unit/loading'...
Listing './lib/python3.5/site-packages/keystoneauth1-3.3.0.dist-info'...
Listing './lib/python3.5/site-packages/keystoneclient'...
Listing './lib/python3.5/site-packages/keystoneclient/auth'...
Listing './lib/python3.5/site-packages/keystoneclient/auth/identity'...
Listing './lib/python3.5/site-packages/keystoneclient/auth/identity/generic'...
Listing './lib/python3.5/site-packages/keystoneclient/auth/identity/v3'...
Listing './lib/python3.5/site-packages/keystoneclient/common'...
Listing './lib/python3.5/site-packages/keystoneclient/contrib'...
Listing './lib/python3.5/site-packages/keystoneclient/contrib/auth'...
Listing './lib/python3.5/site-packages/keystoneclient/contrib/auth/v3'...
Listing './lib/python3.5/site-packages/keystoneclient/contrib/ec2'...
Listing './lib/python3.5/site-packages/keystoneclient/fixture'...
Listing './lib/python3.5/site-packages/keystoneclient/generic'...
Listing './lib/python3.5/site-packages/keystoneclient/tests'...
Listing './lib/python3.5/site-packages/keystoneclient/tests/functional'...
Listing './lib/python3.5/site-packages/keystoneclient/tests/functional/hooks'...
Listing './lib/python3.5/site-packages/keystoneclient/tests/functional/v3'...
Listing './lib/python3.5/site-packages/keystoneclient/tests/unit'...
Listing './lib/python3.5/site-packages/keystoneclient/tests/unit/apiclient'...
Listing './lib/python3.5/site-packages/keystoneclient/tests/unit/auth'...
Listing './lib/python3.5/site-packages/keystoneclient/tests/unit/generic'...
Listing './lib/python3.5/site-packages/keystoneclient/tests/unit/v2_0'...
Listing './lib/python3.5/site-packages/keystoneclient/tests/unit/v3'...
Listing './lib/python3.5/site-packages/keystoneclient/tests/unit/v3/examples'...
Listing './lib/python3.5/site-packages/keystoneclient/tests/unit/v3/examples/xml'...
Listing './lib/python3.5/site-packages/keystoneclient/v2_0'...
Listing './lib/python3.5/site-packages/keystoneclient/v3'...
Listing './lib/python3.5/site-packages/keystoneclient/v3/contrib'...
Listing './lib/python3.5/site-packages/keystoneclient/v3/contrib/federation'...
Listing './lib/python3.5/site-packages/keystoneclient/v3/contrib/oauth1'...
Listing './lib/python3.5/site-packages/keystonemiddleware'...
Listing './lib/python3.5/site-packages/keystonemiddleware/_common'...
Listing './lib/python3.5/site-packages/keystonemiddleware/audit'...
Listing './lib/python3.5/site-packages/keystonemiddleware/auth_token'...
Listing './lib/python3.5/site-packages/keystonemiddleware/echo'...
Listing './lib/python3.5/site-packages/keystonemiddleware/locale'...
Listing './lib/python3.5/site-packages/keystonemiddleware/locale/en_GB'...
Listing './lib/python3.5/site-packages/keystonemiddleware/locale/en_GB/LC_MESSAGES'...
Listing './lib/python3.5/site-packages/keystonemiddleware/locale/ko_KR'...
Listing './lib/python3.5/site-packages/keystonemiddleware/locale/ko_KR/LC_MESSAGES'...
Listing './lib/python3.5/site-packages/keystonemiddleware/tests'...
Listing './lib/python3.5/site-packages/keystonemiddleware/tests/unit'...
Listing './lib/python3.5/site-packages/keystonemiddleware/tests/unit/audit'...
Listing './lib/python3.5/site-packages/keystonemiddleware/tests/unit/auth_token'...
Listing './lib/python3.5/site-packages/keystonemiddleware-4.21.0.dist-info'...
Listing './lib/python3.5/site-packages/markupsafe'...
Listing './lib/python3.5/site-packages/monasca_common'...
Listing './lib/python3.5/site-packages/monasca_common/healthcheck'...
Listing './lib/python3.5/site-packages/monasca_common/healthcheck/checks'...
Listing './lib/python3.5/site-packages/monasca_common/kafka'...
Listing './lib/python3.5/site-packages/monasca_common/kafka_lib'...
Listing './lib/python3.5/site-packages/monasca_common/kafka_lib/consumer'...
Listing './lib/python3.5/site-packages/monasca_common/kafka_lib/partitioner'...
Listing './lib/python3.5/site-packages/monasca_common/kafka_lib/producer'...
Listing './lib/python3.5/site-packages/monasca_common/monasca_query_language'...
Listing './lib/python3.5/site-packages/monasca_common/repositories'...
Listing './lib/python3.5/site-packages/monasca_common/repositories/mysql'...
Listing './lib/python3.5/site-packages/monasca_common/rest'...
Listing './lib/python3.5/site-packages/monasca_common/simport'...
Listing './lib/python3.5/site-packages/monasca_common/tests'...
Listing './lib/python3.5/site-packages/monasca_common/tests/external'...
Listing './lib/python3.5/site-packages/monasca_common/tests/validation'...
Listing './lib/python3.5/site-packages/monasca_common/validation'...
Listing './lib/python3.5/site-packages/monasca_common-2.6.0.dist-info'...
Listing './lib/python3.5/site-packages/monasca_log_api'...
Listing './lib/python3.5/site-packages/monasca_log_api/app'...
Listing './lib/python3.5/site-packages/monasca_log_api/app/base'...
Listing './lib/python3.5/site-packages/monasca_log_api/app/controller'...
Listing './lib/python3.5/site-packages/monasca_log_api/app/controller/api'...
Listing './lib/python3.5/site-packages/monasca_log_api/app/controller/v2'...
Listing './lib/python3.5/site-packages/monasca_log_api/app/controller/v2/aid'...
Listing './lib/python3.5/site-packages/monasca_log_api/app/controller/v3'...
Listing './lib/python3.5/site-packages/monasca_log_api/app/controller/v3/aid'...
Listing './lib/python3.5/site-packages/monasca_log_api/conf'...
Listing './lib/python3.5/site-packages/monasca_log_api/db'...
Listing './lib/python3.5/site-packages/monasca_log_api/db/common'...
Listing './lib/python3.5/site-packages/monasca_log_api/db/repo'...
Listing './lib/python3.5/site-packages/monasca_log_api/healthcheck'...
Listing './lib/python3.5/site-packages/monasca_log_api/middleware'...
Listing './lib/python3.5/site-packages/monasca_log_api/monitoring'...
Listing './lib/python3.5/site-packages/monasca_log_api/tests'...
Listing './lib/python3.5/site-packages/monasca_log_api-2.5.0.dist-info'...
Listing './lib/python3.5/site-packages/monasca_log_api_tempest'...
Listing './lib/python3.5/site-packages/monasca_log_api_tempest/contrib'...
Listing './lib/python3.5/site-packages/monasca_log_api_tempest/services'...
Listing './lib/python3.5/site-packages/monasca_log_api_tempest/tests'...
Listing './lib/python3.5/site-packages/monasca_log_api_tempest/tests/log_api'...
Listing './lib/python3.5/site-packages/monasca_statsd-1.9.0.dist-info'...
Listing './lib/python3.5/site-packages/monascastatsd'...
Listing './lib/python3.5/site-packages/monotonic-1.4.dist-info'...
Listing './lib/python3.5/site-packages/msgpack'...
Listing './lib/python3.5/site-packages/msgpack_python-0.5.1.egg-info'...
Listing './lib/python3.5/site-packages/netaddr'...
Listing './lib/python3.5/site-packages/netaddr/contrib'...
Listing './lib/python3.5/site-packages/netaddr/eui'...
Listing './lib/python3.5/site-packages/netaddr/ip'...
Listing './lib/python3.5/site-packages/netaddr/strategy'...
Listing './lib/python3.5/site-packages/netaddr-0.7.19.dist-info'...
Listing './lib/python3.5/site-packages/netifaces-0.10.6.egg-info'...
Listing './lib/python3.5/site-packages/oslo.cache-1.28.0.dist-info'...
Listing './lib/python3.5/site-packages/oslo.config-5.2.0.dist-info'...
Listing './lib/python3.5/site-packages/oslo.context-2.20.0.dist-info'...
Listing './lib/python3.5/site-packages/oslo.i18n-3.19.0.dist-info'...
Listing './lib/python3.5/site-packages/oslo.log-3.36.0.dist-info'...
Listing './lib/python3.5/site-packages/oslo.middleware-3.33.0.dist-info'...
Listing './lib/python3.5/site-packages/oslo.serialization-2.23.0.dist-info'...
Listing './lib/python3.5/site-packages/oslo.utils-3.34.0.dist-info'...
Listing './lib/python3.5/site-packages/oslo_cache'...
Listing './lib/python3.5/site-packages/oslo_cache/backends'...
Listing './lib/python3.5/site-packages/oslo_cache/locale'...
Listing './lib/python3.5/site-packages/oslo_cache/locale/de'...
Listing './lib/python3.5/site-packages/oslo_cache/locale/de/LC_MESSAGES'...
Listing './lib/python3.5/site-packages/oslo_cache/locale/en_GB'...
Listing './lib/python3.5/site-packages/oslo_cache/locale/en_GB/LC_MESSAGES'...
Listing './lib/python3.5/site-packages/oslo_cache/locale/es'...
Listing './lib/python3.5/site-packages/oslo_cache/locale/es/LC_MESSAGES'...
Listing './lib/python3.5/site-packages/oslo_cache/locale/fr'...
Listing './lib/python3.5/site-packages/oslo_cache/locale/fr/LC_MESSAGES'...
Listing './lib/python3.5/site-packages/oslo_cache/locale/it'...
Listing './lib/python3.5/site-packages/oslo_cache/locale/it/LC_MESSAGES'...
Listing './lib/python3.5/site-packages/oslo_cache/locale/ko_KR'...
Listing './lib/python3.5/site-packages/oslo_cache/locale/ko_KR/LC_MESSAGES'...
Listing './lib/python3.5/site-packages/oslo_cache/locale/pt_BR'...
Listing './lib/python3.5/site-packages/oslo_cache/locale/pt_BR/LC_MESSAGES'...
Listing './lib/python3.5/site-packages/oslo_cache/locale/ru'...
Listing './lib/python3.5/site-packages/oslo_cache/locale/ru/LC_MESSAGES'...
Listing './lib/python3.5/site-packages/oslo_cache/locale/tr_TR'...
Listing './lib/python3.5/site-packages/oslo_cache/locale/tr_TR/LC_MESSAGES'...
Listing './lib/python3.5/site-packages/oslo_cache/locale/zh_CN'...
Listing './lib/python3.5/site-packages/oslo_cache/locale/zh_CN/LC_MESSAGES'...
Listing './lib/python3.5/site-packages/oslo_cache/locale/zh_TW'...
Listing './lib/python3.5/site-packages/oslo_cache/locale/zh_TW/LC_MESSAGES'...
Listing './lib/python3.5/site-packages/oslo_cache/tests'...
Listing './lib/python3.5/site-packages/oslo_cache/tests/functional'...
Listing './lib/python3.5/site-packages/oslo_config'...
Listing './lib/python3.5/site-packages/oslo_config/tests'...
Listing './lib/python3.5/site-packages/oslo_config/tests/testmods'...
Listing './lib/python3.5/site-packages/oslo_context'...
Listing './lib/python3.5/site-packages/oslo_context/tests'...
Listing './lib/python3.5/site-packages/oslo_i18n'...
Listing './lib/python3.5/site-packages/oslo_i18n/locale'...
Listing './lib/python3.5/site-packages/oslo_i18n/locale/de'...
Listing './lib/python3.5/site-packages/oslo_i18n/locale/de/LC_MESSAGES'...
Listing './lib/python3.5/site-packages/oslo_i18n/locale/en_GB'...
Listing './lib/python3.5/site-packages/oslo_i18n/locale/en_GB/LC_MESSAGES'...
Listing './lib/python3.5/site-packages/oslo_i18n/locale/es'...
Listing './lib/python3.5/site-packages/oslo_i18n/locale/es/LC_MESSAGES'...
Listing './lib/python3.5/site-packages/oslo_i18n/locale/fr'...
Listing './lib/python3.5/site-packages/oslo_i18n/locale/fr/LC_MESSAGES'...
Listing './lib/python3.5/site-packages/oslo_i18n/locale/it'...
Listing './lib/python3.5/site-packages/oslo_i18n/locale/it/LC_MESSAGES'...
Listing './lib/python3.5/site-packages/oslo_i18n/locale/ja'...
Listing './lib/python3.5/site-packages/oslo_i18n/locale/ja/LC_MESSAGES'...
Listing './lib/python3.5/site-packages/oslo_i18n/locale/ko_KR'...
Listing './lib/python3.5/site-packages/oslo_i18n/locale/ko_KR/LC_MESSAGES'...
Listing './lib/python3.5/site-packages/oslo_i18n/locale/pl_PL'...
Listing './lib/python3.5/site-packages/oslo_i18n/locale/pl_PL/LC_MESSAGES'...
Listing './lib/python3.5/site-packages/oslo_i18n/locale/pt'...
Listing './lib/python3.5/site-packages/oslo_i18n/locale/pt/LC_MESSAGES'...
Listing './lib/python3.5/site-packages/oslo_i18n/locale/zh_CN'...
Listing './lib/python3.5/site-packages/oslo_i18n/locale/zh_CN/LC_MESSAGES'...
Listing './lib/python3.5/site-packages/oslo_i18n/tests'...
Listing './lib/python3.5/site-packages/oslo_log'...
Listing './lib/python3.5/site-packages/oslo_log/cmds'...
Listing './lib/python3.5/site-packages/oslo_log/fixture'...
Listing './lib/python3.5/site-packages/oslo_log/locale'...
Listing './lib/python3.5/site-packages/oslo_log/locale/de'...
Listing './lib/python3.5/site-packages/oslo_log/locale/de/LC_MESSAGES'...
Listing './lib/python3.5/site-packages/oslo_log/locale/en_GB'...
Listing './lib/python3.5/site-packages/oslo_log/locale/en_GB/LC_MESSAGES'...
Listing './lib/python3.5/site-packages/oslo_log/locale/es'...
Listing './lib/python3.5/site-packages/oslo_log/locale/es/LC_MESSAGES'...
Listing './lib/python3.5/site-packages/oslo_log/locale/ja'...
Listing './lib/python3.5/site-packages/oslo_log/locale/ja/LC_MESSAGES'...
Listing './lib/python3.5/site-packages/oslo_log/tests'...
Listing './lib/python3.5/site-packages/oslo_log/tests/unit'...
Listing './lib/python3.5/site-packages/oslo_log/tests/unit/fixture'...
Listing './lib/python3.5/site-packages/oslo_middleware'...
Listing './lib/python3.5/site-packages/oslo_middleware/healthcheck'...
Listing './lib/python3.5/site-packages/oslo_middleware/locale'...
Listing './lib/python3.5/site-packages/oslo_middleware/locale/de'...
Listing './lib/python3.5/site-packages/oslo_middleware/locale/de/LC_MESSAGES'...
Listing './lib/python3.5/site-packages/oslo_middleware/locale/en_GB'...
Listing './lib/python3.5/site-packages/oslo_middleware/locale/en_GB/LC_MESSAGES'...
Listing './lib/python3.5/site-packages/oslo_middleware/locale/fr'...
Listing './lib/python3.5/site-packages/oslo_middleware/locale/fr/LC_MESSAGES'...
Listing './lib/python3.5/site-packages/oslo_middleware/tests'...
Listing './lib/python3.5/site-packages/oslo_serialization'...
Listing './lib/python3.5/site-packages/oslo_serialization/serializer'...
Listing './lib/python3.5/site-packages/oslo_serialization/tests'...
Listing './lib/python3.5/site-packages/oslo_utils'...
Listing './lib/python3.5/site-packages/oslo_utils/locale'...
Listing './lib/python3.5/site-packages/oslo_utils/locale/de'...
Listing './lib/python3.5/site-packages/oslo_utils/locale/de/LC_MESSAGES'...
Listing './lib/python3.5/site-packages/oslo_utils/locale/en_GB'...
Listing './lib/python3.5/site-packages/oslo_utils/locale/en_GB/LC_MESSAGES'...
Listing './lib/python3.5/site-packages/oslo_utils/locale/fr'...
Listing './lib/python3.5/site-packages/oslo_utils/locale/fr/LC_MESSAGES'...
Listing './lib/python3.5/site-packages/oslo_utils/tests'...
Listing './lib/python3.5/site-packages/oslo_utils/tests/fake'...
Listing './lib/python3.5/site-packages/oslo_utils/tests/fake/v2'...
Listing './lib/python3.5/site-packages/paste'...
Listing './lib/python3.5/site-packages/paste/auth'...
Listing './lib/python3.5/site-packages/paste/cowbell'...
Listing './lib/python3.5/site-packages/paste/debug'...
Listing './lib/python3.5/site-packages/paste/deploy'...
Listing './lib/python3.5/site-packages/paste/deploy/paster_templates'...
Listing './lib/python3.5/site-packages/paste/deploy/paster_templates/paste_deploy'...
Listing './lib/python3.5/site-packages/paste/deploy/paster_templates/paste_deploy/+package+'...
Listing './lib/python3.5/site-packages/paste/deploy/paster_templates/paste_deploy/docs'...
Listing './lib/python3.5/site-packages/paste/evalexception'...
Listing './lib/python3.5/site-packages/paste/evalexception/media'...
Listing './lib/python3.5/site-packages/paste/exceptions'...
Listing './lib/python3.5/site-packages/paste/util'...
Listing './lib/python3.5/site-packages/pbr'...
Listing './lib/python3.5/site-packages/pbr/cmd'...
Listing './lib/python3.5/site-packages/pbr/hooks'...
Listing './lib/python3.5/site-packages/pbr/tests'...
Listing './lib/python3.5/site-packages/pbr/tests/testpackage'...
Listing './lib/python3.5/site-packages/pbr/tests/testpackage/data_files'...
Listing './lib/python3.5/site-packages/pbr/tests/testpackage/doc'...
Listing './lib/python3.5/site-packages/pbr/tests/testpackage/doc/source'...
Listing './lib/python3.5/site-packages/pbr/tests/testpackage/pbr_testpackage'...
Listing './lib/python3.5/site-packages/pbr/tests/testpackage/pbr_testpackage/package_data'...
Listing './lib/python3.5/site-packages/pbr/tests/testpackage/src'...
Listing './lib/python3.5/site-packages/pbr-3.1.1.dist-info'...
Listing './lib/python3.5/site-packages/pip'...
Listing './lib/python3.5/site-packages/pip/_vendor'...
Listing './lib/python3.5/site-packages/pip/commands'...
Listing './lib/python3.5/site-packages/pip/compat'...
Listing './lib/python3.5/site-packages/pip/models'...
Listing './lib/python3.5/site-packages/pip/operations'...
Listing './lib/python3.5/site-packages/pip/req'...
Listing './lib/python3.5/site-packages/pip/utils'...
Listing './lib/python3.5/site-packages/pip/vcs'...
Listing './lib/python3.5/site-packages/pip-9.0.1.dist-info'...
Listing './lib/python3.5/site-packages/pkg_resources'...
Listing './lib/python3.5/site-packages/pkg_resources/_vendor'...
Listing './lib/python3.5/site-packages/pkg_resources/_vendor/packaging'...
Listing './lib/python3.5/site-packages/pkg_resources/extern'...
Listing './lib/python3.5/site-packages/pkg_resources-0.0.0.dist-info'...
Listing './lib/python3.5/site-packages/pycadf'...
Listing './lib/python3.5/site-packages/pycadf/helper'...
Listing './lib/python3.5/site-packages/pycadf/tests'...
Listing './lib/python3.5/site-packages/pycadf/tests/helper'...
Listing './lib/python3.5/site-packages/pycadf-2.6.0.egg-info'...
Listing './lib/python3.5/site-packages/pyinotify-0.9.6.egg-info'...
Listing './lib/python3.5/site-packages/pykafka'...
Listing './lib/python3.5/site-packages/pykafka/cli'...
Listing './lib/python3.5/site-packages/pykafka/rdkafka'...
Listing './lib/python3.5/site-packages/pykafka/test'...
Listing './lib/python3.5/site-packages/pykafka/utils'...
Listing './lib/python3.5/site-packages/pykafka-2.7.0.egg-info'...
Listing './lib/python3.5/site-packages/pymysql'...
Listing './lib/python3.5/site-packages/pymysql/constants'...
Listing './lib/python3.5/site-packages/pymysql/tests'...
Listing './lib/python3.5/site-packages/pymysql/tests/thirdparty'...
Listing './lib/python3.5/site-packages/pymysql/tests/thirdparty/test_MySQLdb'...
Listing './lib/python3.5/site-packages/pyparsing-2.2.0.dist-info'...
Listing './lib/python3.5/site-packages/python_dateutil-2.6.1.dist-info'...
Listing './lib/python3.5/site-packages/python_keystoneclient-3.14.0.dist-info'...
Listing './lib/python3.5/site-packages/python_mimeparse-1.6.0.dist-info'...
Listing './lib/python3.5/site-packages/pytz'...
Listing './lib/python3.5/site-packages/pytz/zoneinfo'...
Listing './lib/python3.5/site-packages/pytz/zoneinfo/Africa'...
Listing './lib/python3.5/site-packages/pytz/zoneinfo/America'...
Listing './lib/python3.5/site-packages/pytz/zoneinfo/America/Argentina'...
Listing './lib/python3.5/site-packages/pytz/zoneinfo/America/Indiana'...
Listing './lib/python3.5/site-packages/pytz/zoneinfo/America/Kentucky'...
Listing './lib/python3.5/site-packages/pytz/zoneinfo/America/North_Dakota'...
Listing './lib/python3.5/site-packages/pytz/zoneinfo/Antarctica'...
Listing './lib/python3.5/site-packages/pytz/zoneinfo/Arctic'...
Listing './lib/python3.5/site-packages/pytz/zoneinfo/Asia'...
Listing './lib/python3.5/site-packages/pytz/zoneinfo/Atlantic'...
Listing './lib/python3.5/site-packages/pytz/zoneinfo/Australia'...
Listing './lib/python3.5/site-packages/pytz/zoneinfo/Brazil'...
Listing './lib/python3.5/site-packages/pytz/zoneinfo/Canada'...
Listing './lib/python3.5/site-packages/pytz/zoneinfo/Chile'...
Listing './lib/python3.5/site-packages/pytz/zoneinfo/Etc'...
Listing './lib/python3.5/site-packages/pytz/zoneinfo/Europe'...
Listing './lib/python3.5/site-packages/pytz/zoneinfo/Indian'...
Listing './lib/python3.5/site-packages/pytz/zoneinfo/Mexico'...
Listing './lib/python3.5/site-packages/pytz/zoneinfo/Pacific'...
Listing './lib/python3.5/site-packages/pytz/zoneinfo/US'...
Listing './lib/python3.5/site-packages/pytz-2017.3.dist-info'...
Listing './lib/python3.5/site-packages/requests'...
Listing './lib/python3.5/site-packages/requests-2.18.4.dist-info'...
Listing './lib/python3.5/site-packages/rfc3986'...
Listing './lib/python3.5/site-packages/rfc3986-1.1.0.dist-info'...
Listing './lib/python3.5/site-packages/setuptools'...
Listing './lib/python3.5/site-packages/setuptools/command'...
Listing './lib/python3.5/site-packages/setuptools/extern'...
Listing './lib/python3.5/site-packages/setuptools-32.3.1.dist-info'...
Listing './lib/python3.5/site-packages/six-1.11.0.dist-info'...
Listing './lib/python3.5/site-packages/statsd'...
Listing './lib/python3.5/site-packages/statsd/defaults'...
Listing './lib/python3.5/site-packages/statsd-3.2.2.dist-info'...
Listing './lib/python3.5/site-packages/stevedore'...
Listing './lib/python3.5/site-packages/stevedore/example'...
Listing './lib/python3.5/site-packages/stevedore/example2'...
Listing './lib/python3.5/site-packages/stevedore/tests'...
Listing './lib/python3.5/site-packages/stevedore-1.28.0.dist-info'...
Listing './lib/python3.5/site-packages/tabulate-0.8.2.egg-info'...
Listing './lib/python3.5/site-packages/tests'...
Listing './lib/python3.5/site-packages/tests/pykafka'...
Listing './lib/python3.5/site-packages/tests/pykafka/rdkafka'...
Listing './lib/python3.5/site-packages/tests/pykafka/utils'...
Listing './lib/python3.5/site-packages/ujson-1.35.egg-info'...
Listing './lib/python3.5/site-packages/urllib3'...
Listing './lib/python3.5/site-packages/urllib3/contrib'...
Listing './lib/python3.5/site-packages/urllib3/contrib/_securetransport'...
Listing './lib/python3.5/site-packages/urllib3/packages'...
Listing './lib/python3.5/site-packages/urllib3/packages/backports'...
Listing './lib/python3.5/site-packages/urllib3/packages/ssl_match_hostname'...
Listing './lib/python3.5/site-packages/urllib3/util'...
Listing './lib/python3.5/site-packages/urllib3-1.22.dist-info'...
Listing './lib/python3.5/site-packages/webob'...
Listing './lib/python3.5/site-packages/wrapt'...
Listing './lib/python3.5/site-packages/wrapt-1.10.11.egg-info'...
Listing './lib/python3.5/site-packages/yaml'...
Listing './share'...
Listing './share/python-wheels'...
