Listing '.'...
Listing './bin'...
Listing './include'...
Listing './lib'...
Listing './lib/python3.5'...
Listing './lib/python3.5/site-packages'...
Listing './lib/python3.5/site-packages/Mopidy_MFE-0.4.9.egg-info'...
Listing './lib/python3.5/site-packages/mopidy_mfe'...
Listing './lib/python3.5/site-packages/mopidy_mfe/www'...
Listing './lib/python3.5/site-packages/mopidy_mfe/www/assets'...
Listing './lib/python3.5/site-packages/mopidy_mfe/www/assets/android'...
Listing './lib/python3.5/site-packages/mopidy_mfe/www/assets/ios'...
Listing './lib/python3.5/site-packages/mopidy_mfe/www/js'...
Listing './lib/python3.5/site-packages/mopidy_mfe/www/services'...
Listing './lib/python3.5/site-packages/mopidy_mfe/www/vendor'...
Listing './lib/python3.5/site-packages/mopidy_mfe/www/vendor/font-awesome'...
Listing './lib/python3.5/site-packages/mopidy_mfe/www/vendor/font-awesome/css'...
Listing './lib/python3.5/site-packages/mopidy_mfe/www/vendor/font-awesome/fonts'...
Listing './lib/python3.5/site-packages/mopidy_mfe/www/vendor/font-awesome/less'...
Listing './lib/python3.5/site-packages/mopidy_mfe/www/vendor/font-awesome/scss'...
Listing './lib/python3.5/site-packages/mopidy_mfe/www/views'...
Listing './lib/python3.5/site-packages/mopidy_mfe/www/views/album'...
Listing './lib/python3.5/site-packages/mopidy_mfe/www/views/artist'...
Listing './lib/python3.5/site-packages/mopidy_mfe/www/views/browse'...
Listing './lib/python3.5/site-packages/mopidy_mfe/www/views/nowplaying'...
Listing './lib/python3.5/site-packages/mopidy_mfe/www/views/playlists'...
Listing './lib/python3.5/site-packages/mopidy_mfe/www/views/search'...
Listing './lib/python3.5/site-packages/mopidy_mfe/www/views/settings'...
Listing './lib/python3.5/site-packages/pip'...
Listing './lib/python3.5/site-packages/pip/_vendor'...
Listing './lib/python3.5/site-packages/pip/commands'...
Listing './lib/python3.5/site-packages/pip/compat'...
Listing './lib/python3.5/site-packages/pip/models'...
Listing './lib/python3.5/site-packages/pip/operations'...
Listing './lib/python3.5/site-packages/pip/req'...
Listing './lib/python3.5/site-packages/pip/utils'...
Listing './lib/python3.5/site-packages/pip/vcs'...
Listing './lib/python3.5/site-packages/pip-9.0.1.dist-info'...
Listing './lib/python3.5/site-packages/pkg_resources'...
Listing './lib/python3.5/site-packages/pkg_resources/_vendor'...
Listing './lib/python3.5/site-packages/pkg_resources/_vendor/packaging'...
Listing './lib/python3.5/site-packages/pkg_resources/extern'...
Listing './lib/python3.5/site-packages/pkg_resources-0.0.0.dist-info'...
Listing './lib/python3.5/site-packages/setuptools'...
Listing './lib/python3.5/site-packages/setuptools/command'...
Listing './lib/python3.5/site-packages/setuptools/extern'...
Listing './lib/python3.5/site-packages/setuptools-32.3.1.dist-info'...
Listing './share'...
Listing './share/python-wheels'...
