Listing '.'...
Listing './bin'...
Listing './include'...
Listing './lib'...
Listing './lib/python3.5'...
Listing './lib/python3.5/site-packages'...
Listing './lib/python3.5/site-packages/aiohttp'...
Listing './lib/python3.5/site-packages/aiohttp-1.0.5.dist-info'...
Listing './lib/python3.5/site-packages/async_timeout'...
Listing './lib/python3.5/site-packages/async_timeout-2.0.0.dist-info'...
Listing './lib/python3.5/site-packages/cached_property-1.3.1.dist-info'...
Listing './lib/python3.5/site-packages/chardet'...
Listing './lib/python3.5/site-packages/chardet/cli'...
Listing './lib/python3.5/site-packages/chardet-3.0.4.dist-info'...
Listing './lib/python3.5/site-packages/gunicorn'...
Listing './lib/python3.5/site-packages/gunicorn/app'...
Listing './lib/python3.5/site-packages/gunicorn/http'...
Listing './lib/python3.5/site-packages/gunicorn/instrument'...
Listing './lib/python3.5/site-packages/gunicorn/workers'...
Listing './lib/python3.5/site-packages/gunicorn-19.7.1.dist-info'...
Listing './lib/python3.5/site-packages/muffin'...
Listing './lib/python3.5/site-packages/muffin-0.10.7.dist-info'...
Listing './lib/python3.5/site-packages/muffin_sentry-0.2.0.dist-info'...
Listing './lib/python3.5/site-packages/multidict'...
Listing './lib/python3.5/site-packages/multidict-3.3.2.dist-info'...
Listing './lib/python3.5/site-packages/pip'...
Listing './lib/python3.5/site-packages/pip/_vendor'...
Listing './lib/python3.5/site-packages/pip/commands'...
Listing './lib/python3.5/site-packages/pip/compat'...
Listing './lib/python3.5/site-packages/pip/models'...
Listing './lib/python3.5/site-packages/pip/operations'...
Listing './lib/python3.5/site-packages/pip/req'...
Listing './lib/python3.5/site-packages/pip/utils'...
Listing './lib/python3.5/site-packages/pip/vcs'...
Listing './lib/python3.5/site-packages/pip-9.0.1.dist-info'...
Listing './lib/python3.5/site-packages/pkg_resources'...
Listing './lib/python3.5/site-packages/pkg_resources/_vendor'...
Listing './lib/python3.5/site-packages/pkg_resources/_vendor/packaging'...
Listing './lib/python3.5/site-packages/pkg_resources/extern'...
Listing './lib/python3.5/site-packages/pkg_resources-0.0.0.dist-info'...
Listing './lib/python3.5/site-packages/raven'...
Listing './lib/python3.5/site-packages/raven/conf'...
Listing './lib/python3.5/site-packages/raven/contrib'...
Listing './lib/python3.5/site-packages/raven/contrib/awslambda'...
Listing './lib/python3.5/site-packages/raven/contrib/bottle'...
Listing './lib/python3.5/site-packages/raven/contrib/celery'...
Listing './lib/python3.5/site-packages/raven/contrib/django'...
Listing './lib/python3.5/site-packages/raven/contrib/django/celery'...
Listing './lib/python3.5/site-packages/raven/contrib/django/management'...
Listing './lib/python3.5/site-packages/raven/contrib/django/management/commands'...
Listing './lib/python3.5/site-packages/raven/contrib/django/middleware'...
Listing './lib/python3.5/site-packages/raven/contrib/django/raven_compat'...
Listing './lib/python3.5/site-packages/raven/contrib/django/raven_compat/management'...
Listing './lib/python3.5/site-packages/raven/contrib/django/raven_compat/management/commands'...
Listing './lib/python3.5/site-packages/raven/contrib/django/raven_compat/middleware'...
Listing './lib/python3.5/site-packages/raven/contrib/django/raven_compat/templatetags'...
Listing './lib/python3.5/site-packages/raven/contrib/django/templatetags'...
Listing './lib/python3.5/site-packages/raven/contrib/pylons'...
Listing './lib/python3.5/site-packages/raven/contrib/tornado'...
Listing './lib/python3.5/site-packages/raven/contrib/webpy'...
Listing './lib/python3.5/site-packages/raven/contrib/zconfig'...
Listing './lib/python3.5/site-packages/raven/contrib/zerorpc'...
Listing './lib/python3.5/site-packages/raven/contrib/zope'...
Listing './lib/python3.5/site-packages/raven/data'...
Compiling './lib/python3.5/site-packages/raven/deprecation.py'...
***   File "./lib/python3.5/site-packages/raven/deprecation.py", line 6
    def __init__(self, dsn, *args, **kwargs):
                                            ^
SyntaxError: unexpected EOF while parsing

Listing './lib/python3.5/site-packages/raven/handlers'...
Listing './lib/python3.5/site-packages/raven/scripts'...
Listing './lib/python3.5/site-packages/raven/transport'...
Listing './lib/python3.5/site-packages/raven/utils'...
Listing './lib/python3.5/site-packages/raven/utils/serializer'...
Listing './lib/python3.5/site-packages/raven-6.4.0.dist-info'...
Listing './lib/python3.5/site-packages/raven_aiohttp-0.6.0.dist-info'...
Listing './lib/python3.5/site-packages/setuptools'...
Listing './lib/python3.5/site-packages/setuptools/command'...
Listing './lib/python3.5/site-packages/setuptools/extern'...
Listing './lib/python3.5/site-packages/setuptools-32.3.1.dist-info'...
Listing './lib/python3.5/site-packages/ujson-1.35.egg-info'...
Listing './share'...
Listing './share/python-wheels'...
