Listing '.'...
Listing './bin'...
Listing './docs'...
Listing './include'...
Listing './lib'...
Listing './lib/python3.5'...
Listing './lib/python3.5/site-packages'...
Listing './lib/python3.5/site-packages/ConcurrentLogHandler-0.9.1.egg-info'...
Listing './lib/python3.5/site-packages/certifi'...
Listing './lib/python3.5/site-packages/certifi-2017.11.5.dist-info'...
Listing './lib/python3.5/site-packages/chardet'...
Listing './lib/python3.5/site-packages/chardet/cli'...
Listing './lib/python3.5/site-packages/chardet-3.0.4.dist-info'...
Listing './lib/python3.5/site-packages/idna'...
Listing './lib/python3.5/site-packages/idna-2.6.dist-info'...
Listing './lib/python3.5/site-packages/multyvac'...
Compiling './lib/python3.5/site-packages/multyvac/config.py'...
***   File "./lib/python3.5/site-packages/multyvac/config.py", line 178
    os.chmod(credential_key_path, 0600)
                                     ^
SyntaxError: invalid token

Compiling './lib/python3.5/site-packages/multyvac/setup.py'...
***   File "./lib/python3.5/site-packages/multyvac/setup.py", line 31
    print 'Downloading and installing dependencies, ssh and rsync... '
                                                                     ^
SyntaxError: Missing parentheses in call to 'print'

Listing './lib/python3.5/site-packages/multyvac/util'...
Compiling './lib/python3.5/site-packages/multyvac/util/cloudpickle.py'...
***   File "./lib/python3.5/site-packages/multyvac/util/cloudpickle.py", line 112
    except RuntimeError, e:
                       ^
SyntaxError: invalid syntax

Compiling './lib/python3.5/site-packages/multyvac/util/module_dependency.py'...
***   File "./lib/python3.5/site-packages/multyvac/util/module_dependency.py", line 288
    print 'inspected modules', mda._inspected_modules
                            ^
SyntaxError: Missing parentheses in call to 'print'

Listing './lib/python3.5/site-packages/multyvac-0.5.0.egg-info'...
Listing './lib/python3.5/site-packages/pip'...
Listing './lib/python3.5/site-packages/pip/_vendor'...
Listing './lib/python3.5/site-packages/pip/commands'...
Listing './lib/python3.5/site-packages/pip/compat'...
Listing './lib/python3.5/site-packages/pip/models'...
Listing './lib/python3.5/site-packages/pip/operations'...
Listing './lib/python3.5/site-packages/pip/req'...
Listing './lib/python3.5/site-packages/pip/utils'...
Listing './lib/python3.5/site-packages/pip/vcs'...
Listing './lib/python3.5/site-packages/pip-9.0.1.dist-info'...
Listing './lib/python3.5/site-packages/pkg_resources'...
Listing './lib/python3.5/site-packages/pkg_resources/_vendor'...
Listing './lib/python3.5/site-packages/pkg_resources/_vendor/packaging'...
Listing './lib/python3.5/site-packages/pkg_resources/extern'...
Listing './lib/python3.5/site-packages/pkg_resources-0.0.0.dist-info'...
Listing './lib/python3.5/site-packages/requests'...
Listing './lib/python3.5/site-packages/requests-2.18.4.dist-info'...
Listing './lib/python3.5/site-packages/setuptools'...
Listing './lib/python3.5/site-packages/setuptools/command'...
Listing './lib/python3.5/site-packages/setuptools/extern'...
Listing './lib/python3.5/site-packages/setuptools-32.3.1.dist-info'...
Listing './lib/python3.5/site-packages/urllib3'...
Listing './lib/python3.5/site-packages/urllib3/contrib'...
Listing './lib/python3.5/site-packages/urllib3/contrib/_securetransport'...
Listing './lib/python3.5/site-packages/urllib3/packages'...
Listing './lib/python3.5/site-packages/urllib3/packages/backports'...
Listing './lib/python3.5/site-packages/urllib3/packages/ssl_match_hostname'...
Listing './lib/python3.5/site-packages/urllib3/util'...
Listing './lib/python3.5/site-packages/urllib3-1.22.dist-info'...
Listing './share'...
Listing './share/python-wheels'...
Listing './tests'...
Compiling './tests/stresstest.py'...
