Listing '.'...
Listing './bin'...
Listing './include'...
Listing './lib'...
Listing './lib/python3.5'...
Listing './lib/python3.5/site-packages'...
Listing './lib/python3.5/site-packages/natural'...
Listing './lib/python3.5/site-packages/natural/locale'...
Listing './lib/python3.5/site-packages/natural/locale/af_ZA'...
Listing './lib/python3.5/site-packages/natural/locale/af_ZA/LC_MESSAGES'...
Listing './lib/python3.5/site-packages/natural/locale/de_DE'...
Listing './lib/python3.5/site-packages/natural/locale/de_DE/LC_MESSAGES'...
Listing './lib/python3.5/site-packages/natural/locale/en_GB'...
Listing './lib/python3.5/site-packages/natural/locale/en_GB/LC_MESSAGES'...
Listing './lib/python3.5/site-packages/natural/locale/en_US'...
Listing './lib/python3.5/site-packages/natural/locale/en_US/LC_MESSAGES'...
Listing './lib/python3.5/site-packages/natural/locale/es_ES'...
Listing './lib/python3.5/site-packages/natural/locale/es_ES/LC_MESSAGES'...
Listing './lib/python3.5/site-packages/natural/locale/fr_FR'...
Listing './lib/python3.5/site-packages/natural/locale/fr_FR/LC_MESSAGES'...
Listing './lib/python3.5/site-packages/natural/locale/ja_JP'...
Listing './lib/python3.5/site-packages/natural/locale/ja_JP/LC_MESSAGES'...
Listing './lib/python3.5/site-packages/natural/locale/nl_NL'...
Listing './lib/python3.5/site-packages/natural/locale/nl_NL/LC_MESSAGES'...
Listing './lib/python3.5/site-packages/natural3-0.1.6.egg-info'...
Listing './lib/python3.5/site-packages/pip'...
Listing './lib/python3.5/site-packages/pip/_vendor'...
Listing './lib/python3.5/site-packages/pip/commands'...
Listing './lib/python3.5/site-packages/pip/compat'...
Listing './lib/python3.5/site-packages/pip/models'...
Listing './lib/python3.5/site-packages/pip/operations'...
Listing './lib/python3.5/site-packages/pip/req'...
Listing './lib/python3.5/site-packages/pip/utils'...
Listing './lib/python3.5/site-packages/pip/vcs'...
Listing './lib/python3.5/site-packages/pip-9.0.1.dist-info'...
Listing './lib/python3.5/site-packages/pkg_resources'...
Listing './lib/python3.5/site-packages/pkg_resources/_vendor'...
Listing './lib/python3.5/site-packages/pkg_resources/_vendor/packaging'...
Listing './lib/python3.5/site-packages/pkg_resources/extern'...
Listing './lib/python3.5/site-packages/pkg_resources-0.0.0.dist-info'...
Listing './lib/python3.5/site-packages/setuptools'...
Listing './lib/python3.5/site-packages/setuptools/command'...
Listing './lib/python3.5/site-packages/setuptools/extern'...
Listing './lib/python3.5/site-packages/setuptools-32.3.1.dist-info'...
Listing './lib/python3.5/site-packages/six-1.11.0.dist-info'...
Listing './share'...
Listing './share/python-wheels'...
