Listing '.'...
Listing './bin'...
Listing './include'...
Listing './lib'...
Listing './lib/python3.5'...
Listing './lib/python3.5/site-packages'...
Listing './lib/python3.5/site-packages/PyDispatcher-2.0.5.egg-info'...
Listing './lib/python3.5/site-packages/enum'...
Listing './lib/python3.5/site-packages/enum34-1.1.6.dist-info'...
Listing './lib/python3.5/site-packages/navi'...
Listing './lib/python3.5/site-packages/navi/conversational'...
Listing './lib/python3.5/site-packages/navi/messaging'...
Listing './lib/python3.5/site-packages/navi/resources'...
Listing './lib/python3.5/site-packages/navi/resources/sounds'...
Listing './lib/python3.5/site-packages/navi/speech'...
Listing './lib/python3.5/site-packages/navi/templates'...
Listing './lib/python3.5/site-packages/navi-0.1.0a19.egg-info'...
Listing './lib/python3.5/site-packages/pip'...
Listing './lib/python3.5/site-packages/pip/_vendor'...
Listing './lib/python3.5/site-packages/pip/commands'...
Listing './lib/python3.5/site-packages/pip/compat'...
Listing './lib/python3.5/site-packages/pip/models'...
Listing './lib/python3.5/site-packages/pip/operations'...
Listing './lib/python3.5/site-packages/pip/req'...
Listing './lib/python3.5/site-packages/pip/utils'...
Listing './lib/python3.5/site-packages/pip/vcs'...
Listing './lib/python3.5/site-packages/pip-9.0.1.dist-info'...
Listing './lib/python3.5/site-packages/pkg_resources'...
Listing './lib/python3.5/site-packages/pkg_resources/_vendor'...
Listing './lib/python3.5/site-packages/pkg_resources/_vendor/packaging'...
Listing './lib/python3.5/site-packages/pkg_resources/extern'...
Listing './lib/python3.5/site-packages/pkg_resources-0.0.0.dist-info'...
Listing './lib/python3.5/site-packages/pydispatch'...
Listing './lib/python3.5/site-packages/setuptools'...
Listing './lib/python3.5/site-packages/setuptools/command'...
Listing './lib/python3.5/site-packages/setuptools/extern'...
Listing './lib/python3.5/site-packages/setuptools-32.3.1.dist-info'...
Listing './navi'...
Listing './navi/resources'...
Listing './navi/resources/sounds'...
Listing './share'...
Listing './share/python-wheels'...
