Listing '.'...
Listing './bin'...
Listing './include'...
Listing './lib'...
Listing './lib/python3.5'...
Listing './lib/python3.5/site-packages'...
Listing './lib/python3.5/site-packages/nengo'...
Listing './lib/python3.5/site-packages/nengo/builder'...
Listing './lib/python3.5/site-packages/nengo/builder/tests'...
Listing './lib/python3.5/site-packages/nengo/networks'...
Listing './lib/python3.5/site-packages/nengo/networks/tests'...
Listing './lib/python3.5/site-packages/nengo/spa'...
Listing './lib/python3.5/site-packages/nengo/spa/tests'...
Listing './lib/python3.5/site-packages/nengo/tests'...
Listing './lib/python3.5/site-packages/nengo/utils'...
Listing './lib/python3.5/site-packages/nengo/utils/tests'...
Listing './lib/python3.5/site-packages/nengo-2.6.0.dist-info'...
Listing './lib/python3.5/site-packages/nengo_gui'...
Listing './lib/python3.5/site-packages/nengo_gui/components'...
Listing './lib/python3.5/site-packages/nengo_gui/examples'...
Listing './lib/python3.5/site-packages/nengo_gui/examples/basics'...
Listing './lib/python3.5/site-packages/nengo_gui/examples/hbb_tutorials'...
Listing './lib/python3.5/site-packages/nengo_gui/examples/hbb_tutorials/chapter1'...
Listing './lib/python3.5/site-packages/nengo_gui/examples/hbb_tutorials/chapter2'...
Listing './lib/python3.5/site-packages/nengo_gui/examples/hbb_tutorials/chapter3'...
Listing './lib/python3.5/site-packages/nengo_gui/examples/hbb_tutorials/chapter4'...
Listing './lib/python3.5/site-packages/nengo_gui/examples/hbb_tutorials/chapter5'...
Listing './lib/python3.5/site-packages/nengo_gui/examples/hbb_tutorials/chapter6'...
Listing './lib/python3.5/site-packages/nengo_gui/examples/hbb_tutorials/chapter7'...
Listing './lib/python3.5/site-packages/nengo_gui/examples/hbb_tutorials/chapter8'...
Listing './lib/python3.5/site-packages/nengo_gui/examples/recurrent'...
Listing './lib/python3.5/site-packages/nengo_gui/examples/tutorial'...
Listing './lib/python3.5/site-packages/nengo_gui/grandalf'...
Listing './lib/python3.5/site-packages/nengo_gui/static'...
Listing './lib/python3.5/site-packages/nengo_gui/static/components'...
Listing './lib/python3.5/site-packages/nengo_gui/static/lib'...
Listing './lib/python3.5/site-packages/nengo_gui/static/lib/css'...
Listing './lib/python3.5/site-packages/nengo_gui/static/lib/fonts'...
Listing './lib/python3.5/site-packages/nengo_gui/static/lib/js'...
Listing './lib/python3.5/site-packages/nengo_gui/static/lib/js/ace-src-min'...
Listing './lib/python3.5/site-packages/nengo_gui/static/lib/js/jqueryFileTree'...
Listing './lib/python3.5/site-packages/nengo_gui/static/lib/js/jqueryFileTree/images'...
Listing './lib/python3.5/site-packages/nengo_gui/static/test'...
Listing './lib/python3.5/site-packages/nengo_gui/templates'...
Listing './lib/python3.5/site-packages/nengo_gui/tests'...
Listing './lib/python3.5/site-packages/nengo_gui-0.3.1.egg-info'...
Listing './lib/python3.5/site-packages/numpy'...
Listing './lib/python3.5/site-packages/numpy/.libs'...
Listing './lib/python3.5/site-packages/numpy/compat'...
Listing './lib/python3.5/site-packages/numpy/core'...
Listing './lib/python3.5/site-packages/numpy/core/include'...
Listing './lib/python3.5/site-packages/numpy/core/include/numpy'...
Listing './lib/python3.5/site-packages/numpy/core/lib'...
Listing './lib/python3.5/site-packages/numpy/core/lib/npy-pkg-config'...
Listing './lib/python3.5/site-packages/numpy/core/tests'...
Listing './lib/python3.5/site-packages/numpy/core/tests/data'...
Listing './lib/python3.5/site-packages/numpy/distutils'...
Listing './lib/python3.5/site-packages/numpy/distutils/command'...
Listing './lib/python3.5/site-packages/numpy/distutils/fcompiler'...
Listing './lib/python3.5/site-packages/numpy/distutils/mingw'...
Listing './lib/python3.5/site-packages/numpy/distutils/tests'...
Listing './lib/python3.5/site-packages/numpy/doc'...
Listing './lib/python3.5/site-packages/numpy/f2py'...
Listing './lib/python3.5/site-packages/numpy/f2py/src'...
Listing './lib/python3.5/site-packages/numpy/f2py/tests'...
Listing './lib/python3.5/site-packages/numpy/f2py/tests/src'...
Listing './lib/python3.5/site-packages/numpy/f2py/tests/src/array_from_pyobj'...
Listing './lib/python3.5/site-packages/numpy/f2py/tests/src/assumed_shape'...
Listing './lib/python3.5/site-packages/numpy/f2py/tests/src/common'...
Listing './lib/python3.5/site-packages/numpy/f2py/tests/src/kind'...
Listing './lib/python3.5/site-packages/numpy/f2py/tests/src/mixed'...
Listing './lib/python3.5/site-packages/numpy/f2py/tests/src/parameter'...
Listing './lib/python3.5/site-packages/numpy/f2py/tests/src/regression'...
Listing './lib/python3.5/site-packages/numpy/f2py/tests/src/size'...
Listing './lib/python3.5/site-packages/numpy/f2py/tests/src/string'...
Listing './lib/python3.5/site-packages/numpy/fft'...
Listing './lib/python3.5/site-packages/numpy/fft/tests'...
Listing './lib/python3.5/site-packages/numpy/lib'...
Listing './lib/python3.5/site-packages/numpy/lib/tests'...
Listing './lib/python3.5/site-packages/numpy/lib/tests/data'...
Listing './lib/python3.5/site-packages/numpy/linalg'...
Listing './lib/python3.5/site-packages/numpy/linalg/tests'...
Listing './lib/python3.5/site-packages/numpy/ma'...
Listing './lib/python3.5/site-packages/numpy/ma/tests'...
Listing './lib/python3.5/site-packages/numpy/matrixlib'...
Listing './lib/python3.5/site-packages/numpy/matrixlib/tests'...
Listing './lib/python3.5/site-packages/numpy/polynomial'...
Listing './lib/python3.5/site-packages/numpy/polynomial/tests'...
Listing './lib/python3.5/site-packages/numpy/random'...
Listing './lib/python3.5/site-packages/numpy/random/tests'...
Listing './lib/python3.5/site-packages/numpy/testing'...
Listing './lib/python3.5/site-packages/numpy/testing/nose_tools'...
Listing './lib/python3.5/site-packages/numpy/testing/tests'...
Listing './lib/python3.5/site-packages/numpy/tests'...
Listing './lib/python3.5/site-packages/numpy-1.14.0.dist-info'...
Listing './lib/python3.5/site-packages/pip'...
Listing './lib/python3.5/site-packages/pip/_vendor'...
Listing './lib/python3.5/site-packages/pip/commands'...
Listing './lib/python3.5/site-packages/pip/compat'...
Listing './lib/python3.5/site-packages/pip/models'...
Listing './lib/python3.5/site-packages/pip/operations'...
Listing './lib/python3.5/site-packages/pip/req'...
Listing './lib/python3.5/site-packages/pip/utils'...
Listing './lib/python3.5/site-packages/pip/vcs'...
Listing './lib/python3.5/site-packages/pip-9.0.1.dist-info'...
Listing './lib/python3.5/site-packages/pkg_resources'...
Listing './lib/python3.5/site-packages/pkg_resources/_vendor'...
Listing './lib/python3.5/site-packages/pkg_resources/_vendor/packaging'...
Listing './lib/python3.5/site-packages/pkg_resources/extern'...
Listing './lib/python3.5/site-packages/pkg_resources-0.0.0.dist-info'...
Listing './lib/python3.5/site-packages/setuptools'...
Listing './lib/python3.5/site-packages/setuptools/command'...
Listing './lib/python3.5/site-packages/setuptools/extern'...
Listing './lib/python3.5/site-packages/setuptools-32.3.1.dist-info'...
Listing './nengo'...
Listing './share'...
Listing './share/python-wheels'...
