Listing '.'...
Listing './bin'...
Listing './include'...
Listing './include/site'...
Listing './include/site/python3.5'...
Listing './include/site/python3.5/persistent'...
Listing './include/site/python3.5/zope.proxy'...
Listing './lib'...
Listing './lib/python3.5'...
Listing './lib/python3.5/site-packages'...
Listing './lib/python3.5/site-packages/BTrees'...
Listing './lib/python3.5/site-packages/BTrees/tests'...
Listing './lib/python3.5/site-packages/BTrees-4.4.1.dist-info'...
Listing './lib/python3.5/site-packages/ng'...
Listing './lib/python3.5/site-packages/ng/adapter'...
Listing './lib/python3.5/site-packages/ng/adapter/adaptiveurl'...
Listing './lib/python3.5/site-packages/ng/adapter/adaptiveurl/browser'...
Listing './lib/python3.5/site-packages/ng/adapter/breadcrumb'...
Listing './lib/python3.5/site-packages/ng/adapter/checksublocation'...
Listing './lib/python3.5/site-packages/ng/adapter/checktocontain'...
Listing './lib/python3.5/site-packages/ng/adapter/etc'...
Listing './lib/python3.5/site-packages/ng/adapter/ianytitle'...
Compiling './lib/python3.5/site-packages/ng/adapter/ianytitle/ianytitleadapter.py'...
***   File "./lib/python3.5/site-packages/ng/adapter/ianytitle/ianytitleadapter.py", line 37
    except Exception, msg :
                    ^
SyntaxError: invalid syntax

Listing './lib/python3.5/site-packages/ng/adapter/mtime'...
Listing './lib/python3.5/site-packages/ng/adapter/namechooser'...
Compiling './lib/python3.5/site-packages/ng/adapter/namechooser/namechooser.py'...
***   File "./lib/python3.5/site-packages/ng/adapter/namechooser/namechooser.py", line 35
    except TypeError,msg :
                    ^
SyntaxError: invalid syntax

Listing './lib/python3.5/site-packages/ng/adapter/nsinterface'...
Listing './lib/python3.5/site-packages/ng/adapter/nullsublocations'...
Listing './lib/python3.5/site-packages/ng/adapter/pager'...
Compiling './lib/python3.5/site-packages/ng/adapter/pager/pageradapter.py'...
***   File "./lib/python3.5/site-packages/ng/adapter/pager/pageradapter.py", line 102
    except Exception,msg :
                    ^
SyntaxError: invalid syntax

Listing './lib/python3.5/site-packages/ng/adapter/path'...
Listing './lib/python3.5/site-packages/ng/adapter/recordsize'...
Listing './lib/python3.5/site-packages/ng/adapter/requestcache'...
Listing './lib/python3.5/site-packages/ng/adapter/requestext'...
Compiling './lib/python3.5/site-packages/ng/adapter/requestext/libIIGFS.py'...
***   File "./lib/python3.5/site-packages/ng/adapter/requestext/libIIGFS.py", line 83
    raise 'NotFound', "Объект %s не существует" % start_id
                    ^
SyntaxError: invalid syntax

Listing './lib/python3.5/site-packages/ng/adapter/title'...
Listing './lib/python3.5/site-packages/ng/adapter/toolchanger'...
Compiling './lib/python3.5/site-packages/ng/adapter/toolchanger/toolurl.py'...
***   File "./lib/python3.5/site-packages/ng/adapter/toolchanger/toolurl.py", line 34
    except Exception,msg :
                    ^
SyntaxError: invalid syntax

Listing './lib/python3.5/site-packages/ng/app'...
Listing './lib/python3.5/site-packages/ng/app/quota'...
Listing './lib/python3.5/site-packages/ng/app/quota/browser'...
Compiling './lib/python3.5/site-packages/ng/app/quota/browser/histogram.py'...
***   File "./lib/python3.5/site-packages/ng/app/quota/browser/histogram.py", line 68
    print a
          ^
SyntaxError: Missing parentheses in call to 'print'

Compiling './lib/python3.5/site-packages/ng/app/quota/browser/quotareindex.py'...
***   File "./lib/python3.5/site-packages/ng/app/quota/browser/quotareindex.py", line 35
    except Exception, msg :
                    ^
SyntaxError: invalid syntax

Listing './lib/python3.5/site-packages/ng/app/quota/demo'...
Listing './lib/python3.5/site-packages/ng/app/quota/etc'...
Compiling './lib/python3.5/site-packages/ng/app/quota/quota.py'...
***   File "./lib/python3.5/site-packages/ng/app/quota/quota.py", line 57
    except ComponentLookupError,msg:
                               ^
SyntaxError: invalid syntax

Listing './lib/python3.5/site-packages/ng/app/quota/quotahandle'...
Compiling './lib/python3.5/site-packages/ng/app/quota/quotahandle/handle.py'...
***   File "./lib/python3.5/site-packages/ng/app/quota/quotahandle/handle.py", line 22
    except AttributeError,msg :
                         ^
SyntaxError: invalid syntax

Listing './lib/python3.5/site-packages/ng/ftp'...
Compiling './lib/python3.5/site-packages/ng/ftp/attributefactory.py'...
***   File "./lib/python3.5/site-packages/ng/ftp/attributefactory.py", line 22
    print "Create FILE:",content_type, data
                       ^
SyntaxError: Missing parentheses in call to 'print'

Listing './lib/python3.5/site-packages/ng/ftp/default'...
Listing './lib/python3.5/site-packages/ng/ftp/etc'...
Compiling './lib/python3.5/site-packages/ng/ftp/readnotdirectory.py'...
***   File "./lib/python3.5/site-packages/ng/ftp/readnotdirectory.py", line 32
    raise KeyError,key
                  ^
SyntaxError: invalid syntax

Listing './lib/python3.5/site-packages/ng/ftp/widget'...
Compiling './lib/python3.5/site-packages/ng/ftp/widget/ftpwidget.py'...
***   File "./lib/python3.5/site-packages/ng/ftp/widget/ftpwidget.py", line 33
    except SyntaxError,msg :
                      ^
SyntaxError: invalid syntax

Compiling './lib/python3.5/site-packages/ng/ftp/widget/nsannotations4object.py'...
***   File "./lib/python3.5/site-packages/ng/ftp/widget/nsannotations4object.py", line 29
    print sys.excepthook(*sys.exc_info())
            ^
SyntaxError: invalid syntax

Compiling './lib/python3.5/site-packages/ng/ftp/widget/nsat4object.py'...
***   File "./lib/python3.5/site-packages/ng/ftp/widget/nsat4object.py", line 22
    print sys.excepthook(*sys.exc_info())
            ^
SyntaxError: invalid syntax

Compiling './lib/python3.5/site-packages/ng/ftp/writeattributes.py'...
***   File "./lib/python3.5/site-packages/ng/ftp/writeattributes.py", line 27
    print "VALUE!!",value
                  ^
SyntaxError: Missing parentheses in call to 'print'

Compiling './lib/python3.5/site-packages/ng/ftp/writedirectory.py'...
***   File "./lib/python3.5/site-packages/ng/ftp/writedirectory.py", line 25
    except Exception,msg :
                    ^
SyntaxError: invalid syntax

Listing './lib/python3.5/site-packages/ng/fuzzytraverser'...
Listing './lib/python3.5/site-packages/ng/fuzzytraverser/demo'...
Listing './lib/python3.5/site-packages/ng/fuzzytraverser/etc'...
Compiling './lib/python3.5/site-packages/ng/fuzzytraverser/fuzzytraverser.py'...
***   File "./lib/python3.5/site-packages/ng/fuzzytraverser/fuzzytraverser.py", line 49
    except LookupError,msg :
                      ^
SyntaxError: invalid syntax

Listing './lib/python3.5/site-packages/ng/fuzzytraverser/fuzzytraverserannotation'...
Listing './lib/python3.5/site-packages/ng/fuzzytraverser/fuzzytraverserannotation/browser'...
Listing './lib/python3.5/site-packages/ng/fuzzytraverser/fuzzytraverserinfo'...
Listing './lib/python3.5/site-packages/ng/fuzzytraverser/fuzzytraverserproperties'...
Listing './lib/python3.5/site-packages/ng/fuzzytraverser/fuzzytraverserproperties/browser'...
Listing './lib/python3.5/site-packages/ng/kit'...
Listing './lib/python3.5/site-packages/ng/kit/annotationremover'...
Listing './lib/python3.5/site-packages/ng/kit/annotationremover/browser'...
Listing './lib/python3.5/site-packages/ng/kit/etc'...
Listing './lib/python3.5/site-packages/ng/kit/fixintid'...
Compiling './lib/python3.5/site-packages/ng/kit/fixintid/fixintid.py'...
***   File "./lib/python3.5/site-packages/ng/kit/fixintid/fixintid.py", line 21
    print "getData"
                  ^
SyntaxError: Missing parentheses in call to 'print'

Listing './lib/python3.5/site-packages/ng/kit/fixparent'...
Listing './lib/python3.5/site-packages/ng/kit/fixparent/browser'...
Listing './lib/python3.5/site-packages/ng/kit/interfaceswitcher'...
Compiling './lib/python3.5/site-packages/ng/kit/interfaceswitcher/interfaceswitcher.py'...
*** Sorry: TabError: inconsistent use of tabs and spaces in indentation (interfaceswitcher.py, line 22)
Compiling './lib/python3.5/site-packages/ng/kit/interfaceswitcher/interfacevocabulary.py'...
***   File "./lib/python3.5/site-packages/ng/kit/interfaceswitcher/interfacevocabulary.py", line 33
    key = lambda (name,interface): name)
                 ^
SyntaxError: invalid syntax

Listing './lib/python3.5/site-packages/ng/site'...
Listing './lib/python3.5/site-packages/ng/site/addon'...
Listing './lib/python3.5/site-packages/ng/site/addon/extension'...
Listing './lib/python3.5/site-packages/ng/site/addon/extension/etc'...
Listing './lib/python3.5/site-packages/ng/site/addon/extension/fuzzytraverser'...
Listing './lib/python3.5/site-packages/ng/site/addon/extension/install'...
Listing './lib/python3.5/site-packages/ng/site/addon/extension/quota'...
Listing './lib/python3.5/site-packages/ng/xmlrpcscan'...
Listing './lib/python3.5/site-packages/ng/xmlrpcscan/browser'...
Compiling './lib/python3.5/site-packages/ng/xmlrpcscan/browser/xmlrpcedit.py'...
***   File "./lib/python3.5/site-packages/ng/xmlrpcscan/browser/xmlrpcedit.py", line 39
    except TypeError,msg :
                    ^
SyntaxError: invalid syntax

Listing './lib/python3.5/site-packages/ng/xmlrpcscan/etc'...
Compiling './lib/python3.5/site-packages/ng/xmlrpcscan/ngxmlrpcscan.py'...
***   File "./lib/python3.5/site-packages/ng/xmlrpcscan/ngxmlrpcscan.py", line 117
    print __doc__
                ^
SyntaxError: Missing parentheses in call to 'print'

Listing './lib/python3.5/site-packages/ng.adapter-0.2.1.egg-info'...
Listing './lib/python3.5/site-packages/ng.app.quota-1.1.0.egg-info'...
Listing './lib/python3.5/site-packages/ng.ftp-0.1.2.egg-info'...
Listing './lib/python3.5/site-packages/ng.fuzzytraverser-1.0.1.egg-info'...
Listing './lib/python3.5/site-packages/ng.kit-0.0.2.egg-info'...
Listing './lib/python3.5/site-packages/ng.site.addon.extension-1.1.4.egg-info'...
Listing './lib/python3.5/site-packages/ng.xmlrpcscan-0.0.6.egg-info'...
Listing './lib/python3.5/site-packages/pd'...
Listing './lib/python3.5/site-packages/pd/lib'...
Compiling './lib/python3.5/site-packages/pd/lib/fuzzyobject.py'...
***   File "./lib/python3.5/site-packages/pd/lib/fuzzyobject.py", line 24
    except AttributeError,msg :
                         ^
SyntaxError: invalid syntax

Compiling './lib/python3.5/site-packages/pd/lib/fuzzyobject_sample.py'...
***   File "./lib/python3.5/site-packages/pd/lib/fuzzyobject_sample.py", line 38
    print ob.name,ob.agg
           ^
SyntaxError: Missing parentheses in call to 'print'

Compiling './lib/python3.5/site-packages/pd/lib/linear_quantizator.py'...
***   File "./lib/python3.5/site-packages/pd/lib/linear_quantizator.py", line 99
    print x,y
          ^
SyntaxError: Missing parentheses in call to 'print'

Compiling './lib/python3.5/site-packages/pd/lib/topsort.py'...
***   File "./lib/python3.5/site-packages/pd/lib/topsort.py", line 50
    raise UnknownDependency, "Unknown dependency %s of %s" % (dep, obj)
                           ^
SyntaxError: invalid syntax

Compiling './lib/python3.5/site-packages/pd/lib/utility.py'...
***   File "./lib/python3.5/site-packages/pd/lib/utility.py", line 19
    except Exception, msg:
                    ^
SyntaxError: invalid syntax

Listing './lib/python3.5/site-packages/pd/refchecker'...
Listing './lib/python3.5/site-packages/pd/refchecker/browser'...
Compiling './lib/python3.5/site-packages/pd/refchecker/browser/xmlrpcgetreference.py'...
***   File "./lib/python3.5/site-packages/pd/refchecker/browser/xmlrpcgetreference.py", line 17
    print res
            ^
SyntaxError: Missing parentheses in call to 'print'

Listing './lib/python3.5/site-packages/pd/refchecker/etc'...
Compiling './lib/python3.5/site-packages/pd/refchecker/pdrefchecker.py'...
***   File "./lib/python3.5/site-packages/pd/refchecker/pdrefchecker.py", line 69
    print __doc__
                ^
SyntaxError: Missing parentheses in call to 'print'

Listing './lib/python3.5/site-packages/pd.lib-0.0.9.egg-info'...
Listing './lib/python3.5/site-packages/pd.refchecker-0.0.1.egg-info'...
Listing './lib/python3.5/site-packages/persistent'...
Listing './lib/python3.5/site-packages/persistent/tests'...
Listing './lib/python3.5/site-packages/persistent-4.2.4.2.dist-info'...
Listing './lib/python3.5/site-packages/pip'...
Listing './lib/python3.5/site-packages/pip/_vendor'...
Listing './lib/python3.5/site-packages/pip/commands'...
Listing './lib/python3.5/site-packages/pip/compat'...
Listing './lib/python3.5/site-packages/pip/models'...
Listing './lib/python3.5/site-packages/pip/operations'...
Listing './lib/python3.5/site-packages/pip/req'...
Listing './lib/python3.5/site-packages/pip/utils'...
Listing './lib/python3.5/site-packages/pip/vcs'...
Listing './lib/python3.5/site-packages/pip-9.0.1.dist-info'...
Listing './lib/python3.5/site-packages/pkg_resources'...
Listing './lib/python3.5/site-packages/pkg_resources/_vendor'...
Listing './lib/python3.5/site-packages/pkg_resources/_vendor/packaging'...
Listing './lib/python3.5/site-packages/pkg_resources/extern'...
Listing './lib/python3.5/site-packages/pkg_resources-0.0.0.dist-info'...
Listing './lib/python3.5/site-packages/python_gettext-3.0.egg-info'...
Listing './lib/python3.5/site-packages/pythongettext'...
Listing './lib/python3.5/site-packages/pythongettext/tests'...
Listing './lib/python3.5/site-packages/pytz'...
Listing './lib/python3.5/site-packages/pytz/zoneinfo'...
Listing './lib/python3.5/site-packages/pytz/zoneinfo/Africa'...
Listing './lib/python3.5/site-packages/pytz/zoneinfo/America'...
Listing './lib/python3.5/site-packages/pytz/zoneinfo/America/Argentina'...
Listing './lib/python3.5/site-packages/pytz/zoneinfo/America/Indiana'...
Listing './lib/python3.5/site-packages/pytz/zoneinfo/America/Kentucky'...
Listing './lib/python3.5/site-packages/pytz/zoneinfo/America/North_Dakota'...
Listing './lib/python3.5/site-packages/pytz/zoneinfo/Antarctica'...
Listing './lib/python3.5/site-packages/pytz/zoneinfo/Arctic'...
Listing './lib/python3.5/site-packages/pytz/zoneinfo/Asia'...
Listing './lib/python3.5/site-packages/pytz/zoneinfo/Atlantic'...
Listing './lib/python3.5/site-packages/pytz/zoneinfo/Australia'...
Listing './lib/python3.5/site-packages/pytz/zoneinfo/Brazil'...
Listing './lib/python3.5/site-packages/pytz/zoneinfo/Canada'...
Listing './lib/python3.5/site-packages/pytz/zoneinfo/Chile'...
Listing './lib/python3.5/site-packages/pytz/zoneinfo/Etc'...
Listing './lib/python3.5/site-packages/pytz/zoneinfo/Europe'...
Listing './lib/python3.5/site-packages/pytz/zoneinfo/Indian'...
Listing './lib/python3.5/site-packages/pytz/zoneinfo/Mexico'...
Listing './lib/python3.5/site-packages/pytz/zoneinfo/Pacific'...
Listing './lib/python3.5/site-packages/pytz/zoneinfo/US'...
Listing './lib/python3.5/site-packages/pytz-2017.3.dist-info'...
Listing './lib/python3.5/site-packages/setuptools'...
Listing './lib/python3.5/site-packages/setuptools/command'...
Listing './lib/python3.5/site-packages/setuptools/extern'...
Listing './lib/python3.5/site-packages/setuptools-32.3.1.dist-info'...
Listing './lib/python3.5/site-packages/six-1.11.0.dist-info'...
Listing './lib/python3.5/site-packages/transaction'...
Listing './lib/python3.5/site-packages/transaction/tests'...
Listing './lib/python3.5/site-packages/transaction-2.1.2.dist-info'...
Listing './lib/python3.5/site-packages/zope'...
Listing './lib/python3.5/site-packages/zope/annotation'...
Listing './lib/python3.5/site-packages/zope/annotation/tests'...
Listing './lib/python3.5/site-packages/zope/app'...
Listing './lib/python3.5/site-packages/zope/app/container'...
Listing './lib/python3.5/site-packages/zope/app/container/browser'...
Listing './lib/python3.5/site-packages/zope/app/container/browser/tests'...
Listing './lib/python3.5/site-packages/zope/app/container/tests'...
Listing './lib/python3.5/site-packages/zope/app/content'...
Listing './lib/python3.5/site-packages/zope/app/folder'...
Listing './lib/python3.5/site-packages/zope/app/folder/browser'...
Listing './lib/python3.5/site-packages/zope/browser'...
Listing './lib/python3.5/site-packages/zope/browsermenu'...
Listing './lib/python3.5/site-packages/zope/browsermenu/tests'...
Listing './lib/python3.5/site-packages/zope/browserpage'...
Listing './lib/python3.5/site-packages/zope/browserpage/tests'...
Listing './lib/python3.5/site-packages/zope/browserpage/tests/testfiles'...
Listing './lib/python3.5/site-packages/zope/component'...
Listing './lib/python3.5/site-packages/zope/component/testfiles'...
Listing './lib/python3.5/site-packages/zope/component/tests'...
Listing './lib/python3.5/site-packages/zope/componentvocabulary'...
Listing './lib/python3.5/site-packages/zope/componentvocabulary/tests'...
Listing './lib/python3.5/site-packages/zope/configuration'...
Listing './lib/python3.5/site-packages/zope/configuration/tests'...
Listing './lib/python3.5/site-packages/zope/configuration/tests/excludedemo'...
Listing './lib/python3.5/site-packages/zope/configuration/tests/excludedemo/sub'...
Listing './lib/python3.5/site-packages/zope/configuration/tests/samplepackage'...
Listing './lib/python3.5/site-packages/zope/container'...
Listing './lib/python3.5/site-packages/zope/container/tests'...
Listing './lib/python3.5/site-packages/zope/contenttype'...
Listing './lib/python3.5/site-packages/zope/contenttype/tests'...
Listing './lib/python3.5/site-packages/zope/copy'...
Listing './lib/python3.5/site-packages/zope/copy/tests'...
Listing './lib/python3.5/site-packages/zope/copypastemove'...
Listing './lib/python3.5/site-packages/zope/copypastemove/tests'...
Listing './lib/python3.5/site-packages/zope/datetime'...
Listing './lib/python3.5/site-packages/zope/datetime/tests'...
Listing './lib/python3.5/site-packages/zope/deprecation'...
Listing './lib/python3.5/site-packages/zope/dottedname'...
Listing './lib/python3.5/site-packages/zope/dublincore'...
Listing './lib/python3.5/site-packages/zope/dublincore/browser'...
Listing './lib/python3.5/site-packages/zope/dublincore/tests'...
Listing './lib/python3.5/site-packages/zope/event'...
Listing './lib/python3.5/site-packages/zope/exceptions'...
Listing './lib/python3.5/site-packages/zope/exceptions/tests'...
Listing './lib/python3.5/site-packages/zope/filerepresentation'...
Listing './lib/python3.5/site-packages/zope/i18n'...
Listing './lib/python3.5/site-packages/zope/i18n/interfaces'...
Listing './lib/python3.5/site-packages/zope/i18n/locales'...
Listing './lib/python3.5/site-packages/zope/i18n/locales/data'...
Listing './lib/python3.5/site-packages/zope/i18n/locales/tests'...
Listing './lib/python3.5/site-packages/zope/i18n/tests'...
Listing './lib/python3.5/site-packages/zope/i18n/tests/locale'...
Listing './lib/python3.5/site-packages/zope/i18n/tests/locale/de'...
Listing './lib/python3.5/site-packages/zope/i18n/tests/locale/de/LC_MESSAGES'...
Listing './lib/python3.5/site-packages/zope/i18n/tests/locale/en'...
Listing './lib/python3.5/site-packages/zope/i18n/tests/locale/en/LC_MESSAGES'...
Listing './lib/python3.5/site-packages/zope/i18n/tests/locale2'...
Listing './lib/python3.5/site-packages/zope/i18n/tests/locale2/en'...
Listing './lib/python3.5/site-packages/zope/i18n/tests/locale2/en/LC_MESSAGES'...
Listing './lib/python3.5/site-packages/zope/i18n/tests/locale3'...
Listing './lib/python3.5/site-packages/zope/i18n/tests/locale3/en'...
Listing './lib/python3.5/site-packages/zope/i18n/tests/locale3/en/LC_MESSAGES'...
Listing './lib/python3.5/site-packages/zope/i18nmessageid'...
Listing './lib/python3.5/site-packages/zope/interface'...
Listing './lib/python3.5/site-packages/zope/interface/common'...
Listing './lib/python3.5/site-packages/zope/interface/common/tests'...
Listing './lib/python3.5/site-packages/zope/interface/tests'...
Listing './lib/python3.5/site-packages/zope/lifecycleevent'...
Listing './lib/python3.5/site-packages/zope/location'...
Listing './lib/python3.5/site-packages/zope/location/tests'...
Listing './lib/python3.5/site-packages/zope/pagetemplate'...
Listing './lib/python3.5/site-packages/zope/pagetemplate/tests'...
Listing './lib/python3.5/site-packages/zope/pagetemplate/tests/input'...
Listing './lib/python3.5/site-packages/zope/pagetemplate/tests/output'...
Listing './lib/python3.5/site-packages/zope/proxy'...
Listing './lib/python3.5/site-packages/zope/proxy/tests'...
Listing './lib/python3.5/site-packages/zope/publisher'...
Listing './lib/python3.5/site-packages/zope/publisher/interfaces'...
Listing './lib/python3.5/site-packages/zope/publisher/tests'...
Listing './lib/python3.5/site-packages/zope/schema'...
Listing './lib/python3.5/site-packages/zope/schema/tests'...
Listing './lib/python3.5/site-packages/zope/security'...
Listing './lib/python3.5/site-packages/zope/security/examples'...
Listing './lib/python3.5/site-packages/zope/security/tests'...
Listing './lib/python3.5/site-packages/zope/site'...
Listing './lib/python3.5/site-packages/zope/site/tests'...
Listing './lib/python3.5/site-packages/zope/size'...
Listing './lib/python3.5/site-packages/zope/tal'...
Listing './lib/python3.5/site-packages/zope/tal/benchmark'...
Listing './lib/python3.5/site-packages/zope/tal/tests'...
Listing './lib/python3.5/site-packages/zope/tal/tests/input'...
Listing './lib/python3.5/site-packages/zope/tal/tests/output'...
Listing './lib/python3.5/site-packages/zope/tales'...
Listing './lib/python3.5/site-packages/zope/tales/tests'...
Listing './lib/python3.5/site-packages/zope/traversing'...
Listing './lib/python3.5/site-packages/zope/traversing/browser'...
Listing './lib/python3.5/site-packages/zope/traversing/tests'...
Listing './lib/python3.5/site-packages/zope.annotation-4.6.0.dist-info'...
Listing './lib/python3.5/site-packages/zope.app.container-4.0.0.dist-info'...
Listing './lib/python3.5/site-packages/zope.app.content-4.0.0.dist-info'...
Listing './lib/python3.5/site-packages/zope.app.folder-4.0.0.dist-info'...
Listing './lib/python3.5/site-packages/zope.browser-2.2.0.dist-info'...
Listing './lib/python3.5/site-packages/zope.browsermenu-4.3.0.dist-info'...
Listing './lib/python3.5/site-packages/zope.browserpage-4.2.0.dist-info'...
Listing './lib/python3.5/site-packages/zope.component-4.4.1.dist-info'...
Listing './lib/python3.5/site-packages/zope.componentvocabulary-2.1.0.dist-info'...
Listing './lib/python3.5/site-packages/zope.configuration-4.1.0.dist-info'...
Listing './lib/python3.5/site-packages/zope.container-4.2.1.egg-info'...
Listing './lib/python3.5/site-packages/zope.contenttype-4.3.0.dist-info'...
Listing './lib/python3.5/site-packages/zope.copy-4.1.0.dist-info'...
Listing './lib/python3.5/site-packages/zope.copypastemove-4.1.0.dist-info'...
Listing './lib/python3.5/site-packages/zope.datetime-4.2.0.dist-info'...
Listing './lib/python3.5/site-packages/zope.deprecation-4.3.0.dist-info'...
Listing './lib/python3.5/site-packages/zope.dottedname-4.2.dist-info'...
Listing './lib/python3.5/site-packages/zope.dublincore-4.2.0.dist-info'...
Listing './lib/python3.5/site-packages/zope.event-4.3.0.dist-info'...
Listing './lib/python3.5/site-packages/zope.exceptions-4.2.0.dist-info'...
Listing './lib/python3.5/site-packages/zope.filerepresentation-4.2.0.dist-info'...
Listing './lib/python3.5/site-packages/zope.i18n-4.3.1.dist-info'...
Listing './lib/python3.5/site-packages/zope.i18nmessageid-4.1.0.dist-info'...
Listing './lib/python3.5/site-packages/zope.interface-4.4.3.dist-info'...
Listing './lib/python3.5/site-packages/zope.lifecycleevent-4.2.0.dist-info'...
Listing './lib/python3.5/site-packages/zope.location-4.1.0.dist-info'...
Listing './lib/python3.5/site-packages/zope.pagetemplate-4.3.0.dist-info'...
Listing './lib/python3.5/site-packages/zope.proxy-4.3.0.egg-info'...
Listing './lib/python3.5/site-packages/zope.publisher-4.3.2.dist-info'...
Listing './lib/python3.5/site-packages/zope.schema-4.5.0.dist-info'...
Listing './lib/python3.5/site-packages/zope.security-4.2.2.egg-info'...
Listing './lib/python3.5/site-packages/zope.site-4.1.0.dist-info'...
Listing './lib/python3.5/site-packages/zope.size-4.2.0.dist-info'...
Listing './lib/python3.5/site-packages/zope.tal-4.3.0.dist-info'...
Listing './lib/python3.5/site-packages/zope.tales-4.2.0.dist-info'...
Listing './lib/python3.5/site-packages/zope.traversing-4.2.0.dist-info'...
Listing './share'...
Listing './share/python-wheels'...
