Listing '.'...
Listing './bin'...
Listing './include'...
Listing './lib'...
Listing './lib/python3.5'...
Listing './lib/python3.5/site-packages'...
Listing './lib/python3.5/site-packages/Chameleon-3.2.egg-info'...
Listing './lib/python3.5/site-packages/PasteDeploy-1.5.2.dist-info'...
Listing './lib/python3.5/site-packages/WebOb-1.8.0rc1.dist-info'...
Listing './lib/python3.5/site-packages/chameleon'...
Listing './lib/python3.5/site-packages/chameleon/tests'...
Listing './lib/python3.5/site-packages/chameleon/tests/inputs'...
Listing './lib/python3.5/site-packages/chameleon/tests/outputs'...
Listing './lib/python3.5/site-packages/chameleon/zpt'...
Listing './lib/python3.5/site-packages/html2text'...
Listing './lib/python3.5/site-packages/html2text-2018.1.9.dist-info'...
Listing './lib/python3.5/site-packages/hupper'...
Listing './lib/python3.5/site-packages/hupper-1.0.dist-info'...
Listing './lib/python3.5/site-packages/iso8601'...
Listing './lib/python3.5/site-packages/iso8601-0.1.12.dist-info'...
Listing './lib/python3.5/site-packages/nive'...
Listing './lib/python3.5/site-packages/nive/adminview'...
Listing './lib/python3.5/site-packages/nive/adminview/tests'...
Compiling './lib/python3.5/site-packages/nive/adminview/tests/test_configuration.py'...
***   File "./lib/python3.5/site-packages/nive/adminview/tests/test_configuration.py", line 20
    print FormatConfTestFailure(r)
                              ^
SyntaxError: invalid syntax

Compiling './lib/python3.5/site-packages/nive/application.py'...
***   File "./lib/python3.5/site-packages/nive/application.py", line 237
    raise KeyError, name
                  ^
SyntaxError: invalid syntax

Listing './lib/python3.5/site-packages/nive/cms'...
Listing './lib/python3.5/site-packages/nive/cms/cmsview'...
Compiling './lib/python3.5/site-packages/nive/cms/cmsview/cutcopy.py'...
***   File "./lib/python3.5/site-packages/nive/cms/cmsview/cutcopy.py", line 87
    raise TypeError, "Duplicate failed"
                   ^
SyntaxError: invalid syntax

Listing './lib/python3.5/site-packages/nive/cms/cmsview/static'...
Listing './lib/python3.5/site-packages/nive/cms/cmsview/static/images'...
Listing './lib/python3.5/site-packages/nive/cms/cmsview/static/images/types'...
Listing './lib/python3.5/site-packages/nive/cms/cmsview/static/mods'...
Listing './lib/python3.5/site-packages/nive/cms/cmsview/static/mods/bootstrap'...
Listing './lib/python3.5/site-packages/nive/cms/cmsview/static/mods/bootstrap/css'...
Listing './lib/python3.5/site-packages/nive/cms/cmsview/static/mods/bootstrap/img'...
Listing './lib/python3.5/site-packages/nive/cms/cmsview/static/mods/bootstrap/js'...
Listing './lib/python3.5/site-packages/nive/cms/cmsview/static/mods/ui'...
Listing './lib/python3.5/site-packages/nive/cms/cmsview/static/mods/ui/ui-lightness'...
Listing './lib/python3.5/site-packages/nive/cms/cmsview/static/overlay'...
Listing './lib/python3.5/site-packages/nive/cms/cmsview/static/toolbox'...
Listing './lib/python3.5/site-packages/nive/cms/cmsview/tests'...
Compiling './lib/python3.5/site-packages/nive/cms/cmsview/tests/test_configuration.py'...
***   File "./lib/python3.5/site-packages/nive/cms/cmsview/tests/test_configuration.py", line 26
    print FormatConfTestFailure(r)
                              ^
SyntaxError: invalid syntax

Compiling './lib/python3.5/site-packages/nive/cms/cmsview/view.py'...
***   File "./lib/python3.5/site-packages/nive/cms/cmsview/view.py", line 643
    except Exception, e:
                    ^
SyntaxError: invalid syntax

Listing './lib/python3.5/site-packages/nive/cms/cmsview/widgets'...
Listing './lib/python3.5/site-packages/nive/cms/design'...
Listing './lib/python3.5/site-packages/nive/cms/design/static'...
Listing './lib/python3.5/site-packages/nive/cms/design/static/bootstrap'...
Listing './lib/python3.5/site-packages/nive/cms/design/static/bootstrap/css'...
Listing './lib/python3.5/site-packages/nive/cms/design/static/bootstrap/img'...
Listing './lib/python3.5/site-packages/nive/cms/design/static/bootstrap/js'...
Listing './lib/python3.5/site-packages/nive/cms/design/static/imgs'...
Listing './lib/python3.5/site-packages/nive/cms/design/templates'...
Listing './lib/python3.5/site-packages/nive/cms/design/tests'...
Compiling './lib/python3.5/site-packages/nive/cms/design/tests/test_configuration.py'...
***   File "./lib/python3.5/site-packages/nive/cms/design/tests/test_configuration.py", line 19
    print FormatConfTestFailure(r)
                              ^
SyntaxError: invalid syntax

Compiling './lib/python3.5/site-packages/nive/cms/design/view.py'...
***   File "./lib/python3.5/site-packages/nive/cms/design/view.py", line 83
    raise ConfigurationError, "'design' view module configuration not found"
                            ^
SyntaxError: invalid syntax

Listing './lib/python3.5/site-packages/nive/cms/doc'...
Listing './lib/python3.5/site-packages/nive/cms/tests'...
Compiling './lib/python3.5/site-packages/nive/cms/tests/test_configuration.py'...
***   File "./lib/python3.5/site-packages/nive/cms/tests/test_configuration.py", line 26
    print FormatConfTestFailure(r)
                              ^
SyntaxError: invalid syntax

Listing './lib/python3.5/site-packages/nive/cms/workflow'...
Listing './lib/python3.5/site-packages/nive/cms/workflow/static'...
Listing './lib/python3.5/site-packages/nive/cms/workflow/templates'...
Listing './lib/python3.5/site-packages/nive/cms/workflow/tests'...
Compiling './lib/python3.5/site-packages/nive/cms/workflow/tests/test_configuration.py'...
***   File "./lib/python3.5/site-packages/nive/cms/workflow/tests/test_configuration.py", line 24
    print FormatConfTestFailure(r)
                              ^
SyntaxError: invalid syntax

Compiling './lib/python3.5/site-packages/nive/cms/workflow/view.py'...
***   File "./lib/python3.5/site-packages/nive/cms/workflow/view.py", line 85
    except Exception, e:
                    ^
SyntaxError: invalid syntax

Listing './lib/python3.5/site-packages/nive/components'...
Listing './lib/python3.5/site-packages/nive/components/extensions'...
Compiling './lib/python3.5/site-packages/nive/components/extensions/fulltextpage.py'...
***   File "./lib/python3.5/site-packages/nive/components/extensions/fulltextpage.py", line 175
    except Exception, e:
                    ^
SyntaxError: invalid syntax

Compiling './lib/python3.5/site-packages/nive/components/extensions/pages.py'...
***   File "./lib/python3.5/site-packages/nive/components/extensions/pages.py", line 330
    raise TypeError, "Column exists (%s)" % (name)
                   ^
SyntaxError: invalid syntax

Compiling './lib/python3.5/site-packages/nive/components/extensions/path.py'...
***   File "./lib/python3.5/site-packages/nive/components/extensions/path.py", line 121
    raise KeyError, id
                  ^
SyntaxError: invalid syntax

Compiling './lib/python3.5/site-packages/nive/components/extensions/persistence.py'...
***   File "./lib/python3.5/site-packages/nive/components/extensions/persistence.py", line 51
    raise TypeError, "subclass"
                   ^
SyntaxError: invalid syntax

Compiling './lib/python3.5/site-packages/nive/components/extensions/sessionuser.py'...
***   File "./lib/python3.5/site-packages/nive/components/extensions/sessionuser.py", line 69
    except Exception, e:
                    ^
SyntaxError: invalid syntax

Listing './lib/python3.5/site-packages/nive/components/extensions/tests'...
Compiling './lib/python3.5/site-packages/nive/components/extensions/tests/test_persistence.py'...
***   File "./lib/python3.5/site-packages/nive/components/extensions/tests/test_persistence.py", line 45
    print FormatConfTestFailure(r)
                              ^
SyntaxError: invalid syntax

Compiling './lib/python3.5/site-packages/nive/components/extensions/tests/test_sessionuser.py'...
***   File "./lib/python3.5/site-packages/nive/components/extensions/tests/test_sessionuser.py", line 23
    print FormatConfTestFailure(r)
                              ^
SyntaxError: invalid syntax

Listing './lib/python3.5/site-packages/nive/components/objects'...
Listing './lib/python3.5/site-packages/nive/components/reform'...
Compiling './lib/python3.5/site-packages/nive/components/reform/field.py'...
***   File "./lib/python3.5/site-packages/nive/components/reform/field.py", line 507
    except schema.Invalid, e:
                         ^
SyntaxError: invalid syntax

Compiling './lib/python3.5/site-packages/nive/components/reform/schema.py'...
***   File "./lib/python3.5/site-packages/nive/components/reform/schema.py", line 174
    except Invalid, e:
                  ^
SyntaxError: invalid syntax

Listing './lib/python3.5/site-packages/nive/components/reform/static'...
Listing './lib/python3.5/site-packages/nive/components/reform/static/codemirror'...
Listing './lib/python3.5/site-packages/nive/components/reform/static/codemirror/keymap'...
Listing './lib/python3.5/site-packages/nive/components/reform/static/codemirror/lib'...
Listing './lib/python3.5/site-packages/nive/components/reform/static/codemirror/lib/util'...
Listing './lib/python3.5/site-packages/nive/components/reform/static/codemirror/mode'...
Listing './lib/python3.5/site-packages/nive/components/reform/static/codemirror/mode/css'...
Listing './lib/python3.5/site-packages/nive/components/reform/static/codemirror/mode/diff'...
Listing './lib/python3.5/site-packages/nive/components/reform/static/codemirror/mode/htmlmixed'...
Listing './lib/python3.5/site-packages/nive/components/reform/static/codemirror/mode/javascript'...
Listing './lib/python3.5/site-packages/nive/components/reform/static/codemirror/mode/jinja2'...
Listing './lib/python3.5/site-packages/nive/components/reform/static/codemirror/mode/python'...
Listing './lib/python3.5/site-packages/nive/components/reform/static/codemirror/mode/rst'...
Listing './lib/python3.5/site-packages/nive/components/reform/static/codemirror/mode/xml'...
Listing './lib/python3.5/site-packages/nive/components/reform/static/codemirror/mode/xmlpure'...
Listing './lib/python3.5/site-packages/nive/components/reform/static/codemirror/mode/yaml'...
Listing './lib/python3.5/site-packages/nive/components/reform/static/codemirror/theme'...
Listing './lib/python3.5/site-packages/nive/components/reform/static/css'...
Listing './lib/python3.5/site-packages/nive/components/reform/static/css/ui-lightness'...
Listing './lib/python3.5/site-packages/nive/components/reform/static/css/ui-lightness/images'...
Listing './lib/python3.5/site-packages/nive/components/reform/static/scripts'...
Listing './lib/python3.5/site-packages/nive/components/reform/static/tinymce'...
Listing './lib/python3.5/site-packages/nive/components/reform/static/tinymce/examples'...
Listing './lib/python3.5/site-packages/nive/components/reform/static/tinymce/jscripts'...
Listing './lib/python3.5/site-packages/nive/components/reform/static/tinymce/jscripts/tiny_mce'...
Listing './lib/python3.5/site-packages/nive/components/reform/templates'...
Listing './lib/python3.5/site-packages/nive/components/reform/tests'...
Listing './lib/python3.5/site-packages/nive/components/reform/tests/fixtures'...
Compiling './lib/python3.5/site-packages/nive/components/reform/tests/test_configuration.py'...
***   File "./lib/python3.5/site-packages/nive/components/reform/tests/test_configuration.py", line 19
    print FormatConfTestFailure(r)
                              ^
SyntaxError: invalid syntax

Compiling './lib/python3.5/site-packages/nive/components/reform/tests/test_field.py'...
***   File "./lib/python3.5/site-packages/nive/components/reform/tests/test_field.py", line 7
    except ValidationFailure, e:
                            ^
SyntaxError: invalid syntax

Compiling './lib/python3.5/site-packages/nive/components/reform/tests/test_form.py'...
***   File "./lib/python3.5/site-packages/nive/components/reform/tests/test_form.py", line 69
    except reform.ValidationFailure, e:
                                   ^
SyntaxError: invalid syntax

Compiling './lib/python3.5/site-packages/nive/components/reform/tests/test_functional.py'...
***   File "./lib/python3.5/site-packages/nive/components/reform/tests/test_functional.py", line 67
    except ValidationFailure, ve:
                            ^
SyntaxError: invalid syntax

Compiling './lib/python3.5/site-packages/nive/components/reform/tests/test_schema.py'...
***   File "./lib/python3.5/site-packages/nive/components/reform/tests/test_schema.py", line 7
    except Invalid, e:
                  ^
SyntaxError: invalid syntax

Compiling './lib/python3.5/site-packages/nive/components/reform/tests/test_widget.py'...
***   File "./lib/python3.5/site-packages/nive/components/reform/tests/test_widget.py", line 7
    except Invalid, e:
                  ^
SyntaxError: invalid syntax

Compiling './lib/python3.5/site-packages/nive/components/reform/widget.py'...
***   File "./lib/python3.5/site-packages/nive/components/reform/widget.py", line 196
    except Invalid, e:
                  ^
SyntaxError: invalid syntax

Listing './lib/python3.5/site-packages/nive/components/tools'...
Compiling './lib/python3.5/site-packages/nive/components/tools/dbStructureUpdater.py'...
***   File "./lib/python3.5/site-packages/nive/components/tools/dbStructureUpdater.py", line 110
    except OperationalError, e:
                           ^
SyntaxError: invalid syntax

Compiling './lib/python3.5/site-packages/nive/components/tools/sendMail.py'...
***   File "./lib/python3.5/site-packages/nive/components/tools/sendMail.py", line 153
    raise ConfigurationError, "Empty mail host"
                            ^
SyntaxError: invalid syntax

Listing './lib/python3.5/site-packages/nive/components/tools/tests'...
Compiling './lib/python3.5/site-packages/nive/components/tools/tests/test_cmsstatistics.py'...
***   File "./lib/python3.5/site-packages/nive/components/tools/tests/test_cmsstatistics.py", line 20
    print FormatConfTestFailure(r)
                              ^
SyntaxError: invalid syntax

Compiling './lib/python3.5/site-packages/nive/components/tools/tests/test_dbSqldataDump.py'...
***   File "./lib/python3.5/site-packages/nive/components/tools/tests/test_dbSqldataDump.py", line 20
    print FormatConfTestFailure(r)
                              ^
SyntaxError: invalid syntax

Compiling './lib/python3.5/site-packages/nive/components/tools/tests/test_dbStructureUpdater.py'...
***   File "./lib/python3.5/site-packages/nive/components/tools/tests/test_dbStructureUpdater.py", line 24
    print FormatConfTestFailure(r)
                              ^
SyntaxError: invalid syntax

Compiling './lib/python3.5/site-packages/nive/components/tools/tests/test_sendMail.py'...
***   File "./lib/python3.5/site-packages/nive/components/tools/tests/test_sendMail.py", line 26
    print FormatConfTestFailure(r)
                              ^
SyntaxError: invalid syntax

Compiling './lib/python3.5/site-packages/nive/container.py'...
***   File "./lib/python3.5/site-packages/nive/container.py", line 52
    raise KeyError, id
                  ^
SyntaxError: invalid syntax

Compiling './lib/python3.5/site-packages/nive/definitions.py'...
***   File "./lib/python3.5/site-packages/nive/definitions.py", line 332
    raise AttributeError, key
                        ^
SyntaxError: invalid syntax

Compiling './lib/python3.5/site-packages/nive/events.py'...
***   File "./lib/python3.5/site-packages/nive/events.py", line 130
    except Exception, e:
                    ^
SyntaxError: invalid syntax

Compiling './lib/python3.5/site-packages/nive/forms.py'...
***   File "./lib/python3.5/site-packages/nive/forms.py", line 274
    raise ConfigurationError, "Type not found (%s)" % (str(typeOrConfiguration))
                            ^
SyntaxError: invalid syntax

Compiling './lib/python3.5/site-packages/nive/helper.py'...
***   File "./lib/python3.5/site-packages/nive/helper.py", line 121
    raise TypeError, "Configuration type not defined"
                   ^
SyntaxError: invalid syntax

Listing './lib/python3.5/site-packages/nive/locale'...
Listing './lib/python3.5/site-packages/nive/locale/de'...
Listing './lib/python3.5/site-packages/nive/locale/de/LC_MESSAGES'...
Compiling './lib/python3.5/site-packages/nive/objects.py'...
***   File "./lib/python3.5/site-packages/nive/objects.py", line 341
    raise WorkflowNotAllowed, "Workflow: Not allowed (edit)"
                            ^
SyntaxError: invalid syntax

Compiling './lib/python3.5/site-packages/nive/portal.py'...
***   File "./lib/python3.5/site-packages/nive/portal.py", line 98
    raise KeyError, name
                  ^
SyntaxError: invalid syntax

Listing './lib/python3.5/site-packages/nive/scaffolds'...
Compiling './lib/python3.5/site-packages/nive/scaffolds/__init__.py'...
***   File "./lib/python3.5/site-packages/nive/scaffolds/__init__.py", line 87
    print "Please enter MySql database settings for the website. Two databases will be used, one for website contents ",
                                                                                                                      ^
SyntaxError: Missing parentheses in call to 'print'

Listing './lib/python3.5/site-packages/nive/scaffolds/defaultWebsite'...
Listing './lib/python3.5/site-packages/nive/scaffolds/defaultWebsite/+package+'...
Listing './lib/python3.5/site-packages/nive/scaffolds/defaultWebsite/+package+/static'...
Listing './lib/python3.5/site-packages/nive/scaffolds/defaultWebsite/+package+/static/imgs'...
Listing './lib/python3.5/site-packages/nive/scaffolds/defaultWebsite/+package+/templates'...
Compiling './lib/python3.5/site-packages/nive/search.py'...
***   File "./lib/python3.5/site-packages/nive/search.py", line 120
    raise TypeError, "No fields specified"
                   ^
SyntaxError: invalid syntax

Listing './lib/python3.5/site-packages/nive/tests'...
Compiling './lib/python3.5/site-packages/nive/tests/appPy_batch.py'...
***   File "./lib/python3.5/site-packages/nive/tests/appPy_batch.py", line 19
    print "1) Testing objects create / delete, 3 level, no files"
                                                                ^
SyntaxError: Missing parentheses in call to 'print'

Compiling './lib/python3.5/site-packages/nive/tests/test_view.py'...
***   File "./lib/python3.5/site-packages/nive/tests/test_view.py", line 55
    raise Unauthorized, "test"
                      ^
SyntaxError: invalid syntax

Compiling './lib/python3.5/site-packages/nive/tools.py'...
***   File "./lib/python3.5/site-packages/nive/tools.py", line 83
    raise ConfigurationError, "Tool configuration is None. Please load the tool by referencing the tool configuration."
                            ^
SyntaxError: invalid syntax

Listing './lib/python3.5/site-packages/nive/userdb'...
Compiling './lib/python3.5/site-packages/nive/userdb/root.py'...
***   File "./lib/python3.5/site-packages/nive/userdb/root.py", line 109
    except Exception, e:
                    ^
SyntaxError: invalid syntax

Listing './lib/python3.5/site-packages/nive/userdb/tests'...
Compiling './lib/python3.5/site-packages/nive/userdb/tests/test_configuration.py'...
***   File "./lib/python3.5/site-packages/nive/userdb/tests/test_configuration.py", line 21
    print FormatConfTestFailure(r)
                              ^
SyntaxError: invalid syntax

Listing './lib/python3.5/site-packages/nive/userdb/useradmin'...
Listing './lib/python3.5/site-packages/nive/userdb/useradmin/tests'...
Compiling './lib/python3.5/site-packages/nive/userdb/useradmin/tests/test_configuration.py'...
***   File "./lib/python3.5/site-packages/nive/userdb/useradmin/tests/test_configuration.py", line 20
    print FormatConfTestFailure(r)
                              ^
SyntaxError: invalid syntax

Listing './lib/python3.5/site-packages/nive/userdb/userview'...
Listing './lib/python3.5/site-packages/nive/userdb/userview/static'...
Listing './lib/python3.5/site-packages/nive/userdb/userview/tests'...
Compiling './lib/python3.5/site-packages/nive/userdb/userview/tests/test_configuration.py'...
***   File "./lib/python3.5/site-packages/nive/userdb/userview/tests/test_configuration.py", line 19
    print FormatConfTestFailure(r)
                              ^
SyntaxError: invalid syntax

Compiling './lib/python3.5/site-packages/nive/userdb/userview/view.py'...
***   File "./lib/python3.5/site-packages/nive/userdb/userview/view.py", line 131
    raise Unauthorized, "User not found."
                      ^
SyntaxError: invalid syntax

Listing './lib/python3.5/site-packages/nive/utils'...
Listing './lib/python3.5/site-packages/nive/utils/dataPool2'...
Compiling './lib/python3.5/site-packages/nive/utils/dataPool2/base.py'...
***   File "./lib/python3.5/site-packages/nive/utils/dataPool2/base.py", line 149
    raise ConnectionError, "No Connection"
                         ^
SyntaxError: invalid syntax

Compiling './lib/python3.5/site-packages/nive/utils/dataPool2/connection.py'...
***   File "./lib/python3.5/site-packages/nive/utils/dataPool2/connection.py", line 63
    raise OperationalError, "Database is closed"
                          ^
SyntaxError: invalid syntax

Compiling './lib/python3.5/site-packages/nive/utils/dataPool2/dbManager.py'...
***   File "./lib/python3.5/site-packages/nive/utils/dataPool2/dbManager.py", line 112
    raise OperationalError, "timeout create table"
                          ^
SyntaxError: invalid syntax

Compiling './lib/python3.5/site-packages/nive/utils/dataPool2/files.py'...
***   File "./lib/python3.5/site-packages/nive/utils/dataPool2/files.py", line 187
    raise IOError, "File too big"
                 ^
SyntaxError: invalid syntax

Compiling './lib/python3.5/site-packages/nive/utils/dataPool2/mySqlPool.py'...
***   File "./lib/python3.5/site-packages/nive/utils/dataPool2/mySqlPool.py", line 39
    raise ImportError, "Python MySQLdb not available. Try 'pip install MySQL-python' to install the package."
                     ^
SyntaxError: invalid syntax

Compiling './lib/python3.5/site-packages/nive/utils/dataPool2/sqlite3Pool.py'...
***   File "./lib/python3.5/site-packages/nive/utils/dataPool2/sqlite3Pool.py", line 75
    raise OperationalError, "Connection failed. Database name is empty."
                          ^
SyntaxError: invalid syntax

Listing './lib/python3.5/site-packages/nive/utils/dataPool2/tests'...
Compiling './lib/python3.5/site-packages/nive/utils/dataPool2/tests/Sqlite3_threads.py'...
***   File "./lib/python3.5/site-packages/nive/utils/dataPool2/tests/Sqlite3_threads.py", line 50
    print "starting thread %s"%self.name
                             ^
SyntaxError: Missing parentheses in call to 'print'

Compiling './lib/python3.5/site-packages/nive/utils/dataPool2/tests/batchcreate.py'...
***   File "./lib/python3.5/site-packages/nive/utils/dataPool2/tests/batchcreate.py", line 21
    print "Create", n, "entries (data+meta+file): ",
                 ^
SyntaxError: invalid syntax

Compiling './lib/python3.5/site-packages/nive/utils/dataPool2/tests/performance_test.py'...
***   File "./lib/python3.5/site-packages/nive/utils/dataPool2/tests/performance_test.py", line 26
    print ".",
            ^
SyntaxError: Missing parentheses in call to 'print'

Compiling './lib/python3.5/site-packages/nive/utils/dataPool2/tests/slow_queries.py'...
***   File "./lib/python3.5/site-packages/nive/utils/dataPool2/tests/slow_queries.py", line 19
    print "SQL Query filename (text index) result=all, sort=filename, operator=like: ",
                                                                                     ^
SyntaxError: invalid syntax

Compiling './lib/python3.5/site-packages/nive/utils/path.py'...
***   File "./lib/python3.5/site-packages/nive/utils/path.py", line 349
    except Exception, e:
                    ^
SyntaxError: invalid syntax

Listing './lib/python3.5/site-packages/nive/utils/tests'...
Compiling './lib/python3.5/site-packages/nive/utils/utils.py'...
***   File "./lib/python3.5/site-packages/nive/utils/utils.py", line 62
    except (iso8601.ParseError, TypeError), e:
                                          ^
SyntaxError: invalid syntax

Compiling './lib/python3.5/site-packages/nive/views.py'...
***   File "./lib/python3.5/site-packages/nive/views.py", line 315
    raise ConfigurationError, "Template not found: %(name)s %(type)s." % {"name": templatename, "type": self.context.configuration.id}
                            ^
SyntaxError: invalid syntax

Compiling './lib/python3.5/site-packages/nive/workflow.py'...
***   File "./lib/python3.5/site-packages/nive/workflow.py", line 361
    raise WorkflowNotAllowed, "Workflow: Not allowed (%s)"%(action)
                            ^
SyntaxError: invalid syntax

Listing './lib/python3.5/site-packages/nive-0.9.11.egg-info'...
Listing './lib/python3.5/site-packages/nive_userdb'...
Listing './lib/python3.5/site-packages/nive_userdb/extensions'...
Compiling './lib/python3.5/site-packages/nive_userdb/extensions/sessionuser.py'...
***   File "./lib/python3.5/site-packages/nive_userdb/extensions/sessionuser.py", line 56
    except Exception, e:
                    ^
SyntaxError: invalid syntax

Listing './lib/python3.5/site-packages/nive_userdb/extensions/tests'...
Compiling './lib/python3.5/site-packages/nive_userdb/extensions/tests/test_sessionuser.py'...
***   File "./lib/python3.5/site-packages/nive_userdb/extensions/tests/test_sessionuser.py", line 26
    print FormatConfTestFailure(r)
                              ^
SyntaxError: invalid syntax

Listing './lib/python3.5/site-packages/nive_userdb/locale'...
Listing './lib/python3.5/site-packages/nive_userdb/locale/de'...
Listing './lib/python3.5/site-packages/nive_userdb/locale/de/LC_MESSAGES'...
Listing './lib/python3.5/site-packages/nive_userdb/locale/fr'...
Listing './lib/python3.5/site-packages/nive_userdb/locale/fr/LC_MESSAGES'...
Compiling './lib/python3.5/site-packages/nive_userdb/root.py'...
***   File "./lib/python3.5/site-packages/nive_userdb/root.py", line 116
    raise ConfigurationError, "Mail tool 'sendMail' not found"
                            ^
SyntaxError: invalid syntax

Listing './lib/python3.5/site-packages/nive_userdb/tests'...
Compiling './lib/python3.5/site-packages/nive_userdb/tests/test_configuration.py'...
***   File "./lib/python3.5/site-packages/nive_userdb/tests/test_configuration.py", line 21
    print FormatConfTestFailure(r)
                              ^
SyntaxError: invalid syntax

Listing './lib/python3.5/site-packages/nive_userdb/useradmin'...
Listing './lib/python3.5/site-packages/nive_userdb/useradmin/tests'...
Compiling './lib/python3.5/site-packages/nive_userdb/useradmin/tests/test_configuration.py'...
***   File "./lib/python3.5/site-packages/nive_userdb/useradmin/tests/test_configuration.py", line 20
    print FormatConfTestFailure(r)
                              ^
SyntaxError: invalid syntax

Listing './lib/python3.5/site-packages/nive_userdb/userview'...
Listing './lib/python3.5/site-packages/nive_userdb/userview/mails'...
Listing './lib/python3.5/site-packages/nive_userdb/userview/static'...
Listing './lib/python3.5/site-packages/nive_userdb/userview/tests'...
Compiling './lib/python3.5/site-packages/nive_userdb/userview/tests/test_configuration.py'...
***   File "./lib/python3.5/site-packages/nive_userdb/userview/tests/test_configuration.py", line 19
    print FormatConfTestFailure(r)
                              ^
SyntaxError: invalid syntax

Compiling './lib/python3.5/site-packages/nive_userdb/userview/view.py'...
***   File "./lib/python3.5/site-packages/nive_userdb/userview/view.py", line 749
    raise Unauthorized, "User not found."
                      ^
SyntaxError: invalid syntax

Listing './lib/python3.5/site-packages/nive_userdb-1.0rc1.egg-info'...
Listing './lib/python3.5/site-packages/paste'...
Listing './lib/python3.5/site-packages/paste/deploy'...
Listing './lib/python3.5/site-packages/paste/deploy/paster_templates'...
Listing './lib/python3.5/site-packages/paste/deploy/paster_templates/paste_deploy'...
Listing './lib/python3.5/site-packages/paste/deploy/paster_templates/paste_deploy/+package+'...
Listing './lib/python3.5/site-packages/paste/deploy/paster_templates/paste_deploy/docs'...
Listing './lib/python3.5/site-packages/pip'...
Listing './lib/python3.5/site-packages/pip/_vendor'...
Listing './lib/python3.5/site-packages/pip/commands'...
Listing './lib/python3.5/site-packages/pip/compat'...
Listing './lib/python3.5/site-packages/pip/models'...
Listing './lib/python3.5/site-packages/pip/operations'...
Listing './lib/python3.5/site-packages/pip/req'...
Listing './lib/python3.5/site-packages/pip/utils'...
Listing './lib/python3.5/site-packages/pip/vcs'...
Listing './lib/python3.5/site-packages/pip-9.0.1.dist-info'...
Listing './lib/python3.5/site-packages/pkg_resources'...
Listing './lib/python3.5/site-packages/pkg_resources/_vendor'...
Listing './lib/python3.5/site-packages/pkg_resources/_vendor/packaging'...
Listing './lib/python3.5/site-packages/pkg_resources/extern'...
Listing './lib/python3.5/site-packages/pkg_resources-0.0.0.dist-info'...
Listing './lib/python3.5/site-packages/plaster'...
Listing './lib/python3.5/site-packages/plaster-1.0.dist-info'...
Listing './lib/python3.5/site-packages/plaster_pastedeploy'...
Listing './lib/python3.5/site-packages/plaster_pastedeploy-0.4.2.dist-info'...
Listing './lib/python3.5/site-packages/pyramid'...
Listing './lib/python3.5/site-packages/pyramid/config'...
Listing './lib/python3.5/site-packages/pyramid/scaffolds'...
Listing './lib/python3.5/site-packages/pyramid/scaffolds/alchemy'...
Listing './lib/python3.5/site-packages/pyramid/scaffolds/alchemy/+package+'...
Listing './lib/python3.5/site-packages/pyramid/scaffolds/alchemy/+package+/models'...
Listing './lib/python3.5/site-packages/pyramid/scaffolds/alchemy/+package+/scripts'...
Listing './lib/python3.5/site-packages/pyramid/scaffolds/alchemy/+package+/static'...
Listing './lib/python3.5/site-packages/pyramid/scaffolds/alchemy/+package+/templates'...
Listing './lib/python3.5/site-packages/pyramid/scaffolds/alchemy/+package+/views'...
Listing './lib/python3.5/site-packages/pyramid/scaffolds/starter'...
Listing './lib/python3.5/site-packages/pyramid/scaffolds/starter/+package+'...
Listing './lib/python3.5/site-packages/pyramid/scaffolds/starter/+package+/static'...
Listing './lib/python3.5/site-packages/pyramid/scaffolds/starter/+package+/templates'...
Listing './lib/python3.5/site-packages/pyramid/scaffolds/zodb'...
Listing './lib/python3.5/site-packages/pyramid/scaffolds/zodb/+package+'...
Listing './lib/python3.5/site-packages/pyramid/scaffolds/zodb/+package+/static'...
Listing './lib/python3.5/site-packages/pyramid/scaffolds/zodb/+package+/templates'...
Listing './lib/python3.5/site-packages/pyramid/scripts'...
Listing './lib/python3.5/site-packages/pyramid/tests'...
Listing './lib/python3.5/site-packages/pyramid/tests/fixtures'...
Listing './lib/python3.5/site-packages/pyramid/tests/fixtures/static'...
Listing './lib/python3.5/site-packages/pyramid/tests/fixtures/static/subdir'...
Listing './lib/python3.5/site-packages/pyramid/tests/pkgs'...
Listing './lib/python3.5/site-packages/pyramid/tests/pkgs/ccbugapp'...
Listing './lib/python3.5/site-packages/pyramid/tests/pkgs/conflictapp'...
Listing './lib/python3.5/site-packages/pyramid/tests/pkgs/defpermbugapp'...
Listing './lib/python3.5/site-packages/pyramid/tests/pkgs/eventonly'...
Listing './lib/python3.5/site-packages/pyramid/tests/pkgs/exceptionviewapp'...
Listing './lib/python3.5/site-packages/pyramid/tests/pkgs/fixtureapp'...
Listing './lib/python3.5/site-packages/pyramid/tests/pkgs/fixtureapp/subpackage'...
Listing './lib/python3.5/site-packages/pyramid/tests/pkgs/forbiddenapp'...
Listing './lib/python3.5/site-packages/pyramid/tests/pkgs/forbiddenview'...
Listing './lib/python3.5/site-packages/pyramid/tests/pkgs/hybridapp'...
Listing './lib/python3.5/site-packages/pyramid/tests/pkgs/includeapp1'...
Listing './lib/python3.5/site-packages/pyramid/tests/pkgs/localeapp'...
Listing './lib/python3.5/site-packages/pyramid/tests/pkgs/localeapp/locale'...
Listing './lib/python3.5/site-packages/pyramid/tests/pkgs/localeapp/locale/be'...
Listing './lib/python3.5/site-packages/pyramid/tests/pkgs/localeapp/locale/de'...
Listing './lib/python3.5/site-packages/pyramid/tests/pkgs/localeapp/locale/de/LC_MESSAGES'...
Listing './lib/python3.5/site-packages/pyramid/tests/pkgs/localeapp/locale/de_DE'...
Listing './lib/python3.5/site-packages/pyramid/tests/pkgs/localeapp/locale/de_DE/LC_MESSAGES'...
Listing './lib/python3.5/site-packages/pyramid/tests/pkgs/localeapp/locale/en'...
Listing './lib/python3.5/site-packages/pyramid/tests/pkgs/localeapp/locale/en/LC_MESSAGES'...
Listing './lib/python3.5/site-packages/pyramid/tests/pkgs/localeapp/locale2'...
Listing './lib/python3.5/site-packages/pyramid/tests/pkgs/localeapp/locale2/be'...
Listing './lib/python3.5/site-packages/pyramid/tests/pkgs/localeapp/locale2/de'...
Listing './lib/python3.5/site-packages/pyramid/tests/pkgs/localeapp/locale2/de/LC_MESSAGES'...
Listing './lib/python3.5/site-packages/pyramid/tests/pkgs/localeapp/locale2/en'...
Listing './lib/python3.5/site-packages/pyramid/tests/pkgs/localeapp/locale2/en/LC_MESSAGES'...
Listing './lib/python3.5/site-packages/pyramid/tests/pkgs/localeapp/locale3'...
Listing './lib/python3.5/site-packages/pyramid/tests/pkgs/localeapp/locale3/be'...
Listing './lib/python3.5/site-packages/pyramid/tests/pkgs/localeapp/locale3/de'...
Listing './lib/python3.5/site-packages/pyramid/tests/pkgs/localeapp/locale3/de/LC_MESSAGES'...
Listing './lib/python3.5/site-packages/pyramid/tests/pkgs/localeapp/locale3/en'...
Listing './lib/python3.5/site-packages/pyramid/tests/pkgs/localeapp/locale3/en/LC_MESSAGES'...
Listing './lib/python3.5/site-packages/pyramid/tests/pkgs/notfoundview'...
Listing './lib/python3.5/site-packages/pyramid/tests/pkgs/permbugapp'...
Listing './lib/python3.5/site-packages/pyramid/tests/pkgs/rendererscanapp'...
Listing './lib/python3.5/site-packages/pyramid/tests/pkgs/rendererscanapp/two'...
Listing './lib/python3.5/site-packages/pyramid/tests/pkgs/restbugapp'...
Listing './lib/python3.5/site-packages/pyramid/tests/pkgs/static_abspath'...
Listing './lib/python3.5/site-packages/pyramid/tests/pkgs/static_assetspec'...
Listing './lib/python3.5/site-packages/pyramid/tests/pkgs/static_routeprefix'...
Listing './lib/python3.5/site-packages/pyramid/tests/pkgs/staticpermapp'...
Listing './lib/python3.5/site-packages/pyramid/tests/pkgs/subrequestapp'...
Listing './lib/python3.5/site-packages/pyramid/tests/pkgs/viewdecoratorapp'...
Listing './lib/python3.5/site-packages/pyramid/tests/pkgs/viewdecoratorapp/views'...
Listing './lib/python3.5/site-packages/pyramid/tests/pkgs/wsgiapp2app'...
Listing './lib/python3.5/site-packages/pyramid/tests/test_config'...
Listing './lib/python3.5/site-packages/pyramid/tests/test_config/files'...
Listing './lib/python3.5/site-packages/pyramid/tests/test_config/files/assets'...
Listing './lib/python3.5/site-packages/pyramid/tests/test_config/path'...
Listing './lib/python3.5/site-packages/pyramid/tests/test_config/path/scanerror'...
Listing './lib/python3.5/site-packages/pyramid/tests/test_config/pkgs'...
Listing './lib/python3.5/site-packages/pyramid/tests/test_config/pkgs/asset'...
Listing './lib/python3.5/site-packages/pyramid/tests/test_config/pkgs/asset/subpackage'...
Listing './lib/python3.5/site-packages/pyramid/tests/test_config/pkgs/asset/subpackage/templates'...
Listing './lib/python3.5/site-packages/pyramid/tests/test_config/pkgs/scanextrakw'...
Listing './lib/python3.5/site-packages/pyramid/tests/test_config/pkgs/scannable'...
Listing './lib/python3.5/site-packages/pyramid/tests/test_config/pkgs/scannable/pod'...
Listing './lib/python3.5/site-packages/pyramid/tests/test_config/pkgs/scannable/subpackage'...
Listing './lib/python3.5/site-packages/pyramid/tests/test_config/pkgs/scannable/subpackage/subsubpackage'...
Listing './lib/python3.5/site-packages/pyramid/tests/test_config/pkgs/selfscan'...
Listing './lib/python3.5/site-packages/pyramid/tests/test_scaffolds'...
Listing './lib/python3.5/site-packages/pyramid/tests/test_scaffolds/fixture_scaffold'...
Listing './lib/python3.5/site-packages/pyramid/tests/test_scaffolds/fixture_scaffold/+package+'...
Listing './lib/python3.5/site-packages/pyramid/tests/test_scaffolds/fixture_scaffold/+package+/static'...
Listing './lib/python3.5/site-packages/pyramid/tests/test_scaffolds/fixture_scaffold/+package+/templates'...
Listing './lib/python3.5/site-packages/pyramid/tests/test_scripts'...
Listing './lib/python3.5/site-packages/pyramid-1.9.1.dist-info'...
Listing './lib/python3.5/site-packages/pyramid_chameleon'...
Listing './lib/python3.5/site-packages/pyramid_chameleon/tests'...
Listing './lib/python3.5/site-packages/pyramid_chameleon/tests/fixtures'...
Listing './lib/python3.5/site-packages/pyramid_chameleon-0.3.egg-info'...
Listing './lib/python3.5/site-packages/repoze'...
Listing './lib/python3.5/site-packages/repoze/lru'...
Listing './lib/python3.5/site-packages/repoze.lru-0.7.dist-info'...
Listing './lib/python3.5/site-packages/setuptools'...
Listing './lib/python3.5/site-packages/setuptools/command'...
Listing './lib/python3.5/site-packages/setuptools/extern'...
Listing './lib/python3.5/site-packages/setuptools-32.3.1.dist-info'...
Listing './lib/python3.5/site-packages/translationstring'...
Listing './lib/python3.5/site-packages/translationstring/tests'...
Listing './lib/python3.5/site-packages/translationstring/tests/fixtures'...
Listing './lib/python3.5/site-packages/translationstring/tests/fixtures/locales'...
Listing './lib/python3.5/site-packages/translationstring/tests/fixtures/locales/de'...
Listing './lib/python3.5/site-packages/translationstring/tests/fixtures/locales/de/LC_MESSAGES'...
Listing './lib/python3.5/site-packages/translationstring-1.3.dist-info'...
Listing './lib/python3.5/site-packages/venusian'...
Listing './lib/python3.5/site-packages/venusian/tests'...
Listing './lib/python3.5/site-packages/venusian/tests/fixtures'...
Listing './lib/python3.5/site-packages/venusian/tests/fixtures/attrerror'...
Listing './lib/python3.5/site-packages/venusian/tests/fixtures/attrerror_package'...
Listing './lib/python3.5/site-packages/venusian/tests/fixtures/attrerror_package/will_cause_import_error'...
Listing './lib/python3.5/site-packages/venusian/tests/fixtures/import_and_scan'...
Listing './lib/python3.5/site-packages/venusian/tests/fixtures/importerror'...
Listing './lib/python3.5/site-packages/venusian/tests/fixtures/importerror_package'...
Listing './lib/python3.5/site-packages/venusian/tests/fixtures/importerror_package/will_cause_import_error'...
Listing './lib/python3.5/site-packages/venusian/tests/fixtures/importonly'...
Listing './lib/python3.5/site-packages/venusian/tests/fixtures/nested'...
Listing './lib/python3.5/site-packages/venusian/tests/fixtures/nested/sub1'...
Listing './lib/python3.5/site-packages/venusian/tests/fixtures/nested/sub1/subsub1'...
Listing './lib/python3.5/site-packages/venusian/tests/fixtures/nested/sub2'...
Listing './lib/python3.5/site-packages/venusian/tests/fixtures/nested/sub2/subsub2'...
Listing './lib/python3.5/site-packages/venusian/tests/fixtures/one'...
Listing './lib/python3.5/site-packages/venusian/tests/fixtures/pyc'...
Listing './lib/python3.5/site-packages/venusian/tests/fixtures/pyc/subpackage'...
Listing './lib/python3.5/site-packages/venusian/tests/fixtures/subpackages'...
Listing './lib/python3.5/site-packages/venusian/tests/fixtures/subpackages/childpackage'...
Listing './lib/python3.5/site-packages/venusian/tests/fixtures/two'...
Listing './lib/python3.5/site-packages/venusian-1.1.0.dist-info'...
Listing './lib/python3.5/site-packages/webob'...
Listing './lib/python3.5/site-packages/zope'...
Listing './lib/python3.5/site-packages/zope/deprecation'...
Listing './lib/python3.5/site-packages/zope/interface'...
Listing './lib/python3.5/site-packages/zope/interface/common'...
Listing './lib/python3.5/site-packages/zope/interface/common/tests'...
Listing './lib/python3.5/site-packages/zope/interface/tests'...
Listing './lib/python3.5/site-packages/zope.deprecation-4.3.0.dist-info'...
Listing './lib/python3.5/site-packages/zope.interface-4.4.3.dist-info'...
Listing './share'...
Listing './share/python-wheels'...
