Listing '.'...
Listing './bin'...
Listing './include'...
Listing './lib'...
Listing './lib/python3.5'...
Listing './lib/python3.5/site-packages'...
Listing './lib/python3.5/site-packages/PyPosAST-1.4.0.dist-info'...
Listing './lib/python3.5/site-packages/SQLAlchemy-1.2.0.egg-info'...
Listing './lib/python3.5/site-packages/future'...
Listing './lib/python3.5/site-packages/future/backports'...
Listing './lib/python3.5/site-packages/future/backports/email'...
Listing './lib/python3.5/site-packages/future/backports/email/mime'...
Listing './lib/python3.5/site-packages/future/backports/html'...
Listing './lib/python3.5/site-packages/future/backports/http'...
Listing './lib/python3.5/site-packages/future/backports/test'...
Listing './lib/python3.5/site-packages/future/backports/urllib'...
Listing './lib/python3.5/site-packages/future/backports/xmlrpc'...
Listing './lib/python3.5/site-packages/future/builtins'...
Listing './lib/python3.5/site-packages/future/moves'...
Listing './lib/python3.5/site-packages/future/moves/dbm'...
Listing './lib/python3.5/site-packages/future/moves/html'...
Listing './lib/python3.5/site-packages/future/moves/http'...
Listing './lib/python3.5/site-packages/future/moves/test'...
Listing './lib/python3.5/site-packages/future/moves/tkinter'...
Listing './lib/python3.5/site-packages/future/moves/urllib'...
Listing './lib/python3.5/site-packages/future/moves/xmlrpc'...
Listing './lib/python3.5/site-packages/future/standard_library'...
Listing './lib/python3.5/site-packages/future/tests'...
Listing './lib/python3.5/site-packages/future/types'...
Listing './lib/python3.5/site-packages/future/utils'...
Listing './lib/python3.5/site-packages/future-0.16.0.egg-info'...
Listing './lib/python3.5/site-packages/libfuturize'...
Listing './lib/python3.5/site-packages/libfuturize/fixes'...
Listing './lib/python3.5/site-packages/libpasteurize'...
Listing './lib/python3.5/site-packages/libpasteurize/fixes'...
Listing './lib/python3.5/site-packages/noworkflow'...
Listing './lib/python3.5/site-packages/noworkflow/now'...
Listing './lib/python3.5/site-packages/noworkflow/now/cmd'...
Listing './lib/python3.5/site-packages/noworkflow/now/collection'...
Listing './lib/python3.5/site-packages/noworkflow/now/collection/prov_definition'...
Listing './lib/python3.5/site-packages/noworkflow/now/collection/prov_deployment'...
Listing './lib/python3.5/site-packages/noworkflow/now/collection/prov_execution'...
Listing './lib/python3.5/site-packages/noworkflow/now/ipython'...
Listing './lib/python3.5/site-packages/noworkflow/now/ipython/magics'...
Listing './lib/python3.5/site-packages/noworkflow/now/models'...
Listing './lib/python3.5/site-packages/noworkflow/now/models/ast'...
Listing './lib/python3.5/site-packages/noworkflow/now/models/dependency_graph'...
Listing './lib/python3.5/site-packages/noworkflow/now/models/dependency_querier'...
Listing './lib/python3.5/site-packages/noworkflow/now/models/graphs'...
Listing './lib/python3.5/site-packages/noworkflow/now/persistence'...
Listing './lib/python3.5/site-packages/noworkflow/now/persistence/lightweight'...
Listing './lib/python3.5/site-packages/noworkflow/now/persistence/models'...
Listing './lib/python3.5/site-packages/noworkflow/now/utils'...
Listing './lib/python3.5/site-packages/noworkflow/now/vis'...
Listing './lib/python3.5/site-packages/noworkflow/now/vis/static'...
Listing './lib/python3.5/site-packages/noworkflow/now/vis/static/d3-v3.4.11'...
Listing './lib/python3.5/site-packages/noworkflow/now/vis/static/external'...
Listing './lib/python3.5/site-packages/noworkflow/now/vis/static/font-awesome-4.3.0'...
Listing './lib/python3.5/site-packages/noworkflow/now/vis/static/font-awesome-4.3.0/css'...
Listing './lib/python3.5/site-packages/noworkflow/now/vis/static/font-awesome-4.3.0/fonts'...
Listing './lib/python3.5/site-packages/noworkflow/now/vis/templates'...
Listing './lib/python3.5/site-packages/noworkflow/patterns'...
Listing './lib/python3.5/site-packages/noworkflow/patterns/rules'...
Listing './lib/python3.5/site-packages/noworkflow/resources'...
Listing './lib/python3.5/site-packages/noworkflow/resources/demo'...
Listing './lib/python3.5/site-packages/noworkflow/resources/demo/1'...
Listing './lib/python3.5/site-packages/noworkflow/resources/demo/1/step1'...
Listing './lib/python3.5/site-packages/noworkflow/resources/demo/1/step2'...
Listing './lib/python3.5/site-packages/noworkflow/resources/demo/1/step3'...
Listing './lib/python3.5/site-packages/noworkflow/resources/demo/2'...
Listing './lib/python3.5/site-packages/noworkflow/resources/demo/2/step1'...
Listing './lib/python3.5/site-packages/noworkflow/resources/demo/2/step2'...
Listing './lib/python3.5/site-packages/noworkflow/resources/demo/2/step3'...
Listing './lib/python3.5/site-packages/noworkflow/resources/demo/2/step4'...
Listing './lib/python3.5/site-packages/noworkflow/resources/demo/2/step5'...
Listing './lib/python3.5/site-packages/noworkflow/resources/demo/2016_ipaw_paper'...
Listing './lib/python3.5/site-packages/noworkflow/resources/demo/2016_ipaw_paper/step1'...
Listing './lib/python3.5/site-packages/noworkflow/resources/demo/2016_ipaw_paper/step2'...
Listing './lib/python3.5/site-packages/noworkflow/resources/demo/2016_ipaw_paper/step3'...
Listing './lib/python3.5/site-packages/noworkflow/resources/demo/2016_ipaw_paper/step4'...
Listing './lib/python3.5/site-packages/noworkflow/resources/demo/2016_ipaw_paper/step5'...
Listing './lib/python3.5/site-packages/noworkflow/resources/demo/2016_ipaw_paper/step6'...
Listing './lib/python3.5/site-packages/noworkflow/resources/demo/2016_scipyla'...
Listing './lib/python3.5/site-packages/noworkflow/resources/demo/2016_scipyla/step1'...
Listing './lib/python3.5/site-packages/noworkflow/resources/demo/annual_precipitation'...
Listing './lib/python3.5/site-packages/noworkflow/resources/demo/annual_precipitation/step1'...
Listing './lib/python3.5/site-packages/noworkflow/resources/demo/annual_precipitation/step2'...
Listing './lib/python3.5/site-packages/noworkflow/resources/demo/annual_precipitation/step3'...
Listing './lib/python3.5/site-packages/noworkflow/resources/demo/annual_precipitation/step4'...
Listing './lib/python3.5/site-packages/noworkflow/resources/helper'...
Listing './lib/python3.5/site-packages/noworkflow/tests'...
Listing './lib/python3.5/site-packages/noworkflow/tests/dependency'...
Listing './lib/python3.5/site-packages/noworkflow/tests/helpers'...
Listing './lib/python3.5/site-packages/noworkflow/tests/prov_definition'...
Listing './lib/python3.5/site-packages/noworkflow/tests/prov_execution'...
Listing './lib/python3.5/site-packages/noworkflow_alpha-2.0.0a0.dist-info'...
Listing './lib/python3.5/site-packages/past'...
Listing './lib/python3.5/site-packages/past/builtins'...
Listing './lib/python3.5/site-packages/past/tests'...
Listing './lib/python3.5/site-packages/past/translation'...
Listing './lib/python3.5/site-packages/past/types'...
Listing './lib/python3.5/site-packages/past/utils'...
Listing './lib/python3.5/site-packages/pip'...
Listing './lib/python3.5/site-packages/pip/_vendor'...
Listing './lib/python3.5/site-packages/pip/commands'...
Listing './lib/python3.5/site-packages/pip/compat'...
Listing './lib/python3.5/site-packages/pip/models'...
Listing './lib/python3.5/site-packages/pip/operations'...
Listing './lib/python3.5/site-packages/pip/req'...
Listing './lib/python3.5/site-packages/pip/utils'...
Listing './lib/python3.5/site-packages/pip/vcs'...
Listing './lib/python3.5/site-packages/pip-9.0.1.dist-info'...
Listing './lib/python3.5/site-packages/pkg_resources'...
Listing './lib/python3.5/site-packages/pkg_resources/_vendor'...
Listing './lib/python3.5/site-packages/pkg_resources/_vendor/packaging'...
Listing './lib/python3.5/site-packages/pkg_resources/extern'...
Listing './lib/python3.5/site-packages/pkg_resources-0.0.0.dist-info'...
Listing './lib/python3.5/site-packages/pyposast'...
Listing './lib/python3.5/site-packages/setuptools'...
Listing './lib/python3.5/site-packages/setuptools/command'...
Listing './lib/python3.5/site-packages/setuptools/extern'...
Listing './lib/python3.5/site-packages/setuptools-32.3.1.dist-info'...
Listing './lib/python3.5/site-packages/sqlalchemy'...
Listing './lib/python3.5/site-packages/sqlalchemy/connectors'...
Listing './lib/python3.5/site-packages/sqlalchemy/databases'...
Listing './lib/python3.5/site-packages/sqlalchemy/dialects'...
Listing './lib/python3.5/site-packages/sqlalchemy/dialects/firebird'...
Listing './lib/python3.5/site-packages/sqlalchemy/dialects/mssql'...
Listing './lib/python3.5/site-packages/sqlalchemy/dialects/mysql'...
Listing './lib/python3.5/site-packages/sqlalchemy/dialects/oracle'...
Listing './lib/python3.5/site-packages/sqlalchemy/dialects/postgresql'...
Listing './lib/python3.5/site-packages/sqlalchemy/dialects/sqlite'...
Listing './lib/python3.5/site-packages/sqlalchemy/dialects/sybase'...
Listing './lib/python3.5/site-packages/sqlalchemy/engine'...
Listing './lib/python3.5/site-packages/sqlalchemy/event'...
Listing './lib/python3.5/site-packages/sqlalchemy/ext'...
Listing './lib/python3.5/site-packages/sqlalchemy/ext/declarative'...
Listing './lib/python3.5/site-packages/sqlalchemy/orm'...
Listing './lib/python3.5/site-packages/sqlalchemy/sql'...
Listing './lib/python3.5/site-packages/sqlalchemy/testing'...
Listing './lib/python3.5/site-packages/sqlalchemy/testing/plugin'...
Listing './lib/python3.5/site-packages/sqlalchemy/testing/suite'...
Listing './lib/python3.5/site-packages/sqlalchemy/util'...
Listing './share'...
Listing './share/python-wheels'...
