Listing '.'...
Listing './bin'...
Compiling './bin/vba_extract.py'...
Listing './include'...
Listing './lib'...
Listing './lib/python3.5'...
Listing './lib/python3.5/site-packages'...
Listing './lib/python3.5/site-packages/PIL'...
Listing './lib/python3.5/site-packages/PIL/.libs'...
Listing './lib/python3.5/site-packages/Pillow-5.0.0.dist-info'...
Listing './lib/python3.5/site-packages/XlsxWriter-1.0.2.dist-info'...
Listing './lib/python3.5/site-packages/docx'...
Listing './lib/python3.5/site-packages/docx/dml'...
Listing './lib/python3.5/site-packages/docx/enum'...
Listing './lib/python3.5/site-packages/docx/image'...
Listing './lib/python3.5/site-packages/docx/opc'...
Listing './lib/python3.5/site-packages/docx/opc/parts'...
Listing './lib/python3.5/site-packages/docx/oxml'...
Listing './lib/python3.5/site-packages/docx/oxml/text'...
Listing './lib/python3.5/site-packages/docx/parts'...
Listing './lib/python3.5/site-packages/docx/styles'...
Listing './lib/python3.5/site-packages/docx/templates'...
Listing './lib/python3.5/site-packages/docx/text'...
Listing './lib/python3.5/site-packages/et_xmlfile'...
Listing './lib/python3.5/site-packages/et_xmlfile/tests'...
Listing './lib/python3.5/site-packages/et_xmlfile-1.0.1.egg-info'...
Listing './lib/python3.5/site-packages/jdcal-1.3.egg-info'...
Listing './lib/python3.5/site-packages/lxml'...
Listing './lib/python3.5/site-packages/lxml/html'...
Listing './lib/python3.5/site-packages/lxml/includes'...
Listing './lib/python3.5/site-packages/lxml/includes/libexslt'...
Listing './lib/python3.5/site-packages/lxml/includes/libxml'...
Listing './lib/python3.5/site-packages/lxml/includes/libxslt'...
Listing './lib/python3.5/site-packages/lxml/isoschematron'...
Listing './lib/python3.5/site-packages/lxml/isoschematron/resources'...
Listing './lib/python3.5/site-packages/lxml/isoschematron/resources/rng'...
Listing './lib/python3.5/site-packages/lxml/isoschematron/resources/xsl'...
Listing './lib/python3.5/site-packages/lxml/isoschematron/resources/xsl/iso-schematron-xslt1'...
Listing './lib/python3.5/site-packages/lxml-4.1.1.dist-info'...
Listing './lib/python3.5/site-packages/off2txt'...
Listing './lib/python3.5/site-packages/off2txt-0.1.0.dist-info'...
Listing './lib/python3.5/site-packages/openpyxl'...
Listing './lib/python3.5/site-packages/openpyxl/cell'...
Listing './lib/python3.5/site-packages/openpyxl/chart'...
Listing './lib/python3.5/site-packages/openpyxl/chartsheet'...
Listing './lib/python3.5/site-packages/openpyxl/comments'...
Listing './lib/python3.5/site-packages/openpyxl/compat'...
Listing './lib/python3.5/site-packages/openpyxl/descriptors'...
Listing './lib/python3.5/site-packages/openpyxl/drawing'...
Listing './lib/python3.5/site-packages/openpyxl/formatting'...
Listing './lib/python3.5/site-packages/openpyxl/formula'...
Listing './lib/python3.5/site-packages/openpyxl/packaging'...
Listing './lib/python3.5/site-packages/openpyxl/reader'...
Listing './lib/python3.5/site-packages/openpyxl/styles'...
Listing './lib/python3.5/site-packages/openpyxl/utils'...
Listing './lib/python3.5/site-packages/openpyxl/workbook'...
Listing './lib/python3.5/site-packages/openpyxl/workbook/external_link'...
Listing './lib/python3.5/site-packages/openpyxl/worksheet'...
Listing './lib/python3.5/site-packages/openpyxl/writer'...
Listing './lib/python3.5/site-packages/openpyxl/xml'...
Listing './lib/python3.5/site-packages/openpyxl-2.4.9.egg-info'...
Listing './lib/python3.5/site-packages/pip'...
Listing './lib/python3.5/site-packages/pip/_vendor'...
Listing './lib/python3.5/site-packages/pip/commands'...
Listing './lib/python3.5/site-packages/pip/compat'...
Listing './lib/python3.5/site-packages/pip/models'...
Listing './lib/python3.5/site-packages/pip/operations'...
Listing './lib/python3.5/site-packages/pip/req'...
Listing './lib/python3.5/site-packages/pip/utils'...
Listing './lib/python3.5/site-packages/pip/vcs'...
Listing './lib/python3.5/site-packages/pip-9.0.1.dist-info'...
Listing './lib/python3.5/site-packages/pkg_resources'...
Listing './lib/python3.5/site-packages/pkg_resources/_vendor'...
Listing './lib/python3.5/site-packages/pkg_resources/_vendor/packaging'...
Listing './lib/python3.5/site-packages/pkg_resources/extern'...
Listing './lib/python3.5/site-packages/pkg_resources-0.0.0.dist-info'...
Listing './lib/python3.5/site-packages/pptx'...
Listing './lib/python3.5/site-packages/pptx/chart'...
Listing './lib/python3.5/site-packages/pptx/compat'...
Listing './lib/python3.5/site-packages/pptx/dml'...
Listing './lib/python3.5/site-packages/pptx/enum'...
Listing './lib/python3.5/site-packages/pptx/opc'...
Listing './lib/python3.5/site-packages/pptx/oxml'...
Listing './lib/python3.5/site-packages/pptx/oxml/chart'...
Listing './lib/python3.5/site-packages/pptx/oxml/dml'...
Listing './lib/python3.5/site-packages/pptx/oxml/shapes'...
Listing './lib/python3.5/site-packages/pptx/parts'...
Listing './lib/python3.5/site-packages/pptx/shapes'...
Listing './lib/python3.5/site-packages/pptx/templates'...
Listing './lib/python3.5/site-packages/pptx/text'...
Listing './lib/python3.5/site-packages/python_docx-0.8.6.egg-info'...
Listing './lib/python3.5/site-packages/python_pptx-0.6.7.egg-info'...
Listing './lib/python3.5/site-packages/setuptools'...
Listing './lib/python3.5/site-packages/setuptools/command'...
Listing './lib/python3.5/site-packages/setuptools/extern'...
Listing './lib/python3.5/site-packages/setuptools-32.3.1.dist-info'...
Listing './lib/python3.5/site-packages/xlsxwriter'...
Listing './share'...
Listing './share/python-wheels'...
