Listing '.'...
Listing './bin'...
Listing './include'...
Listing './lib'...
Listing './lib/python3.5'...
Listing './lib/python3.5/site-packages'...
Listing './lib/python3.5/site-packages/OutputLilyPond-1.0.0.egg-info'...
Listing './lib/python3.5/site-packages/music21'...
Listing './lib/python3.5/site-packages/music21/abcFormat'...
Listing './lib/python3.5/site-packages/music21/alpha'...
Listing './lib/python3.5/site-packages/music21/alpha/analysis'...
Listing './lib/python3.5/site-packages/music21/alpha/counterpoint'...
Listing './lib/python3.5/site-packages/music21/alpha/theoryAnalysis'...
Listing './lib/python3.5/site-packages/music21/alpha/trecento'...
Listing './lib/python3.5/site-packages/music21/alpha/webapps'...
Listing './lib/python3.5/site-packages/music21/alpha/webapps/client'...
Listing './lib/python3.5/site-packages/music21/alpha/webapps/client/cognition'...
Listing './lib/python3.5/site-packages/music21/alpha/webapps/client/cognition/css'...
Listing './lib/python3.5/site-packages/music21/alpha/webapps/client/css'...
Listing './lib/python3.5/site-packages/music21/alpha/webapps/client/javascript'...
Listing './lib/python3.5/site-packages/music21/alpha/webapps/server'...
Listing './lib/python3.5/site-packages/music21/analysis'...
Listing './lib/python3.5/site-packages/music21/audioSearch'...
Listing './lib/python3.5/site-packages/music21/braille'...
Listing './lib/python3.5/site-packages/music21/capella'...
Listing './lib/python3.5/site-packages/music21/chord'...
Listing './lib/python3.5/site-packages/music21/common'...
Listing './lib/python3.5/site-packages/music21/converter'...
Listing './lib/python3.5/site-packages/music21/corpus'...
Listing './lib/python3.5/site-packages/music21/corpus/_metadataCache'...
Listing './lib/python3.5/site-packages/music21/corpus/airdsAirs'...
Listing './lib/python3.5/site-packages/music21/corpus/bach'...
Listing './lib/python3.5/site-packages/music21/corpus/bach/choraleAnalyses'...
Listing './lib/python3.5/site-packages/music21/corpus/beethoven'...
Listing './lib/python3.5/site-packages/music21/corpus/beethoven/opus18no1'...
Listing './lib/python3.5/site-packages/music21/corpus/beethoven/opus59no1'...
Listing './lib/python3.5/site-packages/music21/corpus/beethoven/opus59no2'...
Listing './lib/python3.5/site-packages/music21/corpus/beethoven/opus59no3'...
Listing './lib/python3.5/site-packages/music21/corpus/ciconia'...
Listing './lib/python3.5/site-packages/music21/corpus/corelli'...
Listing './lib/python3.5/site-packages/music21/corpus/corelli/opus3no1'...
Listing './lib/python3.5/site-packages/music21/corpus/cpebach'...
Listing './lib/python3.5/site-packages/music21/corpus/demos'...
Listing './lib/python3.5/site-packages/music21/corpus/essenFolksong'...
Listing './lib/python3.5/site-packages/music21/corpus/handel'...
Listing './lib/python3.5/site-packages/music21/corpus/handel/rinaldo'...
Listing './lib/python3.5/site-packages/music21/corpus/haydn'...
Listing './lib/python3.5/site-packages/music21/corpus/haydn/opus74no1'...
Listing './lib/python3.5/site-packages/music21/corpus/haydn/opus74no2'...
Listing './lib/python3.5/site-packages/music21/corpus/josquin'...
Listing './lib/python3.5/site-packages/music21/corpus/leadSheet'...
Listing './lib/python3.5/site-packages/music21/corpus/luca'...
Listing './lib/python3.5/site-packages/music21/corpus/miscFolk'...
Listing './lib/python3.5/site-packages/music21/corpus/monteverdi'...
Listing './lib/python3.5/site-packages/music21/corpus/mozart'...
Listing './lib/python3.5/site-packages/music21/corpus/mozart/k155'...
Listing './lib/python3.5/site-packages/music21/corpus/mozart/k156'...
Listing './lib/python3.5/site-packages/music21/corpus/mozart/k458'...
Listing './lib/python3.5/site-packages/music21/corpus/mozart/k545'...
Listing './lib/python3.5/site-packages/music21/corpus/mozart/k80'...
Listing './lib/python3.5/site-packages/music21/corpus/oneills1850'...
Listing './lib/python3.5/site-packages/music21/corpus/palestrina'...
Listing './lib/python3.5/site-packages/music21/corpus/ryansMammoth'...
Listing './lib/python3.5/site-packages/music21/corpus/schoenberg'...
Listing './lib/python3.5/site-packages/music21/corpus/schoenberg/opus19'...
Listing './lib/python3.5/site-packages/music21/corpus/schumann'...
Listing './lib/python3.5/site-packages/music21/corpus/schumann/opus41no1'...
Listing './lib/python3.5/site-packages/music21/corpus/schumann_clara'...
Listing './lib/python3.5/site-packages/music21/corpus/schumann_clara/opus17'...
Listing './lib/python3.5/site-packages/music21/corpus/theoryExercises'...
Listing './lib/python3.5/site-packages/music21/corpus/trecento'...
Listing './lib/python3.5/site-packages/music21/corpus/verdi'...
Listing './lib/python3.5/site-packages/music21/corpus/weber'...
Listing './lib/python3.5/site-packages/music21/demos'...
Listing './lib/python3.5/site-packages/music21/demos/audioSearchDemos'...
Listing './lib/python3.5/site-packages/music21/demos/audioSearchDemos/scores'...
Listing './lib/python3.5/site-packages/music21/demos/bhadley'...
Listing './lib/python3.5/site-packages/music21/demos/bhadley/mrjobaws'...
Listing './lib/python3.5/site-packages/music21/demos/composition'...
Listing './lib/python3.5/site-packages/music21/demos/josquin'...
Listing './lib/python3.5/site-packages/music21/demos/trecento'...
Listing './lib/python3.5/site-packages/music21/documentation'...
Listing './lib/python3.5/site-packages/music21/documentation/autogenerated'...
Listing './lib/python3.5/site-packages/music21/documentation/autogenerated/_themes'...
Listing './lib/python3.5/site-packages/music21/documentation/autogenerated/_themes/m21'...
Listing './lib/python3.5/site-packages/music21/documentation/autogenerated/_themes/m21/static'...
Listing './lib/python3.5/site-packages/music21/documentation/autogenerated/about'...
Listing './lib/python3.5/site-packages/music21/documentation/autogenerated/developerReference'...
Listing './lib/python3.5/site-packages/music21/documentation/autogenerated/developerReference/images'...
Listing './lib/python3.5/site-packages/music21/documentation/autogenerated/developerReference/images/usingEclipse'...
Listing './lib/python3.5/site-packages/music21/documentation/autogenerated/developerReference/images/usingGit'...
Listing './lib/python3.5/site-packages/music21/documentation/autogenerated/installing'...
Listing './lib/python3.5/site-packages/music21/documentation/autogenerated/installing/images'...
Listing './lib/python3.5/site-packages/music21/documentation/autogenerated/moduleReference'...
Listing './lib/python3.5/site-packages/music21/documentation/autogenerated/moduleReference/images'...
Listing './lib/python3.5/site-packages/music21/documentation/autogenerated/moduleReference/images/figuredBass'...
Listing './lib/python3.5/site-packages/music21/documentation/autogenerated/moduleReference/images/medren_SePerDurecaConverted'...
Listing './lib/python3.5/site-packages/music21/documentation/autogenerated/tutorials'...
Listing './lib/python3.5/site-packages/music21/documentation/autogenerated/tutorials/images'...
Listing './lib/python3.5/site-packages/music21/documentation/autogenerated/usersGuide'...
Listing './lib/python3.5/site-packages/music21/documentation/autogenerated/usersGuide/files'...
Listing './lib/python3.5/site-packages/music21/documentation/autogenerated/usersGuide/graphicalRepresentation'...
Listing './lib/python3.5/site-packages/music21/documentation/autogenerated/usersGuide/images'...
Listing './lib/python3.5/site-packages/music21/documentation/autogenerated/usersGuide/images/usersGuide'...
Listing './lib/python3.5/site-packages/music21/documentation/build'...
Listing './lib/python3.5/site-packages/music21/documentation/build/html'...
Listing './lib/python3.5/site-packages/music21/documentation/build/html/_downloads'...
Listing './lib/python3.5/site-packages/music21/documentation/build/html/_images'...
Listing './lib/python3.5/site-packages/music21/documentation/build/html/_sources'...
Listing './lib/python3.5/site-packages/music21/documentation/build/html/_sources/about'...
Listing './lib/python3.5/site-packages/music21/documentation/build/html/_sources/developerReference'...
Listing './lib/python3.5/site-packages/music21/documentation/build/html/_sources/installing'...
Listing './lib/python3.5/site-packages/music21/documentation/build/html/_sources/moduleReference'...
Listing './lib/python3.5/site-packages/music21/documentation/build/html/_sources/overview'...
Listing './lib/python3.5/site-packages/music21/documentation/build/html/_sources/systemReference'...
Listing './lib/python3.5/site-packages/music21/documentation/build/html/_sources/tutorials'...
Listing './lib/python3.5/site-packages/music21/documentation/build/html/_sources/usersGuide'...
Listing './lib/python3.5/site-packages/music21/documentation/build/html/_static'...
Listing './lib/python3.5/site-packages/music21/documentation/build/html/about'...
Listing './lib/python3.5/site-packages/music21/documentation/build/html/developerReference'...
Listing './lib/python3.5/site-packages/music21/documentation/build/html/installing'...
Listing './lib/python3.5/site-packages/music21/documentation/build/html/moduleReference'...
Listing './lib/python3.5/site-packages/music21/documentation/build/html/overview'...
Listing './lib/python3.5/site-packages/music21/documentation/build/html/systemReference'...
Listing './lib/python3.5/site-packages/music21/documentation/build/html/tutorials'...
Listing './lib/python3.5/site-packages/music21/documentation/build/html/usersGuide'...
Listing './lib/python3.5/site-packages/music21/documentation/source'...
Listing './lib/python3.5/site-packages/music21/documentation/source/_themes'...
Listing './lib/python3.5/site-packages/music21/documentation/source/_themes/m21'...
Listing './lib/python3.5/site-packages/music21/documentation/source/_themes/m21/static'...
Listing './lib/python3.5/site-packages/music21/documentation/source/developerReference'...
Listing './lib/python3.5/site-packages/music21/documentation/source/developerReference/images'...
Listing './lib/python3.5/site-packages/music21/documentation/source/developerReference/images/usingEclipse'...
Listing './lib/python3.5/site-packages/music21/documentation/source/developerReference/images/usingGit'...
Listing './lib/python3.5/site-packages/music21/documentation/source/installing'...
Listing './lib/python3.5/site-packages/music21/documentation/source/installing/images'...
Listing './lib/python3.5/site-packages/music21/documentation/source/moduleReference'...
Listing './lib/python3.5/site-packages/music21/documentation/source/moduleReference/images'...
Listing './lib/python3.5/site-packages/music21/documentation/source/moduleReference/images/figuredBass'...
Listing './lib/python3.5/site-packages/music21/documentation/source/moduleReference/images/medren_SePerDurecaConverted'...
Listing './lib/python3.5/site-packages/music21/documentation/source/tutorials'...
Listing './lib/python3.5/site-packages/music21/documentation/source/tutorials/images'...
Listing './lib/python3.5/site-packages/music21/documentation/source/usersGuide'...
Listing './lib/python3.5/site-packages/music21/documentation/source/usersGuide/files'...
Listing './lib/python3.5/site-packages/music21/documentation/source/usersGuide/graphicalRepresentation'...
Listing './lib/python3.5/site-packages/music21/documentation/source/usersGuide/images'...
Listing './lib/python3.5/site-packages/music21/documentation/source/usersGuide/images/usersGuide'...
Listing './lib/python3.5/site-packages/music21/ext'...
Listing './lib/python3.5/site-packages/music21/ext/chardet'...
Listing './lib/python3.5/site-packages/music21/ext/jsonpickle'...
Listing './lib/python3.5/site-packages/music21/ext/jsonpickle/ext'...
Listing './lib/python3.5/site-packages/music21/ext/nbconvert'...
Listing './lib/python3.5/site-packages/music21/ext/nbconvert/exporters'...
Listing './lib/python3.5/site-packages/music21/ext/nbconvert/exporters/tests'...
Listing './lib/python3.5/site-packages/music21/ext/nbconvert/filters'...
Listing './lib/python3.5/site-packages/music21/ext/nbconvert/filters/tests'...
Listing './lib/python3.5/site-packages/music21/ext/nbconvert/postprocessors'...
Listing './lib/python3.5/site-packages/music21/ext/nbconvert/postprocessors/tests'...
Listing './lib/python3.5/site-packages/music21/ext/nbconvert/preprocessors'...
Listing './lib/python3.5/site-packages/music21/ext/nbconvert/preprocessors/tests'...
Listing './lib/python3.5/site-packages/music21/ext/nbconvert/preprocessors/tests/files'...
Listing './lib/python3.5/site-packages/music21/ext/nbconvert/templates'...
Listing './lib/python3.5/site-packages/music21/ext/nbconvert/templates/skeleton'...
Listing './lib/python3.5/site-packages/music21/ext/nbconvert/tests'...
Listing './lib/python3.5/site-packages/music21/ext/nbconvert/tests/files'...
Listing './lib/python3.5/site-packages/music21/ext/nbconvert/utils'...
Listing './lib/python3.5/site-packages/music21/ext/nbconvert/utils/tests'...
Listing './lib/python3.5/site-packages/music21/ext/nbconvert/writers'...
Listing './lib/python3.5/site-packages/music21/ext/nbconvert/writers/tests'...
Listing './lib/python3.5/site-packages/music21/ext/xlrd'...
Listing './lib/python3.5/site-packages/music21/ext/xlrd/doc'...
Listing './lib/python3.5/site-packages/music21/features'...
Listing './lib/python3.5/site-packages/music21/figuredBass'...
Listing './lib/python3.5/site-packages/music21/humdrum'...
Listing './lib/python3.5/site-packages/music21/ipython21'...
Listing './lib/python3.5/site-packages/music21/languageExcerpts'...
Listing './lib/python3.5/site-packages/music21/lily'...
Listing './lib/python3.5/site-packages/music21/mei'...
Listing './lib/python3.5/site-packages/music21/mei/test'...
Listing './lib/python3.5/site-packages/music21/metadata'...
Listing './lib/python3.5/site-packages/music21/midi'...
Listing './lib/python3.5/site-packages/music21/midi/testPrimitive'...
Listing './lib/python3.5/site-packages/music21/musedata'...
Listing './lib/python3.5/site-packages/music21/musedata/testPrimitive'...
Listing './lib/python3.5/site-packages/music21/musedata/testPrimitive/test01'...
Listing './lib/python3.5/site-packages/music21/musicxml'...
Listing './lib/python3.5/site-packages/music21/noteworthy'...
Listing './lib/python3.5/site-packages/music21/omr'...
Listing './lib/python3.5/site-packages/music21/romanText'...
Listing './lib/python3.5/site-packages/music21/scale'...
Listing './lib/python3.5/site-packages/music21/scale/scala'...
Listing './lib/python3.5/site-packages/music21/scale/scala/scl'...
Listing './lib/python3.5/site-packages/music21/search'...
Listing './lib/python3.5/site-packages/music21/stream'...
Listing './lib/python3.5/site-packages/music21/test'...
Listing './lib/python3.5/site-packages/music21/timespans'...
Listing './lib/python3.5/site-packages/music21/vexflow'...
Listing './lib/python3.5/site-packages/music21-2.1.2.egg-info'...
Listing './lib/python3.5/site-packages/outputlilypond'...
Listing './lib/python3.5/site-packages/pip'...
Listing './lib/python3.5/site-packages/pip/_vendor'...
Listing './lib/python3.5/site-packages/pip/commands'...
Listing './lib/python3.5/site-packages/pip/compat'...
Listing './lib/python3.5/site-packages/pip/models'...
Listing './lib/python3.5/site-packages/pip/operations'...
Listing './lib/python3.5/site-packages/pip/req'...
Listing './lib/python3.5/site-packages/pip/utils'...
Listing './lib/python3.5/site-packages/pip/vcs'...
Listing './lib/python3.5/site-packages/pip-9.0.1.dist-info'...
Listing './lib/python3.5/site-packages/pkg_resources'...
Listing './lib/python3.5/site-packages/pkg_resources/_vendor'...
Listing './lib/python3.5/site-packages/pkg_resources/_vendor/packaging'...
Listing './lib/python3.5/site-packages/pkg_resources/extern'...
Listing './lib/python3.5/site-packages/pkg_resources-0.0.0.dist-info'...
Listing './lib/python3.5/site-packages/setuptools'...
Listing './lib/python3.5/site-packages/setuptools/command'...
Listing './lib/python3.5/site-packages/setuptools/extern'...
Listing './lib/python3.5/site-packages/setuptools-32.3.1.dist-info'...
Listing './share'...
Listing './share/python-wheels'...
