Listing '.'...
Listing './bin'...
Listing './include'...
Listing './lib'...
Listing './lib/python3.5'...
Listing './lib/python3.5/site-packages'...
Listing './lib/python3.5/site-packages/dateutil'...
Listing './lib/python3.5/site-packages/dateutil/tz'...
Listing './lib/python3.5/site-packages/dateutil/zoneinfo'...
Listing './lib/python3.5/site-packages/p4a'...
Listing './lib/python3.5/site-packages/p4a/audio'...
Compiling './lib/python3.5/site-packages/p4a/audio/audioanno.py'...
***   File "./lib/python3.5/site-packages/p4a/audio/audioanno.py", line 7
    except ImportError, err:
                      ^
SyntaxError: invalid syntax

Listing './lib/python3.5/site-packages/p4a/audio/browser'...
Compiling './lib/python3.5/site-packages/p4a/audio/browser/audio.py'...
***   File "./lib/python3.5/site-packages/p4a/audio/browser/audio.py", line 31
    except ImportError, e:
                      ^
SyntaxError: invalid syntax

Compiling './lib/python3.5/site-packages/p4a/audio/browser/media.py'...
***   File "./lib/python3.5/site-packages/p4a/audio/browser/media.py", line 5
    except ImportError, err:
                      ^
SyntaxError: invalid syntax

Listing './lib/python3.5/site-packages/p4a/audio/browser/resources'...
Listing './lib/python3.5/site-packages/p4a/audio/browser/resources/audioimages'...
Listing './lib/python3.5/site-packages/p4a/audio/browser/resources/audioplayer'...
Listing './lib/python3.5/site-packages/p4a/audio/browser/resources/audiostyles'...
Listing './lib/python3.5/site-packages/p4a/audio/locales'...
Listing './lib/python3.5/site-packages/p4a/audio/locales/es'...
Listing './lib/python3.5/site-packages/p4a/audio/locales/es/LC_MESSAGES'...
Listing './lib/python3.5/site-packages/p4a/audio/locales/ja'...
Listing './lib/python3.5/site-packages/p4a/audio/locales/ja/LC_MESSAGES'...
Listing './lib/python3.5/site-packages/p4a/audio/locales/pt'...
Listing './lib/python3.5/site-packages/p4a/audio/locales/pt/LC_MESSAGES'...
Listing './lib/python3.5/site-packages/p4a/audio/locales/pt_BR'...
Listing './lib/python3.5/site-packages/p4a/audio/locales/pt_BR/LC_MESSAGES'...
Listing './lib/python3.5/site-packages/p4a/audio/mp3'...
Compiling './lib/python3.5/site-packages/p4a/audio/mp3/_audiodata.py'...
***   File "./lib/python3.5/site-packages/p4a/audio/mp3/_audiodata.py", line 5
    except ImportError, err:
                      ^
SyntaxError: invalid syntax

Listing './lib/python3.5/site-packages/p4a/audio/mp3/flashmp3player'...
Listing './lib/python3.5/site-packages/p4a/audio/mp3/flashmp3player/com'...
Listing './lib/python3.5/site-packages/p4a/audio/mp3/flashmp3player/com/zuardi'...
Listing './lib/python3.5/site-packages/p4a/audio/mp3/flashmp3player/com/zuardi/musicplayer'...
Listing './lib/python3.5/site-packages/p4a/audio/mp3/thirdparty'...
Listing './lib/python3.5/site-packages/p4a/audio/mp3/thirdparty/eyeD3'...
Compiling './lib/python3.5/site-packages/p4a/audio/mp3/thirdparty/eyeD3/frames.py'...
***   File "./lib/python3.5/site-packages/p4a/audio/mp3/thirdparty/eyeD3/frames.py", line 718
    except TypeError, excArg:
                    ^
SyntaxError: invalid syntax

Compiling './lib/python3.5/site-packages/p4a/audio/mp3/thirdparty/eyeD3/mp3.py'...
***   File "./lib/python3.5/site-packages/p4a/audio/mp3/thirdparty/eyeD3/mp3.py", line 101
    if (header & 0xffe00000L) != 0xffe00000L:
                           ^
SyntaxError: invalid syntax

Compiling './lib/python3.5/site-packages/p4a/audio/mp3/thirdparty/eyeD3/tag.py'...
***   File "./lib/python3.5/site-packages/p4a/audio/mp3/thirdparty/eyeD3/tag.py", line 763
    except FrameException, ex:
                         ^
SyntaxError: invalid syntax

Compiling './lib/python3.5/site-packages/p4a/audio/mp3/thirdparty/eyeD3/utils.py'...
***   File "./lib/python3.5/site-packages/p4a/audio/mp3/thirdparty/eyeD3/utils.py", line 87
    print prefix + msg;
               ^
SyntaxError: Missing parentheses in call to 'print'

Listing './lib/python3.5/site-packages/p4a/audio/mp3/xspf_player'...
Listing './lib/python3.5/site-packages/p4a/audio/ogg'...
Compiling './lib/python3.5/site-packages/p4a/audio/ogg/_audiodata.py'...
***   File "./lib/python3.5/site-packages/p4a/audio/ogg/_audiodata.py", line 3
    except ImportError, err:
                      ^
SyntaxError: invalid syntax

Listing './lib/python3.5/site-packages/p4a/audio/ogg/oggplayer'...
Listing './lib/python3.5/site-packages/p4a/audio/ogg/thirdparty'...
Listing './lib/python3.5/site-packages/p4a/audio/ogg/thirdparty/mutagen'...
Compiling './lib/python3.5/site-packages/p4a/audio/ogg/thirdparty/mutagen/__init__.py'...
***   File "./lib/python3.5/site-packages/p4a/audio/ogg/thirdparty/mutagen/__init__.py", line 83
    if self.tags is None: raise KeyError, key
                                        ^
SyntaxError: invalid syntax

Compiling './lib/python3.5/site-packages/p4a/audio/ogg/thirdparty/mutagen/_vorbis.py'...
***   File "./lib/python3.5/site-packages/p4a/audio/ogg/thirdparty/mutagen/_vorbis.py", line 91
    except ValueError, err:
                     ^
SyntaxError: invalid syntax

Compiling './lib/python3.5/site-packages/p4a/audio/ogg/thirdparty/mutagen/apev2.py'...
***   File "./lib/python3.5/site-packages/p4a/audio/ogg/thirdparty/mutagen/apev2.py", line 43
    HAS_HEADER = 1L << 31
                  ^
SyntaxError: invalid syntax

Compiling './lib/python3.5/site-packages/p4a/audio/ogg/thirdparty/mutagen/flac.py'...
***   File "./lib/python3.5/site-packages/p4a/audio/ogg/thirdparty/mutagen/flac.py", line 37
    return reduce(lambda a, b: (a << 8) + ord(b), string, 0L)
                                                           ^
SyntaxError: invalid syntax

Compiling './lib/python3.5/site-packages/p4a/audio/ogg/thirdparty/mutagen/id3.py'...
***   File "./lib/python3.5/site-packages/p4a/audio/ogg/thirdparty/mutagen/id3.py", line 113
    except (ID3NoHeaderError, ID3UnsupportedVersionError), err:
                                                         ^
SyntaxError: invalid syntax

Compiling './lib/python3.5/site-packages/p4a/audio/ogg/thirdparty/mutagen/m4a.py'...
***   File "./lib/python3.5/site-packages/p4a/audio/ogg/thirdparty/mutagen/m4a.py", line 98
    raise KeyError, "%r not found" % remaining[0]
                  ^
SyntaxError: invalid syntax

Compiling './lib/python3.5/site-packages/p4a/audio/ogg/thirdparty/mutagen/mp3.py'...
***   File "./lib/python3.5/site-packages/p4a/audio/ogg/thirdparty/mutagen/mp3.py", line 92
    except error, e: pass
                ^
SyntaxError: invalid syntax

Compiling './lib/python3.5/site-packages/p4a/audio/ogg/thirdparty/mutagen/ogg.py'...
***   File "./lib/python3.5/site-packages/p4a/audio/ogg/thirdparty/mutagen/ogg.py", line 60
    position = 0L
                ^
SyntaxError: invalid syntax

Listing './lib/python3.5/site-packages/p4a/audio/tests'...
Listing './lib/python3.5/site-packages/p4a/audio/tests/samples'...
Listing './lib/python3.5/site-packages/p4a/common'...
Listing './lib/python3.5/site-packages/p4a/common/descriptors'...
Compiling './lib/python3.5/site-packages/p4a/common/descriptors/_anno.py'...
***   File "./lib/python3.5/site-packages/p4a/common/descriptors/_anno.py", line 4
    except ImportError, err:
                      ^
SyntaxError: invalid syntax

Compiling './lib/python3.5/site-packages/p4a/common/testing.py'...
***   File "./lib/python3.5/site-packages/p4a/common/testing.py", line 17
    except ImportError, err:
                      ^
SyntaxError: invalid syntax

Listing './lib/python3.5/site-packages/p4a/fileimage'...
Listing './lib/python3.5/site-packages/p4a/fileimage/file'...
Listing './lib/python3.5/site-packages/p4a/fileimage/image'...
Listing './lib/python3.5/site-packages/p4a/ploneaudio'...
Compiling './lib/python3.5/site-packages/p4a/ploneaudio/__init__.py'...
***   File "./lib/python3.5/site-packages/p4a/ploneaudio/__init__.py", line 15
    except ImportError, e:
                      ^
SyntaxError: invalid syntax

Listing './lib/python3.5/site-packages/p4a/ploneaudio/ataudio'...
Compiling './lib/python3.5/site-packages/p4a/ploneaudio/atct.py'...
***   File "./lib/python3.5/site-packages/p4a/ploneaudio/atct.py", line 6
    except ImportError, err:
                      ^
SyntaxError: invalid syntax

Listing './lib/python3.5/site-packages/p4a/ploneaudio/profiles'...
Listing './lib/python3.5/site-packages/p4a/ploneaudio/profiles/default'...
Compiling './lib/python3.5/site-packages/p4a/ploneaudio/sitesetup.py'...
***   File "./lib/python3.5/site-packages/p4a/ploneaudio/sitesetup.py", line 20
    except ImportError, err:
                      ^
SyntaxError: invalid syntax

Listing './lib/python3.5/site-packages/p4a/ploneaudio/tests'...
Listing './lib/python3.5/site-packages/p4a/z2utils'...
Compiling './lib/python3.5/site-packages/p4a/z2utils/patches.py'...
***   File "./lib/python3.5/site-packages/p4a/z2utils/patches.py", line 70
    except ImportError, e:
                      ^
SyntaxError: invalid syntax

Listing './lib/python3.5/site-packages/p4a/z2utils/tests'...
Listing './lib/python3.5/site-packages/p4a/z2utils/tests/samples'...
Listing './lib/python3.5/site-packages/p4a/z2utils/tests/samples/dir1'...
Listing './lib/python3.5/site-packages/p4a/z2utils/tests/samples/dir1/ns'...
Listing './lib/python3.5/site-packages/p4a/z2utils/tests/samples/dir1/ns/pkg1'...
Listing './lib/python3.5/site-packages/p4a/z2utils/tests/samples/dir2'...
Listing './lib/python3.5/site-packages/p4a/z2utils/tests/samples/dir2/ns'...
Listing './lib/python3.5/site-packages/p4a/z2utils/tests/samples/dir2/ns/pkg2'...
Compiling './lib/python3.5/site-packages/p4a/z2utils/utils.py'...
***   File "./lib/python3.5/site-packages/p4a/z2utils/utils.py", line 126
    except KeyError, e:
                   ^
SyntaxError: invalid syntax

Listing './lib/python3.5/site-packages/p4a.audio-1.0.1.egg-info'...
Listing './lib/python3.5/site-packages/p4a.common-1.1.egg-info'...
Listing './lib/python3.5/site-packages/p4a.fileimage-1.0.2.egg-info'...
Listing './lib/python3.5/site-packages/p4a.ploneaudio-1.0.1.egg-info'...
Listing './lib/python3.5/site-packages/p4a.z2utils-1.0.2.egg-info'...
Listing './lib/python3.5/site-packages/pip'...
Listing './lib/python3.5/site-packages/pip/_vendor'...
Listing './lib/python3.5/site-packages/pip/commands'...
Listing './lib/python3.5/site-packages/pip/compat'...
Listing './lib/python3.5/site-packages/pip/models'...
Listing './lib/python3.5/site-packages/pip/operations'...
Listing './lib/python3.5/site-packages/pip/req'...
Listing './lib/python3.5/site-packages/pip/utils'...
Listing './lib/python3.5/site-packages/pip/vcs'...
Listing './lib/python3.5/site-packages/pip-9.0.1.dist-info'...
Listing './lib/python3.5/site-packages/pkg_resources'...
Listing './lib/python3.5/site-packages/pkg_resources/_vendor'...
Listing './lib/python3.5/site-packages/pkg_resources/_vendor/packaging'...
Listing './lib/python3.5/site-packages/pkg_resources/extern'...
Listing './lib/python3.5/site-packages/pkg_resources-0.0.0.dist-info'...
Listing './lib/python3.5/site-packages/python_dateutil-2.6.1.dist-info'...
Listing './lib/python3.5/site-packages/setuptools'...
Listing './lib/python3.5/site-packages/setuptools/command'...
Listing './lib/python3.5/site-packages/setuptools/extern'...
Listing './lib/python3.5/site-packages/setuptools-32.3.1.dist-info'...
Listing './lib/python3.5/site-packages/six-1.11.0.dist-info'...
Listing './share'...
Listing './share/python-wheels'...
