Listing '.'...
Listing './bin'...
Listing './include'...
Listing './include/site'...
Listing './include/site/python3.5'...
Listing './include/site/python3.5/greenlet'...
Listing './lib'...
Listing './lib/python3.5'...
Listing './lib/python3.5/site-packages'...
Listing './lib/python3.5/site-packages/Babel-2.5.1.dist-info'...
Listing './lib/python3.5/site-packages/PyYAML-3.12.egg-info'...
Listing './lib/python3.5/site-packages/babel'...
Listing './lib/python3.5/site-packages/babel/locale-data'...
Listing './lib/python3.5/site-packages/babel/localtime'...
Listing './lib/python3.5/site-packages/babel/messages'...
Listing './lib/python3.5/site-packages/bintrees'...
Listing './lib/python3.5/site-packages/bintrees-2.0.7.egg-info'...
Listing './lib/python3.5/site-packages/chardet'...
Listing './lib/python3.5/site-packages/chardet/cli'...
Listing './lib/python3.5/site-packages/chardet-3.0.4.dist-info'...
Listing './lib/python3.5/site-packages/cliff'...
Listing './lib/python3.5/site-packages/cliff/formatters'...
Listing './lib/python3.5/site-packages/cliff/tests'...
Listing './lib/python3.5/site-packages/cliff-2.10.0.egg-info'...
Listing './lib/python3.5/site-packages/cmd2-0.7.9.egg-info'...
Listing './lib/python3.5/site-packages/debian'...
Listing './lib/python3.5/site-packages/debian_bundle'...
Listing './lib/python3.5/site-packages/enum'...
Listing './lib/python3.5/site-packages/enum34-1.1.6.dist-info'...
Listing './lib/python3.5/site-packages/eventlet'...
Listing './lib/python3.5/site-packages/eventlet/green'...
Listing './lib/python3.5/site-packages/eventlet/green/OpenSSL'...
Listing './lib/python3.5/site-packages/eventlet/green/http'...
Listing './lib/python3.5/site-packages/eventlet/green/urllib'...
Listing './lib/python3.5/site-packages/eventlet/greenio'...
Listing './lib/python3.5/site-packages/eventlet/hubs'...
Listing './lib/python3.5/site-packages/eventlet/support'...
Listing './lib/python3.5/site-packages/eventlet/support/dns'...
Listing './lib/python3.5/site-packages/eventlet/support/dns/rdtypes'...
Listing './lib/python3.5/site-packages/eventlet/support/dns/rdtypes/ANY'...
Listing './lib/python3.5/site-packages/eventlet/support/dns/rdtypes/IN'...
Listing './lib/python3.5/site-packages/eventlet/zipkin'...
Listing './lib/python3.5/site-packages/eventlet/zipkin/_thrift'...
Listing './lib/python3.5/site-packages/eventlet/zipkin/_thrift/zipkinCore'...
Listing './lib/python3.5/site-packages/eventlet-0.22.0.dist-info'...
Listing './lib/python3.5/site-packages/greenlet-0.4.12.dist-info'...
Listing './lib/python3.5/site-packages/jsonschema'...
Listing './lib/python3.5/site-packages/jsonschema/schemas'...
Listing './lib/python3.5/site-packages/jsonschema/tests'...
Listing './lib/python3.5/site-packages/jsonschema-2.6.0.dist-info'...
Listing './lib/python3.5/site-packages/lxml'...
Listing './lib/python3.5/site-packages/lxml/html'...
Listing './lib/python3.5/site-packages/lxml/includes'...
Listing './lib/python3.5/site-packages/lxml/includes/libexslt'...
Listing './lib/python3.5/site-packages/lxml/includes/libxml'...
Listing './lib/python3.5/site-packages/lxml/includes/libxslt'...
Listing './lib/python3.5/site-packages/lxml/isoschematron'...
Listing './lib/python3.5/site-packages/lxml/isoschematron/resources'...
Listing './lib/python3.5/site-packages/lxml/isoschematron/resources/rng'...
Listing './lib/python3.5/site-packages/lxml/isoschematron/resources/xsl'...
Listing './lib/python3.5/site-packages/lxml/isoschematron/resources/xsl/iso-schematron-xslt1'...
Listing './lib/python3.5/site-packages/lxml-4.1.1.dist-info'...
Listing './lib/python3.5/site-packages/packetary'...
Listing './lib/python3.5/site-packages/packetary/cli'...
Listing './lib/python3.5/site-packages/packetary/cli/commands'...
Listing './lib/python3.5/site-packages/packetary/controllers'...
Listing './lib/python3.5/site-packages/packetary/drivers'...
Listing './lib/python3.5/site-packages/packetary/library'...
Listing './lib/python3.5/site-packages/packetary/objects'...
Listing './lib/python3.5/site-packages/packetary/schemas'...
Listing './lib/python3.5/site-packages/packetary/tests'...
Listing './lib/python3.5/site-packages/packetary/tests/data'...
Listing './lib/python3.5/site-packages/packetary/tests/stubs'...
Listing './lib/python3.5/site-packages/packetary-0.1.0.egg-info'...
Listing './lib/python3.5/site-packages/pbr'...
Listing './lib/python3.5/site-packages/pbr/cmd'...
Listing './lib/python3.5/site-packages/pbr/hooks'...
Listing './lib/python3.5/site-packages/pbr/tests'...
Listing './lib/python3.5/site-packages/pbr/tests/testpackage'...
Listing './lib/python3.5/site-packages/pbr/tests/testpackage/data_files'...
Listing './lib/python3.5/site-packages/pbr/tests/testpackage/doc'...
Listing './lib/python3.5/site-packages/pbr/tests/testpackage/doc/source'...
Listing './lib/python3.5/site-packages/pbr/tests/testpackage/pbr_testpackage'...
Listing './lib/python3.5/site-packages/pbr/tests/testpackage/pbr_testpackage/package_data'...
Listing './lib/python3.5/site-packages/pbr/tests/testpackage/src'...
Listing './lib/python3.5/site-packages/pbr-3.1.1.dist-info'...
Listing './lib/python3.5/site-packages/pip'...
Listing './lib/python3.5/site-packages/pip/_vendor'...
Listing './lib/python3.5/site-packages/pip/commands'...
Listing './lib/python3.5/site-packages/pip/compat'...
Listing './lib/python3.5/site-packages/pip/models'...
Listing './lib/python3.5/site-packages/pip/operations'...
Listing './lib/python3.5/site-packages/pip/req'...
Listing './lib/python3.5/site-packages/pip/utils'...
Listing './lib/python3.5/site-packages/pip/vcs'...
Listing './lib/python3.5/site-packages/pip-9.0.1.dist-info'...
Listing './lib/python3.5/site-packages/pkg_resources'...
Listing './lib/python3.5/site-packages/pkg_resources/_vendor'...
Listing './lib/python3.5/site-packages/pkg_resources/_vendor/packaging'...
Listing './lib/python3.5/site-packages/pkg_resources/extern'...
Listing './lib/python3.5/site-packages/pkg_resources-0.0.0.dist-info'...
Listing './lib/python3.5/site-packages/prettytable-0.7.2.egg-info'...
Listing './lib/python3.5/site-packages/pyparsing-2.2.0.dist-info'...
Listing './lib/python3.5/site-packages/pyperclip'...
Listing './lib/python3.5/site-packages/pyperclip-1.6.0.egg-info'...
Listing './lib/python3.5/site-packages/python_debian-0.1.31.egg-info'...
Listing './lib/python3.5/site-packages/pytz'...
Listing './lib/python3.5/site-packages/pytz/zoneinfo'...
Listing './lib/python3.5/site-packages/pytz/zoneinfo/Africa'...
Listing './lib/python3.5/site-packages/pytz/zoneinfo/America'...
Listing './lib/python3.5/site-packages/pytz/zoneinfo/America/Argentina'...
Listing './lib/python3.5/site-packages/pytz/zoneinfo/America/Indiana'...
Listing './lib/python3.5/site-packages/pytz/zoneinfo/America/Kentucky'...
Listing './lib/python3.5/site-packages/pytz/zoneinfo/America/North_Dakota'...
Listing './lib/python3.5/site-packages/pytz/zoneinfo/Antarctica'...
Listing './lib/python3.5/site-packages/pytz/zoneinfo/Arctic'...
Listing './lib/python3.5/site-packages/pytz/zoneinfo/Asia'...
Listing './lib/python3.5/site-packages/pytz/zoneinfo/Atlantic'...
Listing './lib/python3.5/site-packages/pytz/zoneinfo/Australia'...
Listing './lib/python3.5/site-packages/pytz/zoneinfo/Brazil'...
Listing './lib/python3.5/site-packages/pytz/zoneinfo/Canada'...
Listing './lib/python3.5/site-packages/pytz/zoneinfo/Chile'...
Listing './lib/python3.5/site-packages/pytz/zoneinfo/Etc'...
Listing './lib/python3.5/site-packages/pytz/zoneinfo/Europe'...
Listing './lib/python3.5/site-packages/pytz/zoneinfo/Indian'...
Listing './lib/python3.5/site-packages/pytz/zoneinfo/Mexico'...
Listing './lib/python3.5/site-packages/pytz/zoneinfo/Pacific'...
Listing './lib/python3.5/site-packages/pytz/zoneinfo/US'...
Listing './lib/python3.5/site-packages/pytz-2017.3.dist-info'...
Listing './lib/python3.5/site-packages/setuptools'...
Listing './lib/python3.5/site-packages/setuptools/command'...
Listing './lib/python3.5/site-packages/setuptools/extern'...
Listing './lib/python3.5/site-packages/setuptools-32.3.1.dist-info'...
Listing './lib/python3.5/site-packages/six-1.11.0.dist-info'...
Listing './lib/python3.5/site-packages/stevedore'...
Listing './lib/python3.5/site-packages/stevedore/example'...
Listing './lib/python3.5/site-packages/stevedore/example2'...
Listing './lib/python3.5/site-packages/stevedore/tests'...
Listing './lib/python3.5/site-packages/stevedore-1.28.0.dist-info'...
Listing './lib/python3.5/site-packages/yaml'...
Listing './share'...
Listing './share/python-wheels'...
