Listing '.'...
Listing './bin'...
Listing './include'...
Listing './lib'...
Listing './lib/python3.5'...
Listing './lib/python3.5/site-packages'...
Listing './lib/python3.5/site-packages/papageorge'...
Listing './lib/python3.5/site-packages/papageorge/JinSmart'...
Listing './lib/python3.5/site-packages/papageorge/JinSmart/102'...
Listing './lib/python3.5/site-packages/papageorge/JinSmart/112'...
Listing './lib/python3.5/site-packages/papageorge/JinSmart/122'...
Listing './lib/python3.5/site-packages/papageorge/JinSmart/132'...
Listing './lib/python3.5/site-packages/papageorge/JinSmart/20'...
Listing './lib/python3.5/site-packages/papageorge/JinSmart/24'...
Listing './lib/python3.5/site-packages/papageorge/JinSmart/28'...
Listing './lib/python3.5/site-packages/papageorge/JinSmart/32'...
Listing './lib/python3.5/site-packages/papageorge/JinSmart/36'...
Listing './lib/python3.5/site-packages/papageorge/JinSmart/42'...
Listing './lib/python3.5/site-packages/papageorge/JinSmart/48'...
Listing './lib/python3.5/site-packages/papageorge/JinSmart/54'...
Listing './lib/python3.5/site-packages/papageorge/JinSmart/60'...
Listing './lib/python3.5/site-packages/papageorge/JinSmart/68'...
Listing './lib/python3.5/site-packages/papageorge/JinSmart/76'...
Listing './lib/python3.5/site-packages/papageorge/JinSmart/84'...
Listing './lib/python3.5/site-packages/papageorge/JinSmart/92'...
Listing './lib/python3.5/site-packages/papageorge-0.1.1.egg-info'...
Listing './lib/python3.5/site-packages/pip'...
Listing './lib/python3.5/site-packages/pip/_vendor'...
Listing './lib/python3.5/site-packages/pip/commands'...
Listing './lib/python3.5/site-packages/pip/compat'...
Listing './lib/python3.5/site-packages/pip/models'...
Listing './lib/python3.5/site-packages/pip/operations'...
Listing './lib/python3.5/site-packages/pip/req'...
Listing './lib/python3.5/site-packages/pip/utils'...
Listing './lib/python3.5/site-packages/pip/vcs'...
Listing './lib/python3.5/site-packages/pip-9.0.1.dist-info'...
Listing './lib/python3.5/site-packages/pkg_resources'...
Listing './lib/python3.5/site-packages/pkg_resources/_vendor'...
Listing './lib/python3.5/site-packages/pkg_resources/_vendor/packaging'...
Listing './lib/python3.5/site-packages/pkg_resources/extern'...
Listing './lib/python3.5/site-packages/pkg_resources-0.0.0.dist-info'...
Listing './lib/python3.5/site-packages/setuptools'...
Listing './lib/python3.5/site-packages/setuptools/command'...
Listing './lib/python3.5/site-packages/setuptools/extern'...
Listing './lib/python3.5/site-packages/setuptools-32.3.1.dist-info'...
Listing './share'...
Listing './share/python-wheels'...
