Listing '.'...
Listing './bin'...
Compiling './bin/dumppdf.py'...
Compiling './bin/latin2ascii.py'...
Compiling './bin/pdf2txt.py'...
Listing './include'...
Listing './lib'...
Listing './lib/python3.5'...
Listing './lib/python3.5/site-packages'...
Listing './lib/python3.5/site-packages/Jinja2-2.10.dist-info'...
Listing './lib/python3.5/site-packages/MarkupSafe-1.0.egg-info'...
Listing './lib/python3.5/site-packages/PIL'...
Listing './lib/python3.5/site-packages/PIL/.libs'...
Listing './lib/python3.5/site-packages/Pillow-5.0.0.dist-info'...
Listing './lib/python3.5/site-packages/PyPDF2'...
Listing './lib/python3.5/site-packages/PyPDF2-1.26.0.egg-info'...
Listing './lib/python3.5/site-packages/chardet'...
Listing './lib/python3.5/site-packages/chardet/cli'...
Listing './lib/python3.5/site-packages/chardet-3.0.4.dist-info'...
Listing './lib/python3.5/site-packages/fdfgen'...
Listing './lib/python3.5/site-packages/fdfgen-0.16.1.dist-info'...
Listing './lib/python3.5/site-packages/jinja2'...
Compiling './lib/python3.5/site-packages/jinja2/asyncfilters.py'...
***   File "./lib/python3.5/site-packages/jinja2/asyncfilters.py", line 24
    yield item
    ^
SyntaxError: 'yield' inside async function

Compiling './lib/python3.5/site-packages/jinja2/asyncsupport.py'...
***   File "./lib/python3.5/site-packages/jinja2/asyncsupport.py", line 35
    yield event
    ^
SyntaxError: 'yield' inside async function

Listing './lib/python3.5/site-packages/markupsafe'...
Listing './lib/python3.5/site-packages/pdfjinja-1.0.0.egg-info'...
Listing './lib/python3.5/site-packages/pdfminer'...
Listing './lib/python3.5/site-packages/pdfminer/cmap'...
Listing './lib/python3.5/site-packages/pdfminer.six-20160202.egg-info'...
Listing './lib/python3.5/site-packages/pip'...
Listing './lib/python3.5/site-packages/pip/_vendor'...
Listing './lib/python3.5/site-packages/pip/commands'...
Listing './lib/python3.5/site-packages/pip/compat'...
Listing './lib/python3.5/site-packages/pip/models'...
Listing './lib/python3.5/site-packages/pip/operations'...
Listing './lib/python3.5/site-packages/pip/req'...
Listing './lib/python3.5/site-packages/pip/utils'...
Listing './lib/python3.5/site-packages/pip/vcs'...
Listing './lib/python3.5/site-packages/pip-9.0.1.dist-info'...
Listing './lib/python3.5/site-packages/pkg_resources'...
Listing './lib/python3.5/site-packages/pkg_resources/_vendor'...
Listing './lib/python3.5/site-packages/pkg_resources/_vendor/packaging'...
Listing './lib/python3.5/site-packages/pkg_resources/extern'...
Listing './lib/python3.5/site-packages/pkg_resources-0.0.0.dist-info'...
Listing './lib/python3.5/site-packages/reportlab'...
Listing './lib/python3.5/site-packages/reportlab/.libs'...
Listing './lib/python3.5/site-packages/reportlab/fonts'...
Listing './lib/python3.5/site-packages/reportlab/graphics'...
Listing './lib/python3.5/site-packages/reportlab/graphics/barcode'...
Listing './lib/python3.5/site-packages/reportlab/graphics/charts'...
Listing './lib/python3.5/site-packages/reportlab/graphics/samples'...
Listing './lib/python3.5/site-packages/reportlab/graphics/widgets'...
Listing './lib/python3.5/site-packages/reportlab/lib'...
Listing './lib/python3.5/site-packages/reportlab/pdfbase'...
Listing './lib/python3.5/site-packages/reportlab/pdfgen'...
Listing './lib/python3.5/site-packages/reportlab/platypus'...
Listing './lib/python3.5/site-packages/reportlab-3.4.0.dist-info'...
Listing './lib/python3.5/site-packages/setuptools'...
Listing './lib/python3.5/site-packages/setuptools/command'...
Listing './lib/python3.5/site-packages/setuptools/extern'...
Listing './lib/python3.5/site-packages/setuptools-32.3.1.dist-info'...
Listing './lib/python3.5/site-packages/six-1.11.0.dist-info'...
Listing './share'...
Listing './share/python-wheels'...
