Listing '.'...
Listing './bin'...
Listing './include'...
Listing './lib'...
Listing './lib/python3.5'...
Listing './lib/python3.5/site-packages'...
Listing './lib/python3.5/site-packages/Pext-0.11.1.dist-info'...
Listing './lib/python3.5/site-packages/PyQt5'...
Listing './lib/python3.5/site-packages/PyQt5/Qt'...
Listing './lib/python3.5/site-packages/PyQt5/Qt/lib'...
Listing './lib/python3.5/site-packages/PyQt5/Qt/libexec'...
Listing './lib/python3.5/site-packages/PyQt5/Qt/plugins'...
Listing './lib/python3.5/site-packages/PyQt5/Qt/plugins/audio'...
Listing './lib/python3.5/site-packages/PyQt5/Qt/plugins/bearer'...
Listing './lib/python3.5/site-packages/PyQt5/Qt/plugins/egldeviceintegrations'...
Listing './lib/python3.5/site-packages/PyQt5/Qt/plugins/gamepads'...
Listing './lib/python3.5/site-packages/PyQt5/Qt/plugins/generic'...
Listing './lib/python3.5/site-packages/PyQt5/Qt/plugins/geometryloaders'...
Listing './lib/python3.5/site-packages/PyQt5/Qt/plugins/geoservices'...
Listing './lib/python3.5/site-packages/PyQt5/Qt/plugins/iconengines'...
Listing './lib/python3.5/site-packages/PyQt5/Qt/plugins/imageformats'...
Listing './lib/python3.5/site-packages/PyQt5/Qt/plugins/mediaservice'...
Listing './lib/python3.5/site-packages/PyQt5/Qt/plugins/platforminputcontexts'...
Listing './lib/python3.5/site-packages/PyQt5/Qt/plugins/platforms'...
Listing './lib/python3.5/site-packages/PyQt5/Qt/plugins/platformthemes'...
Listing './lib/python3.5/site-packages/PyQt5/Qt/plugins/playlistformats'...
Listing './lib/python3.5/site-packages/PyQt5/Qt/plugins/position'...
Listing './lib/python3.5/site-packages/PyQt5/Qt/plugins/printsupport'...
Listing './lib/python3.5/site-packages/PyQt5/Qt/plugins/renderplugins'...
Listing './lib/python3.5/site-packages/PyQt5/Qt/plugins/sceneparsers'...
Listing './lib/python3.5/site-packages/PyQt5/Qt/plugins/sensorgestures'...
Listing './lib/python3.5/site-packages/PyQt5/Qt/plugins/sensors'...
Listing './lib/python3.5/site-packages/PyQt5/Qt/plugins/sqldrivers'...
Listing './lib/python3.5/site-packages/PyQt5/Qt/plugins/xcbglintegrations'...
Listing './lib/python3.5/site-packages/PyQt5/Qt/qml'...
Listing './lib/python3.5/site-packages/PyQt5/Qt/qml/Qt'...
Listing './lib/python3.5/site-packages/PyQt5/Qt/qml/Qt/WebSockets'...
Listing './lib/python3.5/site-packages/PyQt5/Qt/qml/Qt/labs'...
Listing './lib/python3.5/site-packages/PyQt5/Qt/qml/Qt/labs/calendar'...
Listing './lib/python3.5/site-packages/PyQt5/Qt/qml/Qt/labs/folderlistmodel'...
Listing './lib/python3.5/site-packages/PyQt5/Qt/qml/Qt/labs/platform'...
Listing './lib/python3.5/site-packages/PyQt5/Qt/qml/Qt/labs/settings'...
Listing './lib/python3.5/site-packages/PyQt5/Qt/qml/Qt/labs/sharedimage'...
Listing './lib/python3.5/site-packages/PyQt5/Qt/qml/QtBluetooth'...
Listing './lib/python3.5/site-packages/PyQt5/Qt/qml/QtCanvas3D'...
Listing './lib/python3.5/site-packages/PyQt5/Qt/qml/QtGraphicalEffects'...
Listing './lib/python3.5/site-packages/PyQt5/Qt/qml/QtGraphicalEffects/private'...
Listing './lib/python3.5/site-packages/PyQt5/Qt/qml/QtLocation'...
Listing './lib/python3.5/site-packages/PyQt5/Qt/qml/QtMultimedia'...
Listing './lib/python3.5/site-packages/PyQt5/Qt/qml/QtNfc'...
Listing './lib/python3.5/site-packages/PyQt5/Qt/qml/QtPositioning'...
Listing './lib/python3.5/site-packages/PyQt5/Qt/qml/QtQml'...
Listing './lib/python3.5/site-packages/PyQt5/Qt/qml/QtQml/Models.2'...
Listing './lib/python3.5/site-packages/PyQt5/Qt/qml/QtQml/StateMachine'...
Listing './lib/python3.5/site-packages/PyQt5/Qt/qml/QtQuick'...
Listing './lib/python3.5/site-packages/PyQt5/Qt/qml/QtQuick/Controls'...
Listing './lib/python3.5/site-packages/PyQt5/Qt/qml/QtQuick/Controls/Private'...
Listing './lib/python3.5/site-packages/PyQt5/Qt/qml/QtQuick/Controls/Styles'...
Listing './lib/python3.5/site-packages/PyQt5/Qt/qml/QtQuick/Controls/Styles/Base'...
Listing './lib/python3.5/site-packages/PyQt5/Qt/qml/QtQuick/Controls/Styles/Desktop'...
Listing './lib/python3.5/site-packages/PyQt5/Qt/qml/QtQuick/Controls/Styles/Flat'...
Listing './lib/python3.5/site-packages/PyQt5/Qt/qml/QtQuick/Controls.2'...
Listing './lib/python3.5/site-packages/PyQt5/Qt/qml/QtQuick/Controls.2/Material'...
Listing './lib/python3.5/site-packages/PyQt5/Qt/qml/QtQuick/Controls.2/Universal'...
Listing './lib/python3.5/site-packages/PyQt5/Qt/qml/QtQuick/Controls.2/designer'...
Listing './lib/python3.5/site-packages/PyQt5/Qt/qml/QtQuick/Controls.2/designer/images'...
Listing './lib/python3.5/site-packages/PyQt5/Qt/qml/QtQuick/Dialogs'...
Listing './lib/python3.5/site-packages/PyQt5/Qt/qml/QtQuick/Dialogs/Private'...
Listing './lib/python3.5/site-packages/PyQt5/Qt/qml/QtQuick/Dialogs/images'...
Listing './lib/python3.5/site-packages/PyQt5/Qt/qml/QtQuick/Dialogs/qml'...
Listing './lib/python3.5/site-packages/PyQt5/Qt/qml/QtQuick/Extras'...
Listing './lib/python3.5/site-packages/PyQt5/Qt/qml/QtQuick/Extras/Private'...
Listing './lib/python3.5/site-packages/PyQt5/Qt/qml/QtQuick/Extras/designer'...
Listing './lib/python3.5/site-packages/PyQt5/Qt/qml/QtQuick/Extras/designer/images'...
Listing './lib/python3.5/site-packages/PyQt5/Qt/qml/QtQuick/Layouts'...
Listing './lib/python3.5/site-packages/PyQt5/Qt/qml/QtQuick/LocalStorage'...
Listing './lib/python3.5/site-packages/PyQt5/Qt/qml/QtQuick/Particles.2'...
Listing './lib/python3.5/site-packages/PyQt5/Qt/qml/QtQuick/PrivateWidgets'...
Listing './lib/python3.5/site-packages/PyQt5/Qt/qml/QtQuick/Scene2D'...
Listing './lib/python3.5/site-packages/PyQt5/Qt/qml/QtQuick/Scene3D'...
Listing './lib/python3.5/site-packages/PyQt5/Qt/qml/QtQuick/Templates.2'...
Listing './lib/python3.5/site-packages/PyQt5/Qt/qml/QtQuick/Window.2'...
Listing './lib/python3.5/site-packages/PyQt5/Qt/qml/QtQuick/XmlListModel'...
Listing './lib/python3.5/site-packages/PyQt5/Qt/qml/QtQuick.2'...
Listing './lib/python3.5/site-packages/PyQt5/Qt/qml/QtSensors'...
Listing './lib/python3.5/site-packages/PyQt5/Qt/qml/QtTest'...
Listing './lib/python3.5/site-packages/PyQt5/Qt/qml/QtWebChannel'...
Listing './lib/python3.5/site-packages/PyQt5/Qt/qml/QtWebEngine'...
Listing './lib/python3.5/site-packages/PyQt5/Qt/qml/QtWebEngine/Controls1Delegates'...
Listing './lib/python3.5/site-packages/PyQt5/Qt/qml/QtWebEngine/Controls2Delegates'...
Listing './lib/python3.5/site-packages/PyQt5/Qt/qml/QtWebSockets'...
Listing './lib/python3.5/site-packages/PyQt5/Qt/resources'...
Listing './lib/python3.5/site-packages/PyQt5/Qt/translations'...
Listing './lib/python3.5/site-packages/PyQt5/Qt/translations/qtwebengine_locales'...
Listing './lib/python3.5/site-packages/PyQt5/uic'...
Listing './lib/python3.5/site-packages/PyQt5/uic/Compiler'...
Listing './lib/python3.5/site-packages/PyQt5/uic/Loader'...
Listing './lib/python3.5/site-packages/PyQt5/uic/port_v2'...
Listing './lib/python3.5/site-packages/PyQt5/uic/port_v3'...
Listing './lib/python3.5/site-packages/PyQt5/uic/widget-plugins'...
Listing './lib/python3.5/site-packages/PyQt5-5.9.2.dist-info'...
Listing './lib/python3.5/site-packages/docs'...
Listing './lib/python3.5/site-packages/docs/tutorial'...
Listing './lib/python3.5/site-packages/dulwich'...
Listing './lib/python3.5/site-packages/dulwich/contrib'...
Listing './lib/python3.5/site-packages/dulwich/tests'...
Listing './lib/python3.5/site-packages/dulwich/tests/compat'...
Listing './lib/python3.5/site-packages/dulwich/tests/data'...
Listing './lib/python3.5/site-packages/dulwich/tests/data/blobs'...
Listing './lib/python3.5/site-packages/dulwich/tests/data/blobs/11'...
Listing './lib/python3.5/site-packages/dulwich/tests/data/blobs/6f'...
Listing './lib/python3.5/site-packages/dulwich/tests/data/blobs/95'...
Listing './lib/python3.5/site-packages/dulwich/tests/data/blobs/e6'...
Listing './lib/python3.5/site-packages/dulwich/tests/data/commits'...
Listing './lib/python3.5/site-packages/dulwich/tests/data/commits/0d'...
Listing './lib/python3.5/site-packages/dulwich/tests/data/commits/5d'...
Listing './lib/python3.5/site-packages/dulwich/tests/data/commits/60'...
Listing './lib/python3.5/site-packages/dulwich/tests/data/indexes'...
Listing './lib/python3.5/site-packages/dulwich/tests/data/packs'...
Listing './lib/python3.5/site-packages/dulwich/tests/data/repos'...
Listing './lib/python3.5/site-packages/dulwich/tests/data/repos/a.git'...
Listing './lib/python3.5/site-packages/dulwich/tests/data/repos/a.git/objects'...
Listing './lib/python3.5/site-packages/dulwich/tests/data/repos/a.git/objects/28'...
Listing './lib/python3.5/site-packages/dulwich/tests/data/repos/a.git/objects/2a'...
Listing './lib/python3.5/site-packages/dulwich/tests/data/repos/a.git/objects/4e'...
Listing './lib/python3.5/site-packages/dulwich/tests/data/repos/a.git/objects/4f'...
Listing './lib/python3.5/site-packages/dulwich/tests/data/repos/a.git/objects/7d'...
Listing './lib/python3.5/site-packages/dulwich/tests/data/repos/a.git/objects/a2'...
Listing './lib/python3.5/site-packages/dulwich/tests/data/repos/a.git/objects/a9'...
Listing './lib/python3.5/site-packages/dulwich/tests/data/repos/a.git/objects/b0'...
Listing './lib/python3.5/site-packages/dulwich/tests/data/repos/a.git/objects/ff'...
Listing './lib/python3.5/site-packages/dulwich/tests/data/repos/a.git/refs'...
Listing './lib/python3.5/site-packages/dulwich/tests/data/repos/a.git/refs/heads'...
Listing './lib/python3.5/site-packages/dulwich/tests/data/repos/a.git/refs/tags'...
Listing './lib/python3.5/site-packages/dulwich/tests/data/repos/empty.git'...
Listing './lib/python3.5/site-packages/dulwich/tests/data/repos/empty.git/objects'...
Listing './lib/python3.5/site-packages/dulwich/tests/data/repos/empty.git/objects/info'...
Listing './lib/python3.5/site-packages/dulwich/tests/data/repos/empty.git/objects/pack'...
Listing './lib/python3.5/site-packages/dulwich/tests/data/repos/empty.git/refs'...
Listing './lib/python3.5/site-packages/dulwich/tests/data/repos/empty.git/refs/heads'...
Listing './lib/python3.5/site-packages/dulwich/tests/data/repos/empty.git/refs/tags'...
Listing './lib/python3.5/site-packages/dulwich/tests/data/repos/ooo_merge.git'...
Listing './lib/python3.5/site-packages/dulwich/tests/data/repos/ooo_merge.git/objects'...
Listing './lib/python3.5/site-packages/dulwich/tests/data/repos/ooo_merge.git/objects/29'...
Listing './lib/python3.5/site-packages/dulwich/tests/data/repos/ooo_merge.git/objects/38'...
Listing './lib/python3.5/site-packages/dulwich/tests/data/repos/ooo_merge.git/objects/6f'...
Listing './lib/python3.5/site-packages/dulwich/tests/data/repos/ooo_merge.git/objects/70'...
Listing './lib/python3.5/site-packages/dulwich/tests/data/repos/ooo_merge.git/objects/76'...
Listing './lib/python3.5/site-packages/dulwich/tests/data/repos/ooo_merge.git/objects/90'...
Listing './lib/python3.5/site-packages/dulwich/tests/data/repos/ooo_merge.git/objects/95'...
Listing './lib/python3.5/site-packages/dulwich/tests/data/repos/ooo_merge.git/objects/b2'...
Listing './lib/python3.5/site-packages/dulwich/tests/data/repos/ooo_merge.git/objects/f5'...
Listing './lib/python3.5/site-packages/dulwich/tests/data/repos/ooo_merge.git/objects/f9'...
Listing './lib/python3.5/site-packages/dulwich/tests/data/repos/ooo_merge.git/objects/fb'...
Listing './lib/python3.5/site-packages/dulwich/tests/data/repos/ooo_merge.git/refs'...
Listing './lib/python3.5/site-packages/dulwich/tests/data/repos/ooo_merge.git/refs/heads'...
Listing './lib/python3.5/site-packages/dulwich/tests/data/repos/refs.git'...
Listing './lib/python3.5/site-packages/dulwich/tests/data/repos/refs.git/objects'...
Listing './lib/python3.5/site-packages/dulwich/tests/data/repos/refs.git/objects/3b'...
Listing './lib/python3.5/site-packages/dulwich/tests/data/repos/refs.git/objects/3e'...
Listing './lib/python3.5/site-packages/dulwich/tests/data/repos/refs.git/objects/42'...
Listing './lib/python3.5/site-packages/dulwich/tests/data/repos/refs.git/objects/a1'...
Listing './lib/python3.5/site-packages/dulwich/tests/data/repos/refs.git/objects/cd'...
Listing './lib/python3.5/site-packages/dulwich/tests/data/repos/refs.git/objects/df'...
Listing './lib/python3.5/site-packages/dulwich/tests/data/repos/refs.git/refs'...
Listing './lib/python3.5/site-packages/dulwich/tests/data/repos/refs.git/refs/heads'...
Listing './lib/python3.5/site-packages/dulwich/tests/data/repos/refs.git/refs/tags'...
Listing './lib/python3.5/site-packages/dulwich/tests/data/repos/simple_merge.git'...
Listing './lib/python3.5/site-packages/dulwich/tests/data/repos/simple_merge.git/objects'...
Listing './lib/python3.5/site-packages/dulwich/tests/data/repos/simple_merge.git/objects/0d'...
Listing './lib/python3.5/site-packages/dulwich/tests/data/repos/simple_merge.git/objects/1b'...
Listing './lib/python3.5/site-packages/dulwich/tests/data/repos/simple_merge.git/objects/29'...
Listing './lib/python3.5/site-packages/dulwich/tests/data/repos/simple_merge.git/objects/4c'...
Listing './lib/python3.5/site-packages/dulwich/tests/data/repos/simple_merge.git/objects/5d'...
Listing './lib/python3.5/site-packages/dulwich/tests/data/repos/simple_merge.git/objects/60'...
Listing './lib/python3.5/site-packages/dulwich/tests/data/repos/simple_merge.git/objects/6f'...
Listing './lib/python3.5/site-packages/dulwich/tests/data/repos/simple_merge.git/objects/70'...
Listing './lib/python3.5/site-packages/dulwich/tests/data/repos/simple_merge.git/objects/90'...
Listing './lib/python3.5/site-packages/dulwich/tests/data/repos/simple_merge.git/objects/95'...
Listing './lib/python3.5/site-packages/dulwich/tests/data/repos/simple_merge.git/objects/ab'...
Listing './lib/python3.5/site-packages/dulwich/tests/data/repos/simple_merge.git/objects/d4'...
Listing './lib/python3.5/site-packages/dulwich/tests/data/repos/simple_merge.git/objects/d8'...
Listing './lib/python3.5/site-packages/dulwich/tests/data/repos/simple_merge.git/objects/e6'...
Listing './lib/python3.5/site-packages/dulwich/tests/data/repos/simple_merge.git/refs'...
Listing './lib/python3.5/site-packages/dulwich/tests/data/repos/simple_merge.git/refs/heads'...
Listing './lib/python3.5/site-packages/dulwich/tests/data/repos/submodule'...
Listing './lib/python3.5/site-packages/dulwich/tests/data/tags'...
Listing './lib/python3.5/site-packages/dulwich/tests/data/tags/71'...
Listing './lib/python3.5/site-packages/dulwich/tests/data/trees'...
Listing './lib/python3.5/site-packages/dulwich/tests/data/trees/70'...
Listing './lib/python3.5/site-packages/dulwich-0.18.6.egg-info'...
Listing './lib/python3.5/site-packages/pext'...
Listing './lib/python3.5/site-packages/pext/helpers'...
Listing './lib/python3.5/site-packages/pext/i18n'...
Listing './lib/python3.5/site-packages/pext/images'...
Listing './lib/python3.5/site-packages/pext/images/128x128'...
Listing './lib/python3.5/site-packages/pext/images/48x48'...
Listing './lib/python3.5/site-packages/pext/images/scalable'...
Listing './lib/python3.5/site-packages/pext/qml'...
Listing './lib/python3.5/site-packages/pext_dev'...
Listing './lib/python3.5/site-packages/pext_dev/module'...
Listing './lib/python3.5/site-packages/pext_dev/theme'...
Listing './lib/python3.5/site-packages/pip'...
Listing './lib/python3.5/site-packages/pip/_vendor'...
Listing './lib/python3.5/site-packages/pip/commands'...
Listing './lib/python3.5/site-packages/pip/compat'...
Listing './lib/python3.5/site-packages/pip/models'...
Listing './lib/python3.5/site-packages/pip/operations'...
Listing './lib/python3.5/site-packages/pip/req'...
Listing './lib/python3.5/site-packages/pip/utils'...
Listing './lib/python3.5/site-packages/pip/vcs'...
Listing './lib/python3.5/site-packages/pip-9.0.1.dist-info'...
Listing './lib/python3.5/site-packages/pkg_resources'...
Listing './lib/python3.5/site-packages/pkg_resources/_vendor'...
Listing './lib/python3.5/site-packages/pkg_resources/_vendor/packaging'...
Listing './lib/python3.5/site-packages/pkg_resources/extern'...
Listing './lib/python3.5/site-packages/pkg_resources-0.0.0.dist-info'...
Listing './lib/python3.5/site-packages/setuptools'...
Listing './lib/python3.5/site-packages/setuptools/command'...
Listing './lib/python3.5/site-packages/setuptools/extern'...
Listing './lib/python3.5/site-packages/setuptools-32.3.1.dist-info'...
Listing './lib/python3.5/site-packages/sip-4.19.6.dist-info'...
Listing './man'...
Listing './man/man1'...
Listing './share'...
Listing './share/applications'...
Listing './share/icons'...
Listing './share/icons/hicolor'...
Listing './share/icons/hicolor/128x128'...
Listing './share/icons/hicolor/128x128/apps'...
Listing './share/icons/hicolor/48x48'...
Listing './share/icons/hicolor/48x48/apps'...
Listing './share/icons/hicolor/scalable'...
Listing './share/icons/hicolor/scalable/apps'...
Listing './share/python-wheels'...
