Listing '.'...
Listing './bin'...
Listing './include'...
Listing './lib'...
Listing './lib/python3.5'...
Listing './lib/python3.5/site-packages'...
Listing './lib/python3.5/site-packages/.libs_cffi_backend'...
Listing './lib/python3.5/site-packages/Jinja2-2.10.dist-info'...
Listing './lib/python3.5/site-packages/MarkupSafe-1.0.egg-info'...
Listing './lib/python3.5/site-packages/argparse-1.4.0.dist-info'...
Listing './lib/python3.5/site-packages/cffi'...
Listing './lib/python3.5/site-packages/cffi-1.11.3.dist-info'...
Listing './lib/python3.5/site-packages/click'...
Listing './lib/python3.5/site-packages/click-6.7.dist-info'...
Listing './lib/python3.5/site-packages/daiquiri'...
Listing './lib/python3.5/site-packages/daiquiri/tests'...
Listing './lib/python3.5/site-packages/daiquiri-1.3.0.dist-info'...
Listing './lib/python3.5/site-packages/extras'...
Listing './lib/python3.5/site-packages/extras/tests'...
Listing './lib/python3.5/site-packages/extras-1.0.0.dist-info'...
Listing './lib/python3.5/site-packages/fixtures'...
Listing './lib/python3.5/site-packages/fixtures/_fixtures'...
Listing './lib/python3.5/site-packages/fixtures/tests'...
Listing './lib/python3.5/site-packages/fixtures/tests/_fixtures'...
Listing './lib/python3.5/site-packages/fixtures-3.0.0.dist-info'...
Listing './lib/python3.5/site-packages/jinja2'...
Compiling './lib/python3.5/site-packages/jinja2/asyncfilters.py'...
***   File "./lib/python3.5/site-packages/jinja2/asyncfilters.py", line 24
    yield item
    ^
SyntaxError: 'yield' inside async function

Compiling './lib/python3.5/site-packages/jinja2/asyncsupport.py'...
***   File "./lib/python3.5/site-packages/jinja2/asyncsupport.py", line 35
    yield event
    ^
SyntaxError: 'yield' inside async function

Listing './lib/python3.5/site-packages/linecache2'...
Listing './lib/python3.5/site-packages/linecache2/tests'...
Listing './lib/python3.5/site-packages/linecache2-1.0.0.dist-info'...
Listing './lib/python3.5/site-packages/markupsafe'...
Listing './lib/python3.5/site-packages/pbr'...
Listing './lib/python3.5/site-packages/pbr/cmd'...
Listing './lib/python3.5/site-packages/pbr/hooks'...
Listing './lib/python3.5/site-packages/pbr/tests'...
Listing './lib/python3.5/site-packages/pbr/tests/testpackage'...
Listing './lib/python3.5/site-packages/pbr/tests/testpackage/data_files'...
Listing './lib/python3.5/site-packages/pbr/tests/testpackage/doc'...
Listing './lib/python3.5/site-packages/pbr/tests/testpackage/doc/source'...
Listing './lib/python3.5/site-packages/pbr/tests/testpackage/pbr_testpackage'...
Listing './lib/python3.5/site-packages/pbr/tests/testpackage/pbr_testpackage/package_data'...
Listing './lib/python3.5/site-packages/pbr/tests/testpackage/src'...
Listing './lib/python3.5/site-packages/pbr-3.1.1.dist-info'...
Listing './lib/python3.5/site-packages/pifpaf'...
Listing './lib/python3.5/site-packages/pifpaf/drivers'...
Listing './lib/python3.5/site-packages/pifpaf/drivers/templates'...
Listing './lib/python3.5/site-packages/pifpaf/drivers/templates/swift'...
Listing './lib/python3.5/site-packages/pifpaf/tests'...
Listing './lib/python3.5/site-packages/pifpaf-2.0.0.dist-info'...
Listing './lib/python3.5/site-packages/pip'...
Listing './lib/python3.5/site-packages/pip/_vendor'...
Listing './lib/python3.5/site-packages/pip/commands'...
Listing './lib/python3.5/site-packages/pip/compat'...
Listing './lib/python3.5/site-packages/pip/models'...
Listing './lib/python3.5/site-packages/pip/operations'...
Listing './lib/python3.5/site-packages/pip/req'...
Listing './lib/python3.5/site-packages/pip/utils'...
Listing './lib/python3.5/site-packages/pip/vcs'...
Listing './lib/python3.5/site-packages/pip-9.0.1.dist-info'...
Listing './lib/python3.5/site-packages/pkg_resources'...
Listing './lib/python3.5/site-packages/pkg_resources/_vendor'...
Listing './lib/python3.5/site-packages/pkg_resources/_vendor/packaging'...
Listing './lib/python3.5/site-packages/pkg_resources/extern'...
Listing './lib/python3.5/site-packages/pkg_resources-0.0.0.dist-info'...
Listing './lib/python3.5/site-packages/psutil'...
Listing './lib/python3.5/site-packages/psutil/tests'...
Listing './lib/python3.5/site-packages/psutil-5.4.3.egg-info'...
Listing './lib/python3.5/site-packages/pycparser'...
Listing './lib/python3.5/site-packages/pycparser/ply'...
Listing './lib/python3.5/site-packages/pycparser-2.18.egg-info'...
Listing './lib/python3.5/site-packages/python_mimeparse-1.6.0.dist-info'...
Listing './lib/python3.5/site-packages/setuptools'...
Listing './lib/python3.5/site-packages/setuptools/command'...
Listing './lib/python3.5/site-packages/setuptools/extern'...
Listing './lib/python3.5/site-packages/setuptools-32.3.1.dist-info'...
Listing './lib/python3.5/site-packages/six-1.11.0.dist-info'...
Listing './lib/python3.5/site-packages/testtools'...
Compiling './lib/python3.5/site-packages/testtools/_compat2x.py'...
***   File "./lib/python3.5/site-packages/testtools/_compat2x.py", line 16
    raise exc_class, exc_obj, exc_tb
                   ^
SyntaxError: invalid syntax

Listing './lib/python3.5/site-packages/testtools/matchers'...
Listing './lib/python3.5/site-packages/testtools/testresult'...
Listing './lib/python3.5/site-packages/testtools/tests'...
Listing './lib/python3.5/site-packages/testtools/tests/matchers'...
Listing './lib/python3.5/site-packages/testtools/tests/twistedsupport'...
Listing './lib/python3.5/site-packages/testtools/twistedsupport'...
Listing './lib/python3.5/site-packages/testtools-2.3.0.dist-info'...
Listing './lib/python3.5/site-packages/traceback2'...
Listing './lib/python3.5/site-packages/traceback2/tests'...
Listing './lib/python3.5/site-packages/traceback2-1.4.0.dist-info'...
Listing './lib/python3.5/site-packages/unittest2'...
Listing './lib/python3.5/site-packages/unittest2/test'...
Listing './lib/python3.5/site-packages/unittest2-1.1.0.dist-info'...
Listing './lib/python3.5/site-packages/xattr'...
Listing './lib/python3.5/site-packages/xattr-0.9.2.egg-info'...
Listing './share'...
Listing './share/python-wheels'...
