Listing '.'...
Listing './bin'...
Listing './include'...
Listing './lib'...
Listing './lib/python3.5'...
Listing './lib/python3.5/site-packages'...
Listing './lib/python3.5/site-packages/PyYAML-3.12.egg-info'...
Listing './lib/python3.5/site-packages/backports'...
Listing './lib/python3.5/site-packages/backports.method_request-1.2.dist-info'...
Listing './lib/python3.5/site-packages/beautifulsoup4-4.6.0.dist-info'...
Listing './lib/python3.5/site-packages/bs4'...
Listing './lib/python3.5/site-packages/bs4/builder'...
Listing './lib/python3.5/site-packages/bs4/tests'...
Listing './lib/python3.5/site-packages/bson'...
Listing './lib/python3.5/site-packages/certifi'...
Listing './lib/python3.5/site-packages/certifi-2017.11.5.dist-info'...
Listing './lib/python3.5/site-packages/chardet'...
Listing './lib/python3.5/site-packages/chardet/cli'...
Listing './lib/python3.5/site-packages/chardet-3.0.4.dist-info'...
Listing './lib/python3.5/site-packages/dateutil'...
Listing './lib/python3.5/site-packages/dateutil/tz'...
Listing './lib/python3.5/site-packages/dateutil/zoneinfo'...
Listing './lib/python3.5/site-packages/feedparser-5.2.1.egg-info'...
Listing './lib/python3.5/site-packages/gridfs'...
Listing './lib/python3.5/site-packages/idna'...
Listing './lib/python3.5/site-packages/idna-2.6.dist-info'...
Listing './lib/python3.5/site-packages/inflect-0.2.5.dist-info'...
Listing './lib/python3.5/site-packages/jaraco'...
Listing './lib/python3.5/site-packages/jaraco/classes'...
Listing './lib/python3.5/site-packages/jaraco/mongodb'...
Listing './lib/python3.5/site-packages/jaraco/mongodb/tests'...
Listing './lib/python3.5/site-packages/jaraco/services'...
Listing './lib/python3.5/site-packages/jaraco/ui'...
Listing './lib/python3.5/site-packages/jaraco.apt-1.2.dist-info'...
Listing './lib/python3.5/site-packages/jaraco.classes-1.4.3.dist-info'...
Listing './lib/python3.5/site-packages/jaraco.collections-1.5.2.dist-info'...
Listing './lib/python3.5/site-packages/jaraco.compat-2.0.dist-info'...
Listing './lib/python3.5/site-packages/jaraco.context-1.7.dist-info'...
Listing './lib/python3.5/site-packages/jaraco.functools-1.17.dist-info'...
Listing './lib/python3.5/site-packages/jaraco.itertools-2.1.dist-info'...
Listing './lib/python3.5/site-packages/jaraco.logging-1.5.1.dist-info'...
Listing './lib/python3.5/site-packages/jaraco.mongodb-7.3.1.dist-info'...
Listing './lib/python3.5/site-packages/jaraco.services-1.5.2.dist-info'...
Listing './lib/python3.5/site-packages/jaraco.text-1.9.2.dist-info'...
Listing './lib/python3.5/site-packages/jaraco.timing-1.3.2.dist-info'...
Listing './lib/python3.5/site-packages/jaraco.ui-1.6.dist-info'...
Listing './lib/python3.5/site-packages/more_itertools'...
Listing './lib/python3.5/site-packages/more_itertools/tests'...
Listing './lib/python3.5/site-packages/more_itertools-4.0.1.dist-info'...
Listing './lib/python3.5/site-packages/path.py-10.5.dist-info'...
Listing './lib/python3.5/site-packages/pip'...
Listing './lib/python3.5/site-packages/pip/_vendor'...
Listing './lib/python3.5/site-packages/pip/commands'...
Listing './lib/python3.5/site-packages/pip/compat'...
Listing './lib/python3.5/site-packages/pip/models'...
Listing './lib/python3.5/site-packages/pip/operations'...
Listing './lib/python3.5/site-packages/pip/req'...
Listing './lib/python3.5/site-packages/pip/utils'...
Listing './lib/python3.5/site-packages/pip/vcs'...
Listing './lib/python3.5/site-packages/pip-9.0.1.dist-info'...
Listing './lib/python3.5/site-packages/pkg_resources'...
Listing './lib/python3.5/site-packages/pkg_resources/_vendor'...
Listing './lib/python3.5/site-packages/pkg_resources/_vendor/packaging'...
Listing './lib/python3.5/site-packages/pkg_resources/extern'...
Listing './lib/python3.5/site-packages/pkg_resources-0.0.0.dist-info'...
Listing './lib/python3.5/site-packages/pmxbot'...
Listing './lib/python3.5/site-packages/pmxbot/web'...
Listing './lib/python3.5/site-packages/pmxbot/web/templates'...
Listing './lib/python3.5/site-packages/pmxbot-1119.0.3.dist-info'...
Listing './lib/python3.5/site-packages/portend-2.2.dist-info'...
Listing './lib/python3.5/site-packages/py26compat'...
Listing './lib/python3.5/site-packages/py27compat'...
Listing './lib/python3.5/site-packages/py31compat'...
Listing './lib/python3.5/site-packages/pymongo'...
Listing './lib/python3.5/site-packages/pymongo-3.6.0.dist-info'...
Listing './lib/python3.5/site-packages/python_dateutil-2.6.1.dist-info'...
Listing './lib/python3.5/site-packages/pytimeparse'...
Listing './lib/python3.5/site-packages/pytimeparse/tests'...
Listing './lib/python3.5/site-packages/pytimeparse-1.1.7.dist-info'...
Listing './lib/python3.5/site-packages/pytz'...
Listing './lib/python3.5/site-packages/pytz/zoneinfo'...
Listing './lib/python3.5/site-packages/pytz/zoneinfo/Africa'...
Listing './lib/python3.5/site-packages/pytz/zoneinfo/America'...
Listing './lib/python3.5/site-packages/pytz/zoneinfo/America/Argentina'...
Listing './lib/python3.5/site-packages/pytz/zoneinfo/America/Indiana'...
Listing './lib/python3.5/site-packages/pytz/zoneinfo/America/Kentucky'...
Listing './lib/python3.5/site-packages/pytz/zoneinfo/America/North_Dakota'...
Listing './lib/python3.5/site-packages/pytz/zoneinfo/Antarctica'...
Listing './lib/python3.5/site-packages/pytz/zoneinfo/Arctic'...
Listing './lib/python3.5/site-packages/pytz/zoneinfo/Asia'...
Listing './lib/python3.5/site-packages/pytz/zoneinfo/Atlantic'...
Listing './lib/python3.5/site-packages/pytz/zoneinfo/Australia'...
Listing './lib/python3.5/site-packages/pytz/zoneinfo/Brazil'...
Listing './lib/python3.5/site-packages/pytz/zoneinfo/Canada'...
Listing './lib/python3.5/site-packages/pytz/zoneinfo/Chile'...
Listing './lib/python3.5/site-packages/pytz/zoneinfo/Etc'...
Listing './lib/python3.5/site-packages/pytz/zoneinfo/Europe'...
Listing './lib/python3.5/site-packages/pytz/zoneinfo/Indian'...
Listing './lib/python3.5/site-packages/pytz/zoneinfo/Mexico'...
Listing './lib/python3.5/site-packages/pytz/zoneinfo/Pacific'...
Listing './lib/python3.5/site-packages/pytz/zoneinfo/US'...
Listing './lib/python3.5/site-packages/pytz-2017.3.dist-info'...
Listing './lib/python3.5/site-packages/requests'...
Listing './lib/python3.5/site-packages/requests-2.18.4.dist-info'...
Listing './lib/python3.5/site-packages/setuptools'...
Listing './lib/python3.5/site-packages/setuptools/command'...
Listing './lib/python3.5/site-packages/setuptools/extern'...
Listing './lib/python3.5/site-packages/setuptools-32.3.1.dist-info'...
Listing './lib/python3.5/site-packages/six-1.11.0.dist-info'...
Listing './lib/python3.5/site-packages/tempora'...
Listing './lib/python3.5/site-packages/tempora/tests'...
Listing './lib/python3.5/site-packages/tempora-1.10.dist-info'...
Listing './lib/python3.5/site-packages/tests'...
Listing './lib/python3.5/site-packages/tests/functional'...
Listing './lib/python3.5/site-packages/tests/functional/plugins'...
Listing './lib/python3.5/site-packages/tests/functional/plugins/pmxbot_test_commands.egg-info'...
Listing './lib/python3.5/site-packages/tests/unit'...
Listing './lib/python3.5/site-packages/urllib3'...
Listing './lib/python3.5/site-packages/urllib3/contrib'...
Listing './lib/python3.5/site-packages/urllib3/contrib/_securetransport'...
Listing './lib/python3.5/site-packages/urllib3/packages'...
Listing './lib/python3.5/site-packages/urllib3/packages/backports'...
Listing './lib/python3.5/site-packages/urllib3/packages/ssl_match_hostname'...
Listing './lib/python3.5/site-packages/urllib3/util'...
Listing './lib/python3.5/site-packages/urllib3-1.22.dist-info'...
Listing './lib/python3.5/site-packages/wordnik'...
Listing './lib/python3.5/site-packages/wordnik/models'...
Listing './lib/python3.5/site-packages/wordnik_py3-2.1.2.egg-info'...
Listing './lib/python3.5/site-packages/yaml'...
Listing './lib/python3.5/site-packages/yg'...
Listing './lib/python3.5/site-packages/yg/lockfile'...
Listing './lib/python3.5/site-packages/yg/lockfile/test'...
Listing './lib/python3.5/site-packages/yg.lockfile-2.3.dist-info'...
Listing './lib/python3.5/site-packages/zc'...
Listing './lib/python3.5/site-packages/zc/lockfile'...
Listing './lib/python3.5/site-packages/zc.lockfile-1.2.1.egg-info'...
Listing './share'...
Listing './share/python-wheels'...
