Listing '.'...
Listing './bin'...
Listing './include'...
Listing './lib'...
Listing './lib/python3.5'...
Listing './lib/python3.5/site-packages'...
Listing './lib/python3.5/site-packages/Faker-0.8.9.dist-info'...
Listing './lib/python3.5/site-packages/boltons'...
Listing './lib/python3.5/site-packages/boltons-17.2.0.dist-info'...
Listing './lib/python3.5/site-packages/dateutil'...
Listing './lib/python3.5/site-packages/dateutil/tz'...
Listing './lib/python3.5/site-packages/dateutil/zoneinfo'...
Listing './lib/python3.5/site-packages/faker'...
Listing './lib/python3.5/site-packages/faker/providers'...
Listing './lib/python3.5/site-packages/faker/providers/address'...
Listing './lib/python3.5/site-packages/faker/providers/address/cs_CZ'...
Listing './lib/python3.5/site-packages/faker/providers/address/de_DE'...
Listing './lib/python3.5/site-packages/faker/providers/address/el_GR'...
Listing './lib/python3.5/site-packages/faker/providers/address/en'...
Listing './lib/python3.5/site-packages/faker/providers/address/en_AU'...
Listing './lib/python3.5/site-packages/faker/providers/address/en_CA'...
Listing './lib/python3.5/site-packages/faker/providers/address/en_GB'...
Listing './lib/python3.5/site-packages/faker/providers/address/en_US'...
Listing './lib/python3.5/site-packages/faker/providers/address/es'...
Listing './lib/python3.5/site-packages/faker/providers/address/es_ES'...
Listing './lib/python3.5/site-packages/faker/providers/address/es_MX'...
Listing './lib/python3.5/site-packages/faker/providers/address/fa_IR'...
Listing './lib/python3.5/site-packages/faker/providers/address/fi_FI'...
Listing './lib/python3.5/site-packages/faker/providers/address/fr_CH'...
Listing './lib/python3.5/site-packages/faker/providers/address/fr_FR'...
Listing './lib/python3.5/site-packages/faker/providers/address/he_IL'...
Listing './lib/python3.5/site-packages/faker/providers/address/hi_IN'...
Listing './lib/python3.5/site-packages/faker/providers/address/hr_HR'...
Listing './lib/python3.5/site-packages/faker/providers/address/hu_HU'...
Listing './lib/python3.5/site-packages/faker/providers/address/id_ID'...
Listing './lib/python3.5/site-packages/faker/providers/address/it_IT'...
Listing './lib/python3.5/site-packages/faker/providers/address/ja_JP'...
Listing './lib/python3.5/site-packages/faker/providers/address/ka_GE'...
Listing './lib/python3.5/site-packages/faker/providers/address/ko_KR'...
Listing './lib/python3.5/site-packages/faker/providers/address/ne_NP'...
Listing './lib/python3.5/site-packages/faker/providers/address/nl_BE'...
Listing './lib/python3.5/site-packages/faker/providers/address/nl_NL'...
Listing './lib/python3.5/site-packages/faker/providers/address/no_NO'...
Listing './lib/python3.5/site-packages/faker/providers/address/pl_PL'...
Listing './lib/python3.5/site-packages/faker/providers/address/pt_BR'...
Listing './lib/python3.5/site-packages/faker/providers/address/pt_PT'...
Listing './lib/python3.5/site-packages/faker/providers/address/ru_RU'...
Listing './lib/python3.5/site-packages/faker/providers/address/sk_SK'...
Listing './lib/python3.5/site-packages/faker/providers/address/sl_SI'...
Listing './lib/python3.5/site-packages/faker/providers/address/sv_SE'...
Listing './lib/python3.5/site-packages/faker/providers/address/uk_UA'...
Listing './lib/python3.5/site-packages/faker/providers/address/zh_CN'...
Listing './lib/python3.5/site-packages/faker/providers/address/zh_TW'...
Listing './lib/python3.5/site-packages/faker/providers/automotive'...
Listing './lib/python3.5/site-packages/faker/providers/automotive/ar_JO'...
Listing './lib/python3.5/site-packages/faker/providers/automotive/ar_PS'...
Listing './lib/python3.5/site-packages/faker/providers/automotive/ar_SA'...
Listing './lib/python3.5/site-packages/faker/providers/automotive/en_CA'...
Listing './lib/python3.5/site-packages/faker/providers/automotive/en_GB'...
Listing './lib/python3.5/site-packages/faker/providers/automotive/en_US'...
Listing './lib/python3.5/site-packages/faker/providers/automotive/hu_HU'...
Listing './lib/python3.5/site-packages/faker/providers/automotive/id_ID'...
Listing './lib/python3.5/site-packages/faker/providers/automotive/pt_BR'...
Listing './lib/python3.5/site-packages/faker/providers/bank'...
Listing './lib/python3.5/site-packages/faker/providers/bank/de_AT'...
Listing './lib/python3.5/site-packages/faker/providers/bank/de_DE'...
Listing './lib/python3.5/site-packages/faker/providers/bank/en_GB'...
Listing './lib/python3.5/site-packages/faker/providers/bank/fr_FR'...
Listing './lib/python3.5/site-packages/faker/providers/bank/it_IT'...
Listing './lib/python3.5/site-packages/faker/providers/barcode'...
Listing './lib/python3.5/site-packages/faker/providers/barcode/en_US'...
Listing './lib/python3.5/site-packages/faker/providers/color'...
Listing './lib/python3.5/site-packages/faker/providers/color/ar_PS'...
Listing './lib/python3.5/site-packages/faker/providers/color/en_US'...
Listing './lib/python3.5/site-packages/faker/providers/color/fr_FR'...
Listing './lib/python3.5/site-packages/faker/providers/color/hr_HR'...
Listing './lib/python3.5/site-packages/faker/providers/color/hu_HU'...
Listing './lib/python3.5/site-packages/faker/providers/color/pt_BR'...
Listing './lib/python3.5/site-packages/faker/providers/color/ru_RU'...
Listing './lib/python3.5/site-packages/faker/providers/color/uk_UA'...
Listing './lib/python3.5/site-packages/faker/providers/company'...
Listing './lib/python3.5/site-packages/faker/providers/company/bg_BG'...
Listing './lib/python3.5/site-packages/faker/providers/company/cs_CZ'...
Listing './lib/python3.5/site-packages/faker/providers/company/de_DE'...
Listing './lib/python3.5/site-packages/faker/providers/company/en_US'...
Listing './lib/python3.5/site-packages/faker/providers/company/es_MX'...
Listing './lib/python3.5/site-packages/faker/providers/company/fa_IR'...
Listing './lib/python3.5/site-packages/faker/providers/company/fi_FI'...
Listing './lib/python3.5/site-packages/faker/providers/company/fr_CH'...
Listing './lib/python3.5/site-packages/faker/providers/company/fr_FR'...
Listing './lib/python3.5/site-packages/faker/providers/company/hr_HR'...
Listing './lib/python3.5/site-packages/faker/providers/company/hu_HU'...
Listing './lib/python3.5/site-packages/faker/providers/company/id_ID'...
Listing './lib/python3.5/site-packages/faker/providers/company/it_IT'...
Listing './lib/python3.5/site-packages/faker/providers/company/ja_JP'...
Listing './lib/python3.5/site-packages/faker/providers/company/ko_KR'...
Listing './lib/python3.5/site-packages/faker/providers/company/no_NO'...
Listing './lib/python3.5/site-packages/faker/providers/company/pl_PL'...
Listing './lib/python3.5/site-packages/faker/providers/company/pt_BR'...
Listing './lib/python3.5/site-packages/faker/providers/company/pt_PT'...
Listing './lib/python3.5/site-packages/faker/providers/company/ru_RU'...
Listing './lib/python3.5/site-packages/faker/providers/company/sk_SK'...
Listing './lib/python3.5/site-packages/faker/providers/company/sl_SI'...
Listing './lib/python3.5/site-packages/faker/providers/company/sv_SE'...
Listing './lib/python3.5/site-packages/faker/providers/company/zh_CN'...
Listing './lib/python3.5/site-packages/faker/providers/company/zh_TW'...
Listing './lib/python3.5/site-packages/faker/providers/credit_card'...
Listing './lib/python3.5/site-packages/faker/providers/credit_card/en_US'...
Listing './lib/python3.5/site-packages/faker/providers/currency'...
Listing './lib/python3.5/site-packages/faker/providers/currency/en_US'...
Listing './lib/python3.5/site-packages/faker/providers/date_time'...
Listing './lib/python3.5/site-packages/faker/providers/date_time/ar_AA'...
Listing './lib/python3.5/site-packages/faker/providers/date_time/ar_EG'...
Listing './lib/python3.5/site-packages/faker/providers/date_time/en_US'...
Listing './lib/python3.5/site-packages/faker/providers/date_time/fr_FR'...
Listing './lib/python3.5/site-packages/faker/providers/date_time/hr_HR'...
Listing './lib/python3.5/site-packages/faker/providers/date_time/hu_HU'...
Listing './lib/python3.5/site-packages/faker/providers/date_time/id_ID'...
Listing './lib/python3.5/site-packages/faker/providers/date_time/ko_KR'...
Listing './lib/python3.5/site-packages/faker/providers/date_time/pl_PL'...
Listing './lib/python3.5/site-packages/faker/providers/date_time/ru_RU'...
Listing './lib/python3.5/site-packages/faker/providers/date_time/sl_SI'...
Listing './lib/python3.5/site-packages/faker/providers/file'...
Listing './lib/python3.5/site-packages/faker/providers/file/en_US'...
Listing './lib/python3.5/site-packages/faker/providers/internet'...
Listing './lib/python3.5/site-packages/faker/providers/internet/ar_AA'...
Listing './lib/python3.5/site-packages/faker/providers/internet/bg_BG'...
Listing './lib/python3.5/site-packages/faker/providers/internet/bs_BA'...
Listing './lib/python3.5/site-packages/faker/providers/internet/cs_CZ'...
Listing './lib/python3.5/site-packages/faker/providers/internet/de_AT'...
Listing './lib/python3.5/site-packages/faker/providers/internet/de_DE'...
Listing './lib/python3.5/site-packages/faker/providers/internet/el_GR'...
Listing './lib/python3.5/site-packages/faker/providers/internet/en_AU'...
Listing './lib/python3.5/site-packages/faker/providers/internet/en_US'...
Listing './lib/python3.5/site-packages/faker/providers/internet/fa_IR'...
Listing './lib/python3.5/site-packages/faker/providers/internet/fi_FI'...
Listing './lib/python3.5/site-packages/faker/providers/internet/fr_CH'...
Listing './lib/python3.5/site-packages/faker/providers/internet/fr_FR'...
Listing './lib/python3.5/site-packages/faker/providers/internet/hr_HR'...
Listing './lib/python3.5/site-packages/faker/providers/internet/hu_HU'...
Listing './lib/python3.5/site-packages/faker/providers/internet/id_ID'...
Listing './lib/python3.5/site-packages/faker/providers/internet/it_IT'...
Listing './lib/python3.5/site-packages/faker/providers/internet/ja_JP'...
Listing './lib/python3.5/site-packages/faker/providers/internet/ko_KR'...
Listing './lib/python3.5/site-packages/faker/providers/internet/no_NO'...
Listing './lib/python3.5/site-packages/faker/providers/internet/pl_PL'...
Listing './lib/python3.5/site-packages/faker/providers/internet/pt_BR'...
Listing './lib/python3.5/site-packages/faker/providers/internet/pt_PT'...
Listing './lib/python3.5/site-packages/faker/providers/internet/ru_RU'...
Listing './lib/python3.5/site-packages/faker/providers/internet/sk_SK'...
Listing './lib/python3.5/site-packages/faker/providers/internet/sl_SI'...
Listing './lib/python3.5/site-packages/faker/providers/internet/sv_SE'...
Listing './lib/python3.5/site-packages/faker/providers/internet/uk_UA'...
Listing './lib/python3.5/site-packages/faker/providers/internet/zh_CN'...
Listing './lib/python3.5/site-packages/faker/providers/internet/zh_TW'...
Listing './lib/python3.5/site-packages/faker/providers/isbn'...
Listing './lib/python3.5/site-packages/faker/providers/isbn/en_US'...
Listing './lib/python3.5/site-packages/faker/providers/job'...
Listing './lib/python3.5/site-packages/faker/providers/job/ar_AA'...
Listing './lib/python3.5/site-packages/faker/providers/job/en_US'...
Listing './lib/python3.5/site-packages/faker/providers/job/fa_IR'...
Listing './lib/python3.5/site-packages/faker/providers/job/fi_FI'...
Listing './lib/python3.5/site-packages/faker/providers/job/fr_CH'...
Listing './lib/python3.5/site-packages/faker/providers/job/fr_FR'...
Listing './lib/python3.5/site-packages/faker/providers/job/hr_HR'...
Listing './lib/python3.5/site-packages/faker/providers/job/hu_HU'...
Listing './lib/python3.5/site-packages/faker/providers/job/ko_KR'...
Listing './lib/python3.5/site-packages/faker/providers/job/pl_PL'...
Listing './lib/python3.5/site-packages/faker/providers/job/ru_RU'...
Listing './lib/python3.5/site-packages/faker/providers/job/uk_UA'...
Listing './lib/python3.5/site-packages/faker/providers/job/zh_TW'...
Listing './lib/python3.5/site-packages/faker/providers/lorem'...
Listing './lib/python3.5/site-packages/faker/providers/lorem/ar_AA'...
Listing './lib/python3.5/site-packages/faker/providers/lorem/el_GR'...
Listing './lib/python3.5/site-packages/faker/providers/lorem/en_US'...
Listing './lib/python3.5/site-packages/faker/providers/lorem/he_IL'...
Listing './lib/python3.5/site-packages/faker/providers/lorem/ja_JP'...
Listing './lib/python3.5/site-packages/faker/providers/lorem/la'...
Listing './lib/python3.5/site-packages/faker/providers/lorem/ru_RU'...
Listing './lib/python3.5/site-packages/faker/providers/lorem/zh_CN'...
Listing './lib/python3.5/site-packages/faker/providers/lorem/zh_TW'...
Listing './lib/python3.5/site-packages/faker/providers/misc'...
Listing './lib/python3.5/site-packages/faker/providers/misc/en_US'...
Listing './lib/python3.5/site-packages/faker/providers/person'...
Listing './lib/python3.5/site-packages/faker/providers/person/ar_AA'...
Listing './lib/python3.5/site-packages/faker/providers/person/ar_PS'...
Listing './lib/python3.5/site-packages/faker/providers/person/ar_SA'...
Listing './lib/python3.5/site-packages/faker/providers/person/bg_BG'...
Listing './lib/python3.5/site-packages/faker/providers/person/cs_CZ'...
Listing './lib/python3.5/site-packages/faker/providers/person/de_AT'...
Listing './lib/python3.5/site-packages/faker/providers/person/de_CH'...
Listing './lib/python3.5/site-packages/faker/providers/person/de_DE'...
Listing './lib/python3.5/site-packages/faker/providers/person/dk_DK'...
Listing './lib/python3.5/site-packages/faker/providers/person/el_GR'...
Listing './lib/python3.5/site-packages/faker/providers/person/en'...
Listing './lib/python3.5/site-packages/faker/providers/person/en_GB'...
Listing './lib/python3.5/site-packages/faker/providers/person/en_TH'...
Listing './lib/python3.5/site-packages/faker/providers/person/en_US'...
Listing './lib/python3.5/site-packages/faker/providers/person/es_ES'...
Listing './lib/python3.5/site-packages/faker/providers/person/es_MX'...
Listing './lib/python3.5/site-packages/faker/providers/person/et_EE'...
Listing './lib/python3.5/site-packages/faker/providers/person/fa_IR'...
Listing './lib/python3.5/site-packages/faker/providers/person/fi_FI'...
Listing './lib/python3.5/site-packages/faker/providers/person/fr_CH'...
Listing './lib/python3.5/site-packages/faker/providers/person/fr_FR'...
Listing './lib/python3.5/site-packages/faker/providers/person/he_IL'...
Listing './lib/python3.5/site-packages/faker/providers/person/hi_IN'...
Listing './lib/python3.5/site-packages/faker/providers/person/hr_HR'...
Listing './lib/python3.5/site-packages/faker/providers/person/hu_HU'...
Listing './lib/python3.5/site-packages/faker/providers/person/id_ID'...
Listing './lib/python3.5/site-packages/faker/providers/person/it_IT'...
Listing './lib/python3.5/site-packages/faker/providers/person/ja_JP'...
Listing './lib/python3.5/site-packages/faker/providers/person/ka_GE'...
Listing './lib/python3.5/site-packages/faker/providers/person/ko_KR'...
Listing './lib/python3.5/site-packages/faker/providers/person/lt_LT'...
Listing './lib/python3.5/site-packages/faker/providers/person/lv_LV'...
Listing './lib/python3.5/site-packages/faker/providers/person/ne_NP'...
Listing './lib/python3.5/site-packages/faker/providers/person/nl_NL'...
Listing './lib/python3.5/site-packages/faker/providers/person/no_NO'...
Listing './lib/python3.5/site-packages/faker/providers/person/pl_PL'...
Listing './lib/python3.5/site-packages/faker/providers/person/pt_BR'...
Listing './lib/python3.5/site-packages/faker/providers/person/pt_PT'...
Listing './lib/python3.5/site-packages/faker/providers/person/ro_RO'...
Listing './lib/python3.5/site-packages/faker/providers/person/ru_RU'...
Listing './lib/python3.5/site-packages/faker/providers/person/sl_SI'...
Listing './lib/python3.5/site-packages/faker/providers/person/sv_SE'...
Listing './lib/python3.5/site-packages/faker/providers/person/th_TH'...
Listing './lib/python3.5/site-packages/faker/providers/person/tr_TR'...
Listing './lib/python3.5/site-packages/faker/providers/person/tw_GH'...
Listing './lib/python3.5/site-packages/faker/providers/person/uk_UA'...
Listing './lib/python3.5/site-packages/faker/providers/person/zh_CN'...
Listing './lib/python3.5/site-packages/faker/providers/person/zh_TW'...
Listing './lib/python3.5/site-packages/faker/providers/phone_number'...
Listing './lib/python3.5/site-packages/faker/providers/phone_number/ar_JO'...
Listing './lib/python3.5/site-packages/faker/providers/phone_number/ar_PS'...
Listing './lib/python3.5/site-packages/faker/providers/phone_number/bg_BG'...
Listing './lib/python3.5/site-packages/faker/providers/phone_number/bs_BA'...
Listing './lib/python3.5/site-packages/faker/providers/phone_number/cs_CZ'...
Listing './lib/python3.5/site-packages/faker/providers/phone_number/de_DE'...
Listing './lib/python3.5/site-packages/faker/providers/phone_number/dk_DK'...
Listing './lib/python3.5/site-packages/faker/providers/phone_number/el_GR'...
Listing './lib/python3.5/site-packages/faker/providers/phone_number/en_AU'...
Listing './lib/python3.5/site-packages/faker/providers/phone_number/en_CA'...
Listing './lib/python3.5/site-packages/faker/providers/phone_number/en_GB'...
Listing './lib/python3.5/site-packages/faker/providers/phone_number/en_US'...
Listing './lib/python3.5/site-packages/faker/providers/phone_number/es_ES'...
Listing './lib/python3.5/site-packages/faker/providers/phone_number/es_MX'...
Listing './lib/python3.5/site-packages/faker/providers/phone_number/fa_IR'...
Listing './lib/python3.5/site-packages/faker/providers/phone_number/fi_FI'...
Listing './lib/python3.5/site-packages/faker/providers/phone_number/fr_CH'...
Listing './lib/python3.5/site-packages/faker/providers/phone_number/fr_FR'...
Listing './lib/python3.5/site-packages/faker/providers/phone_number/he_IL'...
Listing './lib/python3.5/site-packages/faker/providers/phone_number/hi_IN'...
Listing './lib/python3.5/site-packages/faker/providers/phone_number/hr_HR'...
Listing './lib/python3.5/site-packages/faker/providers/phone_number/hu_HU'...
Listing './lib/python3.5/site-packages/faker/providers/phone_number/id_ID'...
Listing './lib/python3.5/site-packages/faker/providers/phone_number/it_IT'...
Listing './lib/python3.5/site-packages/faker/providers/phone_number/ja_JP'...
Listing './lib/python3.5/site-packages/faker/providers/phone_number/ko_KR'...
Listing './lib/python3.5/site-packages/faker/providers/phone_number/lt_LT'...
Listing './lib/python3.5/site-packages/faker/providers/phone_number/lv_LV'...
Listing './lib/python3.5/site-packages/faker/providers/phone_number/ne_NP'...
Listing './lib/python3.5/site-packages/faker/providers/phone_number/nl_BE'...
Listing './lib/python3.5/site-packages/faker/providers/phone_number/nl_NL'...
Listing './lib/python3.5/site-packages/faker/providers/phone_number/no_NO'...
Listing './lib/python3.5/site-packages/faker/providers/phone_number/pl_PL'...
Listing './lib/python3.5/site-packages/faker/providers/phone_number/pt_BR'...
Listing './lib/python3.5/site-packages/faker/providers/phone_number/pt_PT'...
Listing './lib/python3.5/site-packages/faker/providers/phone_number/ru_RU'...
Listing './lib/python3.5/site-packages/faker/providers/phone_number/sk_SK'...
Listing './lib/python3.5/site-packages/faker/providers/phone_number/sl_SI'...
Listing './lib/python3.5/site-packages/faker/providers/phone_number/sv_SE'...
Listing './lib/python3.5/site-packages/faker/providers/phone_number/tr_TR'...
Listing './lib/python3.5/site-packages/faker/providers/phone_number/tw_GH'...
Listing './lib/python3.5/site-packages/faker/providers/phone_number/uk_UA'...
Listing './lib/python3.5/site-packages/faker/providers/phone_number/zh_CN'...
Listing './lib/python3.5/site-packages/faker/providers/phone_number/zh_TW'...
Listing './lib/python3.5/site-packages/faker/providers/profile'...
Listing './lib/python3.5/site-packages/faker/providers/profile/en_US'...
Listing './lib/python3.5/site-packages/faker/providers/python'...
Listing './lib/python3.5/site-packages/faker/providers/python/en_US'...
Listing './lib/python3.5/site-packages/faker/providers/ssn'...
Listing './lib/python3.5/site-packages/faker/providers/ssn/en_CA'...
Listing './lib/python3.5/site-packages/faker/providers/ssn/en_GB'...
Listing './lib/python3.5/site-packages/faker/providers/ssn/en_US'...
Listing './lib/python3.5/site-packages/faker/providers/ssn/et_EE'...
Listing './lib/python3.5/site-packages/faker/providers/ssn/fi_FI'...
Listing './lib/python3.5/site-packages/faker/providers/ssn/fr_CH'...
Listing './lib/python3.5/site-packages/faker/providers/ssn/he_IL'...
Listing './lib/python3.5/site-packages/faker/providers/ssn/hr_HR'...
Listing './lib/python3.5/site-packages/faker/providers/ssn/hu_HU'...
Listing './lib/python3.5/site-packages/faker/providers/ssn/it_IT'...
Listing './lib/python3.5/site-packages/faker/providers/ssn/ko_KR'...
Listing './lib/python3.5/site-packages/faker/providers/ssn/nl_BE'...
Listing './lib/python3.5/site-packages/faker/providers/ssn/nl_NL'...
Listing './lib/python3.5/site-packages/faker/providers/ssn/pl_PL'...
Listing './lib/python3.5/site-packages/faker/providers/ssn/pt_BR'...
Listing './lib/python3.5/site-packages/faker/providers/ssn/ru_RU'...
Listing './lib/python3.5/site-packages/faker/providers/ssn/sv_SE'...
Listing './lib/python3.5/site-packages/faker/providers/ssn/uk_UA'...
Listing './lib/python3.5/site-packages/faker/providers/ssn/zh_CN'...
Listing './lib/python3.5/site-packages/faker/providers/ssn/zh_TW'...
Listing './lib/python3.5/site-packages/faker/providers/user_agent'...
Listing './lib/python3.5/site-packages/faker/providers/user_agent/en_US'...
Listing './lib/python3.5/site-packages/faker/utils'...
Listing './lib/python3.5/site-packages/pip'...
Listing './lib/python3.5/site-packages/pip/_vendor'...
Listing './lib/python3.5/site-packages/pip/commands'...
Listing './lib/python3.5/site-packages/pip/compat'...
Listing './lib/python3.5/site-packages/pip/models'...
Listing './lib/python3.5/site-packages/pip/operations'...
Listing './lib/python3.5/site-packages/pip/req'...
Listing './lib/python3.5/site-packages/pip/utils'...
Listing './lib/python3.5/site-packages/pip/vcs'...
Listing './lib/python3.5/site-packages/pip-9.0.1.dist-info'...
Listing './lib/python3.5/site-packages/pkg_resources'...
Listing './lib/python3.5/site-packages/pkg_resources/_vendor'...
Listing './lib/python3.5/site-packages/pkg_resources/_vendor/packaging'...
Listing './lib/python3.5/site-packages/pkg_resources/extern'...
Listing './lib/python3.5/site-packages/pkg_resources-0.0.0.dist-info'...
Listing './lib/python3.5/site-packages/postal_address'...
Listing './lib/python3.5/site-packages/postal_address/tests'...
Listing './lib/python3.5/site-packages/postal_address-1.3.5.dist-info'...
Listing './lib/python3.5/site-packages/pycountry'...
Listing './lib/python3.5/site-packages/pycountry/databases'...
Listing './lib/python3.5/site-packages/pycountry/locales'...
Listing './lib/python3.5/site-packages/pycountry/locales/af'...
Listing './lib/python3.5/site-packages/pycountry/locales/af/LC_MESSAGES'...
Listing './lib/python3.5/site-packages/pycountry/locales/am'...
Listing './lib/python3.5/site-packages/pycountry/locales/am/LC_MESSAGES'...
Listing './lib/python3.5/site-packages/pycountry/locales/ar'...
Listing './lib/python3.5/site-packages/pycountry/locales/ar/LC_MESSAGES'...
Listing './lib/python3.5/site-packages/pycountry/locales/as'...
Listing './lib/python3.5/site-packages/pycountry/locales/as/LC_MESSAGES'...
Listing './lib/python3.5/site-packages/pycountry/locales/ast'...
Listing './lib/python3.5/site-packages/pycountry/locales/ast/LC_MESSAGES'...
Listing './lib/python3.5/site-packages/pycountry/locales/az'...
Listing './lib/python3.5/site-packages/pycountry/locales/az/LC_MESSAGES'...
Listing './lib/python3.5/site-packages/pycountry/locales/be'...
Listing './lib/python3.5/site-packages/pycountry/locales/be/LC_MESSAGES'...
Listing './lib/python3.5/site-packages/pycountry/locales/bg'...
Listing './lib/python3.5/site-packages/pycountry/locales/bg/LC_MESSAGES'...
Listing './lib/python3.5/site-packages/pycountry/locales/bn'...
Listing './lib/python3.5/site-packages/pycountry/locales/bn/LC_MESSAGES'...
Listing './lib/python3.5/site-packages/pycountry/locales/bn_IN'...
Listing './lib/python3.5/site-packages/pycountry/locales/bn_IN/LC_MESSAGES'...
Listing './lib/python3.5/site-packages/pycountry/locales/br'...
Listing './lib/python3.5/site-packages/pycountry/locales/br/LC_MESSAGES'...
Listing './lib/python3.5/site-packages/pycountry/locales/bs'...
Listing './lib/python3.5/site-packages/pycountry/locales/bs/LC_MESSAGES'...
Listing './lib/python3.5/site-packages/pycountry/locales/byn'...
Listing './lib/python3.5/site-packages/pycountry/locales/byn/LC_MESSAGES'...
Listing './lib/python3.5/site-packages/pycountry/locales/ca'...
Listing './lib/python3.5/site-packages/pycountry/locales/ca/LC_MESSAGES'...
Listing './lib/python3.5/site-packages/pycountry/locales/crh'...
Listing './lib/python3.5/site-packages/pycountry/locales/crh/LC_MESSAGES'...
Listing './lib/python3.5/site-packages/pycountry/locales/cs'...
Listing './lib/python3.5/site-packages/pycountry/locales/cs/LC_MESSAGES'...
Listing './lib/python3.5/site-packages/pycountry/locales/cy'...
Listing './lib/python3.5/site-packages/pycountry/locales/cy/LC_MESSAGES'...
Listing './lib/python3.5/site-packages/pycountry/locales/da'...
Listing './lib/python3.5/site-packages/pycountry/locales/da/LC_MESSAGES'...
Listing './lib/python3.5/site-packages/pycountry/locales/de'...
Listing './lib/python3.5/site-packages/pycountry/locales/de/LC_MESSAGES'...
Listing './lib/python3.5/site-packages/pycountry/locales/dz'...
Listing './lib/python3.5/site-packages/pycountry/locales/dz/LC_MESSAGES'...
Listing './lib/python3.5/site-packages/pycountry/locales/el'...
Listing './lib/python3.5/site-packages/pycountry/locales/el/LC_MESSAGES'...
Listing './lib/python3.5/site-packages/pycountry/locales/en'...
Listing './lib/python3.5/site-packages/pycountry/locales/en/LC_MESSAGES'...
Listing './lib/python3.5/site-packages/pycountry/locales/eo'...
Listing './lib/python3.5/site-packages/pycountry/locales/eo/LC_MESSAGES'...
Listing './lib/python3.5/site-packages/pycountry/locales/es'...
Listing './lib/python3.5/site-packages/pycountry/locales/es/LC_MESSAGES'...
Listing './lib/python3.5/site-packages/pycountry/locales/et'...
Listing './lib/python3.5/site-packages/pycountry/locales/et/LC_MESSAGES'...
Listing './lib/python3.5/site-packages/pycountry/locales/eu'...
Listing './lib/python3.5/site-packages/pycountry/locales/eu/LC_MESSAGES'...
Listing './lib/python3.5/site-packages/pycountry/locales/fa'...
Listing './lib/python3.5/site-packages/pycountry/locales/fa/LC_MESSAGES'...
Listing './lib/python3.5/site-packages/pycountry/locales/fi'...
Listing './lib/python3.5/site-packages/pycountry/locales/fi/LC_MESSAGES'...
Listing './lib/python3.5/site-packages/pycountry/locales/fo'...
Listing './lib/python3.5/site-packages/pycountry/locales/fo/LC_MESSAGES'...
Listing './lib/python3.5/site-packages/pycountry/locales/fr'...
Listing './lib/python3.5/site-packages/pycountry/locales/fr/LC_MESSAGES'...
Listing './lib/python3.5/site-packages/pycountry/locales/ga'...
Listing './lib/python3.5/site-packages/pycountry/locales/ga/LC_MESSAGES'...
Listing './lib/python3.5/site-packages/pycountry/locales/gez'...
Listing './lib/python3.5/site-packages/pycountry/locales/gez/LC_MESSAGES'...
Listing './lib/python3.5/site-packages/pycountry/locales/gl'...
Listing './lib/python3.5/site-packages/pycountry/locales/gl/LC_MESSAGES'...
Listing './lib/python3.5/site-packages/pycountry/locales/gu'...
Listing './lib/python3.5/site-packages/pycountry/locales/gu/LC_MESSAGES'...
Listing './lib/python3.5/site-packages/pycountry/locales/haw'...
Listing './lib/python3.5/site-packages/pycountry/locales/haw/LC_MESSAGES'...
Listing './lib/python3.5/site-packages/pycountry/locales/he'...
Listing './lib/python3.5/site-packages/pycountry/locales/he/LC_MESSAGES'...
Listing './lib/python3.5/site-packages/pycountry/locales/hi'...
Listing './lib/python3.5/site-packages/pycountry/locales/hi/LC_MESSAGES'...
Listing './lib/python3.5/site-packages/pycountry/locales/hr'...
Listing './lib/python3.5/site-packages/pycountry/locales/hr/LC_MESSAGES'...
Listing './lib/python3.5/site-packages/pycountry/locales/hu'...
Listing './lib/python3.5/site-packages/pycountry/locales/hu/LC_MESSAGES'...
Listing './lib/python3.5/site-packages/pycountry/locales/hy'...
Listing './lib/python3.5/site-packages/pycountry/locales/hy/LC_MESSAGES'...
Listing './lib/python3.5/site-packages/pycountry/locales/ia'...
Listing './lib/python3.5/site-packages/pycountry/locales/ia/LC_MESSAGES'...
Listing './lib/python3.5/site-packages/pycountry/locales/id'...
Listing './lib/python3.5/site-packages/pycountry/locales/id/LC_MESSAGES'...
Listing './lib/python3.5/site-packages/pycountry/locales/is'...
Listing './lib/python3.5/site-packages/pycountry/locales/is/LC_MESSAGES'...
Listing './lib/python3.5/site-packages/pycountry/locales/it'...
Listing './lib/python3.5/site-packages/pycountry/locales/it/LC_MESSAGES'...
Listing './lib/python3.5/site-packages/pycountry/locales/ja'...
Listing './lib/python3.5/site-packages/pycountry/locales/ja/LC_MESSAGES'...
Listing './lib/python3.5/site-packages/pycountry/locales/ka'...
Listing './lib/python3.5/site-packages/pycountry/locales/ka/LC_MESSAGES'...
Listing './lib/python3.5/site-packages/pycountry/locales/kk'...
Listing './lib/python3.5/site-packages/pycountry/locales/kk/LC_MESSAGES'...
Listing './lib/python3.5/site-packages/pycountry/locales/km'...
Listing './lib/python3.5/site-packages/pycountry/locales/km/LC_MESSAGES'...
Listing './lib/python3.5/site-packages/pycountry/locales/kn'...
Listing './lib/python3.5/site-packages/pycountry/locales/kn/LC_MESSAGES'...
Listing './lib/python3.5/site-packages/pycountry/locales/ko'...
Listing './lib/python3.5/site-packages/pycountry/locales/ko/LC_MESSAGES'...
Listing './lib/python3.5/site-packages/pycountry/locales/kok'...
Listing './lib/python3.5/site-packages/pycountry/locales/kok/LC_MESSAGES'...
Listing './lib/python3.5/site-packages/pycountry/locales/ku'...
Listing './lib/python3.5/site-packages/pycountry/locales/ku/LC_MESSAGES'...
Listing './lib/python3.5/site-packages/pycountry/locales/lt'...
Listing './lib/python3.5/site-packages/pycountry/locales/lt/LC_MESSAGES'...
Listing './lib/python3.5/site-packages/pycountry/locales/lv'...
Listing './lib/python3.5/site-packages/pycountry/locales/lv/LC_MESSAGES'...
Listing './lib/python3.5/site-packages/pycountry/locales/mi'...
Listing './lib/python3.5/site-packages/pycountry/locales/mi/LC_MESSAGES'...
Listing './lib/python3.5/site-packages/pycountry/locales/mk'...
Listing './lib/python3.5/site-packages/pycountry/locales/mk/LC_MESSAGES'...
Listing './lib/python3.5/site-packages/pycountry/locales/ml'...
Listing './lib/python3.5/site-packages/pycountry/locales/ml/LC_MESSAGES'...
Listing './lib/python3.5/site-packages/pycountry/locales/mn'...
Listing './lib/python3.5/site-packages/pycountry/locales/mn/LC_MESSAGES'...
Listing './lib/python3.5/site-packages/pycountry/locales/mr'...
Listing './lib/python3.5/site-packages/pycountry/locales/mr/LC_MESSAGES'...
Listing './lib/python3.5/site-packages/pycountry/locales/ms'...
Listing './lib/python3.5/site-packages/pycountry/locales/ms/LC_MESSAGES'...
Listing './lib/python3.5/site-packages/pycountry/locales/mt'...
Listing './lib/python3.5/site-packages/pycountry/locales/mt/LC_MESSAGES'...
Listing './lib/python3.5/site-packages/pycountry/locales/nb'...
Listing './lib/python3.5/site-packages/pycountry/locales/nb/LC_MESSAGES'...
Listing './lib/python3.5/site-packages/pycountry/locales/ne'...
Listing './lib/python3.5/site-packages/pycountry/locales/ne/LC_MESSAGES'...
Listing './lib/python3.5/site-packages/pycountry/locales/nl'...
Listing './lib/python3.5/site-packages/pycountry/locales/nl/LC_MESSAGES'...
Listing './lib/python3.5/site-packages/pycountry/locales/nn'...
Listing './lib/python3.5/site-packages/pycountry/locales/nn/LC_MESSAGES'...
Listing './lib/python3.5/site-packages/pycountry/locales/nso'...
Listing './lib/python3.5/site-packages/pycountry/locales/nso/LC_MESSAGES'...
Listing './lib/python3.5/site-packages/pycountry/locales/oc'...
Listing './lib/python3.5/site-packages/pycountry/locales/oc/LC_MESSAGES'...
Listing './lib/python3.5/site-packages/pycountry/locales/or'...
Listing './lib/python3.5/site-packages/pycountry/locales/or/LC_MESSAGES'...
Listing './lib/python3.5/site-packages/pycountry/locales/pa'...
Listing './lib/python3.5/site-packages/pycountry/locales/pa/LC_MESSAGES'...
Listing './lib/python3.5/site-packages/pycountry/locales/pl'...
Listing './lib/python3.5/site-packages/pycountry/locales/pl/LC_MESSAGES'...
Listing './lib/python3.5/site-packages/pycountry/locales/ps'...
Listing './lib/python3.5/site-packages/pycountry/locales/ps/LC_MESSAGES'...
Listing './lib/python3.5/site-packages/pycountry/locales/pt'...
Listing './lib/python3.5/site-packages/pycountry/locales/pt/LC_MESSAGES'...
Listing './lib/python3.5/site-packages/pycountry/locales/pt_BR'...
Listing './lib/python3.5/site-packages/pycountry/locales/pt_BR/LC_MESSAGES'...
Listing './lib/python3.5/site-packages/pycountry/locales/ro'...
Listing './lib/python3.5/site-packages/pycountry/locales/ro/LC_MESSAGES'...
Listing './lib/python3.5/site-packages/pycountry/locales/ru'...
Listing './lib/python3.5/site-packages/pycountry/locales/ru/LC_MESSAGES'...
Listing './lib/python3.5/site-packages/pycountry/locales/rw'...
Listing './lib/python3.5/site-packages/pycountry/locales/rw/LC_MESSAGES'...
Listing './lib/python3.5/site-packages/pycountry/locales/si'...
Listing './lib/python3.5/site-packages/pycountry/locales/si/LC_MESSAGES'...
Listing './lib/python3.5/site-packages/pycountry/locales/sk'...
Listing './lib/python3.5/site-packages/pycountry/locales/sk/LC_MESSAGES'...
Listing './lib/python3.5/site-packages/pycountry/locales/sl'...
Listing './lib/python3.5/site-packages/pycountry/locales/sl/LC_MESSAGES'...
Listing './lib/python3.5/site-packages/pycountry/locales/so'...
Listing './lib/python3.5/site-packages/pycountry/locales/so/LC_MESSAGES'...
Listing './lib/python3.5/site-packages/pycountry/locales/sq'...
Listing './lib/python3.5/site-packages/pycountry/locales/sq/LC_MESSAGES'...
Listing './lib/python3.5/site-packages/pycountry/locales/sr'...
Listing './lib/python3.5/site-packages/pycountry/locales/sr/LC_MESSAGES'...
Listing './lib/python3.5/site-packages/pycountry/locales/sr@latin'...
Listing './lib/python3.5/site-packages/pycountry/locales/sr@latin/LC_MESSAGES'...
Listing './lib/python3.5/site-packages/pycountry/locales/sv'...
Listing './lib/python3.5/site-packages/pycountry/locales/sv/LC_MESSAGES'...
Listing './lib/python3.5/site-packages/pycountry/locales/sw'...
Listing './lib/python3.5/site-packages/pycountry/locales/sw/LC_MESSAGES'...
Listing './lib/python3.5/site-packages/pycountry/locales/ta'...
Listing './lib/python3.5/site-packages/pycountry/locales/ta/LC_MESSAGES'...
Listing './lib/python3.5/site-packages/pycountry/locales/te'...
Listing './lib/python3.5/site-packages/pycountry/locales/te/LC_MESSAGES'...
Listing './lib/python3.5/site-packages/pycountry/locales/th'...
Listing './lib/python3.5/site-packages/pycountry/locales/th/LC_MESSAGES'...
Listing './lib/python3.5/site-packages/pycountry/locales/ti'...
Listing './lib/python3.5/site-packages/pycountry/locales/ti/LC_MESSAGES'...
Listing './lib/python3.5/site-packages/pycountry/locales/tig'...
Listing './lib/python3.5/site-packages/pycountry/locales/tig/LC_MESSAGES'...
Listing './lib/python3.5/site-packages/pycountry/locales/tk'...
Listing './lib/python3.5/site-packages/pycountry/locales/tk/LC_MESSAGES'...
Listing './lib/python3.5/site-packages/pycountry/locales/tl'...
Listing './lib/python3.5/site-packages/pycountry/locales/tl/LC_MESSAGES'...
Listing './lib/python3.5/site-packages/pycountry/locales/tr'...
Listing './lib/python3.5/site-packages/pycountry/locales/tr/LC_MESSAGES'...
Listing './lib/python3.5/site-packages/pycountry/locales/tt'...
Listing './lib/python3.5/site-packages/pycountry/locales/tt/LC_MESSAGES'...
Listing './lib/python3.5/site-packages/pycountry/locales/tt@iqtelif'...
Listing './lib/python3.5/site-packages/pycountry/locales/tt@iqtelif/LC_MESSAGES'...
Listing './lib/python3.5/site-packages/pycountry/locales/ug'...
Listing './lib/python3.5/site-packages/pycountry/locales/ug/LC_MESSAGES'...
Listing './lib/python3.5/site-packages/pycountry/locales/uk'...
Listing './lib/python3.5/site-packages/pycountry/locales/uk/LC_MESSAGES'...
Listing './lib/python3.5/site-packages/pycountry/locales/ve'...
Listing './lib/python3.5/site-packages/pycountry/locales/ve/LC_MESSAGES'...
Listing './lib/python3.5/site-packages/pycountry/locales/vi'...
Listing './lib/python3.5/site-packages/pycountry/locales/vi/LC_MESSAGES'...
Listing './lib/python3.5/site-packages/pycountry/locales/wa'...
Listing './lib/python3.5/site-packages/pycountry/locales/wa/LC_MESSAGES'...
Listing './lib/python3.5/site-packages/pycountry/locales/wal'...
Listing './lib/python3.5/site-packages/pycountry/locales/wal/LC_MESSAGES'...
Listing './lib/python3.5/site-packages/pycountry/locales/wo'...
Listing './lib/python3.5/site-packages/pycountry/locales/wo/LC_MESSAGES'...
Listing './lib/python3.5/site-packages/pycountry/locales/xh'...
Listing './lib/python3.5/site-packages/pycountry/locales/xh/LC_MESSAGES'...
Listing './lib/python3.5/site-packages/pycountry/locales/zh_CN'...
Listing './lib/python3.5/site-packages/pycountry/locales/zh_CN/LC_MESSAGES'...
Listing './lib/python3.5/site-packages/pycountry/locales/zh_HK'...
Listing './lib/python3.5/site-packages/pycountry/locales/zh_HK/LC_MESSAGES'...
Listing './lib/python3.5/site-packages/pycountry/locales/zh_TW'...
Listing './lib/python3.5/site-packages/pycountry/locales/zh_TW/LC_MESSAGES'...
Listing './lib/python3.5/site-packages/pycountry/locales/zu'...
Listing './lib/python3.5/site-packages/pycountry/locales/zu/LC_MESSAGES'...
Listing './lib/python3.5/site-packages/pycountry/tests'...
Listing './lib/python3.5/site-packages/pycountry-16.11.8.egg-info'...
Listing './lib/python3.5/site-packages/python_dateutil-2.6.1.dist-info'...
Listing './lib/python3.5/site-packages/setuptools'...
Listing './lib/python3.5/site-packages/setuptools/command'...
Listing './lib/python3.5/site-packages/setuptools/extern'...
Listing './lib/python3.5/site-packages/setuptools-32.3.1.dist-info'...
Listing './lib/python3.5/site-packages/six-1.11.0.dist-info'...
Listing './lib/python3.5/site-packages/text_unidecode'...
Listing './lib/python3.5/site-packages/text_unidecode-1.1.dist-info'...
Listing './share'...
Listing './share/python-wheels'...
