Listing '.'...
Listing './bin'...
Listing './include'...
Listing './lib'...
Listing './lib/python3.5'...
Listing './lib/python3.5/site-packages'...
Listing './lib/python3.5/site-packages/PIL'...
Listing './lib/python3.5/site-packages/PIL/.libs'...
Listing './lib/python3.5/site-packages/Pillow-5.0.0.dist-info'...
Listing './lib/python3.5/site-packages/PyPDF2'...
Listing './lib/python3.5/site-packages/PyPDF2-1.26.0.egg-info'...
Listing './lib/python3.5/site-packages/Wand-0.4.4.egg-info'...
Listing './lib/python3.5/site-packages/pip'...
Listing './lib/python3.5/site-packages/pip/_vendor'...
Listing './lib/python3.5/site-packages/pip/commands'...
Listing './lib/python3.5/site-packages/pip/compat'...
Listing './lib/python3.5/site-packages/pip/models'...
Listing './lib/python3.5/site-packages/pip/operations'...
Listing './lib/python3.5/site-packages/pip/req'...
Listing './lib/python3.5/site-packages/pip/utils'...
Listing './lib/python3.5/site-packages/pip/vcs'...
Listing './lib/python3.5/site-packages/pip-9.0.1.dist-info'...
Listing './lib/python3.5/site-packages/pkg_resources'...
Listing './lib/python3.5/site-packages/pkg_resources/_vendor'...
Listing './lib/python3.5/site-packages/pkg_resources/_vendor/packaging'...
Listing './lib/python3.5/site-packages/pkg_resources/extern'...
Listing './lib/python3.5/site-packages/pkg_resources-0.0.0.dist-info'...
Listing './lib/python3.5/site-packages/preview_generator'...
Listing './lib/python3.5/site-packages/preview_generator/preview'...
Listing './lib/python3.5/site-packages/preview_generator/preview/builder'...
Listing './lib/python3.5/site-packages/preview_generator-0.2.2.dist-info'...
Listing './lib/python3.5/site-packages/python_magic-0.4.15.dist-info'...
Listing './lib/python3.5/site-packages/setuptools'...
Listing './lib/python3.5/site-packages/setuptools/command'...
Listing './lib/python3.5/site-packages/setuptools/extern'...
Listing './lib/python3.5/site-packages/setuptools-32.3.1.dist-info'...
Listing './lib/python3.5/site-packages/tests'...
Listing './lib/python3.5/site-packages/tests/input'...
Listing './lib/python3.5/site-packages/tests/input/bmp'...
Listing './lib/python3.5/site-packages/tests/input/eps'...
Listing './lib/python3.5/site-packages/tests/input/gif'...
Listing './lib/python3.5/site-packages/tests/input/jpeg'...
Listing './lib/python3.5/site-packages/tests/input/odt'...
Listing './lib/python3.5/site-packages/tests/input/pdf'...
Listing './lib/python3.5/site-packages/tests/input/png'...
Listing './lib/python3.5/site-packages/tests/input/txt'...
Listing './lib/python3.5/site-packages/tests/input/zip'...
Listing './lib/python3.5/site-packages/typing-3.6.2.dist-info'...
Listing './lib/python3.5/site-packages/wand'...
Listing './share'...
Listing './share/python-wheels'...
