Listing '.'...
Listing './bin'...
Listing './include'...
Listing './lib'...
Listing './lib/python3.5'...
Listing './lib/python3.5/site-packages'...
Listing './lib/python3.5/site-packages/Products'...
Listing './lib/python3.5/site-packages/Products/feedfeeder'...
Listing './lib/python3.5/site-packages/Products/feedfeeder/Extensions'...
Listing './lib/python3.5/site-packages/Products/feedfeeder/browser'...
Listing './lib/python3.5/site-packages/Products/feedfeeder/content'...
Listing './lib/python3.5/site-packages/Products/feedfeeder/doc'...
Listing './lib/python3.5/site-packages/Products/feedfeeder/interfaces'...
Listing './lib/python3.5/site-packages/Products/feedfeeder/locales'...
Listing './lib/python3.5/site-packages/Products/feedfeeder/locales/de'...
Listing './lib/python3.5/site-packages/Products/feedfeeder/locales/de/LC_MESSAGES'...
Listing './lib/python3.5/site-packages/Products/feedfeeder/locales/es'...
Listing './lib/python3.5/site-packages/Products/feedfeeder/locales/es/LC_MESSAGES'...
Listing './lib/python3.5/site-packages/Products/feedfeeder/locales/eu'...
Listing './lib/python3.5/site-packages/Products/feedfeeder/locales/eu/LC_MESSAGES'...
Listing './lib/python3.5/site-packages/Products/feedfeeder/locales/fr'...
Listing './lib/python3.5/site-packages/Products/feedfeeder/locales/fr/LC_MESSAGES'...
Listing './lib/python3.5/site-packages/Products/feedfeeder/locales/nl'...
Listing './lib/python3.5/site-packages/Products/feedfeeder/locales/nl/LC_MESSAGES'...
Listing './lib/python3.5/site-packages/Products/feedfeeder/locales/pt_BR'...
Listing './lib/python3.5/site-packages/Products/feedfeeder/locales/pt_BR/LC_MESSAGES'...
Listing './lib/python3.5/site-packages/Products/feedfeeder/profiles'...
Listing './lib/python3.5/site-packages/Products/feedfeeder/profiles/default'...
Listing './lib/python3.5/site-packages/Products/feedfeeder/profiles/default/types'...
Listing './lib/python3.5/site-packages/Products/feedfeeder/skins'...
Listing './lib/python3.5/site-packages/Products/feedfeeder/skins/feedfeeder'...
Listing './lib/python3.5/site-packages/Products/feedfeeder/tests'...
Listing './lib/python3.5/site-packages/Products/feedfeeder/tests/samples'...
Listing './lib/python3.5/site-packages/Products.feedfeeder-3.0.1.egg-info'...
Listing './lib/python3.5/site-packages/beautifulsoup4-4.6.0.dist-info'...
Listing './lib/python3.5/site-packages/bs4'...
Listing './lib/python3.5/site-packages/bs4/builder'...
Listing './lib/python3.5/site-packages/bs4/tests'...
Listing './lib/python3.5/site-packages/feedparser-5.2.1.egg-info'...
Listing './lib/python3.5/site-packages/pip'...
Listing './lib/python3.5/site-packages/pip/_vendor'...
Listing './lib/python3.5/site-packages/pip/commands'...
Listing './lib/python3.5/site-packages/pip/compat'...
Listing './lib/python3.5/site-packages/pip/models'...
Listing './lib/python3.5/site-packages/pip/operations'...
Listing './lib/python3.5/site-packages/pip/req'...
Listing './lib/python3.5/site-packages/pip/utils'...
Listing './lib/python3.5/site-packages/pip/vcs'...
Listing './lib/python3.5/site-packages/pip-9.0.1.dist-info'...
Listing './lib/python3.5/site-packages/pkg_resources'...
Listing './lib/python3.5/site-packages/pkg_resources/_vendor'...
Listing './lib/python3.5/site-packages/pkg_resources/_vendor/packaging'...
Listing './lib/python3.5/site-packages/pkg_resources/extern'...
Listing './lib/python3.5/site-packages/pkg_resources-0.0.0.dist-info'...
Listing './lib/python3.5/site-packages/setuptools'...
Listing './lib/python3.5/site-packages/setuptools/command'...
Listing './lib/python3.5/site-packages/setuptools/extern'...
Listing './lib/python3.5/site-packages/setuptools-32.3.1.dist-info'...
Listing './share'...
Listing './share/python-wheels'...
