Listing '.'...
Listing './bin'...
Listing './include'...
Listing './lib'...
Listing './lib/python3.5'...
Listing './lib/python3.5/site-packages'...
Listing './lib/python3.5/site-packages/SQLAlchemy-1.0.12.egg-info'...
Listing './lib/python3.5/site-packages/nltk'...
Listing './lib/python3.5/site-packages/nltk/align'...
Listing './lib/python3.5/site-packages/nltk/app'...
Listing './lib/python3.5/site-packages/nltk/ccg'...
Listing './lib/python3.5/site-packages/nltk/chat'...
Listing './lib/python3.5/site-packages/nltk/chunk'...
Listing './lib/python3.5/site-packages/nltk/classify'...
Listing './lib/python3.5/site-packages/nltk/cluster'...
Listing './lib/python3.5/site-packages/nltk/corpus'...
Listing './lib/python3.5/site-packages/nltk/corpus/reader'...
Listing './lib/python3.5/site-packages/nltk/draw'...
Listing './lib/python3.5/site-packages/nltk/inference'...
Listing './lib/python3.5/site-packages/nltk/metrics'...
Listing './lib/python3.5/site-packages/nltk/misc'...
Listing './lib/python3.5/site-packages/nltk/parse'...
Listing './lib/python3.5/site-packages/nltk/sem'...
Listing './lib/python3.5/site-packages/nltk/stem'...
Listing './lib/python3.5/site-packages/nltk/tag'...
Listing './lib/python3.5/site-packages/nltk/tbl'...
Listing './lib/python3.5/site-packages/nltk/test'...
Listing './lib/python3.5/site-packages/nltk/test/unit'...
Listing './lib/python3.5/site-packages/nltk/test/unit/align'...
Listing './lib/python3.5/site-packages/nltk/tokenize'...
Listing './lib/python3.5/site-packages/nltk/twitter'...
Listing './lib/python3.5/site-packages/nltk-3.0.5.egg-info'...
Listing './lib/python3.5/site-packages/numpy'...
Listing './lib/python3.5/site-packages/numpy/.libs'...
Listing './lib/python3.5/site-packages/numpy/compat'...
Listing './lib/python3.5/site-packages/numpy/core'...
Listing './lib/python3.5/site-packages/numpy/core/include'...
Listing './lib/python3.5/site-packages/numpy/core/include/numpy'...
Listing './lib/python3.5/site-packages/numpy/core/lib'...
Listing './lib/python3.5/site-packages/numpy/core/lib/npy-pkg-config'...
Listing './lib/python3.5/site-packages/numpy/core/tests'...
Listing './lib/python3.5/site-packages/numpy/core/tests/data'...
Listing './lib/python3.5/site-packages/numpy/distutils'...
Listing './lib/python3.5/site-packages/numpy/distutils/command'...
Listing './lib/python3.5/site-packages/numpy/distutils/fcompiler'...
Listing './lib/python3.5/site-packages/numpy/distutils/mingw'...
Listing './lib/python3.5/site-packages/numpy/distutils/tests'...
Listing './lib/python3.5/site-packages/numpy/distutils/tests/f2py_ext'...
Listing './lib/python3.5/site-packages/numpy/distutils/tests/f2py_ext/src'...
Listing './lib/python3.5/site-packages/numpy/distutils/tests/f2py_ext/tests'...
Listing './lib/python3.5/site-packages/numpy/distutils/tests/f2py_f90_ext'...
Listing './lib/python3.5/site-packages/numpy/distutils/tests/f2py_f90_ext/include'...
Listing './lib/python3.5/site-packages/numpy/distutils/tests/f2py_f90_ext/src'...
Listing './lib/python3.5/site-packages/numpy/distutils/tests/f2py_f90_ext/tests'...
Listing './lib/python3.5/site-packages/numpy/distutils/tests/gen_ext'...
Listing './lib/python3.5/site-packages/numpy/distutils/tests/gen_ext/tests'...
Listing './lib/python3.5/site-packages/numpy/distutils/tests/pyrex_ext'...
Listing './lib/python3.5/site-packages/numpy/distutils/tests/pyrex_ext/tests'...
Listing './lib/python3.5/site-packages/numpy/distutils/tests/swig_ext'...
Listing './lib/python3.5/site-packages/numpy/distutils/tests/swig_ext/src'...
Listing './lib/python3.5/site-packages/numpy/distutils/tests/swig_ext/tests'...
Listing './lib/python3.5/site-packages/numpy/doc'...
Listing './lib/python3.5/site-packages/numpy/f2py'...
Listing './lib/python3.5/site-packages/numpy/f2py/src'...
Listing './lib/python3.5/site-packages/numpy/f2py/tests'...
Listing './lib/python3.5/site-packages/numpy/f2py/tests/src'...
Listing './lib/python3.5/site-packages/numpy/f2py/tests/src/array_from_pyobj'...
Listing './lib/python3.5/site-packages/numpy/f2py/tests/src/assumed_shape'...
Listing './lib/python3.5/site-packages/numpy/f2py/tests/src/kind'...
Listing './lib/python3.5/site-packages/numpy/f2py/tests/src/mixed'...
Listing './lib/python3.5/site-packages/numpy/f2py/tests/src/size'...
Listing './lib/python3.5/site-packages/numpy/fft'...
Listing './lib/python3.5/site-packages/numpy/fft/tests'...
Listing './lib/python3.5/site-packages/numpy/lib'...
Listing './lib/python3.5/site-packages/numpy/lib/tests'...
Listing './lib/python3.5/site-packages/numpy/linalg'...
Listing './lib/python3.5/site-packages/numpy/linalg/tests'...
Listing './lib/python3.5/site-packages/numpy/ma'...
Listing './lib/python3.5/site-packages/numpy/ma/tests'...
Listing './lib/python3.5/site-packages/numpy/matrixlib'...
Listing './lib/python3.5/site-packages/numpy/matrixlib/tests'...
Listing './lib/python3.5/site-packages/numpy/polynomial'...
Listing './lib/python3.5/site-packages/numpy/polynomial/tests'...
Listing './lib/python3.5/site-packages/numpy/random'...
Listing './lib/python3.5/site-packages/numpy/random/tests'...
Listing './lib/python3.5/site-packages/numpy/testing'...
Listing './lib/python3.5/site-packages/numpy/testing/tests'...
Listing './lib/python3.5/site-packages/numpy/tests'...
Listing './lib/python3.5/site-packages/numpy-1.9.0.dist-info'...
Listing './lib/python3.5/site-packages/pip'...
Listing './lib/python3.5/site-packages/pip/_vendor'...
Listing './lib/python3.5/site-packages/pip/commands'...
Listing './lib/python3.5/site-packages/pip/compat'...
Listing './lib/python3.5/site-packages/pip/models'...
Listing './lib/python3.5/site-packages/pip/operations'...
Listing './lib/python3.5/site-packages/pip/req'...
Listing './lib/python3.5/site-packages/pip/utils'...
Listing './lib/python3.5/site-packages/pip/vcs'...
Listing './lib/python3.5/site-packages/pip-9.0.1.dist-info'...
Listing './lib/python3.5/site-packages/pkg_resources'...
Listing './lib/python3.5/site-packages/pkg_resources/_vendor'...
Listing './lib/python3.5/site-packages/pkg_resources/_vendor/packaging'...
Listing './lib/python3.5/site-packages/pkg_resources/extern'...
Listing './lib/python3.5/site-packages/pkg_resources-0.0.0.dist-info'...
Listing './lib/python3.5/site-packages/prosaic'...
Listing './lib/python3.5/site-packages/prosaic/templates'...
Listing './lib/python3.5/site-packages/prosaic-6.1.1.egg-info'...
Listing './lib/python3.5/site-packages/psycopg2'...
Listing './lib/python3.5/site-packages/psycopg2/tests'...
Listing './lib/python3.5/site-packages/psycopg2-2.6.1.egg-info'...
Listing './lib/python3.5/site-packages/pyhocon'...
Listing './lib/python3.5/site-packages/pyhocon-0.3.29.egg-info'...
Listing './lib/python3.5/site-packages/pyparsing-2.2.0.dist-info'...
Listing './lib/python3.5/site-packages/setuptools'...
Listing './lib/python3.5/site-packages/setuptools/command'...
Listing './lib/python3.5/site-packages/setuptools/extern'...
Listing './lib/python3.5/site-packages/setuptools-32.3.1.dist-info'...
Listing './lib/python3.5/site-packages/six-1.11.0.dist-info'...
Listing './lib/python3.5/site-packages/sqlalchemy'...
Listing './lib/python3.5/site-packages/sqlalchemy/connectors'...
Listing './lib/python3.5/site-packages/sqlalchemy/databases'...
Listing './lib/python3.5/site-packages/sqlalchemy/dialects'...
Listing './lib/python3.5/site-packages/sqlalchemy/dialects/firebird'...
Listing './lib/python3.5/site-packages/sqlalchemy/dialects/mssql'...
Listing './lib/python3.5/site-packages/sqlalchemy/dialects/mysql'...
Listing './lib/python3.5/site-packages/sqlalchemy/dialects/oracle'...
Listing './lib/python3.5/site-packages/sqlalchemy/dialects/postgresql'...
Listing './lib/python3.5/site-packages/sqlalchemy/dialects/sqlite'...
Listing './lib/python3.5/site-packages/sqlalchemy/dialects/sybase'...
Listing './lib/python3.5/site-packages/sqlalchemy/engine'...
Listing './lib/python3.5/site-packages/sqlalchemy/event'...
Listing './lib/python3.5/site-packages/sqlalchemy/ext'...
Listing './lib/python3.5/site-packages/sqlalchemy/ext/declarative'...
Listing './lib/python3.5/site-packages/sqlalchemy/orm'...
Listing './lib/python3.5/site-packages/sqlalchemy/sql'...
Listing './lib/python3.5/site-packages/sqlalchemy/testing'...
Listing './lib/python3.5/site-packages/sqlalchemy/testing/plugin'...
Listing './lib/python3.5/site-packages/sqlalchemy/testing/suite'...
Listing './lib/python3.5/site-packages/sqlalchemy/util'...
Listing './share'...
Listing './share/python-wheels'...
