Listing '.'...
Listing './bin'...
Compiling './bin/jp.py'...
Compiling './bin/rst2html.py'...
Compiling './bin/rst2html4.py'...
Compiling './bin/rst2html5.py'...
Compiling './bin/rst2latex.py'...
Compiling './bin/rst2man.py'...
Compiling './bin/rst2odt.py'...
Compiling './bin/rst2odt_prepstyles.py'...
Compiling './bin/rst2pseudoxml.py'...
Compiling './bin/rst2s5.py'...
Compiling './bin/rst2xetex.py'...
Compiling './bin/rst2xml.py'...
Compiling './bin/rstpep2html.py'...
Listing './include'...
Listing './lib'...
Listing './lib/python3.5'...
Listing './lib/python3.5/site-packages'...
Listing './lib/python3.5/site-packages/PyYAML-3.12.egg-info'...
Listing './lib/python3.5/site-packages/analytics'...
Listing './lib/python3.5/site-packages/analytics/test'...
Listing './lib/python3.5/site-packages/analytics_python-1.2.9.dist-info'...
Listing './lib/python3.5/site-packages/aws_parsecf'...
Listing './lib/python3.5/site-packages/aws_parsecf-1.1.0.egg-info'...
Listing './lib/python3.5/site-packages/boto3'...
Listing './lib/python3.5/site-packages/boto3/data'...
Listing './lib/python3.5/site-packages/boto3/data/cloudformation'...
Listing './lib/python3.5/site-packages/boto3/data/cloudformation/2010-05-15'...
Listing './lib/python3.5/site-packages/boto3/data/cloudwatch'...
Listing './lib/python3.5/site-packages/boto3/data/cloudwatch/2010-08-01'...
Listing './lib/python3.5/site-packages/boto3/data/dynamodb'...
Listing './lib/python3.5/site-packages/boto3/data/dynamodb/2012-08-10'...
Listing './lib/python3.5/site-packages/boto3/data/ec2'...
Listing './lib/python3.5/site-packages/boto3/data/ec2/2014-10-01'...
Listing './lib/python3.5/site-packages/boto3/data/ec2/2015-03-01'...
Listing './lib/python3.5/site-packages/boto3/data/ec2/2015-04-15'...
Listing './lib/python3.5/site-packages/boto3/data/ec2/2015-10-01'...
Listing './lib/python3.5/site-packages/boto3/data/ec2/2016-04-01'...
Listing './lib/python3.5/site-packages/boto3/data/ec2/2016-09-15'...
Listing './lib/python3.5/site-packages/boto3/data/ec2/2016-11-15'...
Listing './lib/python3.5/site-packages/boto3/data/glacier'...
Listing './lib/python3.5/site-packages/boto3/data/glacier/2012-06-01'...
Listing './lib/python3.5/site-packages/boto3/data/iam'...
Listing './lib/python3.5/site-packages/boto3/data/iam/2010-05-08'...
Listing './lib/python3.5/site-packages/boto3/data/opsworks'...
Listing './lib/python3.5/site-packages/boto3/data/opsworks/2013-02-18'...
Listing './lib/python3.5/site-packages/boto3/data/s3'...
Listing './lib/python3.5/site-packages/boto3/data/s3/2006-03-01'...
Listing './lib/python3.5/site-packages/boto3/data/sns'...
Listing './lib/python3.5/site-packages/boto3/data/sns/2010-03-31'...
Listing './lib/python3.5/site-packages/boto3/data/sqs'...
Listing './lib/python3.5/site-packages/boto3/data/sqs/2012-11-05'...
Listing './lib/python3.5/site-packages/boto3/docs'...
Listing './lib/python3.5/site-packages/boto3/dynamodb'...
Listing './lib/python3.5/site-packages/boto3/ec2'...
Listing './lib/python3.5/site-packages/boto3/examples'...
Listing './lib/python3.5/site-packages/boto3/resources'...
Listing './lib/python3.5/site-packages/boto3/s3'...
Listing './lib/python3.5/site-packages/boto3-1.5.14.dist-info'...
Listing './lib/python3.5/site-packages/botocore'...
Listing './lib/python3.5/site-packages/botocore/data'...
Listing './lib/python3.5/site-packages/botocore/data/acm'...
Listing './lib/python3.5/site-packages/botocore/data/acm/2015-12-08'...
Listing './lib/python3.5/site-packages/botocore/data/alexaforbusiness'...
Listing './lib/python3.5/site-packages/botocore/data/alexaforbusiness/2017-11-09'...
Listing './lib/python3.5/site-packages/botocore/data/apigateway'...
Listing './lib/python3.5/site-packages/botocore/data/apigateway/2015-07-09'...
Listing './lib/python3.5/site-packages/botocore/data/application-autoscaling'...
Listing './lib/python3.5/site-packages/botocore/data/application-autoscaling/2016-02-06'...
Listing './lib/python3.5/site-packages/botocore/data/appstream'...
Listing './lib/python3.5/site-packages/botocore/data/appstream/2016-12-01'...
Listing './lib/python3.5/site-packages/botocore/data/appsync'...
Listing './lib/python3.5/site-packages/botocore/data/appsync/2017-07-25'...
Listing './lib/python3.5/site-packages/botocore/data/athena'...
Listing './lib/python3.5/site-packages/botocore/data/athena/2017-05-18'...
Listing './lib/python3.5/site-packages/botocore/data/autoscaling'...
Listing './lib/python3.5/site-packages/botocore/data/autoscaling/2011-01-01'...
Listing './lib/python3.5/site-packages/botocore/data/batch'...
Listing './lib/python3.5/site-packages/botocore/data/batch/2016-08-10'...
Listing './lib/python3.5/site-packages/botocore/data/budgets'...
Listing './lib/python3.5/site-packages/botocore/data/budgets/2016-10-20'...
Listing './lib/python3.5/site-packages/botocore/data/ce'...
Listing './lib/python3.5/site-packages/botocore/data/ce/2017-10-25'...
Listing './lib/python3.5/site-packages/botocore/data/cloud9'...
Listing './lib/python3.5/site-packages/botocore/data/cloud9/2017-09-23'...
Listing './lib/python3.5/site-packages/botocore/data/clouddirectory'...
Listing './lib/python3.5/site-packages/botocore/data/clouddirectory/2016-05-10'...
Listing './lib/python3.5/site-packages/botocore/data/cloudformation'...
Listing './lib/python3.5/site-packages/botocore/data/cloudformation/2010-05-15'...
Listing './lib/python3.5/site-packages/botocore/data/cloudfront'...
Listing './lib/python3.5/site-packages/botocore/data/cloudfront/2014-05-31'...
Listing './lib/python3.5/site-packages/botocore/data/cloudfront/2014-10-21'...
Listing './lib/python3.5/site-packages/botocore/data/cloudfront/2014-11-06'...
Listing './lib/python3.5/site-packages/botocore/data/cloudfront/2015-04-17'...
Listing './lib/python3.5/site-packages/botocore/data/cloudfront/2015-07-27'...
Listing './lib/python3.5/site-packages/botocore/data/cloudfront/2015-09-17'...
Listing './lib/python3.5/site-packages/botocore/data/cloudfront/2016-01-13'...
Listing './lib/python3.5/site-packages/botocore/data/cloudfront/2016-01-28'...
Listing './lib/python3.5/site-packages/botocore/data/cloudfront/2016-08-01'...
Listing './lib/python3.5/site-packages/botocore/data/cloudfront/2016-08-20'...
Listing './lib/python3.5/site-packages/botocore/data/cloudfront/2016-09-07'...
Listing './lib/python3.5/site-packages/botocore/data/cloudfront/2016-09-29'...
Listing './lib/python3.5/site-packages/botocore/data/cloudfront/2016-11-25'...
Listing './lib/python3.5/site-packages/botocore/data/cloudfront/2017-03-25'...
Listing './lib/python3.5/site-packages/botocore/data/cloudhsm'...
Listing './lib/python3.5/site-packages/botocore/data/cloudhsm/2014-05-30'...
Listing './lib/python3.5/site-packages/botocore/data/cloudhsmv2'...
Listing './lib/python3.5/site-packages/botocore/data/cloudhsmv2/2017-04-28'...
Listing './lib/python3.5/site-packages/botocore/data/cloudsearch'...
Listing './lib/python3.5/site-packages/botocore/data/cloudsearch/2011-02-01'...
Listing './lib/python3.5/site-packages/botocore/data/cloudsearch/2013-01-01'...
Listing './lib/python3.5/site-packages/botocore/data/cloudsearchdomain'...
Listing './lib/python3.5/site-packages/botocore/data/cloudsearchdomain/2013-01-01'...
Listing './lib/python3.5/site-packages/botocore/data/cloudtrail'...
Listing './lib/python3.5/site-packages/botocore/data/cloudtrail/2013-11-01'...
Listing './lib/python3.5/site-packages/botocore/data/cloudwatch'...
Listing './lib/python3.5/site-packages/botocore/data/cloudwatch/2010-08-01'...
Listing './lib/python3.5/site-packages/botocore/data/codebuild'...
Listing './lib/python3.5/site-packages/botocore/data/codebuild/2016-10-06'...
Listing './lib/python3.5/site-packages/botocore/data/codecommit'...
Listing './lib/python3.5/site-packages/botocore/data/codecommit/2015-04-13'...
Listing './lib/python3.5/site-packages/botocore/data/codedeploy'...
Listing './lib/python3.5/site-packages/botocore/data/codedeploy/2014-10-06'...
Listing './lib/python3.5/site-packages/botocore/data/codepipeline'...
Listing './lib/python3.5/site-packages/botocore/data/codepipeline/2015-07-09'...
Listing './lib/python3.5/site-packages/botocore/data/codestar'...
Listing './lib/python3.5/site-packages/botocore/data/codestar/2017-04-19'...
Listing './lib/python3.5/site-packages/botocore/data/cognito-identity'...
Listing './lib/python3.5/site-packages/botocore/data/cognito-identity/2014-06-30'...
Listing './lib/python3.5/site-packages/botocore/data/cognito-idp'...
Listing './lib/python3.5/site-packages/botocore/data/cognito-idp/2016-04-18'...
Listing './lib/python3.5/site-packages/botocore/data/cognito-sync'...
Listing './lib/python3.5/site-packages/botocore/data/cognito-sync/2014-06-30'...
Listing './lib/python3.5/site-packages/botocore/data/comprehend'...
Listing './lib/python3.5/site-packages/botocore/data/comprehend/2017-11-27'...
Listing './lib/python3.5/site-packages/botocore/data/config'...
Listing './lib/python3.5/site-packages/botocore/data/config/2014-11-12'...
Listing './lib/python3.5/site-packages/botocore/data/cur'...
Listing './lib/python3.5/site-packages/botocore/data/cur/2017-01-06'...
Listing './lib/python3.5/site-packages/botocore/data/datapipeline'...
Listing './lib/python3.5/site-packages/botocore/data/datapipeline/2012-10-29'...
Listing './lib/python3.5/site-packages/botocore/data/dax'...
Listing './lib/python3.5/site-packages/botocore/data/dax/2017-04-19'...
Listing './lib/python3.5/site-packages/botocore/data/devicefarm'...
Listing './lib/python3.5/site-packages/botocore/data/devicefarm/2015-06-23'...
Listing './lib/python3.5/site-packages/botocore/data/directconnect'...
Listing './lib/python3.5/site-packages/botocore/data/directconnect/2012-10-25'...
Listing './lib/python3.5/site-packages/botocore/data/discovery'...
Listing './lib/python3.5/site-packages/botocore/data/discovery/2015-11-01'...
Listing './lib/python3.5/site-packages/botocore/data/dms'...
Listing './lib/python3.5/site-packages/botocore/data/dms/2016-01-01'...
Listing './lib/python3.5/site-packages/botocore/data/ds'...
Listing './lib/python3.5/site-packages/botocore/data/ds/2015-04-16'...
Listing './lib/python3.5/site-packages/botocore/data/dynamodb'...
Listing './lib/python3.5/site-packages/botocore/data/dynamodb/2012-08-10'...
Listing './lib/python3.5/site-packages/botocore/data/dynamodbstreams'...
Listing './lib/python3.5/site-packages/botocore/data/dynamodbstreams/2012-08-10'...
Listing './lib/python3.5/site-packages/botocore/data/ec2'...
Listing './lib/python3.5/site-packages/botocore/data/ec2/2014-09-01'...
Listing './lib/python3.5/site-packages/botocore/data/ec2/2014-10-01'...
Listing './lib/python3.5/site-packages/botocore/data/ec2/2015-03-01'...
Listing './lib/python3.5/site-packages/botocore/data/ec2/2015-04-15'...
Listing './lib/python3.5/site-packages/botocore/data/ec2/2015-10-01'...
Listing './lib/python3.5/site-packages/botocore/data/ec2/2016-04-01'...
Listing './lib/python3.5/site-packages/botocore/data/ec2/2016-09-15'...
Listing './lib/python3.5/site-packages/botocore/data/ec2/2016-11-15'...
Listing './lib/python3.5/site-packages/botocore/data/ecr'...
Listing './lib/python3.5/site-packages/botocore/data/ecr/2015-09-21'...
Listing './lib/python3.5/site-packages/botocore/data/ecs'...
Listing './lib/python3.5/site-packages/botocore/data/ecs/2014-11-13'...
Listing './lib/python3.5/site-packages/botocore/data/efs'...
Listing './lib/python3.5/site-packages/botocore/data/efs/2015-02-01'...
Listing './lib/python3.5/site-packages/botocore/data/elasticache'...
Listing './lib/python3.5/site-packages/botocore/data/elasticache/2014-09-30'...
Listing './lib/python3.5/site-packages/botocore/data/elasticache/2015-02-02'...
Listing './lib/python3.5/site-packages/botocore/data/elasticbeanstalk'...
Listing './lib/python3.5/site-packages/botocore/data/elasticbeanstalk/2010-12-01'...
Listing './lib/python3.5/site-packages/botocore/data/elastictranscoder'...
Listing './lib/python3.5/site-packages/botocore/data/elastictranscoder/2012-09-25'...
Listing './lib/python3.5/site-packages/botocore/data/elb'...
Listing './lib/python3.5/site-packages/botocore/data/elb/2012-06-01'...
Listing './lib/python3.5/site-packages/botocore/data/elbv2'...
Listing './lib/python3.5/site-packages/botocore/data/elbv2/2015-12-01'...
Listing './lib/python3.5/site-packages/botocore/data/emr'...
Listing './lib/python3.5/site-packages/botocore/data/emr/2009-03-31'...
Listing './lib/python3.5/site-packages/botocore/data/es'...
Listing './lib/python3.5/site-packages/botocore/data/es/2015-01-01'...
Listing './lib/python3.5/site-packages/botocore/data/events'...
Listing './lib/python3.5/site-packages/botocore/data/events/2014-02-03'...
Listing './lib/python3.5/site-packages/botocore/data/events/2015-10-07'...
Listing './lib/python3.5/site-packages/botocore/data/firehose'...
Listing './lib/python3.5/site-packages/botocore/data/firehose/2015-08-04'...
Listing './lib/python3.5/site-packages/botocore/data/gamelift'...
Listing './lib/python3.5/site-packages/botocore/data/gamelift/2015-10-01'...
Listing './lib/python3.5/site-packages/botocore/data/glacier'...
Listing './lib/python3.5/site-packages/botocore/data/glacier/2012-06-01'...
Listing './lib/python3.5/site-packages/botocore/data/glue'...
Listing './lib/python3.5/site-packages/botocore/data/glue/2017-03-31'...
Listing './lib/python3.5/site-packages/botocore/data/greengrass'...
Listing './lib/python3.5/site-packages/botocore/data/greengrass/2017-06-07'...
Listing './lib/python3.5/site-packages/botocore/data/guardduty'...
Listing './lib/python3.5/site-packages/botocore/data/guardduty/2017-11-28'...
Listing './lib/python3.5/site-packages/botocore/data/health'...
Listing './lib/python3.5/site-packages/botocore/data/health/2016-08-04'...
Listing './lib/python3.5/site-packages/botocore/data/iam'...
Listing './lib/python3.5/site-packages/botocore/data/iam/2010-05-08'...
Listing './lib/python3.5/site-packages/botocore/data/importexport'...
Listing './lib/python3.5/site-packages/botocore/data/importexport/2010-06-01'...
Listing './lib/python3.5/site-packages/botocore/data/inspector'...
Listing './lib/python3.5/site-packages/botocore/data/inspector/2015-08-18'...
Listing './lib/python3.5/site-packages/botocore/data/inspector/2016-02-16'...
Listing './lib/python3.5/site-packages/botocore/data/iot'...
Listing './lib/python3.5/site-packages/botocore/data/iot/2015-05-28'...
Listing './lib/python3.5/site-packages/botocore/data/iot-data'...
Listing './lib/python3.5/site-packages/botocore/data/iot-data/2015-05-28'...
Listing './lib/python3.5/site-packages/botocore/data/iot-jobs-data'...
Listing './lib/python3.5/site-packages/botocore/data/iot-jobs-data/2017-09-29'...
Listing './lib/python3.5/site-packages/botocore/data/kinesis'...
Listing './lib/python3.5/site-packages/botocore/data/kinesis/2013-12-02'...
Listing './lib/python3.5/site-packages/botocore/data/kinesis-video-archived-media'...
Listing './lib/python3.5/site-packages/botocore/data/kinesis-video-archived-media/2017-09-30'...
Listing './lib/python3.5/site-packages/botocore/data/kinesis-video-media'...
Listing './lib/python3.5/site-packages/botocore/data/kinesis-video-media/2017-09-30'...
Listing './lib/python3.5/site-packages/botocore/data/kinesisanalytics'...
Listing './lib/python3.5/site-packages/botocore/data/kinesisanalytics/2015-08-14'...
Listing './lib/python3.5/site-packages/botocore/data/kinesisvideo'...
Listing './lib/python3.5/site-packages/botocore/data/kinesisvideo/2017-09-30'...
Listing './lib/python3.5/site-packages/botocore/data/kms'...
Listing './lib/python3.5/site-packages/botocore/data/kms/2014-11-01'...
Listing './lib/python3.5/site-packages/botocore/data/lambda'...
Listing './lib/python3.5/site-packages/botocore/data/lambda/2014-11-11'...
Listing './lib/python3.5/site-packages/botocore/data/lambda/2015-03-31'...
Listing './lib/python3.5/site-packages/botocore/data/lex-models'...
Listing './lib/python3.5/site-packages/botocore/data/lex-models/2017-04-19'...
Listing './lib/python3.5/site-packages/botocore/data/lex-runtime'...
Listing './lib/python3.5/site-packages/botocore/data/lex-runtime/2016-11-28'...
Listing './lib/python3.5/site-packages/botocore/data/lightsail'...
Listing './lib/python3.5/site-packages/botocore/data/lightsail/2016-11-28'...
Listing './lib/python3.5/site-packages/botocore/data/logs'...
Listing './lib/python3.5/site-packages/botocore/data/logs/2014-03-28'...
Listing './lib/python3.5/site-packages/botocore/data/machinelearning'...
Listing './lib/python3.5/site-packages/botocore/data/machinelearning/2014-12-12'...
Listing './lib/python3.5/site-packages/botocore/data/marketplace-entitlement'...
Listing './lib/python3.5/site-packages/botocore/data/marketplace-entitlement/2017-01-11'...
Listing './lib/python3.5/site-packages/botocore/data/marketplacecommerceanalytics'...
Listing './lib/python3.5/site-packages/botocore/data/marketplacecommerceanalytics/2015-07-01'...
Listing './lib/python3.5/site-packages/botocore/data/mediaconvert'...
Listing './lib/python3.5/site-packages/botocore/data/mediaconvert/2017-08-29'...
Listing './lib/python3.5/site-packages/botocore/data/medialive'...
Listing './lib/python3.5/site-packages/botocore/data/medialive/2017-10-14'...
Listing './lib/python3.5/site-packages/botocore/data/mediapackage'...
Listing './lib/python3.5/site-packages/botocore/data/mediapackage/2017-10-12'...
Listing './lib/python3.5/site-packages/botocore/data/mediastore'...
Listing './lib/python3.5/site-packages/botocore/data/mediastore/2017-09-01'...
Listing './lib/python3.5/site-packages/botocore/data/mediastore-data'...
Listing './lib/python3.5/site-packages/botocore/data/mediastore-data/2017-09-01'...
Listing './lib/python3.5/site-packages/botocore/data/meteringmarketplace'...
Listing './lib/python3.5/site-packages/botocore/data/meteringmarketplace/2016-01-14'...
Listing './lib/python3.5/site-packages/botocore/data/mgh'...
Listing './lib/python3.5/site-packages/botocore/data/mgh/2017-05-31'...
Listing './lib/python3.5/site-packages/botocore/data/mobile'...
Listing './lib/python3.5/site-packages/botocore/data/mobile/2017-07-01'...
Listing './lib/python3.5/site-packages/botocore/data/mq'...
Listing './lib/python3.5/site-packages/botocore/data/mq/2017-11-27'...
Listing './lib/python3.5/site-packages/botocore/data/mturk'...
Listing './lib/python3.5/site-packages/botocore/data/mturk/2017-01-17'...
Listing './lib/python3.5/site-packages/botocore/data/opsworks'...
Listing './lib/python3.5/site-packages/botocore/data/opsworks/2013-02-18'...
Listing './lib/python3.5/site-packages/botocore/data/opsworkscm'...
Listing './lib/python3.5/site-packages/botocore/data/opsworkscm/2016-11-01'...
Listing './lib/python3.5/site-packages/botocore/data/organizations'...
Listing './lib/python3.5/site-packages/botocore/data/organizations/2016-11-28'...
Listing './lib/python3.5/site-packages/botocore/data/pinpoint'...
Listing './lib/python3.5/site-packages/botocore/data/pinpoint/2016-12-01'...
Listing './lib/python3.5/site-packages/botocore/data/polly'...
Listing './lib/python3.5/site-packages/botocore/data/polly/2016-06-10'...
Listing './lib/python3.5/site-packages/botocore/data/pricing'...
Listing './lib/python3.5/site-packages/botocore/data/pricing/2017-10-15'...
Listing './lib/python3.5/site-packages/botocore/data/rds'...
Listing './lib/python3.5/site-packages/botocore/data/rds/2014-09-01'...
Listing './lib/python3.5/site-packages/botocore/data/rds/2014-10-31'...
Listing './lib/python3.5/site-packages/botocore/data/redshift'...
Listing './lib/python3.5/site-packages/botocore/data/redshift/2012-12-01'...
Listing './lib/python3.5/site-packages/botocore/data/rekognition'...
Listing './lib/python3.5/site-packages/botocore/data/rekognition/2016-06-27'...
Listing './lib/python3.5/site-packages/botocore/data/resource-groups'...
Listing './lib/python3.5/site-packages/botocore/data/resource-groups/2017-11-27'...
Listing './lib/python3.5/site-packages/botocore/data/resourcegroupstaggingapi'...
Listing './lib/python3.5/site-packages/botocore/data/resourcegroupstaggingapi/2017-01-26'...
Listing './lib/python3.5/site-packages/botocore/data/route53'...
Listing './lib/python3.5/site-packages/botocore/data/route53/2013-04-01'...
Listing './lib/python3.5/site-packages/botocore/data/route53domains'...
Listing './lib/python3.5/site-packages/botocore/data/route53domains/2014-05-15'...
Listing './lib/python3.5/site-packages/botocore/data/s3'...
Listing './lib/python3.5/site-packages/botocore/data/s3/2006-03-01'...
Listing './lib/python3.5/site-packages/botocore/data/sagemaker'...
Listing './lib/python3.5/site-packages/botocore/data/sagemaker/2017-07-24'...
Listing './lib/python3.5/site-packages/botocore/data/sagemaker-runtime'...
Listing './lib/python3.5/site-packages/botocore/data/sagemaker-runtime/2017-05-13'...
Listing './lib/python3.5/site-packages/botocore/data/sdb'...
Listing './lib/python3.5/site-packages/botocore/data/sdb/2009-04-15'...
Listing './lib/python3.5/site-packages/botocore/data/serverlessrepo'...
Listing './lib/python3.5/site-packages/botocore/data/serverlessrepo/2017-09-08'...
Listing './lib/python3.5/site-packages/botocore/data/servicecatalog'...
Listing './lib/python3.5/site-packages/botocore/data/servicecatalog/2015-12-10'...
Listing './lib/python3.5/site-packages/botocore/data/servicediscovery'...
Listing './lib/python3.5/site-packages/botocore/data/servicediscovery/2017-03-14'...
Listing './lib/python3.5/site-packages/botocore/data/ses'...
Listing './lib/python3.5/site-packages/botocore/data/ses/2010-12-01'...
Listing './lib/python3.5/site-packages/botocore/data/shield'...
Listing './lib/python3.5/site-packages/botocore/data/shield/2016-06-02'...
Listing './lib/python3.5/site-packages/botocore/data/sms'...
Listing './lib/python3.5/site-packages/botocore/data/sms/2016-10-24'...
Listing './lib/python3.5/site-packages/botocore/data/snowball'...
Listing './lib/python3.5/site-packages/botocore/data/snowball/2016-06-30'...
Listing './lib/python3.5/site-packages/botocore/data/sns'...
Listing './lib/python3.5/site-packages/botocore/data/sns/2010-03-31'...
Listing './lib/python3.5/site-packages/botocore/data/sqs'...
Listing './lib/python3.5/site-packages/botocore/data/sqs/2012-11-05'...
Listing './lib/python3.5/site-packages/botocore/data/ssm'...
Listing './lib/python3.5/site-packages/botocore/data/ssm/2014-11-06'...
Listing './lib/python3.5/site-packages/botocore/data/stepfunctions'...
Listing './lib/python3.5/site-packages/botocore/data/stepfunctions/2016-11-23'...
Listing './lib/python3.5/site-packages/botocore/data/storagegateway'...
Listing './lib/python3.5/site-packages/botocore/data/storagegateway/2013-06-30'...
Listing './lib/python3.5/site-packages/botocore/data/sts'...
Listing './lib/python3.5/site-packages/botocore/data/sts/2011-06-15'...
Listing './lib/python3.5/site-packages/botocore/data/support'...
Listing './lib/python3.5/site-packages/botocore/data/support/2013-04-15'...
Listing './lib/python3.5/site-packages/botocore/data/swf'...
Listing './lib/python3.5/site-packages/botocore/data/swf/2012-01-25'...
Listing './lib/python3.5/site-packages/botocore/data/translate'...
Listing './lib/python3.5/site-packages/botocore/data/translate/2017-07-01'...
Listing './lib/python3.5/site-packages/botocore/data/waf'...
Listing './lib/python3.5/site-packages/botocore/data/waf/2015-08-24'...
Listing './lib/python3.5/site-packages/botocore/data/waf-regional'...
Listing './lib/python3.5/site-packages/botocore/data/waf-regional/2016-11-28'...
Listing './lib/python3.5/site-packages/botocore/data/workdocs'...
Listing './lib/python3.5/site-packages/botocore/data/workdocs/2016-05-01'...
Listing './lib/python3.5/site-packages/botocore/data/workmail'...
Listing './lib/python3.5/site-packages/botocore/data/workmail/2017-10-01'...
Listing './lib/python3.5/site-packages/botocore/data/workspaces'...
Listing './lib/python3.5/site-packages/botocore/data/workspaces/2015-04-08'...
Listing './lib/python3.5/site-packages/botocore/data/xray'...
Listing './lib/python3.5/site-packages/botocore/data/xray/2016-04-12'...
Listing './lib/python3.5/site-packages/botocore/docs'...
Listing './lib/python3.5/site-packages/botocore/docs/bcdoc'...
Listing './lib/python3.5/site-packages/botocore/vendored'...
Listing './lib/python3.5/site-packages/botocore/vendored/requests'...
Listing './lib/python3.5/site-packages/botocore/vendored/requests/packages'...
Listing './lib/python3.5/site-packages/botocore/vendored/requests/packages/chardet'...
Listing './lib/python3.5/site-packages/botocore/vendored/requests/packages/urllib3'...
Listing './lib/python3.5/site-packages/botocore/vendored/requests/packages/urllib3/contrib'...
Listing './lib/python3.5/site-packages/botocore/vendored/requests/packages/urllib3/packages'...
Listing './lib/python3.5/site-packages/botocore/vendored/requests/packages/urllib3/packages/ssl_match_hostname'...
Listing './lib/python3.5/site-packages/botocore/vendored/requests/packages/urllib3/util'...
Listing './lib/python3.5/site-packages/botocore-1.8.28.dist-info'...
Listing './lib/python3.5/site-packages/certifi'...
Listing './lib/python3.5/site-packages/certifi-2017.11.5.dist-info'...
Listing './lib/python3.5/site-packages/chardet'...
Listing './lib/python3.5/site-packages/chardet/cli'...
Listing './lib/python3.5/site-packages/chardet-3.0.4.dist-info'...
Listing './lib/python3.5/site-packages/dateutil'...
Listing './lib/python3.5/site-packages/dateutil/tz'...
Listing './lib/python3.5/site-packages/dateutil/zoneinfo'...
Listing './lib/python3.5/site-packages/docutils'...
Listing './lib/python3.5/site-packages/docutils/languages'...
Listing './lib/python3.5/site-packages/docutils/parsers'...
Listing './lib/python3.5/site-packages/docutils/parsers/rst'...
Listing './lib/python3.5/site-packages/docutils/parsers/rst/directives'...
Listing './lib/python3.5/site-packages/docutils/parsers/rst/include'...
Listing './lib/python3.5/site-packages/docutils/parsers/rst/languages'...
Listing './lib/python3.5/site-packages/docutils/readers'...
Listing './lib/python3.5/site-packages/docutils/transforms'...
Listing './lib/python3.5/site-packages/docutils/utils'...
Listing './lib/python3.5/site-packages/docutils/utils/math'...
Listing './lib/python3.5/site-packages/docutils/writers'...
Listing './lib/python3.5/site-packages/docutils/writers/html4css1'...
Listing './lib/python3.5/site-packages/docutils/writers/html5_polyglot'...
Listing './lib/python3.5/site-packages/docutils/writers/latex2e'...
Listing './lib/python3.5/site-packages/docutils/writers/odf_odt'...
Listing './lib/python3.5/site-packages/docutils/writers/pep_html'...
Listing './lib/python3.5/site-packages/docutils/writers/s5_html'...
Listing './lib/python3.5/site-packages/docutils/writers/s5_html/themes'...
Listing './lib/python3.5/site-packages/docutils/writers/s5_html/themes/big-black'...
Listing './lib/python3.5/site-packages/docutils/writers/s5_html/themes/big-white'...
Listing './lib/python3.5/site-packages/docutils/writers/s5_html/themes/default'...
Listing './lib/python3.5/site-packages/docutils/writers/s5_html/themes/medium-black'...
Listing './lib/python3.5/site-packages/docutils/writers/s5_html/themes/medium-white'...
Listing './lib/python3.5/site-packages/docutils/writers/s5_html/themes/small-black'...
Listing './lib/python3.5/site-packages/docutils/writers/s5_html/themes/small-white'...
Listing './lib/python3.5/site-packages/docutils/writers/xetex'...
Listing './lib/python3.5/site-packages/docutils-0.14.dist-info'...
Listing './lib/python3.5/site-packages/idna'...
Listing './lib/python3.5/site-packages/idna-2.6.dist-info'...
Listing './lib/python3.5/site-packages/jmespath'...
Listing './lib/python3.5/site-packages/jmespath-0.9.3.dist-info'...
Listing './lib/python3.5/site-packages/pip'...
Listing './lib/python3.5/site-packages/pip/_vendor'...
Listing './lib/python3.5/site-packages/pip/commands'...
Listing './lib/python3.5/site-packages/pip/compat'...
Listing './lib/python3.5/site-packages/pip/models'...
Listing './lib/python3.5/site-packages/pip/operations'...
Listing './lib/python3.5/site-packages/pip/req'...
Listing './lib/python3.5/site-packages/pip/utils'...
Listing './lib/python3.5/site-packages/pip/vcs'...
Listing './lib/python3.5/site-packages/pip-9.0.1.dist-info'...
Listing './lib/python3.5/site-packages/pkg_resources'...
Listing './lib/python3.5/site-packages/pkg_resources/_vendor'...
Listing './lib/python3.5/site-packages/pkg_resources/_vendor/packaging'...
Listing './lib/python3.5/site-packages/pkg_resources/extern'...
Listing './lib/python3.5/site-packages/pkg_resources-0.0.0.dist-info'...
Listing './lib/python3.5/site-packages/puresec_cli'...
Listing './lib/python3.5/site-packages/puresec_cli/actions'...
Listing './lib/python3.5/site-packages/puresec_cli/actions/generate_roles'...
Listing './lib/python3.5/site-packages/puresec_cli/actions/generate_roles/frameworks'...
Listing './lib/python3.5/site-packages/puresec_cli/actions/generate_roles/providers'...
Listing './lib/python3.5/site-packages/puresec_cli/actions/generate_roles/runtimes'...
Listing './lib/python3.5/site-packages/puresec_cli/actions/generate_roles/runtimes/aws'...
Listing './lib/python3.5/site-packages/puresec_cli/frameworks'...
Listing './lib/python3.5/site-packages/puresec_cli/providers'...
Listing './lib/python3.5/site-packages/puresec_cli/resources'...
Listing './lib/python3.5/site-packages/puresec_cli/resources/node_modules'...
Listing './lib/python3.5/site-packages/puresec_cli/resources/node_modules/.bin'...
Listing './lib/python3.5/site-packages/puresec_cli/resources/node_modules/app-module-path'...
Listing './lib/python3.5/site-packages/puresec_cli/resources/node_modules/app-module-path/lib'...
Listing './lib/python3.5/site-packages/puresec_cli/resources/node_modules/app-module-path/test'...
Listing './lib/python3.5/site-packages/puresec_cli/resources/node_modules/app-module-path/test/node_modules'...
Listing './lib/python3.5/site-packages/puresec_cli/resources/node_modules/app-module-path/test/node_modules/installed-module'...
Listing './lib/python3.5/site-packages/puresec_cli/resources/node_modules/app-module-path/test/src'...
Listing './lib/python3.5/site-packages/puresec_cli/resources/node_modules/app-module-path/test/src/module-a'...
Listing './lib/python3.5/site-packages/puresec_cli/resources/node_modules/app-module-path/test/src/module-b'...
Listing './lib/python3.5/site-packages/puresec_cli/resources/node_modules/ast-module-types'...
Listing './lib/python3.5/site-packages/puresec_cli/resources/node_modules/ast-module-types/test'...
Listing './lib/python3.5/site-packages/puresec_cli/resources/node_modules/babel-runtime'...
Listing './lib/python3.5/site-packages/puresec_cli/resources/node_modules/babel-runtime/core-js'...
Listing './lib/python3.5/site-packages/puresec_cli/resources/node_modules/babel-runtime/core-js/array'...
Listing './lib/python3.5/site-packages/puresec_cli/resources/node_modules/babel-runtime/core-js/error'...
Listing './lib/python3.5/site-packages/puresec_cli/resources/node_modules/babel-runtime/core-js/json'...
Listing './lib/python3.5/site-packages/puresec_cli/resources/node_modules/babel-runtime/core-js/math'...
Listing './lib/python3.5/site-packages/puresec_cli/resources/node_modules/babel-runtime/core-js/number'...
Listing './lib/python3.5/site-packages/puresec_cli/resources/node_modules/babel-runtime/core-js/object'...
Listing './lib/python3.5/site-packages/puresec_cli/resources/node_modules/babel-runtime/core-js/reflect'...
Listing './lib/python3.5/site-packages/puresec_cli/resources/node_modules/babel-runtime/core-js/regexp'...
Listing './lib/python3.5/site-packages/puresec_cli/resources/node_modules/babel-runtime/core-js/string'...
Listing './lib/python3.5/site-packages/puresec_cli/resources/node_modules/babel-runtime/core-js/symbol'...
Listing './lib/python3.5/site-packages/puresec_cli/resources/node_modules/babel-runtime/core-js/system'...
Listing './lib/python3.5/site-packages/puresec_cli/resources/node_modules/babel-runtime/helpers'...
Listing './lib/python3.5/site-packages/puresec_cli/resources/node_modules/babel-runtime/regenerator'...
Listing './lib/python3.5/site-packages/puresec_cli/resources/node_modules/babylon'...
Listing './lib/python3.5/site-packages/puresec_cli/resources/node_modules/babylon/bin'...
Listing './lib/python3.5/site-packages/puresec_cli/resources/node_modules/babylon/lib'...
Listing './lib/python3.5/site-packages/puresec_cli/resources/node_modules/commander'...
Listing './lib/python3.5/site-packages/puresec_cli/resources/node_modules/core-js'...
Listing './lib/python3.5/site-packages/puresec_cli/resources/node_modules/core-js/build'...
Listing './lib/python3.5/site-packages/puresec_cli/resources/node_modules/core-js/client'...
Listing './lib/python3.5/site-packages/puresec_cli/resources/node_modules/core-js/core'...
Listing './lib/python3.5/site-packages/puresec_cli/resources/node_modules/core-js/es5'...
Listing './lib/python3.5/site-packages/puresec_cli/resources/node_modules/core-js/es6'...
Listing './lib/python3.5/site-packages/puresec_cli/resources/node_modules/core-js/es7'...
Listing './lib/python3.5/site-packages/puresec_cli/resources/node_modules/core-js/fn'...
Listing './lib/python3.5/site-packages/puresec_cli/resources/node_modules/core-js/fn/array'...
Listing './lib/python3.5/site-packages/puresec_cli/resources/node_modules/core-js/fn/array/virtual'...
Listing './lib/python3.5/site-packages/puresec_cli/resources/node_modules/core-js/fn/date'...
Listing './lib/python3.5/site-packages/puresec_cli/resources/node_modules/core-js/fn/dom-collections'...
Listing './lib/python3.5/site-packages/puresec_cli/resources/node_modules/core-js/fn/error'...
Listing './lib/python3.5/site-packages/puresec_cli/resources/node_modules/core-js/fn/function'...
Listing './lib/python3.5/site-packages/puresec_cli/resources/node_modules/core-js/fn/function/virtual'...
Listing './lib/python3.5/site-packages/puresec_cli/resources/node_modules/core-js/fn/json'...
Listing './lib/python3.5/site-packages/puresec_cli/resources/node_modules/core-js/fn/map'...
Listing './lib/python3.5/site-packages/puresec_cli/resources/node_modules/core-js/fn/math'...
Listing './lib/python3.5/site-packages/puresec_cli/resources/node_modules/core-js/fn/number'...
Listing './lib/python3.5/site-packages/puresec_cli/resources/node_modules/core-js/fn/number/virtual'...
Listing './lib/python3.5/site-packages/puresec_cli/resources/node_modules/core-js/fn/object'...
Listing './lib/python3.5/site-packages/puresec_cli/resources/node_modules/core-js/fn/promise'...
Listing './lib/python3.5/site-packages/puresec_cli/resources/node_modules/core-js/fn/reflect'...
Listing './lib/python3.5/site-packages/puresec_cli/resources/node_modules/core-js/fn/regexp'...
Listing './lib/python3.5/site-packages/puresec_cli/resources/node_modules/core-js/fn/set'...
Listing './lib/python3.5/site-packages/puresec_cli/resources/node_modules/core-js/fn/string'...
Listing './lib/python3.5/site-packages/puresec_cli/resources/node_modules/core-js/fn/string/virtual'...
Listing './lib/python3.5/site-packages/puresec_cli/resources/node_modules/core-js/fn/symbol'...
Listing './lib/python3.5/site-packages/puresec_cli/resources/node_modules/core-js/fn/system'...
Listing './lib/python3.5/site-packages/puresec_cli/resources/node_modules/core-js/fn/typed'...
Listing './lib/python3.5/site-packages/puresec_cli/resources/node_modules/core-js/fn/weak-map'...
Listing './lib/python3.5/site-packages/puresec_cli/resources/node_modules/core-js/fn/weak-set'...
Listing './lib/python3.5/site-packages/puresec_cli/resources/node_modules/core-js/library'...
Listing './lib/python3.5/site-packages/puresec_cli/resources/node_modules/core-js/library/core'...
Listing './lib/python3.5/site-packages/puresec_cli/resources/node_modules/core-js/library/es5'...
Listing './lib/python3.5/site-packages/puresec_cli/resources/node_modules/core-js/library/es6'...
Listing './lib/python3.5/site-packages/puresec_cli/resources/node_modules/core-js/library/es7'...
Listing './lib/python3.5/site-packages/puresec_cli/resources/node_modules/core-js/library/fn'...
Listing './lib/python3.5/site-packages/puresec_cli/resources/node_modules/core-js/library/fn/array'...
Listing './lib/python3.5/site-packages/puresec_cli/resources/node_modules/core-js/library/fn/date'...
Listing './lib/python3.5/site-packages/puresec_cli/resources/node_modules/core-js/library/fn/dom-collections'...
Listing './lib/python3.5/site-packages/puresec_cli/resources/node_modules/core-js/library/fn/error'...
Listing './lib/python3.5/site-packages/puresec_cli/resources/node_modules/core-js/library/fn/function'...
Listing './lib/python3.5/site-packages/puresec_cli/resources/node_modules/core-js/library/fn/json'...
Listing './lib/python3.5/site-packages/puresec_cli/resources/node_modules/core-js/library/fn/map'...
Listing './lib/python3.5/site-packages/puresec_cli/resources/node_modules/core-js/library/fn/math'...
Listing './lib/python3.5/site-packages/puresec_cli/resources/node_modules/core-js/library/fn/number'...
Listing './lib/python3.5/site-packages/puresec_cli/resources/node_modules/core-js/library/fn/object'...
Listing './lib/python3.5/site-packages/puresec_cli/resources/node_modules/core-js/library/fn/promise'...
Listing './lib/python3.5/site-packages/puresec_cli/resources/node_modules/core-js/library/fn/reflect'...
Listing './lib/python3.5/site-packages/puresec_cli/resources/node_modules/core-js/library/fn/regexp'...
Listing './lib/python3.5/site-packages/puresec_cli/resources/node_modules/core-js/library/fn/set'...
Listing './lib/python3.5/site-packages/puresec_cli/resources/node_modules/core-js/library/fn/string'...
Listing './lib/python3.5/site-packages/puresec_cli/resources/node_modules/core-js/library/fn/symbol'...
Listing './lib/python3.5/site-packages/puresec_cli/resources/node_modules/core-js/library/fn/system'...
Listing './lib/python3.5/site-packages/puresec_cli/resources/node_modules/core-js/library/fn/typed'...
Listing './lib/python3.5/site-packages/puresec_cli/resources/node_modules/core-js/library/fn/weak-map'...
Listing './lib/python3.5/site-packages/puresec_cli/resources/node_modules/core-js/library/fn/weak-set'...
Listing './lib/python3.5/site-packages/puresec_cli/resources/node_modules/core-js/library/modules'...
Listing './lib/python3.5/site-packages/puresec_cli/resources/node_modules/core-js/library/stage'...
Listing './lib/python3.5/site-packages/puresec_cli/resources/node_modules/core-js/library/web'...
Listing './lib/python3.5/site-packages/puresec_cli/resources/node_modules/core-js/modules'...
Listing './lib/python3.5/site-packages/puresec_cli/resources/node_modules/core-js/modules/library'...
Listing './lib/python3.5/site-packages/puresec_cli/resources/node_modules/core-js/stage'...
Listing './lib/python3.5/site-packages/puresec_cli/resources/node_modules/core-js/web'...
Listing './lib/python3.5/site-packages/puresec_cli/resources/node_modules/core-util-is'...
Listing './lib/python3.5/site-packages/puresec_cli/resources/node_modules/core-util-is/lib'...
Listing './lib/python3.5/site-packages/puresec_cli/resources/node_modules/debug'...
Listing './lib/python3.5/site-packages/puresec_cli/resources/node_modules/debug/src'...
Listing './lib/python3.5/site-packages/puresec_cli/resources/node_modules/deep-is'...
Listing './lib/python3.5/site-packages/puresec_cli/resources/node_modules/deep-is/example'...
Listing './lib/python3.5/site-packages/puresec_cli/resources/node_modules/deep-is/test'...
Listing './lib/python3.5/site-packages/puresec_cli/resources/node_modules/dependency-tree'...
Listing './lib/python3.5/site-packages/puresec_cli/resources/node_modules/dependency-tree/bin'...
Listing './lib/python3.5/site-packages/puresec_cli/resources/node_modules/dependency-tree/lib'...
Listing './lib/python3.5/site-packages/puresec_cli/resources/node_modules/dependency-tree/test'...
Listing './lib/python3.5/site-packages/puresec_cli/resources/node_modules/dependency-tree/test/example'...
Listing './lib/python3.5/site-packages/puresec_cli/resources/node_modules/dependency-tree/test/example/amd'...
Listing './lib/python3.5/site-packages/puresec_cli/resources/node_modules/dependency-tree/test/example/commonjs'...
Listing './lib/python3.5/site-packages/puresec_cli/resources/node_modules/dependency-tree/test/example/onlyRealDeps'...
Listing './lib/python3.5/site-packages/puresec_cli/resources/node_modules/dependency-tree/test/example/webpack'...
Listing './lib/python3.5/site-packages/puresec_cli/resources/node_modules/detective-amd'...
Listing './lib/python3.5/site-packages/puresec_cli/resources/node_modules/detective-amd/bin'...
Listing './lib/python3.5/site-packages/puresec_cli/resources/node_modules/detective-cjs'...
Listing './lib/python3.5/site-packages/puresec_cli/resources/node_modules/detective-es6'...
Listing './lib/python3.5/site-packages/puresec_cli/resources/node_modules/detective-es6/test'...
Listing './lib/python3.5/site-packages/puresec_cli/resources/node_modules/detective-less'...
Listing './lib/python3.5/site-packages/puresec_cli/resources/node_modules/detective-less/node_modules'...
Listing './lib/python3.5/site-packages/puresec_cli/resources/node_modules/detective-less/node_modules/debug'...
Listing './lib/python3.5/site-packages/puresec_cli/resources/node_modules/detective-less/node_modules/ms'...
Listing './lib/python3.5/site-packages/puresec_cli/resources/node_modules/detective-sass'...
Listing './lib/python3.5/site-packages/puresec_cli/resources/node_modules/detective-scss'...
Listing './lib/python3.5/site-packages/puresec_cli/resources/node_modules/detective-stylus'...
Listing './lib/python3.5/site-packages/puresec_cli/resources/node_modules/detective-stylus/test'...
Listing './lib/python3.5/site-packages/puresec_cli/resources/node_modules/detective-typescript'...
Listing './lib/python3.5/site-packages/puresec_cli/resources/node_modules/detective-typescript/node_modules'...
Listing './lib/python3.5/site-packages/puresec_cli/resources/node_modules/detective-typescript/node_modules/.bin'...
Listing './lib/python3.5/site-packages/puresec_cli/resources/node_modules/detective-typescript/node_modules/babylon'...
Listing './lib/python3.5/site-packages/puresec_cli/resources/node_modules/detective-typescript/node_modules/babylon/bin'...
Listing './lib/python3.5/site-packages/puresec_cli/resources/node_modules/detective-typescript/node_modules/babylon/lib'...
Listing './lib/python3.5/site-packages/puresec_cli/resources/node_modules/detective-typescript/node_modules/node-source-walk'...
Listing './lib/python3.5/site-packages/puresec_cli/resources/node_modules/detective-typescript/node_modules/typescript'...
Listing './lib/python3.5/site-packages/puresec_cli/resources/node_modules/detective-typescript/node_modules/typescript/bin'...
Listing './lib/python3.5/site-packages/puresec_cli/resources/node_modules/detective-typescript/node_modules/typescript/lib'...
Listing './lib/python3.5/site-packages/puresec_cli/resources/node_modules/enhanced-resolve'...
Listing './lib/python3.5/site-packages/puresec_cli/resources/node_modules/enhanced-resolve/lib'...
Listing './lib/python3.5/site-packages/puresec_cli/resources/node_modules/errno'...
Listing './lib/python3.5/site-packages/puresec_cli/resources/node_modules/escodegen'...
Listing './lib/python3.5/site-packages/puresec_cli/resources/node_modules/escodegen/bin'...
Listing './lib/python3.5/site-packages/puresec_cli/resources/node_modules/escodegen/node_modules'...
Listing './lib/python3.5/site-packages/puresec_cli/resources/node_modules/escodegen/node_modules/.bin'...
Listing './lib/python3.5/site-packages/puresec_cli/resources/node_modules/escodegen/node_modules/esprima'...
Listing './lib/python3.5/site-packages/puresec_cli/resources/node_modules/escodegen/node_modules/esprima/bin'...
Listing './lib/python3.5/site-packages/puresec_cli/resources/node_modules/escodegen/node_modules/esprima/dist'...
Listing './lib/python3.5/site-packages/puresec_cli/resources/node_modules/esprima'...
Listing './lib/python3.5/site-packages/puresec_cli/resources/node_modules/esprima/bin'...
Listing './lib/python3.5/site-packages/puresec_cli/resources/node_modules/esprima/test'...
Listing './lib/python3.5/site-packages/puresec_cli/resources/node_modules/estraverse'...
Listing './lib/python3.5/site-packages/puresec_cli/resources/node_modules/esutils'...
Listing './lib/python3.5/site-packages/puresec_cli/resources/node_modules/esutils/lib'...
Listing './lib/python3.5/site-packages/puresec_cli/resources/node_modules/fast-levenshtein'...
Listing './lib/python3.5/site-packages/puresec_cli/resources/node_modules/file-exists'...
Listing './lib/python3.5/site-packages/puresec_cli/resources/node_modules/file-exists/test'...
Listing './lib/python3.5/site-packages/puresec_cli/resources/node_modules/filing-cabinet'...
Listing './lib/python3.5/site-packages/puresec_cli/resources/node_modules/filing-cabinet/bin'...
Listing './lib/python3.5/site-packages/puresec_cli/resources/node_modules/filing-cabinet/node_modules'...
Listing './lib/python3.5/site-packages/puresec_cli/resources/node_modules/filing-cabinet/node_modules/debug'...
Listing './lib/python3.5/site-packages/puresec_cli/resources/node_modules/filing-cabinet/node_modules/debug/src'...
Listing './lib/python3.5/site-packages/puresec_cli/resources/node_modules/find'...
Listing './lib/python3.5/site-packages/puresec_cli/resources/node_modules/find/test'...
Listing './lib/python3.5/site-packages/puresec_cli/resources/node_modules/fs-extra'...
Listing './lib/python3.5/site-packages/puresec_cli/resources/node_modules/fs-extra/lib'...
Listing './lib/python3.5/site-packages/puresec_cli/resources/node_modules/get-amd-module-type'...
Listing './lib/python3.5/site-packages/puresec_cli/resources/node_modules/gonzales-pe'...
Listing './lib/python3.5/site-packages/puresec_cli/resources/node_modules/gonzales-pe/bin'...
Listing './lib/python3.5/site-packages/puresec_cli/resources/node_modules/gonzales-pe/lib'...
Listing './lib/python3.5/site-packages/puresec_cli/resources/node_modules/graceful-fs'...
Listing './lib/python3.5/site-packages/puresec_cli/resources/node_modules/graceful-readlink'...
Listing './lib/python3.5/site-packages/puresec_cli/resources/node_modules/inherits'...
Listing './lib/python3.5/site-packages/puresec_cli/resources/node_modules/is-relative-path'...
Listing './lib/python3.5/site-packages/puresec_cli/resources/node_modules/is-relative-path/test'...
Listing './lib/python3.5/site-packages/puresec_cli/resources/node_modules/isarray'...
Listing './lib/python3.5/site-packages/puresec_cli/resources/node_modules/jsonfile'...
Listing './lib/python3.5/site-packages/puresec_cli/resources/node_modules/jsonfile/lib'...
Listing './lib/python3.5/site-packages/puresec_cli/resources/node_modules/levn'...
Listing './lib/python3.5/site-packages/puresec_cli/resources/node_modules/levn/lib'...
Listing './lib/python3.5/site-packages/puresec_cli/resources/node_modules/lodash.tostring'...
Listing './lib/python3.5/site-packages/puresec_cli/resources/node_modules/lodash.unescape'...
Listing './lib/python3.5/site-packages/puresec_cli/resources/node_modules/memory-fs'...
Listing './lib/python3.5/site-packages/puresec_cli/resources/node_modules/memory-fs/lib'...
Listing './lib/python3.5/site-packages/puresec_cli/resources/node_modules/minimist'...
Listing './lib/python3.5/site-packages/puresec_cli/resources/node_modules/minimist/example'...
Listing './lib/python3.5/site-packages/puresec_cli/resources/node_modules/minimist/test'...
Listing './lib/python3.5/site-packages/puresec_cli/resources/node_modules/mkdirp'...
Listing './lib/python3.5/site-packages/puresec_cli/resources/node_modules/mkdirp/examples'...
Listing './lib/python3.5/site-packages/puresec_cli/resources/node_modules/mkdirp/test'...
Listing './lib/python3.5/site-packages/puresec_cli/resources/node_modules/module-definition'...
Listing './lib/python3.5/site-packages/puresec_cli/resources/node_modules/module-definition/bin'...
Listing './lib/python3.5/site-packages/puresec_cli/resources/node_modules/module-lookup-amd'...
Listing './lib/python3.5/site-packages/puresec_cli/resources/node_modules/module-lookup-amd/bin'...
Listing './lib/python3.5/site-packages/puresec_cli/resources/node_modules/ms'...
Listing './lib/python3.5/site-packages/puresec_cli/resources/node_modules/ncp'...
Listing './lib/python3.5/site-packages/puresec_cli/resources/node_modules/ncp/bin'...
Listing './lib/python3.5/site-packages/puresec_cli/resources/node_modules/ncp/lib'...
Listing './lib/python3.5/site-packages/puresec_cli/resources/node_modules/ncp/test'...
Listing './lib/python3.5/site-packages/puresec_cli/resources/node_modules/ncp/test/fixtures'...
Listing './lib/python3.5/site-packages/puresec_cli/resources/node_modules/ncp/test/fixtures/src'...
Listing './lib/python3.5/site-packages/puresec_cli/resources/node_modules/node-source-walk'...
Listing './lib/python3.5/site-packages/puresec_cli/resources/node_modules/object-assign'...
Listing './lib/python3.5/site-packages/puresec_cli/resources/node_modules/optionator'...
Listing './lib/python3.5/site-packages/puresec_cli/resources/node_modules/optionator/lib'...
Listing './lib/python3.5/site-packages/puresec_cli/resources/node_modules/path-parse'...
Listing './lib/python3.5/site-packages/puresec_cli/resources/node_modules/precinct'...
Listing './lib/python3.5/site-packages/puresec_cli/resources/node_modules/precinct/bin'...
Listing './lib/python3.5/site-packages/puresec_cli/resources/node_modules/prelude-ls'...
Listing './lib/python3.5/site-packages/puresec_cli/resources/node_modules/prelude-ls/lib'...
Listing './lib/python3.5/site-packages/puresec_cli/resources/node_modules/process-nextick-args'...
Listing './lib/python3.5/site-packages/puresec_cli/resources/node_modules/prr'...
Listing './lib/python3.5/site-packages/puresec_cli/resources/node_modules/readable-stream'...
Listing './lib/python3.5/site-packages/puresec_cli/resources/node_modules/readable-stream/doc'...
Listing './lib/python3.5/site-packages/puresec_cli/resources/node_modules/readable-stream/doc/wg-meetings'...
Listing './lib/python3.5/site-packages/puresec_cli/resources/node_modules/readable-stream/lib'...
Listing './lib/python3.5/site-packages/puresec_cli/resources/node_modules/readable-stream/lib/internal'...
Listing './lib/python3.5/site-packages/puresec_cli/resources/node_modules/readable-stream/lib/internal/streams'...
Listing './lib/python3.5/site-packages/puresec_cli/resources/node_modules/regenerator-runtime'...
Listing './lib/python3.5/site-packages/puresec_cli/resources/node_modules/requirejs'...
Listing './lib/python3.5/site-packages/puresec_cli/resources/node_modules/requirejs/bin'...
Listing './lib/python3.5/site-packages/puresec_cli/resources/node_modules/requirejs-config-file'...
Listing './lib/python3.5/site-packages/puresec_cli/resources/node_modules/requirejs-config-file/files'...
Listing './lib/python3.5/site-packages/puresec_cli/resources/node_modules/requirejs-config-file/files/fixtures'...
Listing './lib/python3.5/site-packages/puresec_cli/resources/node_modules/requirejs-config-file/test'...
Listing './lib/python3.5/site-packages/puresec_cli/resources/node_modules/resolve'...
Listing './lib/python3.5/site-packages/puresec_cli/resources/node_modules/resolve/example'...
Listing './lib/python3.5/site-packages/puresec_cli/resources/node_modules/resolve/lib'...
Listing './lib/python3.5/site-packages/puresec_cli/resources/node_modules/resolve/test'...
Listing './lib/python3.5/site-packages/puresec_cli/resources/node_modules/resolve/test/dotdot'...
Listing './lib/python3.5/site-packages/puresec_cli/resources/node_modules/resolve/test/dotdot/abc'...
Listing './lib/python3.5/site-packages/puresec_cli/resources/node_modules/resolve/test/module_dir'...
Listing './lib/python3.5/site-packages/puresec_cli/resources/node_modules/resolve/test/module_dir/xmodules'...
Listing './lib/python3.5/site-packages/puresec_cli/resources/node_modules/resolve/test/module_dir/ymodules'...
Listing './lib/python3.5/site-packages/puresec_cli/resources/node_modules/resolve/test/module_dir/zmodules'...
Listing './lib/python3.5/site-packages/puresec_cli/resources/node_modules/resolve/test/node_path'...
Listing './lib/python3.5/site-packages/puresec_cli/resources/node_modules/resolve/test/node_path/x'...
Listing './lib/python3.5/site-packages/puresec_cli/resources/node_modules/resolve/test/node_path/y'...
Listing './lib/python3.5/site-packages/puresec_cli/resources/node_modules/resolve/test/pathfilter'...
Listing './lib/python3.5/site-packages/puresec_cli/resources/node_modules/resolve/test/pathfilter/deep_ref'...
Listing './lib/python3.5/site-packages/puresec_cli/resources/node_modules/resolve/test/precedence'...
Listing './lib/python3.5/site-packages/puresec_cli/resources/node_modules/resolve/test/precedence/aaa'...
Listing './lib/python3.5/site-packages/puresec_cli/resources/node_modules/resolve/test/precedence/bbb'...
Listing './lib/python3.5/site-packages/puresec_cli/resources/node_modules/resolve/test/resolver'...
Listing './lib/python3.5/site-packages/puresec_cli/resources/node_modules/resolve/test/resolver/baz'...
Listing './lib/python3.5/site-packages/puresec_cli/resources/node_modules/resolve/test/resolver/dot_main'...
Listing './lib/python3.5/site-packages/puresec_cli/resources/node_modules/resolve/test/resolver/dot_slash_main'...
Listing './lib/python3.5/site-packages/puresec_cli/resources/node_modules/resolve/test/resolver/incorrect_main'...
Listing './lib/python3.5/site-packages/puresec_cli/resources/node_modules/resolve/test/resolver/other_path'...
Listing './lib/python3.5/site-packages/puresec_cli/resources/node_modules/resolve/test/resolver/quux'...
Listing './lib/python3.5/site-packages/puresec_cli/resources/node_modules/resolve/test/resolver/same_names'...
Listing './lib/python3.5/site-packages/puresec_cli/resources/node_modules/resolve/test/resolver/symlinked'...
Listing './lib/python3.5/site-packages/puresec_cli/resources/node_modules/resolve/test/resolver/without_basedir'...
Listing './lib/python3.5/site-packages/puresec_cli/resources/node_modules/resolve-dependency-path'...
Listing './lib/python3.5/site-packages/puresec_cli/resources/node_modules/resolve-dependency-path/test'...
Listing './lib/python3.5/site-packages/puresec_cli/resources/node_modules/rimraf'...
Listing './lib/python3.5/site-packages/puresec_cli/resources/node_modules/rimraf/test'...
Listing './lib/python3.5/site-packages/puresec_cli/resources/node_modules/safe-buffer'...
Listing './lib/python3.5/site-packages/puresec_cli/resources/node_modules/sass-lookup'...
Listing './lib/python3.5/site-packages/puresec_cli/resources/node_modules/sass-lookup/bin'...
Listing './lib/python3.5/site-packages/puresec_cli/resources/node_modules/sass-lookup/node_modules'...
Listing './lib/python3.5/site-packages/puresec_cli/resources/node_modules/sass-lookup/node_modules/commander'...
Listing './lib/python3.5/site-packages/puresec_cli/resources/node_modules/sass-lookup/test'...
Listing './lib/python3.5/site-packages/puresec_cli/resources/node_modules/source-map'...
Listing './lib/python3.5/site-packages/puresec_cli/resources/node_modules/source-map/dist'...
Listing './lib/python3.5/site-packages/puresec_cli/resources/node_modules/source-map/lib'...
Listing './lib/python3.5/site-packages/puresec_cli/resources/node_modules/string_decoder'...
Listing './lib/python3.5/site-packages/puresec_cli/resources/node_modules/string_decoder/lib'...
Listing './lib/python3.5/site-packages/puresec_cli/resources/node_modules/stringify-object'...
Listing './lib/python3.5/site-packages/puresec_cli/resources/node_modules/stylus-lookup'...
Listing './lib/python3.5/site-packages/puresec_cli/resources/node_modules/stylus-lookup/bin'...
Listing './lib/python3.5/site-packages/puresec_cli/resources/node_modules/stylus-lookup/node_modules'...
Listing './lib/python3.5/site-packages/puresec_cli/resources/node_modules/stylus-lookup/node_modules/commander'...
Listing './lib/python3.5/site-packages/puresec_cli/resources/node_modules/stylus-lookup/test'...
Listing './lib/python3.5/site-packages/puresec_cli/resources/node_modules/tapable'...
Listing './lib/python3.5/site-packages/puresec_cli/resources/node_modules/tapable/lib'...
Listing './lib/python3.5/site-packages/puresec_cli/resources/node_modules/traverse-chain'...
Listing './lib/python3.5/site-packages/puresec_cli/resources/node_modules/type-check'...
Listing './lib/python3.5/site-packages/puresec_cli/resources/node_modules/type-check/lib'...
Listing './lib/python3.5/site-packages/puresec_cli/resources/node_modules/typescript'...
Listing './lib/python3.5/site-packages/puresec_cli/resources/node_modules/typescript/bin'...
Listing './lib/python3.5/site-packages/puresec_cli/resources/node_modules/typescript/lib'...
Listing './lib/python3.5/site-packages/puresec_cli/resources/node_modules/typescript-eslint-parser'...
Listing './lib/python3.5/site-packages/puresec_cli/resources/node_modules/typescript-eslint-parser/lib'...
Listing './lib/python3.5/site-packages/puresec_cli/resources/node_modules/util-deprecate'...
Listing './lib/python3.5/site-packages/puresec_cli/resources/node_modules/wordwrap'...
Listing './lib/python3.5/site-packages/puresec_cli/resources/node_modules/wordwrap/example'...
Listing './lib/python3.5/site-packages/puresec_cli/resources/node_modules/wordwrap/test'...
Listing './lib/python3.5/site-packages/puresec_cli-1.2.0.egg-info'...
Listing './lib/python3.5/site-packages/python_dateutil-2.6.1.dist-info'...
Listing './lib/python3.5/site-packages/requests'...
Listing './lib/python3.5/site-packages/requests-2.18.4.dist-info'...
Listing './lib/python3.5/site-packages/s3transfer'...
Listing './lib/python3.5/site-packages/s3transfer-0.1.12.dist-info'...
Listing './lib/python3.5/site-packages/setuptools'...
Listing './lib/python3.5/site-packages/setuptools/command'...
Listing './lib/python3.5/site-packages/setuptools/extern'...
Listing './lib/python3.5/site-packages/setuptools-32.3.1.dist-info'...
Listing './lib/python3.5/site-packages/six-1.11.0.dist-info'...
Listing './lib/python3.5/site-packages/termcolor-1.1.0.egg-info'...
Listing './lib/python3.5/site-packages/urllib3'...
Listing './lib/python3.5/site-packages/urllib3/contrib'...
Listing './lib/python3.5/site-packages/urllib3/contrib/_securetransport'...
Listing './lib/python3.5/site-packages/urllib3/packages'...
Listing './lib/python3.5/site-packages/urllib3/packages/backports'...
Listing './lib/python3.5/site-packages/urllib3/packages/ssl_match_hostname'...
Listing './lib/python3.5/site-packages/urllib3/util'...
Listing './lib/python3.5/site-packages/urllib3-1.22.dist-info'...
Listing './lib/python3.5/site-packages/yaml'...
Listing './share'...
Listing './share/python-wheels'...
