Listing '.'...
Listing './bin'...
Listing './include'...
Listing './lib'...
Listing './lib/python3.5'...
Listing './lib/python3.5/site-packages'...
Listing './lib/python3.5/site-packages/pip'...
Listing './lib/python3.5/site-packages/pip/_vendor'...
Listing './lib/python3.5/site-packages/pip/commands'...
Listing './lib/python3.5/site-packages/pip/compat'...
Listing './lib/python3.5/site-packages/pip/models'...
Listing './lib/python3.5/site-packages/pip/operations'...
Listing './lib/python3.5/site-packages/pip/req'...
Listing './lib/python3.5/site-packages/pip/utils'...
Listing './lib/python3.5/site-packages/pip/vcs'...
Listing './lib/python3.5/site-packages/pip-9.0.1.dist-info'...
Listing './lib/python3.5/site-packages/pkg_resources'...
Listing './lib/python3.5/site-packages/pkg_resources/_vendor'...
Listing './lib/python3.5/site-packages/pkg_resources/_vendor/packaging'...
Listing './lib/python3.5/site-packages/pkg_resources/extern'...
Listing './lib/python3.5/site-packages/pkg_resources-0.0.0.dist-info'...
Listing './lib/python3.5/site-packages/pyads'...
Listing './lib/python3.5/site-packages/pyads/testserver_ex'...
Listing './lib/python3.5/site-packages/pyads-2.2.6.egg-info'...
Listing './lib/python3.5/site-packages/setuptools'...
Listing './lib/python3.5/site-packages/setuptools/command'...
Listing './lib/python3.5/site-packages/setuptools/extern'...
Listing './lib/python3.5/site-packages/setuptools-32.3.1.dist-info'...
Listing './share'...
Listing './share/python-wheels'...
Listing './src'...
Listing './src/AdsLib'...
Listing './src/AdsLibTest'...
Listing './src/AdsLibTestRef'...
Listing './src/PLC-TestProject'...
Listing './src/PLC-TestProject/Untitled1'...
Listing './src/PLC-TestProject/Untitled1/POUs'...
Listing './src/PLC-TestProject/Untitled1/_Libraries'...
Listing './src/PLC-TestProject/Untitled1/_Libraries/beckhoff automation gmbh'...
Listing './src/PLC-TestProject/Untitled1/_Libraries/beckhoff automation gmbh/tc2_standard'...
Listing './src/PLC-TestProject/Untitled1/_Libraries/beckhoff automation gmbh/tc2_standard/3.3.0.0'...
Listing './src/PLC-TestProject/Untitled1/_Libraries/beckhoff automation gmbh/tc2_system'...
Listing './src/PLC-TestProject/Untitled1/_Libraries/beckhoff automation gmbh/tc2_system/3.3.8.1'...
Listing './src/PLC-TestProject/Untitled1/_Libraries/beckhoff automation gmbh/tc3_interfaces'...
Listing './src/PLC-TestProject/Untitled1/_Libraries/beckhoff automation gmbh/tc3_interfaces/3.3.0.0'...
Listing './src/PLC-TestProject/Untitled1/_Libraries/beckhoff automation gmbh/tc3_module'...
Listing './src/PLC-TestProject/Untitled1/_Libraries/beckhoff automation gmbh/tc3_module/3.3.6.0'...
Listing './src/PLC-TestProject/_Boot'...
Listing './src/PLC-TestProject/_Boot/TwinCAT RT (x86)'...
Listing './src/PLC-TestProject/_Boot/TwinCAT RT (x86)/Plc'...
Listing './src/docs'...
Listing './src/example'...
Listing './src/tools'...
