Listing '.'...
Listing './bin'...
Listing './include'...
Listing './lib'...
Listing './lib/python3.5'...
Listing './lib/python3.5/site-packages'...
Listing './lib/python3.5/site-packages/bitstring-3.1.5.egg-info'...
Listing './lib/python3.5/site-packages/pip'...
Listing './lib/python3.5/site-packages/pip/_vendor'...
Listing './lib/python3.5/site-packages/pip/commands'...
Listing './lib/python3.5/site-packages/pip/compat'...
Listing './lib/python3.5/site-packages/pip/models'...
Listing './lib/python3.5/site-packages/pip/operations'...
Listing './lib/python3.5/site-packages/pip/req'...
Listing './lib/python3.5/site-packages/pip/utils'...
Listing './lib/python3.5/site-packages/pip/vcs'...
Listing './lib/python3.5/site-packages/pip-9.0.1.dist-info'...
Listing './lib/python3.5/site-packages/pkg_resources'...
Listing './lib/python3.5/site-packages/pkg_resources/_vendor'...
Listing './lib/python3.5/site-packages/pkg_resources/_vendor/packaging'...
Listing './lib/python3.5/site-packages/pkg_resources/extern'...
Listing './lib/python3.5/site-packages/pkg_resources-0.0.0.dist-info'...
Listing './lib/python3.5/site-packages/pybufrkit'...
Listing './lib/python3.5/site-packages/pybufrkit/definitions'...
Listing './lib/python3.5/site-packages/pybufrkit/tables'...
Listing './lib/python3.5/site-packages/pybufrkit/tables/0'...
Listing './lib/python3.5/site-packages/pybufrkit/tables/0/0_0'...
Listing './lib/python3.5/site-packages/pybufrkit/tables/0/0_0/10'...
Listing './lib/python3.5/site-packages/pybufrkit/tables/0/0_0/11'...
Listing './lib/python3.5/site-packages/pybufrkit/tables/0/0_0/12'...
Listing './lib/python3.5/site-packages/pybufrkit/tables/0/0_0/13'...
Listing './lib/python3.5/site-packages/pybufrkit/tables/0/0_0/14'...
Listing './lib/python3.5/site-packages/pybufrkit/tables/0/0_0/15'...
Listing './lib/python3.5/site-packages/pybufrkit/tables/0/0_0/16'...
Listing './lib/python3.5/site-packages/pybufrkit/tables/0/0_0/17'...
Listing './lib/python3.5/site-packages/pybufrkit/tables/0/0_0/18'...
Listing './lib/python3.5/site-packages/pybufrkit/tables/0/0_0/19'...
Listing './lib/python3.5/site-packages/pybufrkit/tables/0/0_0/20'...
Listing './lib/python3.5/site-packages/pybufrkit/tables/0/0_0/21'...
Listing './lib/python3.5/site-packages/pybufrkit/tables/0/0_0/22'...
Listing './lib/python3.5/site-packages/pybufrkit/tables/0/0_0/23'...
Listing './lib/python3.5/site-packages/pybufrkit/tables/0/0_0/24'...
Listing './lib/python3.5/site-packages/pybufrkit/tables/0/0_0/25'...
Listing './lib/python3.5/site-packages/pybufrkit/tables/0/0_0/26'...
Listing './lib/python3.5/site-packages/pybufrkit/tables/0/0_0/27'...
Listing './lib/python3.5/site-packages/pybufrkit/tables/0/0_0/6'...
Listing './lib/python3.5/site-packages/pybufrkit/tables/0/0_0/7'...
Listing './lib/python3.5/site-packages/pybufrkit/tables/0/0_0/8'...
Listing './lib/python3.5/site-packages/pybufrkit/tables/0/0_0/9'...
Listing './lib/python3.5/site-packages/pybufrkit/tables/0/98_0'...
Listing './lib/python3.5/site-packages/pybufrkit/tables/0/98_0/1'...
Listing './lib/python3.5/site-packages/pybufrkit/tables/0/98_0/101'...
Listing './lib/python3.5/site-packages/pybufrkit/tables/0/98_0/2'...
Listing './lib/python3.5/site-packages/pybufrkit/tables/0/98_0/3'...
Listing './lib/python3.5/site-packages/pybufrkit-0.2.5.egg-info'...
Listing './lib/python3.5/site-packages/setuptools'...
Listing './lib/python3.5/site-packages/setuptools/command'...
Listing './lib/python3.5/site-packages/setuptools/extern'...
Listing './lib/python3.5/site-packages/setuptools-32.3.1.dist-info'...
Listing './lib/python3.5/site-packages/six-1.11.0.dist-info'...
Listing './share'...
Listing './share/python-wheels'...
