Listing '.'...
Listing './bin'...
Compiling './bin/runxlrd.py'...
Listing './include'...
Listing './lib'...
Listing './lib/python3.5'...
Listing './lib/python3.5/site-packages'...
Listing './lib/python3.5/site-packages/PuLP-1.6.8.egg-info'...
Listing './lib/python3.5/site-packages/et_xmlfile'...
Listing './lib/python3.5/site-packages/et_xmlfile/tests'...
Listing './lib/python3.5/site-packages/et_xmlfile-1.0.1.egg-info'...
Listing './lib/python3.5/site-packages/future'...
Listing './lib/python3.5/site-packages/future/backports'...
Listing './lib/python3.5/site-packages/future/backports/email'...
Listing './lib/python3.5/site-packages/future/backports/email/mime'...
Listing './lib/python3.5/site-packages/future/backports/html'...
Listing './lib/python3.5/site-packages/future/backports/http'...
Listing './lib/python3.5/site-packages/future/backports/test'...
Listing './lib/python3.5/site-packages/future/backports/urllib'...
Listing './lib/python3.5/site-packages/future/backports/xmlrpc'...
Listing './lib/python3.5/site-packages/future/builtins'...
Listing './lib/python3.5/site-packages/future/moves'...
Listing './lib/python3.5/site-packages/future/moves/dbm'...
Listing './lib/python3.5/site-packages/future/moves/html'...
Listing './lib/python3.5/site-packages/future/moves/http'...
Listing './lib/python3.5/site-packages/future/moves/test'...
Listing './lib/python3.5/site-packages/future/moves/tkinter'...
Listing './lib/python3.5/site-packages/future/moves/urllib'...
Listing './lib/python3.5/site-packages/future/moves/xmlrpc'...
Listing './lib/python3.5/site-packages/future/standard_library'...
Listing './lib/python3.5/site-packages/future/tests'...
Listing './lib/python3.5/site-packages/future/types'...
Listing './lib/python3.5/site-packages/future/utils'...
Listing './lib/python3.5/site-packages/future-0.16.0.egg-info'...
Listing './lib/python3.5/site-packages/jdcal-1.3.egg-info'...
Listing './lib/python3.5/site-packages/libfuturize'...
Listing './lib/python3.5/site-packages/libfuturize/fixes'...
Listing './lib/python3.5/site-packages/libpasteurize'...
Listing './lib/python3.5/site-packages/libpasteurize/fixes'...
Listing './lib/python3.5/site-packages/openpyxl'...
Listing './lib/python3.5/site-packages/openpyxl/cell'...
Listing './lib/python3.5/site-packages/openpyxl/chart'...
Listing './lib/python3.5/site-packages/openpyxl/chartsheet'...
Listing './lib/python3.5/site-packages/openpyxl/comments'...
Listing './lib/python3.5/site-packages/openpyxl/compat'...
Listing './lib/python3.5/site-packages/openpyxl/descriptors'...
Listing './lib/python3.5/site-packages/openpyxl/drawing'...
Listing './lib/python3.5/site-packages/openpyxl/formatting'...
Listing './lib/python3.5/site-packages/openpyxl/formula'...
Listing './lib/python3.5/site-packages/openpyxl/packaging'...
Listing './lib/python3.5/site-packages/openpyxl/reader'...
Listing './lib/python3.5/site-packages/openpyxl/styles'...
Listing './lib/python3.5/site-packages/openpyxl/utils'...
Listing './lib/python3.5/site-packages/openpyxl/workbook'...
Listing './lib/python3.5/site-packages/openpyxl/workbook/external_link'...
Listing './lib/python3.5/site-packages/openpyxl/worksheet'...
Listing './lib/python3.5/site-packages/openpyxl/writer'...
Listing './lib/python3.5/site-packages/openpyxl/xml'...
Listing './lib/python3.5/site-packages/openpyxl-2.4.9.egg-info'...
Listing './lib/python3.5/site-packages/past'...
Listing './lib/python3.5/site-packages/past/builtins'...
Listing './lib/python3.5/site-packages/past/tests'...
Listing './lib/python3.5/site-packages/past/translation'...
Listing './lib/python3.5/site-packages/past/types'...
Listing './lib/python3.5/site-packages/past/utils'...
Listing './lib/python3.5/site-packages/pip'...
Listing './lib/python3.5/site-packages/pip/_vendor'...
Listing './lib/python3.5/site-packages/pip/commands'...
Listing './lib/python3.5/site-packages/pip/compat'...
Listing './lib/python3.5/site-packages/pip/models'...
Listing './lib/python3.5/site-packages/pip/operations'...
Listing './lib/python3.5/site-packages/pip/req'...
Listing './lib/python3.5/site-packages/pip/utils'...
Listing './lib/python3.5/site-packages/pip/vcs'...
Listing './lib/python3.5/site-packages/pip-9.0.1.dist-info'...
Listing './lib/python3.5/site-packages/pkg_resources'...
Listing './lib/python3.5/site-packages/pkg_resources/_vendor'...
Listing './lib/python3.5/site-packages/pkg_resources/_vendor/packaging'...
Listing './lib/python3.5/site-packages/pkg_resources/extern'...
Listing './lib/python3.5/site-packages/pkg_resources-0.0.0.dist-info'...
Listing './lib/python3.5/site-packages/pulp'...
Listing './lib/python3.5/site-packages/pulp/solverdir'...
Listing './lib/python3.5/site-packages/pulp/solverdir/cbc'...
Listing './lib/python3.5/site-packages/pulp/solverdir/cbc/linux'...
Listing './lib/python3.5/site-packages/pulp/solverdir/cbc/linux/32'...
Listing './lib/python3.5/site-packages/pulp/solverdir/cbc/linux/64'...
Listing './lib/python3.5/site-packages/pulp/solverdir/cbc/osx'...
Listing './lib/python3.5/site-packages/pulp/solverdir/cbc/osx/64'...
Listing './lib/python3.5/site-packages/pulp/solverdir/cbc/win'...
Listing './lib/python3.5/site-packages/pulp/solverdir/cbc/win/32'...
Listing './lib/python3.5/site-packages/pulp/solverdir/cbc/win/64'...
Listing './lib/python3.5/site-packages/pyDEA'...
Listing './lib/python3.5/site-packages/pyDEA/core'...
Listing './lib/python3.5/site-packages/pyDEA/core/data_processing'...
Listing './lib/python3.5/site-packages/pyDEA/core/gui_modules'...
Listing './lib/python3.5/site-packages/pyDEA/core/models'...
Listing './lib/python3.5/site-packages/pyDEA/core/utils'...
Listing './lib/python3.5/site-packages/pyDEA-1.6.dist-info'...
Listing './lib/python3.5/site-packages/pyparsing-2.2.0.dist-info'...
Listing './lib/python3.5/site-packages/setuptools'...
Listing './lib/python3.5/site-packages/setuptools/command'...
Listing './lib/python3.5/site-packages/setuptools/extern'...
Listing './lib/python3.5/site-packages/setuptools-32.3.1.dist-info'...
Listing './lib/python3.5/site-packages/xlrd'...
Listing './lib/python3.5/site-packages/xlrd/examples'...
Listing './lib/python3.5/site-packages/xlrd-1.1.0.dist-info'...
Listing './lib/python3.5/site-packages/xlwt'...
Listing './lib/python3.5/site-packages/xlwt/doc'...
Listing './lib/python3.5/site-packages/xlwt/examples'...
Listing './lib/python3.5/site-packages/xlwt_future-0.8.0.egg-info'...
Listing './share'...
Listing './share/python-wheels'...
