Listing '.'...
Listing './bin'...
Listing './include'...
Listing './lib'...
Listing './lib/python3.5'...
Listing './lib/python3.5/site-packages'...
Listing './lib/python3.5/site-packages/CacheControl-0.12.3.egg-info'...
Listing './lib/python3.5/site-packages/cachecontrol'...
Listing './lib/python3.5/site-packages/cachecontrol/caches'...
Listing './lib/python3.5/site-packages/certifi'...
Listing './lib/python3.5/site-packages/certifi-2017.11.5.dist-info'...
Listing './lib/python3.5/site-packages/chardet'...
Listing './lib/python3.5/site-packages/chardet/cli'...
Listing './lib/python3.5/site-packages/chardet-3.0.4.dist-info'...
Listing './lib/python3.5/site-packages/click'...
Listing './lib/python3.5/site-packages/click-6.7.dist-info'...
Listing './lib/python3.5/site-packages/data'...
Listing './lib/python3.5/site-packages/data/languagefiles'...
Listing './lib/python3.5/site-packages/dateparser'...
Listing './lib/python3.5/site-packages/dateparser/calendars'...
Listing './lib/python3.5/site-packages/dateparser/languages'...
Listing './lib/python3.5/site-packages/dateparser/utils'...
Listing './lib/python3.5/site-packages/dateparser-0.6.0.dist-info'...
Listing './lib/python3.5/site-packages/dateutil'...
Listing './lib/python3.5/site-packages/dateutil/tz'...
Listing './lib/python3.5/site-packages/dateutil/zoneinfo'...
Listing './lib/python3.5/site-packages/decorator-4.1.2.dist-info'...
Listing './lib/python3.5/site-packages/future'...
Listing './lib/python3.5/site-packages/future/backports'...
Listing './lib/python3.5/site-packages/future/backports/email'...
Listing './lib/python3.5/site-packages/future/backports/email/mime'...
Listing './lib/python3.5/site-packages/future/backports/html'...
Listing './lib/python3.5/site-packages/future/backports/http'...
Listing './lib/python3.5/site-packages/future/backports/test'...
Listing './lib/python3.5/site-packages/future/backports/urllib'...
Listing './lib/python3.5/site-packages/future/backports/xmlrpc'...
Listing './lib/python3.5/site-packages/future/builtins'...
Listing './lib/python3.5/site-packages/future/moves'...
Listing './lib/python3.5/site-packages/future/moves/dbm'...
Listing './lib/python3.5/site-packages/future/moves/html'...
Listing './lib/python3.5/site-packages/future/moves/http'...
Listing './lib/python3.5/site-packages/future/moves/test'...
Listing './lib/python3.5/site-packages/future/moves/tkinter'...
Listing './lib/python3.5/site-packages/future/moves/urllib'...
Listing './lib/python3.5/site-packages/future/moves/xmlrpc'...
Listing './lib/python3.5/site-packages/future/standard_library'...
Listing './lib/python3.5/site-packages/future/tests'...
Listing './lib/python3.5/site-packages/future/types'...
Listing './lib/python3.5/site-packages/future/utils'...
Listing './lib/python3.5/site-packages/future-0.16.0.egg-info'...
Listing './lib/python3.5/site-packages/geocoder'...
Listing './lib/python3.5/site-packages/geocoder-1.33.0.dist-info'...
Listing './lib/python3.5/site-packages/humanize'...
Listing './lib/python3.5/site-packages/humanize/locale'...
Listing './lib/python3.5/site-packages/humanize/locale/fr_FR'...
Listing './lib/python3.5/site-packages/humanize/locale/fr_FR/LC_MESSAGES'...
Listing './lib/python3.5/site-packages/humanize/locale/ko_KR'...
Listing './lib/python3.5/site-packages/humanize/locale/ko_KR/LC_MESSAGES'...
Listing './lib/python3.5/site-packages/humanize/locale/ru_RU'...
Listing './lib/python3.5/site-packages/humanize/locale/ru_RU/LC_MESSAGES'...
Listing './lib/python3.5/site-packages/humanize-0.5.1.egg-info'...
Listing './lib/python3.5/site-packages/icalendar'...
Listing './lib/python3.5/site-packages/icalendar/tests'...
Listing './lib/python3.5/site-packages/icalendar/tests/hypothesis'...
Listing './lib/python3.5/site-packages/icalendar-4.0.0.dist-info'...
Listing './lib/python3.5/site-packages/idna'...
Listing './lib/python3.5/site-packages/idna-2.6.dist-info'...
Listing './lib/python3.5/site-packages/libfuturize'...
Listing './lib/python3.5/site-packages/libfuturize/fixes'...
Listing './lib/python3.5/site-packages/libpasteurize'...
Listing './lib/python3.5/site-packages/libpasteurize/fixes'...
Listing './lib/python3.5/site-packages/maya'...
Listing './lib/python3.5/site-packages/maya-0.3.3.dist-info'...
Listing './lib/python3.5/site-packages/msgpack'...
Listing './lib/python3.5/site-packages/msgpack_python-0.5.1.egg-info'...
Listing './lib/python3.5/site-packages/past'...
Listing './lib/python3.5/site-packages/past/builtins'...
Listing './lib/python3.5/site-packages/past/tests'...
Listing './lib/python3.5/site-packages/past/translation'...
Listing './lib/python3.5/site-packages/past/types'...
Listing './lib/python3.5/site-packages/past/utils'...
Listing './lib/python3.5/site-packages/pendulum'...
Listing './lib/python3.5/site-packages/pendulum/_extensions'...
Listing './lib/python3.5/site-packages/pendulum/formatting'...
Listing './lib/python3.5/site-packages/pendulum/lang'...
Listing './lib/python3.5/site-packages/pendulum/mixins'...
Listing './lib/python3.5/site-packages/pendulum/parsing'...
Listing './lib/python3.5/site-packages/pendulum/parsing/exceptions'...
Listing './lib/python3.5/site-packages/pendulum/tz'...
Listing './lib/python3.5/site-packages/pendulum-1.3.2.dist-info'...
Listing './lib/python3.5/site-packages/pip'...
Listing './lib/python3.5/site-packages/pip/_vendor'...
Listing './lib/python3.5/site-packages/pip/commands'...
Listing './lib/python3.5/site-packages/pip/compat'...
Listing './lib/python3.5/site-packages/pip/models'...
Listing './lib/python3.5/site-packages/pip/operations'...
Listing './lib/python3.5/site-packages/pip/req'...
Listing './lib/python3.5/site-packages/pip/utils'...
Listing './lib/python3.5/site-packages/pip/vcs'...
Listing './lib/python3.5/site-packages/pip-9.0.1.dist-info'...
Listing './lib/python3.5/site-packages/pkg_resources'...
Listing './lib/python3.5/site-packages/pkg_resources/_vendor'...
Listing './lib/python3.5/site-packages/pkg_resources/_vendor/packaging'...
Listing './lib/python3.5/site-packages/pkg_resources/extern'...
Listing './lib/python3.5/site-packages/pkg_resources-0.0.0.dist-info'...
Listing './lib/python3.5/site-packages/pyden'...
Listing './lib/python3.5/site-packages/pyden-0.4.1.egg-info'...
Listing './lib/python3.5/site-packages/python_dateutil-2.6.1.dist-info'...
Listing './lib/python3.5/site-packages/pytz'...
Listing './lib/python3.5/site-packages/pytz/zoneinfo'...
Listing './lib/python3.5/site-packages/pytz/zoneinfo/Africa'...
Listing './lib/python3.5/site-packages/pytz/zoneinfo/America'...
Listing './lib/python3.5/site-packages/pytz/zoneinfo/America/Argentina'...
Listing './lib/python3.5/site-packages/pytz/zoneinfo/America/Indiana'...
Listing './lib/python3.5/site-packages/pytz/zoneinfo/America/Kentucky'...
Listing './lib/python3.5/site-packages/pytz/zoneinfo/America/North_Dakota'...
Listing './lib/python3.5/site-packages/pytz/zoneinfo/Antarctica'...
Listing './lib/python3.5/site-packages/pytz/zoneinfo/Arctic'...
Listing './lib/python3.5/site-packages/pytz/zoneinfo/Asia'...
Listing './lib/python3.5/site-packages/pytz/zoneinfo/Atlantic'...
Listing './lib/python3.5/site-packages/pytz/zoneinfo/Australia'...
Listing './lib/python3.5/site-packages/pytz/zoneinfo/Brazil'...
Listing './lib/python3.5/site-packages/pytz/zoneinfo/Canada'...
Listing './lib/python3.5/site-packages/pytz/zoneinfo/Chile'...
Listing './lib/python3.5/site-packages/pytz/zoneinfo/Etc'...
Listing './lib/python3.5/site-packages/pytz/zoneinfo/Europe'...
Listing './lib/python3.5/site-packages/pytz/zoneinfo/Indian'...
Listing './lib/python3.5/site-packages/pytz/zoneinfo/Mexico'...
Listing './lib/python3.5/site-packages/pytz/zoneinfo/Pacific'...
Listing './lib/python3.5/site-packages/pytz/zoneinfo/US'...
Listing './lib/python3.5/site-packages/pytz-2017.3.dist-info'...
Listing './lib/python3.5/site-packages/pytzdata'...
Listing './lib/python3.5/site-packages/pytzdata/commands'...
Listing './lib/python3.5/site-packages/pytzdata/zoneinfo'...
Listing './lib/python3.5/site-packages/pytzdata/zoneinfo/Africa'...
Listing './lib/python3.5/site-packages/pytzdata/zoneinfo/America'...
Listing './lib/python3.5/site-packages/pytzdata/zoneinfo/America/Argentina'...
Listing './lib/python3.5/site-packages/pytzdata/zoneinfo/America/Indiana'...
Listing './lib/python3.5/site-packages/pytzdata/zoneinfo/America/Kentucky'...
Listing './lib/python3.5/site-packages/pytzdata/zoneinfo/America/North_Dakota'...
Listing './lib/python3.5/site-packages/pytzdata/zoneinfo/Antarctica'...
Listing './lib/python3.5/site-packages/pytzdata/zoneinfo/Arctic'...
Listing './lib/python3.5/site-packages/pytzdata/zoneinfo/Asia'...
Listing './lib/python3.5/site-packages/pytzdata/zoneinfo/Atlantic'...
Listing './lib/python3.5/site-packages/pytzdata/zoneinfo/Australia'...
Listing './lib/python3.5/site-packages/pytzdata/zoneinfo/Brazil'...
Listing './lib/python3.5/site-packages/pytzdata/zoneinfo/Canada'...
Listing './lib/python3.5/site-packages/pytzdata/zoneinfo/Chile'...
Listing './lib/python3.5/site-packages/pytzdata/zoneinfo/Etc'...
Listing './lib/python3.5/site-packages/pytzdata/zoneinfo/Europe'...
Listing './lib/python3.5/site-packages/pytzdata/zoneinfo/Indian'...
Listing './lib/python3.5/site-packages/pytzdata/zoneinfo/Mexico'...
Listing './lib/python3.5/site-packages/pytzdata/zoneinfo/Pacific'...
Listing './lib/python3.5/site-packages/pytzdata/zoneinfo/US'...
Listing './lib/python3.5/site-packages/pytzdata-2017.3.1.dist-info'...
Listing './lib/python3.5/site-packages/ratelim'...
Listing './lib/python3.5/site-packages/ratelim-0.1.6.dist-info'...
Listing './lib/python3.5/site-packages/regex-2018.1.10.egg-info'...
Listing './lib/python3.5/site-packages/requests'...
Listing './lib/python3.5/site-packages/requests-2.18.4.dist-info'...
Listing './lib/python3.5/site-packages/ruamel'...
Listing './lib/python3.5/site-packages/ruamel/yaml'...
Listing './lib/python3.5/site-packages/ruamel.yaml-0.15.35.dist-info'...
Listing './lib/python3.5/site-packages/setuptools'...
Listing './lib/python3.5/site-packages/setuptools/command'...
Listing './lib/python3.5/site-packages/setuptools/extern'...
Listing './lib/python3.5/site-packages/setuptools-32.3.1.dist-info'...
Listing './lib/python3.5/site-packages/six-1.11.0.dist-info'...
Listing './lib/python3.5/site-packages/tzlocal'...
Listing './lib/python3.5/site-packages/tzlocal/test_data'...
Listing './lib/python3.5/site-packages/tzlocal/test_data/localtime'...
Listing './lib/python3.5/site-packages/tzlocal/test_data/localtime/etc'...
Listing './lib/python3.5/site-packages/tzlocal/test_data/symlink_localtime'...
Listing './lib/python3.5/site-packages/tzlocal/test_data/symlink_localtime/etc'...
Listing './lib/python3.5/site-packages/tzlocal/test_data/symlink_localtime/usr'...
Listing './lib/python3.5/site-packages/tzlocal/test_data/symlink_localtime/usr/share'...
Listing './lib/python3.5/site-packages/tzlocal/test_data/symlink_localtime/usr/share/zoneinfo'...
Listing './lib/python3.5/site-packages/tzlocal/test_data/symlink_localtime/usr/share/zoneinfo/Africa'...
Listing './lib/python3.5/site-packages/tzlocal/test_data/timezone'...
Listing './lib/python3.5/site-packages/tzlocal/test_data/timezone/etc'...
Listing './lib/python3.5/site-packages/tzlocal/test_data/timezone_setting'...
Listing './lib/python3.5/site-packages/tzlocal/test_data/timezone_setting/etc'...
Listing './lib/python3.5/site-packages/tzlocal/test_data/timezone_setting/etc/conf.d'...
Listing './lib/python3.5/site-packages/tzlocal/test_data/vardbzoneinfo'...
Listing './lib/python3.5/site-packages/tzlocal/test_data/vardbzoneinfo/var'...
Listing './lib/python3.5/site-packages/tzlocal/test_data/vardbzoneinfo/var/db'...
Listing './lib/python3.5/site-packages/tzlocal/test_data/zone_setting'...
Listing './lib/python3.5/site-packages/tzlocal/test_data/zone_setting/etc'...
Listing './lib/python3.5/site-packages/tzlocal/test_data/zone_setting/etc/sysconfig'...
Listing './lib/python3.5/site-packages/tzlocal-1.5.1.egg-info'...
Listing './lib/python3.5/site-packages/urllib3'...
Listing './lib/python3.5/site-packages/urllib3/contrib'...
Listing './lib/python3.5/site-packages/urllib3/contrib/_securetransport'...
Listing './lib/python3.5/site-packages/urllib3/packages'...
Listing './lib/python3.5/site-packages/urllib3/packages/backports'...
Listing './lib/python3.5/site-packages/urllib3/packages/ssl_match_hostname'...
Listing './lib/python3.5/site-packages/urllib3/util'...
Listing './lib/python3.5/site-packages/urllib3-1.22.dist-info'...
Listing './share'...
Listing './share/python-wheels'...
