Listing '.'...
Listing './bin'...
Listing './include'...
Listing './lib'...
Listing './lib/python3.5'...
Listing './lib/python3.5/site-packages'...
Listing './lib/python3.5/site-packages/Automat-0.6.0.dist-info'...
Listing './lib/python3.5/site-packages/Twisted-17.9.0.egg-info'...
Listing './lib/python3.5/site-packages/anycall'...
Listing './lib/python3.5/site-packages/anycall-0.3.0.egg-info'...
Listing './lib/python3.5/site-packages/argparse-1.4.0.dist-info'...
Listing './lib/python3.5/site-packages/astor'...
Listing './lib/python3.5/site-packages/astor-0.6.2.dist-info'...
Listing './lib/python3.5/site-packages/attr'...
Listing './lib/python3.5/site-packages/attrs-17.4.0.dist-info'...
Listing './lib/python3.5/site-packages/automat'...
Listing './lib/python3.5/site-packages/automat/_test'...
Listing './lib/python3.5/site-packages/bidict'...
Listing './lib/python3.5/site-packages/bidict-0.14.2.egg-info'...
Listing './lib/python3.5/site-packages/constantly'...
Listing './lib/python3.5/site-packages/constantly-15.1.0.dist-info'...
Listing './lib/python3.5/site-packages/enum'...
Listing './lib/python3.5/site-packages/enum34-1.1.6.dist-info'...
Listing './lib/python3.5/site-packages/exampleproj'...
Listing './lib/python3.5/site-packages/frozendict'...
Listing './lib/python3.5/site-packages/frozendict-1.2.egg-info'...
Listing './lib/python3.5/site-packages/hyperlink'...
Listing './lib/python3.5/site-packages/hyperlink/test'...
Listing './lib/python3.5/site-packages/hyperlink-17.3.1.dist-info'...
Listing './lib/python3.5/site-packages/incremental'...
Listing './lib/python3.5/site-packages/incremental/tests'...
Listing './lib/python3.5/site-packages/incremental-17.5.0.dist-info'...
Listing './lib/python3.5/site-packages/linecache2'...
Listing './lib/python3.5/site-packages/linecache2/tests'...
Listing './lib/python3.5/site-packages/linecache2-1.0.0.dist-info'...
Listing './lib/python3.5/site-packages/mock'...
Listing './lib/python3.5/site-packages/mock/tests'...
Listing './lib/python3.5/site-packages/mock-2.0.0.dist-info'...
Listing './lib/python3.5/site-packages/pbr'...
Listing './lib/python3.5/site-packages/pbr/cmd'...
Listing './lib/python3.5/site-packages/pbr/hooks'...
Listing './lib/python3.5/site-packages/pbr/tests'...
Listing './lib/python3.5/site-packages/pbr/tests/testpackage'...
Listing './lib/python3.5/site-packages/pbr/tests/testpackage/data_files'...
Listing './lib/python3.5/site-packages/pbr/tests/testpackage/doc'...
Listing './lib/python3.5/site-packages/pbr/tests/testpackage/doc/source'...
Listing './lib/python3.5/site-packages/pbr/tests/testpackage/pbr_testpackage'...
Listing './lib/python3.5/site-packages/pbr/tests/testpackage/pbr_testpackage/package_data'...
Listing './lib/python3.5/site-packages/pbr/tests/testpackage/src'...
Listing './lib/python3.5/site-packages/pbr-3.1.1.dist-info'...
Listing './lib/python3.5/site-packages/pip'...
Listing './lib/python3.5/site-packages/pip/_vendor'...
Listing './lib/python3.5/site-packages/pip/commands'...
Listing './lib/python3.5/site-packages/pip/compat'...
Listing './lib/python3.5/site-packages/pip/models'...
Listing './lib/python3.5/site-packages/pip/operations'...
Listing './lib/python3.5/site-packages/pip/req'...
Listing './lib/python3.5/site-packages/pip/utils'...
Listing './lib/python3.5/site-packages/pip/vcs'...
Listing './lib/python3.5/site-packages/pip-9.0.1.dist-info'...
Listing './lib/python3.5/site-packages/pkg_resources'...
Listing './lib/python3.5/site-packages/pkg_resources/_vendor'...
Listing './lib/python3.5/site-packages/pkg_resources/_vendor/packaging'...
Listing './lib/python3.5/site-packages/pkg_resources/extern'...
Listing './lib/python3.5/site-packages/pkg_resources-0.0.0.dist-info'...
Listing './lib/python3.5/site-packages/setuptools'...
Listing './lib/python3.5/site-packages/setuptools/command'...
Listing './lib/python3.5/site-packages/setuptools/extern'...
Listing './lib/python3.5/site-packages/setuptools-32.3.1.dist-info'...
Listing './lib/python3.5/site-packages/six-1.11.0.dist-info'...
Listing './lib/python3.5/site-packages/sortedcontainers'...
Listing './lib/python3.5/site-packages/sortedcontainers-1.5.9.dist-info'...
Listing './lib/python3.5/site-packages/traceback2'...
Listing './lib/python3.5/site-packages/traceback2/tests'...
Listing './lib/python3.5/site-packages/traceback2-1.4.0.dist-info'...
Listing './lib/python3.5/site-packages/twisted'...
Listing './lib/python3.5/site-packages/twisted/_threads'...
Listing './lib/python3.5/site-packages/twisted/_threads/test'...
Listing './lib/python3.5/site-packages/twisted/application'...
Listing './lib/python3.5/site-packages/twisted/application/runner'...
Listing './lib/python3.5/site-packages/twisted/application/runner/test'...
Listing './lib/python3.5/site-packages/twisted/application/test'...
Listing './lib/python3.5/site-packages/twisted/application/twist'...
Listing './lib/python3.5/site-packages/twisted/application/twist/test'...
Listing './lib/python3.5/site-packages/twisted/conch'...
Listing './lib/python3.5/site-packages/twisted/conch/client'...
Listing './lib/python3.5/site-packages/twisted/conch/insults'...
Listing './lib/python3.5/site-packages/twisted/conch/openssh_compat'...
Listing './lib/python3.5/site-packages/twisted/conch/scripts'...
Listing './lib/python3.5/site-packages/twisted/conch/ssh'...
Listing './lib/python3.5/site-packages/twisted/conch/test'...
Listing './lib/python3.5/site-packages/twisted/conch/ui'...
Listing './lib/python3.5/site-packages/twisted/cred'...
Listing './lib/python3.5/site-packages/twisted/cred/test'...
Listing './lib/python3.5/site-packages/twisted/enterprise'...
Listing './lib/python3.5/site-packages/twisted/internet'...
Listing './lib/python3.5/site-packages/twisted/internet/iocpreactor'...
Listing './lib/python3.5/site-packages/twisted/internet/iocpreactor/iocpsupport'...
Listing './lib/python3.5/site-packages/twisted/internet/test'...
Listing './lib/python3.5/site-packages/twisted/internet/test/fake_CAs'...
Listing './lib/python3.5/site-packages/twisted/logger'...
Listing './lib/python3.5/site-packages/twisted/logger/test'...
Listing './lib/python3.5/site-packages/twisted/mail'...
Listing './lib/python3.5/site-packages/twisted/mail/test'...
Listing './lib/python3.5/site-packages/twisted/names'...
Listing './lib/python3.5/site-packages/twisted/names/test'...
Listing './lib/python3.5/site-packages/twisted/pair'...
Listing './lib/python3.5/site-packages/twisted/pair/test'...
Listing './lib/python3.5/site-packages/twisted/persisted'...
Listing './lib/python3.5/site-packages/twisted/persisted/test'...
Listing './lib/python3.5/site-packages/twisted/plugins'...
Listing './lib/python3.5/site-packages/twisted/positioning'...
Listing './lib/python3.5/site-packages/twisted/positioning/test'...
Listing './lib/python3.5/site-packages/twisted/protocols'...
Listing './lib/python3.5/site-packages/twisted/protocols/haproxy'...
Listing './lib/python3.5/site-packages/twisted/protocols/haproxy/test'...
Listing './lib/python3.5/site-packages/twisted/protocols/test'...
Listing './lib/python3.5/site-packages/twisted/python'...
Listing './lib/python3.5/site-packages/twisted/python/_pydoctortemplates'...
Listing './lib/python3.5/site-packages/twisted/python/test'...
Listing './lib/python3.5/site-packages/twisted/runner'...
Listing './lib/python3.5/site-packages/twisted/runner/test'...
Listing './lib/python3.5/site-packages/twisted/scripts'...
Listing './lib/python3.5/site-packages/twisted/scripts/test'...
Listing './lib/python3.5/site-packages/twisted/spread'...
Listing './lib/python3.5/site-packages/twisted/spread/test'...
Listing './lib/python3.5/site-packages/twisted/tap'...
Listing './lib/python3.5/site-packages/twisted/test'...
Listing './lib/python3.5/site-packages/twisted/trial'...
Listing './lib/python3.5/site-packages/twisted/trial/_dist'...
Listing './lib/python3.5/site-packages/twisted/trial/_dist/test'...
Listing './lib/python3.5/site-packages/twisted/trial/test'...
Listing './lib/python3.5/site-packages/twisted/web'...
Listing './lib/python3.5/site-packages/twisted/web/_auth'...
Listing './lib/python3.5/site-packages/twisted/web/test'...
Listing './lib/python3.5/site-packages/twisted/words'...
Listing './lib/python3.5/site-packages/twisted/words/im'...
Listing './lib/python3.5/site-packages/twisted/words/protocols'...
Listing './lib/python3.5/site-packages/twisted/words/protocols/jabber'...
Listing './lib/python3.5/site-packages/twisted/words/test'...
Listing './lib/python3.5/site-packages/twisted/words/xish'...
Listing './lib/python3.5/site-packages/twistit'...
Listing './lib/python3.5/site-packages/twistit-0.2.2.egg-info'...
Listing './lib/python3.5/site-packages/unittest2'...
Listing './lib/python3.5/site-packages/unittest2/test'...
Listing './lib/python3.5/site-packages/unittest2-1.1.0.dist-info'...
Listing './lib/python3.5/site-packages/utwist'...
Listing './lib/python3.5/site-packages/utwist-0.1.3.egg-info'...
Listing './lib/python3.5/site-packages/zope'...
Listing './lib/python3.5/site-packages/zope/interface'...
Listing './lib/python3.5/site-packages/zope/interface/common'...
Listing './lib/python3.5/site-packages/zope/interface/common/tests'...
Listing './lib/python3.5/site-packages/zope/interface/tests'...
Listing './lib/python3.5/site-packages/zope.interface-4.4.3.dist-info'...
Listing './share'...
Listing './share/python-wheels'...
