Listing '.'...
Listing './bin'...
Listing './include'...
Listing './lib'...
Listing './lib/python3.5'...
Listing './lib/python3.5/site-packages'...
Listing './lib/python3.5/site-packages/pip'...
Listing './lib/python3.5/site-packages/pip/_vendor'...
Listing './lib/python3.5/site-packages/pip/commands'...
Listing './lib/python3.5/site-packages/pip/compat'...
Listing './lib/python3.5/site-packages/pip/models'...
Listing './lib/python3.5/site-packages/pip/operations'...
Listing './lib/python3.5/site-packages/pip/req'...
Listing './lib/python3.5/site-packages/pip/utils'...
Listing './lib/python3.5/site-packages/pip/vcs'...
Listing './lib/python3.5/site-packages/pip-9.0.1.dist-info'...
Listing './lib/python3.5/site-packages/pkg_resources'...
Listing './lib/python3.5/site-packages/pkg_resources/_vendor'...
Listing './lib/python3.5/site-packages/pkg_resources/_vendor/packaging'...
Listing './lib/python3.5/site-packages/pkg_resources/extern'...
Listing './lib/python3.5/site-packages/pkg_resources-0.0.0.dist-info'...
Listing './lib/python3.5/site-packages/pylabs_pyramid_scaffolds'...
Listing './lib/python3.5/site-packages/pylabs_pyramid_scaffolds/scaffolds'...
Listing './lib/python3.5/site-packages/pylabs_pyramid_scaffolds/scaffolds/pylabs_full'...
Listing './lib/python3.5/site-packages/pylabs_pyramid_scaffolds/scaffolds/pylabs_full/+package+'...
Listing './lib/python3.5/site-packages/pylabs_pyramid_scaffolds/scaffolds/pylabs_full/+package+/locale'...
Listing './lib/python3.5/site-packages/pylabs_pyramid_scaffolds/scaffolds/pylabs_full/+package+/static'...
Listing './lib/python3.5/site-packages/pylabs_pyramid_scaffolds/scaffolds/pylabs_full/+package+/static/css'...
Listing './lib/python3.5/site-packages/pylabs_pyramid_scaffolds/scaffolds/pylabs_full/+package+/static/fonts'...
Listing './lib/python3.5/site-packages/pylabs_pyramid_scaffolds/scaffolds/pylabs_full/+package+/static/js'...
Listing './lib/python3.5/site-packages/pylabs_pyramid_scaffolds/scaffolds/pylabs_full/+package+/templates'...
Listing './lib/python3.5/site-packages/pylabs_pyramid_scaffolds/scaffolds/pylabs_starter'...
Listing './lib/python3.5/site-packages/pylabs_pyramid_scaffolds/scaffolds/pylabs_starter/+package+'...
Listing './lib/python3.5/site-packages/pylabs_pyramid_scaffolds/scaffolds/pylabs_starter/+package+/static'...
Listing './lib/python3.5/site-packages/pylabs_pyramid_scaffolds/scaffolds/pylabs_starter/+package+/templates'...
Listing './lib/python3.5/site-packages/pylabs_pyramid_scaffolds-1.9.1.dist-info'...
Listing './lib/python3.5/site-packages/setuptools'...
Listing './lib/python3.5/site-packages/setuptools/command'...
Listing './lib/python3.5/site-packages/setuptools/extern'...
Listing './lib/python3.5/site-packages/setuptools-32.3.1.dist-info'...
Listing './share'...
Listing './share/python-wheels'...
