Listing '.'...
Listing './bin'...
Compiling './bin/mibdump.py'...
Compiling './bin/miniterm.py'...
Listing './include'...
Listing './lib'...
Listing './lib/python3.5'...
Listing './lib/python3.5/site-packages'...
Listing './lib/python3.5/site-packages/.libs_cffi_backend'...
Listing './lib/python3.5/site-packages/Cryptodome'...
Listing './lib/python3.5/site-packages/Cryptodome/Cipher'...
Listing './lib/python3.5/site-packages/Cryptodome/Hash'...
Listing './lib/python3.5/site-packages/Cryptodome/IO'...
Listing './lib/python3.5/site-packages/Cryptodome/Math'...
Listing './lib/python3.5/site-packages/Cryptodome/Protocol'...
Listing './lib/python3.5/site-packages/Cryptodome/PublicKey'...
Listing './lib/python3.5/site-packages/Cryptodome/Random'...
Listing './lib/python3.5/site-packages/Cryptodome/SelfTest'...
Listing './lib/python3.5/site-packages/Cryptodome/SelfTest/Cipher'...
Listing './lib/python3.5/site-packages/Cryptodome/SelfTest/Cipher/test_vectors'...
Listing './lib/python3.5/site-packages/Cryptodome/SelfTest/Cipher/test_vectors/AES'...
Listing './lib/python3.5/site-packages/Cryptodome/SelfTest/Cipher/test_vectors/TDES'...
Listing './lib/python3.5/site-packages/Cryptodome/SelfTest/Hash'...
Listing './lib/python3.5/site-packages/Cryptodome/SelfTest/Hash/test_vectors'...
Listing './lib/python3.5/site-packages/Cryptodome/SelfTest/Hash/test_vectors/BLAKE2b'...
Listing './lib/python3.5/site-packages/Cryptodome/SelfTest/Hash/test_vectors/BLAKE2s'...
Listing './lib/python3.5/site-packages/Cryptodome/SelfTest/Hash/test_vectors/SHA3'...
Listing './lib/python3.5/site-packages/Cryptodome/SelfTest/Hash/test_vectors/keccak'...
Listing './lib/python3.5/site-packages/Cryptodome/SelfTest/IO'...
Listing './lib/python3.5/site-packages/Cryptodome/SelfTest/Math'...
Listing './lib/python3.5/site-packages/Cryptodome/SelfTest/Protocol'...
Listing './lib/python3.5/site-packages/Cryptodome/SelfTest/PublicKey'...
Listing './lib/python3.5/site-packages/Cryptodome/SelfTest/PublicKey/test_vectors'...
Listing './lib/python3.5/site-packages/Cryptodome/SelfTest/PublicKey/test_vectors/ECC'...
Listing './lib/python3.5/site-packages/Cryptodome/SelfTest/Random'...
Listing './lib/python3.5/site-packages/Cryptodome/SelfTest/Signature'...
Listing './lib/python3.5/site-packages/Cryptodome/SelfTest/Signature/test_vectors'...
Listing './lib/python3.5/site-packages/Cryptodome/SelfTest/Signature/test_vectors/DSA'...
Listing './lib/python3.5/site-packages/Cryptodome/SelfTest/Signature/test_vectors/ECDSA'...
Listing './lib/python3.5/site-packages/Cryptodome/SelfTest/Signature/test_vectors/PKCS1-PSS'...
Listing './lib/python3.5/site-packages/Cryptodome/SelfTest/Signature/test_vectors/PKCS1-v1.5'...
Listing './lib/python3.5/site-packages/Cryptodome/SelfTest/Util'...
Listing './lib/python3.5/site-packages/Cryptodome/Signature'...
Listing './lib/python3.5/site-packages/Cryptodome/Util'...
Listing './lib/python3.5/site-packages/PyNaCl-1.2.1.dist-info'...
Listing './lib/python3.5/site-packages/PyYAML-3.12.egg-info'...
Listing './lib/python3.5/site-packages/asn1crypto'...
Listing './lib/python3.5/site-packages/asn1crypto/_perf'...
Listing './lib/python3.5/site-packages/asn1crypto-0.24.0.dist-info'...
Listing './lib/python3.5/site-packages/bcrypt'...
Listing './lib/python3.5/site-packages/bcrypt-3.1.4.dist-info'...
Listing './lib/python3.5/site-packages/cffi'...
Listing './lib/python3.5/site-packages/cffi-1.11.3.dist-info'...
Listing './lib/python3.5/site-packages/cryptography'...
Listing './lib/python3.5/site-packages/cryptography/hazmat'...
Listing './lib/python3.5/site-packages/cryptography/hazmat/backends'...
Listing './lib/python3.5/site-packages/cryptography/hazmat/backends/openssl'...
Listing './lib/python3.5/site-packages/cryptography/hazmat/bindings'...
Listing './lib/python3.5/site-packages/cryptography/hazmat/bindings/openssl'...
Listing './lib/python3.5/site-packages/cryptography/hazmat/primitives'...
Listing './lib/python3.5/site-packages/cryptography/hazmat/primitives/asymmetric'...
Listing './lib/python3.5/site-packages/cryptography/hazmat/primitives/ciphers'...
Listing './lib/python3.5/site-packages/cryptography/hazmat/primitives/kdf'...
Listing './lib/python3.5/site-packages/cryptography/hazmat/primitives/twofactor'...
Listing './lib/python3.5/site-packages/cryptography/x509'...
Listing './lib/python3.5/site-packages/cryptography-2.1.4.dist-info'...
Listing './lib/python3.5/site-packages/idna'...
Listing './lib/python3.5/site-packages/idna-2.6.dist-info'...
Listing './lib/python3.5/site-packages/nacl'...
Listing './lib/python3.5/site-packages/nacl/bindings'...
Listing './lib/python3.5/site-packages/nacl/pwhash'...
Listing './lib/python3.5/site-packages/netaddr'...
Listing './lib/python3.5/site-packages/netaddr/contrib'...
Listing './lib/python3.5/site-packages/netaddr/eui'...
Listing './lib/python3.5/site-packages/netaddr/ip'...
Listing './lib/python3.5/site-packages/netaddr/strategy'...
Listing './lib/python3.5/site-packages/netaddr-0.7.19.dist-info'...
Listing './lib/python3.5/site-packages/netmiko'...
Listing './lib/python3.5/site-packages/netmiko/_textfsm'...
Listing './lib/python3.5/site-packages/netmiko/a10'...
Listing './lib/python3.5/site-packages/netmiko/accedian'...
Listing './lib/python3.5/site-packages/netmiko/alcatel'...
Listing './lib/python3.5/site-packages/netmiko/arista'...
Listing './lib/python3.5/site-packages/netmiko/aruba'...
Listing './lib/python3.5/site-packages/netmiko/avaya'...
Listing './lib/python3.5/site-packages/netmiko/brocade'...
Listing './lib/python3.5/site-packages/netmiko/calix'...
Listing './lib/python3.5/site-packages/netmiko/checkpoint'...
Listing './lib/python3.5/site-packages/netmiko/ciena'...
Listing './lib/python3.5/site-packages/netmiko/cisco'...
Listing './lib/python3.5/site-packages/netmiko/coriant'...
Listing './lib/python3.5/site-packages/netmiko/dell'...
Listing './lib/python3.5/site-packages/netmiko/eltex'...
Listing './lib/python3.5/site-packages/netmiko/enterasys'...
Listing './lib/python3.5/site-packages/netmiko/extreme'...
Listing './lib/python3.5/site-packages/netmiko/f5'...
Listing './lib/python3.5/site-packages/netmiko/fortinet'...
Listing './lib/python3.5/site-packages/netmiko/hp'...
Listing './lib/python3.5/site-packages/netmiko/huawei'...
Listing './lib/python3.5/site-packages/netmiko/juniper'...
Listing './lib/python3.5/site-packages/netmiko/linux'...
Listing './lib/python3.5/site-packages/netmiko/mellanox'...
Listing './lib/python3.5/site-packages/netmiko/mrv'...
Listing './lib/python3.5/site-packages/netmiko/netapp'...
Listing './lib/python3.5/site-packages/netmiko/ovs'...
Listing './lib/python3.5/site-packages/netmiko/paloalto'...
Listing './lib/python3.5/site-packages/netmiko/pluribus'...
Listing './lib/python3.5/site-packages/netmiko/quanta'...
Listing './lib/python3.5/site-packages/netmiko/ruckus'...
Listing './lib/python3.5/site-packages/netmiko/terminal_server'...
Listing './lib/python3.5/site-packages/netmiko/ubiquiti'...
Listing './lib/python3.5/site-packages/netmiko/vyos'...
Listing './lib/python3.5/site-packages/netmiko-2.0.1.egg-info'...
Listing './lib/python3.5/site-packages/paramiko'...
Listing './lib/python3.5/site-packages/paramiko-2.4.0.dist-info'...
Listing './lib/python3.5/site-packages/pip'...
Listing './lib/python3.5/site-packages/pip/_vendor'...
Listing './lib/python3.5/site-packages/pip/commands'...
Listing './lib/python3.5/site-packages/pip/compat'...
Listing './lib/python3.5/site-packages/pip/models'...
Listing './lib/python3.5/site-packages/pip/operations'...
Listing './lib/python3.5/site-packages/pip/req'...
Listing './lib/python3.5/site-packages/pip/utils'...
Listing './lib/python3.5/site-packages/pip/vcs'...
Listing './lib/python3.5/site-packages/pip-9.0.1.dist-info'...
Listing './lib/python3.5/site-packages/pkg_resources'...
Listing './lib/python3.5/site-packages/pkg_resources/_vendor'...
Listing './lib/python3.5/site-packages/pkg_resources/_vendor/packaging'...
Listing './lib/python3.5/site-packages/pkg_resources/extern'...
Listing './lib/python3.5/site-packages/pkg_resources-0.0.0.dist-info'...
Listing './lib/python3.5/site-packages/ply'...
Listing './lib/python3.5/site-packages/ply-3.10.egg-info'...
Listing './lib/python3.5/site-packages/pyasn1'...
Listing './lib/python3.5/site-packages/pyasn1/codec'...
Listing './lib/python3.5/site-packages/pyasn1/codec/ber'...
Listing './lib/python3.5/site-packages/pyasn1/codec/cer'...
Listing './lib/python3.5/site-packages/pyasn1/codec/der'...
Listing './lib/python3.5/site-packages/pyasn1/codec/native'...
Listing './lib/python3.5/site-packages/pyasn1/compat'...
Listing './lib/python3.5/site-packages/pyasn1/type'...
Listing './lib/python3.5/site-packages/pyasn1-0.4.2.dist-info'...
Listing './lib/python3.5/site-packages/pycparser'...
Listing './lib/python3.5/site-packages/pycparser/ply'...
Listing './lib/python3.5/site-packages/pycparser-2.18.egg-info'...
Listing './lib/python3.5/site-packages/pycryptodomex-3.4.7.egg-info'...
Listing './lib/python3.5/site-packages/pynoc'...
Listing './lib/python3.5/site-packages/pynoc-1.5.1.egg-info'...
Listing './lib/python3.5/site-packages/pyserial-3.4.dist-info'...
Listing './lib/python3.5/site-packages/pysmi'...
Listing './lib/python3.5/site-packages/pysmi/borrower'...
Listing './lib/python3.5/site-packages/pysmi/codegen'...
Listing './lib/python3.5/site-packages/pysmi/lexer'...
Listing './lib/python3.5/site-packages/pysmi/parser'...
Listing './lib/python3.5/site-packages/pysmi/reader'...
Listing './lib/python3.5/site-packages/pysmi/searcher'...
Listing './lib/python3.5/site-packages/pysmi/writer'...
Listing './lib/python3.5/site-packages/pysmi-0.2.2.dist-info'...
Listing './lib/python3.5/site-packages/pysnmp'...
Listing './lib/python3.5/site-packages/pysnmp/carrier'...
Listing './lib/python3.5/site-packages/pysnmp/carrier/asyncio'...
Listing './lib/python3.5/site-packages/pysnmp/carrier/asyncio/dgram'...
Listing './lib/python3.5/site-packages/pysnmp/carrier/asyncore'...
Listing './lib/python3.5/site-packages/pysnmp/carrier/asyncore/dgram'...
Listing './lib/python3.5/site-packages/pysnmp/carrier/asynsock'...
Listing './lib/python3.5/site-packages/pysnmp/carrier/asynsock/dgram'...
Listing './lib/python3.5/site-packages/pysnmp/carrier/twisted'...
Listing './lib/python3.5/site-packages/pysnmp/carrier/twisted/dgram'...
Listing './lib/python3.5/site-packages/pysnmp/entity'...
Listing './lib/python3.5/site-packages/pysnmp/entity/rfc3413'...
Listing './lib/python3.5/site-packages/pysnmp/entity/rfc3413/oneliner'...
Listing './lib/python3.5/site-packages/pysnmp/hlapi'...
Listing './lib/python3.5/site-packages/pysnmp/hlapi/asyncio'...
Listing './lib/python3.5/site-packages/pysnmp/hlapi/asyncore'...
Listing './lib/python3.5/site-packages/pysnmp/hlapi/asyncore/sync'...
Listing './lib/python3.5/site-packages/pysnmp/hlapi/asyncore/sync/compat'...
Listing './lib/python3.5/site-packages/pysnmp/hlapi/twisted'...
Listing './lib/python3.5/site-packages/pysnmp/proto'...
Listing './lib/python3.5/site-packages/pysnmp/proto/acmod'...
Listing './lib/python3.5/site-packages/pysnmp/proto/api'...
Listing './lib/python3.5/site-packages/pysnmp/proto/mpmod'...
Listing './lib/python3.5/site-packages/pysnmp/proto/proxy'...
Listing './lib/python3.5/site-packages/pysnmp/proto/secmod'...
Listing './lib/python3.5/site-packages/pysnmp/proto/secmod/eso'...
Listing './lib/python3.5/site-packages/pysnmp/proto/secmod/eso/priv'...
Listing './lib/python3.5/site-packages/pysnmp/proto/secmod/rfc3414'...
Listing './lib/python3.5/site-packages/pysnmp/proto/secmod/rfc3414/auth'...
Listing './lib/python3.5/site-packages/pysnmp/proto/secmod/rfc3414/priv'...
Listing './lib/python3.5/site-packages/pysnmp/proto/secmod/rfc3826'...
Listing './lib/python3.5/site-packages/pysnmp/proto/secmod/rfc3826/priv'...
Listing './lib/python3.5/site-packages/pysnmp/proto/secmod/rfc7860'...
Listing './lib/python3.5/site-packages/pysnmp/proto/secmod/rfc7860/auth'...
Listing './lib/python3.5/site-packages/pysnmp/smi'...
Listing './lib/python3.5/site-packages/pysnmp/smi/mibs'...
Listing './lib/python3.5/site-packages/pysnmp/smi/mibs/instances'...
Listing './lib/python3.5/site-packages/pysnmp-4.4.4.dist-info'...
Listing './lib/python3.5/site-packages/retrying-1.3.3.egg-info'...
Listing './lib/python3.5/site-packages/scp-0.10.2.dist-info'...
Listing './lib/python3.5/site-packages/serial'...
Listing './lib/python3.5/site-packages/serial/threaded'...
Listing './lib/python3.5/site-packages/serial/tools'...
Listing './lib/python3.5/site-packages/serial/urlhandler'...
Listing './lib/python3.5/site-packages/setuptools'...
Listing './lib/python3.5/site-packages/setuptools/command'...
Listing './lib/python3.5/site-packages/setuptools/extern'...
Listing './lib/python3.5/site-packages/setuptools-32.3.1.dist-info'...
Listing './lib/python3.5/site-packages/six-1.11.0.dist-info'...
Listing './lib/python3.5/site-packages/textfsm-0.3.2.egg-info'...
Listing './lib/python3.5/site-packages/yaml'...
Listing './share'...
Listing './share/python-wheels'...
