Listing '.'...
Listing './bin'...
Compiling './bin/runxlrd.py'...
Listing './include'...
Listing './include/site'...
Listing './include/site/python3.5'...
Listing './include/site/python3.5/persistent'...
Listing './lib'...
Listing './lib/python3.5'...
Listing './lib/python3.5/site-packages'...
Listing './lib/python3.5/site-packages/BTrees'...
Listing './lib/python3.5/site-packages/BTrees/tests'...
Listing './lib/python3.5/site-packages/BTrees-4.0.8.egg-info'...
Listing './lib/python3.5/site-packages/Pint-0.8.1.egg-info'...
Listing './lib/python3.5/site-packages/PyOpenWorm-0.7.1-py3.5.egg'...
Listing './lib/python3.5/site-packages/PyOpenWorm-0.7.1-py3.5.egg/EGG-INFO'...
Listing './lib/python3.5/site-packages/PyOpenWorm-0.7.1-py3.5.egg/PyOpenWorm'...
Listing './lib/python3.5/site-packages/SPARQLWrapper'...
Listing './lib/python3.5/site-packages/SPARQLWrapper-1.6.2.egg-info'...
Listing './lib/python3.5/site-packages/YAROM-0.10.0.egg-info'...
Listing './lib/python3.5/site-packages/ZConfig'...
Listing './lib/python3.5/site-packages/ZConfig/components'...
Listing './lib/python3.5/site-packages/ZConfig/components/basic'...
Listing './lib/python3.5/site-packages/ZConfig/components/basic/tests'...
Listing './lib/python3.5/site-packages/ZConfig/components/logger'...
Listing './lib/python3.5/site-packages/ZConfig/components/logger/tests'...
Listing './lib/python3.5/site-packages/ZConfig/tests'...
Listing './lib/python3.5/site-packages/ZConfig/tests/input'...
Listing './lib/python3.5/site-packages/ZConfig/tests/library'...
Listing './lib/python3.5/site-packages/ZConfig/tests/library/thing'...
Listing './lib/python3.5/site-packages/ZConfig/tests/library/thing/extras'...
Listing './lib/python3.5/site-packages/ZConfig/tests/library/widget'...
Listing './lib/python3.5/site-packages/ZConfig/tests/zipsource'...
Listing './lib/python3.5/site-packages/ZConfig/tests/zipsource/foo'...
Listing './lib/python3.5/site-packages/ZConfig/tests/zipsource/foo/sample'...
Listing './lib/python3.5/site-packages/ZConfig-3.0.4.egg-info'...
Listing './lib/python3.5/site-packages/ZODB'...
Listing './lib/python3.5/site-packages/ZODB/FileStorage'...
Listing './lib/python3.5/site-packages/ZODB/scripts'...
Listing './lib/python3.5/site-packages/ZODB/scripts/manual_tests'...
Listing './lib/python3.5/site-packages/ZODB/scripts/tests'...
Listing './lib/python3.5/site-packages/ZODB/tests'...
Listing './lib/python3.5/site-packages/ZODB-4.1.0.egg-info'...
Listing './lib/python3.5/site-packages/_pytest'...
Listing './lib/python3.5/site-packages/_pytest/_code'...
Listing './lib/python3.5/site-packages/_pytest/assertion'...
Listing './lib/python3.5/site-packages/attr'...
Listing './lib/python3.5/site-packages/attrs-17.4.0.dist-info'...
Listing './lib/python3.5/site-packages/bibtexparser'...
Listing './lib/python3.5/site-packages/bibtexparser-0.6.1.egg-info'...
Listing './lib/python3.5/site-packages/certifi'...
Listing './lib/python3.5/site-packages/certifi-2017.11.5.dist-info'...
Listing './lib/python3.5/site-packages/chardet'...
Listing './lib/python3.5/site-packages/chardet/cli'...
Listing './lib/python3.5/site-packages/chardet-3.0.4.dist-info'...
Listing './lib/python3.5/site-packages/coverage'...
Listing './lib/python3.5/site-packages/coverage/fullcoverage'...
Listing './lib/python3.5/site-packages/coverage/htmlfiles'...
Listing './lib/python3.5/site-packages/coverage-4.4.2.dist-info'...
Listing './lib/python3.5/site-packages/decorator-3.4.0.egg-info'...
Listing './lib/python3.5/site-packages/discover-0.4.0.egg-info'...
Listing './lib/python3.5/site-packages/html5lib'...
Listing './lib/python3.5/site-packages/html5lib/filters'...
Listing './lib/python3.5/site-packages/html5lib/serializer'...
Listing './lib/python3.5/site-packages/html5lib/treeadapters'...
Listing './lib/python3.5/site-packages/html5lib/treebuilders'...
Listing './lib/python3.5/site-packages/html5lib/treewalkers'...
Listing './lib/python3.5/site-packages/html5lib/trie'...
Listing './lib/python3.5/site-packages/html5lib-0.999.egg-info'...
Listing './lib/python3.5/site-packages/idna'...
Listing './lib/python3.5/site-packages/idna-2.6.dist-info'...
Listing './lib/python3.5/site-packages/isodate'...
Listing './lib/python3.5/site-packages/isodate/tests'...
Listing './lib/python3.5/site-packages/isodate-0.5.0.egg-info'...
Listing './lib/python3.5/site-packages/lazy_object_proxy'...
Listing './lib/python3.5/site-packages/lazy_object_proxy-1.2.1.egg-info'...
Listing './lib/python3.5/site-packages/libNeuroML-0.2.36.egg-info'...
Listing './lib/python3.5/site-packages/lxml'...
Listing './lib/python3.5/site-packages/lxml/html'...
Listing './lib/python3.5/site-packages/lxml/includes'...
Listing './lib/python3.5/site-packages/lxml/includes/libexslt'...
Listing './lib/python3.5/site-packages/lxml/includes/libxml'...
Listing './lib/python3.5/site-packages/lxml/includes/libxslt'...
Listing './lib/python3.5/site-packages/lxml/isoschematron'...
Listing './lib/python3.5/site-packages/lxml/isoschematron/resources'...
Listing './lib/python3.5/site-packages/lxml/isoschematron/resources/rng'...
Listing './lib/python3.5/site-packages/lxml/isoschematron/resources/xsl'...
Listing './lib/python3.5/site-packages/lxml/isoschematron/resources/xsl/iso-schematron-xslt1'...
Listing './lib/python3.5/site-packages/lxml-4.1.1.dist-info'...
Listing './lib/python3.5/site-packages/networkx'...
Listing './lib/python3.5/site-packages/networkx/algorithms'...
Listing './lib/python3.5/site-packages/networkx/algorithms/approximation'...
Listing './lib/python3.5/site-packages/networkx/algorithms/approximation/tests'...
Listing './lib/python3.5/site-packages/networkx/algorithms/assortativity'...
Listing './lib/python3.5/site-packages/networkx/algorithms/assortativity/tests'...
Listing './lib/python3.5/site-packages/networkx/algorithms/bipartite'...
Listing './lib/python3.5/site-packages/networkx/algorithms/bipartite/tests'...
Listing './lib/python3.5/site-packages/networkx/algorithms/centrality'...
Listing './lib/python3.5/site-packages/networkx/algorithms/centrality/tests'...
Listing './lib/python3.5/site-packages/networkx/algorithms/chordal'...
Listing './lib/python3.5/site-packages/networkx/algorithms/chordal/tests'...
Listing './lib/python3.5/site-packages/networkx/algorithms/community'...
Listing './lib/python3.5/site-packages/networkx/algorithms/community/tests'...
Listing './lib/python3.5/site-packages/networkx/algorithms/components'...
Listing './lib/python3.5/site-packages/networkx/algorithms/components/tests'...
Listing './lib/python3.5/site-packages/networkx/algorithms/connectivity'...
Listing './lib/python3.5/site-packages/networkx/algorithms/connectivity/tests'...
Listing './lib/python3.5/site-packages/networkx/algorithms/flow'...
Listing './lib/python3.5/site-packages/networkx/algorithms/flow/tests'...
Listing './lib/python3.5/site-packages/networkx/algorithms/isomorphism'...
Listing './lib/python3.5/site-packages/networkx/algorithms/isomorphism/tests'...
Listing './lib/python3.5/site-packages/networkx/algorithms/link_analysis'...
Listing './lib/python3.5/site-packages/networkx/algorithms/link_analysis/tests'...
Listing './lib/python3.5/site-packages/networkx/algorithms/operators'...
Listing './lib/python3.5/site-packages/networkx/algorithms/operators/tests'...
Listing './lib/python3.5/site-packages/networkx/algorithms/shortest_paths'...
Listing './lib/python3.5/site-packages/networkx/algorithms/shortest_paths/tests'...
Listing './lib/python3.5/site-packages/networkx/algorithms/tests'...
Listing './lib/python3.5/site-packages/networkx/algorithms/traversal'...
Listing './lib/python3.5/site-packages/networkx/algorithms/traversal/tests'...
Listing './lib/python3.5/site-packages/networkx/algorithms/tree'...
Listing './lib/python3.5/site-packages/networkx/algorithms/tree/tests'...
Listing './lib/python3.5/site-packages/networkx/classes'...
Listing './lib/python3.5/site-packages/networkx/classes/tests'...
Listing './lib/python3.5/site-packages/networkx/drawing'...
Listing './lib/python3.5/site-packages/networkx/drawing/tests'...
Listing './lib/python3.5/site-packages/networkx/external'...
Listing './lib/python3.5/site-packages/networkx/generators'...
Listing './lib/python3.5/site-packages/networkx/generators/tests'...
Listing './lib/python3.5/site-packages/networkx/linalg'...
Listing './lib/python3.5/site-packages/networkx/linalg/tests'...
Listing './lib/python3.5/site-packages/networkx/readwrite'...
Listing './lib/python3.5/site-packages/networkx/readwrite/json_graph'...
Listing './lib/python3.5/site-packages/networkx/readwrite/json_graph/tests'...
Listing './lib/python3.5/site-packages/networkx/readwrite/tests'...
Listing './lib/python3.5/site-packages/networkx/testing'...
Listing './lib/python3.5/site-packages/networkx/testing/tests'...
Listing './lib/python3.5/site-packages/networkx/tests'...
Listing './lib/python3.5/site-packages/networkx/utils'...
Listing './lib/python3.5/site-packages/networkx/utils/tests'...
Listing './lib/python3.5/site-packages/networkx-1.9.dist-info'...
Listing './lib/python3.5/site-packages/neuroml'...
Listing './lib/python3.5/site-packages/neuroml/hdf5'...
Listing './lib/python3.5/site-packages/neuroml/nml'...
Listing './lib/python3.5/site-packages/neuroml/test'...
Listing './lib/python3.5/site-packages/numpydoc'...
Listing './lib/python3.5/site-packages/numpydoc/tests'...
Listing './lib/python3.5/site-packages/numpydoc-0.5.egg-info'...
Listing './lib/python3.5/site-packages/persistent'...
Listing './lib/python3.5/site-packages/persistent/tests'...
Listing './lib/python3.5/site-packages/persistent-4.0.8.egg-info'...
Listing './lib/python3.5/site-packages/pint'...
Listing './lib/python3.5/site-packages/pint/compat'...
Listing './lib/python3.5/site-packages/pint/testsuite'...
Listing './lib/python3.5/site-packages/pint/testsuite/compat'...
Listing './lib/python3.5/site-packages/pip'...
Listing './lib/python3.5/site-packages/pip/_vendor'...
Listing './lib/python3.5/site-packages/pip/commands'...
Listing './lib/python3.5/site-packages/pip/compat'...
Listing './lib/python3.5/site-packages/pip/models'...
Listing './lib/python3.5/site-packages/pip/operations'...
Listing './lib/python3.5/site-packages/pip/req'...
Listing './lib/python3.5/site-packages/pip/utils'...
Listing './lib/python3.5/site-packages/pip/vcs'...
Listing './lib/python3.5/site-packages/pip-9.0.1.dist-info'...
Listing './lib/python3.5/site-packages/pkg_resources'...
Listing './lib/python3.5/site-packages/pkg_resources/_vendor'...
Listing './lib/python3.5/site-packages/pkg_resources/_vendor/packaging'...
Listing './lib/python3.5/site-packages/pkg_resources/extern'...
Listing './lib/python3.5/site-packages/pkg_resources-0.0.0.dist-info'...
Listing './lib/python3.5/site-packages/pluggy'...
Listing './lib/python3.5/site-packages/pluggy-0.6.0.egg-info'...
Listing './lib/python3.5/site-packages/py'...
Listing './lib/python3.5/site-packages/py/_code'...
Listing './lib/python3.5/site-packages/py/_io'...
Listing './lib/python3.5/site-packages/py/_log'...
Listing './lib/python3.5/site-packages/py/_path'...
Listing './lib/python3.5/site-packages/py/_process'...
Listing './lib/python3.5/site-packages/py/_vendored_packages'...
Listing './lib/python3.5/site-packages/py-1.5.2.dist-info'...
Listing './lib/python3.5/site-packages/pyparsing-2.2.0.dist-info'...
Listing './lib/python3.5/site-packages/pytest-3.3.2.dist-info'...
Listing './lib/python3.5/site-packages/pytest_cov'...
Listing './lib/python3.5/site-packages/pytest_cov-2.0.0.dist-info'...
Listing './lib/python3.5/site-packages/rdflib'...
Listing './lib/python3.5/site-packages/rdflib/extras'...
Listing './lib/python3.5/site-packages/rdflib/plugins'...
Listing './lib/python3.5/site-packages/rdflib/plugins/parsers'...
Listing './lib/python3.5/site-packages/rdflib/plugins/parsers/pyMicrodata'...
Listing './lib/python3.5/site-packages/rdflib/plugins/parsers/pyRdfa'...
Listing './lib/python3.5/site-packages/rdflib/plugins/parsers/pyRdfa/extras'...
Listing './lib/python3.5/site-packages/rdflib/plugins/parsers/pyRdfa/host'...
Listing './lib/python3.5/site-packages/rdflib/plugins/parsers/pyRdfa/rdfs'...
Listing './lib/python3.5/site-packages/rdflib/plugins/parsers/pyRdfa/transform'...
Listing './lib/python3.5/site-packages/rdflib/plugins/serializers'...
Listing './lib/python3.5/site-packages/rdflib/plugins/sparql'...
Listing './lib/python3.5/site-packages/rdflib/plugins/sparql/results'...
Listing './lib/python3.5/site-packages/rdflib/plugins/stores'...
Listing './lib/python3.5/site-packages/rdflib/tools'...
Listing './lib/python3.5/site-packages/rdflib-4.1.2.egg-info'...
Listing './lib/python3.5/site-packages/rdflib_zodb'...
Listing './lib/python3.5/site-packages/rdflib_zodb-1.0.egg-info'...
Listing './lib/python3.5/site-packages/requests'...
Listing './lib/python3.5/site-packages/requests-2.18.4.dist-info'...
Listing './lib/python3.5/site-packages/requirements'...
Listing './lib/python3.5/site-packages/requirements-0.1.egg-info'...
Listing './lib/python3.5/site-packages/setuptools'...
Listing './lib/python3.5/site-packages/setuptools/command'...
Listing './lib/python3.5/site-packages/setuptools/extern'...
Listing './lib/python3.5/site-packages/setuptools-32.3.1.dist-info'...
Listing './lib/python3.5/site-packages/six-1.10.0.dist-info'...
Listing './lib/python3.5/site-packages/transaction'...
Listing './lib/python3.5/site-packages/transaction/tests'...
Listing './lib/python3.5/site-packages/transaction-1.4.4.egg-info'...
Listing './lib/python3.5/site-packages/urllib3'...
Listing './lib/python3.5/site-packages/urllib3/contrib'...
Listing './lib/python3.5/site-packages/urllib3/contrib/_securetransport'...
Listing './lib/python3.5/site-packages/urllib3/packages'...
Listing './lib/python3.5/site-packages/urllib3/packages/backports'...
Listing './lib/python3.5/site-packages/urllib3/packages/ssl_match_hostname'...
Listing './lib/python3.5/site-packages/urllib3/util'...
Listing './lib/python3.5/site-packages/urllib3-1.22.dist-info'...
Listing './lib/python3.5/site-packages/wrapt'...
Listing './lib/python3.5/site-packages/wrapt-1.10.11.egg-info'...
Listing './lib/python3.5/site-packages/xlrd'...
Listing './lib/python3.5/site-packages/xlrd/examples'...
Listing './lib/python3.5/site-packages/xlrd-1.1.0.dist-info'...
Listing './lib/python3.5/site-packages/yarom'...
Listing './lib/python3.5/site-packages/zc'...
Listing './lib/python3.5/site-packages/zc/lockfile'...
Listing './lib/python3.5/site-packages/zc.lockfile-1.1.0.egg-info'...
Listing './lib/python3.5/site-packages/zdaemon'...
Listing './lib/python3.5/site-packages/zdaemon/tests'...
Listing './lib/python3.5/site-packages/zdaemon-4.0.0.egg-info'...
Listing './lib/python3.5/site-packages/zodbpickle'...
Compiling './lib/python3.5/site-packages/zodbpickle/pickle_2.py'...
***   File "./lib/python3.5/site-packages/zodbpickle/pickle_2.py", line 882
    except _Stop, stopinst:
                ^
SyntaxError: invalid syntax

Compiling './lib/python3.5/site-packages/zodbpickle/pickletools_2.py'...
***   File "./lib/python3.5/site-packages/zodbpickle/pickletools_2.py", line 1803
    print "skipping %r: it doesn't look like an opcode name" % name
                                                           ^
SyntaxError: Missing parentheses in call to 'print'

Listing './lib/python3.5/site-packages/zodbpickle/tests'...
Compiling './lib/python3.5/site-packages/zodbpickle/tests/pickletester_2.py'...
***   File "./lib/python3.5/site-packages/zodbpickle/tests/pickletester_2.py", line 433
    x = [0, 1L, 2.0, 3.0+0j]
             ^
SyntaxError: invalid syntax

Listing './lib/python3.5/site-packages/zodbpickle-0.7.0.egg-info'...
Listing './lib/python3.5/site-packages/zope'...
Listing './lib/python3.5/site-packages/zope/interface'...
Listing './lib/python3.5/site-packages/zope/interface/common'...
Listing './lib/python3.5/site-packages/zope/interface/common/tests'...
Listing './lib/python3.5/site-packages/zope/interface/tests'...
Listing './lib/python3.5/site-packages/zope.interface-4.1.1.egg-info'...
Listing './share'...
Listing './share/doc'...
Listing './share/doc/networkx-1.9'...
Listing './share/doc/networkx-1.9/examples'...
Listing './share/doc/networkx-1.9/examples/3d_drawing'...
Listing './share/doc/networkx-1.9/examples/advanced'...
Listing './share/doc/networkx-1.9/examples/algorithms'...
Compiling './share/doc/networkx-1.9/examples/algorithms/rcm.py'...
***   File "./share/doc/networkx-1.9/examples/algorithms/rcm.py", line 15
    print "ordering",rcm
                   ^
SyntaxError: Missing parentheses in call to 'print'

Listing './share/doc/networkx-1.9/examples/basic'...
Listing './share/doc/networkx-1.9/examples/drawing'...
Compiling './share/doc/networkx-1.9/examples/drawing/giant_component.py'...
***   File "./share/doc/networkx-1.9/examples/drawing/giant_component.py", line 28
    print "PyGraphviz not found; drawing with spring layout; will be slow."
                                                                          ^
SyntaxError: Missing parentheses in call to 'print'

Compiling './share/doc/networkx-1.9/examples/drawing/lanl_routes.py'...
***   File "./share/doc/networkx-1.9/examples/drawing/lanl_routes.py", line 24
    print "lanl.edges not found"
                               ^
SyntaxError: Missing parentheses in call to 'print'

Listing './share/doc/networkx-1.9/examples/graph'...
Compiling './share/doc/networkx-1.9/examples/graph/degree_sequence.py'...
***   File "./share/doc/networkx-1.9/examples/graph/degree_sequence.py", line 19
    print is_valid_degree_sequence(z)
                                 ^
SyntaxError: invalid syntax

Listing './share/doc/networkx-1.9/examples/multigraph'...
Listing './share/doc/networkx-1.9/examples/pygraphviz'...
Compiling './share/doc/networkx-1.9/examples/pygraphviz/write_dotfile.py'...
***   File "./share/doc/networkx-1.9/examples/pygraphviz/write_dotfile.py", line 27
    print "pygraphviz or pydot were not found "
                                              ^
SyntaxError: Missing parentheses in call to 'print'

Listing './share/python-wheels'...
