Listing '.'...
Listing './bin'...
Listing './include'...
Listing './lib'...
Listing './lib/python3.5'...
Listing './lib/python3.5/site-packages'...
Listing './lib/python3.5/site-packages/certifi'...
Listing './lib/python3.5/site-packages/certifi-2017.11.5.dist-info'...
Listing './lib/python3.5/site-packages/chardet'...
Listing './lib/python3.5/site-packages/chardet/cli'...
Listing './lib/python3.5/site-packages/chardet-3.0.4.dist-info'...
Listing './lib/python3.5/site-packages/idna'...
Listing './lib/python3.5/site-packages/idna-2.6.dist-info'...
Listing './lib/python3.5/site-packages/pip'...
Listing './lib/python3.5/site-packages/pip/_vendor'...
Listing './lib/python3.5/site-packages/pip/commands'...
Listing './lib/python3.5/site-packages/pip/compat'...
Listing './lib/python3.5/site-packages/pip/models'...
Listing './lib/python3.5/site-packages/pip/operations'...
Listing './lib/python3.5/site-packages/pip/req'...
Listing './lib/python3.5/site-packages/pip/utils'...
Listing './lib/python3.5/site-packages/pip/vcs'...
Listing './lib/python3.5/site-packages/pip-9.0.1.dist-info'...
Listing './lib/python3.5/site-packages/pkg_resources'...
Listing './lib/python3.5/site-packages/pkg_resources/_vendor'...
Listing './lib/python3.5/site-packages/pkg_resources/_vendor/packaging'...
Listing './lib/python3.5/site-packages/pkg_resources/extern'...
Listing './lib/python3.5/site-packages/pkg_resources-0.0.0.dist-info'...
Listing './lib/python3.5/site-packages/pythonz'...
Listing './lib/python3.5/site-packages/pythonz/commands'...
Listing './lib/python3.5/site-packages/pythonz/etc'...
Listing './lib/python3.5/site-packages/pythonz/etc/bash_completion.d'...
Listing './lib/python3.5/site-packages/pythonz/installer'...
Listing './lib/python3.5/site-packages/pythonz/patches'...
Listing './lib/python3.5/site-packages/pythonz/patches/all'...
Listing './lib/python3.5/site-packages/pythonz/patches/all/common'...
Listing './lib/python3.5/site-packages/pythonz/patches/all/python24'...
Listing './lib/python3.5/site-packages/pythonz/patches/all/python25'...
Listing './lib/python3.5/site-packages/pythonz/patches/all/python26'...
Listing './lib/python3.5/site-packages/pythonz/patches/all/python30'...
Listing './lib/python3.5/site-packages/pythonz/patches/all/python32'...
Listing './lib/python3.5/site-packages/pythonz/patches/osx'...
Listing './lib/python3.5/site-packages/pythonz/patches/osx/python24'...
Listing './lib/python3.5/site-packages/pythonz/patches/osx/python25'...
Listing './lib/python3.5/site-packages/pythonz/patches/osx/python26'...
Listing './lib/python3.5/site-packages/pythonz/patches/osx/python27'...
Listing './lib/python3.5/site-packages/pythonz/patches/osx/python33'...
Listing './lib/python3.5/site-packages/pythonz_bd-1.11.4.dist-info'...
Listing './lib/python3.5/site-packages/requests'...
Listing './lib/python3.5/site-packages/requests-2.18.4.dist-info'...
Listing './lib/python3.5/site-packages/resumable'...
Listing './lib/python3.5/site-packages/resumable_urlretrieve-0.1.5.dist-info'...
Listing './lib/python3.5/site-packages/setuptools'...
Listing './lib/python3.5/site-packages/setuptools/command'...
Listing './lib/python3.5/site-packages/setuptools/extern'...
Listing './lib/python3.5/site-packages/setuptools-32.3.1.dist-info'...
Listing './lib/python3.5/site-packages/urllib3'...
Listing './lib/python3.5/site-packages/urllib3/contrib'...
Listing './lib/python3.5/site-packages/urllib3/contrib/_securetransport'...
Listing './lib/python3.5/site-packages/urllib3/packages'...
Listing './lib/python3.5/site-packages/urllib3/packages/backports'...
Listing './lib/python3.5/site-packages/urllib3/packages/ssl_match_hostname'...
Listing './lib/python3.5/site-packages/urllib3/util'...
Listing './lib/python3.5/site-packages/urllib3-1.22.dist-info'...
Listing './share'...
Listing './share/python-wheels'...
