Listing '.'...
Listing './bin'...
Compiling './bin/pwiz.py'...
Listing './include'...
Listing './lib'...
Listing './lib/python3.5'...
Listing './lib/python3.5/site-packages'...
Listing './lib/python3.5/site-packages/captains_log'...
Listing './lib/python3.5/site-packages/captains_log/backend'...
Listing './lib/python3.5/site-packages/captains_log/cli'...
Compiling './lib/python3.5/site-packages/captains_log/cli/devdebug.py'...
***   File "./lib/python3.5/site-packages/captains_log/cli/devdebug.py", line 15
    print "LANGUAGE_CODE:", settings.LANGUAGE_CODE
                         ^
SyntaxError: Missing parentheses in call to 'print'

Listing './lib/python3.5/site-packages/captains_log/conf'...
Listing './lib/python3.5/site-packages/captains_log/renderer'...
Compiling './lib/python3.5/site-packages/captains_log/test_filler.py'...
***   File "./lib/python3.5/site-packages/captains_log/test_filler.py", line 121
    print "Creating Categories"
                              ^
SyntaxError: Missing parentheses in call to 'print'

Listing './lib/python3.5/site-packages/click'...
Listing './lib/python3.5/site-packages/click-3.3.dist-info'...
Listing './lib/python3.5/site-packages/colorama'...
Listing './lib/python3.5/site-packages/colorama-0.3.2.egg-info'...
Listing './lib/python3.5/site-packages/peewee-2.4.5.egg-info'...
Listing './lib/python3.5/site-packages/pip'...
Listing './lib/python3.5/site-packages/pip/_vendor'...
Listing './lib/python3.5/site-packages/pip/commands'...
Listing './lib/python3.5/site-packages/pip/compat'...
Listing './lib/python3.5/site-packages/pip/models'...
Listing './lib/python3.5/site-packages/pip/operations'...
Listing './lib/python3.5/site-packages/pip/req'...
Listing './lib/python3.5/site-packages/pip/utils'...
Listing './lib/python3.5/site-packages/pip/vcs'...
Listing './lib/python3.5/site-packages/pip-9.0.1.dist-info'...
Listing './lib/python3.5/site-packages/pkg_resources'...
Listing './lib/python3.5/site-packages/pkg_resources/_vendor'...
Listing './lib/python3.5/site-packages/pkg_resources/_vendor/packaging'...
Listing './lib/python3.5/site-packages/pkg_resources/extern'...
Listing './lib/python3.5/site-packages/pkg_resources-0.0.0.dist-info'...
Listing './lib/python3.5/site-packages/playhouse'...
Listing './lib/python3.5/site-packages/python_captains_log-0.6.2.egg-info'...
Listing './lib/python3.5/site-packages/setuptools'...
Listing './lib/python3.5/site-packages/setuptools/command'...
Listing './lib/python3.5/site-packages/setuptools/extern'...
Listing './lib/python3.5/site-packages/setuptools-32.3.1.dist-info'...
Listing './share'...
Listing './share/python-wheels'...
