Listing '.'...
Listing './bin'...
Compiling './bin/miniterm.py'...
Listing './include'...
Listing './lib'...
Listing './lib/python3.5'...
Listing './lib/python3.5/site-packages'...
Listing './lib/python3.5/site-packages/PIL'...
Listing './lib/python3.5/site-packages/PIL/.libs'...
Listing './lib/python3.5/site-packages/Pillow-5.0.0.dist-info'...
Listing './lib/python3.5/site-packages/PyYAML-3.12.egg-info'...
Listing './lib/python3.5/site-packages/appdirs-1.4.3.dist-info'...
Listing './lib/python3.5/site-packages/argcomplete'...
Listing './lib/python3.5/site-packages/argcomplete/bash_completion.d'...
Listing './lib/python3.5/site-packages/argcomplete-1.9.3.dist-info'...
Listing './lib/python3.5/site-packages/argparse-1.4.0.dist-info'...
Listing './lib/python3.5/site-packages/escpos'...
Listing './lib/python3.5/site-packages/pip'...
Listing './lib/python3.5/site-packages/pip/_vendor'...
Listing './lib/python3.5/site-packages/pip/commands'...
Listing './lib/python3.5/site-packages/pip/compat'...
Listing './lib/python3.5/site-packages/pip/models'...
Listing './lib/python3.5/site-packages/pip/operations'...
Listing './lib/python3.5/site-packages/pip/req'...
Listing './lib/python3.5/site-packages/pip/utils'...
Listing './lib/python3.5/site-packages/pip/vcs'...
Listing './lib/python3.5/site-packages/pip-9.0.1.dist-info'...
Listing './lib/python3.5/site-packages/pkg_resources'...
Listing './lib/python3.5/site-packages/pkg_resources/_vendor'...
Listing './lib/python3.5/site-packages/pkg_resources/_vendor/packaging'...
Listing './lib/python3.5/site-packages/pkg_resources/extern'...
Listing './lib/python3.5/site-packages/pkg_resources-0.0.0.dist-info'...
Listing './lib/python3.5/site-packages/pyserial-3.4.dist-info'...
Listing './lib/python3.5/site-packages/python_escpos-2.2.0.dist-info'...
Listing './lib/python3.5/site-packages/pyusb-1.0.2.egg-info'...
Listing './lib/python3.5/site-packages/qrcode'...
Listing './lib/python3.5/site-packages/qrcode/image'...
Listing './lib/python3.5/site-packages/qrcode/tests'...
Listing './lib/python3.5/site-packages/qrcode-5.3.dist-info'...
Listing './lib/python3.5/site-packages/serial'...
Listing './lib/python3.5/site-packages/serial/threaded'...
Listing './lib/python3.5/site-packages/serial/tools'...
Listing './lib/python3.5/site-packages/serial/urlhandler'...
Listing './lib/python3.5/site-packages/setuptools'...
Listing './lib/python3.5/site-packages/setuptools/command'...
Listing './lib/python3.5/site-packages/setuptools/extern'...
Listing './lib/python3.5/site-packages/setuptools-32.3.1.dist-info'...
Listing './lib/python3.5/site-packages/six-1.11.0.dist-info'...
Listing './lib/python3.5/site-packages/usb'...
Listing './lib/python3.5/site-packages/usb/backend'...
Listing './lib/python3.5/site-packages/yaml'...
Listing './share'...
Listing './share/man'...
Listing './share/man/man1'...
Listing './share/python-wheels'...
