Listing '.'...
Listing './bin'...
Listing './include'...
Listing './lib'...
Listing './lib/python3.5'...
Listing './lib/python3.5/site-packages'...
Listing './lib/python3.5/site-packages/pip'...
Listing './lib/python3.5/site-packages/pip/_vendor'...
Listing './lib/python3.5/site-packages/pip/commands'...
Listing './lib/python3.5/site-packages/pip/compat'...
Listing './lib/python3.5/site-packages/pip/models'...
Listing './lib/python3.5/site-packages/pip/operations'...
Listing './lib/python3.5/site-packages/pip/req'...
Listing './lib/python3.5/site-packages/pip/utils'...
Listing './lib/python3.5/site-packages/pip/vcs'...
Listing './lib/python3.5/site-packages/pip-9.0.1.dist-info'...
Listing './lib/python3.5/site-packages/pkg_resources'...
Listing './lib/python3.5/site-packages/pkg_resources/_vendor'...
Listing './lib/python3.5/site-packages/pkg_resources/_vendor/packaging'...
Listing './lib/python3.5/site-packages/pkg_resources/extern'...
Listing './lib/python3.5/site-packages/pkg_resources-0.0.0.dist-info'...
Listing './lib/python3.5/site-packages/python_toolbox'...
Listing './lib/python3.5/site-packages/python_toolbox/_bootstrap'...
Listing './lib/python3.5/site-packages/python_toolbox/address_tools'...
Listing './lib/python3.5/site-packages/python_toolbox/binary_search'...
Listing './lib/python3.5/site-packages/python_toolbox/caching'...
Listing './lib/python3.5/site-packages/python_toolbox/cheat_hashing'...
Listing './lib/python3.5/site-packages/python_toolbox/combi'...
Listing './lib/python3.5/site-packages/python_toolbox/combi/perming'...
Listing './lib/python3.5/site-packages/python_toolbox/context_management'...
Listing './lib/python3.5/site-packages/python_toolbox/context_management/mixins'...
Listing './lib/python3.5/site-packages/python_toolbox/cute_inspect'...
Listing './lib/python3.5/site-packages/python_toolbox/cute_profile'...
Listing './lib/python3.5/site-packages/python_toolbox/emitting'...
Listing './lib/python3.5/site-packages/python_toolbox/emitting/emitter_system'...
Listing './lib/python3.5/site-packages/python_toolbox/freezing'...
Listing './lib/python3.5/site-packages/python_toolbox/human_names'...
Listing './lib/python3.5/site-packages/python_toolbox/locking'...
Listing './lib/python3.5/site-packages/python_toolbox/math_tools'...
Listing './lib/python3.5/site-packages/python_toolbox/misc_tools'...
Listing './lib/python3.5/site-packages/python_toolbox/nifty_collections'...
Listing './lib/python3.5/site-packages/python_toolbox/sequence_tools'...
Listing './lib/python3.5/site-packages/python_toolbox/sleek_reffing'...
Listing './lib/python3.5/site-packages/python_toolbox/string_tools'...
Listing './lib/python3.5/site-packages/python_toolbox/temp_value_setting'...
Listing './lib/python3.5/site-packages/python_toolbox/third_party'...
Listing './lib/python3.5/site-packages/python_toolbox/third_party/envelopes'...
Listing './lib/python3.5/site-packages/python_toolbox/third_party/sortedcontainers'...
Listing './lib/python3.5/site-packages/python_toolbox/third_party/unittest2'...
Listing './lib/python3.5/site-packages/python_toolbox/tracing_tools'...
Listing './lib/python3.5/site-packages/python_toolbox/wx_tools'...
Listing './lib/python3.5/site-packages/python_toolbox/wx_tools/cursors'...
Listing './lib/python3.5/site-packages/python_toolbox/wx_tools/cursors/collection'...
Listing './lib/python3.5/site-packages/python_toolbox/wx_tools/cursors/collection/images'...
Listing './lib/python3.5/site-packages/python_toolbox/wx_tools/drawing_tools'...
Listing './lib/python3.5/site-packages/python_toolbox/wx_tools/keyboard'...
Listing './lib/python3.5/site-packages/python_toolbox/wx_tools/keyboard/keys'...
Listing './lib/python3.5/site-packages/python_toolbox/wx_tools/timing'...
Listing './lib/python3.5/site-packages/python_toolbox/wx_tools/widgets'...
Listing './lib/python3.5/site-packages/python_toolbox/wx_tools/widgets/cute_window'...
Listing './lib/python3.5/site-packages/python_toolbox/wx_tools/widgets/cute_window/bind_savvy_evt_handler'...
Listing './lib/python3.5/site-packages/python_toolbox/wx_tools/widgets/hue_selection_dialog'...
Listing './lib/python3.5/site-packages/python_toolbox/wx_tools/widgets/knob'...
Listing './lib/python3.5/site-packages/python_toolbox/wx_tools/widgets/knob/images'...
Listing './lib/python3.5/site-packages/python_toolbox/wx_tools/widgets/third_party'...
Listing './lib/python3.5/site-packages/python_toolbox-0.9.3.dist-info'...
Listing './lib/python3.5/site-packages/setuptools'...
Listing './lib/python3.5/site-packages/setuptools/command'...
Listing './lib/python3.5/site-packages/setuptools/extern'...
Listing './lib/python3.5/site-packages/setuptools-32.3.1.dist-info'...
Listing './lib/python3.5/site-packages/test_python_toolbox'...
Listing './lib/python3.5/site-packages/test_python_toolbox/scripts'...
Listing './lib/python3.5/site-packages/test_python_toolbox/test_abc_tools'...
Listing './lib/python3.5/site-packages/test_python_toolbox/test_address_tools'...
Listing './lib/python3.5/site-packages/test_python_toolbox/test_address_tools/sample_module_tree'...
Listing './lib/python3.5/site-packages/test_python_toolbox/test_address_tools/sample_module_tree/w'...
Listing './lib/python3.5/site-packages/test_python_toolbox/test_address_tools/sample_module_tree/w/x'...
Listing './lib/python3.5/site-packages/test_python_toolbox/test_address_tools/sample_module_tree/w/x/y'...
Listing './lib/python3.5/site-packages/test_python_toolbox/test_address_tools/sample_module_tree/w/x/y/z'...
Listing './lib/python3.5/site-packages/test_python_toolbox/test_binary_search'...
Listing './lib/python3.5/site-packages/test_python_toolbox/test_caching'...
Listing './lib/python3.5/site-packages/test_python_toolbox/test_color_tools'...
Listing './lib/python3.5/site-packages/test_python_toolbox/test_combi'...
Listing './lib/python3.5/site-packages/test_python_toolbox/test_context_management'...
Listing './lib/python3.5/site-packages/test_python_toolbox/test_cute_iter_tools'...
Listing './lib/python3.5/site-packages/test_python_toolbox/test_cute_profile'...
Listing './lib/python3.5/site-packages/test_python_toolbox/test_cute_testing'...
Listing './lib/python3.5/site-packages/test_python_toolbox/test_dict_tools'...
Listing './lib/python3.5/site-packages/test_python_toolbox/test_emitting'...
Listing './lib/python3.5/site-packages/test_python_toolbox/test_exceptions'...
Listing './lib/python3.5/site-packages/test_python_toolbox/test_file_tools'...
Listing './lib/python3.5/site-packages/test_python_toolbox/test_freezing'...
Listing './lib/python3.5/site-packages/test_python_toolbox/test_future_tools'...
Listing './lib/python3.5/site-packages/test_python_toolbox/test_import_tools'...
Listing './lib/python3.5/site-packages/test_python_toolbox/test_import_tools/test_exists'...
Listing './lib/python3.5/site-packages/test_python_toolbox/test_import_tools/test_exists/resources'...
Listing './lib/python3.5/site-packages/test_python_toolbox/test_introspection_tools'...
Listing './lib/python3.5/site-packages/test_python_toolbox/test_logic_tools'...
Listing './lib/python3.5/site-packages/test_python_toolbox/test_math_tools'...
Listing './lib/python3.5/site-packages/test_python_toolbox/test_misc_tools'...
Listing './lib/python3.5/site-packages/test_python_toolbox/test_misc_tools/test_name_mangling'...
Listing './lib/python3.5/site-packages/test_python_toolbox/test_monkeypatching_tools'...
Listing './lib/python3.5/site-packages/test_python_toolbox/test_nifty_collections'...
Listing './lib/python3.5/site-packages/test_python_toolbox/test_nifty_collections/test_cute_enum'...
Listing './lib/python3.5/site-packages/test_python_toolbox/test_nifty_collections/test_lazy_tuple'...
Listing './lib/python3.5/site-packages/test_python_toolbox/test_nifty_collections/test_ordered_dict'...
Listing './lib/python3.5/site-packages/test_python_toolbox/test_nifty_collections/test_weak_key_default_dict'...
Listing './lib/python3.5/site-packages/test_python_toolbox/test_nifty_collections/test_weak_key_identity_dict'...
Listing './lib/python3.5/site-packages/test_python_toolbox/test_number_encoding'...
Listing './lib/python3.5/site-packages/test_python_toolbox/test_path_tools'...
Listing './lib/python3.5/site-packages/test_python_toolbox/test_pickle_tools'...
Listing './lib/python3.5/site-packages/test_python_toolbox/test_queue_tools'...
Listing './lib/python3.5/site-packages/test_python_toolbox/test_random_tools'...
Listing './lib/python3.5/site-packages/test_python_toolbox/test_read_write_lock'...
Listing './lib/python3.5/site-packages/test_python_toolbox/test_rst_tools'...
Listing './lib/python3.5/site-packages/test_python_toolbox/test_segment_tools'...
Listing './lib/python3.5/site-packages/test_python_toolbox/test_sequence_tools'...
Listing './lib/python3.5/site-packages/test_python_toolbox/test_sleek_reffing'...
Listing './lib/python3.5/site-packages/test_python_toolbox/test_sleek_reffing/test_cute_sleek_value_dict'...
Listing './lib/python3.5/site-packages/test_python_toolbox/test_string_cataloging'...
Listing './lib/python3.5/site-packages/test_python_toolbox/test_string_tools'...
Listing './lib/python3.5/site-packages/test_python_toolbox/test_sys_tools'...
Listing './lib/python3.5/site-packages/test_python_toolbox/test_temp_file_tools'...
Listing './lib/python3.5/site-packages/test_python_toolbox/test_temp_value_setting'...
Listing './lib/python3.5/site-packages/test_python_toolbox/test_tracing_tools'...
Listing './lib/python3.5/site-packages/test_python_toolbox/test_zip_tools'...
Listing './lib/python3.5/site-packages/test_python_toolbox/third_party'...
Listing './share'...
Listing './share/python-wheels'...
