Listing '.'...
Listing './bin'...
Compiling './bin/cat.py'...
***   File "./bin/cat.py", line 225
    print "Thank you for using pytroll/cat!" \
                                           ^
SyntaxError: Missing parentheses in call to 'print'

Compiling './bin/catter.py'...
Compiling './bin/create_global_mosaic.py'...
Compiling './bin/gatherer.py'...
***   File "./bin/gatherer.py", line 223
    print "Setting timezone to UTC"
                                  ^
SyntaxError: Missing parentheses in call to 'print'

Compiling './bin/generate_schedule_xmlpage.py'...
***   File "./bin/generate_schedule_xmlpage.py", line 81
    print child.attrib
              ^
SyntaxError: Missing parentheses in call to 'print'

Compiling './bin/geo_gatherer.py'...
***   File "./bin/geo_gatherer.py", line 284
    print "Setting timezone to UTC"
                                  ^
SyntaxError: Missing parentheses in call to 'print'

Compiling './bin/scale_images.py'...
Compiling './bin/scisys_receiver.py'...
Compiling './bin/segment_gatherer.py'...
***   File "./bin/segment_gatherer.py", line 469
    print "Setting timezone to UTC"
                                  ^
SyntaxError: Missing parentheses in call to 'print'

Compiling './bin/trollstalker.py'...
***   File "./bin/trollstalker.py", line 288
    print "Setting timezone to UTC"
                                  ^
SyntaxError: Missing parentheses in call to 'print'

Compiling './bin/trollstalker2.py'...
***   File "./bin/trollstalker2.py", line 190
    print "Template file given as trollstalker logging config," \
                                                              ^
SyntaxError: Missing parentheses in call to 'print'

Compiling './bin/zipcollector_runner.py'...
***   File "./bin/zipcollector_runner.py", line 88
    print "Configuration file required! zipcollector.py <file>"
                                                              ^
SyntaxError: Missing parentheses in call to 'print'

Listing './etc'...
Listing './etc/pytroll'...
Listing './include'...
Listing './lib'...
Listing './lib/python3.5'...
Listing './lib/python3.5/site-packages'...
Listing './lib/python3.5/site-packages/PIL'...
Listing './lib/python3.5/site-packages/PIL/.libs'...
Listing './lib/python3.5/site-packages/Pillow-5.0.0.dist-info'...
Listing './lib/python3.5/site-packages/PyYAML-3.12.egg-info'...
Listing './lib/python3.5/site-packages/configobj-5.0.6.egg-info'...
Listing './lib/python3.5/site-packages/mpop'...
Compiling './lib/python3.5/site-packages/mpop/channel.py'...
***   File "./lib/python3.5/site-packages/mpop/channel.py", line 667
    print "*** Error in parallax_corr (mpop/channel.py)"
                                                       ^
SyntaxError: invalid syntax

Listing './lib/python3.5/site-packages/mpop/imageo'...
Compiling './lib/python3.5/site-packages/mpop/imageo/HRWimage.py'...
***   File "./lib/python3.5/site-packages/mpop/imageo/HRWimage.py", line 93
    print "... create HRWimage, color_mode = ", color_mode
                                             ^
SyntaxError: Missing parentheses in call to 'print'

Listing './lib/python3.5/site-packages/mpop/imageo/formats'...
Compiling './lib/python3.5/site-packages/mpop/imageo/formats/ninjotiff.py'...
***   File "./lib/python3.5/site-packages/mpop/imageo/formats/ninjotiff.py", line 1062
    print ""
           ^
SyntaxError: Missing parentheses in call to 'print'

Listing './lib/python3.5/site-packages/mpop/instruments'...
Compiling './lib/python3.5/site-packages/mpop/instruments/viirs.py'...
***   File "./lib/python3.5/site-packages/mpop/instruments/viirs.py", line 594
    print 'chlor_a:', chlor_a.min(), chlor_a.mean(), chlor_a.max()
                   ^
SyntaxError: invalid syntax

Listing './lib/python3.5/site-packages/mpop/satellites'...
Compiling './lib/python3.5/site-packages/mpop/satellites/__init__.py'...
***   File "./lib/python3.5/site-packages/mpop/satellites/__init__.py", line 70
    def get_sat_instr_compositer((satellite, number, variant), instrument):
                                 ^
SyntaxError: invalid syntax

Listing './lib/python3.5/site-packages/mpop/satin'...
Compiling './lib/python3.5/site-packages/mpop/satin/eps1a.py'...
*** Sorry: TabError: inconsistent use of tabs and spaces in indentation (eps1a.py, line 58)
Compiling './lib/python3.5/site-packages/mpop/satin/eps_avhrr.py'...
***   File "./lib/python3.5/site-packages/mpop/satin/eps_avhrr.py", line 158
    print res
            ^
SyntaxError: Missing parentheses in call to 'print'

Compiling './lib/python3.5/site-packages/mpop/satin/hdfeos_l1b.py'...
***   File "./lib/python3.5/site-packages/mpop/satin/hdfeos_l1b.py", line 1098
    print global_data
                    ^
SyntaxError: Missing parentheses in call to 'print'

Compiling './lib/python3.5/site-packages/mpop/satin/hrpt.py'...
*** Sorry: TabError: inconsistent use of tabs and spaces in indentation (hrpt.py, line 62)
Compiling './lib/python3.5/site-packages/mpop/satin/hsaf_h03.py'...
***   File "./lib/python3.5/site-packages/mpop/satin/hsaf_h03.py", line 50
    print "... search for file: ", filename
                                ^
SyntaxError: Missing parentheses in call to 'print'

Compiling './lib/python3.5/site-packages/mpop/satin/mipp_xrit.py'...
***   File "./lib/python3.5/site-packages/mpop/satin/mipp_xrit.py", line 206
    except ReaderError, err:
                      ^
SyntaxError: invalid syntax

Compiling './lib/python3.5/site-packages/mpop/satin/msg_seviri_hdf.py'...
***   File "./lib/python3.5/site-packages/mpop/satin/msg_seviri_hdf.py", line 16
    print "... module h5py needs to be installed"
                                                ^
SyntaxError: Missing parentheses in call to 'print'

Compiling './lib/python3.5/site-packages/mpop/satin/nc_osisaf_l2.py'...
***   File "./lib/python3.5/site-packages/mpop/satin/nc_osisaf_l2.py", line 228
    print "WARNING: No attribute 'long_name'"
                                            ^
SyntaxError: Missing parentheses in call to 'print'

Compiling './lib/python3.5/site-packages/mpop/satin/nwcsaf_hrw_hdf.py'...
***   File "./lib/python3.5/site-packages/mpop/satin/nwcsaf_hrw_hdf.py", line 23
    print "... module h5py needs to be installed"
                                                ^
SyntaxError: Missing parentheses in call to 'print'

Compiling './lib/python3.5/site-packages/mpop/satin/nwcsaf_msg.py'...
***   File "./lib/python3.5/site-packages/mpop/satin/nwcsaf_msg.py", line 73
    print "msg_hdf _get_area_extent: xll, yll, xur, yur = ", xll, yll, xur, yur
                                                          ^
SyntaxError: Missing parentheses in call to 'print'

Compiling './lib/python3.5/site-packages/mpop/satin/odyssey_radar.py'...
***   File "./lib/python3.5/site-packages/mpop/satin/odyssey_radar.py", line 69
    print "no input file found:"+filename
                               ^
SyntaxError: Missing parentheses in call to 'print'

Compiling './lib/python3.5/site-packages/mpop/satin/umarf_native.py'...
***   File "./lib/python3.5/site-packages/mpop/satin/umarf_native.py", line 159
    print dat.min(), dat.max()
            ^
SyntaxError: invalid syntax

Compiling './lib/python3.5/site-packages/mpop/satin/viirs_compact.py'...
***   File "./lib/python3.5/site-packages/mpop/satin/viirs_compact.py", line 256
    print "KeyError"
                   ^
SyntaxError: Missing parentheses in call to 'print'

Compiling './lib/python3.5/site-packages/mpop/satin/xmlformat.py'...
***   File "./lib/python3.5/site-packages/mpop/satin/xmlformat.py", line 83
    print "stop"
               ^
SyntaxError: Missing parentheses in call to 'print'

Listing './lib/python3.5/site-packages/mpop/satout'...
Listing './lib/python3.5/site-packages/mpop/saturn'...
Compiling './lib/python3.5/site-packages/mpop/saturn/filelist.py'...
***   File "./lib/python3.5/site-packages/mpop/saturn/filelist.py", line 81
    os.chmod(tmpfilename, 0644)
                             ^
SyntaxError: invalid token

Compiling './lib/python3.5/site-packages/mpop/saturn/gatherer.py'...
***   File "./lib/python3.5/site-packages/mpop/saturn/gatherer.py", line 245
    def __init__(self, area, (satname, number, variant)):
                             ^
SyntaxError: invalid syntax

Compiling './lib/python3.5/site-packages/mpop/saturn/runner.py'...
***   File "./lib/python3.5/site-packages/mpop/saturn/runner.py", line 113
    except getopt.GetoptError, err:
                             ^
SyntaxError: invalid syntax

Compiling './lib/python3.5/site-packages/mpop/scene.py'...
***   File "./lib/python3.5/site-packages/mpop/scene.py", line 65
    def __init__(self, (satname, number, variant)=(None, None, None)):
                       ^
SyntaxError: invalid syntax

Compiling './lib/python3.5/site-packages/mpop/tools.py'...
***   File "./lib/python3.5/site-packages/mpop/tools.py", line 85
    print "*** estimating CTH using the 10.8 micro meter brightness temperature "
                                                                                ^
SyntaxError: Missing parentheses in call to 'print'

Compiling './lib/python3.5/site-packages/mpop/utils.py'...
***   File "./lib/python3.5/site-packages/mpop/utils.py", line 63
    except IOError, e:
                  ^
SyntaxError: invalid syntax

Listing './lib/python3.5/site-packages/mpop-1.5.0.egg-info'...
Listing './lib/python3.5/site-packages/netifaces-0.10.6.egg-info'...
Listing './lib/python3.5/site-packages/numpy'...
Listing './lib/python3.5/site-packages/numpy/.libs'...
Listing './lib/python3.5/site-packages/numpy/compat'...
Listing './lib/python3.5/site-packages/numpy/core'...
Listing './lib/python3.5/site-packages/numpy/core/include'...
Listing './lib/python3.5/site-packages/numpy/core/include/numpy'...
Listing './lib/python3.5/site-packages/numpy/core/lib'...
Listing './lib/python3.5/site-packages/numpy/core/lib/npy-pkg-config'...
Listing './lib/python3.5/site-packages/numpy/core/tests'...
Listing './lib/python3.5/site-packages/numpy/core/tests/data'...
Listing './lib/python3.5/site-packages/numpy/distutils'...
Listing './lib/python3.5/site-packages/numpy/distutils/command'...
Listing './lib/python3.5/site-packages/numpy/distutils/fcompiler'...
Listing './lib/python3.5/site-packages/numpy/distutils/mingw'...
Listing './lib/python3.5/site-packages/numpy/distutils/tests'...
Listing './lib/python3.5/site-packages/numpy/doc'...
Listing './lib/python3.5/site-packages/numpy/f2py'...
Listing './lib/python3.5/site-packages/numpy/f2py/src'...
Listing './lib/python3.5/site-packages/numpy/f2py/tests'...
Listing './lib/python3.5/site-packages/numpy/f2py/tests/src'...
Listing './lib/python3.5/site-packages/numpy/f2py/tests/src/array_from_pyobj'...
Listing './lib/python3.5/site-packages/numpy/f2py/tests/src/assumed_shape'...
Listing './lib/python3.5/site-packages/numpy/f2py/tests/src/common'...
Listing './lib/python3.5/site-packages/numpy/f2py/tests/src/kind'...
Listing './lib/python3.5/site-packages/numpy/f2py/tests/src/mixed'...
Listing './lib/python3.5/site-packages/numpy/f2py/tests/src/parameter'...
Listing './lib/python3.5/site-packages/numpy/f2py/tests/src/regression'...
Listing './lib/python3.5/site-packages/numpy/f2py/tests/src/size'...
Listing './lib/python3.5/site-packages/numpy/f2py/tests/src/string'...
Listing './lib/python3.5/site-packages/numpy/fft'...
Listing './lib/python3.5/site-packages/numpy/fft/tests'...
Listing './lib/python3.5/site-packages/numpy/lib'...
Listing './lib/python3.5/site-packages/numpy/lib/tests'...
Listing './lib/python3.5/site-packages/numpy/lib/tests/data'...
Listing './lib/python3.5/site-packages/numpy/linalg'...
Listing './lib/python3.5/site-packages/numpy/linalg/tests'...
Listing './lib/python3.5/site-packages/numpy/ma'...
Listing './lib/python3.5/site-packages/numpy/ma/tests'...
Listing './lib/python3.5/site-packages/numpy/matrixlib'...
Listing './lib/python3.5/site-packages/numpy/matrixlib/tests'...
Listing './lib/python3.5/site-packages/numpy/polynomial'...
Listing './lib/python3.5/site-packages/numpy/polynomial/tests'...
Listing './lib/python3.5/site-packages/numpy/random'...
Listing './lib/python3.5/site-packages/numpy/random/tests'...
Listing './lib/python3.5/site-packages/numpy/testing'...
Listing './lib/python3.5/site-packages/numpy/testing/nose_tools'...
Listing './lib/python3.5/site-packages/numpy/testing/tests'...
Listing './lib/python3.5/site-packages/numpy/tests'...
Listing './lib/python3.5/site-packages/numpy-1.14.0.dist-info'...
Listing './lib/python3.5/site-packages/pip'...
Listing './lib/python3.5/site-packages/pip/_vendor'...
Listing './lib/python3.5/site-packages/pip/commands'...
Listing './lib/python3.5/site-packages/pip/compat'...
Listing './lib/python3.5/site-packages/pip/models'...
Listing './lib/python3.5/site-packages/pip/operations'...
Listing './lib/python3.5/site-packages/pip/req'...
Listing './lib/python3.5/site-packages/pip/utils'...
Listing './lib/python3.5/site-packages/pip/vcs'...
Listing './lib/python3.5/site-packages/pip-9.0.1.dist-info'...
Listing './lib/python3.5/site-packages/pkg_resources'...
Listing './lib/python3.5/site-packages/pkg_resources/_vendor'...
Listing './lib/python3.5/site-packages/pkg_resources/_vendor/packaging'...
Listing './lib/python3.5/site-packages/pkg_resources/extern'...
Listing './lib/python3.5/site-packages/pkg_resources-0.0.0.dist-info'...
Listing './lib/python3.5/site-packages/posttroll'...
Compiling './lib/python3.5/site-packages/posttroll/ingester.py'...
***   File "./lib/python3.5/site-packages/posttroll/ingester.py", line 81
    print "publishing", message
                     ^
SyntaxError: Missing parentheses in call to 'print'

Compiling './lib/python3.5/site-packages/posttroll/logger.py'...
***   File "./lib/python3.5/site-packages/posttroll/logger.py", line 120
    (nameserver_address, nameserver_port)=("localhost", 16543)):
    ^
SyntaxError: invalid syntax

Compiling './lib/python3.5/site-packages/posttroll/message_broadcaster.py'...
***   File "./lib/python3.5/site-packages/posttroll/message_broadcaster.py", line 140
    except IOError, err:
                  ^
SyntaxError: invalid syntax

Compiling './lib/python3.5/site-packages/posttroll/subscriber.py'...
***   File "./lib/python3.5/site-packages/posttroll/subscriber.py", line 216
    except ZMQError, err:
                   ^
SyntaxError: invalid syntax

Listing './lib/python3.5/site-packages/posttroll-1.3.0.egg-info'...
Listing './lib/python3.5/site-packages/pycoast'...
Listing './lib/python3.5/site-packages/pycoast/tests'...
Listing './lib/python3.5/site-packages/pycoast-1.1.0.dist-info'...
Listing './lib/python3.5/site-packages/pyinotify-0.9.6.egg-info'...
Listing './lib/python3.5/site-packages/pykdtree'...
Listing './lib/python3.5/site-packages/pykdtree-1.2.2.egg-info'...
Listing './lib/python3.5/site-packages/pyorbital'...
Compiling './lib/python3.5/site-packages/pyorbital/tbus.py'...
***   File "./lib/python3.5/site-packages/pyorbital/tbus.py", line 157
    print satellite
                  ^
SyntaxError: Missing parentheses in call to 'print'

Compiling './lib/python3.5/site-packages/pyorbital/tbusold.py'...
***   File "./lib/python3.5/site-packages/pyorbital/tbusold.py", line 46
    print "spacecraft_id", p4l[:2]
                        ^
SyntaxError: Missing parentheses in call to 'print'

Compiling './lib/python3.5/site-packages/pyorbital/test_geoloc.py'...
***   File "./lib/python3.5/site-packages/pyorbital/test_geoloc.py", line 97
    print "s_times", s_times.dtype
                  ^
SyntaxError: Missing parentheses in call to 'print'

Compiling './lib/python3.5/site-packages/pyorbital/tle2intdes.py'...
***   File "./lib/python3.5/site-packages/pyorbital/tle2intdes.py", line 29
    print line.strip().replace(" ", "-", 1),
             ^
SyntaxError: invalid syntax

Listing './lib/python3.5/site-packages/pyorbital-1.1.1.egg-info'...
Listing './lib/python3.5/site-packages/pyproj'...
Listing './lib/python3.5/site-packages/pyproj/data'...
Listing './lib/python3.5/site-packages/pyproj-1.9.5.1.egg-info'...
Listing './lib/python3.5/site-packages/pyresample'...
Listing './lib/python3.5/site-packages/pyresample/bilinear'...
Listing './lib/python3.5/site-packages/pyresample/ewa'...
Listing './lib/python3.5/site-packages/pyresample/test'...
Listing './lib/python3.5/site-packages/pyresample-1.7.1.egg-info'...
Listing './lib/python3.5/site-packages/pyshp-1.2.12.egg-info'...
Listing './lib/python3.5/site-packages/pytroll_collectors'...
Listing './lib/python3.5/site-packages/pytroll_collectors/tests'...
Compiling './lib/python3.5/site-packages/pytroll_collectors/trigger.py'...
***   File "./lib/python3.5/site-packages/pytroll_collectors/trigger.py", line 111
    next_timeout = min(timeouts, key=(lambda(x): x[1]))
                                            ^
SyntaxError: invalid syntax

Listing './lib/python3.5/site-packages/pytroll_collectors-0.6.0.dist-info'...
Listing './lib/python3.5/site-packages/pytroll_schedule-0.3.3.egg-info'...
Listing './lib/python3.5/site-packages/pyzmq-16.0.3.dist-info'...
Listing './lib/python3.5/site-packages/setuptools'...
Listing './lib/python3.5/site-packages/setuptools/command'...
Listing './lib/python3.5/site-packages/setuptools/extern'...
Listing './lib/python3.5/site-packages/setuptools-32.3.1.dist-info'...
Listing './lib/python3.5/site-packages/six-1.11.0.dist-info'...
Listing './lib/python3.5/site-packages/trollsched'...
Compiling './lib/python3.5/site-packages/trollsched/combine.py'...
***   File "./lib/python3.5/site-packages/trollsched/combine.py", line 202
    print "len(passes_list)", len(passes_list), "   len(graph_set)", len(graph_set), "   statnr", statnr, "   p", p
                           ^
SyntaxError: invalid syntax

Compiling './lib/python3.5/site-packages/trollsched/ftpaq.py'...
***   File "./lib/python3.5/site-packages/trollsched/ftpaq.py", line 46
    except (socket.error, socket.gaierror), e:
                                          ^
SyntaxError: invalid syntax

Compiling './lib/python3.5/site-packages/trollsched/satpass.py'...
***   File "./lib/python3.5/site-packages/trollsched/satpass.py", line 322
    except (socket.error, socket.gaierror), e:
                                          ^
SyntaxError: invalid syntax

Compiling './lib/python3.5/site-packages/trollsched/schedule.py'...
***   File "./lib/python3.5/site-packages/trollsched/schedule.py", line 612
    print "s", s
            ^
SyntaxError: Missing parentheses in call to 'print'

Listing './lib/python3.5/site-packages/trollsift'...
Listing './lib/python3.5/site-packages/trollsift-0.2.0.dist-info'...
Listing './lib/python3.5/site-packages/yaml'...
Listing './lib/python3.5/site-packages/zmq'...
Listing './lib/python3.5/site-packages/zmq/.libs'...
Listing './lib/python3.5/site-packages/zmq/asyncio'...
Listing './lib/python3.5/site-packages/zmq/auth'...
Listing './lib/python3.5/site-packages/zmq/auth/asyncio'...
Listing './lib/python3.5/site-packages/zmq/backend'...
Listing './lib/python3.5/site-packages/zmq/backend/cffi'...
Listing './lib/python3.5/site-packages/zmq/backend/cython'...
Listing './lib/python3.5/site-packages/zmq/devices'...
Listing './lib/python3.5/site-packages/zmq/eventloop'...
Listing './lib/python3.5/site-packages/zmq/eventloop/minitornado'...
Listing './lib/python3.5/site-packages/zmq/eventloop/minitornado/platform'...
Listing './lib/python3.5/site-packages/zmq/green'...
Listing './lib/python3.5/site-packages/zmq/green/eventloop'...
Listing './lib/python3.5/site-packages/zmq/log'...
Listing './lib/python3.5/site-packages/zmq/ssh'...
Listing './lib/python3.5/site-packages/zmq/sugar'...
Listing './lib/python3.5/site-packages/zmq/tests'...
Listing './lib/python3.5/site-packages/zmq/tests/asyncio'...
Listing './lib/python3.5/site-packages/zmq/utils'...
Listing './share'...
Listing './share/python-wheels'...
