Listing '.'...
Listing './bin'...
Listing './include'...
Listing './lib'...
Listing './lib/python3.5'...
Listing './lib/python3.5/site-packages'...
Listing './lib/python3.5/site-packages/pip'...
Listing './lib/python3.5/site-packages/pip/_vendor'...
Listing './lib/python3.5/site-packages/pip/commands'...
Listing './lib/python3.5/site-packages/pip/compat'...
Listing './lib/python3.5/site-packages/pip/models'...
Listing './lib/python3.5/site-packages/pip/operations'...
Listing './lib/python3.5/site-packages/pip/req'...
Listing './lib/python3.5/site-packages/pip/utils'...
Listing './lib/python3.5/site-packages/pip/vcs'...
Listing './lib/python3.5/site-packages/pip-9.0.1.dist-info'...
Listing './lib/python3.5/site-packages/pkg_resources'...
Listing './lib/python3.5/site-packages/pkg_resources/_vendor'...
Listing './lib/python3.5/site-packages/pkg_resources/_vendor/packaging'...
Listing './lib/python3.5/site-packages/pkg_resources/extern'...
Listing './lib/python3.5/site-packages/pkg_resources-0.0.0.dist-info'...
Listing './lib/python3.5/site-packages/qi'...
Listing './lib/python3.5/site-packages/qi/portlet'...
Listing './lib/python3.5/site-packages/qi/portlet/TagClouds'...
Listing './lib/python3.5/site-packages/qi/portlet/TagClouds/browser'...
Listing './lib/python3.5/site-packages/qi/portlet/TagClouds/browser/stylesheets'...
Listing './lib/python3.5/site-packages/qi/portlet/TagClouds/locales'...
Listing './lib/python3.5/site-packages/qi/portlet/TagClouds/locales/cs'...
Listing './lib/python3.5/site-packages/qi/portlet/TagClouds/locales/cs/LC_MESSAGES'...
Listing './lib/python3.5/site-packages/qi/portlet/TagClouds/locales/de'...
Listing './lib/python3.5/site-packages/qi/portlet/TagClouds/locales/de/LC_MESSAGES'...
Listing './lib/python3.5/site-packages/qi/portlet/TagClouds/locales/en'...
Listing './lib/python3.5/site-packages/qi/portlet/TagClouds/locales/en/LC_MESSAGES'...
Listing './lib/python3.5/site-packages/qi/portlet/TagClouds/locales/es'...
Listing './lib/python3.5/site-packages/qi/portlet/TagClouds/locales/es/LC_MESSAGES'...
Listing './lib/python3.5/site-packages/qi/portlet/TagClouds/locales/eu'...
Listing './lib/python3.5/site-packages/qi/portlet/TagClouds/locales/eu/LC_MESSAGES'...
Listing './lib/python3.5/site-packages/qi/portlet/TagClouds/locales/fr'...
Listing './lib/python3.5/site-packages/qi/portlet/TagClouds/locales/fr/LC_MESSAGES'...
Listing './lib/python3.5/site-packages/qi/portlet/TagClouds/locales/pt_BR'...
Listing './lib/python3.5/site-packages/qi/portlet/TagClouds/locales/pt_BR/LC_MESSAGES'...
Listing './lib/python3.5/site-packages/qi/portlet/TagClouds/locales/zh_TW'...
Listing './lib/python3.5/site-packages/qi/portlet/TagClouds/locales/zh_TW/LC_MESSAGES'...
Listing './lib/python3.5/site-packages/qi/portlet/TagClouds/profiles'...
Listing './lib/python3.5/site-packages/qi/portlet/TagClouds/profiles/default'...
Listing './lib/python3.5/site-packages/qi/portlet/TagClouds/tests'...
Listing './lib/python3.5/site-packages/qi.portlet.TagClouds-1.35.egg-info'...
Listing './lib/python3.5/site-packages/setuptools'...
Listing './lib/python3.5/site-packages/setuptools/command'...
Listing './lib/python3.5/site-packages/setuptools/extern'...
Listing './lib/python3.5/site-packages/setuptools-32.3.1.dist-info'...
Listing './share'...
Listing './share/python-wheels'...
