Listing '.'...
Listing './bin'...
Listing './include'...
Listing './lib'...
Listing './lib/python3.5'...
Listing './lib/python3.5/site-packages'...
Listing './lib/python3.5/site-packages/RASPA2'...
Listing './lib/python3.5/site-packages/RASPA2/share'...
Listing './lib/python3.5/site-packages/RASPA2/share/raspa'...
Listing './lib/python3.5/site-packages/RASPA2/share/raspa/forcefield'...
Listing './lib/python3.5/site-packages/RASPA2/share/raspa/forcefield/AmirjalayerSchmid'...
Listing './lib/python3.5/site-packages/RASPA2/share/raspa/forcefield/CastilloVlugtCalero2009'...
Listing './lib/python3.5/site-packages/RASPA2/share/raspa/forcefield/CoreShellCatlow'...
Listing './lib/python3.5/site-packages/RASPA2/share/raspa/forcefield/CoreShellSastreGale2005'...
Listing './lib/python3.5/site-packages/RASPA2/share/raspa/forcefield/CoreShellSchroderSauer'...
Listing './lib/python3.5/site-packages/RASPA2/share/raspa/forcefield/CrystalGenerator'...
Listing './lib/python3.5/site-packages/RASPA2/share/raspa/forcefield/Dubbeldam2007FlexibleIRMOF-1'...
Listing './lib/python3.5/site-packages/RASPA2/share/raspa/forcefield/Dubbeldam2007FlexibleIRMOF-10'...
Listing './lib/python3.5/site-packages/RASPA2/share/raspa/forcefield/Dubbeldam2007FlexibleIRMOF-16'...
Listing './lib/python3.5/site-packages/RASPA2/share/raspa/forcefield/Dubbeldam2012MIL-100'...
Listing './lib/python3.5/site-packages/RASPA2/share/raspa/forcefield/Dubbeldam2012MIL-101'...
Listing './lib/python3.5/site-packages/RASPA2/share/raspa/forcefield/Dzubak2012-IRMOF-1'...
Listing './lib/python3.5/site-packages/RASPA2/share/raspa/forcefield/Dzubak2012-MgMOF-74'...
Listing './lib/python3.5/site-packages/RASPA2/share/raspa/forcefield/Dzubak2012-MgMOF-74-extended'...
Listing './lib/python3.5/site-packages/RASPA2/share/raspa/forcefield/Dzubak2012-ZnMOF-74'...
Listing './lib/python3.5/site-packages/RASPA2/share/raspa/forcefield/GarciaPerez2006'...
Listing './lib/python3.5/site-packages/RASPA2/share/raspa/forcefield/GenericMOFs'...
Listing './lib/python3.5/site-packages/RASPA2/share/raspa/forcefield/GenericZeolites'...
Listing './lib/python3.5/site-packages/RASPA2/share/raspa/forcefield/MgMOF-74-Yazaydin'...
Listing './lib/python3.5/site-packages/RASPA2/share/raspa/forcefield/Nicholas'...
Listing './lib/python3.5/site-packages/RASPA2/share/raspa/forcefield/Pascual2004'...
Listing './lib/python3.5/site-packages/RASPA2/share/raspa/forcefield/RigidIonKramer1991'...
Listing './lib/python3.5/site-packages/RASPA2/share/raspa/forcefield/TraPPE'...
Listing './lib/python3.5/site-packages/RASPA2/share/raspa/framework'...
Listing './lib/python3.5/site-packages/RASPA2/share/raspa/framework/AmirjalayerSchmid'...
Listing './lib/python3.5/site-packages/RASPA2/share/raspa/framework/CoreShellCatlow'...
Listing './lib/python3.5/site-packages/RASPA2/share/raspa/framework/CoreShellSastreGale2005'...
Listing './lib/python3.5/site-packages/RASPA2/share/raspa/framework/CoreShellSchroderSauer'...
Listing './lib/python3.5/site-packages/RASPA2/share/raspa/framework/Demontis'...
Listing './lib/python3.5/site-packages/RASPA2/share/raspa/framework/DemontisModified'...
Listing './lib/python3.5/site-packages/RASPA2/share/raspa/framework/Dubbeldam2007FlexibleIRMOF-1'...
Listing './lib/python3.5/site-packages/RASPA2/share/raspa/framework/Dubbeldam2007FlexibleIRMOF-10'...
Listing './lib/python3.5/site-packages/RASPA2/share/raspa/framework/Dubbeldam2007FlexibleIRMOF-16'...
Listing './lib/python3.5/site-packages/RASPA2/share/raspa/framework/Nicholas'...
Listing './lib/python3.5/site-packages/RASPA2/share/raspa/framework/NicholasModified'...
Listing './lib/python3.5/site-packages/RASPA2/share/raspa/molecules'...
Listing './lib/python3.5/site-packages/RASPA2/share/raspa/molecules/CastilloVlugtCalero2009'...
Listing './lib/python3.5/site-packages/RASPA2/share/raspa/molecules/EPM2'...
Listing './lib/python3.5/site-packages/RASPA2/share/raspa/molecules/TraPPE'...
Listing './lib/python3.5/site-packages/RASPA2/share/raspa/molecules/TraPPE-EH'...
Listing './lib/python3.5/site-packages/RASPA2/share/raspa/molecules/TraPPE-UA'...
Listing './lib/python3.5/site-packages/RASPA2/share/raspa/src'...
Listing './lib/python3.5/site-packages/RASPA2/share/raspa/structures'...
Listing './lib/python3.5/site-packages/RASPA2/share/raspa/structures/block'...
Listing './lib/python3.5/site-packages/RASPA2/share/raspa/structures/cif'...
Listing './lib/python3.5/site-packages/RASPA2/share/raspa/structures/ions'...
Listing './lib/python3.5/site-packages/RASPA2/simulations'...
Listing './lib/python3.5/site-packages/RASPA2/simulations/lib'...
Listing './lib/python3.5/site-packages/RASPA2-2.0.3.egg-info'...
Listing './lib/python3.5/site-packages/pip'...
Listing './lib/python3.5/site-packages/pip/_vendor'...
Listing './lib/python3.5/site-packages/pip/commands'...
Listing './lib/python3.5/site-packages/pip/compat'...
Listing './lib/python3.5/site-packages/pip/models'...
Listing './lib/python3.5/site-packages/pip/operations'...
Listing './lib/python3.5/site-packages/pip/req'...
Listing './lib/python3.5/site-packages/pip/utils'...
Listing './lib/python3.5/site-packages/pip/vcs'...
Listing './lib/python3.5/site-packages/pip-9.0.1.dist-info'...
Listing './lib/python3.5/site-packages/pkg_resources'...
Listing './lib/python3.5/site-packages/pkg_resources/_vendor'...
Listing './lib/python3.5/site-packages/pkg_resources/_vendor/packaging'...
Listing './lib/python3.5/site-packages/pkg_resources/extern'...
Listing './lib/python3.5/site-packages/pkg_resources-0.0.0.dist-info'...
Listing './lib/python3.5/site-packages/setuptools'...
Listing './lib/python3.5/site-packages/setuptools/command'...
Listing './lib/python3.5/site-packages/setuptools/extern'...
Listing './lib/python3.5/site-packages/setuptools-32.3.1.dist-info'...
Listing './share'...
Listing './share/python-wheels'...
