Listing '.'...
Listing './bin'...
Listing './include'...
Listing './lib'...
Listing './lib/python3.5'...
Listing './lib/python3.5/site-packages'...
Listing './lib/python3.5/site-packages/.libs_cffi_backend'...
Listing './lib/python3.5/site-packages/OpenSSL'...
Listing './lib/python3.5/site-packages/PIL'...
Listing './lib/python3.5/site-packages/PIL/.libs'...
Listing './lib/python3.5/site-packages/Pillow-5.0.0.dist-info'...
Listing './lib/python3.5/site-packages/PyYAML-3.12.egg-info'...
Listing './lib/python3.5/site-packages/aiohttp'...
Listing './lib/python3.5/site-packages/aiohttp-2.2.5.dist-info'...
Listing './lib/python3.5/site-packages/asn1crypto'...
Listing './lib/python3.5/site-packages/asn1crypto/_perf'...
Listing './lib/python3.5/site-packages/asn1crypto-0.24.0.dist-info'...
Listing './lib/python3.5/site-packages/async_timeout'...
Listing './lib/python3.5/site-packages/async_timeout-2.0.0.dist-info'...
Listing './lib/python3.5/site-packages/beautifulsoup4-4.6.0.dist-info'...
Listing './lib/python3.5/site-packages/bs4'...
Listing './lib/python3.5/site-packages/bs4/builder'...
Listing './lib/python3.5/site-packages/bs4/tests'...
Listing './lib/python3.5/site-packages/certifi'...
Listing './lib/python3.5/site-packages/certifi-2017.11.5.dist-info'...
Listing './lib/python3.5/site-packages/cffi'...
Listing './lib/python3.5/site-packages/cffi-1.11.3.dist-info'...
Listing './lib/python3.5/site-packages/chardet'...
Listing './lib/python3.5/site-packages/chardet/cli'...
Listing './lib/python3.5/site-packages/chardet-3.0.4.dist-info'...
Listing './lib/python3.5/site-packages/cryptography'...
Listing './lib/python3.5/site-packages/cryptography/hazmat'...
Listing './lib/python3.5/site-packages/cryptography/hazmat/backends'...
Listing './lib/python3.5/site-packages/cryptography/hazmat/backends/openssl'...
Listing './lib/python3.5/site-packages/cryptography/hazmat/bindings'...
Listing './lib/python3.5/site-packages/cryptography/hazmat/bindings/openssl'...
Listing './lib/python3.5/site-packages/cryptography/hazmat/primitives'...
Listing './lib/python3.5/site-packages/cryptography/hazmat/primitives/asymmetric'...
Listing './lib/python3.5/site-packages/cryptography/hazmat/primitives/ciphers'...
Listing './lib/python3.5/site-packages/cryptography/hazmat/primitives/kdf'...
Listing './lib/python3.5/site-packages/cryptography/hazmat/primitives/twofactor'...
Listing './lib/python3.5/site-packages/cryptography/x509'...
Listing './lib/python3.5/site-packages/cryptography-2.1.4.dist-info'...
Listing './lib/python3.5/site-packages/cssselect'...
Listing './lib/python3.5/site-packages/cssselect-1.0.1.dist-info'...
Listing './lib/python3.5/site-packages/dateutil'...
Listing './lib/python3.5/site-packages/dateutil/tz'...
Listing './lib/python3.5/site-packages/dateutil/zoneinfo'...
Listing './lib/python3.5/site-packages/fastimage'...
Listing './lib/python3.5/site-packages/fastimage/tests'...
Listing './lib/python3.5/site-packages/fastimage-2.0.0.dist-info'...
Listing './lib/python3.5/site-packages/feedfinder2-0.0.4.egg-info'...
Listing './lib/python3.5/site-packages/feedparser-5.2.1.egg-info'...
Listing './lib/python3.5/site-packages/idna'...
Listing './lib/python3.5/site-packages/idna-2.6.dist-info'...
Listing './lib/python3.5/site-packages/jieba'...
Listing './lib/python3.5/site-packages/jieba/analyse'...
Listing './lib/python3.5/site-packages/jieba/finalseg'...
Listing './lib/python3.5/site-packages/jieba/posseg'...
Listing './lib/python3.5/site-packages/jieba3k-0.35.1.egg-info'...
Listing './lib/python3.5/site-packages/lxml'...
Listing './lib/python3.5/site-packages/lxml/html'...
Listing './lib/python3.5/site-packages/lxml/includes'...
Listing './lib/python3.5/site-packages/lxml/includes/libexslt'...
Listing './lib/python3.5/site-packages/lxml/includes/libxml'...
Listing './lib/python3.5/site-packages/lxml/includes/libxslt'...
Listing './lib/python3.5/site-packages/lxml/isoschematron'...
Listing './lib/python3.5/site-packages/lxml/isoschematron/resources'...
Listing './lib/python3.5/site-packages/lxml/isoschematron/resources/rng'...
Listing './lib/python3.5/site-packages/lxml/isoschematron/resources/xsl'...
Listing './lib/python3.5/site-packages/lxml/isoschematron/resources/xsl/iso-schematron-xslt1'...
Listing './lib/python3.5/site-packages/lxml-3.8.0.dist-info'...
Listing './lib/python3.5/site-packages/multidict'...
Listing './lib/python3.5/site-packages/multidict-3.3.2.dist-info'...
Listing './lib/python3.5/site-packages/newspaper'...
Listing './lib/python3.5/site-packages/newspaper/.idea'...
Listing './lib/python3.5/site-packages/newspaper/.idea/dictionaries'...
Listing './lib/python3.5/site-packages/newspaper/.idea/inspectionProfiles'...
Listing './lib/python3.5/site-packages/newspaper/resources'...
Listing './lib/python3.5/site-packages/newspaper/resources/misc'...
Listing './lib/python3.5/site-packages/newspaper/resources/text'...
Listing './lib/python3.5/site-packages/newspaper/videos'...
Listing './lib/python3.5/site-packages/newspaper3k-0.2.2.egg-info'...
Listing './lib/python3.5/site-packages/nltk'...
Listing './lib/python3.5/site-packages/nltk/app'...
Listing './lib/python3.5/site-packages/nltk/ccg'...
Listing './lib/python3.5/site-packages/nltk/chat'...
Listing './lib/python3.5/site-packages/nltk/chunk'...
Listing './lib/python3.5/site-packages/nltk/classify'...
Listing './lib/python3.5/site-packages/nltk/cluster'...
Listing './lib/python3.5/site-packages/nltk/corpus'...
Listing './lib/python3.5/site-packages/nltk/corpus/reader'...
Listing './lib/python3.5/site-packages/nltk/draw'...
Listing './lib/python3.5/site-packages/nltk/inference'...
Listing './lib/python3.5/site-packages/nltk/metrics'...
Listing './lib/python3.5/site-packages/nltk/misc'...
Listing './lib/python3.5/site-packages/nltk/parse'...
Listing './lib/python3.5/site-packages/nltk/sem'...
Listing './lib/python3.5/site-packages/nltk/sentiment'...
Listing './lib/python3.5/site-packages/nltk/stem'...
Listing './lib/python3.5/site-packages/nltk/tag'...
Listing './lib/python3.5/site-packages/nltk/tbl'...
Listing './lib/python3.5/site-packages/nltk/test'...
Listing './lib/python3.5/site-packages/nltk/test/unit'...
Listing './lib/python3.5/site-packages/nltk/test/unit/translate'...
Listing './lib/python3.5/site-packages/nltk/tokenize'...
Listing './lib/python3.5/site-packages/nltk/translate'...
Listing './lib/python3.5/site-packages/nltk/twitter'...
Listing './lib/python3.5/site-packages/nltk-3.2.4.egg-info'...
Listing './lib/python3.5/site-packages/pip'...
Listing './lib/python3.5/site-packages/pip/_vendor'...
Listing './lib/python3.5/site-packages/pip/commands'...
Listing './lib/python3.5/site-packages/pip/compat'...
Listing './lib/python3.5/site-packages/pip/models'...
Listing './lib/python3.5/site-packages/pip/operations'...
Listing './lib/python3.5/site-packages/pip/req'...
Listing './lib/python3.5/site-packages/pip/utils'...
Listing './lib/python3.5/site-packages/pip/vcs'...
Listing './lib/python3.5/site-packages/pip-9.0.1.dist-info'...
Listing './lib/python3.5/site-packages/pkg_resources'...
Listing './lib/python3.5/site-packages/pkg_resources/_vendor'...
Listing './lib/python3.5/site-packages/pkg_resources/_vendor/packaging'...
Listing './lib/python3.5/site-packages/pkg_resources/extern'...
Listing './lib/python3.5/site-packages/pkg_resources-0.0.0.dist-info'...
Listing './lib/python3.5/site-packages/pyOpenSSL-17.2.0.dist-info'...
Listing './lib/python3.5/site-packages/pycparser'...
Listing './lib/python3.5/site-packages/pycparser/ply'...
Listing './lib/python3.5/site-packages/pycparser-2.18.egg-info'...
Listing './lib/python3.5/site-packages/python_dateutil-2.6.1.dist-info'...
Listing './lib/python3.5/site-packages/pytidylib-0.3.2.egg-info'...
Listing './lib/python3.5/site-packages/readability'...
Listing './lib/python3.5/site-packages/readability/compat'...
Compiling './lib/python3.5/site-packages/readability/compat/two.py'...
***   File "./lib/python3.5/site-packages/readability/compat/two.py", line 6
    raise exc_type(*args, **kwargs), None, traceback
                                   ^
SyntaxError: invalid syntax

Listing './lib/python3.5/site-packages/readability_lxml-0.6.2.egg-info'...
Listing './lib/python3.5/site-packages/readembedability'...
Listing './lib/python3.5/site-packages/readembedability/data'...
Listing './lib/python3.5/site-packages/readembedability/parsers'...
Listing './lib/python3.5/site-packages/readembedability/parsers/content'...
Listing './lib/python3.5/site-packages/readembedability/parsers/custom'...
Listing './lib/python3.5/site-packages/readembedability/parsers/tests'...
Listing './lib/python3.5/site-packages/readembedability/tests'...
Listing './lib/python3.5/site-packages/readembedability-1.6.6.dist-info'...
Listing './lib/python3.5/site-packages/requests'...
Listing './lib/python3.5/site-packages/requests-2.18.4.dist-info'...
Listing './lib/python3.5/site-packages/requests_file-1.4.3.dist-info'...
Listing './lib/python3.5/site-packages/robostrippy'...
Listing './lib/python3.5/site-packages/robostrippy-1.3.egg-info'...
Listing './lib/python3.5/site-packages/setuptools'...
Listing './lib/python3.5/site-packages/setuptools/command'...
Listing './lib/python3.5/site-packages/setuptools/extern'...
Listing './lib/python3.5/site-packages/setuptools-32.3.1.dist-info'...
Listing './lib/python3.5/site-packages/six-1.11.0.dist-info'...
Listing './lib/python3.5/site-packages/tidylib'...
Listing './lib/python3.5/site-packages/tldextract'...
Listing './lib/python3.5/site-packages/tldextract/tests'...
Listing './lib/python3.5/site-packages/tldextract-2.2.0.dist-info'...
Listing './lib/python3.5/site-packages/urllib3'...
Listing './lib/python3.5/site-packages/urllib3/contrib'...
Listing './lib/python3.5/site-packages/urllib3/contrib/_securetransport'...
Listing './lib/python3.5/site-packages/urllib3/packages'...
Listing './lib/python3.5/site-packages/urllib3/packages/backports'...
Listing './lib/python3.5/site-packages/urllib3/packages/ssl_match_hostname'...
Listing './lib/python3.5/site-packages/urllib3/util'...
Listing './lib/python3.5/site-packages/urllib3-1.22.dist-info'...
Listing './lib/python3.5/site-packages/yaml'...
Listing './lib/python3.5/site-packages/yarl'...
Listing './lib/python3.5/site-packages/yarl-0.18.0.dist-info'...
Listing './share'...
Listing './share/python-wheels'...
