Listing '.'...
Listing './bin'...
Listing './include'...
Listing './lib'...
Listing './lib/python3.5'...
Listing './lib/python3.5/site-packages'...
Listing './lib/python3.5/site-packages/WebOb-1.7.4.dist-info'...
Listing './lib/python3.5/site-packages/WebTest-2.0.29.dist-info'...
Listing './lib/python3.5/site-packages/beautifulsoup4-4.6.0.dist-info'...
Listing './lib/python3.5/site-packages/bs4'...
Listing './lib/python3.5/site-packages/bs4/builder'...
Listing './lib/python3.5/site-packages/bs4/tests'...
Listing './lib/python3.5/site-packages/lib'...
Listing './lib/python3.5/site-packages/lib/tokenlib'...
Listing './lib/python3.5/site-packages/lib/tokenlib/tests'...
Listing './lib/python3.5/site-packages/macauthlib'...
Listing './lib/python3.5/site-packages/macauthlib/tests'...
Listing './lib/python3.5/site-packages/macauthlib-0.6.0.egg-info'...
Listing './lib/python3.5/site-packages/pip'...
Listing './lib/python3.5/site-packages/pip/_vendor'...
Listing './lib/python3.5/site-packages/pip/commands'...
Listing './lib/python3.5/site-packages/pip/compat'...
Listing './lib/python3.5/site-packages/pip/models'...
Listing './lib/python3.5/site-packages/pip/operations'...
Listing './lib/python3.5/site-packages/pip/req'...
Listing './lib/python3.5/site-packages/pip/utils'...
Listing './lib/python3.5/site-packages/pip/vcs'...
Listing './lib/python3.5/site-packages/pip-9.0.1.dist-info'...
Listing './lib/python3.5/site-packages/pkg_resources'...
Listing './lib/python3.5/site-packages/pkg_resources/_vendor'...
Listing './lib/python3.5/site-packages/pkg_resources/_vendor/packaging'...
Listing './lib/python3.5/site-packages/pkg_resources/extern'...
Listing './lib/python3.5/site-packages/pkg_resources-0.0.0.dist-info'...
Listing './lib/python3.5/site-packages/repoze'...
Listing './lib/python3.5/site-packages/repoze/who'...
Listing './lib/python3.5/site-packages/repoze/who/plugins'...
Listing './lib/python3.5/site-packages/repoze/who/plugins/macauth'...
Listing './lib/python3.5/site-packages/repoze/who/plugins/tests'...
Listing './lib/python3.5/site-packages/repoze/who/plugins/tests/fixtures'...
Listing './lib/python3.5/site-packages/repoze/who/tests'...
Listing './lib/python3.5/site-packages/repoze.who-2.3.dist-info'...
Listing './lib/python3.5/site-packages/repoze.who.plugins.macauth-0.1.0.egg-info'...
Listing './lib/python3.5/site-packages/setuptools'...
Listing './lib/python3.5/site-packages/setuptools/command'...
Listing './lib/python3.5/site-packages/setuptools/extern'...
Listing './lib/python3.5/site-packages/setuptools-32.3.1.dist-info'...
Listing './lib/python3.5/site-packages/six-1.11.0.dist-info'...
Listing './lib/python3.5/site-packages/tokenlib'...
Listing './lib/python3.5/site-packages/tokenlib/tests'...
Listing './lib/python3.5/site-packages/tokenlib-2.0.0.dist-info'...
Listing './lib/python3.5/site-packages/waitress'...
Listing './lib/python3.5/site-packages/waitress/tests'...
Listing './lib/python3.5/site-packages/waitress/tests/fixtureapps'...
Listing './lib/python3.5/site-packages/waitress-1.1.0.dist-info'...
Listing './lib/python3.5/site-packages/webob'...
Listing './lib/python3.5/site-packages/webtest'...
Listing './lib/python3.5/site-packages/zope'...
Listing './lib/python3.5/site-packages/zope/interface'...
Listing './lib/python3.5/site-packages/zope/interface/common'...
Listing './lib/python3.5/site-packages/zope/interface/common/tests'...
Listing './lib/python3.5/site-packages/zope/interface/tests'...
Listing './lib/python3.5/site-packages/zope.interface-4.4.3.dist-info'...
Listing './share'...
Listing './share/python-wheels'...
