Listing '.'...
Listing './bin'...
Listing './include'...
Listing './lib'...
Listing './lib/python3.5'...
Listing './lib/python3.5/site-packages'...
Listing './lib/python3.5/site-packages/pip'...
Listing './lib/python3.5/site-packages/pip/_vendor'...
Listing './lib/python3.5/site-packages/pip/commands'...
Listing './lib/python3.5/site-packages/pip/compat'...
Listing './lib/python3.5/site-packages/pip/models'...
Listing './lib/python3.5/site-packages/pip/operations'...
Listing './lib/python3.5/site-packages/pip/req'...
Listing './lib/python3.5/site-packages/pip/utils'...
Listing './lib/python3.5/site-packages/pip/vcs'...
Listing './lib/python3.5/site-packages/pip-9.0.1.dist-info'...
Listing './lib/python3.5/site-packages/pkg_resources'...
Listing './lib/python3.5/site-packages/pkg_resources/_vendor'...
Listing './lib/python3.5/site-packages/pkg_resources/_vendor/packaging'...
Listing './lib/python3.5/site-packages/pkg_resources/extern'...
Listing './lib/python3.5/site-packages/pkg_resources-0.0.0.dist-info'...
Listing './lib/python3.5/site-packages/robot'...
Listing './lib/python3.5/site-packages/robot/api'...
Listing './lib/python3.5/site-packages/robot/conf'...
Listing './lib/python3.5/site-packages/robot/htmldata'...
Listing './lib/python3.5/site-packages/robot/htmldata/common'...
Listing './lib/python3.5/site-packages/robot/htmldata/lib'...
Listing './lib/python3.5/site-packages/robot/htmldata/libdoc'...
Listing './lib/python3.5/site-packages/robot/htmldata/rebot'...
Listing './lib/python3.5/site-packages/robot/htmldata/testdoc'...
Listing './lib/python3.5/site-packages/robot/libdocpkg'...
Listing './lib/python3.5/site-packages/robot/libraries'...
Listing './lib/python3.5/site-packages/robot/model'...
Listing './lib/python3.5/site-packages/robot/output'...
Listing './lib/python3.5/site-packages/robot/output/console'...
Listing './lib/python3.5/site-packages/robot/parsing'...
Listing './lib/python3.5/site-packages/robot/reporting'...
Listing './lib/python3.5/site-packages/robot/result'...
Listing './lib/python3.5/site-packages/robot/running'...
Listing './lib/python3.5/site-packages/robot/running/arguments'...
Listing './lib/python3.5/site-packages/robot/running/timeouts'...
Listing './lib/python3.5/site-packages/robot/utils'...
Listing './lib/python3.5/site-packages/robot/variables'...
Listing './lib/python3.5/site-packages/robot/writer'...
Listing './lib/python3.5/site-packages/robotframework_python3-2.9.egg-info'...
Listing './lib/python3.5/site-packages/setuptools'...
Listing './lib/python3.5/site-packages/setuptools/command'...
Listing './lib/python3.5/site-packages/setuptools/extern'...
Listing './lib/python3.5/site-packages/setuptools-32.3.1.dist-info'...
Listing './lib/python3.5/site-packages/six-1.11.0.dist-info'...
Listing './share'...
Listing './share/python-wheels'...
