Listing '.'...
Listing './bin'...
Listing './include'...
Listing './lib'...
Listing './lib/python3.5'...
Listing './lib/python3.5/site-packages'...
Listing './lib/python3.5/site-packages/PIL'...
Listing './lib/python3.5/site-packages/PIL/.libs'...
Listing './lib/python3.5/site-packages/Pillow-5.0.0.dist-info'...
Listing './lib/python3.5/site-packages/pip'...
Listing './lib/python3.5/site-packages/pip/_vendor'...
Listing './lib/python3.5/site-packages/pip/commands'...
Listing './lib/python3.5/site-packages/pip/compat'...
Listing './lib/python3.5/site-packages/pip/models'...
Listing './lib/python3.5/site-packages/pip/operations'...
Listing './lib/python3.5/site-packages/pip/req'...
Listing './lib/python3.5/site-packages/pip/utils'...
Listing './lib/python3.5/site-packages/pip/vcs'...
Listing './lib/python3.5/site-packages/pip-9.0.1.dist-info'...
Listing './lib/python3.5/site-packages/pkg_resources'...
Listing './lib/python3.5/site-packages/pkg_resources/_vendor'...
Listing './lib/python3.5/site-packages/pkg_resources/_vendor/packaging'...
Listing './lib/python3.5/site-packages/pkg_resources/extern'...
Listing './lib/python3.5/site-packages/pkg_resources-0.0.0.dist-info'...
Listing './lib/python3.5/site-packages/robohash'...
Listing './lib/python3.5/site-packages/robohash/backgrounds'...
Listing './lib/python3.5/site-packages/robohash/backgrounds/bg1'...
Listing './lib/python3.5/site-packages/robohash/backgrounds/bg2'...
Listing './lib/python3.5/site-packages/robohash/sets'...
Listing './lib/python3.5/site-packages/robohash/sets/set1'...
Listing './lib/python3.5/site-packages/robohash/sets/set1/blue'...
Listing './lib/python3.5/site-packages/robohash/sets/set1/blue/000#Mouth'...
Listing './lib/python3.5/site-packages/robohash/sets/set1/blue/001#Eyes'...
Listing './lib/python3.5/site-packages/robohash/sets/set1/blue/002#Accessory'...
Listing './lib/python3.5/site-packages/robohash/sets/set1/blue/003#01Body'...
Listing './lib/python3.5/site-packages/robohash/sets/set1/blue/004#02Face'...
Listing './lib/python3.5/site-packages/robohash/sets/set1/brown'...
Listing './lib/python3.5/site-packages/robohash/sets/set1/brown/000#Mouth'...
Listing './lib/python3.5/site-packages/robohash/sets/set1/brown/001#Eyes'...
Listing './lib/python3.5/site-packages/robohash/sets/set1/brown/002#Accessory'...
Listing './lib/python3.5/site-packages/robohash/sets/set1/brown/003#01Body'...
Listing './lib/python3.5/site-packages/robohash/sets/set1/brown/004#02Face'...
Listing './lib/python3.5/site-packages/robohash/sets/set1/green'...
Listing './lib/python3.5/site-packages/robohash/sets/set1/green/000#Mouth'...
Listing './lib/python3.5/site-packages/robohash/sets/set1/green/001#Eyes'...
Listing './lib/python3.5/site-packages/robohash/sets/set1/green/002#Accessory'...
Listing './lib/python3.5/site-packages/robohash/sets/set1/green/003#01Body'...
Listing './lib/python3.5/site-packages/robohash/sets/set1/green/004#02Face'...
Listing './lib/python3.5/site-packages/robohash/sets/set1/grey'...
Listing './lib/python3.5/site-packages/robohash/sets/set1/grey/000#Mouth'...
Listing './lib/python3.5/site-packages/robohash/sets/set1/grey/001#Eyes'...
Listing './lib/python3.5/site-packages/robohash/sets/set1/grey/002#Accessory'...
Listing './lib/python3.5/site-packages/robohash/sets/set1/grey/003#01Body'...
Listing './lib/python3.5/site-packages/robohash/sets/set1/grey/004#02Face'...
Listing './lib/python3.5/site-packages/robohash/sets/set1/orange'...
Listing './lib/python3.5/site-packages/robohash/sets/set1/orange/000#Mouth'...
Listing './lib/python3.5/site-packages/robohash/sets/set1/orange/001#Eyes'...
Listing './lib/python3.5/site-packages/robohash/sets/set1/orange/002#Accessory'...
Listing './lib/python3.5/site-packages/robohash/sets/set1/orange/003#01Body'...
Listing './lib/python3.5/site-packages/robohash/sets/set1/orange/004#02Face'...
Listing './lib/python3.5/site-packages/robohash/sets/set1/pink'...
Listing './lib/python3.5/site-packages/robohash/sets/set1/pink/000#Mouth'...
Listing './lib/python3.5/site-packages/robohash/sets/set1/pink/001#Eyes'...
Listing './lib/python3.5/site-packages/robohash/sets/set1/pink/002#Accessory'...
Listing './lib/python3.5/site-packages/robohash/sets/set1/pink/003#01Body'...
Listing './lib/python3.5/site-packages/robohash/sets/set1/pink/004#02Face'...
Listing './lib/python3.5/site-packages/robohash/sets/set1/purple'...
Listing './lib/python3.5/site-packages/robohash/sets/set1/purple/000#Mouth'...
Listing './lib/python3.5/site-packages/robohash/sets/set1/purple/001#Eyes'...
Listing './lib/python3.5/site-packages/robohash/sets/set1/purple/002#Accessory'...
Listing './lib/python3.5/site-packages/robohash/sets/set1/purple/003#01Body'...
Listing './lib/python3.5/site-packages/robohash/sets/set1/purple/004#02Face'...
Listing './lib/python3.5/site-packages/robohash/sets/set1/red'...
Listing './lib/python3.5/site-packages/robohash/sets/set1/red/000#Mouth'...
Listing './lib/python3.5/site-packages/robohash/sets/set1/red/001#Eyes'...
Listing './lib/python3.5/site-packages/robohash/sets/set1/red/002#Accessory'...
Listing './lib/python3.5/site-packages/robohash/sets/set1/red/003#01Body'...
Listing './lib/python3.5/site-packages/robohash/sets/set1/red/004#02Face'...
Listing './lib/python3.5/site-packages/robohash/sets/set1/white'...
Listing './lib/python3.5/site-packages/robohash/sets/set1/white/000#Mouth'...
Listing './lib/python3.5/site-packages/robohash/sets/set1/white/001#Eyes'...
Listing './lib/python3.5/site-packages/robohash/sets/set1/white/002#Accessory'...
Listing './lib/python3.5/site-packages/robohash/sets/set1/white/003#01Body'...
Listing './lib/python3.5/site-packages/robohash/sets/set1/white/004#02Face'...
Listing './lib/python3.5/site-packages/robohash/sets/set1/yellow'...
Listing './lib/python3.5/site-packages/robohash/sets/set1/yellow/000#Mouth'...
Listing './lib/python3.5/site-packages/robohash/sets/set1/yellow/001#Eyes'...
Listing './lib/python3.5/site-packages/robohash/sets/set1/yellow/002#Accessory'...
Listing './lib/python3.5/site-packages/robohash/sets/set1/yellow/003#01Body'...
Listing './lib/python3.5/site-packages/robohash/sets/set1/yellow/004#02Face'...
Listing './lib/python3.5/site-packages/robohash/sets/set2'...
Listing './lib/python3.5/site-packages/robohash/sets/set2/000#04Body'...
Listing './lib/python3.5/site-packages/robohash/sets/set2/001#Mouth'...
Listing './lib/python3.5/site-packages/robohash/sets/set2/002#Eyes'...
Listing './lib/python3.5/site-packages/robohash/sets/set2/003#02BodyColors'...
Listing './lib/python3.5/site-packages/robohash/sets/set2/004#01FaceColors'...
Listing './lib/python3.5/site-packages/robohash/sets/set2/005#Nose'...
Listing './lib/python3.5/site-packages/robohash/sets/set2/006#03Faces'...
Listing './lib/python3.5/site-packages/robohash/sets/set3'...
Listing './lib/python3.5/site-packages/robohash/sets/set3/000#07Mouth'...
Listing './lib/python3.5/site-packages/robohash/sets/set3/001#02Wave'...
Listing './lib/python3.5/site-packages/robohash/sets/set3/002#05Eyebrows'...
Listing './lib/python3.5/site-packages/robohash/sets/set3/003#04Eyes'...
Listing './lib/python3.5/site-packages/robohash/sets/set3/004#06Nose'...
Listing './lib/python3.5/site-packages/robohash/sets/set3/005#01BaseFace'...
Listing './lib/python3.5/site-packages/robohash/sets/set3/006#03Antenna'...
Listing './lib/python3.5/site-packages/robohash-1.0.egg-info'...
Listing './lib/python3.5/site-packages/setuptools'...
Listing './lib/python3.5/site-packages/setuptools/command'...
Listing './lib/python3.5/site-packages/setuptools/extern'...
Listing './lib/python3.5/site-packages/setuptools-32.3.1.dist-info'...
Listing './lib/python3.5/site-packages/tornado'...
Listing './lib/python3.5/site-packages/tornado/platform'...
Listing './lib/python3.5/site-packages/tornado/test'...
Listing './lib/python3.5/site-packages/tornado/test/csv_translations'...
Listing './lib/python3.5/site-packages/tornado/test/gettext_translations'...
Listing './lib/python3.5/site-packages/tornado/test/gettext_translations/fr_FR'...
Listing './lib/python3.5/site-packages/tornado/test/gettext_translations/fr_FR/LC_MESSAGES'...
Listing './lib/python3.5/site-packages/tornado/test/static'...
Listing './lib/python3.5/site-packages/tornado/test/static/dir'...
Listing './lib/python3.5/site-packages/tornado/test/templates'...
Listing './lib/python3.5/site-packages/tornado-4.5.3.egg-info'...
Listing './share'...
Listing './share/python-wheels'...
