Listing '.'...
Listing './bin'...
Compiling './bin/rpyc_classic.py'...
Compiling './bin/rpyc_registry.py'...
Listing './include'...
Listing './lib'...
Listing './lib/python3.5'...
Listing './lib/python3.5/site-packages'...
Listing './lib/python3.5/site-packages/pip'...
Listing './lib/python3.5/site-packages/pip/_vendor'...
Listing './lib/python3.5/site-packages/pip/commands'...
Listing './lib/python3.5/site-packages/pip/compat'...
Listing './lib/python3.5/site-packages/pip/models'...
Listing './lib/python3.5/site-packages/pip/operations'...
Listing './lib/python3.5/site-packages/pip/req'...
Listing './lib/python3.5/site-packages/pip/utils'...
Listing './lib/python3.5/site-packages/pip/vcs'...
Listing './lib/python3.5/site-packages/pip-9.0.1.dist-info'...
Listing './lib/python3.5/site-packages/pkg_resources'...
Listing './lib/python3.5/site-packages/pkg_resources/_vendor'...
Listing './lib/python3.5/site-packages/pkg_resources/_vendor/packaging'...
Listing './lib/python3.5/site-packages/pkg_resources/extern'...
Listing './lib/python3.5/site-packages/pkg_resources-0.0.0.dist-info'...
Listing './lib/python3.5/site-packages/plumbum'...
Listing './lib/python3.5/site-packages/plumbum/cli'...
Listing './lib/python3.5/site-packages/plumbum/cli/i18n'...
Listing './lib/python3.5/site-packages/plumbum/cli/i18n/de'...
Listing './lib/python3.5/site-packages/plumbum/cli/i18n/de/LC_MESSAGES'...
Listing './lib/python3.5/site-packages/plumbum/cli/i18n/fr'...
Listing './lib/python3.5/site-packages/plumbum/cli/i18n/fr/LC_MESSAGES'...
Listing './lib/python3.5/site-packages/plumbum/cli/i18n/nl'...
Listing './lib/python3.5/site-packages/plumbum/cli/i18n/nl/LC_MESSAGES'...
Listing './lib/python3.5/site-packages/plumbum/cli/i18n/ru'...
Listing './lib/python3.5/site-packages/plumbum/cli/i18n/ru/LC_MESSAGES'...
Listing './lib/python3.5/site-packages/plumbum/colorlib'...
Listing './lib/python3.5/site-packages/plumbum/commands'...
Listing './lib/python3.5/site-packages/plumbum/fs'...
Listing './lib/python3.5/site-packages/plumbum/machines'...
Listing './lib/python3.5/site-packages/plumbum/path'...
Listing './lib/python3.5/site-packages/plumbum-1.6.5.dist-info'...
Listing './lib/python3.5/site-packages/rpyc'...
Listing './lib/python3.5/site-packages/rpyc/core'...
Listing './lib/python3.5/site-packages/rpyc/experimental'...
Listing './lib/python3.5/site-packages/rpyc/lib'...
Listing './lib/python3.5/site-packages/rpyc/utils'...
Listing './lib/python3.5/site-packages/rpyc-3.4.4.dist-info'...
Listing './lib/python3.5/site-packages/setuptools'...
Listing './lib/python3.5/site-packages/setuptools/command'...
Listing './lib/python3.5/site-packages/setuptools/extern'...
Listing './lib/python3.5/site-packages/setuptools-32.3.1.dist-info'...
Listing './share'...
Listing './share/python-wheels'...
