Listing '.'...
Listing './bin'...
Listing './include'...
Listing './lib'...
Listing './lib/python3.5'...
Listing './lib/python3.5/site-packages'...
Listing './lib/python3.5/site-packages/WSGIProxy2-0.4.4.dist-info'...
Listing './lib/python3.5/site-packages/WebOb-1.7.4.dist-info'...
Listing './lib/python3.5/site-packages/WebTest-2.0.29.dist-info'...
Listing './lib/python3.5/site-packages/argparse-1.4.0.dist-info'...
Listing './lib/python3.5/site-packages/beautifulsoup4-4.6.0.dist-info'...
Listing './lib/python3.5/site-packages/bs4'...
Listing './lib/python3.5/site-packages/bs4/builder'...
Listing './lib/python3.5/site-packages/bs4/tests'...
Listing './lib/python3.5/site-packages/extras'...
Listing './lib/python3.5/site-packages/extras/tests'...
Listing './lib/python3.5/site-packages/extras-1.0.0.dist-info'...
Listing './lib/python3.5/site-packages/fixtures'...
Listing './lib/python3.5/site-packages/fixtures/_fixtures'...
Listing './lib/python3.5/site-packages/fixtures/tests'...
Listing './lib/python3.5/site-packages/fixtures/tests/_fixtures'...
Listing './lib/python3.5/site-packages/fixtures-3.0.0.dist-info'...
Listing './lib/python3.5/site-packages/fuzzywuzzy'...
Listing './lib/python3.5/site-packages/fuzzywuzzy-0.16.0.dist-info'...
Listing './lib/python3.5/site-packages/lettuce'...
Compiling './lib/python3.5/site-packages/lettuce/__init__.py'...
***   File "./lib/python3.5/site-packages/lettuce/__init__.py", line 179
    print "Error loading step definitions:\n", e
                                            ^
SyntaxError: Missing parentheses in call to 'print'

Compiling './lib/python3.5/site-packages/lettuce/core.py'...
***   File "./lib/python3.5/site-packages/lettuce/core.py", line 42
    first_of = re.compile(ur'^first_of_')
                                       ^
SyntaxError: invalid syntax

Listing './lib/python3.5/site-packages/lettuce/django'...
Listing './lib/python3.5/site-packages/lettuce/django/mail'...
Listing './lib/python3.5/site-packages/lettuce/django/management'...
Listing './lib/python3.5/site-packages/lettuce/django/management/commands'...
Compiling './lib/python3.5/site-packages/lettuce/django/server.py'...
***   File "./lib/python3.5/site-packages/lettuce/django/server.py", line 294
    print "%s..." % msg
                ^
SyntaxError: Missing parentheses in call to 'print'

Listing './lib/python3.5/site-packages/lettuce/django/steps'...
Compiling './lib/python3.5/site-packages/lettuce/django/steps/models.py'...
***   File "./lib/python3.5/site-packages/lettuce/django/steps/models.py", line 190
    print '%s=%s,' % (field.name, str(getattr(model, field.name))),
                 ^
SyntaxError: invalid syntax

Listing './lib/python3.5/site-packages/lettuce/django/tests'...
Listing './lib/python3.5/site-packages/lettuce/django/tests/functional'...
Listing './lib/python3.5/site-packages/lettuce/django/tests/unit'...
Listing './lib/python3.5/site-packages/lettuce/plugins'...
Compiling './lib/python3.5/site-packages/lettuce/registry.py'...
***   File "./lib/python3.5/site-packages/lettuce/registry.py", line 159
    print "=" * 1000
            ^
SyntaxError: Missing parentheses in call to 'print'

Listing './lib/python3.5/site-packages/lettuce-0.2.23.egg-info'...
Listing './lib/python3.5/site-packages/linecache2'...
Listing './lib/python3.5/site-packages/linecache2/tests'...
Listing './lib/python3.5/site-packages/linecache2-1.0.0.dist-info'...
Listing './lib/python3.5/site-packages/mock'...
Listing './lib/python3.5/site-packages/mock/tests'...
Listing './lib/python3.5/site-packages/mock-2.0.0.dist-info'...
Listing './lib/python3.5/site-packages/nose'...
Listing './lib/python3.5/site-packages/nose/ext'...
Listing './lib/python3.5/site-packages/nose/plugins'...
Listing './lib/python3.5/site-packages/nose/sphinx'...
Listing './lib/python3.5/site-packages/nose/tools'...
Listing './lib/python3.5/site-packages/nose-1.3.7.dist-info'...
Listing './lib/python3.5/site-packages/pbr'...
Listing './lib/python3.5/site-packages/pbr/cmd'...
Listing './lib/python3.5/site-packages/pbr/hooks'...
Listing './lib/python3.5/site-packages/pbr/tests'...
Listing './lib/python3.5/site-packages/pbr/tests/testpackage'...
Listing './lib/python3.5/site-packages/pbr/tests/testpackage/data_files'...
Listing './lib/python3.5/site-packages/pbr/tests/testpackage/doc'...
Listing './lib/python3.5/site-packages/pbr/tests/testpackage/doc/source'...
Listing './lib/python3.5/site-packages/pbr/tests/testpackage/pbr_testpackage'...
Listing './lib/python3.5/site-packages/pbr/tests/testpackage/pbr_testpackage/package_data'...
Listing './lib/python3.5/site-packages/pbr/tests/testpackage/src'...
Listing './lib/python3.5/site-packages/pbr-3.1.1.dist-info'...
Listing './lib/python3.5/site-packages/pip'...
Listing './lib/python3.5/site-packages/pip/_vendor'...
Listing './lib/python3.5/site-packages/pip/commands'...
Listing './lib/python3.5/site-packages/pip/compat'...
Listing './lib/python3.5/site-packages/pip/models'...
Listing './lib/python3.5/site-packages/pip/operations'...
Listing './lib/python3.5/site-packages/pip/req'...
Listing './lib/python3.5/site-packages/pip/utils'...
Listing './lib/python3.5/site-packages/pip/vcs'...
Listing './lib/python3.5/site-packages/pip-9.0.1.dist-info'...
Listing './lib/python3.5/site-packages/pkg_resources'...
Listing './lib/python3.5/site-packages/pkg_resources/_vendor'...
Listing './lib/python3.5/site-packages/pkg_resources/_vendor/packaging'...
Listing './lib/python3.5/site-packages/pkg_resources/extern'...
Listing './lib/python3.5/site-packages/pkg_resources-0.0.0.dist-info'...
Listing './lib/python3.5/site-packages/python_mimeparse-1.6.0.dist-info'...
Listing './lib/python3.5/site-packages/python_subunit-1.2.0.dist-info'...
Listing './lib/python3.5/site-packages/pytz'...
Listing './lib/python3.5/site-packages/pytz/zoneinfo'...
Listing './lib/python3.5/site-packages/pytz/zoneinfo/Africa'...
Listing './lib/python3.5/site-packages/pytz/zoneinfo/America'...
Listing './lib/python3.5/site-packages/pytz/zoneinfo/America/Argentina'...
Listing './lib/python3.5/site-packages/pytz/zoneinfo/America/Indiana'...
Listing './lib/python3.5/site-packages/pytz/zoneinfo/America/Kentucky'...
Listing './lib/python3.5/site-packages/pytz/zoneinfo/America/North_Dakota'...
Listing './lib/python3.5/site-packages/pytz/zoneinfo/Antarctica'...
Listing './lib/python3.5/site-packages/pytz/zoneinfo/Arctic'...
Listing './lib/python3.5/site-packages/pytz/zoneinfo/Asia'...
Listing './lib/python3.5/site-packages/pytz/zoneinfo/Atlantic'...
Listing './lib/python3.5/site-packages/pytz/zoneinfo/Australia'...
Listing './lib/python3.5/site-packages/pytz/zoneinfo/Brazil'...
Listing './lib/python3.5/site-packages/pytz/zoneinfo/Canada'...
Listing './lib/python3.5/site-packages/pytz/zoneinfo/Chile'...
Listing './lib/python3.5/site-packages/pytz/zoneinfo/Etc'...
Listing './lib/python3.5/site-packages/pytz/zoneinfo/Europe'...
Listing './lib/python3.5/site-packages/pytz/zoneinfo/Indian'...
Listing './lib/python3.5/site-packages/pytz/zoneinfo/Mexico'...
Listing './lib/python3.5/site-packages/pytz/zoneinfo/Pacific'...
Listing './lib/python3.5/site-packages/pytz/zoneinfo/US'...
Listing './lib/python3.5/site-packages/pytz-2017.3.dist-info'...
Listing './lib/python3.5/site-packages/salad'...
Listing './lib/python3.5/site-packages/salad/features'...
Listing './lib/python3.5/site-packages/salad/steps'...
Listing './lib/python3.5/site-packages/salad/steps/browser'...
Listing './lib/python3.5/site-packages/salad/terrains'...
Compiling './lib/python3.5/site-packages/salad/terrains/chrome.py'...
***   File "./lib/python3.5/site-packages/salad/terrains/chrome.py", line 11
    except Exception, e:
                    ^
SyntaxError: invalid syntax

Listing './lib/python3.5/site-packages/salad/tests'...
Listing './lib/python3.5/site-packages/salad/tests/html'...
Listing './lib/python3.5/site-packages/salad/tests/html/browser'...
Listing './lib/python3.5/site-packages/salad-0.4.14.egg-info'...
Listing './lib/python3.5/site-packages/selenium'...
Listing './lib/python3.5/site-packages/selenium/common'...
Listing './lib/python3.5/site-packages/selenium/webdriver'...
Listing './lib/python3.5/site-packages/selenium/webdriver/android'...
Listing './lib/python3.5/site-packages/selenium/webdriver/blackberry'...
Listing './lib/python3.5/site-packages/selenium/webdriver/chrome'...
Listing './lib/python3.5/site-packages/selenium/webdriver/common'...
Listing './lib/python3.5/site-packages/selenium/webdriver/common/actions'...
Listing './lib/python3.5/site-packages/selenium/webdriver/common/html5'...
Listing './lib/python3.5/site-packages/selenium/webdriver/edge'...
Listing './lib/python3.5/site-packages/selenium/webdriver/firefox'...
Listing './lib/python3.5/site-packages/selenium/webdriver/firefox/amd64'...
Listing './lib/python3.5/site-packages/selenium/webdriver/firefox/x86'...
Listing './lib/python3.5/site-packages/selenium/webdriver/ie'...
Listing './lib/python3.5/site-packages/selenium/webdriver/opera'...
Listing './lib/python3.5/site-packages/selenium/webdriver/phantomjs'...
Listing './lib/python3.5/site-packages/selenium/webdriver/remote'...
Listing './lib/python3.5/site-packages/selenium/webdriver/safari'...
Listing './lib/python3.5/site-packages/selenium/webdriver/support'...
Listing './lib/python3.5/site-packages/selenium/webdriver/webkitgtk'...
Listing './lib/python3.5/site-packages/selenium-3.8.1.dist-info'...
Listing './lib/python3.5/site-packages/setuptools'...
Listing './lib/python3.5/site-packages/setuptools/command'...
Listing './lib/python3.5/site-packages/setuptools/extern'...
Listing './lib/python3.5/site-packages/setuptools-32.3.1.dist-info'...
Listing './lib/python3.5/site-packages/six-1.11.0.dist-info'...
Listing './lib/python3.5/site-packages/splinter'...
Listing './lib/python3.5/site-packages/splinter/driver'...
Listing './lib/python3.5/site-packages/splinter/driver/webdriver'...
Listing './lib/python3.5/site-packages/splinter/request_handler'...
Listing './lib/python3.5/site-packages/splinter-0.7.7.egg-info'...
Listing './lib/python3.5/site-packages/subunit'...
Listing './lib/python3.5/site-packages/subunit/tests'...
Listing './lib/python3.5/site-packages/sure'...
Listing './lib/python3.5/site-packages/sure-1.4.7.dist-info'...
Listing './lib/python3.5/site-packages/testtools'...
Compiling './lib/python3.5/site-packages/testtools/_compat2x.py'...
***   File "./lib/python3.5/site-packages/testtools/_compat2x.py", line 16
    raise exc_class, exc_obj, exc_tb
                   ^
SyntaxError: invalid syntax

Listing './lib/python3.5/site-packages/testtools/matchers'...
Listing './lib/python3.5/site-packages/testtools/testresult'...
Listing './lib/python3.5/site-packages/testtools/tests'...
Listing './lib/python3.5/site-packages/testtools/tests/matchers'...
Listing './lib/python3.5/site-packages/testtools/tests/twistedsupport'...
Listing './lib/python3.5/site-packages/testtools/twistedsupport'...
Listing './lib/python3.5/site-packages/testtools-2.3.0.dist-info'...
Listing './lib/python3.5/site-packages/traceback2'...
Listing './lib/python3.5/site-packages/traceback2/tests'...
Listing './lib/python3.5/site-packages/traceback2-1.4.0.dist-info'...
Listing './lib/python3.5/site-packages/unittest2'...
Listing './lib/python3.5/site-packages/unittest2/test'...
Listing './lib/python3.5/site-packages/unittest2-1.1.0.dist-info'...
Listing './lib/python3.5/site-packages/waitress'...
Listing './lib/python3.5/site-packages/waitress/tests'...
Listing './lib/python3.5/site-packages/waitress/tests/fixtureapps'...
Listing './lib/python3.5/site-packages/waitress-1.1.0.dist-info'...
Listing './lib/python3.5/site-packages/webob'...
Listing './lib/python3.5/site-packages/webtest'...
Listing './lib/python3.5/site-packages/wsgiproxy'...
Listing './lib/python3.5/site-packages/zope'...
Listing './lib/python3.5/site-packages/zope/cachedescriptors'...
Listing './lib/python3.5/site-packages/zope/event'...
Listing './lib/python3.5/site-packages/zope/interface'...
Listing './lib/python3.5/site-packages/zope/interface/common'...
Listing './lib/python3.5/site-packages/zope/interface/common/tests'...
Listing './lib/python3.5/site-packages/zope/interface/tests'...
Listing './lib/python3.5/site-packages/zope/schema'...
Listing './lib/python3.5/site-packages/zope/schema/tests'...
Listing './lib/python3.5/site-packages/zope/testbrowser'...
Listing './lib/python3.5/site-packages/zope/testbrowser/ftests'...
Listing './lib/python3.5/site-packages/zope/testbrowser/tests'...
Listing './lib/python3.5/site-packages/zope.cachedescriptors-4.3.1.dist-info'...
Listing './lib/python3.5/site-packages/zope.event-4.3.0.dist-info'...
Listing './lib/python3.5/site-packages/zope.interface-4.4.3.dist-info'...
Listing './lib/python3.5/site-packages/zope.schema-4.5.0.dist-info'...
Listing './lib/python3.5/site-packages/zope.testbrowser-5.2.4.egg-info'...
Listing './man'...
Listing './man/man1'...
Listing './selenium'...
Listing './selenium/webdriver'...
Listing './selenium/webdriver/firefox'...
Listing './selenium/webdriver/firefox/amd64'...
Listing './selenium/webdriver/firefox/x86'...
Listing './selenium/webdriver/remote'...
Listing './share'...
Listing './share/python-wheels'...
