Listing '.'...
Listing './bin'...
Compiling './bin/pwiz.py'...
Listing './include'...
Listing './lib'...
Listing './lib/python3.5'...
Listing './lib/python3.5/site-packages'...
Listing './lib/python3.5/site-packages/Cerberus-1.1.egg-info'...
Listing './lib/python3.5/site-packages/PyDispatcher-2.0.5.egg-info'...
Listing './lib/python3.5/site-packages/PyYAML-3.12.egg-info'...
Listing './lib/python3.5/site-packages/argh'...
Listing './lib/python3.5/site-packages/argh-0.26.2.dist-info'...
Listing './lib/python3.5/site-packages/cerberus'...
Listing './lib/python3.5/site-packages/cerberus/tests'...
Listing './lib/python3.5/site-packages/pathtools'...
Listing './lib/python3.5/site-packages/pathtools-0.1.2.egg-info'...
Listing './lib/python3.5/site-packages/peewee-2.10.2.egg-info'...
Listing './lib/python3.5/site-packages/pip'...
Listing './lib/python3.5/site-packages/pip/_vendor'...
Listing './lib/python3.5/site-packages/pip/commands'...
Listing './lib/python3.5/site-packages/pip/compat'...
Listing './lib/python3.5/site-packages/pip/models'...
Listing './lib/python3.5/site-packages/pip/operations'...
Listing './lib/python3.5/site-packages/pip/req'...
Listing './lib/python3.5/site-packages/pip/utils'...
Listing './lib/python3.5/site-packages/pip/vcs'...
Listing './lib/python3.5/site-packages/pip-9.0.1.dist-info'...
Listing './lib/python3.5/site-packages/pkg_resources'...
Listing './lib/python3.5/site-packages/pkg_resources/_vendor'...
Listing './lib/python3.5/site-packages/pkg_resources/_vendor/packaging'...
Listing './lib/python3.5/site-packages/pkg_resources/extern'...
Listing './lib/python3.5/site-packages/pkg_resources-0.0.0.dist-info'...
Listing './lib/python3.5/site-packages/playhouse'...
Listing './lib/python3.5/site-packages/ptyprocess'...
Listing './lib/python3.5/site-packages/ptyprocess-0.5.2.dist-info'...
Listing './lib/python3.5/site-packages/pydispatch'...
Listing './lib/python3.5/site-packages/python_magic-0.4.15.dist-info'...
Listing './lib/python3.5/site-packages/sandstone'...
Listing './lib/python3.5/site-packages/sandstone/apps'...
Listing './lib/python3.5/site-packages/sandstone/apps/codeeditor'...
Listing './lib/python3.5/site-packages/sandstone/apps/codeeditor/static'...
Listing './lib/python3.5/site-packages/sandstone/apps/codeeditor/static/templates'...
Listing './lib/python3.5/site-packages/sandstone/apps/codeeditor/tests'...
Listing './lib/python3.5/site-packages/sandstone/apps/codeeditor/tests/e2e'...
Listing './lib/python3.5/site-packages/sandstone/apps/codeeditor/tests/js'...
Listing './lib/python3.5/site-packages/sandstone/apps/filebrowser'...
Compiling './lib/python3.5/site-packages/sandstone/apps/filebrowser/handlers.py'...
***   File "./lib/python3.5/site-packages/sandstone/apps/filebrowser/handlers.py", line 32
    os.chmod(dest_path, 0644)
                           ^
SyntaxError: invalid token

Listing './lib/python3.5/site-packages/sandstone/apps/filebrowser/static'...
Listing './lib/python3.5/site-packages/sandstone/apps/filebrowser/static/fb-filedetails'...
Listing './lib/python3.5/site-packages/sandstone/apps/filebrowser/static/syncfocuswith'...
Listing './lib/python3.5/site-packages/sandstone/apps/filebrowser/static/templates'...
Listing './lib/python3.5/site-packages/sandstone/apps/filebrowser/tests'...
Listing './lib/python3.5/site-packages/sandstone/apps/filebrowser/tests/e2e'...
Listing './lib/python3.5/site-packages/sandstone/apps/filebrowser/tests/js'...
Listing './lib/python3.5/site-packages/sandstone/apps/webterminal'...
Listing './lib/python3.5/site-packages/sandstone/apps/webterminal/static'...
Listing './lib/python3.5/site-packages/sandstone/client'...
Listing './lib/python3.5/site-packages/sandstone/client/sandstone'...
Listing './lib/python3.5/site-packages/sandstone/client/sandstone/bower_components'...
Listing './lib/python3.5/site-packages/sandstone/client/sandstone/bower_components/ace-builds'...
Listing './lib/python3.5/site-packages/sandstone/client/sandstone/bower_components/ace-builds/src'...
Listing './lib/python3.5/site-packages/sandstone/client/sandstone/bower_components/ace-builds/src/snippets'...
Listing './lib/python3.5/site-packages/sandstone/client/sandstone/bower_components/ace-builds/src-min'...
Listing './lib/python3.5/site-packages/sandstone/client/sandstone/bower_components/ace-builds/src-min/snippets'...
Listing './lib/python3.5/site-packages/sandstone/client/sandstone/bower_components/ace-builds/src-min-noconflict'...
Listing './lib/python3.5/site-packages/sandstone/client/sandstone/bower_components/ace-builds/src-min-noconflict/snippets'...
Listing './lib/python3.5/site-packages/sandstone/client/sandstone/bower_components/ace-builds/src-noconflict'...
Listing './lib/python3.5/site-packages/sandstone/client/sandstone/bower_components/ace-builds/src-noconflict/snippets'...
Listing './lib/python3.5/site-packages/sandstone/client/sandstone/bower_components/ace-builds/textarea'...
Listing './lib/python3.5/site-packages/sandstone/client/sandstone/bower_components/ace-builds/textarea/src'...
Listing './lib/python3.5/site-packages/sandstone/client/sandstone/bower_components/angular'...
Listing './lib/python3.5/site-packages/sandstone/client/sandstone/bower_components/angular-bootstrap'...
Listing './lib/python3.5/site-packages/sandstone/client/sandstone/bower_components/angular-file-upload'...
Listing './lib/python3.5/site-packages/sandstone/client/sandstone/bower_components/angular-file-upload/dist'...
Listing './lib/python3.5/site-packages/sandstone/client/sandstone/bower_components/angular-file-upload/src'...
Listing './lib/python3.5/site-packages/sandstone/client/sandstone/bower_components/angular-file-upload/src/directives'...
Listing './lib/python3.5/site-packages/sandstone/client/sandstone/bower_components/angular-file-upload/src/services'...
Listing './lib/python3.5/site-packages/sandstone/client/sandstone/bower_components/angular-file-upload/src/values'...
Listing './lib/python3.5/site-packages/sandstone/client/sandstone/bower_components/angular-loader'...
Listing './lib/python3.5/site-packages/sandstone/client/sandstone/bower_components/angular-mocks'...
Listing './lib/python3.5/site-packages/sandstone/client/sandstone/bower_components/angular-smart-table'...
Listing './lib/python3.5/site-packages/sandstone/client/sandstone/bower_components/angular-smart-table/dist'...
Listing './lib/python3.5/site-packages/sandstone/client/sandstone/bower_components/angular-smart-table/src'...
Listing './lib/python3.5/site-packages/sandstone/client/sandstone/bower_components/angular-tree-control'...
Listing './lib/python3.5/site-packages/sandstone/client/sandstone/bower_components/angular-tree-control/css'...
Listing './lib/python3.5/site-packages/sandstone/client/sandstone/bower_components/angular-tree-control/demo'...
Listing './lib/python3.5/site-packages/sandstone/client/sandstone/bower_components/angular-tree-control/fonts'...
Listing './lib/python3.5/site-packages/sandstone/client/sandstone/bower_components/angular-tree-control/images'...
Listing './lib/python3.5/site-packages/sandstone/client/sandstone/bower_components/angular-ui-ace'...
Listing './lib/python3.5/site-packages/sandstone/client/sandstone/bower_components/angular-ui-ace/src'...
Listing './lib/python3.5/site-packages/sandstone/client/sandstone/bower_components/angular-ui-router'...
Listing './lib/python3.5/site-packages/sandstone/client/sandstone/bower_components/angular-ui-router/api'...
Listing './lib/python3.5/site-packages/sandstone/client/sandstone/bower_components/angular-ui-router/release'...
Listing './lib/python3.5/site-packages/sandstone/client/sandstone/bower_components/angular-ui-router/src'...
Listing './lib/python3.5/site-packages/sandstone/client/sandstone/bower_components/bootstrap'...
Listing './lib/python3.5/site-packages/sandstone/client/sandstone/bower_components/bootstrap/dist'...
Listing './lib/python3.5/site-packages/sandstone/client/sandstone/bower_components/bootstrap/dist/css'...
Listing './lib/python3.5/site-packages/sandstone/client/sandstone/bower_components/bootstrap/dist/fonts'...
Listing './lib/python3.5/site-packages/sandstone/client/sandstone/bower_components/bootstrap/dist/js'...
Listing './lib/python3.5/site-packages/sandstone/client/sandstone/bower_components/bootstrap/fonts'...
Listing './lib/python3.5/site-packages/sandstone/client/sandstone/bower_components/bootstrap/grunt'...
Listing './lib/python3.5/site-packages/sandstone/client/sandstone/bower_components/bootstrap/js'...
Listing './lib/python3.5/site-packages/sandstone/client/sandstone/bower_components/bootstrap/less'...
Listing './lib/python3.5/site-packages/sandstone/client/sandstone/bower_components/bootstrap/less/mixins'...
Listing './lib/python3.5/site-packages/sandstone/client/sandstone/bower_components/bootstrap/nuget'...
Listing './lib/python3.5/site-packages/sandstone/client/sandstone/bower_components/html5-boilerplate'...
Listing './lib/python3.5/site-packages/sandstone/client/sandstone/bower_components/html5-boilerplate/css'...
Listing './lib/python3.5/site-packages/sandstone/client/sandstone/bower_components/html5-boilerplate/doc'...
Listing './lib/python3.5/site-packages/sandstone/client/sandstone/bower_components/html5-boilerplate/img'...
Listing './lib/python3.5/site-packages/sandstone/client/sandstone/bower_components/html5-boilerplate/js'...
Listing './lib/python3.5/site-packages/sandstone/client/sandstone/bower_components/html5-boilerplate/js/vendor'...
Listing './lib/python3.5/site-packages/sandstone/client/sandstone/bower_components/jquery'...
Listing './lib/python3.5/site-packages/sandstone/client/sandstone/bower_components/jquery/dist'...
Listing './lib/python3.5/site-packages/sandstone/client/sandstone/bower_components/jquery/external'...
Listing './lib/python3.5/site-packages/sandstone/client/sandstone/bower_components/jquery/external/sizzle'...
Listing './lib/python3.5/site-packages/sandstone/client/sandstone/bower_components/jquery/src'...
Listing './lib/python3.5/site-packages/sandstone/client/sandstone/bower_components/jquery/src/ajax'...
Listing './lib/python3.5/site-packages/sandstone/client/sandstone/bower_components/jquery/src/attributes'...
Listing './lib/python3.5/site-packages/sandstone/client/sandstone/bower_components/jquery/src/core'...
Listing './lib/python3.5/site-packages/sandstone/client/sandstone/bower_components/jquery/src/css'...
Listing './lib/python3.5/site-packages/sandstone/client/sandstone/bower_components/jquery/src/data'...
Listing './lib/python3.5/site-packages/sandstone/client/sandstone/bower_components/jquery/src/deferred'...
Listing './lib/python3.5/site-packages/sandstone/client/sandstone/bower_components/jquery/src/effects'...
Listing './lib/python3.5/site-packages/sandstone/client/sandstone/bower_components/jquery/src/event'...
Listing './lib/python3.5/site-packages/sandstone/client/sandstone/bower_components/jquery/src/exports'...
Listing './lib/python3.5/site-packages/sandstone/client/sandstone/bower_components/jquery/src/manipulation'...
Listing './lib/python3.5/site-packages/sandstone/client/sandstone/bower_components/jquery/src/queue'...
Listing './lib/python3.5/site-packages/sandstone/client/sandstone/bower_components/jquery/src/traversing'...
Listing './lib/python3.5/site-packages/sandstone/client/sandstone/bower_components/jquery/src/var'...
Listing './lib/python3.5/site-packages/sandstone/client/sandstone/bower_components/ng-context-menu'...
Listing './lib/python3.5/site-packages/sandstone/client/sandstone/bower_components/ng-context-menu/dist'...
Listing './lib/python3.5/site-packages/sandstone/client/sandstone/bower_components/term.js'...
Listing './lib/python3.5/site-packages/sandstone/client/sandstone/bower_components/term.js/src'...
Listing './lib/python3.5/site-packages/sandstone/client/sandstone/components'...
Listing './lib/python3.5/site-packages/sandstone/client/sandstone/components/acemodes'...
Listing './lib/python3.5/site-packages/sandstone/client/sandstone/components/acemodes/tests'...
Listing './lib/python3.5/site-packages/sandstone/client/sandstone/components/alertsdirective'...
Listing './lib/python3.5/site-packages/sandstone/client/sandstone/components/alertsdirective/templates'...
Listing './lib/python3.5/site-packages/sandstone/client/sandstone/components/broadcastservice'...
Listing './lib/python3.5/site-packages/sandstone/client/sandstone/components/broadcastservice/tests'...
Listing './lib/python3.5/site-packages/sandstone/client/sandstone/components/filesystemservice'...
Listing './lib/python3.5/site-packages/sandstone/client/sandstone/components/filesystemservice/tests'...
Listing './lib/python3.5/site-packages/sandstone/client/sandstone/components/filetreedirective'...
Listing './lib/python3.5/site-packages/sandstone/client/sandstone/components/filetreedirective/templates'...
Listing './lib/python3.5/site-packages/sandstone/client/sandstone/components/filetreedirective/tests'...
Listing './lib/python3.5/site-packages/sandstone/client/sandstone/components/states'...
Listing './lib/python3.5/site-packages/sandstone/client/sandstone/components/version'...
Listing './lib/python3.5/site-packages/sandstone/client/sandstone/components/websocketservice'...
Listing './lib/python3.5/site-packages/sandstone/lib'...
Listing './lib/python3.5/site-packages/sandstone/lib/broadcast'...
Listing './lib/python3.5/site-packages/sandstone/lib/db'...
Listing './lib/python3.5/site-packages/sandstone/lib/filesystem'...
Compiling './lib/python3.5/site-packages/sandstone/lib/filesystem/handlers.py'...
***   File "./lib/python3.5/site-packages/sandstone/lib/filesystem/handlers.py", line 207
    except OSError, IOError:
                  ^
SyntaxError: invalid syntax

Compiling './lib/python3.5/site-packages/sandstone/lib/filesystem/schemas.py'...
***   File "./lib/python3.5/site-packages/sandstone/lib/filesystem/schemas.py", line 33
    print kwargs
               ^
SyntaxError: Missing parentheses in call to 'print'

Listing './lib/python3.5/site-packages/sandstone/lib/handlers'...
Listing './lib/python3.5/site-packages/sandstone/lib/templates'...
Listing './lib/python3.5/site-packages/sandstone/lib/tests'...
Listing './lib/python3.5/site-packages/sandstone/lib/tests/python'...
Listing './lib/python3.5/site-packages/sandstone/lib/tests/python/broadcast'...
Listing './lib/python3.5/site-packages/sandstone/lib/tests/python/filesystem'...
Compiling './lib/python3.5/site-packages/sandstone/lib/tests/python/filesystem/test_filesystem_interfaces.py'...
***   File "./lib/python3.5/site-packages/sandstone/lib/tests/python/filesystem/test_filesystem_interfaces.py", line 323
    self.assertEqual(os.stat(dp)[ST_MODE],040777)
                                               ^
SyntaxError: invalid token

Listing './lib/python3.5/site-packages/sandstone-1.1.2.egg-info'...
Listing './lib/python3.5/site-packages/setuptools'...
Listing './lib/python3.5/site-packages/setuptools/command'...
Listing './lib/python3.5/site-packages/setuptools/extern'...
Listing './lib/python3.5/site-packages/setuptools-32.3.1.dist-info'...
Listing './lib/python3.5/site-packages/simplepam-0.1.5.egg-info'...
Listing './lib/python3.5/site-packages/terminado'...
Listing './lib/python3.5/site-packages/terminado/_static'...
Listing './lib/python3.5/site-packages/terminado/tests'...
Listing './lib/python3.5/site-packages/terminado-0.8.1.dist-info'...
Listing './lib/python3.5/site-packages/tornado'...
Listing './lib/python3.5/site-packages/tornado/platform'...
Listing './lib/python3.5/site-packages/tornado/test'...
Listing './lib/python3.5/site-packages/tornado/test/csv_translations'...
Listing './lib/python3.5/site-packages/tornado/test/gettext_translations'...
Listing './lib/python3.5/site-packages/tornado/test/gettext_translations/fr_FR'...
Listing './lib/python3.5/site-packages/tornado/test/gettext_translations/fr_FR/LC_MESSAGES'...
Listing './lib/python3.5/site-packages/tornado/test/static'...
Listing './lib/python3.5/site-packages/tornado/test/static/dir'...
Listing './lib/python3.5/site-packages/tornado/test/templates'...
Listing './lib/python3.5/site-packages/tornado-4.3.egg-info'...
Listing './lib/python3.5/site-packages/watchdog'...
Listing './lib/python3.5/site-packages/watchdog/observers'...
Listing './lib/python3.5/site-packages/watchdog/tricks'...
Listing './lib/python3.5/site-packages/watchdog/utils'...
Listing './lib/python3.5/site-packages/watchdog-0.8.3.egg-info'...
Listing './lib/python3.5/site-packages/yaml'...
Listing './share'...
Listing './share/python-wheels'...
