Listing '.'...
Listing './bin'...
Listing './include'...
Listing './lib'...
Listing './lib/python3.5'...
Listing './lib/python3.5/site-packages'...
Listing './lib/python3.5/site-packages/SQLAlchemy-1.2.0.egg-info'...
Listing './lib/python3.5/site-packages/Whoosh-2.7.4.dist-info'...
Listing './lib/python3.5/site-packages/certifi'...
Listing './lib/python3.5/site-packages/certifi-2017.11.5.dist-info'...
Listing './lib/python3.5/site-packages/chardet'...
Listing './lib/python3.5/site-packages/chardet/cli'...
Listing './lib/python3.5/site-packages/chardet-3.0.4.dist-info'...
Listing './lib/python3.5/site-packages/docopt-0.6.2.egg-info'...
Listing './lib/python3.5/site-packages/future'...
Listing './lib/python3.5/site-packages/future/backports'...
Listing './lib/python3.5/site-packages/future/backports/email'...
Listing './lib/python3.5/site-packages/future/backports/email/mime'...
Listing './lib/python3.5/site-packages/future/backports/html'...
Listing './lib/python3.5/site-packages/future/backports/http'...
Listing './lib/python3.5/site-packages/future/backports/test'...
Listing './lib/python3.5/site-packages/future/backports/urllib'...
Listing './lib/python3.5/site-packages/future/backports/xmlrpc'...
Listing './lib/python3.5/site-packages/future/builtins'...
Listing './lib/python3.5/site-packages/future/moves'...
Listing './lib/python3.5/site-packages/future/moves/dbm'...
Listing './lib/python3.5/site-packages/future/moves/html'...
Listing './lib/python3.5/site-packages/future/moves/http'...
Listing './lib/python3.5/site-packages/future/moves/test'...
Listing './lib/python3.5/site-packages/future/moves/tkinter'...
Listing './lib/python3.5/site-packages/future/moves/urllib'...
Listing './lib/python3.5/site-packages/future/moves/xmlrpc'...
Listing './lib/python3.5/site-packages/future/standard_library'...
Listing './lib/python3.5/site-packages/future/tests'...
Listing './lib/python3.5/site-packages/future/types'...
Listing './lib/python3.5/site-packages/future/utils'...
Listing './lib/python3.5/site-packages/future-0.16.0.egg-info'...
Listing './lib/python3.5/site-packages/hdfs'...
Listing './lib/python3.5/site-packages/hdfs/ext'...
Listing './lib/python3.5/site-packages/hdfs/ext/avro'...
Listing './lib/python3.5/site-packages/hdfs-2.1.0.egg-info'...
Listing './lib/python3.5/site-packages/idna'...
Listing './lib/python3.5/site-packages/idna-2.6.dist-info'...
Listing './lib/python3.5/site-packages/libfuturize'...
Listing './lib/python3.5/site-packages/libfuturize/fixes'...
Listing './lib/python3.5/site-packages/libpasteurize'...
Listing './lib/python3.5/site-packages/libpasteurize/fixes'...
Listing './lib/python3.5/site-packages/past'...
Listing './lib/python3.5/site-packages/past/builtins'...
Listing './lib/python3.5/site-packages/past/tests'...
Listing './lib/python3.5/site-packages/past/translation'...
Listing './lib/python3.5/site-packages/past/types'...
Listing './lib/python3.5/site-packages/past/utils'...
Listing './lib/python3.5/site-packages/pip'...
Listing './lib/python3.5/site-packages/pip/_vendor'...
Listing './lib/python3.5/site-packages/pip/commands'...
Listing './lib/python3.5/site-packages/pip/compat'...
Listing './lib/python3.5/site-packages/pip/models'...
Listing './lib/python3.5/site-packages/pip/operations'...
Listing './lib/python3.5/site-packages/pip/req'...
Listing './lib/python3.5/site-packages/pip/utils'...
Listing './lib/python3.5/site-packages/pip/vcs'...
Listing './lib/python3.5/site-packages/pip-9.0.1.dist-info'...
Listing './lib/python3.5/site-packages/pkg_resources'...
Listing './lib/python3.5/site-packages/pkg_resources/_vendor'...
Listing './lib/python3.5/site-packages/pkg_resources/_vendor/packaging'...
Listing './lib/python3.5/site-packages/pkg_resources/extern'...
Listing './lib/python3.5/site-packages/pkg_resources-0.0.0.dist-info'...
Listing './lib/python3.5/site-packages/requests'...
Listing './lib/python3.5/site-packages/requests-2.18.4.dist-info'...
Listing './lib/python3.5/site-packages/schemaindex'...
Listing './lib/python3.5/site-packages/schemaindex/app'...
Compiling './lib/python3.5/site-packages/schemaindex/app/__init__.py'...
Listing './lib/python3.5/site-packages/schemaindex/app/static'...
Listing './lib/python3.5/site-packages/schemaindex/app/static/adminlte'...
Listing './lib/python3.5/site-packages/schemaindex/app/static/adminlte/css'...
Listing './lib/python3.5/site-packages/schemaindex/app/static/adminlte/css/alt'...
Listing './lib/python3.5/site-packages/schemaindex/app/static/adminlte/css/skins'...
Listing './lib/python3.5/site-packages/schemaindex/app/static/adminlte/img'...
Listing './lib/python3.5/site-packages/schemaindex/app/static/adminlte/js'...
Listing './lib/python3.5/site-packages/schemaindex/app/static/adminlte/js/pages'...
Listing './lib/python3.5/site-packages/schemaindex/app/static/bootstrap'...
Listing './lib/python3.5/site-packages/schemaindex/app/static/bootstrap/css'...
Listing './lib/python3.5/site-packages/schemaindex/app/static/bootstrap/fonts'...
Listing './lib/python3.5/site-packages/schemaindex/app/static/bootstrap/js'...
Listing './lib/python3.5/site-packages/schemaindex/app/static/res'...
Listing './lib/python3.5/site-packages/schemaindex/app/static/res/font-awesome-4.7.0'...
Listing './lib/python3.5/site-packages/schemaindex/app/static/res/font-awesome-4.7.0/css'...
Listing './lib/python3.5/site-packages/schemaindex/app/static/res/font-awesome-4.7.0/fonts'...
Listing './lib/python3.5/site-packages/schemaindex/app/static/res/font-awesome-4.7.0/less'...
Listing './lib/python3.5/site-packages/schemaindex/app/static/res/font-awesome-4.7.0/scss'...
Listing './lib/python3.5/site-packages/schemaindex/app/templates'...
Listing './lib/python3.5/site-packages/schemaindex/app/templates/adminlte'...
Listing './lib/python3.5/site-packages/schemaindex/plugin'...
Listing './lib/python3.5/site-packages/schemaindex/plugin/hdfsindex'...
Listing './lib/python3.5/site-packages/schemaindex/plugin/hdfsindex/.ipynb_checkpoints'...
Listing './lib/python3.5/site-packages/schemaindex/plugin/hdfsindex/java'...
Listing './lib/python3.5/site-packages/schemaindex/plugin/hdfsindex/java/lib'...
Listing './lib/python3.5/site-packages/schemaindex/plugin/hdfsindex/java/src'...
Listing './lib/python3.5/site-packages/schemaindex/plugin/hdfsindex/java/src/com'...
Listing './lib/python3.5/site-packages/schemaindex/plugin/hdfsindex/java/src/com/schemaindex'...
Listing './lib/python3.5/site-packages/schemaindex/plugin/sqlalchemyindex'...
Listing './lib/python3.5/site-packages/schemaindex-0.22.egg-info'...
Listing './lib/python3.5/site-packages/setuptools'...
Listing './lib/python3.5/site-packages/setuptools/command'...
Listing './lib/python3.5/site-packages/setuptools/extern'...
Listing './lib/python3.5/site-packages/setuptools-32.3.1.dist-info'...
Listing './lib/python3.5/site-packages/six-1.11.0.dist-info'...
Listing './lib/python3.5/site-packages/sqlalchemy'...
Listing './lib/python3.5/site-packages/sqlalchemy/connectors'...
Listing './lib/python3.5/site-packages/sqlalchemy/databases'...
Listing './lib/python3.5/site-packages/sqlalchemy/dialects'...
Listing './lib/python3.5/site-packages/sqlalchemy/dialects/firebird'...
Listing './lib/python3.5/site-packages/sqlalchemy/dialects/mssql'...
Listing './lib/python3.5/site-packages/sqlalchemy/dialects/mysql'...
Listing './lib/python3.5/site-packages/sqlalchemy/dialects/oracle'...
Listing './lib/python3.5/site-packages/sqlalchemy/dialects/postgresql'...
Listing './lib/python3.5/site-packages/sqlalchemy/dialects/sqlite'...
Listing './lib/python3.5/site-packages/sqlalchemy/dialects/sybase'...
Listing './lib/python3.5/site-packages/sqlalchemy/engine'...
Listing './lib/python3.5/site-packages/sqlalchemy/event'...
Listing './lib/python3.5/site-packages/sqlalchemy/ext'...
Listing './lib/python3.5/site-packages/sqlalchemy/ext/declarative'...
Listing './lib/python3.5/site-packages/sqlalchemy/orm'...
Listing './lib/python3.5/site-packages/sqlalchemy/sql'...
Listing './lib/python3.5/site-packages/sqlalchemy/testing'...
Listing './lib/python3.5/site-packages/sqlalchemy/testing/plugin'...
Listing './lib/python3.5/site-packages/sqlalchemy/testing/suite'...
Listing './lib/python3.5/site-packages/sqlalchemy/util'...
Listing './lib/python3.5/site-packages/tornado'...
Listing './lib/python3.5/site-packages/tornado/platform'...
Listing './lib/python3.5/site-packages/tornado/test'...
Listing './lib/python3.5/site-packages/tornado/test/csv_translations'...
Listing './lib/python3.5/site-packages/tornado/test/gettext_translations'...
Listing './lib/python3.5/site-packages/tornado/test/gettext_translations/fr_FR'...
Listing './lib/python3.5/site-packages/tornado/test/gettext_translations/fr_FR/LC_MESSAGES'...
Listing './lib/python3.5/site-packages/tornado/test/static'...
Listing './lib/python3.5/site-packages/tornado/test/static/dir'...
Listing './lib/python3.5/site-packages/tornado/test/templates'...
Listing './lib/python3.5/site-packages/tornado-4.5.3.egg-info'...
Listing './lib/python3.5/site-packages/urllib3'...
Listing './lib/python3.5/site-packages/urllib3/contrib'...
Listing './lib/python3.5/site-packages/urllib3/contrib/_securetransport'...
Listing './lib/python3.5/site-packages/urllib3/packages'...
Listing './lib/python3.5/site-packages/urllib3/packages/backports'...
Listing './lib/python3.5/site-packages/urllib3/packages/ssl_match_hostname'...
Listing './lib/python3.5/site-packages/urllib3/util'...
Listing './lib/python3.5/site-packages/urllib3-1.22.dist-info'...
Listing './lib/python3.5/site-packages/whoosh'...
Listing './lib/python3.5/site-packages/whoosh/analysis'...
Listing './lib/python3.5/site-packages/whoosh/automata'...
Listing './lib/python3.5/site-packages/whoosh/codec'...
Listing './lib/python3.5/site-packages/whoosh/filedb'...
Listing './lib/python3.5/site-packages/whoosh/lang'...
Listing './lib/python3.5/site-packages/whoosh/lang/snowball'...
Listing './lib/python3.5/site-packages/whoosh/matching'...
Listing './lib/python3.5/site-packages/whoosh/qparser'...
Listing './lib/python3.5/site-packages/whoosh/query'...
Listing './lib/python3.5/site-packages/whoosh/support'...
Listing './lib/python3.5/site-packages/whoosh/util'...
Listing './share'...
Listing './share/python-wheels'...
