Listing '.'...
Listing './bin'...
Compiling './bin/bottle.py'...
Listing './include'...
Listing './lib'...
Listing './lib/python3.5'...
Listing './lib/python3.5/site-packages'...
Listing './lib/python3.5/site-packages/GitPython-0.3.6.egg-info'...
Listing './lib/python3.5/site-packages/PyYAML-3.11.egg-info'...
Listing './lib/python3.5/site-packages/Schwa-0.1.dev27.egg-info'...
Listing './lib/python3.5/site-packages/bottle-0.12.7.egg-info'...
Listing './lib/python3.5/site-packages/deap'...
Listing './lib/python3.5/site-packages/deap/benchmarks'...
Listing './lib/python3.5/site-packages/deap/tests'...
Listing './lib/python3.5/site-packages/deap/tools'...
Listing './lib/python3.5/site-packages/deap-1.0.1.egg-info'...
Listing './lib/python3.5/site-packages/git'...
Listing './lib/python3.5/site-packages/git/index'...
Listing './lib/python3.5/site-packages/git/objects'...
Listing './lib/python3.5/site-packages/git/objects/submodule'...
Listing './lib/python3.5/site-packages/git/refs'...
Listing './lib/python3.5/site-packages/git/repo'...
Listing './lib/python3.5/site-packages/git/test'...
Listing './lib/python3.5/site-packages/git/test/fixtures'...
Listing './lib/python3.5/site-packages/git/test/lib'...
Listing './lib/python3.5/site-packages/git/test/performance'...
Listing './lib/python3.5/site-packages/gitdb'...
Listing './lib/python3.5/site-packages/gitdb/db'...
Listing './lib/python3.5/site-packages/gitdb/test'...
Listing './lib/python3.5/site-packages/gitdb/utils'...
Listing './lib/python3.5/site-packages/gitdb-0.6.4.egg-info'...
Listing './lib/python3.5/site-packages/nose'...
Listing './lib/python3.5/site-packages/nose/ext'...
Listing './lib/python3.5/site-packages/nose/plugins'...
Listing './lib/python3.5/site-packages/nose/sphinx'...
Listing './lib/python3.5/site-packages/nose/tools'...
Listing './lib/python3.5/site-packages/nose-1.3.4.dist-info'...
Listing './lib/python3.5/site-packages/pip'...
Listing './lib/python3.5/site-packages/pip/_vendor'...
Listing './lib/python3.5/site-packages/pip/commands'...
Listing './lib/python3.5/site-packages/pip/compat'...
Listing './lib/python3.5/site-packages/pip/models'...
Listing './lib/python3.5/site-packages/pip/operations'...
Listing './lib/python3.5/site-packages/pip/req'...
Listing './lib/python3.5/site-packages/pip/utils'...
Listing './lib/python3.5/site-packages/pip/vcs'...
Listing './lib/python3.5/site-packages/pip-9.0.1.dist-info'...
Listing './lib/python3.5/site-packages/pkg_resources'...
Listing './lib/python3.5/site-packages/pkg_resources/_vendor'...
Listing './lib/python3.5/site-packages/pkg_resources/_vendor/packaging'...
Listing './lib/python3.5/site-packages/pkg_resources/extern'...
Listing './lib/python3.5/site-packages/pkg_resources-0.0.0.dist-info'...
Listing './lib/python3.5/site-packages/ply'...
Listing './lib/python3.5/site-packages/ply-3.4.egg-info'...
Listing './lib/python3.5/site-packages/plyj'...
Listing './lib/python3.5/site-packages/schwa'...
Listing './lib/python3.5/site-packages/schwa/analysis'...
Listing './lib/python3.5/site-packages/schwa/extraction'...
Listing './lib/python3.5/site-packages/schwa/learning'...
Listing './lib/python3.5/site-packages/schwa/parsing'...
Listing './lib/python3.5/site-packages/schwa/repository'...
Listing './lib/python3.5/site-packages/schwa/test'...
Listing './lib/python3.5/site-packages/schwa/web'...
Listing './lib/python3.5/site-packages/schwa/web/static'...
Listing './lib/python3.5/site-packages/schwa/web/views'...
Listing './lib/python3.5/site-packages/setuptools'...
Listing './lib/python3.5/site-packages/setuptools/command'...
Listing './lib/python3.5/site-packages/setuptools/extern'...
Listing './lib/python3.5/site-packages/setuptools-32.3.1.dist-info'...
Listing './lib/python3.5/site-packages/smmap'...
Listing './lib/python3.5/site-packages/smmap/test'...
Listing './lib/python3.5/site-packages/smmap-0.9.0.egg-info'...
Listing './lib/python3.5/site-packages/yaml'...
Listing './man'...
Listing './man/man1'...
Listing './share'...
Listing './share/python-wheels'...
