Listing '.'...
Listing './bin'...
Listing './include'...
Listing './lib'...
Listing './lib/python3.5'...
Listing './lib/python3.5/site-packages'...
Listing './lib/python3.5/site-packages/.libs_cffi_backend'...
Listing './lib/python3.5/site-packages/CairoSVG-2.1.3.dist-info'...
Listing './lib/python3.5/site-packages/PIL'...
Listing './lib/python3.5/site-packages/PIL/.libs'...
Listing './lib/python3.5/site-packages/Pillow-5.0.0.dist-info'...
Listing './lib/python3.5/site-packages/cairocffi'...
Listing './lib/python3.5/site-packages/cairocffi-0.8.0.egg-info'...
Listing './lib/python3.5/site-packages/cairosvg'...
Listing './lib/python3.5/site-packages/cffi'...
Listing './lib/python3.5/site-packages/cffi-1.11.3.dist-info'...
Listing './lib/python3.5/site-packages/csscompressor'...
Listing './lib/python3.5/site-packages/csscompressor/tests'...
Listing './lib/python3.5/site-packages/csscompressor-0.9.5.egg-info'...
Listing './lib/python3.5/site-packages/cssselect2'...
Listing './lib/python3.5/site-packages/cssselect2/tests'...
Listing './lib/python3.5/site-packages/cssselect2-0.2.1.dist-info'...
Listing './lib/python3.5/site-packages/defusedxml'...
Listing './lib/python3.5/site-packages/defusedxml-0.5.0.dist-info'...
Listing './lib/python3.5/site-packages/pip'...
Listing './lib/python3.5/site-packages/pip/_vendor'...
Listing './lib/python3.5/site-packages/pip/commands'...
Listing './lib/python3.5/site-packages/pip/compat'...
Listing './lib/python3.5/site-packages/pip/models'...
Listing './lib/python3.5/site-packages/pip/operations'...
Listing './lib/python3.5/site-packages/pip/req'...
Listing './lib/python3.5/site-packages/pip/utils'...
Listing './lib/python3.5/site-packages/pip/vcs'...
Listing './lib/python3.5/site-packages/pip-9.0.1.dist-info'...
Listing './lib/python3.5/site-packages/pkg_resources'...
Listing './lib/python3.5/site-packages/pkg_resources/_vendor'...
Listing './lib/python3.5/site-packages/pkg_resources/_vendor/packaging'...
Listing './lib/python3.5/site-packages/pkg_resources/extern'...
Listing './lib/python3.5/site-packages/pkg_resources-0.0.0.dist-info'...
Listing './lib/python3.5/site-packages/pycparser'...
Listing './lib/python3.5/site-packages/pycparser/ply'...
Listing './lib/python3.5/site-packages/pycparser-2.18.egg-info'...
Listing './lib/python3.5/site-packages/score'...
Listing './lib/python3.5/site-packages/score/css'...
Listing './lib/python3.5/site-packages/score/init'...
Listing './lib/python3.5/site-packages/score/init/config'...
Listing './lib/python3.5/site-packages/score/svg'...
Listing './lib/python3.5/site-packages/score/tpl'...
Listing './lib/python3.5/site-packages/score/webassets'...
Listing './lib/python3.5/site-packages/score.css-0.3.0.egg-info'...
Listing './lib/python3.5/site-packages/score.init-0.5.6.egg-info'...
Listing './lib/python3.5/site-packages/score.svg-0.2.1.egg-info'...
Listing './lib/python3.5/site-packages/score.tpl-0.3.6.egg-info'...
Listing './lib/python3.5/site-packages/score.webassets-0.3.9.egg-info'...
Listing './lib/python3.5/site-packages/setuptools'...
Listing './lib/python3.5/site-packages/setuptools/command'...
Listing './lib/python3.5/site-packages/setuptools/extern'...
Listing './lib/python3.5/site-packages/setuptools-32.3.1.dist-info'...
Listing './lib/python3.5/site-packages/tinycss2'...
Listing './lib/python3.5/site-packages/tinycss2/css-parsing-tests'...
Listing './lib/python3.5/site-packages/tinycss2-0.6.1.dist-info'...
Listing './lib/python3.5/site-packages/webencodings'...
Listing './lib/python3.5/site-packages/webencodings-0.5.1.dist-info'...
Listing './lib/python3.5/site-packages/xxhash'...
Listing './lib/python3.5/site-packages/xxhash-1.0.1.egg-info'...
Listing './share'...
Listing './share/python-wheels'...
