Listing '.'...
Listing './bin'...
Listing './include'...
Listing './lib'...
Listing './lib/python3.5'...
Listing './lib/python3.5/site-packages'...
Listing './lib/python3.5/site-packages/Agora_Client-0.5.0.egg-info'...
Listing './lib/python3.5/site-packages/Agora_Stoa_Client-0.2.2.egg-info'...
Listing './lib/python3.5/site-packages/Flask-0.12.2.dist-info'...
Listing './lib/python3.5/site-packages/Flask_Negotiate-0.1.0.egg-info'...
Listing './lib/python3.5/site-packages/Fragment_Service_Provider-0.1.1.egg-info'...
Listing './lib/python3.5/site-packages/Jinja2-2.10.dist-info'...
Listing './lib/python3.5/site-packages/MarkupSafe-1.0.egg-info'...
Listing './lib/python3.5/site-packages/SDH_Metrics-0.3.0.egg-info'...
Listing './lib/python3.5/site-packages/SDH_ORG_Metrics-0.17.1a0.egg-info'...
Listing './lib/python3.5/site-packages/SPARQLWrapper'...
Listing './lib/python3.5/site-packages/SPARQLWrapper-1.7.2.egg-info'...
Listing './lib/python3.5/site-packages/Werkzeug-0.14.1.dist-info'...
Listing './lib/python3.5/site-packages/agora'...
Listing './lib/python3.5/site-packages/agora/client'...
Listing './lib/python3.5/site-packages/agora/stoa'...
Listing './lib/python3.5/site-packages/agora/stoa/client'...
Listing './lib/python3.5/site-packages/blessings'...
Listing './lib/python3.5/site-packages/blessings-1.6.1.dist-info'...
Listing './lib/python3.5/site-packages/certifi'...
Listing './lib/python3.5/site-packages/certifi-2017.11.5.dist-info'...
Listing './lib/python3.5/site-packages/chardet'...
Listing './lib/python3.5/site-packages/chardet/cli'...
Listing './lib/python3.5/site-packages/chardet-3.0.4.dist-info'...
Listing './lib/python3.5/site-packages/click'...
Listing './lib/python3.5/site-packages/click-6.7.dist-info'...
Listing './lib/python3.5/site-packages/concurrent'...
Listing './lib/python3.5/site-packages/concurrent/futures'...
Compiling './lib/python3.5/site-packages/concurrent/futures/_base.py'...
***   File "./lib/python3.5/site-packages/concurrent/futures/_base.py", line 381
    raise exception_type, self._exception, self._traceback
                        ^
SyntaxError: invalid syntax

Listing './lib/python3.5/site-packages/flask'...
Listing './lib/python3.5/site-packages/flask/ext'...
Listing './lib/python3.5/site-packages/futures-3.1.1.egg-info'...
Listing './lib/python3.5/site-packages/hiredis'...
Listing './lib/python3.5/site-packages/hiredis-0.2.0.egg-info'...
Listing './lib/python3.5/site-packages/idna'...
Listing './lib/python3.5/site-packages/idna-2.6.dist-info'...
Listing './lib/python3.5/site-packages/isodate'...
Listing './lib/python3.5/site-packages/isodate/tests'...
Listing './lib/python3.5/site-packages/isodate-0.6.0.dist-info'...
Listing './lib/python3.5/site-packages/itsdangerous-0.24.egg-info'...
Listing './lib/python3.5/site-packages/jinja2'...
Compiling './lib/python3.5/site-packages/jinja2/asyncfilters.py'...
***   File "./lib/python3.5/site-packages/jinja2/asyncfilters.py", line 24
    yield item
    ^
SyntaxError: 'yield' inside async function

Compiling './lib/python3.5/site-packages/jinja2/asyncsupport.py'...
***   File "./lib/python3.5/site-packages/jinja2/asyncsupport.py", line 35
    yield event
    ^
SyntaxError: 'yield' inside async function

Listing './lib/python3.5/site-packages/keepalive'...
Listing './lib/python3.5/site-packages/keepalive-0.5.egg-info'...
Listing './lib/python3.5/site-packages/markupsafe'...
Listing './lib/python3.5/site-packages/pika'...
Listing './lib/python3.5/site-packages/pika/adapters'...
Listing './lib/python3.5/site-packages/pika-0.11.2.dist-info'...
Listing './lib/python3.5/site-packages/pip'...
Listing './lib/python3.5/site-packages/pip/_vendor'...
Listing './lib/python3.5/site-packages/pip/commands'...
Listing './lib/python3.5/site-packages/pip/compat'...
Listing './lib/python3.5/site-packages/pip/models'...
Listing './lib/python3.5/site-packages/pip/operations'...
Listing './lib/python3.5/site-packages/pip/req'...
Listing './lib/python3.5/site-packages/pip/utils'...
Listing './lib/python3.5/site-packages/pip/vcs'...
Listing './lib/python3.5/site-packages/pip-9.0.1.dist-info'...
Listing './lib/python3.5/site-packages/pkg_resources'...
Listing './lib/python3.5/site-packages/pkg_resources/_vendor'...
Listing './lib/python3.5/site-packages/pkg_resources/_vendor/packaging'...
Listing './lib/python3.5/site-packages/pkg_resources/extern'...
Listing './lib/python3.5/site-packages/pkg_resources-0.0.0.dist-info'...
Listing './lib/python3.5/site-packages/pyparsing-2.2.0.dist-info'...
Listing './lib/python3.5/site-packages/pytz'...
Listing './lib/python3.5/site-packages/pytz/zoneinfo'...
Listing './lib/python3.5/site-packages/pytz/zoneinfo/Africa'...
Listing './lib/python3.5/site-packages/pytz/zoneinfo/America'...
Listing './lib/python3.5/site-packages/pytz/zoneinfo/America/Argentina'...
Listing './lib/python3.5/site-packages/pytz/zoneinfo/America/Indiana'...
Listing './lib/python3.5/site-packages/pytz/zoneinfo/America/Kentucky'...
Listing './lib/python3.5/site-packages/pytz/zoneinfo/America/North_Dakota'...
Listing './lib/python3.5/site-packages/pytz/zoneinfo/Antarctica'...
Listing './lib/python3.5/site-packages/pytz/zoneinfo/Arctic'...
Listing './lib/python3.5/site-packages/pytz/zoneinfo/Asia'...
Listing './lib/python3.5/site-packages/pytz/zoneinfo/Atlantic'...
Listing './lib/python3.5/site-packages/pytz/zoneinfo/Australia'...
Listing './lib/python3.5/site-packages/pytz/zoneinfo/Brazil'...
Listing './lib/python3.5/site-packages/pytz/zoneinfo/Canada'...
Listing './lib/python3.5/site-packages/pytz/zoneinfo/Chile'...
Listing './lib/python3.5/site-packages/pytz/zoneinfo/Etc'...
Listing './lib/python3.5/site-packages/pytz/zoneinfo/Europe'...
Listing './lib/python3.5/site-packages/pytz/zoneinfo/Indian'...
Listing './lib/python3.5/site-packages/pytz/zoneinfo/Mexico'...
Listing './lib/python3.5/site-packages/pytz/zoneinfo/Pacific'...
Listing './lib/python3.5/site-packages/pytz/zoneinfo/US'...
Listing './lib/python3.5/site-packages/pytz-2017.3.dist-info'...
Listing './lib/python3.5/site-packages/rdflib'...
Listing './lib/python3.5/site-packages/rdflib/extras'...
Listing './lib/python3.5/site-packages/rdflib/plugins'...
Listing './lib/python3.5/site-packages/rdflib/plugins/parsers'...
Listing './lib/python3.5/site-packages/rdflib/plugins/parsers/pyMicrodata'...
Listing './lib/python3.5/site-packages/rdflib/plugins/parsers/pyRdfa'...
Listing './lib/python3.5/site-packages/rdflib/plugins/parsers/pyRdfa/extras'...
Listing './lib/python3.5/site-packages/rdflib/plugins/parsers/pyRdfa/host'...
Listing './lib/python3.5/site-packages/rdflib/plugins/parsers/pyRdfa/rdfs'...
Listing './lib/python3.5/site-packages/rdflib/plugins/parsers/pyRdfa/transform'...
Listing './lib/python3.5/site-packages/rdflib/plugins/serializers'...
Listing './lib/python3.5/site-packages/rdflib/plugins/sparql'...
Listing './lib/python3.5/site-packages/rdflib/plugins/sparql/results'...
Listing './lib/python3.5/site-packages/rdflib/plugins/stores'...
Listing './lib/python3.5/site-packages/rdflib/tools'...
Listing './lib/python3.5/site-packages/rdflib-4.2.2.dist-info'...
Listing './lib/python3.5/site-packages/redis'...
Listing './lib/python3.5/site-packages/redis-2.10.6.dist-info'...
Listing './lib/python3.5/site-packages/requests'...
Listing './lib/python3.5/site-packages/requests-2.18.4.dist-info'...
Listing './lib/python3.5/site-packages/sdh'...
Listing './lib/python3.5/site-packages/sdh/fragments'...
Listing './lib/python3.5/site-packages/sdh/fragments/jobs'...
Compiling './lib/python3.5/site-packages/sdh/fragments/jobs/query.py'...
***   File "./lib/python3.5/site-packages/sdh/fragments/jobs/query.py", line 78
    print headers, res
                ^
SyntaxError: Missing parentheses in call to 'print'

Listing './lib/python3.5/site-packages/sdh/fragments/server'...
Compiling './lib/python3.5/site-packages/sdh/fragments/server/base.py'...
***   File "./lib/python3.5/site-packages/sdh/fragments/server/base.py", line 125
    except Exception, e:
                    ^
SyntaxError: invalid syntax

Listing './lib/python3.5/site-packages/sdh/metrics'...
Listing './lib/python3.5/site-packages/sdh/metrics/jobs'...
Compiling './lib/python3.5/site-packages/sdh/metrics/jobs/calculus.py'...
***   File "./lib/python3.5/site-packages/sdh/metrics/jobs/calculus.py", line 105
    except Exception, e:
                    ^
SyntaxError: invalid syntax

Listing './lib/python3.5/site-packages/sdh/metrics/org'...
Compiling './lib/python3.5/site-packages/sdh/metrics/org/__init__.py'...
***   File "./lib/python3.5/site-packages/sdh/metrics/org/__init__.py", line 138
    def add_repository((r, _, rid)):
                       ^
SyntaxError: invalid syntax

Listing './lib/python3.5/site-packages/sdh/metrics/server'...
Compiling './lib/python3.5/site-packages/sdh/metrics/server/__init__.py'...
***   File "./lib/python3.5/site-packages/sdh/metrics/server/__init__.py", line 300
    except ValueError, e:
                     ^
SyntaxError: invalid syntax

Listing './lib/python3.5/site-packages/sdh/metrics/store'...
Compiling './lib/python3.5/site-packages/sdh/metrics/store/fragment.py'...
***   File "./lib/python3.5/site-packages/sdh/metrics/store/fragment.py", line 49
    except Exception, e:
                    ^
SyntaxError: invalid syntax

Listing './lib/python3.5/site-packages/setuptools'...
Listing './lib/python3.5/site-packages/setuptools/command'...
Listing './lib/python3.5/site-packages/setuptools/extern'...
Listing './lib/python3.5/site-packages/setuptools-32.3.1.dist-info'...
Listing './lib/python3.5/site-packages/shortuuid'...
Listing './lib/python3.5/site-packages/shortuuid-0.5.0.egg-info'...
Listing './lib/python3.5/site-packages/six-1.11.0.dist-info'...
Listing './lib/python3.5/site-packages/urllib3'...
Listing './lib/python3.5/site-packages/urllib3/contrib'...
Listing './lib/python3.5/site-packages/urllib3/contrib/_securetransport'...
Listing './lib/python3.5/site-packages/urllib3/packages'...
Listing './lib/python3.5/site-packages/urllib3/packages/backports'...
Listing './lib/python3.5/site-packages/urllib3/packages/ssl_match_hostname'...
Listing './lib/python3.5/site-packages/urllib3/util'...
Listing './lib/python3.5/site-packages/urllib3-1.22.dist-info'...
Listing './lib/python3.5/site-packages/werkzeug'...
Listing './lib/python3.5/site-packages/werkzeug/contrib'...
Listing './lib/python3.5/site-packages/werkzeug/debug'...
Listing './lib/python3.5/site-packages/werkzeug/debug/shared'...
Listing './share'...
Listing './share/python-wheels'...
