Listing '.'...
Listing './bin'...
Listing './include'...
Listing './lib'...
Listing './lib/python3.5'...
Listing './lib/python3.5/site-packages'...
Listing './lib/python3.5/site-packages/SDoc-0.9.0.egg-info'...
Listing './lib/python3.5/site-packages/antlr4'...
Listing './lib/python3.5/site-packages/antlr4/atn'...
Listing './lib/python3.5/site-packages/antlr4/dfa'...
Listing './lib/python3.5/site-packages/antlr4/error'...
Listing './lib/python3.5/site-packages/antlr4/tree'...
Listing './lib/python3.5/site-packages/antlr4/xpath'...
Listing './lib/python3.5/site-packages/antlr4_python3_runtime-4.7.1.egg-info'...
Listing './lib/python3.5/site-packages/backpack'...
Listing './lib/python3.5/site-packages/backpack/_utils'...
Listing './lib/python3.5/site-packages/backpack/collections'...
Listing './lib/python3.5/site-packages/backpack-0.1.egg-info'...
Listing './lib/python3.5/site-packages/cleo'...
Listing './lib/python3.5/site-packages/cleo/commands'...
Listing './lib/python3.5/site-packages/cleo/commands/completions'...
Listing './lib/python3.5/site-packages/cleo/descriptors'...
Listing './lib/python3.5/site-packages/cleo/exceptions'...
Listing './lib/python3.5/site-packages/cleo/formatters'...
Listing './lib/python3.5/site-packages/cleo/helpers'...
Listing './lib/python3.5/site-packages/cleo/inputs'...
Listing './lib/python3.5/site-packages/cleo/outputs'...
Listing './lib/python3.5/site-packages/cleo/questions'...
Listing './lib/python3.5/site-packages/cleo/styles'...
Listing './lib/python3.5/site-packages/cleo/testers'...
Listing './lib/python3.5/site-packages/cleo/validators'...
Listing './lib/python3.5/site-packages/cleo-0.6.1.dist-info'...
Listing './lib/python3.5/site-packages/httplib2'...
Listing './lib/python3.5/site-packages/httplib2-0.10.3.egg-info'...
Listing './lib/python3.5/site-packages/pastel'...
Listing './lib/python3.5/site-packages/pastel-0.1.0.dist-info'...
Listing './lib/python3.5/site-packages/pip'...
Listing './lib/python3.5/site-packages/pip/_vendor'...
Listing './lib/python3.5/site-packages/pip/commands'...
Listing './lib/python3.5/site-packages/pip/compat'...
Listing './lib/python3.5/site-packages/pip/models'...
Listing './lib/python3.5/site-packages/pip/operations'...
Listing './lib/python3.5/site-packages/pip/req'...
Listing './lib/python3.5/site-packages/pip/utils'...
Listing './lib/python3.5/site-packages/pip/vcs'...
Listing './lib/python3.5/site-packages/pip-9.0.1.dist-info'...
Listing './lib/python3.5/site-packages/pkg_resources'...
Listing './lib/python3.5/site-packages/pkg_resources/_vendor'...
Listing './lib/python3.5/site-packages/pkg_resources/_vendor/packaging'...
Listing './lib/python3.5/site-packages/pkg_resources/extern'...
Listing './lib/python3.5/site-packages/pkg_resources-0.0.0.dist-info'...
Listing './lib/python3.5/site-packages/pylev-1.3.0.dist-info'...
Listing './lib/python3.5/site-packages/sdoc'...
Listing './lib/python3.5/site-packages/sdoc/antlr'...
Listing './lib/python3.5/site-packages/sdoc/application'...
Listing './lib/python3.5/site-packages/sdoc/command'...
Listing './lib/python3.5/site-packages/sdoc/format'...
Listing './lib/python3.5/site-packages/sdoc/helper'...
Listing './lib/python3.5/site-packages/sdoc/sdoc'...
Listing './lib/python3.5/site-packages/sdoc/sdoc1'...
Listing './lib/python3.5/site-packages/sdoc/sdoc1/data_type'...
Listing './lib/python3.5/site-packages/sdoc/sdoc2'...
Listing './lib/python3.5/site-packages/sdoc/sdoc2/formatter'...
Listing './lib/python3.5/site-packages/sdoc/sdoc2/formatter/html'...
Listing './lib/python3.5/site-packages/sdoc/sdoc2/helper'...
Listing './lib/python3.5/site-packages/sdoc/sdoc2/node'...
Listing './lib/python3.5/site-packages/setuptools'...
Listing './lib/python3.5/site-packages/setuptools/command'...
Listing './lib/python3.5/site-packages/setuptools/extern'...
Listing './lib/python3.5/site-packages/setuptools-32.3.1.dist-info'...
Listing './lib/python3.5/site-packages/simplejson'...
Listing './lib/python3.5/site-packages/simplejson/tests'...
Listing './lib/python3.5/site-packages/simplejson-3.13.2.egg-info'...
Listing './share'...
Listing './share/python-wheels'...
