Listing '.'...
Listing './bin'...
Listing './include'...
Listing './lib'...
Listing './lib/python3.5'...
Listing './lib/python3.5/site-packages'...
Listing './lib/python3.5/site-packages/pip'...
Listing './lib/python3.5/site-packages/pip/_vendor'...
Listing './lib/python3.5/site-packages/pip/commands'...
Listing './lib/python3.5/site-packages/pip/compat'...
Listing './lib/python3.5/site-packages/pip/models'...
Listing './lib/python3.5/site-packages/pip/operations'...
Listing './lib/python3.5/site-packages/pip/req'...
Listing './lib/python3.5/site-packages/pip/utils'...
Listing './lib/python3.5/site-packages/pip/vcs'...
Listing './lib/python3.5/site-packages/pip-9.0.1.dist-info'...
Listing './lib/python3.5/site-packages/pkg_resources'...
Listing './lib/python3.5/site-packages/pkg_resources/_vendor'...
Listing './lib/python3.5/site-packages/pkg_resources/_vendor/packaging'...
Listing './lib/python3.5/site-packages/pkg_resources/extern'...
Listing './lib/python3.5/site-packages/pkg_resources-0.0.0.dist-info'...
Listing './lib/python3.5/site-packages/setuptools'...
Listing './lib/python3.5/site-packages/setuptools/command'...
Listing './lib/python3.5/site-packages/setuptools/extern'...
Listing './lib/python3.5/site-packages/setuptools-32.3.1.dist-info'...
Listing './lib/python3.5/site-packages/shardcache_client'...
Compiling './lib/python3.5/site-packages/shardcache_client/chash.py'...
***   File "./lib/python3.5/site-packages/shardcache_client/chash.py", line 79
    print "server" + str(i+1) + "=" + str(totals[i])
                 ^
SyntaxError: invalid syntax

Compiling './lib/python3.5/site-packages/shardcache_client/client.py'...
***   File "./lib/python3.5/site-packages/shardcache_client/client.py", line 224
    except Exception, e:
                    ^
SyntaxError: invalid syntax

Compiling './lib/python3.5/site-packages/shardcache_client/siphash.py'...
***   File "./lib/python3.5/site-packages/shardcache_client/siphash.py", line 138
    print 'all test vectors passed'
                                  ^
SyntaxError: Missing parentheses in call to 'print'

Listing './lib/python3.5/site-packages/shardcache_client-1.0.egg-info'...
Listing './share'...
Listing './share/python-wheels'...
