Listing '.'...
Listing './bin'...
Compiling './bin/jp.py'...
Listing './include'...
Listing './lib'...
Listing './lib/python3.5'...
Listing './lib/python3.5/site-packages'...
Listing './lib/python3.5/site-packages/botocore'...
Listing './lib/python3.5/site-packages/botocore/data'...
Listing './lib/python3.5/site-packages/botocore/data/aws'...
Listing './lib/python3.5/site-packages/botocore/data/aws/autoscaling'...
Listing './lib/python3.5/site-packages/botocore/data/aws/cloudformation'...
Listing './lib/python3.5/site-packages/botocore/data/aws/cloudfront'...
Listing './lib/python3.5/site-packages/botocore/data/aws/cloudsearch'...
Listing './lib/python3.5/site-packages/botocore/data/aws/cloudsearchdomain'...
Listing './lib/python3.5/site-packages/botocore/data/aws/cloudtrail'...
Listing './lib/python3.5/site-packages/botocore/data/aws/cloudwatch'...
Listing './lib/python3.5/site-packages/botocore/data/aws/cognito-identity'...
Listing './lib/python3.5/site-packages/botocore/data/aws/cognito-sync'...
Listing './lib/python3.5/site-packages/botocore/data/aws/datapipeline'...
Listing './lib/python3.5/site-packages/botocore/data/aws/directconnect'...
Listing './lib/python3.5/site-packages/botocore/data/aws/dynamodb'...
Listing './lib/python3.5/site-packages/botocore/data/aws/ec2'...
Listing './lib/python3.5/site-packages/botocore/data/aws/elasticache'...
Listing './lib/python3.5/site-packages/botocore/data/aws/elasticbeanstalk'...
Listing './lib/python3.5/site-packages/botocore/data/aws/elastictranscoder'...
Listing './lib/python3.5/site-packages/botocore/data/aws/elb'...
Listing './lib/python3.5/site-packages/botocore/data/aws/emr'...
Listing './lib/python3.5/site-packages/botocore/data/aws/iam'...
Listing './lib/python3.5/site-packages/botocore/data/aws/importexport'...
Listing './lib/python3.5/site-packages/botocore/data/aws/kinesis'...
Listing './lib/python3.5/site-packages/botocore/data/aws/logs'...
Listing './lib/python3.5/site-packages/botocore/data/aws/opsworks'...
Listing './lib/python3.5/site-packages/botocore/data/aws/rds'...
Listing './lib/python3.5/site-packages/botocore/data/aws/redshift'...
Listing './lib/python3.5/site-packages/botocore/data/aws/route53'...
Listing './lib/python3.5/site-packages/botocore/data/aws/route53domains'...
Listing './lib/python3.5/site-packages/botocore/data/aws/s3'...
Listing './lib/python3.5/site-packages/botocore/data/aws/sdb'...
Listing './lib/python3.5/site-packages/botocore/data/aws/ses'...
Listing './lib/python3.5/site-packages/botocore/data/aws/sns'...
Listing './lib/python3.5/site-packages/botocore/data/aws/sqs'...
Listing './lib/python3.5/site-packages/botocore/data/aws/storagegateway'...
Listing './lib/python3.5/site-packages/botocore/data/aws/sts'...
Listing './lib/python3.5/site-packages/botocore/data/aws/support'...
Listing './lib/python3.5/site-packages/botocore/data/aws/swf'...
Listing './lib/python3.5/site-packages/botocore/vendored'...
Listing './lib/python3.5/site-packages/botocore/vendored/requests'...
Listing './lib/python3.5/site-packages/botocore/vendored/requests/packages'...
Listing './lib/python3.5/site-packages/botocore/vendored/requests/packages/charade'...
Listing './lib/python3.5/site-packages/botocore/vendored/requests/packages/urllib3'...
Listing './lib/python3.5/site-packages/botocore/vendored/requests/packages/urllib3/contrib'...
Listing './lib/python3.5/site-packages/botocore/vendored/requests/packages/urllib3/packages'...
Listing './lib/python3.5/site-packages/botocore/vendored/requests/packages/urllib3/packages/ssl_match_hostname'...
Listing './lib/python3.5/site-packages/botocore-0.63.0.egg-info'...
Listing './lib/python3.5/site-packages/click'...
Listing './lib/python3.5/site-packages/click-2.4.dist-info'...
Listing './lib/python3.5/site-packages/dateutil'...
Listing './lib/python3.5/site-packages/dateutil/tz'...
Listing './lib/python3.5/site-packages/dateutil/zoneinfo'...
Listing './lib/python3.5/site-packages/elasticsearch'...
Listing './lib/python3.5/site-packages/elasticsearch/client'...
Listing './lib/python3.5/site-packages/elasticsearch/connection'...
Listing './lib/python3.5/site-packages/elasticsearch/connection/esthrift'...
Listing './lib/python3.5/site-packages/elasticsearch/helpers'...
Listing './lib/python3.5/site-packages/elasticsearch-1.1.1.dist-info'...
Listing './lib/python3.5/site-packages/jmespath'...
Listing './lib/python3.5/site-packages/jmespath-0.9.3.dist-info'...
Listing './lib/python3.5/site-packages/pip'...
Listing './lib/python3.5/site-packages/pip/_vendor'...
Listing './lib/python3.5/site-packages/pip/commands'...
Listing './lib/python3.5/site-packages/pip/compat'...
Listing './lib/python3.5/site-packages/pip/models'...
Listing './lib/python3.5/site-packages/pip/operations'...
Listing './lib/python3.5/site-packages/pip/req'...
Listing './lib/python3.5/site-packages/pip/utils'...
Listing './lib/python3.5/site-packages/pip/vcs'...
Listing './lib/python3.5/site-packages/pip-9.0.1.dist-info'...
Listing './lib/python3.5/site-packages/pkg_resources'...
Listing './lib/python3.5/site-packages/pkg_resources/_vendor'...
Listing './lib/python3.5/site-packages/pkg_resources/_vendor/packaging'...
Listing './lib/python3.5/site-packages/pkg_resources/extern'...
Listing './lib/python3.5/site-packages/pkg_resources-0.0.0.dist-info'...
Listing './lib/python3.5/site-packages/python_dateutil-2.6.1.dist-info'...
Listing './lib/python3.5/site-packages/pytz'...
Listing './lib/python3.5/site-packages/pytz/zoneinfo'...
Listing './lib/python3.5/site-packages/pytz/zoneinfo/Africa'...
Listing './lib/python3.5/site-packages/pytz/zoneinfo/America'...
Listing './lib/python3.5/site-packages/pytz/zoneinfo/America/Argentina'...
Listing './lib/python3.5/site-packages/pytz/zoneinfo/America/Indiana'...
Listing './lib/python3.5/site-packages/pytz/zoneinfo/America/Kentucky'...
Listing './lib/python3.5/site-packages/pytz/zoneinfo/America/North_Dakota'...
Listing './lib/python3.5/site-packages/pytz/zoneinfo/Antarctica'...
Listing './lib/python3.5/site-packages/pytz/zoneinfo/Arctic'...
Listing './lib/python3.5/site-packages/pytz/zoneinfo/Asia'...
Listing './lib/python3.5/site-packages/pytz/zoneinfo/Atlantic'...
Listing './lib/python3.5/site-packages/pytz/zoneinfo/Australia'...
Listing './lib/python3.5/site-packages/pytz/zoneinfo/Brazil'...
Listing './lib/python3.5/site-packages/pytz/zoneinfo/Canada'...
Listing './lib/python3.5/site-packages/pytz/zoneinfo/Chile'...
Listing './lib/python3.5/site-packages/pytz/zoneinfo/Etc'...
Listing './lib/python3.5/site-packages/pytz/zoneinfo/Europe'...
Listing './lib/python3.5/site-packages/pytz/zoneinfo/Indian'...
Listing './lib/python3.5/site-packages/pytz/zoneinfo/Mexico'...
Listing './lib/python3.5/site-packages/pytz/zoneinfo/Pacific'...
Listing './lib/python3.5/site-packages/pytz/zoneinfo/US'...
Listing './lib/python3.5/site-packages/pytz-2014.7.egg-info'...
Listing './lib/python3.5/site-packages/setuptools'...
Listing './lib/python3.5/site-packages/setuptools/command'...
Listing './lib/python3.5/site-packages/setuptools/extern'...
Listing './lib/python3.5/site-packages/setuptools-32.3.1.dist-info'...
Listing './lib/python3.5/site-packages/six-1.11.0.dist-info'...
Listing './lib/python3.5/site-packages/skew'...
Listing './lib/python3.5/site-packages/skew/arn'...
Listing './lib/python3.5/site-packages/skew/resources'...
Listing './lib/python3.5/site-packages/skew/resources/aws'...
Listing './lib/python3.5/site-packages/skew-0.9.0.egg-info'...
Listing './lib/python3.5/site-packages/skewer'...
Listing './lib/python3.5/site-packages/skewer-0.1.egg-info'...
Listing './lib/python3.5/site-packages/urllib3'...
Listing './lib/python3.5/site-packages/urllib3/contrib'...
Listing './lib/python3.5/site-packages/urllib3/contrib/_securetransport'...
Listing './lib/python3.5/site-packages/urllib3/packages'...
Listing './lib/python3.5/site-packages/urllib3/packages/backports'...
Listing './lib/python3.5/site-packages/urllib3/packages/ssl_match_hostname'...
Listing './lib/python3.5/site-packages/urllib3/util'...
Listing './lib/python3.5/site-packages/urllib3-1.22.dist-info'...
Listing './share'...
Listing './share/python-wheels'...
