Listing '.'...
Listing './bin'...
Listing './include'...
Listing './lib'...
Listing './lib/python3.5'...
Listing './lib/python3.5/site-packages'...
Listing './lib/python3.5/site-packages/Crypto'...
Listing './lib/python3.5/site-packages/Crypto/Cipher'...
Listing './lib/python3.5/site-packages/Crypto/Hash'...
Listing './lib/python3.5/site-packages/Crypto/IO'...
Listing './lib/python3.5/site-packages/Crypto/Math'...
Listing './lib/python3.5/site-packages/Crypto/Protocol'...
Listing './lib/python3.5/site-packages/Crypto/PublicKey'...
Listing './lib/python3.5/site-packages/Crypto/Random'...
Listing './lib/python3.5/site-packages/Crypto/SelfTest'...
Listing './lib/python3.5/site-packages/Crypto/SelfTest/Cipher'...
Listing './lib/python3.5/site-packages/Crypto/SelfTest/Cipher/test_vectors'...
Listing './lib/python3.5/site-packages/Crypto/SelfTest/Cipher/test_vectors/AES'...
Listing './lib/python3.5/site-packages/Crypto/SelfTest/Cipher/test_vectors/TDES'...
Listing './lib/python3.5/site-packages/Crypto/SelfTest/Hash'...
Listing './lib/python3.5/site-packages/Crypto/SelfTest/Hash/test_vectors'...
Listing './lib/python3.5/site-packages/Crypto/SelfTest/Hash/test_vectors/BLAKE2b'...
Listing './lib/python3.5/site-packages/Crypto/SelfTest/Hash/test_vectors/BLAKE2s'...
Listing './lib/python3.5/site-packages/Crypto/SelfTest/Hash/test_vectors/SHA3'...
Listing './lib/python3.5/site-packages/Crypto/SelfTest/Hash/test_vectors/keccak'...
Listing './lib/python3.5/site-packages/Crypto/SelfTest/IO'...
Listing './lib/python3.5/site-packages/Crypto/SelfTest/Math'...
Listing './lib/python3.5/site-packages/Crypto/SelfTest/Protocol'...
Listing './lib/python3.5/site-packages/Crypto/SelfTest/PublicKey'...
Listing './lib/python3.5/site-packages/Crypto/SelfTest/PublicKey/test_vectors'...
Listing './lib/python3.5/site-packages/Crypto/SelfTest/PublicKey/test_vectors/ECC'...
Listing './lib/python3.5/site-packages/Crypto/SelfTest/Random'...
Listing './lib/python3.5/site-packages/Crypto/SelfTest/Signature'...
Listing './lib/python3.5/site-packages/Crypto/SelfTest/Signature/test_vectors'...
Listing './lib/python3.5/site-packages/Crypto/SelfTest/Signature/test_vectors/DSA'...
Listing './lib/python3.5/site-packages/Crypto/SelfTest/Signature/test_vectors/ECDSA'...
Listing './lib/python3.5/site-packages/Crypto/SelfTest/Signature/test_vectors/PKCS1-PSS'...
Listing './lib/python3.5/site-packages/Crypto/SelfTest/Signature/test_vectors/PKCS1-v1.5'...
Listing './lib/python3.5/site-packages/Crypto/SelfTest/Util'...
Listing './lib/python3.5/site-packages/Crypto/Signature'...
Listing './lib/python3.5/site-packages/Crypto/Util'...
Listing './lib/python3.5/site-packages/certifi'...
Listing './lib/python3.5/site-packages/certifi-2017.11.5.dist-info'...
Listing './lib/python3.5/site-packages/chardet'...
Listing './lib/python3.5/site-packages/chardet/cli'...
Listing './lib/python3.5/site-packages/chardet-3.0.4.dist-info'...
Listing './lib/python3.5/site-packages/click'...
Listing './lib/python3.5/site-packages/click-6.7.dist-info'...
Listing './lib/python3.5/site-packages/element'...
Listing './lib/python3.5/site-packages/element/cli'...
Listing './lib/python3.5/site-packages/element/cli/commands'...
Listing './lib/python3.5/site-packages/element/managers'...
Listing './lib/python3.5/site-packages/enum'...
Listing './lib/python3.5/site-packages/enum34-1.1.6.dist-info'...
Listing './lib/python3.5/site-packages/filelock-3.0.0.egg-info'...
Listing './lib/python3.5/site-packages/future'...
Listing './lib/python3.5/site-packages/future/backports'...
Listing './lib/python3.5/site-packages/future/backports/email'...
Listing './lib/python3.5/site-packages/future/backports/email/mime'...
Listing './lib/python3.5/site-packages/future/backports/html'...
Listing './lib/python3.5/site-packages/future/backports/http'...
Listing './lib/python3.5/site-packages/future/backports/test'...
Listing './lib/python3.5/site-packages/future/backports/urllib'...
Listing './lib/python3.5/site-packages/future/backports/xmlrpc'...
Listing './lib/python3.5/site-packages/future/builtins'...
Listing './lib/python3.5/site-packages/future/moves'...
Listing './lib/python3.5/site-packages/future/moves/dbm'...
Listing './lib/python3.5/site-packages/future/moves/html'...
Listing './lib/python3.5/site-packages/future/moves/http'...
Listing './lib/python3.5/site-packages/future/moves/test'...
Listing './lib/python3.5/site-packages/future/moves/tkinter'...
Listing './lib/python3.5/site-packages/future/moves/urllib'...
Listing './lib/python3.5/site-packages/future/moves/xmlrpc'...
Listing './lib/python3.5/site-packages/future/standard_library'...
Listing './lib/python3.5/site-packages/future/tests'...
Listing './lib/python3.5/site-packages/future/types'...
Listing './lib/python3.5/site-packages/future/utils'...
Listing './lib/python3.5/site-packages/future-0.16.0.egg-info'...
Listing './lib/python3.5/site-packages/getpass2'...
Compiling './lib/python3.5/site-packages/getpass2/getpass2-1.0.1.py'...
***   File "./lib/python3.5/site-packages/getpass2/getpass2-1.0.1.py", line 12
    print prompt
               ^
SyntaxError: Missing parentheses in call to 'print'

Compiling './lib/python3.5/site-packages/getpass2/getpass2.py'...
***   File "./lib/python3.5/site-packages/getpass2/getpass2.py", line 16
    print prompt
               ^
SyntaxError: Missing parentheses in call to 'print'

Listing './lib/python3.5/site-packages/getpass2-1.0.2.egg-info'...
Listing './lib/python3.5/site-packages/idna'...
Listing './lib/python3.5/site-packages/idna-2.6.dist-info'...
Listing './lib/python3.5/site-packages/jsonpickle'...
Listing './lib/python3.5/site-packages/jsonpickle/ext'...
Listing './lib/python3.5/site-packages/jsonpickle-0.9.5.egg-info'...
Listing './lib/python3.5/site-packages/libfuturize'...
Listing './lib/python3.5/site-packages/libfuturize/fixes'...
Listing './lib/python3.5/site-packages/libpasteurize'...
Listing './lib/python3.5/site-packages/libpasteurize/fixes'...
Listing './lib/python3.5/site-packages/past'...
Listing './lib/python3.5/site-packages/past/builtins'...
Listing './lib/python3.5/site-packages/past/tests'...
Listing './lib/python3.5/site-packages/past/translation'...
Listing './lib/python3.5/site-packages/past/types'...
Listing './lib/python3.5/site-packages/past/utils'...
Listing './lib/python3.5/site-packages/pip'...
Listing './lib/python3.5/site-packages/pip/_vendor'...
Listing './lib/python3.5/site-packages/pip/commands'...
Listing './lib/python3.5/site-packages/pip/compat'...
Listing './lib/python3.5/site-packages/pip/models'...
Listing './lib/python3.5/site-packages/pip/operations'...
Listing './lib/python3.5/site-packages/pip/req'...
Listing './lib/python3.5/site-packages/pip/utils'...
Listing './lib/python3.5/site-packages/pip/vcs'...
Listing './lib/python3.5/site-packages/pip-9.0.1.dist-info'...
Listing './lib/python3.5/site-packages/pkg_resources'...
Listing './lib/python3.5/site-packages/pkg_resources/_vendor'...
Listing './lib/python3.5/site-packages/pkg_resources/_vendor/packaging'...
Listing './lib/python3.5/site-packages/pkg_resources/extern'...
Listing './lib/python3.5/site-packages/pkg_resources-0.0.0.dist-info'...
Listing './lib/python3.5/site-packages/pycryptodome-3.4.7.egg-info'...
Listing './lib/python3.5/site-packages/requests'...
Listing './lib/python3.5/site-packages/requests-2.18.4.dist-info'...
Listing './lib/python3.5/site-packages/setuptools'...
Listing './lib/python3.5/site-packages/setuptools/command'...
Listing './lib/python3.5/site-packages/setuptools/extern'...
Listing './lib/python3.5/site-packages/setuptools-32.3.1.dist-info'...
Listing './lib/python3.5/site-packages/simplejson'...
Listing './lib/python3.5/site-packages/simplejson/tests'...
Listing './lib/python3.5/site-packages/simplejson-3.13.2.egg-info'...
Listing './lib/python3.5/site-packages/solidfire'...
Listing './lib/python3.5/site-packages/solidfire/adaptor'...
Listing './lib/python3.5/site-packages/solidfire/apiactual'...
Listing './lib/python3.5/site-packages/solidfire/common'...
Listing './lib/python3.5/site-packages/solidfire/custom'...
Listing './lib/python3.5/site-packages/solidfire/util'...
Listing './lib/python3.5/site-packages/solidfire_cli-1.5.0.29.dist-info'...
Listing './lib/python3.5/site-packages/solidfire_sdk_python-1.5.0.87.egg-info'...
Listing './lib/python3.5/site-packages/urllib3'...
Listing './lib/python3.5/site-packages/urllib3/contrib'...
Listing './lib/python3.5/site-packages/urllib3/contrib/_securetransport'...
Listing './lib/python3.5/site-packages/urllib3/packages'...
Listing './lib/python3.5/site-packages/urllib3/packages/backports'...
Listing './lib/python3.5/site-packages/urllib3/packages/ssl_match_hostname'...
Listing './lib/python3.5/site-packages/urllib3/util'...
Listing './lib/python3.5/site-packages/urllib3-1.22.dist-info'...
Listing './share'...
Listing './share/python-wheels'...
