Listing '.'...
Listing './bin'...
Compiling './bin/sorno_alarm.py'...
Compiling './bin/sorno_amazon_reviews_scrape.py'...
Compiling './bin/sorno_amazon_wishlist_scrape.py'...
Compiling './bin/sorno_appcache_generator.py'...
Compiling './bin/sorno_attach_realdate.py'...
Compiling './bin/sorno_cloud_vision.py'...
Compiling './bin/sorno_compress_photos.py'...
Compiling './bin/sorno_download_all.py'...
Compiling './bin/sorno_dropbox.py'...
***   File "./bin/sorno_dropbox.py", line 167
    except rest.ErrorResponse, e:
                             ^
SyntaxError: invalid syntax

Compiling './bin/sorno_email.py'...
Compiling './bin/sorno_extract_spg_properties.py'...
Compiling './bin/sorno_facts.py'...
Compiling './bin/sorno_feedly.py'...
Compiling './bin/sorno_gcloud_bigquery.py'...
Compiling './bin/sorno_gcloud_pubsub_demo.py'...
Compiling './bin/sorno_gdoc.py'...
***   File "./bin/sorno_gdoc.py", line 94
    print 'Go to the following link in your browser: ' + authorize_url
                                                     ^
SyntaxError: Missing parentheses in call to 'print'

Compiling './bin/sorno_gdrive.py'...
***   File "./bin/sorno_gdrive.py", line 110
    print 'Go to the following link in your browser: ' + authorize_url
                                                     ^
SyntaxError: Missing parentheses in call to 'print'

Compiling './bin/sorno_grepchunks.py'...
Compiling './bin/sorno_gtasks.py'...
Compiling './bin/sorno_java_deps_graph.py'...
Compiling './bin/sorno_join_malls_info_in_csv.py'...
Compiling './bin/sorno_locate_git.py'...
Compiling './bin/sorno_ls.py'...
Compiling './bin/sorno_merge_pdfs.py'...
Compiling './bin/sorno_pick.py'...
Compiling './bin/sorno_podcast_downloader.py'...
Compiling './bin/sorno_protobuf_to_dict.py'...
Compiling './bin/sorno_realdate.py'...
Compiling './bin/sorno_reduce_image_sizes.py'...
Compiling './bin/sorno_rename.py'...
Compiling './bin/sorno_replace_thrift_const.py'...
Compiling './bin/sorno_scrape_peg_list_1000.py'...
Compiling './bin/sorno_spacefill.py'...
Compiling './bin/sorno_stock_quote.py'...
Compiling './bin/sorno_summarize_code.py'...
Compiling './bin/sorno_top_size_files.py'...
Compiling './bin/sorno_twitter_post_tweets.py'...
Listing './include'...
Listing './lib'...
Listing './lib/python3.5'...
Listing './lib/python3.5/site-packages'...
Listing './lib/python3.5/site-packages/IPython'...
Listing './lib/python3.5/site-packages/IPython/core'...
Listing './lib/python3.5/site-packages/IPython/core/magics'...
Listing './lib/python3.5/site-packages/IPython/core/profile'...
Listing './lib/python3.5/site-packages/IPython/core/tests'...
Listing './lib/python3.5/site-packages/IPython/core/tests/daft_extension'...
Listing './lib/python3.5/site-packages/IPython/extensions'...
Listing './lib/python3.5/site-packages/IPython/extensions/tests'...
Listing './lib/python3.5/site-packages/IPython/external'...
Listing './lib/python3.5/site-packages/IPython/external/decorators'...
Listing './lib/python3.5/site-packages/IPython/kernel'...
Listing './lib/python3.5/site-packages/IPython/lib'...
Listing './lib/python3.5/site-packages/IPython/lib/tests'...
Listing './lib/python3.5/site-packages/IPython/sphinxext'...
Listing './lib/python3.5/site-packages/IPython/terminal'...
Listing './lib/python3.5/site-packages/IPython/terminal/pt_inputhooks'...
Listing './lib/python3.5/site-packages/IPython/terminal/tests'...
Listing './lib/python3.5/site-packages/IPython/testing'...
Listing './lib/python3.5/site-packages/IPython/testing/plugin'...
Listing './lib/python3.5/site-packages/IPython/testing/tests'...
Listing './lib/python3.5/site-packages/IPython/utils'...
Listing './lib/python3.5/site-packages/IPython/utils/tests'...
Listing './lib/python3.5/site-packages/Pygments-2.2.0.dist-info'...
Listing './lib/python3.5/site-packages/apiclient'...
Listing './lib/python3.5/site-packages/beautifulsoup4-4.6.0.dist-info'...
Listing './lib/python3.5/site-packages/bs4'...
Listing './lib/python3.5/site-packages/bs4/builder'...
Listing './lib/python3.5/site-packages/bs4/tests'...
Listing './lib/python3.5/site-packages/certifi'...
Listing './lib/python3.5/site-packages/certifi-2017.11.5.dist-info'...
Listing './lib/python3.5/site-packages/chardet'...
Listing './lib/python3.5/site-packages/chardet/cli'...
Listing './lib/python3.5/site-packages/chardet-3.0.4.dist-info'...
Listing './lib/python3.5/site-packages/dateutil'...
Listing './lib/python3.5/site-packages/dateutil/tz'...
Listing './lib/python3.5/site-packages/dateutil/zoneinfo'...
Listing './lib/python3.5/site-packages/decorator-4.1.2.dist-info'...
Listing './lib/python3.5/site-packages/dropbox'...
Listing './lib/python3.5/site-packages/dropbox-8.5.1.dist-info'...
Listing './lib/python3.5/site-packages/feedparser-5.2.1.egg-info'...
Listing './lib/python3.5/site-packages/future'...
Listing './lib/python3.5/site-packages/future/backports'...
Listing './lib/python3.5/site-packages/future/backports/email'...
Listing './lib/python3.5/site-packages/future/backports/email/mime'...
Listing './lib/python3.5/site-packages/future/backports/html'...
Listing './lib/python3.5/site-packages/future/backports/http'...
Listing './lib/python3.5/site-packages/future/backports/test'...
Listing './lib/python3.5/site-packages/future/backports/urllib'...
Listing './lib/python3.5/site-packages/future/backports/xmlrpc'...
Listing './lib/python3.5/site-packages/future/builtins'...
Listing './lib/python3.5/site-packages/future/moves'...
Listing './lib/python3.5/site-packages/future/moves/dbm'...
Listing './lib/python3.5/site-packages/future/moves/html'...
Listing './lib/python3.5/site-packages/future/moves/http'...
Listing './lib/python3.5/site-packages/future/moves/test'...
Listing './lib/python3.5/site-packages/future/moves/tkinter'...
Listing './lib/python3.5/site-packages/future/moves/urllib'...
Listing './lib/python3.5/site-packages/future/moves/xmlrpc'...
Listing './lib/python3.5/site-packages/future/standard_library'...
Listing './lib/python3.5/site-packages/future/tests'...
Listing './lib/python3.5/site-packages/future/types'...
Listing './lib/python3.5/site-packages/future/utils'...
Listing './lib/python3.5/site-packages/future-0.16.0.egg-info'...
Listing './lib/python3.5/site-packages/google_api_python_client-1.6.4.dist-info'...
Listing './lib/python3.5/site-packages/googleapiclient'...
Listing './lib/python3.5/site-packages/googleapiclient/discovery_cache'...
Listing './lib/python3.5/site-packages/httplib2'...
Listing './lib/python3.5/site-packages/httplib2-0.10.3.egg-info'...
Listing './lib/python3.5/site-packages/humanfriendly'...
Listing './lib/python3.5/site-packages/humanfriendly-4.6.dist-info'...
Listing './lib/python3.5/site-packages/humanize'...
Listing './lib/python3.5/site-packages/humanize/locale'...
Listing './lib/python3.5/site-packages/humanize/locale/fr_FR'...
Listing './lib/python3.5/site-packages/humanize/locale/fr_FR/LC_MESSAGES'...
Listing './lib/python3.5/site-packages/humanize/locale/ko_KR'...
Listing './lib/python3.5/site-packages/humanize/locale/ko_KR/LC_MESSAGES'...
Listing './lib/python3.5/site-packages/humanize/locale/ru_RU'...
Listing './lib/python3.5/site-packages/humanize/locale/ru_RU/LC_MESSAGES'...
Listing './lib/python3.5/site-packages/humanize-0.5.1.egg-info'...
Listing './lib/python3.5/site-packages/idna'...
Listing './lib/python3.5/site-packages/idna-2.6.dist-info'...
Listing './lib/python3.5/site-packages/ipython-6.2.1.dist-info'...
Listing './lib/python3.5/site-packages/ipython_genutils'...
Listing './lib/python3.5/site-packages/ipython_genutils/testing'...
Listing './lib/python3.5/site-packages/ipython_genutils/tests'...
Listing './lib/python3.5/site-packages/ipython_genutils-0.2.0.dist-info'...
Listing './lib/python3.5/site-packages/jedi'...
Listing './lib/python3.5/site-packages/jedi/api'...
Listing './lib/python3.5/site-packages/jedi/common'...
Listing './lib/python3.5/site-packages/jedi/evaluate'...
Listing './lib/python3.5/site-packages/jedi/evaluate/compiled'...
Listing './lib/python3.5/site-packages/jedi/evaluate/compiled/fake'...
Listing './lib/python3.5/site-packages/jedi/evaluate/context'...
Listing './lib/python3.5/site-packages/jedi-0.11.1.dist-info'...
Listing './lib/python3.5/site-packages/libfuturize'...
Listing './lib/python3.5/site-packages/libfuturize/fixes'...
Listing './lib/python3.5/site-packages/libpasteurize'...
Listing './lib/python3.5/site-packages/libpasteurize/fixes'...
Listing './lib/python3.5/site-packages/lxml'...
Listing './lib/python3.5/site-packages/lxml/html'...
Listing './lib/python3.5/site-packages/lxml/includes'...
Listing './lib/python3.5/site-packages/lxml/includes/libexslt'...
Listing './lib/python3.5/site-packages/lxml/includes/libxml'...
Listing './lib/python3.5/site-packages/lxml/includes/libxslt'...
Listing './lib/python3.5/site-packages/lxml/isoschematron'...
Listing './lib/python3.5/site-packages/lxml/isoschematron/resources'...
Listing './lib/python3.5/site-packages/lxml/isoschematron/resources/rng'...
Listing './lib/python3.5/site-packages/lxml/isoschematron/resources/xsl'...
Listing './lib/python3.5/site-packages/lxml/isoschematron/resources/xsl/iso-schematron-xslt1'...
Listing './lib/python3.5/site-packages/lxml-4.1.1.dist-info'...
Listing './lib/python3.5/site-packages/oauth2client'...
Listing './lib/python3.5/site-packages/oauth2client/contrib'...
Listing './lib/python3.5/site-packages/oauth2client/contrib/django_util'...
Listing './lib/python3.5/site-packages/oauth2client-4.1.2.dist-info'...
Listing './lib/python3.5/site-packages/oauthlib'...
Listing './lib/python3.5/site-packages/oauthlib/oauth1'...
Listing './lib/python3.5/site-packages/oauthlib/oauth1/rfc5849'...
Listing './lib/python3.5/site-packages/oauthlib/oauth1/rfc5849/endpoints'...
Listing './lib/python3.5/site-packages/oauthlib/oauth2'...
Listing './lib/python3.5/site-packages/oauthlib/oauth2/rfc6749'...
Listing './lib/python3.5/site-packages/oauthlib/oauth2/rfc6749/clients'...
Listing './lib/python3.5/site-packages/oauthlib/oauth2/rfc6749/endpoints'...
Listing './lib/python3.5/site-packages/oauthlib/oauth2/rfc6749/grant_types'...
Listing './lib/python3.5/site-packages/oauthlib-2.0.6.egg-info'...
Listing './lib/python3.5/site-packages/parso'...
Listing './lib/python3.5/site-packages/parso/pgen2'...
Listing './lib/python3.5/site-packages/parso/python'...
Listing './lib/python3.5/site-packages/parso-0.1.1.dist-info'...
Listing './lib/python3.5/site-packages/past'...
Listing './lib/python3.5/site-packages/past/builtins'...
Listing './lib/python3.5/site-packages/past/tests'...
Listing './lib/python3.5/site-packages/past/translation'...
Listing './lib/python3.5/site-packages/past/types'...
Listing './lib/python3.5/site-packages/past/utils'...
Listing './lib/python3.5/site-packages/pexpect'...
Listing './lib/python3.5/site-packages/pexpect-4.3.1.dist-info'...
Listing './lib/python3.5/site-packages/pickleshare-0.7.4.dist-info'...
Listing './lib/python3.5/site-packages/pip'...
Listing './lib/python3.5/site-packages/pip/_vendor'...
Listing './lib/python3.5/site-packages/pip/commands'...
Listing './lib/python3.5/site-packages/pip/compat'...
Listing './lib/python3.5/site-packages/pip/models'...
Listing './lib/python3.5/site-packages/pip/operations'...
Listing './lib/python3.5/site-packages/pip/req'...
Listing './lib/python3.5/site-packages/pip/utils'...
Listing './lib/python3.5/site-packages/pip/vcs'...
Listing './lib/python3.5/site-packages/pip-9.0.1.dist-info'...
Listing './lib/python3.5/site-packages/pkg_resources'...
Listing './lib/python3.5/site-packages/pkg_resources/_vendor'...
Listing './lib/python3.5/site-packages/pkg_resources/_vendor/packaging'...
Listing './lib/python3.5/site-packages/pkg_resources/extern'...
Listing './lib/python3.5/site-packages/pkg_resources-0.0.0.dist-info'...
Listing './lib/python3.5/site-packages/prompt_toolkit'...
Listing './lib/python3.5/site-packages/prompt_toolkit/clipboard'...
Listing './lib/python3.5/site-packages/prompt_toolkit/contrib'...
Listing './lib/python3.5/site-packages/prompt_toolkit/contrib/completers'...
Listing './lib/python3.5/site-packages/prompt_toolkit/contrib/regular_languages'...
Listing './lib/python3.5/site-packages/prompt_toolkit/contrib/telnet'...
Listing './lib/python3.5/site-packages/prompt_toolkit/contrib/validators'...
Listing './lib/python3.5/site-packages/prompt_toolkit/eventloop'...
Listing './lib/python3.5/site-packages/prompt_toolkit/filters'...
Listing './lib/python3.5/site-packages/prompt_toolkit/key_binding'...
Listing './lib/python3.5/site-packages/prompt_toolkit/key_binding/bindings'...
Listing './lib/python3.5/site-packages/prompt_toolkit/layout'...
Listing './lib/python3.5/site-packages/prompt_toolkit/styles'...
Listing './lib/python3.5/site-packages/prompt_toolkit/terminal'...
Listing './lib/python3.5/site-packages/prompt_toolkit-1.0.15.dist-info'...
Listing './lib/python3.5/site-packages/ptyprocess'...
Listing './lib/python3.5/site-packages/ptyprocess-0.5.2.dist-info'...
Listing './lib/python3.5/site-packages/pyPdf'...
Compiling './lib/python3.5/site-packages/pyPdf/generic.py'...
***   File "./lib/python3.5/site-packages/pyPdf/generic.py", line 102
    raise utils.PdfReadError, "error reading null object"
                            ^
SyntaxError: invalid syntax

Compiling './lib/python3.5/site-packages/pyPdf/pdf.py'...
***   File "./lib/python3.5/site-packages/pyPdf/pdf.py", line 655
    raise Exception, "file has not been decrypted"
                   ^
SyntaxError: invalid syntax

Compiling './lib/python3.5/site-packages/pyPdf/utils.py'...
***   File "./lib/python3.5/site-packages/pyPdf/utils.py", line 77
    raise TypeError, "sequence indices must be integers"
                   ^
SyntaxError: invalid syntax

Listing './lib/python3.5/site-packages/pyPdf-1.13.egg-info'...
Listing './lib/python3.5/site-packages/pyasn1'...
Listing './lib/python3.5/site-packages/pyasn1/codec'...
Listing './lib/python3.5/site-packages/pyasn1/codec/ber'...
Listing './lib/python3.5/site-packages/pyasn1/codec/cer'...
Listing './lib/python3.5/site-packages/pyasn1/codec/der'...
Listing './lib/python3.5/site-packages/pyasn1/codec/native'...
Listing './lib/python3.5/site-packages/pyasn1/compat'...
Listing './lib/python3.5/site-packages/pyasn1/type'...
Listing './lib/python3.5/site-packages/pyasn1-0.4.2.dist-info'...
Listing './lib/python3.5/site-packages/pyasn1_modules'...
Listing './lib/python3.5/site-packages/pyasn1_modules-0.2.1.dist-info'...
Listing './lib/python3.5/site-packages/pygments'...
Listing './lib/python3.5/site-packages/pygments/filters'...
Listing './lib/python3.5/site-packages/pygments/formatters'...
Listing './lib/python3.5/site-packages/pygments/lexers'...
Listing './lib/python3.5/site-packages/pygments/styles'...
Listing './lib/python3.5/site-packages/python_dateutil-2.6.1.dist-info'...
Listing './lib/python3.5/site-packages/python_magic-0.4.15.dist-info'...
Listing './lib/python3.5/site-packages/python_twitter-3.3.egg-info'...
Listing './lib/python3.5/site-packages/pytz'...
Listing './lib/python3.5/site-packages/pytz/zoneinfo'...
Listing './lib/python3.5/site-packages/pytz/zoneinfo/Africa'...
Listing './lib/python3.5/site-packages/pytz/zoneinfo/America'...
Listing './lib/python3.5/site-packages/pytz/zoneinfo/America/Argentina'...
Listing './lib/python3.5/site-packages/pytz/zoneinfo/America/Indiana'...
Listing './lib/python3.5/site-packages/pytz/zoneinfo/America/Kentucky'...
Listing './lib/python3.5/site-packages/pytz/zoneinfo/America/North_Dakota'...
Listing './lib/python3.5/site-packages/pytz/zoneinfo/Antarctica'...
Listing './lib/python3.5/site-packages/pytz/zoneinfo/Arctic'...
Listing './lib/python3.5/site-packages/pytz/zoneinfo/Asia'...
Listing './lib/python3.5/site-packages/pytz/zoneinfo/Atlantic'...
Listing './lib/python3.5/site-packages/pytz/zoneinfo/Australia'...
Listing './lib/python3.5/site-packages/pytz/zoneinfo/Brazil'...
Listing './lib/python3.5/site-packages/pytz/zoneinfo/Canada'...
Listing './lib/python3.5/site-packages/pytz/zoneinfo/Chile'...
Listing './lib/python3.5/site-packages/pytz/zoneinfo/Etc'...
Listing './lib/python3.5/site-packages/pytz/zoneinfo/Europe'...
Listing './lib/python3.5/site-packages/pytz/zoneinfo/Indian'...
Listing './lib/python3.5/site-packages/pytz/zoneinfo/Mexico'...
Listing './lib/python3.5/site-packages/pytz/zoneinfo/Pacific'...
Listing './lib/python3.5/site-packages/pytz/zoneinfo/US'...
Listing './lib/python3.5/site-packages/pytz-2017.3.dist-info'...
Listing './lib/python3.5/site-packages/requests'...
Listing './lib/python3.5/site-packages/requests-2.18.4.dist-info'...
Listing './lib/python3.5/site-packages/requests_oauthlib'...
Listing './lib/python3.5/site-packages/requests_oauthlib/compliance_fixes'...
Listing './lib/python3.5/site-packages/requests_oauthlib-0.8.0.dist-info'...
Listing './lib/python3.5/site-packages/rsa'...
Listing './lib/python3.5/site-packages/rsa-3.4.2.dist-info'...
Listing './lib/python3.5/site-packages/setuptools'...
Listing './lib/python3.5/site-packages/setuptools/command'...
Listing './lib/python3.5/site-packages/setuptools/extern'...
Listing './lib/python3.5/site-packages/setuptools-32.3.1.dist-info'...
Listing './lib/python3.5/site-packages/simplegeneric-0.8.1.dist-info'...
Listing './lib/python3.5/site-packages/six-1.11.0.dist-info'...
Listing './lib/python3.5/site-packages/sorno'...
Listing './lib/python3.5/site-packages/sorno_py_scripts-0.44.1.egg-info'...
Listing './lib/python3.5/site-packages/test'...
Listing './lib/python3.5/site-packages/test/completion'...
Compiling './lib/python3.5/site-packages/test/completion/arrays.py'...
***   File "./lib/python3.5/site-packages/test/completion/arrays.py", line 179
    g.
     ^
SyntaxError: invalid syntax

Compiling './lib/python3.5/site-packages/test/completion/async_.py'...
***   File "./lib/python3.5/site-packages/test/completion/async_.py", line 17
    a = await x()
              ^
SyntaxError: invalid syntax

Compiling './lib/python3.5/site-packages/test/completion/basic.py'...
***   File "./lib/python3.5/site-packages/test/completion/basic.py", line 16
    .
    ^
SyntaxError: invalid syntax

Compiling './lib/python3.5/site-packages/test/completion/classes.py'...
***   File "./lib/python3.5/site-packages/test/completion/classes.py", line 84
    TestClass.var_local.
                       ^
SyntaxError: invalid syntax

Compiling './lib/python3.5/site-packages/test/completion/completion.py'...
***   File "./lib/python3.5/site-packages/test/completion/completion.py", line 32
    else
       ^
SyntaxError: invalid syntax

Compiling './lib/python3.5/site-packages/test/completion/context.py'...
***   File "./lib/python3.5/site-packages/test/completion/context.py", line 15
    def actual_function
                      ^
SyntaxError: invalid syntax

Compiling './lib/python3.5/site-packages/test/completion/decorators.py'...
***   File "./lib/python3.5/site-packages/test/completion/decorators.py", line 41
    exe[3][0].
             ^
SyntaxError: invalid syntax

Compiling './lib/python3.5/site-packages/test/completion/definition.py'...
***   File "./lib/python3.5/site-packages/test/completion/definition.py", line 55
    def x(): pass  # acts like EOF
      ^
SyntaxError: invalid syntax

Compiling './lib/python3.5/site-packages/test/completion/descriptors.py'...
***   File "./lib/python3.5/site-packages/test/completion/descriptors.py", line 65
    B().r().
           ^
SyntaxError: invalid syntax

Compiling './lib/python3.5/site-packages/test/completion/functions.py'...
***   File "./lib/python3.5/site-packages/test/completion/functions.py", line 15
    array.first_param.
                     ^
SyntaxError: invalid syntax

Compiling './lib/python3.5/site-packages/test/completion/generators.py'...
***   File "./lib/python3.5/site-packages/test/completion/generators.py", line 25
    next(gen_ret()).
                   ^
SyntaxError: invalid syntax

Listing './lib/python3.5/site-packages/test/completion/import_tree'...
Listing './lib/python3.5/site-packages/test/completion/import_tree/pkg'...
Compiling './lib/python3.5/site-packages/test/completion/imports.py'...
***   File "./lib/python3.5/site-packages/test/completion/imports.py", line 53
    a = import_tree.pkg.mod1.
                            ^
SyntaxError: invalid syntax

Compiling './lib/python3.5/site-packages/test/completion/invalid.py'...
***   File "./lib/python3.5/site-packages/test/completion/invalid.py", line 14
    str()).upper
         ^
SyntaxError: invalid syntax

Compiling './lib/python3.5/site-packages/test/completion/isinstance.py'...
***   File "./lib/python3.5/site-packages/test/completion/isinstance.py", line 71
    value.
         ^
SyntaxError: invalid syntax

Compiling './lib/python3.5/site-packages/test/completion/keywords.py'...
***   File "./lib/python3.5/site-packages/test/completion/keywords.py", line 6
    except
         ^
SyntaxError: invalid syntax

Compiling './lib/python3.5/site-packages/test/completion/named_param.py'...
***   File "./lib/python3.5/site-packages/test/completion/named_param.py", line 33
    my_lambda = lambda lambda_param: lambda_param + 1
            ^
SyntaxError: invalid syntax

Compiling './lib/python3.5/site-packages/test/completion/on_import.py'...
***   File "./lib/python3.5/site-packages/test/completion/on_import.py", line 3
    from import_tree.pkg.
                        ^
SyntaxError: invalid syntax

Compiling './lib/python3.5/site-packages/test/completion/ordering.py'...
***   File "./lib/python3.5/site-packages/test/completion/ordering.py", line 82
    a_param.
           ^
SyntaxError: invalid syntax

Compiling './lib/python3.5/site-packages/test/completion/parser.py'...
***   File "./lib/python3.5/site-packages/test/completion/parser.py", line 36
    str(def
          ^
SyntaxError: invalid syntax

Compiling './lib/python3.5/site-packages/test/completion/pep0526_variables.py'...
***   File "./lib/python3.5/site-packages/test/completion/pep0526_variables.py", line 10
    asdf: int
        ^
SyntaxError: invalid syntax

Compiling './lib/python3.5/site-packages/test/completion/sys_path.py'...
***   File "./lib/python3.5/site-packages/test/completion/sys_path.py", line 11
    sys.path.append('a' +* '/thirdparty')
                         ^
SyntaxError: invalid syntax

Listing './lib/python3.5/site-packages/test/completion/thirdparty'...
Compiling './lib/python3.5/site-packages/test/completion/thirdparty/PyQt4_.py'...
***   File "./lib/python3.5/site-packages/test/completion/thirdparty/PyQt4_.py", line 11
    QStyleOptionComboBox().currentText.
                                      ^
SyntaxError: invalid syntax

Compiling './lib/python3.5/site-packages/test/completion/usages.py'...
***   File "./lib/python3.5/site-packages/test/completion/usages.py", line 19
    abc =
         ^
SyntaxError: invalid syntax

Listing './lib/python3.5/site-packages/test/test_api'...
Listing './lib/python3.5/site-packages/test/test_api/import_tree_for_usages'...
Listing './lib/python3.5/site-packages/test/test_api/simple_import'...
Listing './lib/python3.5/site-packages/test/test_evaluate'...
Listing './lib/python3.5/site-packages/test/test_evaluate/absolute_import'...
Listing './lib/python3.5/site-packages/test/test_evaluate/buildout_project'...
Listing './lib/python3.5/site-packages/test/test_evaluate/buildout_project/bin'...
Listing './lib/python3.5/site-packages/test/test_evaluate/buildout_project/src'...
Listing './lib/python3.5/site-packages/test/test_evaluate/buildout_project/src/proj_name'...
Listing './lib/python3.5/site-packages/test/test_evaluate/flask-site-packages'...
Listing './lib/python3.5/site-packages/test/test_evaluate/flask-site-packages/flask'...
Listing './lib/python3.5/site-packages/test/test_evaluate/flask-site-packages/flask/ext'...
Listing './lib/python3.5/site-packages/test/test_evaluate/flask-site-packages/flask_baz'...
Listing './lib/python3.5/site-packages/test/test_evaluate/flask-site-packages/flaskext'...
Listing './lib/python3.5/site-packages/test/test_evaluate/flask-site-packages/flaskext/moo'...
Listing './lib/python3.5/site-packages/test/test_evaluate/implicit_namespace_package'...
Listing './lib/python3.5/site-packages/test/test_evaluate/implicit_namespace_package/ns1'...
Listing './lib/python3.5/site-packages/test/test_evaluate/implicit_namespace_package/ns1/pkg'...
Listing './lib/python3.5/site-packages/test/test_evaluate/implicit_namespace_package/ns2'...
Listing './lib/python3.5/site-packages/test/test_evaluate/implicit_namespace_package/ns2/pkg'...
Listing './lib/python3.5/site-packages/test/test_evaluate/implicit_nested_namespaces'...
Listing './lib/python3.5/site-packages/test/test_evaluate/implicit_nested_namespaces/namespace'...
Listing './lib/python3.5/site-packages/test/test_evaluate/implicit_nested_namespaces/namespace/pkg'...
Listing './lib/python3.5/site-packages/test/test_evaluate/init_extension_module'...
Listing './lib/python3.5/site-packages/test/test_evaluate/namespace_package'...
Listing './lib/python3.5/site-packages/test/test_evaluate/namespace_package/ns1'...
Listing './lib/python3.5/site-packages/test/test_evaluate/namespace_package/ns1/pkg'...
Listing './lib/python3.5/site-packages/test/test_evaluate/namespace_package/ns1/pkg/ns1_folder'...
Listing './lib/python3.5/site-packages/test/test_evaluate/namespace_package/ns2'...
Listing './lib/python3.5/site-packages/test/test_evaluate/namespace_package/ns2/pkg'...
Listing './lib/python3.5/site-packages/test/test_evaluate/namespace_package/ns2/pkg/ns2_folder'...
Listing './lib/python3.5/site-packages/test/test_evaluate/namespace_package/ns2/pkg/ns2_folder/nested'...
Listing './lib/python3.5/site-packages/test/test_evaluate/nested_namespaces'...
Listing './lib/python3.5/site-packages/test/test_evaluate/nested_namespaces/namespace'...
Listing './lib/python3.5/site-packages/test/test_evaluate/nested_namespaces/namespace/pkg'...
Listing './lib/python3.5/site-packages/test/test_evaluate/not_in_sys_path'...
Listing './lib/python3.5/site-packages/test/test_evaluate/not_in_sys_path/not_in_sys_path_package'...
Listing './lib/python3.5/site-packages/test/test_evaluate/not_in_sys_path/pkg'...
Listing './lib/python3.5/site-packages/test/test_evaluate/sample_venvs'...
Listing './lib/python3.5/site-packages/test/test_evaluate/sample_venvs/venv27'...
Listing './lib/python3.5/site-packages/test/test_evaluate/sample_venvs/venv27/lib'...
Listing './lib/python3.5/site-packages/test/test_evaluate/sample_venvs/venv27/lib/python2.7'...
Listing './lib/python3.5/site-packages/test/test_evaluate/sample_venvs/venv27/lib/python2.7/site-packages'...
Listing './lib/python3.5/site-packages/test/test_evaluate/sample_venvs/venv34'...
Listing './lib/python3.5/site-packages/test/test_evaluate/sample_venvs/venv34/lib'...
Listing './lib/python3.5/site-packages/test/test_evaluate/sample_venvs/venv34/lib/python3.4'...
Listing './lib/python3.5/site-packages/test/test_evaluate/sample_venvs/venv34/lib/python3.4/site-packages'...
Listing './lib/python3.5/site-packages/test/test_evaluate/zipped_imports'...
Listing './lib/python3.5/site-packages/traitlets'...
Listing './lib/python3.5/site-packages/traitlets/config'...
Listing './lib/python3.5/site-packages/traitlets/config/tests'...
Listing './lib/python3.5/site-packages/traitlets/tests'...
Listing './lib/python3.5/site-packages/traitlets/utils'...
Listing './lib/python3.5/site-packages/traitlets/utils/tests'...
Listing './lib/python3.5/site-packages/traitlets-4.3.2.dist-info'...
Listing './lib/python3.5/site-packages/twitter'...
Listing './lib/python3.5/site-packages/tzlocal'...
Listing './lib/python3.5/site-packages/tzlocal/test_data'...
Listing './lib/python3.5/site-packages/tzlocal/test_data/localtime'...
Listing './lib/python3.5/site-packages/tzlocal/test_data/localtime/etc'...
Listing './lib/python3.5/site-packages/tzlocal/test_data/symlink_localtime'...
Listing './lib/python3.5/site-packages/tzlocal/test_data/symlink_localtime/etc'...
Listing './lib/python3.5/site-packages/tzlocal/test_data/symlink_localtime/usr'...
Listing './lib/python3.5/site-packages/tzlocal/test_data/symlink_localtime/usr/share'...
Listing './lib/python3.5/site-packages/tzlocal/test_data/symlink_localtime/usr/share/zoneinfo'...
Listing './lib/python3.5/site-packages/tzlocal/test_data/symlink_localtime/usr/share/zoneinfo/Africa'...
Listing './lib/python3.5/site-packages/tzlocal/test_data/timezone'...
Listing './lib/python3.5/site-packages/tzlocal/test_data/timezone/etc'...
Listing './lib/python3.5/site-packages/tzlocal/test_data/timezone_setting'...
Listing './lib/python3.5/site-packages/tzlocal/test_data/timezone_setting/etc'...
Listing './lib/python3.5/site-packages/tzlocal/test_data/timezone_setting/etc/conf.d'...
Listing './lib/python3.5/site-packages/tzlocal/test_data/vardbzoneinfo'...
Listing './lib/python3.5/site-packages/tzlocal/test_data/vardbzoneinfo/var'...
Listing './lib/python3.5/site-packages/tzlocal/test_data/vardbzoneinfo/var/db'...
Listing './lib/python3.5/site-packages/tzlocal/test_data/zone_setting'...
Listing './lib/python3.5/site-packages/tzlocal/test_data/zone_setting/etc'...
Listing './lib/python3.5/site-packages/tzlocal/test_data/zone_setting/etc/sysconfig'...
Listing './lib/python3.5/site-packages/tzlocal-1.5.1.egg-info'...
Listing './lib/python3.5/site-packages/uritemplate'...
Listing './lib/python3.5/site-packages/uritemplate-3.0.0.dist-info'...
Listing './lib/python3.5/site-packages/urllib3'...
Listing './lib/python3.5/site-packages/urllib3/contrib'...
Listing './lib/python3.5/site-packages/urllib3/contrib/_securetransport'...
Listing './lib/python3.5/site-packages/urllib3/packages'...
Listing './lib/python3.5/site-packages/urllib3/packages/backports'...
Listing './lib/python3.5/site-packages/urllib3/packages/ssl_match_hostname'...
Listing './lib/python3.5/site-packages/urllib3/util'...
Listing './lib/python3.5/site-packages/urllib3-1.22.dist-info'...
Listing './lib/python3.5/site-packages/wcwidth'...
Listing './lib/python3.5/site-packages/wcwidth/tests'...
Listing './lib/python3.5/site-packages/wcwidth-0.1.7.dist-info'...
Listing './share'...
Listing './share/man'...
Listing './share/man/man1'...
Listing './share/python-wheels'...
