Listing '.'...
Listing './bin'...
Listing './include'...
Listing './lib'...
Listing './lib/python3.5'...
Listing './lib/python3.5/site-packages'...
Listing './lib/python3.5/site-packages/SSHCustodian-0.2.6.dist-info'...
Listing './lib/python3.5/site-packages/custodian'...
Listing './lib/python3.5/site-packages/custodian/ansible'...
Listing './lib/python3.5/site-packages/custodian/ansible/tests'...
Listing './lib/python3.5/site-packages/custodian/cli'...
Listing './lib/python3.5/site-packages/custodian/nwchem'...
Listing './lib/python3.5/site-packages/custodian/nwchem/tests'...
Listing './lib/python3.5/site-packages/custodian/qchem'...
Listing './lib/python3.5/site-packages/custodian/qchem/tests'...
Listing './lib/python3.5/site-packages/custodian/tests'...
Listing './lib/python3.5/site-packages/custodian/vasp'...
Listing './lib/python3.5/site-packages/custodian/vasp/tests'...
Listing './lib/python3.5/site-packages/custodian-2017.12.23.dist-info'...
Listing './lib/python3.5/site-packages/monty'...
Listing './lib/python3.5/site-packages/monty/os'...
Listing './lib/python3.5/site-packages/monty-1.0.2.dist-info'...
Listing './lib/python3.5/site-packages/pip'...
Listing './lib/python3.5/site-packages/pip/_vendor'...
Listing './lib/python3.5/site-packages/pip/commands'...
Listing './lib/python3.5/site-packages/pip/compat'...
Listing './lib/python3.5/site-packages/pip/models'...
Listing './lib/python3.5/site-packages/pip/operations'...
Listing './lib/python3.5/site-packages/pip/req'...
Listing './lib/python3.5/site-packages/pip/utils'...
Listing './lib/python3.5/site-packages/pip/vcs'...
Listing './lib/python3.5/site-packages/pip-9.0.1.dist-info'...
Listing './lib/python3.5/site-packages/pkg_resources'...
Listing './lib/python3.5/site-packages/pkg_resources/_vendor'...
Listing './lib/python3.5/site-packages/pkg_resources/_vendor/packaging'...
Listing './lib/python3.5/site-packages/pkg_resources/extern'...
Listing './lib/python3.5/site-packages/pkg_resources-0.0.0.dist-info'...
Listing './lib/python3.5/site-packages/ruamel'...
Listing './lib/python3.5/site-packages/ruamel/yaml'...
Listing './lib/python3.5/site-packages/ruamel.yaml-0.15.35.dist-info'...
Listing './lib/python3.5/site-packages/setuptools'...
Listing './lib/python3.5/site-packages/setuptools/command'...
Listing './lib/python3.5/site-packages/setuptools/extern'...
Listing './lib/python3.5/site-packages/setuptools-32.3.1.dist-info'...
Listing './lib/python3.5/site-packages/six-1.11.0.dist-info'...
Listing './lib/python3.5/site-packages/sshcustodian'...
Listing './lib/python3.5/site-packages/sshcustodian/vasp'...
Listing './lib/python3.5/site-packages/tests'...
Listing './share'...
Listing './share/python-wheels'...
