Listing '.'...
Listing './bin'...
Listing './include'...
Listing './lib'...
Listing './lib/python3.5'...
Listing './lib/python3.5/site-packages'...
Listing './lib/python3.5/site-packages/cybox'...
Listing './lib/python3.5/site-packages/cybox/bindings'...
Listing './lib/python3.5/site-packages/cybox/bindings/extensions'...
Listing './lib/python3.5/site-packages/cybox/bindings/extensions/location'...
Listing './lib/python3.5/site-packages/cybox/common'...
Listing './lib/python3.5/site-packages/cybox/core'...
Listing './lib/python3.5/site-packages/cybox/objects'...
Listing './lib/python3.5/site-packages/cybox/test'...
Listing './lib/python3.5/site-packages/cybox/test/common'...
Listing './lib/python3.5/site-packages/cybox/test/core'...
Listing './lib/python3.5/site-packages/cybox/test/extensions'...
Listing './lib/python3.5/site-packages/cybox/test/extensions/location'...
Listing './lib/python3.5/site-packages/cybox/test/objects'...
Listing './lib/python3.5/site-packages/cybox/test/utils'...
Listing './lib/python3.5/site-packages/cybox/utils'...
Listing './lib/python3.5/site-packages/cybox-2.1.0.16.dist-info'...
Listing './lib/python3.5/site-packages/dateutil'...
Listing './lib/python3.5/site-packages/dateutil/tz'...
Listing './lib/python3.5/site-packages/dateutil/zoneinfo'...
Listing './lib/python3.5/site-packages/lxml'...
Listing './lib/python3.5/site-packages/lxml/html'...
Listing './lib/python3.5/site-packages/lxml/includes'...
Listing './lib/python3.5/site-packages/lxml/includes/libexslt'...
Listing './lib/python3.5/site-packages/lxml/includes/libxml'...
Listing './lib/python3.5/site-packages/lxml/includes/libxslt'...
Listing './lib/python3.5/site-packages/lxml/isoschematron'...
Listing './lib/python3.5/site-packages/lxml/isoschematron/resources'...
Listing './lib/python3.5/site-packages/lxml/isoschematron/resources/rng'...
Listing './lib/python3.5/site-packages/lxml/isoschematron/resources/xsl'...
Listing './lib/python3.5/site-packages/lxml/isoschematron/resources/xsl/iso-schematron-xslt1'...
Listing './lib/python3.5/site-packages/lxml-4.1.1.dist-info'...
Listing './lib/python3.5/site-packages/mixbox'...
Listing './lib/python3.5/site-packages/mixbox/vendor'...
Listing './lib/python3.5/site-packages/mixbox-1.0.2.dist-info'...
Listing './lib/python3.5/site-packages/ordered_set-2.0.2.egg-info'...
Listing './lib/python3.5/site-packages/pip'...
Listing './lib/python3.5/site-packages/pip/_vendor'...
Listing './lib/python3.5/site-packages/pip/commands'...
Listing './lib/python3.5/site-packages/pip/compat'...
Listing './lib/python3.5/site-packages/pip/models'...
Listing './lib/python3.5/site-packages/pip/operations'...
Listing './lib/python3.5/site-packages/pip/req'...
Listing './lib/python3.5/site-packages/pip/utils'...
Listing './lib/python3.5/site-packages/pip/vcs'...
Listing './lib/python3.5/site-packages/pip-9.0.1.dist-info'...
Listing './lib/python3.5/site-packages/pkg_resources'...
Listing './lib/python3.5/site-packages/pkg_resources/_vendor'...
Listing './lib/python3.5/site-packages/pkg_resources/_vendor/packaging'...
Listing './lib/python3.5/site-packages/pkg_resources/extern'...
Listing './lib/python3.5/site-packages/pkg_resources-0.0.0.dist-info'...
Listing './lib/python3.5/site-packages/python_dateutil-2.6.1.dist-info'...
Listing './lib/python3.5/site-packages/setuptools'...
Listing './lib/python3.5/site-packages/setuptools/command'...
Listing './lib/python3.5/site-packages/setuptools/extern'...
Listing './lib/python3.5/site-packages/setuptools-32.3.1.dist-info'...
Listing './lib/python3.5/site-packages/six-1.11.0.dist-info'...
Listing './lib/python3.5/site-packages/stix'...
Listing './lib/python3.5/site-packages/stix/bindings'...
Listing './lib/python3.5/site-packages/stix/bindings/extensions'...
Listing './lib/python3.5/site-packages/stix/bindings/extensions/address'...
Listing './lib/python3.5/site-packages/stix/bindings/extensions/attack_pattern'...
Listing './lib/python3.5/site-packages/stix/bindings/extensions/identity'...
Listing './lib/python3.5/site-packages/stix/bindings/extensions/malware'...
Listing './lib/python3.5/site-packages/stix/bindings/extensions/marking'...
Listing './lib/python3.5/site-packages/stix/bindings/extensions/structured_coa'...
Listing './lib/python3.5/site-packages/stix/bindings/extensions/test_mechanism'...
Listing './lib/python3.5/site-packages/stix/bindings/extensions/vulnerability'...
Listing './lib/python3.5/site-packages/stix/campaign'...
Listing './lib/python3.5/site-packages/stix/coa'...
Listing './lib/python3.5/site-packages/stix/common'...
Listing './lib/python3.5/site-packages/stix/common/kill_chains'...
Listing './lib/python3.5/site-packages/stix/core'...
Listing './lib/python3.5/site-packages/stix/exploit_target'...
Listing './lib/python3.5/site-packages/stix/extensions'...
Listing './lib/python3.5/site-packages/stix/extensions/identity'...
Listing './lib/python3.5/site-packages/stix/extensions/malware'...
Listing './lib/python3.5/site-packages/stix/extensions/marking'...
Listing './lib/python3.5/site-packages/stix/extensions/structured_coa'...
Listing './lib/python3.5/site-packages/stix/extensions/test_mechanism'...
Listing './lib/python3.5/site-packages/stix/incident'...
Listing './lib/python3.5/site-packages/stix/indicator'...
Listing './lib/python3.5/site-packages/stix/report'...
Listing './lib/python3.5/site-packages/stix/test'...
Listing './lib/python3.5/site-packages/stix/test/common'...
Listing './lib/python3.5/site-packages/stix/test/core'...
Listing './lib/python3.5/site-packages/stix/test/extensions'...
Listing './lib/python3.5/site-packages/stix/test/extensions/identity'...
Listing './lib/python3.5/site-packages/stix/test/extensions/malware'...
Listing './lib/python3.5/site-packages/stix/test/extensions/marking'...
Listing './lib/python3.5/site-packages/stix/test/extensions/structured_coa'...
Listing './lib/python3.5/site-packages/stix/test/extensions/test_mechanisms'...
Listing './lib/python3.5/site-packages/stix/test/utils'...
Listing './lib/python3.5/site-packages/stix/threat_actor'...
Listing './lib/python3.5/site-packages/stix/ttp'...
Listing './lib/python3.5/site-packages/stix/utils'...
Listing './lib/python3.5/site-packages/stix-1.2.0.4.dist-info'...
Listing './lib/python3.5/site-packages/stix_edh'...
Listing './lib/python3.5/site-packages/stix_edh/bindings'...
Listing './lib/python3.5/site-packages/stix_edh/test'...
Listing './lib/python3.5/site-packages/stix_edh/test/v2'...
Listing './lib/python3.5/site-packages/stix_edh-1.0.0.dist-info'...
Listing './share'...
Listing './share/python-wheels'...
