Listing '.'...
Listing './bin'...
Listing './include'...
Listing './lib'...
Listing './lib/python3.5'...
Listing './lib/python3.5/site-packages'...
Listing './lib/python3.5/site-packages/pip'...
Listing './lib/python3.5/site-packages/pip/_vendor'...
Listing './lib/python3.5/site-packages/pip/commands'...
Listing './lib/python3.5/site-packages/pip/compat'...
Listing './lib/python3.5/site-packages/pip/models'...
Listing './lib/python3.5/site-packages/pip/operations'...
Listing './lib/python3.5/site-packages/pip/req'...
Listing './lib/python3.5/site-packages/pip/utils'...
Listing './lib/python3.5/site-packages/pip/vcs'...
Listing './lib/python3.5/site-packages/pip-9.0.1.dist-info'...
Listing './lib/python3.5/site-packages/pkg_resources'...
Listing './lib/python3.5/site-packages/pkg_resources/_vendor'...
Listing './lib/python3.5/site-packages/pkg_resources/_vendor/packaging'...
Listing './lib/python3.5/site-packages/pkg_resources/extern'...
Listing './lib/python3.5/site-packages/pkg_resources-0.0.0.dist-info'...
Listing './lib/python3.5/site-packages/setuptools'...
Listing './lib/python3.5/site-packages/setuptools/command'...
Listing './lib/python3.5/site-packages/setuptools/extern'...
Listing './lib/python3.5/site-packages/setuptools-32.3.1.dist-info'...
Listing './lib/python3.5/site-packages/syfilebrowser'...
Listing './lib/python3.5/site-packages/syfilebrowser/locale'...
Listing './lib/python3.5/site-packages/syfilebrowser/locale/zh_CN'...
Listing './lib/python3.5/site-packages/syfilebrowser/locale/zh_CN/LC_MESSAGES'...
Listing './lib/python3.5/site-packages/syfilebrowser/locale/zh_TW'...
Listing './lib/python3.5/site-packages/syfilebrowser/locale/zh_TW/LC_MESSAGES'...
Listing './lib/python3.5/site-packages/syfilebrowser/static'...
Listing './lib/python3.5/site-packages/syfilebrowser/static/syfilebrowser'...
Listing './lib/python3.5/site-packages/syfilebrowser/static/syfilebrowser/css'...
Listing './lib/python3.5/site-packages/syfilebrowser/static/syfilebrowser/img'...
Listing './lib/python3.5/site-packages/syfilebrowser/static/syfilebrowser/js'...
Listing './lib/python3.5/site-packages/syfilebrowser/static/syfilebrowser/uploadify'...
Listing './lib/python3.5/site-packages/syfilebrowser/templates'...
Listing './lib/python3.5/site-packages/syfilebrowser/templates/syfilebrowser'...
Listing './lib/python3.5/site-packages/syfilebrowser/templates/syfilebrowser/include'...
Listing './lib/python3.5/site-packages/syfilebrowser/templatetags'...
Listing './lib/python3.5/site-packages/syfilebrowser-1.1.egg-info'...
Listing './share'...
Listing './share/python-wheels'...
