Listing '.'...
Listing './bin'...
Listing './include'...
Listing './lib'...
Listing './lib/python3.5'...
Listing './lib/python3.5/site-packages'...
Listing './lib/python3.5/site-packages/pip'...
Listing './lib/python3.5/site-packages/pip/_vendor'...
Listing './lib/python3.5/site-packages/pip/commands'...
Listing './lib/python3.5/site-packages/pip/compat'...
Listing './lib/python3.5/site-packages/pip/models'...
Listing './lib/python3.5/site-packages/pip/operations'...
Listing './lib/python3.5/site-packages/pip/req'...
Listing './lib/python3.5/site-packages/pip/utils'...
Listing './lib/python3.5/site-packages/pip/vcs'...
Listing './lib/python3.5/site-packages/pip-9.0.1.dist-info'...
Listing './lib/python3.5/site-packages/pkg_resources'...
Listing './lib/python3.5/site-packages/pkg_resources/_vendor'...
Listing './lib/python3.5/site-packages/pkg_resources/_vendor/packaging'...
Listing './lib/python3.5/site-packages/pkg_resources/extern'...
Listing './lib/python3.5/site-packages/pkg_resources-0.0.0.dist-info'...
Listing './lib/python3.5/site-packages/setuptools'...
Listing './lib/python3.5/site-packages/setuptools/command'...
Listing './lib/python3.5/site-packages/setuptools/extern'...
Listing './lib/python3.5/site-packages/setuptools-32.3.1.dist-info'...
Listing './lib/python3.5/site-packages/tart'...
Listing './lib/python3.5/site-packages/tart/imaging'...
Compiling './lib/python3.5/site-packages/tart/imaging/antenna_model.py'...
***   File "./lib/python3.5/site-packages/tart/imaging/antenna_model.py", line 144
    print hp.Alm.getlmax(len(alms), mmax=mmax)
           ^
SyntaxError: invalid syntax

Compiling './lib/python3.5/site-packages/tart/imaging/correlator.py'...
***   File "./lib/python3.5/site-packages/tart/imaging/correlator.py", line 58
    print len(baselines)
            ^
SyntaxError: invalid syntax

Compiling './lib/python3.5/site-packages/tart/imaging/elaz.py'...
***   File "./lib/python3.5/site-packages/tart/imaging/elaz.py", line 93
    print new.shape, old.shape
            ^
SyntaxError: Missing parentheses in call to 'print'

Compiling './lib/python3.5/site-packages/tart/imaging/ephemerides_proxy.py'...
***   File "./lib/python3.5/site-packages/tart/imaging/ephemerides_proxy.py", line 43
    print "Cache miss %s, %d" % (utc_date, sv)
                            ^
SyntaxError: invalid syntax

Compiling './lib/python3.5/site-packages/tart/imaging/ephemeris.py'...
***   File "./lib/python3.5/site-packages/tart/imaging/ephemeris.py", line 168
    print "  E0 -> ", ek
                   ^
SyntaxError: Missing parentheses in call to 'print'

Compiling './lib/python3.5/site-packages/tart/imaging/simulate_transit.py'...
***   File "./lib/python3.5/site-packages/tart/imaging/simulate_transit.py", line 50
    print type(inst)     # the exception instance
             ^
SyntaxError: invalid syntax

Compiling './lib/python3.5/site-packages/tart/imaging/synthesis.py'...
***   File "./lib/python3.5/site-packages/tart/imaging/synthesis.py", line 123
    print 'generating...'
                        ^
SyntaxError: Missing parentheses in call to 'print'

Listing './lib/python3.5/site-packages/tart/imaging/test'...
Compiling './lib/python3.5/site-packages/tart/imaging/test/test_correlator.py'...
***   File "./lib/python3.5/site-packages/tart/imaging/test/test_correlator.py", line 62
    print 'dt', dt
             ^
SyntaxError: Missing parentheses in call to 'print'

Compiling './lib/python3.5/site-packages/tart/imaging/test/test_ephemerides_proxy.py'...
***   File "./lib/python3.5/site-packages/tart/imaging/test/test_ephemerides_proxy.py", line 18
    print t, dr
          ^
SyntaxError: Missing parentheses in call to 'print'

Compiling './lib/python3.5/site-packages/tart/imaging/test/test_gps_satellite.py'...
***   File "./lib/python3.5/site-packages/tart/imaging/test/test_gps_satellite.py", line 49
    print angle.wrap_360(ra.to_degrees())
              ^
SyntaxError: invalid syntax

Compiling './lib/python3.5/site-packages/tart/imaging/test/test_location.py'...
***   File "./lib/python3.5/site-packages/tart/imaging/test/test_location.py", line 45
    print x, y, z
          ^
SyntaxError: Missing parentheses in call to 'print'

Compiling './lib/python3.5/site-packages/tart/imaging/test/test_sun.py'...
***   File "./lib/python3.5/site-packages/tart/imaging/test/test_sun.py", line 28
    print "El %f    Az %f" % (el.to_degrees(), az.to_degrees())
                         ^
SyntaxError: invalid syntax

Compiling './lib/python3.5/site-packages/tart/imaging/visibility.py'...
***   File "./lib/python3.5/site-packages/tart/imaging/visibility.py", line 120
    print 'Warning. Visibility file: %s had %i visibilities missing' % (filename, err_count)
                                                                   ^
SyntaxError: invalid syntax

Listing './lib/python3.5/site-packages/tart/operation'...
Compiling './lib/python3.5/site-packages/tart/operation/observation.py'...
***   File "./lib/python3.5/site-packages/tart/operation/observation.py", line 73
    print 'not gzipped'
                      ^
SyntaxError: Missing parentheses in call to 'print'

Compiling './lib/python3.5/site-packages/tart/operation/settings.py'...
***   File "./lib/python3.5/site-packages/tart/operation/settings.py", line 67
    print 'could not load ' + cal_ant_positions_file
                          ^
SyntaxError: Missing parentheses in call to 'print'

Listing './lib/python3.5/site-packages/tart/operation/test'...
Listing './lib/python3.5/site-packages/tart/simulation'...
Compiling './lib/python3.5/site-packages/tart/simulation/calculate_delay.py'...
***   File "./lib/python3.5/site-packages/tart/simulation/calculate_delay.py", line 23
    print simplify(dt)
                 ^
SyntaxError: invalid syntax

Compiling './lib/python3.5/site-packages/tart/simulation/radio.py'...
***   File "./lib/python3.5/site-packages/tart/simulation/radio.py", line 65
    if debug: print "LO Frequency: %f" % lo_freq
                                     ^
SyntaxError: Missing parentheses in call to 'print'

Compiling './lib/python3.5/site-packages/tart/simulation/sample_delay.py'...
***   File "./lib/python3.5/site-packages/tart/simulation/sample_delay.py", line 17
    print delay
              ^
SyntaxError: Missing parentheses in call to 'print'

Compiling './lib/python3.5/site-packages/tart/simulation/sample_size.py'...
***   File "./lib/python3.5/site-packages/tart/simulation/sample_size.py", line 53
    print 'Jump this many places from left to find phase zero position for each sample'
                                                                                      ^
SyntaxError: Missing parentheses in call to 'print'

Compiling './lib/python3.5/site-packages/tart/simulation/simulation_source.py'...
***   File "./lib/python3.5/site-packages/tart/simulation/simulation_source.py", line 49
    print "s(t)=%g s(t-tg)=%g" % (crab.s(t), crab.s(t-1e-11))
                             ^
SyntaxError: invalid syntax

Compiling './lib/python3.5/site-packages/tart/simulation/simulator.py'...
***   File "./lib/python3.5/site-packages/tart/simulation/simulator.py", line 26
    print 'control-c pressed'
                            ^
SyntaxError: Missing parentheses in call to 'print'

Compiling './lib/python3.5/site-packages/tart/simulation/skymodel.py'...
***   File "./lib/python3.5/site-packages/tart/simulation/skymodel.py", line 122
    print src['name'], src['az'], src['el']
            ^
SyntaxError: Missing parentheses in call to 'print'

Compiling './lib/python3.5/site-packages/tart/simulation/telescope_signals.py'...
***   File "./lib/python3.5/site-packages/tart/simulation/telescope_signals.py", line 17
    print 'delay_1 = ', delay_1
                     ^
SyntaxError: Missing parentheses in call to 'print'

Compiling './lib/python3.5/site-packages/tart/simulation/telescope_system.py'...
***   File "./lib/python3.5/site-packages/tart/simulation/telescope_system.py", line 16
    print "Radio Sampling Rate %g" % rad.sampling_rate
                                 ^
SyntaxError: Missing parentheses in call to 'print'

Listing './lib/python3.5/site-packages/tart/simulation/test'...
Compiling './lib/python3.5/site-packages/tart/simulation/test/test_radio.py'...
***   File "./lib/python3.5/site-packages/tart/simulation/test/test_radio.py", line 52
    print len(obs_full.get_antenna(1)), obs_full.get_antenna(1).mean()
            ^
SyntaxError: invalid syntax

Compiling './lib/python3.5/site-packages/tart/simulation/test/test_simulated_visibility.py'...
***   File "./lib/python3.5/site-packages/tart/simulation/test/test_simulated_visibility.py", line 57
    print d
          ^
SyntaxError: Missing parentheses in call to 'print'

Compiling './lib/python3.5/site-packages/tart/simulation/test/test_simulation_source.py'...
***   File "./lib/python3.5/site-packages/tart/simulation/test/test_simulation_source.py", line 47
    print i
          ^
SyntaxError: Missing parentheses in call to 'print'

Compiling './lib/python3.5/site-packages/tart/simulation/test/test_skymodel.py'...
***   File "./lib/python3.5/site-packages/tart/simulation/test/test_skymodel.py", line 18
    print state
              ^
SyntaxError: Missing parentheses in call to 'print'

Listing './lib/python3.5/site-packages/tart/test'...
Listing './lib/python3.5/site-packages/tart/util'...
Compiling './lib/python3.5/site-packages/tart/util/hilbert.py'...
***   File "./lib/python3.5/site-packages/tart/util/hilbert.py", line 30
    print 'fft', time.time()-s_0
              ^
SyntaxError: invalid syntax

Compiling './lib/python3.5/site-packages/tart/util/mp.py'...
***   File "./lib/python3.5/site-packages/tart/util/mp.py", line 19
    print 'control-c pressed'
                            ^
SyntaxError: Missing parentheses in call to 'print'

Compiling './lib/python3.5/site-packages/tart/util/nelder_mead.py'...
***   File "./lib/python3.5/site-packages/tart/util/nelder_mead.py", line 27
    print y
          ^
SyntaxError: Missing parentheses in call to 'print'

Listing './lib/python3.5/site-packages/tart/util/test'...
Listing './lib/python3.5/site-packages/tart-0.14.6.egg-info'...
Listing './share'...
Listing './share/python-wheels'...
