Listing '.'...
Listing './bin'...
Compiling './bin/sumlabels.py'...
Compiling './bin/sumtrees.py'...
Listing './include'...
Listing './lib'...
Listing './lib/python3.5'...
Listing './lib/python3.5/site-packages'...
Listing './lib/python3.5/site-packages/DendroPy-4.3.0.egg-info'...
Listing './lib/python3.5/site-packages/Jinja2-2.10.dist-info'...
Listing './lib/python3.5/site-packages/MarkupSafe-1.0.egg-info'...
Listing './lib/python3.5/site-packages/PyYAML-3.12.egg-info'...
Listing './lib/python3.5/site-packages/SQLAlchemy-1.2.0.egg-info'...
Listing './lib/python3.5/site-packages/decorator-4.1.2.dist-info'...
Listing './lib/python3.5/site-packages/dendropy'...
Listing './lib/python3.5/site-packages/dendropy/calculate'...
Listing './lib/python3.5/site-packages/dendropy/dataio'...
Listing './lib/python3.5/site-packages/dendropy/datamodel'...
Listing './lib/python3.5/site-packages/dendropy/interop'...
Listing './lib/python3.5/site-packages/dendropy/legacy'...
Listing './lib/python3.5/site-packages/dendropy/mathlib'...
Listing './lib/python3.5/site-packages/dendropy/model'...
Listing './lib/python3.5/site-packages/dendropy/simulate'...
Listing './lib/python3.5/site-packages/dendropy/test'...
Listing './lib/python3.5/site-packages/dendropy/test/benchmark'...
Listing './lib/python3.5/site-packages/dendropy/test/data'...
Listing './lib/python3.5/site-packages/dendropy/test/data/chars'...
Listing './lib/python3.5/site-packages/dendropy/test/data/mixed'...
Listing './lib/python3.5/site-packages/dendropy/test/data/other'...
Listing './lib/python3.5/site-packages/dendropy/test/data/splits'...
Listing './lib/python3.5/site-packages/dendropy/test/data/trees'...
Listing './lib/python3.5/site-packages/dendropy/test/support'...
Listing './lib/python3.5/site-packages/dendropy/utility'...
Listing './lib/python3.5/site-packages/dendropy/utility/libexec'...
Listing './lib/python3.5/site-packages/fastalite'...
Listing './lib/python3.5/site-packages/fastalite/data'...
Listing './lib/python3.5/site-packages/fastalite-0.3.egg-info'...
Listing './lib/python3.5/site-packages/jinja2'...
Compiling './lib/python3.5/site-packages/jinja2/asyncfilters.py'...
***   File "./lib/python3.5/site-packages/jinja2/asyncfilters.py", line 24
    yield item
    ^
SyntaxError: 'yield' inside async function

Compiling './lib/python3.5/site-packages/jinja2/asyncsupport.py'...
***   File "./lib/python3.5/site-packages/jinja2/asyncsupport.py", line 35
    yield event
    ^
SyntaxError: 'yield' inside async function

Listing './lib/python3.5/site-packages/markupsafe'...
Listing './lib/python3.5/site-packages/pip'...
Listing './lib/python3.5/site-packages/pip/_vendor'...
Listing './lib/python3.5/site-packages/pip/commands'...
Listing './lib/python3.5/site-packages/pip/compat'...
Listing './lib/python3.5/site-packages/pip/models'...
Listing './lib/python3.5/site-packages/pip/operations'...
Listing './lib/python3.5/site-packages/pip/req'...
Listing './lib/python3.5/site-packages/pip/utils'...
Listing './lib/python3.5/site-packages/pip/vcs'...
Listing './lib/python3.5/site-packages/pip-9.0.1.dist-info'...
Listing './lib/python3.5/site-packages/pkg_resources'...
Listing './lib/python3.5/site-packages/pkg_resources/_vendor'...
Listing './lib/python3.5/site-packages/pkg_resources/_vendor/packaging'...
Listing './lib/python3.5/site-packages/pkg_resources/extern'...
Listing './lib/python3.5/site-packages/pkg_resources-0.0.0.dist-info'...
Listing './lib/python3.5/site-packages/psycopg2'...
Listing './lib/python3.5/site-packages/psycopg2/.libs'...
Listing './lib/python3.5/site-packages/psycopg2/tests'...
Listing './lib/python3.5/site-packages/psycopg2-2.7.3.2.dist-info'...
Listing './lib/python3.5/site-packages/setuptools'...
Listing './lib/python3.5/site-packages/setuptools/command'...
Listing './lib/python3.5/site-packages/setuptools/extern'...
Listing './lib/python3.5/site-packages/setuptools-32.3.1.dist-info'...
Listing './lib/python3.5/site-packages/six-1.11.0.dist-info'...
Listing './lib/python3.5/site-packages/sqlalchemy'...
Listing './lib/python3.5/site-packages/sqlalchemy/connectors'...
Listing './lib/python3.5/site-packages/sqlalchemy/databases'...
Listing './lib/python3.5/site-packages/sqlalchemy/dialects'...
Listing './lib/python3.5/site-packages/sqlalchemy/dialects/firebird'...
Listing './lib/python3.5/site-packages/sqlalchemy/dialects/mssql'...
Listing './lib/python3.5/site-packages/sqlalchemy/dialects/mysql'...
Listing './lib/python3.5/site-packages/sqlalchemy/dialects/oracle'...
Listing './lib/python3.5/site-packages/sqlalchemy/dialects/postgresql'...
Listing './lib/python3.5/site-packages/sqlalchemy/dialects/sqlite'...
Listing './lib/python3.5/site-packages/sqlalchemy/dialects/sybase'...
Listing './lib/python3.5/site-packages/sqlalchemy/engine'...
Listing './lib/python3.5/site-packages/sqlalchemy/event'...
Listing './lib/python3.5/site-packages/sqlalchemy/ext'...
Listing './lib/python3.5/site-packages/sqlalchemy/ext/declarative'...
Listing './lib/python3.5/site-packages/sqlalchemy/orm'...
Listing './lib/python3.5/site-packages/sqlalchemy/sql'...
Listing './lib/python3.5/site-packages/sqlalchemy/testing'...
Listing './lib/python3.5/site-packages/sqlalchemy/testing/plugin'...
Listing './lib/python3.5/site-packages/sqlalchemy/testing/suite'...
Listing './lib/python3.5/site-packages/sqlalchemy/util'...
Listing './lib/python3.5/site-packages/taxtastic'...
Listing './lib/python3.5/site-packages/taxtastic/data'...
Listing './lib/python3.5/site-packages/taxtastic/scripts'...
Listing './lib/python3.5/site-packages/taxtastic/subcommands'...
Listing './lib/python3.5/site-packages/taxtastic-0.8.5.egg-info'...
Listing './lib/python3.5/site-packages/tests'...
Listing './lib/python3.5/site-packages/yaml'...
Listing './share'...
Listing './share/python-wheels'...
