Listing '.'...
Listing './bin'...
Listing './include'...
Listing './lib'...
Listing './lib/python3.5'...
Listing './lib/python3.5/site-packages'...
Listing './lib/python3.5/site-packages/MarkupSafe-1.0.egg-info'...
Listing './lib/python3.5/site-packages/PasteDeploy-1.5.2.dist-info'...
Listing './lib/python3.5/site-packages/Pygments-2.2.0.dist-info'...
Listing './lib/python3.5/site-packages/Tempita-0.5.2.egg-info'...
Listing './lib/python3.5/site-packages/TurboGears2-2.3.11.egg-info'...
Listing './lib/python3.5/site-packages/WebOb-1.7.4.dist-info'...
Listing './lib/python3.5/site-packages/WebTest-1.4.3.egg-info'...
Listing './lib/python3.5/site-packages/backlash'...
Listing './lib/python3.5/site-packages/backlash/statics'...
Listing './lib/python3.5/site-packages/backlash/trace_errors'...
Listing './lib/python3.5/site-packages/backlash/tracing'...
Listing './lib/python3.5/site-packages/backlash/tracing/errors'...
Listing './lib/python3.5/site-packages/backlash/tracing/reporters'...
Listing './lib/python3.5/site-packages/backlash/tracing/slowrequests'...
Listing './lib/python3.5/site-packages/backlash-0.1.3.egg-info'...
Listing './lib/python3.5/site-packages/crank'...
Listing './lib/python3.5/site-packages/crank-0.8.1.egg-info'...
Listing './lib/python3.5/site-packages/devtools'...
Listing './lib/python3.5/site-packages/devtools/commands'...
Listing './lib/python3.5/site-packages/devtools/commands/model_ming'...
Listing './lib/python3.5/site-packages/devtools/commands/quickstart_genshi'...
Listing './lib/python3.5/site-packages/devtools/commands/quickstart_jinja'...
Listing './lib/python3.5/site-packages/devtools/commands/quickstart_kajiki'...
Listing './lib/python3.5/site-packages/devtools/commands/quickstart_mako'...
Listing './lib/python3.5/site-packages/devtools/gearbox'...
Listing './lib/python3.5/site-packages/devtools/gearbox/tgext'...
Listing './lib/python3.5/site-packages/devtools/gearbox/tgext/template'...
Listing './lib/python3.5/site-packages/devtools/gearbox/tgext/template/tgext'...
Listing './lib/python3.5/site-packages/devtools/gearbox/tgext/template/tgext/+project+'...
Listing './lib/python3.5/site-packages/devtools/templates'...
Listing './lib/python3.5/site-packages/devtools/templates/turbogears'...
Listing './lib/python3.5/site-packages/devtools/templates/turbogears/+package+'...
Listing './lib/python3.5/site-packages/devtools/templates/turbogears/+package+/config'...
Listing './lib/python3.5/site-packages/devtools/templates/turbogears/+package+/controllers'...
Listing './lib/python3.5/site-packages/devtools/templates/turbogears/+package+/i18n'...
Listing './lib/python3.5/site-packages/devtools/templates/turbogears/+package+/i18n/ru'...
Listing './lib/python3.5/site-packages/devtools/templates/turbogears/+package+/i18n/ru/LC_MESSAGES'...
Listing './lib/python3.5/site-packages/devtools/templates/turbogears/+package+/lib'...
Listing './lib/python3.5/site-packages/devtools/templates/turbogears/+package+/model'...
Listing './lib/python3.5/site-packages/devtools/templates/turbogears/+package+/public'...
Listing './lib/python3.5/site-packages/devtools/templates/turbogears/+package+/public/css'...
Listing './lib/python3.5/site-packages/devtools/templates/turbogears/+package+/public/fonts'...
Listing './lib/python3.5/site-packages/devtools/templates/turbogears/+package+/public/img'...
Listing './lib/python3.5/site-packages/devtools/templates/turbogears/+package+/public/javascript'...
Listing './lib/python3.5/site-packages/devtools/templates/turbogears/+package+/templates'...
Listing './lib/python3.5/site-packages/devtools/templates/turbogears/+package+/tests'...
Listing './lib/python3.5/site-packages/devtools/templates/turbogears/+package+/tests/functional'...
Listing './lib/python3.5/site-packages/devtools/templates/turbogears/+package+/tests/models'...
Listing './lib/python3.5/site-packages/devtools/templates/turbogears/+package+/websetup'...
Listing './lib/python3.5/site-packages/devtools/templates/turbogears/migration'...
Listing './lib/python3.5/site-packages/devtools/templates/turbogears/migration/versions'...
Listing './lib/python3.5/site-packages/devtools/tests'...
Listing './lib/python3.5/site-packages/gearbox'...
Listing './lib/python3.5/site-packages/gearbox/commands'...
Listing './lib/python3.5/site-packages/gearbox/commands/basic_package'...
Listing './lib/python3.5/site-packages/gearbox/commands/basic_package/template'...
Listing './lib/python3.5/site-packages/gearbox/commands/basic_package/template/+package+'...
Listing './lib/python3.5/site-packages/gearbox/utils'...
Listing './lib/python3.5/site-packages/gearbox-0.1.1.egg-info'...
Listing './lib/python3.5/site-packages/markupsafe'...
Listing './lib/python3.5/site-packages/paste'...
Listing './lib/python3.5/site-packages/paste/deploy'...
Listing './lib/python3.5/site-packages/paste/deploy/paster_templates'...
Listing './lib/python3.5/site-packages/paste/deploy/paster_templates/paste_deploy'...
Listing './lib/python3.5/site-packages/paste/deploy/paster_templates/paste_deploy/+package+'...
Listing './lib/python3.5/site-packages/paste/deploy/paster_templates/paste_deploy/docs'...
Listing './lib/python3.5/site-packages/pip'...
Listing './lib/python3.5/site-packages/pip/_vendor'...
Listing './lib/python3.5/site-packages/pip/commands'...
Listing './lib/python3.5/site-packages/pip/compat'...
Listing './lib/python3.5/site-packages/pip/models'...
Listing './lib/python3.5/site-packages/pip/operations'...
Listing './lib/python3.5/site-packages/pip/req'...
Listing './lib/python3.5/site-packages/pip/utils'...
Listing './lib/python3.5/site-packages/pip/vcs'...
Listing './lib/python3.5/site-packages/pip-9.0.1.dist-info'...
Listing './lib/python3.5/site-packages/pkg_resources'...
Listing './lib/python3.5/site-packages/pkg_resources/_vendor'...
Listing './lib/python3.5/site-packages/pkg_resources/_vendor/packaging'...
Listing './lib/python3.5/site-packages/pkg_resources/extern'...
Listing './lib/python3.5/site-packages/pkg_resources-0.0.0.dist-info'...
Listing './lib/python3.5/site-packages/pygments'...
Listing './lib/python3.5/site-packages/pygments/filters'...
Listing './lib/python3.5/site-packages/pygments/formatters'...
Listing './lib/python3.5/site-packages/pygments/lexers'...
Listing './lib/python3.5/site-packages/pygments/styles'...
Listing './lib/python3.5/site-packages/repoze'...
Listing './lib/python3.5/site-packages/repoze/lru'...
Listing './lib/python3.5/site-packages/repoze.lru-0.7.dist-info'...
Listing './lib/python3.5/site-packages/setuptools'...
Listing './lib/python3.5/site-packages/setuptools/command'...
Listing './lib/python3.5/site-packages/setuptools/extern'...
Listing './lib/python3.5/site-packages/setuptools-32.3.1.dist-info'...
Listing './lib/python3.5/site-packages/tempita'...
Listing './lib/python3.5/site-packages/tests'...
Listing './lib/python3.5/site-packages/tests/fixtures'...
Listing './lib/python3.5/site-packages/tests/fixtures/package_with_helpers_submodule'...
Listing './lib/python3.5/site-packages/tests/fixtures/package_with_helpers_submodule/lib'...
Listing './lib/python3.5/site-packages/tests/test_stack'...
Listing './lib/python3.5/site-packages/tests/test_stack/config'...
Listing './lib/python3.5/site-packages/tests/test_stack/config/controllers'...
Listing './lib/python3.5/site-packages/tests/test_stack/dispatch'...
Listing './lib/python3.5/site-packages/tests/test_stack/dispatch/controllers'...
Listing './lib/python3.5/site-packages/tests/test_stack/fixture'...
Listing './lib/python3.5/site-packages/tests/test_stack/lib'...
Listing './lib/python3.5/site-packages/tests/test_stack/lib/templatetools'...
Listing './lib/python3.5/site-packages/tests/test_stack/rendering'...
Listing './lib/python3.5/site-packages/tests/test_stack/rendering/controllers'...
Listing './lib/python3.5/site-packages/tests/test_stack/rendering/templates'...
Listing './lib/python3.5/site-packages/tests/test_stack/rendering/templates/sub'...
Listing './lib/python3.5/site-packages/tg'...
Listing './lib/python3.5/site-packages/tg/appwrappers'...
Listing './lib/python3.5/site-packages/tg/configuration'...
Listing './lib/python3.5/site-packages/tg/configuration/auth'...
Listing './lib/python3.5/site-packages/tg/configuration/mongo'...
Listing './lib/python3.5/site-packages/tg/configuration/sqla'...
Listing './lib/python3.5/site-packages/tg/controllers'...
Listing './lib/python3.5/site-packages/tg/renderers'...
Listing './lib/python3.5/site-packages/tg/support'...
Listing './lib/python3.5/site-packages/tg/templates'...
Listing './lib/python3.5/site-packages/tg/util'...
Listing './lib/python3.5/site-packages/tg.devtools-2.3.11.egg-info'...
Listing './lib/python3.5/site-packages/tgext'...
Listing './lib/python3.5/site-packages/tgext/debugbar'...
Listing './lib/python3.5/site-packages/tgext/debugbar/sections'...
Listing './lib/python3.5/site-packages/tgext/debugbar/sections/templates'...
Listing './lib/python3.5/site-packages/tgext/debugbar/statics'...
Listing './lib/python3.5/site-packages/tgext/debugbar/templates'...
Listing './lib/python3.5/site-packages/tgext.debugbar-0.3.0.egg-info'...
Listing './lib/python3.5/site-packages/webob'...
Listing './lib/python3.5/site-packages/webtest'...
Listing './share'...
Listing './share/python-wheels'...
