Listing '.'...
Listing './bin'...
Listing './include'...
Listing './lib'...
Listing './lib/python3.5'...
Listing './lib/python3.5/site-packages'...
Listing './lib/python3.5/site-packages/Jinja2-2.10.dist-info'...
Listing './lib/python3.5/site-packages/MarkupSafe-1.0.egg-info'...
Listing './lib/python3.5/site-packages/ModestMaps'...
Listing './lib/python3.5/site-packages/ModestMaps-1.4.7.egg-info'...
Listing './lib/python3.5/site-packages/PyYAML-3.12.egg-info'...
Listing './lib/python3.5/site-packages/Shapely-1.6.3.dist-info'...
Listing './lib/python3.5/site-packages/boto'...
Listing './lib/python3.5/site-packages/boto/awslambda'...
Listing './lib/python3.5/site-packages/boto/beanstalk'...
Listing './lib/python3.5/site-packages/boto/cacerts'...
Listing './lib/python3.5/site-packages/boto/cloudformation'...
Listing './lib/python3.5/site-packages/boto/cloudfront'...
Listing './lib/python3.5/site-packages/boto/cloudhsm'...
Listing './lib/python3.5/site-packages/boto/cloudsearch'...
Listing './lib/python3.5/site-packages/boto/cloudsearch2'...
Listing './lib/python3.5/site-packages/boto/cloudsearchdomain'...
Listing './lib/python3.5/site-packages/boto/cloudtrail'...
Listing './lib/python3.5/site-packages/boto/codedeploy'...
Listing './lib/python3.5/site-packages/boto/cognito'...
Listing './lib/python3.5/site-packages/boto/cognito/identity'...
Listing './lib/python3.5/site-packages/boto/cognito/sync'...
Listing './lib/python3.5/site-packages/boto/configservice'...
Listing './lib/python3.5/site-packages/boto/contrib'...
Listing './lib/python3.5/site-packages/boto/datapipeline'...
Listing './lib/python3.5/site-packages/boto/directconnect'...
Listing './lib/python3.5/site-packages/boto/dynamodb'...
Listing './lib/python3.5/site-packages/boto/dynamodb2'...
Listing './lib/python3.5/site-packages/boto/ec2'...
Listing './lib/python3.5/site-packages/boto/ec2/autoscale'...
Listing './lib/python3.5/site-packages/boto/ec2/cloudwatch'...
Listing './lib/python3.5/site-packages/boto/ec2/elb'...
Listing './lib/python3.5/site-packages/boto/ec2containerservice'...
Listing './lib/python3.5/site-packages/boto/ecs'...
Listing './lib/python3.5/site-packages/boto/elasticache'...
Listing './lib/python3.5/site-packages/boto/elastictranscoder'...
Listing './lib/python3.5/site-packages/boto/emr'...
Listing './lib/python3.5/site-packages/boto/file'...
Listing './lib/python3.5/site-packages/boto/fps'...
Listing './lib/python3.5/site-packages/boto/glacier'...
Listing './lib/python3.5/site-packages/boto/gs'...
Listing './lib/python3.5/site-packages/boto/iam'...
Listing './lib/python3.5/site-packages/boto/kinesis'...
Listing './lib/python3.5/site-packages/boto/kms'...
Listing './lib/python3.5/site-packages/boto/logs'...
Listing './lib/python3.5/site-packages/boto/machinelearning'...
Listing './lib/python3.5/site-packages/boto/manage'...
Listing './lib/python3.5/site-packages/boto/mashups'...
Listing './lib/python3.5/site-packages/boto/mturk'...
Listing './lib/python3.5/site-packages/boto/mws'...
Listing './lib/python3.5/site-packages/boto/opsworks'...
Listing './lib/python3.5/site-packages/boto/pyami'...
Listing './lib/python3.5/site-packages/boto/pyami/installers'...
Listing './lib/python3.5/site-packages/boto/pyami/installers/ubuntu'...
Listing './lib/python3.5/site-packages/boto/rds'...
Listing './lib/python3.5/site-packages/boto/rds2'...
Listing './lib/python3.5/site-packages/boto/redshift'...
Listing './lib/python3.5/site-packages/boto/roboto'...
Listing './lib/python3.5/site-packages/boto/route53'...
Listing './lib/python3.5/site-packages/boto/route53/domains'...
Listing './lib/python3.5/site-packages/boto/s3'...
Listing './lib/python3.5/site-packages/boto/sdb'...
Listing './lib/python3.5/site-packages/boto/sdb/db'...
Listing './lib/python3.5/site-packages/boto/sdb/db/manager'...
Listing './lib/python3.5/site-packages/boto/services'...
Listing './lib/python3.5/site-packages/boto/ses'...
Listing './lib/python3.5/site-packages/boto/sns'...
Listing './lib/python3.5/site-packages/boto/sqs'...
Listing './lib/python3.5/site-packages/boto/sts'...
Listing './lib/python3.5/site-packages/boto/support'...
Listing './lib/python3.5/site-packages/boto/swf'...
Listing './lib/python3.5/site-packages/boto/vendored'...
Listing './lib/python3.5/site-packages/boto/vendored/regions'...
Listing './lib/python3.5/site-packages/boto/vpc'...
Listing './lib/python3.5/site-packages/boto-2.48.0.dist-info'...
Listing './lib/python3.5/site-packages/certifi'...
Listing './lib/python3.5/site-packages/certifi-2017.11.5.dist-info'...
Listing './lib/python3.5/site-packages/chardet'...
Listing './lib/python3.5/site-packages/chardet/cli'...
Listing './lib/python3.5/site-packages/chardet-3.0.4.dist-info'...
Listing './lib/python3.5/site-packages/dateutil'...
Listing './lib/python3.5/site-packages/dateutil/tz'...
Listing './lib/python3.5/site-packages/dateutil/zoneinfo'...
Listing './lib/python3.5/site-packages/edtf'...
Listing './lib/python3.5/site-packages/edtf/natlang'...
Compiling './lib/python3.5/site-packages/edtf/natlang/en.py'...
***   File "./lib/python3.5/site-packages/edtf/natlang/en.py", line 11
    DEFAULT_DATE_1 = datetime(1234, 01, 01, 0, 0)
                                     ^
SyntaxError: invalid token

Compiling './lib/python3.5/site-packages/edtf/natlang/tests.py'...
***   File "./lib/python3.5/site-packages/edtf/natlang/tests.py", line 205
    print "%s => %s" % (i, e)
                   ^
SyntaxError: invalid syntax

Listing './lib/python3.5/site-packages/edtf/parser'...
Compiling './lib/python3.5/site-packages/edtf/parser/parser_classes.py'...
***   File "./lib/python3.5/site-packages/edtf/parser/parser_classes.py", line 39
    print "trying to %s.__init__(**%s)" % (cls.__name__, kwargs)
                                      ^
SyntaxError: invalid syntax

Listing './lib/python3.5/site-packages/edtf-2.7.0.egg-info'...
Listing './lib/python3.5/site-packages/future'...
Listing './lib/python3.5/site-packages/future/backports'...
Listing './lib/python3.5/site-packages/future/backports/email'...
Listing './lib/python3.5/site-packages/future/backports/email/mime'...
Listing './lib/python3.5/site-packages/future/backports/html'...
Listing './lib/python3.5/site-packages/future/backports/http'...
Listing './lib/python3.5/site-packages/future/backports/test'...
Listing './lib/python3.5/site-packages/future/backports/urllib'...
Listing './lib/python3.5/site-packages/future/backports/xmlrpc'...
Listing './lib/python3.5/site-packages/future/builtins'...
Listing './lib/python3.5/site-packages/future/moves'...
Listing './lib/python3.5/site-packages/future/moves/dbm'...
Listing './lib/python3.5/site-packages/future/moves/html'...
Listing './lib/python3.5/site-packages/future/moves/http'...
Listing './lib/python3.5/site-packages/future/moves/test'...
Listing './lib/python3.5/site-packages/future/moves/tkinter'...
Listing './lib/python3.5/site-packages/future/moves/urllib'...
Listing './lib/python3.5/site-packages/future/moves/xmlrpc'...
Listing './lib/python3.5/site-packages/future/standard_library'...
Listing './lib/python3.5/site-packages/future/tests'...
Listing './lib/python3.5/site-packages/future/types'...
Listing './lib/python3.5/site-packages/future/utils'...
Listing './lib/python3.5/site-packages/future-0.16.0.egg-info'...
Listing './lib/python3.5/site-packages/google'...
Listing './lib/python3.5/site-packages/google/protobuf'...
Listing './lib/python3.5/site-packages/google/protobuf/compiler'...
Listing './lib/python3.5/site-packages/google/protobuf/internal'...
Listing './lib/python3.5/site-packages/google/protobuf/internal/import_test_package'...
Listing './lib/python3.5/site-packages/google/protobuf/pyext'...
Listing './lib/python3.5/site-packages/google/protobuf/util'...
Listing './lib/python3.5/site-packages/hiredis'...
Listing './lib/python3.5/site-packages/hiredis-0.2.0.egg-info'...
Listing './lib/python3.5/site-packages/idna'...
Listing './lib/python3.5/site-packages/idna-2.6.dist-info'...
Listing './lib/python3.5/site-packages/jinja2'...
Compiling './lib/python3.5/site-packages/jinja2/asyncfilters.py'...
***   File "./lib/python3.5/site-packages/jinja2/asyncfilters.py", line 24
    yield item
    ^
SyntaxError: 'yield' inside async function

Compiling './lib/python3.5/site-packages/jinja2/asyncsupport.py'...
***   File "./lib/python3.5/site-packages/jinja2/asyncsupport.py", line 35
    yield event
    ^
SyntaxError: 'yield' inside async function

Listing './lib/python3.5/site-packages/libfuturize'...
Listing './lib/python3.5/site-packages/libfuturize/fixes'...
Listing './lib/python3.5/site-packages/libpasteurize'...
Listing './lib/python3.5/site-packages/libpasteurize/fixes'...
Listing './lib/python3.5/site-packages/mapbox_vector_tile'...
Listing './lib/python3.5/site-packages/mapbox_vector_tile/Mapbox'...
Listing './lib/python3.5/site-packages/mapbox_vector_tile-1.2.0.egg-info'...
Listing './lib/python3.5/site-packages/markupsafe'...
Listing './lib/python3.5/site-packages/past'...
Listing './lib/python3.5/site-packages/past/builtins'...
Listing './lib/python3.5/site-packages/past/tests'...
Listing './lib/python3.5/site-packages/past/translation'...
Listing './lib/python3.5/site-packages/past/types'...
Listing './lib/python3.5/site-packages/past/utils'...
Listing './lib/python3.5/site-packages/pip'...
Listing './lib/python3.5/site-packages/pip/_vendor'...
Listing './lib/python3.5/site-packages/pip/commands'...
Listing './lib/python3.5/site-packages/pip/compat'...
Listing './lib/python3.5/site-packages/pip/models'...
Listing './lib/python3.5/site-packages/pip/operations'...
Listing './lib/python3.5/site-packages/pip/req'...
Listing './lib/python3.5/site-packages/pip/utils'...
Listing './lib/python3.5/site-packages/pip/vcs'...
Listing './lib/python3.5/site-packages/pip-9.0.1.dist-info'...
Listing './lib/python3.5/site-packages/pkg_resources'...
Listing './lib/python3.5/site-packages/pkg_resources/_vendor'...
Listing './lib/python3.5/site-packages/pkg_resources/_vendor/packaging'...
Listing './lib/python3.5/site-packages/pkg_resources/extern'...
Listing './lib/python3.5/site-packages/pkg_resources-0.0.0.dist-info'...
Listing './lib/python3.5/site-packages/protobuf-3.5.1.dist-info'...
Listing './lib/python3.5/site-packages/psycopg2'...
Listing './lib/python3.5/site-packages/psycopg2/.libs'...
Listing './lib/python3.5/site-packages/psycopg2/tests'...
Listing './lib/python3.5/site-packages/psycopg2-2.7.3.2.dist-info'...
Listing './lib/python3.5/site-packages/pyclipper-1.1.0.dist-info'...
Listing './lib/python3.5/site-packages/pyparsing-2.2.0.dist-info'...
Listing './lib/python3.5/site-packages/pyproj'...
Listing './lib/python3.5/site-packages/pyproj/data'...
Listing './lib/python3.5/site-packages/pyproj-1.9.5.1.egg-info'...
Listing './lib/python3.5/site-packages/python_dateutil-2.6.1.dist-info'...
Listing './lib/python3.5/site-packages/redis'...
Listing './lib/python3.5/site-packages/redis-2.10.6.dist-info'...
Listing './lib/python3.5/site-packages/requests'...
Listing './lib/python3.5/site-packages/requests-2.18.4.dist-info'...
Listing './lib/python3.5/site-packages/setuptools'...
Listing './lib/python3.5/site-packages/setuptools/command'...
Listing './lib/python3.5/site-packages/setuptools/extern'...
Listing './lib/python3.5/site-packages/setuptools-32.3.1.dist-info'...
Listing './lib/python3.5/site-packages/shapely'...
Listing './lib/python3.5/site-packages/shapely/.libs'...
Listing './lib/python3.5/site-packages/shapely/algorithms'...
Listing './lib/python3.5/site-packages/shapely/examples'...
Listing './lib/python3.5/site-packages/shapely/geometry'...
Listing './lib/python3.5/site-packages/shapely/speedups'...
Listing './lib/python3.5/site-packages/shapely/vectorized'...
Listing './lib/python3.5/site-packages/six-1.11.0.dist-info'...
Listing './lib/python3.5/site-packages/statsd'...
Listing './lib/python3.5/site-packages/statsd/defaults'...
Listing './lib/python3.5/site-packages/statsd-3.2.2.dist-info'...
Listing './lib/python3.5/site-packages/tests'...
Listing './lib/python3.5/site-packages/tilequeue'...
Compiling './lib/python3.5/site-packages/tilequeue/command.py'...
***   File "./lib/python3.5/site-packages/tilequeue/command.py", line 1380
    print '%scount: %s - avg: %s - median: %s' % (
                                             ^
SyntaxError: invalid syntax

Listing './lib/python3.5/site-packages/tilequeue/format'...
Listing './lib/python3.5/site-packages/tilequeue/format/OSciMap4'...
Compiling './lib/python3.5/site-packages/tilequeue/format/OSciMap4/GeomEncoder.py'...
***   File "./lib/python3.5/site-packages/tilequeue/format/OSciMap4/GeomEncoder.py", line 93
    return `self.value`
           ^
SyntaxError: invalid syntax

Listing './lib/python3.5/site-packages/tilequeue/format/OSciMap4/StaticKeys'...
Listing './lib/python3.5/site-packages/tilequeue/format/OSciMap4/StaticVals'...
Listing './lib/python3.5/site-packages/tilequeue/format/OSciMap4/TagRewrite'...
Compiling './lib/python3.5/site-packages/tilequeue/format/OSciMap4/pbf_test.py'...
***   File "./lib/python3.5/site-packages/tilequeue/format/OSciMap4/pbf_test.py", line 22
    print sys.argv[1] + ": Could not open file.  Creating a new one."
            ^
SyntaxError: Missing parentheses in call to 'print'

Compiling './lib/python3.5/site-packages/tilequeue/metro_extract.py'...
***   File "./lib/python3.5/site-packages/tilequeue/metro_extract.py", line 42
    except (KeyError, ValueError), e:
                                 ^
SyntaxError: invalid syntax

Listing './lib/python3.5/site-packages/tilequeue/queue'...
Listing './lib/python3.5/site-packages/tilequeue/toi'...
Compiling './lib/python3.5/site-packages/tilequeue/wof.py'...
***   File "./lib/python3.5/site-packages/tilequeue/wof.py", line 377
    except Exception, e:
                    ^
SyntaxError: invalid syntax

Listing './lib/python3.5/site-packages/tilequeue-1.9.1.egg-info'...
Listing './lib/python3.5/site-packages/ujson-1.35.egg-info'...
Listing './lib/python3.5/site-packages/urllib3'...
Listing './lib/python3.5/site-packages/urllib3/contrib'...
Listing './lib/python3.5/site-packages/urllib3/contrib/_securetransport'...
Listing './lib/python3.5/site-packages/urllib3/packages'...
Listing './lib/python3.5/site-packages/urllib3/packages/backports'...
Listing './lib/python3.5/site-packages/urllib3/packages/ssl_match_hostname'...
Listing './lib/python3.5/site-packages/urllib3/util'...
Listing './lib/python3.5/site-packages/urllib3-1.22.dist-info'...
Listing './lib/python3.5/site-packages/yaml'...
Listing './lib/python3.5/site-packages/zope'...
Listing './lib/python3.5/site-packages/zope/dottedname'...
Listing './lib/python3.5/site-packages/zope.dottedname-4.2.dist-info'...
Listing './share'...
Listing './share/python-wheels'...
