Listing '.'...
Listing './bin'...
Compiling './bin/pwiz.py'...
Listing './include'...
Listing './lib'...
Listing './lib/python3.5'...
Listing './lib/python3.5/site-packages'...
Listing './lib/python3.5/site-packages/Markdown-2.6.11.dist-info'...
Listing './lib/python3.5/site-packages/PIL'...
Listing './lib/python3.5/site-packages/PIL/.libs'...
Listing './lib/python3.5/site-packages/Pillow-5.0.0.dist-info'...
Listing './lib/python3.5/site-packages/PyYAML-3.12.egg-info'...
Listing './lib/python3.5/site-packages/WTForms-2.1.egg-info'...
Listing './lib/python3.5/site-packages/Whoosh-2.7.4.dist-info'...
Listing './lib/python3.5/site-packages/beautifulsoup4-4.6.0.dist-info'...
Listing './lib/python3.5/site-packages/bs4'...
Listing './lib/python3.5/site-packages/bs4/builder'...
Listing './lib/python3.5/site-packages/bs4/tests'...
Listing './lib/python3.5/site-packages/html2text'...
Listing './lib/python3.5/site-packages/html2text-2018.1.9.dist-info'...
Listing './lib/python3.5/site-packages/jieba'...
Listing './lib/python3.5/site-packages/jieba/analyse'...
Listing './lib/python3.5/site-packages/jieba/finalseg'...
Listing './lib/python3.5/site-packages/jieba/posseg'...
Listing './lib/python3.5/site-packages/jieba-0.39.egg-info'...
Listing './lib/python3.5/site-packages/markdown'...
Listing './lib/python3.5/site-packages/markdown/extensions'...
Listing './lib/python3.5/site-packages/peewee-2.10.2.egg-info'...
Listing './lib/python3.5/site-packages/pip'...
Listing './lib/python3.5/site-packages/pip/_vendor'...
Listing './lib/python3.5/site-packages/pip/commands'...
Listing './lib/python3.5/site-packages/pip/compat'...
Listing './lib/python3.5/site-packages/pip/models'...
Listing './lib/python3.5/site-packages/pip/operations'...
Listing './lib/python3.5/site-packages/pip/req'...
Listing './lib/python3.5/site-packages/pip/utils'...
Listing './lib/python3.5/site-packages/pip/vcs'...
Listing './lib/python3.5/site-packages/pip-9.0.1.dist-info'...
Listing './lib/python3.5/site-packages/pkg_resources'...
Listing './lib/python3.5/site-packages/pkg_resources/_vendor'...
Listing './lib/python3.5/site-packages/pkg_resources/_vendor/packaging'...
Listing './lib/python3.5/site-packages/pkg_resources/extern'...
Listing './lib/python3.5/site-packages/pkg_resources-0.0.0.dist-info'...
Listing './lib/python3.5/site-packages/playhouse'...
Listing './lib/python3.5/site-packages/psycopg2'...
Listing './lib/python3.5/site-packages/psycopg2/.libs'...
Listing './lib/python3.5/site-packages/psycopg2/tests'...
Listing './lib/python3.5/site-packages/psycopg2-2.7.3.2.dist-info'...
Listing './lib/python3.5/site-packages/redis'...
Listing './lib/python3.5/site-packages/redis-2.10.6.dist-info'...
Listing './lib/python3.5/site-packages/setuptools'...
Listing './lib/python3.5/site-packages/setuptools/command'...
Listing './lib/python3.5/site-packages/setuptools/extern'...
Listing './lib/python3.5/site-packages/setuptools-32.3.1.dist-info'...
Listing './lib/python3.5/site-packages/torcms'...
Listing './lib/python3.5/site-packages/torcms/core'...
Listing './lib/python3.5/site-packages/torcms/core/libs'...
Listing './lib/python3.5/site-packages/torcms/core/tool'...
Listing './lib/python3.5/site-packages/torcms/handlers'...
Listing './lib/python3.5/site-packages/torcms/model'...
Listing './lib/python3.5/site-packages/torcms/modules'...
Listing './lib/python3.5/site-packages/torcms/script'...
Listing './lib/python3.5/site-packages/torcms/script/autocrud'...
Listing './lib/python3.5/site-packages/torcms/script/tmplchecker'...
Listing './lib/python3.5/site-packages/torcms-0.6.21.egg-info'...
Listing './lib/python3.5/site-packages/tornado'...
Listing './lib/python3.5/site-packages/tornado/platform'...
Listing './lib/python3.5/site-packages/tornado/test'...
Listing './lib/python3.5/site-packages/tornado/test/csv_translations'...
Listing './lib/python3.5/site-packages/tornado/test/gettext_translations'...
Listing './lib/python3.5/site-packages/tornado/test/gettext_translations/fr_FR'...
Listing './lib/python3.5/site-packages/tornado/test/gettext_translations/fr_FR/LC_MESSAGES'...
Listing './lib/python3.5/site-packages/tornado/test/static'...
Listing './lib/python3.5/site-packages/tornado/test/static/dir'...
Listing './lib/python3.5/site-packages/tornado/test/templates'...
Listing './lib/python3.5/site-packages/tornado-4.5.3.egg-info'...
Listing './lib/python3.5/site-packages/whoosh'...
Listing './lib/python3.5/site-packages/whoosh/analysis'...
Listing './lib/python3.5/site-packages/whoosh/automata'...
Listing './lib/python3.5/site-packages/whoosh/codec'...
Listing './lib/python3.5/site-packages/whoosh/filedb'...
Listing './lib/python3.5/site-packages/whoosh/lang'...
Listing './lib/python3.5/site-packages/whoosh/lang/snowball'...
Listing './lib/python3.5/site-packages/whoosh/matching'...
Listing './lib/python3.5/site-packages/whoosh/qparser'...
Listing './lib/python3.5/site-packages/whoosh/query'...
Listing './lib/python3.5/site-packages/whoosh/support'...
Listing './lib/python3.5/site-packages/whoosh/util'...
Listing './lib/python3.5/site-packages/wtforms'...
Listing './lib/python3.5/site-packages/wtforms/csrf'...
Listing './lib/python3.5/site-packages/wtforms/ext'...
Listing './lib/python3.5/site-packages/wtforms/ext/appengine'...
Listing './lib/python3.5/site-packages/wtforms/ext/csrf'...
Listing './lib/python3.5/site-packages/wtforms/ext/dateutil'...
Listing './lib/python3.5/site-packages/wtforms/ext/django'...
Listing './lib/python3.5/site-packages/wtforms/ext/django/templatetags'...
Listing './lib/python3.5/site-packages/wtforms/ext/i18n'...
Listing './lib/python3.5/site-packages/wtforms/ext/sqlalchemy'...
Listing './lib/python3.5/site-packages/wtforms/fields'...
Listing './lib/python3.5/site-packages/wtforms/locale'...
Listing './lib/python3.5/site-packages/wtforms/locale/ar'...
Listing './lib/python3.5/site-packages/wtforms/locale/ar/LC_MESSAGES'...
Listing './lib/python3.5/site-packages/wtforms/locale/ca'...
Listing './lib/python3.5/site-packages/wtforms/locale/ca/LC_MESSAGES'...
Listing './lib/python3.5/site-packages/wtforms/locale/cs_CZ'...
Listing './lib/python3.5/site-packages/wtforms/locale/cs_CZ/LC_MESSAGES'...
Listing './lib/python3.5/site-packages/wtforms/locale/cy'...
Listing './lib/python3.5/site-packages/wtforms/locale/cy/LC_MESSAGES'...
Listing './lib/python3.5/site-packages/wtforms/locale/de'...
Listing './lib/python3.5/site-packages/wtforms/locale/de/LC_MESSAGES'...
Listing './lib/python3.5/site-packages/wtforms/locale/de_CH'...
Listing './lib/python3.5/site-packages/wtforms/locale/de_CH/LC_MESSAGES'...
Listing './lib/python3.5/site-packages/wtforms/locale/el'...
Listing './lib/python3.5/site-packages/wtforms/locale/el/LC_MESSAGES'...
Listing './lib/python3.5/site-packages/wtforms/locale/en'...
Listing './lib/python3.5/site-packages/wtforms/locale/en/LC_MESSAGES'...
Listing './lib/python3.5/site-packages/wtforms/locale/es'...
Listing './lib/python3.5/site-packages/wtforms/locale/es/LC_MESSAGES'...
Listing './lib/python3.5/site-packages/wtforms/locale/et'...
Listing './lib/python3.5/site-packages/wtforms/locale/et/LC_MESSAGES'...
Listing './lib/python3.5/site-packages/wtforms/locale/fa'...
Listing './lib/python3.5/site-packages/wtforms/locale/fa/LC_MESSAGES'...
Listing './lib/python3.5/site-packages/wtforms/locale/fr'...
Listing './lib/python3.5/site-packages/wtforms/locale/fr/LC_MESSAGES'...
Listing './lib/python3.5/site-packages/wtforms/locale/it'...
Listing './lib/python3.5/site-packages/wtforms/locale/it/LC_MESSAGES'...
Listing './lib/python3.5/site-packages/wtforms/locale/ja'...
Listing './lib/python3.5/site-packages/wtforms/locale/ja/LC_MESSAGES'...
Listing './lib/python3.5/site-packages/wtforms/locale/ko'...
Listing './lib/python3.5/site-packages/wtforms/locale/ko/LC_MESSAGES'...
Listing './lib/python3.5/site-packages/wtforms/locale/nb'...
Listing './lib/python3.5/site-packages/wtforms/locale/nb/LC_MESSAGES'...
Listing './lib/python3.5/site-packages/wtforms/locale/nl'...
Listing './lib/python3.5/site-packages/wtforms/locale/nl/LC_MESSAGES'...
Listing './lib/python3.5/site-packages/wtforms/locale/pl'...
Listing './lib/python3.5/site-packages/wtforms/locale/pl/LC_MESSAGES'...
Listing './lib/python3.5/site-packages/wtforms/locale/pt'...
Listing './lib/python3.5/site-packages/wtforms/locale/pt/LC_MESSAGES'...
Listing './lib/python3.5/site-packages/wtforms/locale/ru'...
Listing './lib/python3.5/site-packages/wtforms/locale/ru/LC_MESSAGES'...
Listing './lib/python3.5/site-packages/wtforms/locale/uk'...
Listing './lib/python3.5/site-packages/wtforms/locale/uk/LC_MESSAGES'...
Listing './lib/python3.5/site-packages/wtforms/locale/zh'...
Listing './lib/python3.5/site-packages/wtforms/locale/zh/LC_MESSAGES'...
Listing './lib/python3.5/site-packages/wtforms/locale/zh_TW'...
Listing './lib/python3.5/site-packages/wtforms/locale/zh_TW/LC_MESSAGES'...
Listing './lib/python3.5/site-packages/wtforms/widgets'...
Listing './lib/python3.5/site-packages/wtforms_tornado'...
Listing './lib/python3.5/site-packages/wtforms_tornado-0.0.2.egg-info'...
Listing './lib/python3.5/site-packages/yaml'...
Listing './share'...
Listing './share/python-wheels'...
