Listing '.'...
Listing './bin'...
Listing './include'...
Listing './lib'...
Listing './lib/python3.5'...
Listing './lib/python3.5/site-packages'...
Listing './lib/python3.5/site-packages/argparse-1.4.0.dist-info'...
Listing './lib/python3.5/site-packages/cow'...
Listing './lib/python3.5/site-packages/cow/handlers'...
Listing './lib/python3.5/site-packages/cow/plugins'...
Listing './lib/python3.5/site-packages/cow_framework-1.0.5.egg-info'...
Listing './lib/python3.5/site-packages/curl'...
Listing './lib/python3.5/site-packages/derpconf'...
Listing './lib/python3.5/site-packages/derpconf-0.8.2.egg-info'...
Listing './lib/python3.5/site-packages/pip'...
Listing './lib/python3.5/site-packages/pip/_vendor'...
Listing './lib/python3.5/site-packages/pip/commands'...
Listing './lib/python3.5/site-packages/pip/compat'...
Listing './lib/python3.5/site-packages/pip/models'...
Listing './lib/python3.5/site-packages/pip/operations'...
Listing './lib/python3.5/site-packages/pip/req'...
Listing './lib/python3.5/site-packages/pip/utils'...
Listing './lib/python3.5/site-packages/pip/vcs'...
Listing './lib/python3.5/site-packages/pip-9.0.1.dist-info'...
Listing './lib/python3.5/site-packages/pkg_resources'...
Listing './lib/python3.5/site-packages/pkg_resources/_vendor'...
Listing './lib/python3.5/site-packages/pkg_resources/_vendor/packaging'...
Listing './lib/python3.5/site-packages/pkg_resources/extern'...
Listing './lib/python3.5/site-packages/pkg_resources-0.0.0.dist-info'...
Listing './lib/python3.5/site-packages/pycurl-7.43.0.1.egg-info'...
Listing './lib/python3.5/site-packages/setuptools'...
Listing './lib/python3.5/site-packages/setuptools/command'...
Listing './lib/python3.5/site-packages/setuptools/extern'...
Listing './lib/python3.5/site-packages/setuptools-32.3.1.dist-info'...
Listing './lib/python3.5/site-packages/six-1.11.0.dist-info'...
Listing './lib/python3.5/site-packages/tests'...
Listing './lib/python3.5/site-packages/tests/sandbox'...
Listing './lib/python3.5/site-packages/tests/sandbox/config'...
Listing './lib/python3.5/site-packages/tests/sandbox/handlers'...
Listing './lib/python3.5/site-packages/tornado'...
Listing './lib/python3.5/site-packages/tornado/platform'...
Listing './lib/python3.5/site-packages/tornado/test'...
Listing './lib/python3.5/site-packages/tornado/test/csv_translations'...
Listing './lib/python3.5/site-packages/tornado/test/gettext_translations'...
Listing './lib/python3.5/site-packages/tornado/test/gettext_translations/fr_FR'...
Listing './lib/python3.5/site-packages/tornado/test/gettext_translations/fr_FR/LC_MESSAGES'...
Listing './lib/python3.5/site-packages/tornado/test/static'...
Listing './lib/python3.5/site-packages/tornado/test/static/dir'...
Listing './lib/python3.5/site-packages/tornado/test/templates'...
Listing './lib/python3.5/site-packages/tornado-4.5.3.egg-info'...
Listing './lib/python3.5/site-packages/tornado_angular'...
Listing './lib/python3.5/site-packages/tornado_angular/config'...
Listing './lib/python3.5/site-packages/tornado_angular/handlers'...
Listing './lib/python3.5/site-packages/tornado_angular-0.2.1.egg-info'...
Listing './lib/python3.5/site-packages/webassets'...
Listing './lib/python3.5/site-packages/webassets/ext'...
Listing './lib/python3.5/site-packages/webassets/filter'...
Listing './lib/python3.5/site-packages/webassets/filter/cssrewrite'...
Listing './lib/python3.5/site-packages/webassets/filter/jspacker'...
Listing './lib/python3.5/site-packages/webassets/filter/rjsmin'...
Listing './lib/python3.5/site-packages/webassets-0.12.1.egg-info'...
Listing './share'...
Listing './share/doc'...
Listing './share/doc/pycurl'...
Listing './share/doc/pycurl/examples'...
Compiling './share/doc/pycurl/examples/basicfirst.py'...
Compiling './share/doc/pycurl/examples/file_upload.py'...
Compiling './share/doc/pycurl/examples/linksys.py'...
Listing './share/doc/pycurl/examples/quickstart'...
Compiling './share/doc/pycurl/examples/quickstart/file_upload_buffer.py'...
Compiling './share/doc/pycurl/examples/quickstart/file_upload_real.py'...
Compiling './share/doc/pycurl/examples/quickstart/file_upload_real_fancy.py'...
Compiling './share/doc/pycurl/examples/quickstart/follow_redirect.py'...
Compiling './share/doc/pycurl/examples/quickstart/form_post.py'...
Compiling './share/doc/pycurl/examples/quickstart/get.py'...
Compiling './share/doc/pycurl/examples/quickstart/get_python2.py'...
Compiling './share/doc/pycurl/examples/quickstart/get_python3.py'...
Compiling './share/doc/pycurl/examples/quickstart/response_headers.py'...
Compiling './share/doc/pycurl/examples/quickstart/response_info.py'...
Compiling './share/doc/pycurl/examples/quickstart/write_file.py'...
Compiling './share/doc/pycurl/examples/retriever-multi.py'...
Compiling './share/doc/pycurl/examples/retriever.py'...
Compiling './share/doc/pycurl/examples/sfquery.py'...
Compiling './share/doc/pycurl/examples/smtp.py'...
Compiling './share/doc/pycurl/examples/ssh_keyfunction.py'...
Compiling './share/doc/pycurl/examples/xmlrpc_curl.py'...
Listing './share/python-wheels'...
