Listing '.'...
Listing './bin'...
Listing './include'...
Listing './lib'...
Listing './lib/python3.5'...
Listing './lib/python3.5/site-packages'...
Listing './lib/python3.5/site-packages/Markdown-2.4.egg-info'...
Listing './lib/python3.5/site-packages/accept-0.1.0.egg-info'...
Listing './lib/python3.5/site-packages/inflection-0.2.0.egg-info'...
Listing './lib/python3.5/site-packages/jsl'...
Listing './lib/python3.5/site-packages/jsl/_compat'...
Listing './lib/python3.5/site-packages/jsl/fields'...
Listing './lib/python3.5/site-packages/jsl-0.2.2.egg-info'...
Listing './lib/python3.5/site-packages/jsonpatch-1.13.dist-info'...
Listing './lib/python3.5/site-packages/jsonpointer-1.10.egg-info'...
Listing './lib/python3.5/site-packages/jsonschema'...
Listing './lib/python3.5/site-packages/jsonschema/schemas'...
Listing './lib/python3.5/site-packages/jsonschema/tests'...
Listing './lib/python3.5/site-packages/jsonschema-2.3.0.dist-info'...
Listing './lib/python3.5/site-packages/markdown'...
Listing './lib/python3.5/site-packages/markdown/extensions'...
Listing './lib/python3.5/site-packages/pandocfilters-1.2.egg-info'...
Listing './lib/python3.5/site-packages/pip'...
Listing './lib/python3.5/site-packages/pip/_vendor'...
Listing './lib/python3.5/site-packages/pip/commands'...
Listing './lib/python3.5/site-packages/pip/compat'...
Listing './lib/python3.5/site-packages/pip/models'...
Listing './lib/python3.5/site-packages/pip/operations'...
Listing './lib/python3.5/site-packages/pip/req'...
Listing './lib/python3.5/site-packages/pip/utils'...
Listing './lib/python3.5/site-packages/pip/vcs'...
Listing './lib/python3.5/site-packages/pip-9.0.1.dist-info'...
Listing './lib/python3.5/site-packages/pkg_resources'...
Listing './lib/python3.5/site-packages/pkg_resources/_vendor'...
Listing './lib/python3.5/site-packages/pkg_resources/_vendor/packaging'...
Listing './lib/python3.5/site-packages/pkg_resources/extern'...
Listing './lib/python3.5/site-packages/pkg_resources-0.0.0.dist-info'...
Listing './lib/python3.5/site-packages/python_jsonschema_objects'...
Listing './lib/python3.5/site-packages/python_jsonschema_objects/examples'...
Listing './lib/python3.5/site-packages/python_jsonschema_objects-0.0.19.post2.dist-info'...
Listing './lib/python3.5/site-packages/python_status-1.0.1.egg-info'...
Listing './lib/python3.5/site-packages/setuptools'...
Listing './lib/python3.5/site-packages/setuptools/command'...
Listing './lib/python3.5/site-packages/setuptools/extern'...
Listing './lib/python3.5/site-packages/setuptools-32.3.1.dist-info'...
Listing './lib/python3.5/site-packages/six-1.11.0.dist-info'...
Listing './lib/python3.5/site-packages/tornado'...
Listing './lib/python3.5/site-packages/tornado/platform'...
Listing './lib/python3.5/site-packages/tornado/test'...
Listing './lib/python3.5/site-packages/tornado/test/csv_translations'...
Listing './lib/python3.5/site-packages/tornado/test/gettext_translations'...
Listing './lib/python3.5/site-packages/tornado/test/gettext_translations/fr_FR'...
Listing './lib/python3.5/site-packages/tornado/test/gettext_translations/fr_FR/LC_MESSAGES'...
Listing './lib/python3.5/site-packages/tornado/test/static'...
Listing './lib/python3.5/site-packages/tornado/test/static/dir'...
Listing './lib/python3.5/site-packages/tornado/test/templates'...
Listing './lib/python3.5/site-packages/tornado-4.5.3.egg-info'...
Listing './lib/python3.5/site-packages/tornado_jsonapi'...
Listing './lib/python3.5/site-packages/tornado_jsonapi-0.1.3.egg-info'...
Listing './share'...
Listing './share/python-wheels'...
