Listing '.'...
Listing './bin'...
Listing './include'...
Listing './lib'...
Listing './lib/python3.5'...
Listing './lib/python3.5/site-packages'...
Listing './lib/python3.5/site-packages/fn'...
Listing './lib/python3.5/site-packages/fn/immutable'...
Listing './lib/python3.5/site-packages/fn-0.4.3.egg-info'...
Listing './lib/python3.5/site-packages/lenses'...
Listing './lib/python3.5/site-packages/lenses/hooks'...
Listing './lib/python3.5/site-packages/lenses/optics'...
Listing './lib/python3.5/site-packages/lenses/ui'...
Listing './lib/python3.5/site-packages/lenses-0.4.0.dist-info'...
Listing './lib/python3.5/site-packages/pip'...
Listing './lib/python3.5/site-packages/pip/_vendor'...
Listing './lib/python3.5/site-packages/pip/commands'...
Listing './lib/python3.5/site-packages/pip/compat'...
Listing './lib/python3.5/site-packages/pip/models'...
Listing './lib/python3.5/site-packages/pip/operations'...
Listing './lib/python3.5/site-packages/pip/req'...
Listing './lib/python3.5/site-packages/pip/utils'...
Listing './lib/python3.5/site-packages/pip/vcs'...
Listing './lib/python3.5/site-packages/pip-9.0.1.dist-info'...
Listing './lib/python3.5/site-packages/pkg_resources'...
Listing './lib/python3.5/site-packages/pkg_resources/_vendor'...
Listing './lib/python3.5/site-packages/pkg_resources/_vendor/packaging'...
Listing './lib/python3.5/site-packages/pkg_resources/extern'...
Listing './lib/python3.5/site-packages/pkg_resources-0.0.0.dist-info'...
Listing './lib/python3.5/site-packages/setuptools'...
Listing './lib/python3.5/site-packages/setuptools/command'...
Listing './lib/python3.5/site-packages/setuptools/extern'...
Listing './lib/python3.5/site-packages/setuptools-32.3.1.dist-info'...
Listing './lib/python3.5/site-packages/singledispatch-3.4.0.3.dist-info'...
Listing './lib/python3.5/site-packages/six-1.11.0.dist-info'...
Listing './lib/python3.5/site-packages/tlz'...
Listing './lib/python3.5/site-packages/toolz'...
Listing './lib/python3.5/site-packages/toolz/curried'...
Listing './lib/python3.5/site-packages/toolz/sandbox'...
Listing './lib/python3.5/site-packages/toolz/tests'...
Listing './lib/python3.5/site-packages/toolz-0.9.0.egg-info'...
Listing './lib/python3.5/site-packages/tryp'...
Listing './lib/python3.5/site-packages/tryp/tc'...
Listing './lib/python3.5/site-packages/tryp/test'...
Listing './lib/python3.5/site-packages/tryp/util'...
Listing './lib/python3.5/site-packages/tryp-7.10.0.egg-info'...
Listing './share'...
Listing './share/python-wheels'...
