Listing '.'...
Listing './bin'...
Listing './include'...
Listing './lib'...
Listing './lib/python3.5'...
Listing './lib/python3.5/site-packages'...
Listing './lib/python3.5/site-packages/MarkupSafe-1.0.egg-info'...
Listing './lib/python3.5/site-packages/PasteDeploy-1.5.2.dist-info'...
Listing './lib/python3.5/site-packages/WebOb-1.7.4.dist-info'...
Listing './lib/python3.5/site-packages/decorator-4.1.2.dist-info'...
Listing './lib/python3.5/site-packages/markupsafe'...
Listing './lib/python3.5/site-packages/paste'...
Listing './lib/python3.5/site-packages/paste/deploy'...
Listing './lib/python3.5/site-packages/paste/deploy/paster_templates'...
Listing './lib/python3.5/site-packages/paste/deploy/paster_templates/paste_deploy'...
Listing './lib/python3.5/site-packages/paste/deploy/paster_templates/paste_deploy/+package+'...
Listing './lib/python3.5/site-packages/paste/deploy/paster_templates/paste_deploy/docs'...
Listing './lib/python3.5/site-packages/pip'...
Listing './lib/python3.5/site-packages/pip/_vendor'...
Listing './lib/python3.5/site-packages/pip/commands'...
Listing './lib/python3.5/site-packages/pip/compat'...
Listing './lib/python3.5/site-packages/pip/models'...
Listing './lib/python3.5/site-packages/pip/operations'...
Listing './lib/python3.5/site-packages/pip/req'...
Listing './lib/python3.5/site-packages/pip/utils'...
Listing './lib/python3.5/site-packages/pip/vcs'...
Listing './lib/python3.5/site-packages/pip-9.0.1.dist-info'...
Listing './lib/python3.5/site-packages/pkg_resources'...
Listing './lib/python3.5/site-packages/pkg_resources/_vendor'...
Listing './lib/python3.5/site-packages/pkg_resources/_vendor/packaging'...
Listing './lib/python3.5/site-packages/pkg_resources/extern'...
Listing './lib/python3.5/site-packages/pkg_resources-0.0.0.dist-info'...
Listing './lib/python3.5/site-packages/setuptools'...
Listing './lib/python3.5/site-packages/setuptools/command'...
Listing './lib/python3.5/site-packages/setuptools/extern'...
Listing './lib/python3.5/site-packages/setuptools-32.3.1.dist-info'...
Listing './lib/python3.5/site-packages/six-1.11.0.dist-info'...
Listing './lib/python3.5/site-packages/speaklater-1.3.egg-info'...
Listing './lib/python3.5/site-packages/tw2'...
Listing './lib/python3.5/site-packages/tw2/bootstrap'...
Listing './lib/python3.5/site-packages/tw2/bootstrap/forms'...
Listing './lib/python3.5/site-packages/tw2/bootstrap/forms/static'...
Listing './lib/python3.5/site-packages/tw2/bootstrap/forms/static/bootstrap'...
Listing './lib/python3.5/site-packages/tw2/bootstrap/forms/static/bootstrap/css'...
Listing './lib/python3.5/site-packages/tw2/bootstrap/forms/static/bootstrap/img'...
Listing './lib/python3.5/site-packages/tw2/bootstrap/forms/static/bootstrap/js'...
Listing './lib/python3.5/site-packages/tw2/bootstrap/forms/static/datepicker'...
Listing './lib/python3.5/site-packages/tw2/bootstrap/forms/static/datepicker/css'...
Listing './lib/python3.5/site-packages/tw2/bootstrap/forms/static/datepicker/js'...
Listing './lib/python3.5/site-packages/tw2/bootstrap/forms/static/datepicker/less'...
Listing './lib/python3.5/site-packages/tw2/bootstrap/forms/static/timepicker'...
Listing './lib/python3.5/site-packages/tw2/bootstrap/forms/static/timepicker/css'...
Listing './lib/python3.5/site-packages/tw2/bootstrap/forms/static/timepicker/js'...
Listing './lib/python3.5/site-packages/tw2/bootstrap/forms/static/timepicker/less'...
Listing './lib/python3.5/site-packages/tw2/bootstrap/forms/templates'...
Listing './lib/python3.5/site-packages/tw2/core'...
Listing './lib/python3.5/site-packages/tw2/core/i18n'...
Listing './lib/python3.5/site-packages/tw2/core/i18n/de'...
Listing './lib/python3.5/site-packages/tw2/core/i18n/de/LC_MESSAGES'...
Listing './lib/python3.5/site-packages/tw2/core/i18n/es'...
Listing './lib/python3.5/site-packages/tw2/core/i18n/es/LC_MESSAGES'...
Listing './lib/python3.5/site-packages/tw2/core/i18n/fr'...
Listing './lib/python3.5/site-packages/tw2/core/i18n/fr/LC_MESSAGES'...
Listing './lib/python3.5/site-packages/tw2/core/i18n/it'...
Listing './lib/python3.5/site-packages/tw2/core/i18n/it/LC_MESSAGES'...
Listing './lib/python3.5/site-packages/tw2/core/i18n/nl'...
Listing './lib/python3.5/site-packages/tw2/core/i18n/nl/LC_MESSAGES'...
Listing './lib/python3.5/site-packages/tw2/core/i18n/ru'...
Listing './lib/python3.5/site-packages/tw2/core/i18n/ru/LC_MESSAGES'...
Listing './lib/python3.5/site-packages/tw2/core/i18n/uk'...
Listing './lib/python3.5/site-packages/tw2/core/i18n/uk/LC_MESSAGES'...
Listing './lib/python3.5/site-packages/tw2/core/templates'...
Listing './lib/python3.5/site-packages/tw2/core/test_templates'...
Listing './lib/python3.5/site-packages/tw2/core/testbase'...
Listing './lib/python3.5/site-packages/tw2/forms'...
Listing './lib/python3.5/site-packages/tw2/forms/static'...
Listing './lib/python3.5/site-packages/tw2/forms/static/calendar'...
Listing './lib/python3.5/site-packages/tw2/forms/static/calendar/lang'...
Listing './lib/python3.5/site-packages/tw2/forms/static/calendar/skins'...
Listing './lib/python3.5/site-packages/tw2/forms/static/calendar/skins/aqua'...
Listing './lib/python3.5/site-packages/tw2/forms/static/datagrid'...
Listing './lib/python3.5/site-packages/tw2/forms/templates'...
Listing './lib/python3.5/site-packages/tw2/jquery'...
Listing './lib/python3.5/site-packages/tw2/jquery/static'...
Listing './lib/python3.5/site-packages/tw2/jquery/static/jquery'...
Listing './lib/python3.5/site-packages/tw2/jquery/static/jquery/1.3.2'...
Listing './lib/python3.5/site-packages/tw2/jquery/static/jquery/1.4.2'...
Listing './lib/python3.5/site-packages/tw2/jquery/static/jquery/1.4.4'...
Listing './lib/python3.5/site-packages/tw2/jquery/static/jquery/1.6.0'...
Listing './lib/python3.5/site-packages/tw2/jquery/static/jquery/1.6.2'...
Listing './lib/python3.5/site-packages/tw2/jquery/static/jquery/1.7.1'...
Listing './lib/python3.5/site-packages/tw2/jquery/static/jquery/1.8.3'...
Listing './lib/python3.5/site-packages/tw2/jquery/static/jquery/1.9.1'...
Listing './lib/python3.5/site-packages/tw2/jquery/static/jquery/plugins'...
Listing './lib/python3.5/site-packages/tw2/jquery/static/jquery/plugins/Jcrop'...
Listing './lib/python3.5/site-packages/tw2/jquery/static/jquery/plugins/Jcrop/0.9.8'...
Listing './lib/python3.5/site-packages/tw2/jquery/static/jquery/plugins/nullable'...
Listing './lib/python3.5/site-packages/tw2/jquery/static/jquery/plugins/nullable/1.0'...
Listing './lib/python3.5/site-packages/tw2/jquery/static/jquery/plugins/switchview'...
Listing './lib/python3.5/site-packages/tw2/jquery/static/jquery/plugins/switchview/1.2'...
Listing './lib/python3.5/site-packages/tw2.bootstrap.forms-2.2.2.1.egg-info'...
Listing './lib/python3.5/site-packages/tw2.core-2.2.4.egg-info'...
Listing './lib/python3.5/site-packages/tw2.forms-2.2.5.egg-info'...
Listing './lib/python3.5/site-packages/tw2.jquery-2.2.0.2.egg-info'...
Listing './lib/python3.5/site-packages/webob'...
Listing './share'...
Listing './share/python-wheels'...
