Listing '.'...
Listing './bin'...
Listing './include'...
Listing './lib'...
Listing './lib/python3.5'...
Listing './lib/python3.5/site-packages'...
Listing './lib/python3.5/site-packages/MarkupSafe-1.0.egg-info'...
Listing './lib/python3.5/site-packages/PasteDeploy-1.5.2.dist-info'...
Listing './lib/python3.5/site-packages/WebOb-1.7.4.dist-info'...
Listing './lib/python3.5/site-packages/decorator-4.1.2.dist-info'...
Listing './lib/python3.5/site-packages/markupsafe'...
Listing './lib/python3.5/site-packages/paste'...
Listing './lib/python3.5/site-packages/paste/deploy'...
Listing './lib/python3.5/site-packages/paste/deploy/paster_templates'...
Listing './lib/python3.5/site-packages/paste/deploy/paster_templates/paste_deploy'...
Listing './lib/python3.5/site-packages/paste/deploy/paster_templates/paste_deploy/+package+'...
Listing './lib/python3.5/site-packages/paste/deploy/paster_templates/paste_deploy/docs'...
Listing './lib/python3.5/site-packages/pip'...
Listing './lib/python3.5/site-packages/pip/_vendor'...
Listing './lib/python3.5/site-packages/pip/commands'...
Listing './lib/python3.5/site-packages/pip/compat'...
Listing './lib/python3.5/site-packages/pip/models'...
Listing './lib/python3.5/site-packages/pip/operations'...
Listing './lib/python3.5/site-packages/pip/req'...
Listing './lib/python3.5/site-packages/pip/utils'...
Listing './lib/python3.5/site-packages/pip/vcs'...
Listing './lib/python3.5/site-packages/pip-9.0.1.dist-info'...
Listing './lib/python3.5/site-packages/pkg_resources'...
Listing './lib/python3.5/site-packages/pkg_resources/_vendor'...
Listing './lib/python3.5/site-packages/pkg_resources/_vendor/packaging'...
Listing './lib/python3.5/site-packages/pkg_resources/extern'...
Listing './lib/python3.5/site-packages/pkg_resources-0.0.0.dist-info'...
Listing './lib/python3.5/site-packages/setuptools'...
Listing './lib/python3.5/site-packages/setuptools/command'...
Listing './lib/python3.5/site-packages/setuptools/extern'...
Listing './lib/python3.5/site-packages/setuptools-32.3.1.dist-info'...
Listing './lib/python3.5/site-packages/six-1.11.0.dist-info'...
Listing './lib/python3.5/site-packages/speaklater-1.3.egg-info'...
Listing './lib/python3.5/site-packages/tw2'...
Listing './lib/python3.5/site-packages/tw2/codemirror'...
Listing './lib/python3.5/site-packages/tw2/codemirror/static'...
Listing './lib/python3.5/site-packages/tw2/codemirror/static/addon'...
Listing './lib/python3.5/site-packages/tw2/codemirror/static/addon/comment'...
Listing './lib/python3.5/site-packages/tw2/codemirror/static/addon/dialog'...
Listing './lib/python3.5/site-packages/tw2/codemirror/static/addon/display'...
Listing './lib/python3.5/site-packages/tw2/codemirror/static/addon/edit'...
Listing './lib/python3.5/site-packages/tw2/codemirror/static/addon/fold'...
Listing './lib/python3.5/site-packages/tw2/codemirror/static/addon/hint'...
Listing './lib/python3.5/site-packages/tw2/codemirror/static/addon/lint'...
Listing './lib/python3.5/site-packages/tw2/codemirror/static/addon/merge'...
Listing './lib/python3.5/site-packages/tw2/codemirror/static/addon/mode'...
Listing './lib/python3.5/site-packages/tw2/codemirror/static/addon/runmode'...
Listing './lib/python3.5/site-packages/tw2/codemirror/static/addon/scroll'...
Listing './lib/python3.5/site-packages/tw2/codemirror/static/addon/search'...
Listing './lib/python3.5/site-packages/tw2/codemirror/static/addon/selection'...
Listing './lib/python3.5/site-packages/tw2/codemirror/static/addon/tern'...
Listing './lib/python3.5/site-packages/tw2/codemirror/static/addon/wrap'...
Listing './lib/python3.5/site-packages/tw2/codemirror/static/keymap'...
Listing './lib/python3.5/site-packages/tw2/codemirror/static/lib'...
Listing './lib/python3.5/site-packages/tw2/codemirror/static/mode'...
Listing './lib/python3.5/site-packages/tw2/codemirror/static/mode/apl'...
Listing './lib/python3.5/site-packages/tw2/codemirror/static/mode/asterisk'...
Listing './lib/python3.5/site-packages/tw2/codemirror/static/mode/clike'...
Listing './lib/python3.5/site-packages/tw2/codemirror/static/mode/clojure'...
Listing './lib/python3.5/site-packages/tw2/codemirror/static/mode/cobol'...
Listing './lib/python3.5/site-packages/tw2/codemirror/static/mode/coffeescript'...
Listing './lib/python3.5/site-packages/tw2/codemirror/static/mode/commonlisp'...
Listing './lib/python3.5/site-packages/tw2/codemirror/static/mode/css'...
Listing './lib/python3.5/site-packages/tw2/codemirror/static/mode/cypher'...
Listing './lib/python3.5/site-packages/tw2/codemirror/static/mode/d'...
Listing './lib/python3.5/site-packages/tw2/codemirror/static/mode/dart'...
Listing './lib/python3.5/site-packages/tw2/codemirror/static/mode/diff'...
Listing './lib/python3.5/site-packages/tw2/codemirror/static/mode/django'...
Listing './lib/python3.5/site-packages/tw2/codemirror/static/mode/dockerfile'...
Listing './lib/python3.5/site-packages/tw2/codemirror/static/mode/dtd'...
Listing './lib/python3.5/site-packages/tw2/codemirror/static/mode/dylan'...
Listing './lib/python3.5/site-packages/tw2/codemirror/static/mode/ebnf'...
Listing './lib/python3.5/site-packages/tw2/codemirror/static/mode/ecl'...
Listing './lib/python3.5/site-packages/tw2/codemirror/static/mode/eiffel'...
Listing './lib/python3.5/site-packages/tw2/codemirror/static/mode/erlang'...
Listing './lib/python3.5/site-packages/tw2/codemirror/static/mode/forth'...
Listing './lib/python3.5/site-packages/tw2/codemirror/static/mode/fortran'...
Listing './lib/python3.5/site-packages/tw2/codemirror/static/mode/gas'...
Listing './lib/python3.5/site-packages/tw2/codemirror/static/mode/gfm'...
Listing './lib/python3.5/site-packages/tw2/codemirror/static/mode/gherkin'...
Listing './lib/python3.5/site-packages/tw2/codemirror/static/mode/go'...
Listing './lib/python3.5/site-packages/tw2/codemirror/static/mode/groovy'...
Listing './lib/python3.5/site-packages/tw2/codemirror/static/mode/haml'...
Listing './lib/python3.5/site-packages/tw2/codemirror/static/mode/haskell'...
Listing './lib/python3.5/site-packages/tw2/codemirror/static/mode/haxe'...
Listing './lib/python3.5/site-packages/tw2/codemirror/static/mode/htmlembedded'...
Listing './lib/python3.5/site-packages/tw2/codemirror/static/mode/htmlmixed'...
Listing './lib/python3.5/site-packages/tw2/codemirror/static/mode/http'...
Listing './lib/python3.5/site-packages/tw2/codemirror/static/mode/idl'...
Listing './lib/python3.5/site-packages/tw2/codemirror/static/mode/jade'...
Listing './lib/python3.5/site-packages/tw2/codemirror/static/mode/javascript'...
Listing './lib/python3.5/site-packages/tw2/codemirror/static/mode/jinja2'...
Listing './lib/python3.5/site-packages/tw2/codemirror/static/mode/julia'...
Listing './lib/python3.5/site-packages/tw2/codemirror/static/mode/kotlin'...
Listing './lib/python3.5/site-packages/tw2/codemirror/static/mode/livescript'...
Listing './lib/python3.5/site-packages/tw2/codemirror/static/mode/lua'...
Listing './lib/python3.5/site-packages/tw2/codemirror/static/mode/markdown'...
Listing './lib/python3.5/site-packages/tw2/codemirror/static/mode/mirc'...
Listing './lib/python3.5/site-packages/tw2/codemirror/static/mode/mllike'...
Listing './lib/python3.5/site-packages/tw2/codemirror/static/mode/modelica'...
Listing './lib/python3.5/site-packages/tw2/codemirror/static/mode/nginx'...
Listing './lib/python3.5/site-packages/tw2/codemirror/static/mode/ntriples'...
Listing './lib/python3.5/site-packages/tw2/codemirror/static/mode/octave'...
Listing './lib/python3.5/site-packages/tw2/codemirror/static/mode/pascal'...
Listing './lib/python3.5/site-packages/tw2/codemirror/static/mode/pegjs'...
Listing './lib/python3.5/site-packages/tw2/codemirror/static/mode/perl'...
Listing './lib/python3.5/site-packages/tw2/codemirror/static/mode/php'...
Listing './lib/python3.5/site-packages/tw2/codemirror/static/mode/pig'...
Listing './lib/python3.5/site-packages/tw2/codemirror/static/mode/properties'...
Listing './lib/python3.5/site-packages/tw2/codemirror/static/mode/puppet'...
Listing './lib/python3.5/site-packages/tw2/codemirror/static/mode/python'...
Listing './lib/python3.5/site-packages/tw2/codemirror/static/mode/q'...
Listing './lib/python3.5/site-packages/tw2/codemirror/static/mode/r'...
Listing './lib/python3.5/site-packages/tw2/codemirror/static/mode/rpm'...
Listing './lib/python3.5/site-packages/tw2/codemirror/static/mode/rpm/changes'...
Listing './lib/python3.5/site-packages/tw2/codemirror/static/mode/rst'...
Listing './lib/python3.5/site-packages/tw2/codemirror/static/mode/ruby'...
Listing './lib/python3.5/site-packages/tw2/codemirror/static/mode/rust'...
Listing './lib/python3.5/site-packages/tw2/codemirror/static/mode/sass'...
Listing './lib/python3.5/site-packages/tw2/codemirror/static/mode/scheme'...
Listing './lib/python3.5/site-packages/tw2/codemirror/static/mode/shell'...
Listing './lib/python3.5/site-packages/tw2/codemirror/static/mode/sieve'...
Listing './lib/python3.5/site-packages/tw2/codemirror/static/mode/slim'...
Listing './lib/python3.5/site-packages/tw2/codemirror/static/mode/smalltalk'...
Listing './lib/python3.5/site-packages/tw2/codemirror/static/mode/smarty'...
Listing './lib/python3.5/site-packages/tw2/codemirror/static/mode/smartymixed'...
Listing './lib/python3.5/site-packages/tw2/codemirror/static/mode/solr'...
Listing './lib/python3.5/site-packages/tw2/codemirror/static/mode/soy'...
Listing './lib/python3.5/site-packages/tw2/codemirror/static/mode/sparql'...
Listing './lib/python3.5/site-packages/tw2/codemirror/static/mode/spreadsheet'...
Listing './lib/python3.5/site-packages/tw2/codemirror/static/mode/sql'...
Listing './lib/python3.5/site-packages/tw2/codemirror/static/mode/stex'...
Listing './lib/python3.5/site-packages/tw2/codemirror/static/mode/stylus'...
Listing './lib/python3.5/site-packages/tw2/codemirror/static/mode/tcl'...
Listing './lib/python3.5/site-packages/tw2/codemirror/static/mode/textile'...
Listing './lib/python3.5/site-packages/tw2/codemirror/static/mode/tiddlywiki'...
Listing './lib/python3.5/site-packages/tw2/codemirror/static/mode/tiki'...
Listing './lib/python3.5/site-packages/tw2/codemirror/static/mode/toml'...
Listing './lib/python3.5/site-packages/tw2/codemirror/static/mode/tornado'...
Listing './lib/python3.5/site-packages/tw2/codemirror/static/mode/turtle'...
Listing './lib/python3.5/site-packages/tw2/codemirror/static/mode/vb'...
Listing './lib/python3.5/site-packages/tw2/codemirror/static/mode/vbscript'...
Listing './lib/python3.5/site-packages/tw2/codemirror/static/mode/velocity'...
Listing './lib/python3.5/site-packages/tw2/codemirror/static/mode/verilog'...
Listing './lib/python3.5/site-packages/tw2/codemirror/static/mode/xml'...
Listing './lib/python3.5/site-packages/tw2/codemirror/static/mode/xquery'...
Listing './lib/python3.5/site-packages/tw2/codemirror/static/mode/yaml'...
Listing './lib/python3.5/site-packages/tw2/codemirror/static/mode/z80'...
Listing './lib/python3.5/site-packages/tw2/codemirror/static/theme'...
Listing './lib/python3.5/site-packages/tw2/codemirror/templates'...
Listing './lib/python3.5/site-packages/tw2/core'...
Listing './lib/python3.5/site-packages/tw2/core/i18n'...
Listing './lib/python3.5/site-packages/tw2/core/i18n/de'...
Listing './lib/python3.5/site-packages/tw2/core/i18n/de/LC_MESSAGES'...
Listing './lib/python3.5/site-packages/tw2/core/i18n/es'...
Listing './lib/python3.5/site-packages/tw2/core/i18n/es/LC_MESSAGES'...
Listing './lib/python3.5/site-packages/tw2/core/i18n/fr'...
Listing './lib/python3.5/site-packages/tw2/core/i18n/fr/LC_MESSAGES'...
Listing './lib/python3.5/site-packages/tw2/core/i18n/it'...
Listing './lib/python3.5/site-packages/tw2/core/i18n/it/LC_MESSAGES'...
Listing './lib/python3.5/site-packages/tw2/core/i18n/nl'...
Listing './lib/python3.5/site-packages/tw2/core/i18n/nl/LC_MESSAGES'...
Listing './lib/python3.5/site-packages/tw2/core/i18n/ru'...
Listing './lib/python3.5/site-packages/tw2/core/i18n/ru/LC_MESSAGES'...
Listing './lib/python3.5/site-packages/tw2/core/i18n/uk'...
Listing './lib/python3.5/site-packages/tw2/core/i18n/uk/LC_MESSAGES'...
Listing './lib/python3.5/site-packages/tw2/core/templates'...
Listing './lib/python3.5/site-packages/tw2/core/test_templates'...
Listing './lib/python3.5/site-packages/tw2/core/testbase'...
Listing './lib/python3.5/site-packages/tw2/forms'...
Listing './lib/python3.5/site-packages/tw2/forms/static'...
Listing './lib/python3.5/site-packages/tw2/forms/static/calendar'...
Listing './lib/python3.5/site-packages/tw2/forms/static/calendar/lang'...
Listing './lib/python3.5/site-packages/tw2/forms/static/calendar/skins'...
Listing './lib/python3.5/site-packages/tw2/forms/static/calendar/skins/aqua'...
Listing './lib/python3.5/site-packages/tw2/forms/static/datagrid'...
Listing './lib/python3.5/site-packages/tw2/forms/templates'...
Listing './lib/python3.5/site-packages/tw2.codemirror-0.2.2.egg-info'...
Listing './lib/python3.5/site-packages/tw2.core-2.2.4.egg-info'...
Listing './lib/python3.5/site-packages/tw2.forms-2.2.5.egg-info'...
Listing './lib/python3.5/site-packages/webob'...
Listing './share'...
Listing './share/python-wheels'...
