Listing '.'...
Listing './bin'...
Listing './include'...
Listing './lib'...
Listing './lib/python3.5'...
Listing './lib/python3.5/site-packages'...
Listing './lib/python3.5/site-packages/Genshi-0.7.egg-info'...
Listing './lib/python3.5/site-packages/MarkupSafe-1.0.egg-info'...
Listing './lib/python3.5/site-packages/PasteDeploy-1.5.2.dist-info'...
Listing './lib/python3.5/site-packages/WebOb-1.7.4.dist-info'...
Listing './lib/python3.5/site-packages/decorator-4.1.2.dist-info'...
Listing './lib/python3.5/site-packages/genshi'...
Listing './lib/python3.5/site-packages/genshi/filters'...
Listing './lib/python3.5/site-packages/genshi/filters/tests'...
Listing './lib/python3.5/site-packages/genshi/template'...
Listing './lib/python3.5/site-packages/genshi/template/tests'...
Listing './lib/python3.5/site-packages/genshi/template/tests/templates'...
Listing './lib/python3.5/site-packages/genshi/tests'...
Listing './lib/python3.5/site-packages/markupsafe'...
Listing './lib/python3.5/site-packages/paste'...
Listing './lib/python3.5/site-packages/paste/deploy'...
Listing './lib/python3.5/site-packages/paste/deploy/paster_templates'...
Listing './lib/python3.5/site-packages/paste/deploy/paster_templates/paste_deploy'...
Listing './lib/python3.5/site-packages/paste/deploy/paster_templates/paste_deploy/+package+'...
Listing './lib/python3.5/site-packages/paste/deploy/paster_templates/paste_deploy/docs'...
Listing './lib/python3.5/site-packages/pip'...
Listing './lib/python3.5/site-packages/pip/_vendor'...
Listing './lib/python3.5/site-packages/pip/commands'...
Listing './lib/python3.5/site-packages/pip/compat'...
Listing './lib/python3.5/site-packages/pip/models'...
Listing './lib/python3.5/site-packages/pip/operations'...
Listing './lib/python3.5/site-packages/pip/req'...
Listing './lib/python3.5/site-packages/pip/utils'...
Listing './lib/python3.5/site-packages/pip/vcs'...
Listing './lib/python3.5/site-packages/pip-9.0.1.dist-info'...
Listing './lib/python3.5/site-packages/pkg_resources'...
Listing './lib/python3.5/site-packages/pkg_resources/_vendor'...
Listing './lib/python3.5/site-packages/pkg_resources/_vendor/packaging'...
Listing './lib/python3.5/site-packages/pkg_resources/extern'...
Listing './lib/python3.5/site-packages/pkg_resources-0.0.0.dist-info'...
Listing './lib/python3.5/site-packages/setuptools'...
Listing './lib/python3.5/site-packages/setuptools/command'...
Listing './lib/python3.5/site-packages/setuptools/extern'...
Listing './lib/python3.5/site-packages/setuptools-32.3.1.dist-info'...
Listing './lib/python3.5/site-packages/six-1.11.0.dist-info'...
Listing './lib/python3.5/site-packages/speaklater-1.3.egg-info'...
Listing './lib/python3.5/site-packages/tw2'...
Listing './lib/python3.5/site-packages/tw2/core'...
Listing './lib/python3.5/site-packages/tw2/core/i18n'...
Listing './lib/python3.5/site-packages/tw2/core/i18n/de'...
Listing './lib/python3.5/site-packages/tw2/core/i18n/de/LC_MESSAGES'...
Listing './lib/python3.5/site-packages/tw2/core/i18n/es'...
Listing './lib/python3.5/site-packages/tw2/core/i18n/es/LC_MESSAGES'...
Listing './lib/python3.5/site-packages/tw2/core/i18n/fr'...
Listing './lib/python3.5/site-packages/tw2/core/i18n/fr/LC_MESSAGES'...
Listing './lib/python3.5/site-packages/tw2/core/i18n/it'...
Listing './lib/python3.5/site-packages/tw2/core/i18n/it/LC_MESSAGES'...
Listing './lib/python3.5/site-packages/tw2/core/i18n/nl'...
Listing './lib/python3.5/site-packages/tw2/core/i18n/nl/LC_MESSAGES'...
Listing './lib/python3.5/site-packages/tw2/core/i18n/ru'...
Listing './lib/python3.5/site-packages/tw2/core/i18n/ru/LC_MESSAGES'...
Listing './lib/python3.5/site-packages/tw2/core/i18n/uk'...
Listing './lib/python3.5/site-packages/tw2/core/i18n/uk/LC_MESSAGES'...
Listing './lib/python3.5/site-packages/tw2/core/templates'...
Listing './lib/python3.5/site-packages/tw2/core/test_templates'...
Listing './lib/python3.5/site-packages/tw2/core/testbase'...
Listing './lib/python3.5/site-packages/tw2/dynforms'...
Listing './lib/python3.5/site-packages/tw2/dynforms/static'...
Listing './lib/python3.5/site-packages/tw2/dynforms/static/calendar'...
Listing './lib/python3.5/site-packages/tw2/dynforms/static/calendar/lang'...
Listing './lib/python3.5/site-packages/tw2/dynforms/static/calendar/skins'...
Listing './lib/python3.5/site-packages/tw2/dynforms/static/calendar/skins/aqua'...
Listing './lib/python3.5/site-packages/tw2/dynforms/templates'...
Listing './lib/python3.5/site-packages/tw2/forms'...
Listing './lib/python3.5/site-packages/tw2/forms/static'...
Listing './lib/python3.5/site-packages/tw2/forms/static/calendar'...
Listing './lib/python3.5/site-packages/tw2/forms/static/calendar/lang'...
Listing './lib/python3.5/site-packages/tw2/forms/static/calendar/skins'...
Listing './lib/python3.5/site-packages/tw2/forms/static/calendar/skins/aqua'...
Listing './lib/python3.5/site-packages/tw2/forms/static/datagrid'...
Listing './lib/python3.5/site-packages/tw2/forms/templates'...
Listing './lib/python3.5/site-packages/tw2.core-2.2.4.egg-info'...
Listing './lib/python3.5/site-packages/tw2.dynforms-2.0.1.egg-info'...
Listing './lib/python3.5/site-packages/tw2.forms-2.2.5.egg-info'...
Listing './lib/python3.5/site-packages/webob'...
Listing './share'...
Listing './share/python-wheels'...
