Listing '.'...
Listing './bin'...
Listing './include'...
Listing './lib'...
Listing './lib/python3.5'...
Listing './lib/python3.5/site-packages'...
Listing './lib/python3.5/site-packages/click'...
Listing './lib/python3.5/site-packages/click-6.7.dist-info'...
Listing './lib/python3.5/site-packages/humanize'...
Listing './lib/python3.5/site-packages/humanize/locale'...
Listing './lib/python3.5/site-packages/humanize/locale/fr_FR'...
Listing './lib/python3.5/site-packages/humanize/locale/fr_FR/LC_MESSAGES'...
Listing './lib/python3.5/site-packages/humanize/locale/ko_KR'...
Listing './lib/python3.5/site-packages/humanize/locale/ko_KR/LC_MESSAGES'...
Listing './lib/python3.5/site-packages/humanize/locale/ru_RU'...
Listing './lib/python3.5/site-packages/humanize/locale/ru_RU/LC_MESSAGES'...
Listing './lib/python3.5/site-packages/humanize-0.5.1.egg-info'...
Listing './lib/python3.5/site-packages/pip'...
Listing './lib/python3.5/site-packages/pip/_vendor'...
Listing './lib/python3.5/site-packages/pip/commands'...
Listing './lib/python3.5/site-packages/pip/compat'...
Listing './lib/python3.5/site-packages/pip/models'...
Listing './lib/python3.5/site-packages/pip/operations'...
Listing './lib/python3.5/site-packages/pip/req'...
Listing './lib/python3.5/site-packages/pip/utils'...
Listing './lib/python3.5/site-packages/pip/vcs'...
Listing './lib/python3.5/site-packages/pip-9.0.1.dist-info'...
Listing './lib/python3.5/site-packages/pkg_resources'...
Listing './lib/python3.5/site-packages/pkg_resources/_vendor'...
Listing './lib/python3.5/site-packages/pkg_resources/_vendor/packaging'...
Listing './lib/python3.5/site-packages/pkg_resources/extern'...
Listing './lib/python3.5/site-packages/pkg_resources-0.0.0.dist-info'...
Listing './lib/python3.5/site-packages/progress'...
Listing './lib/python3.5/site-packages/progress-1.3.egg-info'...
Listing './lib/python3.5/site-packages/prompt_toolkit'...
Listing './lib/python3.5/site-packages/prompt_toolkit/clipboard'...
Listing './lib/python3.5/site-packages/prompt_toolkit/contrib'...
Listing './lib/python3.5/site-packages/prompt_toolkit/contrib/completers'...
Listing './lib/python3.5/site-packages/prompt_toolkit/contrib/regular_languages'...
Listing './lib/python3.5/site-packages/prompt_toolkit/contrib/telnet'...
Listing './lib/python3.5/site-packages/prompt_toolkit/contrib/validators'...
Listing './lib/python3.5/site-packages/prompt_toolkit/eventloop'...
Listing './lib/python3.5/site-packages/prompt_toolkit/filters'...
Listing './lib/python3.5/site-packages/prompt_toolkit/key_binding'...
Listing './lib/python3.5/site-packages/prompt_toolkit/key_binding/bindings'...
Listing './lib/python3.5/site-packages/prompt_toolkit/layout'...
Listing './lib/python3.5/site-packages/prompt_toolkit/styles'...
Listing './lib/python3.5/site-packages/prompt_toolkit/terminal'...
Listing './lib/python3.5/site-packages/prompt_toolkit-1.0.15.dist-info'...
Listing './lib/python3.5/site-packages/setuptools'...
Listing './lib/python3.5/site-packages/setuptools/command'...
Listing './lib/python3.5/site-packages/setuptools/extern'...
Listing './lib/python3.5/site-packages/setuptools-32.3.1.dist-info'...
Listing './lib/python3.5/site-packages/six-1.11.0.dist-info'...
Listing './lib/python3.5/site-packages/wcwidth'...
Listing './lib/python3.5/site-packages/wcwidth/tests'...
Listing './lib/python3.5/site-packages/wcwidth-0.1.7.dist-info'...
Listing './share'...
Listing './share/python-wheels'...
