Listing '.'...
Listing './bin'...
Listing './include'...
Listing './lib'...
Listing './lib/python3.5'...
Listing './lib/python3.5/site-packages'...
Listing './lib/python3.5/site-packages/condor'...
Compiling './lib/python3.5/site-packages/condor/cache.py'...
***   File "./lib/python3.5/site-packages/condor/cache.py", line 16
    os.mkdir(self._root, 0700)
                            ^
SyntaxError: invalid token

Listing './lib/python3.5/site-packages/condor/examples'...
Compiling './lib/python3.5/site-packages/condor/examples/squares.py'...
***   File "./lib/python3.5/site-packages/condor/examples/squares.py", line 10
    print call.args, result
             ^
SyntaxError: Missing parentheses in call to 'print'

Listing './lib/python3.5/site-packages/condor/managers'...
Compiling './lib/python3.5/site-packages/condor/managers/parallel.py'...
***   File "./lib/python3.5/site-packages/condor/managers/parallel.py", line 54
    except KeyboardInterrupt, error:
                            ^
SyntaxError: invalid syntax

Compiling './lib/python3.5/site-packages/condor/raw.py'...
***   File "./lib/python3.5/site-packages/condor/raw.py", line 107
    pairs = sorted(kwargs.items(), key = lambda (k, _): k)
                                                ^
SyntaxError: invalid syntax

Compiling './lib/python3.5/site-packages/condor/work.py'...
***   File "./lib/python3.5/site-packages/condor/work.py", line 50
    except KeyboardInterrupt, error:
                            ^
SyntaxError: invalid syntax

Listing './lib/python3.5/site-packages/pip'...
Listing './lib/python3.5/site-packages/pip/_vendor'...
Listing './lib/python3.5/site-packages/pip/commands'...
Listing './lib/python3.5/site-packages/pip/compat'...
Listing './lib/python3.5/site-packages/pip/models'...
Listing './lib/python3.5/site-packages/pip/operations'...
Listing './lib/python3.5/site-packages/pip/req'...
Listing './lib/python3.5/site-packages/pip/utils'...
Listing './lib/python3.5/site-packages/pip/vcs'...
Listing './lib/python3.5/site-packages/pip-9.0.1.dist-info'...
Listing './lib/python3.5/site-packages/pkg_resources'...
Listing './lib/python3.5/site-packages/pkg_resources/_vendor'...
Listing './lib/python3.5/site-packages/pkg_resources/_vendor/packaging'...
Listing './lib/python3.5/site-packages/pkg_resources/extern'...
Listing './lib/python3.5/site-packages/pkg_resources-0.0.0.dist-info'...
Listing './lib/python3.5/site-packages/plac-0.9.6.dist-info'...
Listing './lib/python3.5/site-packages/pyzmq-16.0.3.dist-info'...
Listing './lib/python3.5/site-packages/setuptools'...
Listing './lib/python3.5/site-packages/setuptools/command'...
Listing './lib/python3.5/site-packages/setuptools/extern'...
Listing './lib/python3.5/site-packages/setuptools-32.3.1.dist-info'...
Listing './lib/python3.5/site-packages/utcondor-0.4.2.egg-info'...
Listing './lib/python3.5/site-packages/zmq'...
Listing './lib/python3.5/site-packages/zmq/.libs'...
Listing './lib/python3.5/site-packages/zmq/asyncio'...
Listing './lib/python3.5/site-packages/zmq/auth'...
Listing './lib/python3.5/site-packages/zmq/auth/asyncio'...
Listing './lib/python3.5/site-packages/zmq/backend'...
Listing './lib/python3.5/site-packages/zmq/backend/cffi'...
Listing './lib/python3.5/site-packages/zmq/backend/cython'...
Listing './lib/python3.5/site-packages/zmq/devices'...
Listing './lib/python3.5/site-packages/zmq/eventloop'...
Listing './lib/python3.5/site-packages/zmq/eventloop/minitornado'...
Listing './lib/python3.5/site-packages/zmq/eventloop/minitornado/platform'...
Listing './lib/python3.5/site-packages/zmq/green'...
Listing './lib/python3.5/site-packages/zmq/green/eventloop'...
Listing './lib/python3.5/site-packages/zmq/log'...
Listing './lib/python3.5/site-packages/zmq/ssh'...
Listing './lib/python3.5/site-packages/zmq/sugar'...
Listing './lib/python3.5/site-packages/zmq/tests'...
Listing './lib/python3.5/site-packages/zmq/tests/asyncio'...
Listing './lib/python3.5/site-packages/zmq/utils'...
Listing './share'...
Listing './share/python-wheels'...
