Listing '.'...
Listing './bin'...
Compiling './bin/volumio-buddy-buttons.py'...
***   File "./bin/volumio-buddy-buttons.py", line 18
    print "volume down"
                      ^
SyntaxError: Missing parentheses in call to 'print'

Compiling './bin/volumio-buddy-display.py'...
***   File "./bin/volumio-buddy-display.py", line 17
    print "volume down"
                      ^
SyntaxError: Missing parentheses in call to 'print'

Compiling './bin/volumio-buddy.py'...
***   File "./bin/volumio-buddy.py", line 19
    print "unknown rotary encoder event"
                                       ^
SyntaxError: Missing parentheses in call to 'print'

Compiling './bin/wsdump.py'...
Listing './include'...
Listing './lib'...
Listing './lib/python3.5'...
Listing './lib/python3.5/site-packages'...
Listing './lib/python3.5/site-packages/Adafruit_GPIO'...
Listing './lib/python3.5/site-packages/Adafruit_GPIO-1.0.3.egg-info'...
Listing './lib/python3.5/site-packages/Adafruit_PureIO'...
Listing './lib/python3.5/site-packages/Adafruit_PureIO-0.2.1.egg-info'...
Listing './lib/python3.5/site-packages/Adafruit_SSD1306'...
Listing './lib/python3.5/site-packages/Adafruit_SSD1306-1.6.1.egg-info'...
Listing './lib/python3.5/site-packages/PIL'...
Listing './lib/python3.5/site-packages/PIL/.libs'...
Listing './lib/python3.5/site-packages/Pillow-5.0.0.dist-info'...
Listing './lib/python3.5/site-packages/RPi'...
Listing './lib/python3.5/site-packages/RPi/GPIO'...
Listing './lib/python3.5/site-packages/RPi.GPIO-0.6.3.egg-info'...
Listing './lib/python3.5/site-packages/certifi'...
Listing './lib/python3.5/site-packages/certifi-2017.11.5.dist-info'...
Listing './lib/python3.5/site-packages/chardet'...
Listing './lib/python3.5/site-packages/chardet/cli'...
Listing './lib/python3.5/site-packages/chardet-3.0.4.dist-info'...
Listing './lib/python3.5/site-packages/idna'...
Listing './lib/python3.5/site-packages/idna-2.6.dist-info'...
Listing './lib/python3.5/site-packages/mock'...
Listing './lib/python3.5/site-packages/mock/tests'...
Listing './lib/python3.5/site-packages/mock-2.0.0.dist-info'...
Listing './lib/python3.5/site-packages/pbr'...
Listing './lib/python3.5/site-packages/pbr/cmd'...
Listing './lib/python3.5/site-packages/pbr/hooks'...
Listing './lib/python3.5/site-packages/pbr/tests'...
Listing './lib/python3.5/site-packages/pbr/tests/testpackage'...
Listing './lib/python3.5/site-packages/pbr/tests/testpackage/data_files'...
Listing './lib/python3.5/site-packages/pbr/tests/testpackage/doc'...
Listing './lib/python3.5/site-packages/pbr/tests/testpackage/doc/source'...
Listing './lib/python3.5/site-packages/pbr/tests/testpackage/pbr_testpackage'...
Listing './lib/python3.5/site-packages/pbr/tests/testpackage/pbr_testpackage/package_data'...
Listing './lib/python3.5/site-packages/pbr/tests/testpackage/src'...
Listing './lib/python3.5/site-packages/pbr-3.1.1.dist-info'...
Listing './lib/python3.5/site-packages/pi_ina219-1.1.0.dist-info'...
Listing './lib/python3.5/site-packages/pip'...
Listing './lib/python3.5/site-packages/pip/_vendor'...
Listing './lib/python3.5/site-packages/pip/commands'...
Listing './lib/python3.5/site-packages/pip/compat'...
Listing './lib/python3.5/site-packages/pip/models'...
Listing './lib/python3.5/site-packages/pip/operations'...
Listing './lib/python3.5/site-packages/pip/req'...
Listing './lib/python3.5/site-packages/pip/utils'...
Listing './lib/python3.5/site-packages/pip/vcs'...
Listing './lib/python3.5/site-packages/pip-9.0.1.dist-info'...
Listing './lib/python3.5/site-packages/pkg_resources'...
Listing './lib/python3.5/site-packages/pkg_resources/_vendor'...
Listing './lib/python3.5/site-packages/pkg_resources/_vendor/packaging'...
Listing './lib/python3.5/site-packages/pkg_resources/extern'...
Listing './lib/python3.5/site-packages/pkg_resources-0.0.0.dist-info'...
Listing './lib/python3.5/site-packages/requests'...
Listing './lib/python3.5/site-packages/requests-2.18.4.dist-info'...
Listing './lib/python3.5/site-packages/setuptools'...
Listing './lib/python3.5/site-packages/setuptools/command'...
Listing './lib/python3.5/site-packages/setuptools/extern'...
Listing './lib/python3.5/site-packages/setuptools-32.3.1.dist-info'...
Listing './lib/python3.5/site-packages/six-1.11.0.dist-info'...
Listing './lib/python3.5/site-packages/socketIO_client'...
Listing './lib/python3.5/site-packages/socketIO_client/tests'...
Listing './lib/python3.5/site-packages/socketIO_client/tests/node_modules'...
Listing './lib/python3.5/site-packages/socketIO_client/tests/node_modules/.bin'...
Listing './lib/python3.5/site-packages/socketIO_client/tests/node_modules/accepts'...
Listing './lib/python3.5/site-packages/socketIO_client/tests/node_modules/after'...
Listing './lib/python3.5/site-packages/socketIO_client/tests/node_modules/after/test'...
Listing './lib/python3.5/site-packages/socketIO_client/tests/node_modules/ansi-regex'...
Listing './lib/python3.5/site-packages/socketIO_client/tests/node_modules/arraybuffer.slice'...
Listing './lib/python3.5/site-packages/socketIO_client/tests/node_modules/arraybuffer.slice/test'...
Listing './lib/python3.5/site-packages/socketIO_client/tests/node_modules/backo2'...
Listing './lib/python3.5/site-packages/socketIO_client/tests/node_modules/backo2/test'...
Listing './lib/python3.5/site-packages/socketIO_client/tests/node_modules/base64-arraybuffer'...
Listing './lib/python3.5/site-packages/socketIO_client/tests/node_modules/base64-arraybuffer/lib'...
Listing './lib/python3.5/site-packages/socketIO_client/tests/node_modules/base64-arraybuffer/test'...
Listing './lib/python3.5/site-packages/socketIO_client/tests/node_modules/base64id'...
Listing './lib/python3.5/site-packages/socketIO_client/tests/node_modules/base64id/lib'...
Listing './lib/python3.5/site-packages/socketIO_client/tests/node_modules/benchmark'...
Listing './lib/python3.5/site-packages/socketIO_client/tests/node_modules/benchmark/doc'...
Listing './lib/python3.5/site-packages/socketIO_client/tests/node_modules/benchmark/test'...
Listing './lib/python3.5/site-packages/socketIO_client/tests/node_modules/better-assert'...
Listing './lib/python3.5/site-packages/socketIO_client/tests/node_modules/blob'...
Listing './lib/python3.5/site-packages/socketIO_client/tests/node_modules/blob/test'...
Listing './lib/python3.5/site-packages/socketIO_client/tests/node_modules/callsite'...
Listing './lib/python3.5/site-packages/socketIO_client/tests/node_modules/camelcase'...
Listing './lib/python3.5/site-packages/socketIO_client/tests/node_modules/cliui'...
Listing './lib/python3.5/site-packages/socketIO_client/tests/node_modules/cliui/test'...
Listing './lib/python3.5/site-packages/socketIO_client/tests/node_modules/code-point-at'...
Listing './lib/python3.5/site-packages/socketIO_client/tests/node_modules/component-bind'...
Listing './lib/python3.5/site-packages/socketIO_client/tests/node_modules/component-emitter'...
Listing './lib/python3.5/site-packages/socketIO_client/tests/node_modules/component-inherit'...
Listing './lib/python3.5/site-packages/socketIO_client/tests/node_modules/component-inherit/test'...
Listing './lib/python3.5/site-packages/socketIO_client/tests/node_modules/debug'...
Listing './lib/python3.5/site-packages/socketIO_client/tests/node_modules/decamelize'...
Listing './lib/python3.5/site-packages/socketIO_client/tests/node_modules/engine.io'...
Listing './lib/python3.5/site-packages/socketIO_client/tests/node_modules/engine.io/lib'...
Listing './lib/python3.5/site-packages/socketIO_client/tests/node_modules/engine.io/lib/transports'...
Listing './lib/python3.5/site-packages/socketIO_client/tests/node_modules/engine.io-client'...
Listing './lib/python3.5/site-packages/socketIO_client/tests/node_modules/engine.io-client/lib'...
Listing './lib/python3.5/site-packages/socketIO_client/tests/node_modules/engine.io-client/lib/transports'...
Listing './lib/python3.5/site-packages/socketIO_client/tests/node_modules/engine.io-parser'...
Listing './lib/python3.5/site-packages/socketIO_client/tests/node_modules/engine.io-parser/lib'...
Listing './lib/python3.5/site-packages/socketIO_client/tests/node_modules/engine.io-parser/node_modules'...
Listing './lib/python3.5/site-packages/socketIO_client/tests/node_modules/engine.io-parser/node_modules/has-binary'...
Listing './lib/python3.5/site-packages/socketIO_client/tests/node_modules/engine.io-parser/node_modules/has-binary/fixtures'...
Listing './lib/python3.5/site-packages/socketIO_client/tests/node_modules/eventemitter3'...
Listing './lib/python3.5/site-packages/socketIO_client/tests/node_modules/has-binary'...
Listing './lib/python3.5/site-packages/socketIO_client/tests/node_modules/has-cors'...
Listing './lib/python3.5/site-packages/socketIO_client/tests/node_modules/http-proxy'...
Listing './lib/python3.5/site-packages/socketIO_client/tests/node_modules/http-proxy/lib'...
Listing './lib/python3.5/site-packages/socketIO_client/tests/node_modules/http-proxy/lib/http-proxy'...
Listing './lib/python3.5/site-packages/socketIO_client/tests/node_modules/http-proxy/lib/http-proxy/passes'...
Listing './lib/python3.5/site-packages/socketIO_client/tests/node_modules/indexof'...
Listing './lib/python3.5/site-packages/socketIO_client/tests/node_modules/invert-kv'...
Listing './lib/python3.5/site-packages/socketIO_client/tests/node_modules/is-fullwidth-code-point'...
Listing './lib/python3.5/site-packages/socketIO_client/tests/node_modules/isarray'...
Listing './lib/python3.5/site-packages/socketIO_client/tests/node_modules/isarray/build'...
Listing './lib/python3.5/site-packages/socketIO_client/tests/node_modules/json3'...
Listing './lib/python3.5/site-packages/socketIO_client/tests/node_modules/json3/coverage'...
Listing './lib/python3.5/site-packages/socketIO_client/tests/node_modules/json3/coverage/lcov-report'...
Listing './lib/python3.5/site-packages/socketIO_client/tests/node_modules/json3/coverage/lcov-report/lib'...
Listing './lib/python3.5/site-packages/socketIO_client/tests/node_modules/json3/lib'...
Listing './lib/python3.5/site-packages/socketIO_client/tests/node_modules/lcid'...
Listing './lib/python3.5/site-packages/socketIO_client/tests/node_modules/mime-db'...
Listing './lib/python3.5/site-packages/socketIO_client/tests/node_modules/mime-types'...
Listing './lib/python3.5/site-packages/socketIO_client/tests/node_modules/ms'...
Listing './lib/python3.5/site-packages/socketIO_client/tests/node_modules/negotiator'...
Listing './lib/python3.5/site-packages/socketIO_client/tests/node_modules/negotiator/lib'...
Listing './lib/python3.5/site-packages/socketIO_client/tests/node_modules/number-is-nan'...
Listing './lib/python3.5/site-packages/socketIO_client/tests/node_modules/object-component'...
Listing './lib/python3.5/site-packages/socketIO_client/tests/node_modules/object-component/test'...
Listing './lib/python3.5/site-packages/socketIO_client/tests/node_modules/options'...
Listing './lib/python3.5/site-packages/socketIO_client/tests/node_modules/options/lib'...
Listing './lib/python3.5/site-packages/socketIO_client/tests/node_modules/os-locale'...
Listing './lib/python3.5/site-packages/socketIO_client/tests/node_modules/parsejson'...
Listing './lib/python3.5/site-packages/socketIO_client/tests/node_modules/parseqs'...
Listing './lib/python3.5/site-packages/socketIO_client/tests/node_modules/parseuri'...
Listing './lib/python3.5/site-packages/socketIO_client/tests/node_modules/requires-port'...
Listing './lib/python3.5/site-packages/socketIO_client/tests/node_modules/socket.io'...
Listing './lib/python3.5/site-packages/socketIO_client/tests/node_modules/socket.io/lib'...
Listing './lib/python3.5/site-packages/socketIO_client/tests/node_modules/socket.io-adapter'...
Listing './lib/python3.5/site-packages/socketIO_client/tests/node_modules/socket.io-adapter/node_modules'...
Listing './lib/python3.5/site-packages/socketIO_client/tests/node_modules/socket.io-adapter/node_modules/socket.io-parser'...
Listing './lib/python3.5/site-packages/socketIO_client/tests/node_modules/socket.io-adapter/node_modules/socket.io-parser/bench'...
Listing './lib/python3.5/site-packages/socketIO_client/tests/node_modules/socket.io-adapter/node_modules/socket.io-parser/node_modules'...
Listing './lib/python3.5/site-packages/socketIO_client/tests/node_modules/socket.io-client'...
Listing './lib/python3.5/site-packages/socketIO_client/tests/node_modules/socket.io-client/lib'...
Listing './lib/python3.5/site-packages/socketIO_client/tests/node_modules/socket.io-client/node_modules'...
Listing './lib/python3.5/site-packages/socketIO_client/tests/node_modules/socket.io-client/node_modules/component-emitter'...
Listing './lib/python3.5/site-packages/socketIO_client/tests/node_modules/socket.io-parser'...
Listing './lib/python3.5/site-packages/socketIO_client/tests/node_modules/socket.io-parser/bench'...
Listing './lib/python3.5/site-packages/socketIO_client/tests/node_modules/socket.io-parser/node_modules'...
Listing './lib/python3.5/site-packages/socketIO_client/tests/node_modules/socket.io-parser/node_modules/json3'...
Listing './lib/python3.5/site-packages/socketIO_client/tests/node_modules/socket.io-parser/node_modules/json3/lib'...
Listing './lib/python3.5/site-packages/socketIO_client/tests/node_modules/string-width'...
Listing './lib/python3.5/site-packages/socketIO_client/tests/node_modules/strip-ansi'...
Listing './lib/python3.5/site-packages/socketIO_client/tests/node_modules/to-array'...
Listing './lib/python3.5/site-packages/socketIO_client/tests/node_modules/ultron'...
Listing './lib/python3.5/site-packages/socketIO_client/tests/node_modules/utf8'...
Listing './lib/python3.5/site-packages/socketIO_client/tests/node_modules/utf8/tests'...
Compiling './lib/python3.5/site-packages/socketIO_client/tests/node_modules/utf8/tests/generate-test-data.py'...
***   File "./lib/python3.5/site-packages/socketIO_client/tests/node_modules/utf8/tests/generate-test-data.py", line 22
    print filename
                 ^
SyntaxError: Missing parentheses in call to 'print'

Listing './lib/python3.5/site-packages/socketIO_client/tests/node_modules/window-size'...
Listing './lib/python3.5/site-packages/socketIO_client/tests/node_modules/wrap-ansi'...
Listing './lib/python3.5/site-packages/socketIO_client/tests/node_modules/ws'...
Listing './lib/python3.5/site-packages/socketIO_client/tests/node_modules/ws/lib'...
Listing './lib/python3.5/site-packages/socketIO_client/tests/node_modules/xmlhttprequest-ssl'...
Listing './lib/python3.5/site-packages/socketIO_client/tests/node_modules/xmlhttprequest-ssl/example'...
Listing './lib/python3.5/site-packages/socketIO_client/tests/node_modules/xmlhttprequest-ssl/lib'...
Listing './lib/python3.5/site-packages/socketIO_client/tests/node_modules/xmlhttprequest-ssl/tests'...
Listing './lib/python3.5/site-packages/socketIO_client/tests/node_modules/y18n'...
Listing './lib/python3.5/site-packages/socketIO_client/tests/node_modules/y18n/test'...
Listing './lib/python3.5/site-packages/socketIO_client/tests/node_modules/y18n/test/locales'...
Listing './lib/python3.5/site-packages/socketIO_client/tests/node_modules/yargs'...
Listing './lib/python3.5/site-packages/socketIO_client/tests/node_modules/yargs/lib'...
Listing './lib/python3.5/site-packages/socketIO_client/tests/node_modules/yargs/locales'...
Listing './lib/python3.5/site-packages/socketIO_client/tests/node_modules/yeast'...
Listing './lib/python3.5/site-packages/socketIO_client_2-0.7.5.egg-info'...
Listing './lib/python3.5/site-packages/spidev-3.2.egg-info'...
Listing './lib/python3.5/site-packages/tests'...
Compiling './lib/python3.5/site-packages/tests/__init__.py'...
Listing './lib/python3.5/site-packages/tests/volumio_buddy'...
Listing './lib/python3.5/site-packages/urllib3'...
Listing './lib/python3.5/site-packages/urllib3/contrib'...
Listing './lib/python3.5/site-packages/urllib3/contrib/_securetransport'...
Listing './lib/python3.5/site-packages/urllib3/packages'...
Listing './lib/python3.5/site-packages/urllib3/packages/backports'...
Listing './lib/python3.5/site-packages/urllib3/packages/ssl_match_hostname'...
Listing './lib/python3.5/site-packages/urllib3/util'...
Listing './lib/python3.5/site-packages/urllib3-1.22.dist-info'...
Listing './lib/python3.5/site-packages/volumio_buddy'...
Compiling './lib/python3.5/site-packages/volumio_buddy/volumio_buddy.py'...
***   File "./lib/python3.5/site-packages/volumio_buddy/volumio_buddy.py", line 241
    print "Cannot open file %s" % filename
                              ^
SyntaxError: Missing parentheses in call to 'print'

Listing './lib/python3.5/site-packages/volumio_buddy-0.4.0.egg-info'...
Listing './lib/python3.5/site-packages/websocket'...
Listing './lib/python3.5/site-packages/websocket/tests'...
Listing './lib/python3.5/site-packages/websocket/tests/data'...
Listing './lib/python3.5/site-packages/websocket_client-0.46.0.dist-info'...
Listing './lib/python3.5/site-packages/wiringpi-2.44.4.egg-info'...
Listing './lib/python3.5/site-packages/wiringpi2-2.32.3.egg-info'...
Listing './share'...
Listing './share/python-wheels'...
