Listing '.'...
Listing './bin'...
Listing './include'...
Listing './lib'...
Listing './lib/python3.5'...
Listing './lib/python3.5/site-packages'...
Listing './lib/python3.5/site-packages/pip'...
Listing './lib/python3.5/site-packages/pip/_vendor'...
Listing './lib/python3.5/site-packages/pip/commands'...
Listing './lib/python3.5/site-packages/pip/compat'...
Listing './lib/python3.5/site-packages/pip/models'...
Listing './lib/python3.5/site-packages/pip/operations'...
Listing './lib/python3.5/site-packages/pip/req'...
Listing './lib/python3.5/site-packages/pip/utils'...
Listing './lib/python3.5/site-packages/pip/vcs'...
Listing './lib/python3.5/site-packages/pip-9.0.1.dist-info'...
Listing './lib/python3.5/site-packages/pkg_resources'...
Listing './lib/python3.5/site-packages/pkg_resources/_vendor'...
Listing './lib/python3.5/site-packages/pkg_resources/_vendor/packaging'...
Listing './lib/python3.5/site-packages/pkg_resources/extern'...
Listing './lib/python3.5/site-packages/pkg_resources-0.0.0.dist-info'...
Listing './lib/python3.5/site-packages/setuptools'...
Listing './lib/python3.5/site-packages/setuptools/command'...
Listing './lib/python3.5/site-packages/setuptools/extern'...
Listing './lib/python3.5/site-packages/setuptools-32.3.1.dist-info'...
Listing './lib/python3.5/site-packages/vsg'...
Listing './lib/python3.5/site-packages/vsg/rules'...
Listing './lib/python3.5/site-packages/vsg/rules/architecture'...
Listing './lib/python3.5/site-packages/vsg/rules/assert_statement'...
Listing './lib/python3.5/site-packages/vsg/rules/attribute'...
Listing './lib/python3.5/site-packages/vsg/rules/case'...
Listing './lib/python3.5/site-packages/vsg/rules/comment'...
Listing './lib/python3.5/site-packages/vsg/rules/component'...
Listing './lib/python3.5/site-packages/vsg/rules/concurrent'...
Listing './lib/python3.5/site-packages/vsg/rules/constant'...
Listing './lib/python3.5/site-packages/vsg/rules/entity'...
Listing './lib/python3.5/site-packages/vsg/rules/file_statement'...
Listing './lib/python3.5/site-packages/vsg/rules/for_loop'...
Listing './lib/python3.5/site-packages/vsg/rules/function'...
Listing './lib/python3.5/site-packages/vsg/rules/generate'...
Listing './lib/python3.5/site-packages/vsg/rules/generic'...
Listing './lib/python3.5/site-packages/vsg/rules/if_statement'...
Listing './lib/python3.5/site-packages/vsg/rules/instantiation'...
Listing './lib/python3.5/site-packages/vsg/rules/library'...
Listing './lib/python3.5/site-packages/vsg/rules/package'...
Listing './lib/python3.5/site-packages/vsg/rules/port'...
Listing './lib/python3.5/site-packages/vsg/rules/procedure'...
Listing './lib/python3.5/site-packages/vsg/rules/process'...
Listing './lib/python3.5/site-packages/vsg/rules/sequential'...
Listing './lib/python3.5/site-packages/vsg/rules/signal'...
Listing './lib/python3.5/site-packages/vsg/rules/subtype'...
Listing './lib/python3.5/site-packages/vsg/rules/type_definition'...
Listing './lib/python3.5/site-packages/vsg/rules/variable'...
Listing './lib/python3.5/site-packages/vsg/rules/variable_assignment'...
Listing './lib/python3.5/site-packages/vsg/rules/while_loop'...
Listing './lib/python3.5/site-packages/vsg/rules/whitespace'...
Listing './lib/python3.5/site-packages/vsg/rules/with_statement'...
Listing './lib/python3.5/site-packages/vsg/tests'...
Listing './lib/python3.5/site-packages/vsg/tests/architecture'...
Listing './lib/python3.5/site-packages/vsg/tests/assert_statement'...
Listing './lib/python3.5/site-packages/vsg/tests/attribute'...
Listing './lib/python3.5/site-packages/vsg/tests/case'...
Listing './lib/python3.5/site-packages/vsg/tests/check'...
Listing './lib/python3.5/site-packages/vsg/tests/code_examples'...
Listing './lib/python3.5/site-packages/vsg/tests/code_examples/c16'...
Listing './lib/python3.5/site-packages/vsg/tests/code_examples/graphicsaccelerator'...
Listing './lib/python3.5/site-packages/vsg/tests/code_examples/turbocodes'...
Listing './lib/python3.5/site-packages/vsg/tests/comment'...
Listing './lib/python3.5/site-packages/vsg/tests/component'...
Listing './lib/python3.5/site-packages/vsg/tests/concurrent'...
Listing './lib/python3.5/site-packages/vsg/tests/constant'...
Listing './lib/python3.5/site-packages/vsg/tests/entity'...
Listing './lib/python3.5/site-packages/vsg/tests/file_statement'...
Listing './lib/python3.5/site-packages/vsg/tests/for_loop'...
Listing './lib/python3.5/site-packages/vsg/tests/function'...
Listing './lib/python3.5/site-packages/vsg/tests/generate'...
Listing './lib/python3.5/site-packages/vsg/tests/generic'...
Listing './lib/python3.5/site-packages/vsg/tests/if_statement'...
Listing './lib/python3.5/site-packages/vsg/tests/instantiation'...
Listing './lib/python3.5/site-packages/vsg/tests/library'...
Listing './lib/python3.5/site-packages/vsg/tests/line'...
Listing './lib/python3.5/site-packages/vsg/tests/package'...
Listing './lib/python3.5/site-packages/vsg/tests/port'...
Listing './lib/python3.5/site-packages/vsg/tests/procedure'...
Listing './lib/python3.5/site-packages/vsg/tests/process'...
Listing './lib/python3.5/site-packages/vsg/tests/rule'...
Listing './lib/python3.5/site-packages/vsg/tests/sequential'...
Listing './lib/python3.5/site-packages/vsg/tests/signal'...
Listing './lib/python3.5/site-packages/vsg/tests/subtype'...
Listing './lib/python3.5/site-packages/vsg/tests/type_definition'...
Listing './lib/python3.5/site-packages/vsg/tests/variable'...
Listing './lib/python3.5/site-packages/vsg/tests/variable_assignment'...
Listing './lib/python3.5/site-packages/vsg/tests/vhdlFile'...
Listing './lib/python3.5/site-packages/vsg/tests/while_loop'...
Listing './lib/python3.5/site-packages/vsg/tests/whitespace'...
Listing './lib/python3.5/site-packages/vsg/tests/with_statement'...
Listing './lib/python3.5/site-packages/vsg/vhdlFile'...
Listing './lib/python3.5/site-packages/vsg/vhdlFile/classify'...
Listing './lib/python3.5/site-packages/vsg-0.8.egg-info'...
Listing './share'...
Listing './share/python-wheels'...
