Listing '.'...
Listing './bin'...
Listing './include'...
Listing './lib'...
Listing './lib/python3.5'...
Listing './lib/python3.5/site-packages'...
Listing './lib/python3.5/site-packages/PyYAML-3.12.egg-info'...
Listing './lib/python3.5/site-packages/click'...
Listing './lib/python3.5/site-packages/click-6.7.dist-info'...
Listing './lib/python3.5/site-packages/pip'...
Listing './lib/python3.5/site-packages/pip/_vendor'...
Listing './lib/python3.5/site-packages/pip/commands'...
Listing './lib/python3.5/site-packages/pip/compat'...
Listing './lib/python3.5/site-packages/pip/models'...
Listing './lib/python3.5/site-packages/pip/operations'...
Listing './lib/python3.5/site-packages/pip/req'...
Listing './lib/python3.5/site-packages/pip/utils'...
Listing './lib/python3.5/site-packages/pip/vcs'...
Listing './lib/python3.5/site-packages/pip-9.0.1.dist-info'...
Listing './lib/python3.5/site-packages/pkg_resources'...
Listing './lib/python3.5/site-packages/pkg_resources/_vendor'...
Listing './lib/python3.5/site-packages/pkg_resources/_vendor/packaging'...
Listing './lib/python3.5/site-packages/pkg_resources/extern'...
Listing './lib/python3.5/site-packages/pkg_resources-0.0.0.dist-info'...
Listing './lib/python3.5/site-packages/setuptools'...
Listing './lib/python3.5/site-packages/setuptools/command'...
Listing './lib/python3.5/site-packages/setuptools/extern'...
Listing './lib/python3.5/site-packages/setuptools-32.3.1.dist-info'...
Listing './lib/python3.5/site-packages/six-1.11.0.dist-info'...
Listing './lib/python3.5/site-packages/watchmaker'...
Listing './lib/python3.5/site-packages/watchmaker/exceptions'...
Listing './lib/python3.5/site-packages/watchmaker/logger'...
Listing './lib/python3.5/site-packages/watchmaker/managers'...
Listing './lib/python3.5/site-packages/watchmaker/static'...
Listing './lib/python3.5/site-packages/watchmaker/static/salt'...
Listing './lib/python3.5/site-packages/watchmaker/static/salt/formulas'...
Listing './lib/python3.5/site-packages/watchmaker/static/salt/formulas/ash-linux-formula'...
Listing './lib/python3.5/site-packages/watchmaker/static/salt/formulas/ash-linux-formula/_modules'...
Listing './lib/python3.5/site-packages/watchmaker/static/salt/formulas/ash-linux-formula/_states'...
Listing './lib/python3.5/site-packages/watchmaker/static/salt/formulas/ash-linux-formula/ash-linux'...
Listing './lib/python3.5/site-packages/watchmaker/static/salt/formulas/ash-linux-formula/ash-linux/el6'...
Listing './lib/python3.5/site-packages/watchmaker/static/salt/formulas/ash-linux-formula/ash-linux/el7'...
Listing './lib/python3.5/site-packages/watchmaker/static/salt/formulas/ash-linux-formula/tests'...
Listing './lib/python3.5/site-packages/watchmaker/static/salt/formulas/ash-linux-formula/tests/docker'...
Listing './lib/python3.5/site-packages/watchmaker/static/salt/formulas/ash-linux-formula/tests/pillar'...
Listing './lib/python3.5/site-packages/watchmaker/static/salt/formulas/ash-windows-formula'...
Listing './lib/python3.5/site-packages/watchmaker/static/salt/formulas/ash-windows-formula/_modules'...
Listing './lib/python3.5/site-packages/watchmaker/static/salt/formulas/ash-windows-formula/_states'...
Listing './lib/python3.5/site-packages/watchmaker/static/salt/formulas/ash-windows-formula/ash-windows'...
Listing './lib/python3.5/site-packages/watchmaker/static/salt/formulas/ash-windows-formula/ash-windows/custom'...
Listing './lib/python3.5/site-packages/watchmaker/static/salt/formulas/ash-windows-formula/ash-windows/delta'...
Listing './lib/python3.5/site-packages/watchmaker/static/salt/formulas/ash-windows-formula/ash-windows/iavm'...
Listing './lib/python3.5/site-packages/watchmaker/static/salt/formulas/ash-windows-formula/ash-windows/mss'...
Listing './lib/python3.5/site-packages/watchmaker/static/salt/formulas/ash-windows-formula/ash-windows/scm'...
Listing './lib/python3.5/site-packages/watchmaker/static/salt/formulas/ash-windows-formula/ash-windows/stig'...
Listing './lib/python3.5/site-packages/watchmaker/static/salt/formulas/ash-windows-formula/ash-windows/tools'...
Listing './lib/python3.5/site-packages/watchmaker/static/salt/formulas/ash-windows-formula/tests'...
Listing './lib/python3.5/site-packages/watchmaker/static/salt/formulas/ash-windows-formula/tests/pillar'...
Listing './lib/python3.5/site-packages/watchmaker/static/salt/formulas/dotnet4-formula'...
Listing './lib/python3.5/site-packages/watchmaker/static/salt/formulas/dotnet4-formula/dotnet4'...
Listing './lib/python3.5/site-packages/watchmaker/static/salt/formulas/dotnet4-formula/tests'...
Listing './lib/python3.5/site-packages/watchmaker/static/salt/formulas/dotnet4-formula/tests/pillar'...
Listing './lib/python3.5/site-packages/watchmaker/static/salt/formulas/emet-formula'...
Listing './lib/python3.5/site-packages/watchmaker/static/salt/formulas/emet-formula/emet'...
Listing './lib/python3.5/site-packages/watchmaker/static/salt/formulas/emet-formula/emet/emetfiles'...
Listing './lib/python3.5/site-packages/watchmaker/static/salt/formulas/emet-formula/tests'...
Listing './lib/python3.5/site-packages/watchmaker/static/salt/formulas/emet-formula/tests/pillar'...
Listing './lib/python3.5/site-packages/watchmaker/static/salt/formulas/join-domain-formula'...
Listing './lib/python3.5/site-packages/watchmaker/static/salt/formulas/join-domain-formula/join-domain'...
Listing './lib/python3.5/site-packages/watchmaker/static/salt/formulas/join-domain-formula/join-domain/elx'...
Listing './lib/python3.5/site-packages/watchmaker/static/salt/formulas/join-domain-formula/join-domain/windows'...
Listing './lib/python3.5/site-packages/watchmaker/static/salt/formulas/join-domain-formula/tests'...
Listing './lib/python3.5/site-packages/watchmaker/static/salt/formulas/join-domain-formula/tests/docker'...
Listing './lib/python3.5/site-packages/watchmaker/static/salt/formulas/join-domain-formula/tests/pillar'...
Listing './lib/python3.5/site-packages/watchmaker/static/salt/formulas/mcafee-agent-formula'...
Listing './lib/python3.5/site-packages/watchmaker/static/salt/formulas/mcafee-agent-formula/mcafee-agent'...
Listing './lib/python3.5/site-packages/watchmaker/static/salt/formulas/mcafee-agent-formula/mcafee-agent/elx'...
Listing './lib/python3.5/site-packages/watchmaker/static/salt/formulas/mcafee-agent-formula/mcafee-agent/windows'...
Listing './lib/python3.5/site-packages/watchmaker/static/salt/formulas/mcafee-agent-formula/tests'...
Listing './lib/python3.5/site-packages/watchmaker/static/salt/formulas/mcafee-agent-formula/tests/docker'...
Listing './lib/python3.5/site-packages/watchmaker/static/salt/formulas/mcafee-agent-formula/tests/pillar'...
Listing './lib/python3.5/site-packages/watchmaker/static/salt/formulas/name-computer-formula'...
Listing './lib/python3.5/site-packages/watchmaker/static/salt/formulas/name-computer-formula/name-computer'...
Listing './lib/python3.5/site-packages/watchmaker/static/salt/formulas/name-computer-formula/tests'...
Listing './lib/python3.5/site-packages/watchmaker/static/salt/formulas/name-computer-formula/tests/docker'...
Listing './lib/python3.5/site-packages/watchmaker/static/salt/formulas/netbanner-formula'...
Listing './lib/python3.5/site-packages/watchmaker/static/salt/formulas/netbanner-formula/netbanner'...
Listing './lib/python3.5/site-packages/watchmaker/static/salt/formulas/netbanner-formula/netbanner/netbannerfiles'...
Listing './lib/python3.5/site-packages/watchmaker/static/salt/formulas/netbanner-formula/tests'...
Listing './lib/python3.5/site-packages/watchmaker/static/salt/formulas/netbanner-formula/tests/pillar'...
Listing './lib/python3.5/site-packages/watchmaker/static/salt/formulas/ntp-client-windows-formula'...
Listing './lib/python3.5/site-packages/watchmaker/static/salt/formulas/ntp-client-windows-formula/ntp-client-windows'...
Listing './lib/python3.5/site-packages/watchmaker/static/salt/formulas/ntp-client-windows-formula/tests'...
Listing './lib/python3.5/site-packages/watchmaker/static/salt/formulas/ntp-client-windows-formula/tests/pillar'...
Listing './lib/python3.5/site-packages/watchmaker/static/salt/formulas/pshelp-formula'...
Listing './lib/python3.5/site-packages/watchmaker/static/salt/formulas/pshelp-formula/pshelp'...
Listing './lib/python3.5/site-packages/watchmaker/static/salt/formulas/pshelp-formula/pshelp/content'...
Listing './lib/python3.5/site-packages/watchmaker/static/salt/formulas/pshelp-formula/tests'...
Listing './lib/python3.5/site-packages/watchmaker/static/salt/formulas/pshelp-formula/tests/pillar'...
Listing './lib/python3.5/site-packages/watchmaker/static/salt/formulas/scap-formula'...
Listing './lib/python3.5/site-packages/watchmaker/static/salt/formulas/scap-formula/scap'...
Listing './lib/python3.5/site-packages/watchmaker/static/salt/formulas/scap-formula/scap/content'...
Listing './lib/python3.5/site-packages/watchmaker/static/salt/formulas/scap-formula/scap/oscap'...
Listing './lib/python3.5/site-packages/watchmaker/static/salt/formulas/scap-formula/scap/scc'...
Listing './lib/python3.5/site-packages/watchmaker/static/salt/formulas/scap-formula/tests'...
Listing './lib/python3.5/site-packages/watchmaker/static/salt/formulas/scap-formula/tests/docker'...
Listing './lib/python3.5/site-packages/watchmaker/static/salt/formulas/scap-formula/tests/pillar'...
Listing './lib/python3.5/site-packages/watchmaker/static/salt/formulas/splunkforwarder-formula'...
Listing './lib/python3.5/site-packages/watchmaker/static/salt/formulas/splunkforwarder-formula/splunkforwarder'...
Listing './lib/python3.5/site-packages/watchmaker/static/salt/formulas/splunkforwarder-formula/splunkforwarder/elx'...
Listing './lib/python3.5/site-packages/watchmaker/static/salt/formulas/splunkforwarder-formula/splunkforwarder/windows'...
Listing './lib/python3.5/site-packages/watchmaker/static/salt/formulas/splunkforwarder-formula/tests'...
Listing './lib/python3.5/site-packages/watchmaker/static/salt/formulas/splunkforwarder-formula/tests/docker'...
Listing './lib/python3.5/site-packages/watchmaker/static/salt/formulas/splunkforwarder-formula/tests/pillar'...
Listing './lib/python3.5/site-packages/watchmaker/static/salt/formulas/windows-update-agent-formula'...
Listing './lib/python3.5/site-packages/watchmaker/static/salt/formulas/windows-update-agent-formula/tests'...
Listing './lib/python3.5/site-packages/watchmaker/static/salt/formulas/windows-update-agent-formula/tests/pillar'...
Listing './lib/python3.5/site-packages/watchmaker/static/salt/formulas/windows-update-agent-formula/windows-update-agent'...
Listing './lib/python3.5/site-packages/watchmaker/workers'...
Listing './lib/python3.5/site-packages/watchmaker-0.8.0.dist-info'...
Listing './lib/python3.5/site-packages/yaml'...
Listing './share'...
Listing './share/python-wheels'...
