Listing '.'...
Listing './bin'...
Listing './include'...
Listing './lib'...
Listing './lib/python3.5'...
Listing './lib/python3.5/site-packages'...
Listing './lib/python3.5/site-packages/googlemaps'...
Listing './lib/python3.5/site-packages/googlemaps-2.5.1.egg-info'...
Listing './lib/python3.5/site-packages/notify2-0.3.1.dist-info'...
Listing './lib/python3.5/site-packages/pip'...
Listing './lib/python3.5/site-packages/pip/_vendor'...
Listing './lib/python3.5/site-packages/pip/commands'...
Listing './lib/python3.5/site-packages/pip/compat'...
Listing './lib/python3.5/site-packages/pip/models'...
Listing './lib/python3.5/site-packages/pip/operations'...
Listing './lib/python3.5/site-packages/pip/req'...
Listing './lib/python3.5/site-packages/pip/utils'...
Listing './lib/python3.5/site-packages/pip/vcs'...
Listing './lib/python3.5/site-packages/pip-9.0.1.dist-info'...
Listing './lib/python3.5/site-packages/pkg_resources'...
Listing './lib/python3.5/site-packages/pkg_resources/_vendor'...
Listing './lib/python3.5/site-packages/pkg_resources/_vendor/packaging'...
Listing './lib/python3.5/site-packages/pkg_resources/extern'...
Listing './lib/python3.5/site-packages/pkg_resources-0.0.0.dist-info'...
Listing './lib/python3.5/site-packages/pyowm'...
Listing './lib/python3.5/site-packages/pyowm/abstractions'...
Listing './lib/python3.5/site-packages/pyowm/caches'...
Listing './lib/python3.5/site-packages/pyowm/commons'...
Listing './lib/python3.5/site-packages/pyowm/docs'...
Listing './lib/python3.5/site-packages/pyowm/exceptions'...
Listing './lib/python3.5/site-packages/pyowm/stationsapi30'...
Listing './lib/python3.5/site-packages/pyowm/stationsapi30/xsd'...
Listing './lib/python3.5/site-packages/pyowm/utils'...
Listing './lib/python3.5/site-packages/pyowm/webapi25'...
Listing './lib/python3.5/site-packages/pyowm/webapi25/cityids'...
Listing './lib/python3.5/site-packages/pyowm/webapi25/xsd'...
Listing './lib/python3.5/site-packages/pyowm-2.8.0.egg-info'...
Listing './lib/python3.5/site-packages/requests'...
Listing './lib/python3.5/site-packages/requests/packages'...
Listing './lib/python3.5/site-packages/requests/packages/chardet'...
Listing './lib/python3.5/site-packages/requests/packages/urllib3'...
Listing './lib/python3.5/site-packages/requests/packages/urllib3/contrib'...
Listing './lib/python3.5/site-packages/requests/packages/urllib3/packages'...
Listing './lib/python3.5/site-packages/requests/packages/urllib3/packages/ssl_match_hostname'...
Listing './lib/python3.5/site-packages/requests/packages/urllib3/util'...
Listing './lib/python3.5/site-packages/requests-2.11.1.dist-info'...
Listing './lib/python3.5/site-packages/setuptools'...
Listing './lib/python3.5/site-packages/setuptools/command'...
Listing './lib/python3.5/site-packages/setuptools/extern'...
Listing './lib/python3.5/site-packages/setuptools-32.3.1.dist-info'...
Listing './lib/python3.5/site-packages/weather_notifier-1.0.1.egg-info'...
Listing './lib/python3.5/site-packages/weathernotifier'...
Listing './share'...
Listing './share/python-wheels'...
