Listing '.'...
Listing './bin'...
Listing './include'...
Listing './lib'...
Listing './lib/python3.5'...
Listing './lib/python3.5/site-packages'...
Listing './lib/python3.5/site-packages/PyYAML-3.12.egg-info'...
Listing './lib/python3.5/site-packages/click'...
Listing './lib/python3.5/site-packages/click-6.7.dist-info'...
Listing './lib/python3.5/site-packages/dateutil'...
Listing './lib/python3.5/site-packages/dateutil/tz'...
Listing './lib/python3.5/site-packages/dateutil/zoneinfo'...
Listing './lib/python3.5/site-packages/pendulum'...
Listing './lib/python3.5/site-packages/pendulum/_extensions'...
Listing './lib/python3.5/site-packages/pendulum/formatting'...
Listing './lib/python3.5/site-packages/pendulum/lang'...
Listing './lib/python3.5/site-packages/pendulum/mixins'...
Listing './lib/python3.5/site-packages/pendulum/parsing'...
Listing './lib/python3.5/site-packages/pendulum/parsing/exceptions'...
Listing './lib/python3.5/site-packages/pendulum/tz'...
Listing './lib/python3.5/site-packages/pendulum-1.3.2.dist-info'...
Listing './lib/python3.5/site-packages/pip'...
Listing './lib/python3.5/site-packages/pip/_vendor'...
Listing './lib/python3.5/site-packages/pip/commands'...
Listing './lib/python3.5/site-packages/pip/compat'...
Listing './lib/python3.5/site-packages/pip/models'...
Listing './lib/python3.5/site-packages/pip/operations'...
Listing './lib/python3.5/site-packages/pip/req'...
Listing './lib/python3.5/site-packages/pip/utils'...
Listing './lib/python3.5/site-packages/pip/vcs'...
Listing './lib/python3.5/site-packages/pip-9.0.1.dist-info'...
Listing './lib/python3.5/site-packages/pkg_resources'...
Listing './lib/python3.5/site-packages/pkg_resources/_vendor'...
Listing './lib/python3.5/site-packages/pkg_resources/_vendor/packaging'...
Listing './lib/python3.5/site-packages/pkg_resources/extern'...
Listing './lib/python3.5/site-packages/pkg_resources-0.0.0.dist-info'...
Listing './lib/python3.5/site-packages/pyDAL-17.3.dist-info'...
Listing './lib/python3.5/site-packages/pyaes'...
Listing './lib/python3.5/site-packages/pyaes-1.6.1.egg-info'...
Listing './lib/python3.5/site-packages/pydal'...
Listing './lib/python3.5/site-packages/pydal/adapters'...
Listing './lib/python3.5/site-packages/pydal/contrib'...
Listing './lib/python3.5/site-packages/pydal/dialects'...
Listing './lib/python3.5/site-packages/pydal/helpers'...
Listing './lib/python3.5/site-packages/pydal/parsers'...
Listing './lib/python3.5/site-packages/pydal/representers'...
Listing './lib/python3.5/site-packages/python_dateutil-2.6.1.dist-info'...
Listing './lib/python3.5/site-packages/pytz'...
Listing './lib/python3.5/site-packages/pytz/zoneinfo'...
Listing './lib/python3.5/site-packages/pytz/zoneinfo/Africa'...
Listing './lib/python3.5/site-packages/pytz/zoneinfo/America'...
Listing './lib/python3.5/site-packages/pytz/zoneinfo/America/Argentina'...
Listing './lib/python3.5/site-packages/pytz/zoneinfo/America/Indiana'...
Listing './lib/python3.5/site-packages/pytz/zoneinfo/America/Kentucky'...
Listing './lib/python3.5/site-packages/pytz/zoneinfo/America/North_Dakota'...
Listing './lib/python3.5/site-packages/pytz/zoneinfo/Antarctica'...
Listing './lib/python3.5/site-packages/pytz/zoneinfo/Arctic'...
Listing './lib/python3.5/site-packages/pytz/zoneinfo/Asia'...
Listing './lib/python3.5/site-packages/pytz/zoneinfo/Atlantic'...
Listing './lib/python3.5/site-packages/pytz/zoneinfo/Australia'...
Listing './lib/python3.5/site-packages/pytz/zoneinfo/Brazil'...
Listing './lib/python3.5/site-packages/pytz/zoneinfo/Canada'...
Listing './lib/python3.5/site-packages/pytz/zoneinfo/Chile'...
Listing './lib/python3.5/site-packages/pytz/zoneinfo/Etc'...
Listing './lib/python3.5/site-packages/pytz/zoneinfo/Europe'...
Listing './lib/python3.5/site-packages/pytz/zoneinfo/Indian'...
Listing './lib/python3.5/site-packages/pytz/zoneinfo/Mexico'...
Listing './lib/python3.5/site-packages/pytz/zoneinfo/Pacific'...
Listing './lib/python3.5/site-packages/pytz/zoneinfo/US'...
Listing './lib/python3.5/site-packages/pytz-2017.3.dist-info'...
Listing './lib/python3.5/site-packages/pytzdata'...
Listing './lib/python3.5/site-packages/pytzdata/commands'...
Listing './lib/python3.5/site-packages/pytzdata/zoneinfo'...
Listing './lib/python3.5/site-packages/pytzdata/zoneinfo/Africa'...
Listing './lib/python3.5/site-packages/pytzdata/zoneinfo/America'...
Listing './lib/python3.5/site-packages/pytzdata/zoneinfo/America/Argentina'...
Listing './lib/python3.5/site-packages/pytzdata/zoneinfo/America/Indiana'...
Listing './lib/python3.5/site-packages/pytzdata/zoneinfo/America/Kentucky'...
Listing './lib/python3.5/site-packages/pytzdata/zoneinfo/America/North_Dakota'...
Listing './lib/python3.5/site-packages/pytzdata/zoneinfo/Antarctica'...
Listing './lib/python3.5/site-packages/pytzdata/zoneinfo/Arctic'...
Listing './lib/python3.5/site-packages/pytzdata/zoneinfo/Asia'...
Listing './lib/python3.5/site-packages/pytzdata/zoneinfo/Atlantic'...
Listing './lib/python3.5/site-packages/pytzdata/zoneinfo/Australia'...
Listing './lib/python3.5/site-packages/pytzdata/zoneinfo/Brazil'...
Listing './lib/python3.5/site-packages/pytzdata/zoneinfo/Canada'...
Listing './lib/python3.5/site-packages/pytzdata/zoneinfo/Chile'...
Listing './lib/python3.5/site-packages/pytzdata/zoneinfo/Etc'...
Listing './lib/python3.5/site-packages/pytzdata/zoneinfo/Europe'...
Listing './lib/python3.5/site-packages/pytzdata/zoneinfo/Indian'...
Listing './lib/python3.5/site-packages/pytzdata/zoneinfo/Mexico'...
Listing './lib/python3.5/site-packages/pytzdata/zoneinfo/Pacific'...
Listing './lib/python3.5/site-packages/pytzdata/zoneinfo/US'...
Listing './lib/python3.5/site-packages/pytzdata-2017.3.1.dist-info'...
Listing './lib/python3.5/site-packages/setuptools'...
Listing './lib/python3.5/site-packages/setuptools/command'...
Listing './lib/python3.5/site-packages/setuptools/extern'...
Listing './lib/python3.5/site-packages/setuptools-32.3.1.dist-info'...
Listing './lib/python3.5/site-packages/six-1.11.0.dist-info'...
Listing './lib/python3.5/site-packages/tzlocal'...
Listing './lib/python3.5/site-packages/tzlocal/test_data'...
Listing './lib/python3.5/site-packages/tzlocal/test_data/localtime'...
Listing './lib/python3.5/site-packages/tzlocal/test_data/localtime/etc'...
Listing './lib/python3.5/site-packages/tzlocal/test_data/symlink_localtime'...
Listing './lib/python3.5/site-packages/tzlocal/test_data/symlink_localtime/etc'...
Listing './lib/python3.5/site-packages/tzlocal/test_data/symlink_localtime/usr'...
Listing './lib/python3.5/site-packages/tzlocal/test_data/symlink_localtime/usr/share'...
Listing './lib/python3.5/site-packages/tzlocal/test_data/symlink_localtime/usr/share/zoneinfo'...
Listing './lib/python3.5/site-packages/tzlocal/test_data/symlink_localtime/usr/share/zoneinfo/Africa'...
Listing './lib/python3.5/site-packages/tzlocal/test_data/timezone'...
Listing './lib/python3.5/site-packages/tzlocal/test_data/timezone/etc'...
Listing './lib/python3.5/site-packages/tzlocal/test_data/timezone_setting'...
Listing './lib/python3.5/site-packages/tzlocal/test_data/timezone_setting/etc'...
Listing './lib/python3.5/site-packages/tzlocal/test_data/timezone_setting/etc/conf.d'...
Listing './lib/python3.5/site-packages/tzlocal/test_data/vardbzoneinfo'...
Listing './lib/python3.5/site-packages/tzlocal/test_data/vardbzoneinfo/var'...
Listing './lib/python3.5/site-packages/tzlocal/test_data/vardbzoneinfo/var/db'...
Listing './lib/python3.5/site-packages/tzlocal/test_data/zone_setting'...
Listing './lib/python3.5/site-packages/tzlocal/test_data/zone_setting/etc'...
Listing './lib/python3.5/site-packages/tzlocal/test_data/zone_setting/etc/sysconfig'...
Listing './lib/python3.5/site-packages/tzlocal-1.5.1.egg-info'...
Listing './lib/python3.5/site-packages/weppy'...
Listing './lib/python3.5/site-packages/weppy/assets'...
Listing './lib/python3.5/site-packages/weppy/assets/debug'...
Listing './lib/python3.5/site-packages/weppy/language'...
Listing './lib/python3.5/site-packages/weppy/language/plurals'...
Listing './lib/python3.5/site-packages/weppy/libs'...
Listing './lib/python3.5/site-packages/weppy/orm'...
Listing './lib/python3.5/site-packages/weppy/orm/migrations'...
Listing './lib/python3.5/site-packages/weppy/templating'...
Listing './lib/python3.5/site-packages/weppy/testing'...
Listing './lib/python3.5/site-packages/weppy/tools'...
Listing './lib/python3.5/site-packages/weppy/tools/auth'...
Listing './lib/python3.5/site-packages/weppy/validators'...
Listing './lib/python3.5/site-packages/weppy-1.2.8.dist-info'...
Listing './lib/python3.5/site-packages/weppy_Haml-0.4.dist-info'...
Listing './lib/python3.5/site-packages/weppy_haml'...
Listing './lib/python3.5/site-packages/yaml'...
Listing './share'...
Listing './share/python-wheels'...
