Listing '.'...
Listing './bin'...
Listing './include'...
Listing './lib'...
Listing './lib/python3.5'...
Listing './lib/python3.5/site-packages'...
Listing './lib/python3.5/site-packages/pip'...
Listing './lib/python3.5/site-packages/pip/_vendor'...
Listing './lib/python3.5/site-packages/pip/commands'...
Listing './lib/python3.5/site-packages/pip/compat'...
Listing './lib/python3.5/site-packages/pip/models'...
Listing './lib/python3.5/site-packages/pip/operations'...
Listing './lib/python3.5/site-packages/pip/req'...
Listing './lib/python3.5/site-packages/pip/utils'...
Listing './lib/python3.5/site-packages/pip/vcs'...
Listing './lib/python3.5/site-packages/pip-9.0.1.dist-info'...
Listing './lib/python3.5/site-packages/pkg_resources'...
Listing './lib/python3.5/site-packages/pkg_resources/_vendor'...
Listing './lib/python3.5/site-packages/pkg_resources/_vendor/packaging'...
Listing './lib/python3.5/site-packages/pkg_resources/extern'...
Listing './lib/python3.5/site-packages/pkg_resources-0.0.0.dist-info'...
Listing './lib/python3.5/site-packages/setuptools'...
Listing './lib/python3.5/site-packages/setuptools/command'...
Listing './lib/python3.5/site-packages/setuptools/extern'...
Listing './lib/python3.5/site-packages/setuptools-32.3.1.dist-info'...
Listing './lib/python3.5/site-packages/wladmin'...
Listing './lib/python3.5/site-packages/wladmin/static'...
Listing './lib/python3.5/site-packages/wladmin/static/admin'...
Listing './lib/python3.5/site-packages/wladmin/static/admin/js'...
Listing './lib/python3.5/site-packages/wladmin/static/wladmin'...
Listing './lib/python3.5/site-packages/wladmin/static/wladmin/css'...
Listing './lib/python3.5/site-packages/wladmin/static/wladmin/img'...
Listing './lib/python3.5/site-packages/wladmin/static/wladmin/img/admin'...
Listing './lib/python3.5/site-packages/wladmin/static/wladmin/img/icons'...
Listing './lib/python3.5/site-packages/wladmin/static/wladmin/js'...
Listing './lib/python3.5/site-packages/wladmin/static/wladmin/js/admin'...
Listing './lib/python3.5/site-packages/wladmin/static/wladmin/tinymce'...
Listing './lib/python3.5/site-packages/wladmin/static/wladmin/tinymce/jscripts'...
Listing './lib/python3.5/site-packages/wladmin/static/wladmin/tinymce/jscripts/tiny_mce'...
Listing './lib/python3.5/site-packages/wladmin/static/wladmin/tinymce/jscripts/tiny_mce/langs'...
Listing './lib/python3.5/site-packages/wladmin/static/wladmin/tinymce/jscripts/tiny_mce/plugins'...
Listing './lib/python3.5/site-packages/wladmin/static/wladmin/tinymce/jscripts/tiny_mce/themes'...
Listing './lib/python3.5/site-packages/wladmin/static/wladmin/tinymce/jscripts/tiny_mce/utils'...
Listing './lib/python3.5/site-packages/wladmin/static/wladmin/tinymce_setup'...
Listing './lib/python3.5/site-packages/wladmin/templates'...
Listing './lib/python3.5/site-packages/wladmin/templates/admin'...
Listing './lib/python3.5/site-packages/wladmin/templates/admin/auth'...
Listing './lib/python3.5/site-packages/wladmin/templates/admin/auth/user'...
Listing './lib/python3.5/site-packages/wladmin/templates/admin/edit_inline'...
Listing './lib/python3.5/site-packages/wladmin/templates/admin/includes_wladmin'...
Listing './lib/python3.5/site-packages/wladmin/templates/admin/registration'...
Listing './lib/python3.5/site-packages/wladmin-1.6.egg-info'...
Listing './share'...
Listing './share/python-wheels'...
