Listing '.'...
Listing './bin'...
Listing './include'...
Listing './lib'...
Listing './lib/python3.5'...
Listing './lib/python3.5/site-packages'...
Listing './lib/python3.5/site-packages/pip'...
Listing './lib/python3.5/site-packages/pip/_vendor'...
Listing './lib/python3.5/site-packages/pip/commands'...
Listing './lib/python3.5/site-packages/pip/compat'...
Listing './lib/python3.5/site-packages/pip/models'...
Listing './lib/python3.5/site-packages/pip/operations'...
Listing './lib/python3.5/site-packages/pip/req'...
Listing './lib/python3.5/site-packages/pip/utils'...
Listing './lib/python3.5/site-packages/pip/vcs'...
Listing './lib/python3.5/site-packages/pip-9.0.1.dist-info'...
Listing './lib/python3.5/site-packages/pkg_resources'...
Listing './lib/python3.5/site-packages/pkg_resources/_vendor'...
Listing './lib/python3.5/site-packages/pkg_resources/_vendor/packaging'...
Listing './lib/python3.5/site-packages/pkg_resources/extern'...
Listing './lib/python3.5/site-packages/pkg_resources-0.0.0.dist-info'...
Listing './lib/python3.5/site-packages/setuptools'...
Listing './lib/python3.5/site-packages/setuptools/command'...
Listing './lib/python3.5/site-packages/setuptools/extern'...
Listing './lib/python3.5/site-packages/setuptools-32.3.1.dist-info'...
Listing './lib/python3.5/site-packages/xhostplus'...
Listing './lib/python3.5/site-packages/xhostplus/videojs'...
Listing './lib/python3.5/site-packages/xhostplus/videojs/browser'...
Listing './lib/python3.5/site-packages/xhostplus/videojs/browser/images'...
Listing './lib/python3.5/site-packages/xhostplus/videojs/browser/javascripts'...
Listing './lib/python3.5/site-packages/xhostplus/videojs/browser/stylesheets'...
Listing './lib/python3.5/site-packages/xhostplus/videojs/content'...
Listing './lib/python3.5/site-packages/xhostplus/videojs/interfaces'...
Listing './lib/python3.5/site-packages/xhostplus/videojs/locales'...
Listing './lib/python3.5/site-packages/xhostplus/videojs/locales/de'...
Listing './lib/python3.5/site-packages/xhostplus/videojs/locales/de/LC_MESSAGES'...
Listing './lib/python3.5/site-packages/xhostplus/videojs/locales/en'...
Listing './lib/python3.5/site-packages/xhostplus/videojs/locales/en/LC_MESSAGES'...
Listing './lib/python3.5/site-packages/xhostplus/videojs/portlets'...
Listing './lib/python3.5/site-packages/xhostplus/videojs/profiles'...
Listing './lib/python3.5/site-packages/xhostplus/videojs/profiles/default'...
Listing './lib/python3.5/site-packages/xhostplus/videojs/profiles/default/types'...
Listing './lib/python3.5/site-packages/xhostplus/videojs/tests'...
Listing './lib/python3.5/site-packages/xhostplus.videojs-1.2.3.egg-info'...
Listing './share'...
Listing './share/python-wheels'...
