Listing '.'...
Listing './bin'...
Listing './include'...
Listing './lib'...
Listing './lib/python3.5'...
Listing './lib/python3.5/site-packages'...
Listing './lib/python3.5/site-packages/Cython'...
Listing './lib/python3.5/site-packages/Cython/Build'...
Listing './lib/python3.5/site-packages/Cython/Build/Tests'...
Listing './lib/python3.5/site-packages/Cython/Compiler'...
Listing './lib/python3.5/site-packages/Cython/Compiler/Tests'...
Listing './lib/python3.5/site-packages/Cython/Debugger'...
Listing './lib/python3.5/site-packages/Cython/Debugger/Tests'...
Listing './lib/python3.5/site-packages/Cython/Distutils'...
Listing './lib/python3.5/site-packages/Cython/Includes'...
Listing './lib/python3.5/site-packages/Cython/Includes/Deprecated'...
Listing './lib/python3.5/site-packages/Cython/Includes/cpython'...
Listing './lib/python3.5/site-packages/Cython/Includes/libc'...
Listing './lib/python3.5/site-packages/Cython/Includes/libcpp'...
Listing './lib/python3.5/site-packages/Cython/Includes/numpy'...
Listing './lib/python3.5/site-packages/Cython/Includes/posix'...
Listing './lib/python3.5/site-packages/Cython/Plex'...
Listing './lib/python3.5/site-packages/Cython/Runtime'...
Listing './lib/python3.5/site-packages/Cython/Tempita'...
Listing './lib/python3.5/site-packages/Cython/Tests'...
Listing './lib/python3.5/site-packages/Cython/Utility'...
Listing './lib/python3.5/site-packages/Cython-0.27.3.dist-info'...
Listing './lib/python3.5/site-packages/certifi'...
Listing './lib/python3.5/site-packages/certifi-2017.11.5.dist-info'...
Listing './lib/python3.5/site-packages/chardet'...
Listing './lib/python3.5/site-packages/chardet/cli'...
Listing './lib/python3.5/site-packages/chardet-3.0.4.dist-info'...
Listing './lib/python3.5/site-packages/decorator-4.1.2.dist-info'...
Listing './lib/python3.5/site-packages/future'...
Listing './lib/python3.5/site-packages/future/backports'...
Listing './lib/python3.5/site-packages/future/backports/email'...
Listing './lib/python3.5/site-packages/future/backports/email/mime'...
Listing './lib/python3.5/site-packages/future/backports/html'...
Listing './lib/python3.5/site-packages/future/backports/http'...
Listing './lib/python3.5/site-packages/future/backports/test'...
Listing './lib/python3.5/site-packages/future/backports/urllib'...
Listing './lib/python3.5/site-packages/future/backports/xmlrpc'...
Listing './lib/python3.5/site-packages/future/builtins'...
Listing './lib/python3.5/site-packages/future/moves'...
Listing './lib/python3.5/site-packages/future/moves/dbm'...
Listing './lib/python3.5/site-packages/future/moves/html'...
Listing './lib/python3.5/site-packages/future/moves/http'...
Listing './lib/python3.5/site-packages/future/moves/test'...
Listing './lib/python3.5/site-packages/future/moves/tkinter'...
Listing './lib/python3.5/site-packages/future/moves/urllib'...
Listing './lib/python3.5/site-packages/future/moves/xmlrpc'...
Listing './lib/python3.5/site-packages/future/standard_library'...
Listing './lib/python3.5/site-packages/future/tests'...
Listing './lib/python3.5/site-packages/future/types'...
Listing './lib/python3.5/site-packages/future/utils'...
Listing './lib/python3.5/site-packages/future-0.16.0.egg-info'...
Listing './lib/python3.5/site-packages/idna'...
Listing './lib/python3.5/site-packages/idna-2.6.dist-info'...
Listing './lib/python3.5/site-packages/ipython_genutils'...
Listing './lib/python3.5/site-packages/ipython_genutils/testing'...
Listing './lib/python3.5/site-packages/ipython_genutils/tests'...
Listing './lib/python3.5/site-packages/ipython_genutils-0.2.0.dist-info'...
Listing './lib/python3.5/site-packages/jsonschema'...
Listing './lib/python3.5/site-packages/jsonschema/schemas'...
Listing './lib/python3.5/site-packages/jsonschema/tests'...
Listing './lib/python3.5/site-packages/jsonschema-2.6.0.dist-info'...
Listing './lib/python3.5/site-packages/jupyter_core'...
Listing './lib/python3.5/site-packages/jupyter_core/tests'...
Listing './lib/python3.5/site-packages/jupyter_core/tests/dotipython'...
Listing './lib/python3.5/site-packages/jupyter_core/tests/dotipython/nbextensions'...
Listing './lib/python3.5/site-packages/jupyter_core/tests/dotipython/profile_default'...
Listing './lib/python3.5/site-packages/jupyter_core/tests/dotipython/profile_default/static'...
Listing './lib/python3.5/site-packages/jupyter_core/tests/dotipython/profile_default/static/custom'...
Listing './lib/python3.5/site-packages/jupyter_core/tests/dotipython_empty'...
Listing './lib/python3.5/site-packages/jupyter_core/tests/dotipython_empty/profile_default'...
Listing './lib/python3.5/site-packages/jupyter_core/tests/dotipython_empty/profile_default/static'...
Listing './lib/python3.5/site-packages/jupyter_core/tests/dotipython_empty/profile_default/static/custom'...
Listing './lib/python3.5/site-packages/jupyter_core/utils'...
Listing './lib/python3.5/site-packages/jupyter_core-4.4.0.dist-info'...
Listing './lib/python3.5/site-packages/libfuturize'...
Listing './lib/python3.5/site-packages/libfuturize/fixes'...
Listing './lib/python3.5/site-packages/libpasteurize'...
Listing './lib/python3.5/site-packages/libpasteurize/fixes'...
Listing './lib/python3.5/site-packages/nbformat'...
Listing './lib/python3.5/site-packages/nbformat/tests'...
Listing './lib/python3.5/site-packages/nbformat/v1'...
Listing './lib/python3.5/site-packages/nbformat/v1/tests'...
Listing './lib/python3.5/site-packages/nbformat/v2'...
Listing './lib/python3.5/site-packages/nbformat/v2/tests'...
Listing './lib/python3.5/site-packages/nbformat/v3'...
Listing './lib/python3.5/site-packages/nbformat/v3/tests'...
Listing './lib/python3.5/site-packages/nbformat/v4'...
Listing './lib/python3.5/site-packages/nbformat/v4/tests'...
Listing './lib/python3.5/site-packages/nbformat-4.4.0.dist-info'...
Listing './lib/python3.5/site-packages/numpy'...
Listing './lib/python3.5/site-packages/numpy/.libs'...
Listing './lib/python3.5/site-packages/numpy/compat'...
Listing './lib/python3.5/site-packages/numpy/core'...
Listing './lib/python3.5/site-packages/numpy/core/include'...
Listing './lib/python3.5/site-packages/numpy/core/include/numpy'...
Listing './lib/python3.5/site-packages/numpy/core/lib'...
Listing './lib/python3.5/site-packages/numpy/core/lib/npy-pkg-config'...
Listing './lib/python3.5/site-packages/numpy/core/tests'...
Listing './lib/python3.5/site-packages/numpy/core/tests/data'...
Listing './lib/python3.5/site-packages/numpy/distutils'...
Listing './lib/python3.5/site-packages/numpy/distutils/command'...
Listing './lib/python3.5/site-packages/numpy/distutils/fcompiler'...
Listing './lib/python3.5/site-packages/numpy/distutils/mingw'...
Listing './lib/python3.5/site-packages/numpy/distutils/tests'...
Listing './lib/python3.5/site-packages/numpy/doc'...
Listing './lib/python3.5/site-packages/numpy/f2py'...
Listing './lib/python3.5/site-packages/numpy/f2py/src'...
Listing './lib/python3.5/site-packages/numpy/f2py/tests'...
Listing './lib/python3.5/site-packages/numpy/f2py/tests/src'...
Listing './lib/python3.5/site-packages/numpy/f2py/tests/src/array_from_pyobj'...
Listing './lib/python3.5/site-packages/numpy/f2py/tests/src/assumed_shape'...
Listing './lib/python3.5/site-packages/numpy/f2py/tests/src/common'...
Listing './lib/python3.5/site-packages/numpy/f2py/tests/src/kind'...
Listing './lib/python3.5/site-packages/numpy/f2py/tests/src/mixed'...
Listing './lib/python3.5/site-packages/numpy/f2py/tests/src/parameter'...
Listing './lib/python3.5/site-packages/numpy/f2py/tests/src/regression'...
Listing './lib/python3.5/site-packages/numpy/f2py/tests/src/size'...
Listing './lib/python3.5/site-packages/numpy/f2py/tests/src/string'...
Listing './lib/python3.5/site-packages/numpy/fft'...
Listing './lib/python3.5/site-packages/numpy/fft/tests'...
Listing './lib/python3.5/site-packages/numpy/lib'...
Listing './lib/python3.5/site-packages/numpy/lib/tests'...
Listing './lib/python3.5/site-packages/numpy/lib/tests/data'...
Listing './lib/python3.5/site-packages/numpy/linalg'...
Listing './lib/python3.5/site-packages/numpy/linalg/tests'...
Listing './lib/python3.5/site-packages/numpy/ma'...
Listing './lib/python3.5/site-packages/numpy/ma/tests'...
Listing './lib/python3.5/site-packages/numpy/matrixlib'...
Listing './lib/python3.5/site-packages/numpy/matrixlib/tests'...
Listing './lib/python3.5/site-packages/numpy/polynomial'...
Listing './lib/python3.5/site-packages/numpy/polynomial/tests'...
Listing './lib/python3.5/site-packages/numpy/random'...
Listing './lib/python3.5/site-packages/numpy/random/tests'...
Listing './lib/python3.5/site-packages/numpy/testing'...
Listing './lib/python3.5/site-packages/numpy/testing/nose_tools'...
Listing './lib/python3.5/site-packages/numpy/testing/tests'...
Listing './lib/python3.5/site-packages/numpy/tests'...
Listing './lib/python3.5/site-packages/numpy-1.14.0.dist-info'...
Listing './lib/python3.5/site-packages/past'...
Listing './lib/python3.5/site-packages/past/builtins'...
Listing './lib/python3.5/site-packages/past/tests'...
Listing './lib/python3.5/site-packages/past/translation'...
Listing './lib/python3.5/site-packages/past/types'...
Listing './lib/python3.5/site-packages/past/utils'...
Listing './lib/python3.5/site-packages/pip'...
Listing './lib/python3.5/site-packages/pip/_vendor'...
Listing './lib/python3.5/site-packages/pip/commands'...
Listing './lib/python3.5/site-packages/pip/compat'...
Listing './lib/python3.5/site-packages/pip/models'...
Listing './lib/python3.5/site-packages/pip/operations'...
Listing './lib/python3.5/site-packages/pip/req'...
Listing './lib/python3.5/site-packages/pip/utils'...
Listing './lib/python3.5/site-packages/pip/vcs'...
Listing './lib/python3.5/site-packages/pip-9.0.1.dist-info'...
Listing './lib/python3.5/site-packages/pkg_resources'...
Listing './lib/python3.5/site-packages/pkg_resources/_vendor'...
Listing './lib/python3.5/site-packages/pkg_resources/_vendor/packaging'...
Listing './lib/python3.5/site-packages/pkg_resources/extern'...
Listing './lib/python3.5/site-packages/pkg_resources-0.0.0.dist-info'...
Listing './lib/python3.5/site-packages/plotly'...
Listing './lib/python3.5/site-packages/plotly/api'...
Listing './lib/python3.5/site-packages/plotly/api/v1'...
Listing './lib/python3.5/site-packages/plotly/api/v2'...
Listing './lib/python3.5/site-packages/plotly/dashboard_objs'...
Listing './lib/python3.5/site-packages/plotly/figure_factory'...
Listing './lib/python3.5/site-packages/plotly/graph_objs'...
Listing './lib/python3.5/site-packages/plotly/grid_objs'...
Listing './lib/python3.5/site-packages/plotly/matplotlylib'...
Listing './lib/python3.5/site-packages/plotly/matplotlylib/mplexporter'...
Listing './lib/python3.5/site-packages/plotly/matplotlylib/mplexporter/renderers'...
Listing './lib/python3.5/site-packages/plotly/offline'...
Listing './lib/python3.5/site-packages/plotly/package_data'...
Listing './lib/python3.5/site-packages/plotly/plotly'...
Listing './lib/python3.5/site-packages/plotly/plotly/chunked_requests'...
Listing './lib/python3.5/site-packages/plotly/presentation_objs'...
Listing './lib/python3.5/site-packages/plotly/widgets'...
Listing './lib/python3.5/site-packages/plotly-2.2.3.egg-info'...
Listing './lib/python3.5/site-packages/pytz'...
Listing './lib/python3.5/site-packages/pytz/zoneinfo'...
Listing './lib/python3.5/site-packages/pytz/zoneinfo/Africa'...
Listing './lib/python3.5/site-packages/pytz/zoneinfo/America'...
Listing './lib/python3.5/site-packages/pytz/zoneinfo/America/Argentina'...
Listing './lib/python3.5/site-packages/pytz/zoneinfo/America/Indiana'...
Listing './lib/python3.5/site-packages/pytz/zoneinfo/America/Kentucky'...
Listing './lib/python3.5/site-packages/pytz/zoneinfo/America/North_Dakota'...
Listing './lib/python3.5/site-packages/pytz/zoneinfo/Antarctica'...
Listing './lib/python3.5/site-packages/pytz/zoneinfo/Arctic'...
Listing './lib/python3.5/site-packages/pytz/zoneinfo/Asia'...
Listing './lib/python3.5/site-packages/pytz/zoneinfo/Atlantic'...
Listing './lib/python3.5/site-packages/pytz/zoneinfo/Australia'...
Listing './lib/python3.5/site-packages/pytz/zoneinfo/Brazil'...
Listing './lib/python3.5/site-packages/pytz/zoneinfo/Canada'...
Listing './lib/python3.5/site-packages/pytz/zoneinfo/Chile'...
Listing './lib/python3.5/site-packages/pytz/zoneinfo/Etc'...
Listing './lib/python3.5/site-packages/pytz/zoneinfo/Europe'...
Listing './lib/python3.5/site-packages/pytz/zoneinfo/Indian'...
Listing './lib/python3.5/site-packages/pytz/zoneinfo/Mexico'...
Listing './lib/python3.5/site-packages/pytz/zoneinfo/Pacific'...
Listing './lib/python3.5/site-packages/pytz/zoneinfo/US'...
Listing './lib/python3.5/site-packages/pytz-2017.3.dist-info'...
Listing './lib/python3.5/site-packages/pyximport'...
Listing './lib/python3.5/site-packages/requests'...
Listing './lib/python3.5/site-packages/requests-2.18.4.dist-info'...
Listing './lib/python3.5/site-packages/setuptools'...
Listing './lib/python3.5/site-packages/setuptools/command'...
Listing './lib/python3.5/site-packages/setuptools/extern'...
Listing './lib/python3.5/site-packages/setuptools-32.3.1.dist-info'...
Listing './lib/python3.5/site-packages/six-1.11.0.dist-info'...
Listing './lib/python3.5/site-packages/traitlets'...
Listing './lib/python3.5/site-packages/traitlets/config'...
Listing './lib/python3.5/site-packages/traitlets/config/tests'...
Listing './lib/python3.5/site-packages/traitlets/tests'...
Listing './lib/python3.5/site-packages/traitlets/utils'...
Listing './lib/python3.5/site-packages/traitlets/utils/tests'...
Listing './lib/python3.5/site-packages/traitlets-4.3.2.dist-info'...
Listing './lib/python3.5/site-packages/urllib3'...
Listing './lib/python3.5/site-packages/urllib3/contrib'...
Listing './lib/python3.5/site-packages/urllib3/contrib/_securetransport'...
Listing './lib/python3.5/site-packages/urllib3/packages'...
Listing './lib/python3.5/site-packages/urllib3/packages/backports'...
Listing './lib/python3.5/site-packages/urllib3/packages/ssl_match_hostname'...
Listing './lib/python3.5/site-packages/urllib3/util'...
Listing './lib/python3.5/site-packages/urllib3-1.22.dist-info'...
Listing './lib/python3.5/site-packages/xlmhg'...
Listing './lib/python3.5/site-packages/xlmhg-2.4.9.dist-info'...
Listing './share'...
Listing './share/python-wheels'...
