Listing '.'...
Listing './bin'...
Listing './include'...
Listing './lib'...
Listing './lib/python3.5'...
Listing './lib/python3.5/site-packages'...
Listing './lib/python3.5/site-packages/Pint-0.8.1.egg-info'...
Listing './lib/python3.5/site-packages/pint'...
Listing './lib/python3.5/site-packages/pint/compat'...
Listing './lib/python3.5/site-packages/pint/testsuite'...
Listing './lib/python3.5/site-packages/pint/testsuite/compat'...
Listing './lib/python3.5/site-packages/pip'...
Listing './lib/python3.5/site-packages/pip/_vendor'...
Listing './lib/python3.5/site-packages/pip/commands'...
Listing './lib/python3.5/site-packages/pip/compat'...
Listing './lib/python3.5/site-packages/pip/models'...
Listing './lib/python3.5/site-packages/pip/operations'...
Listing './lib/python3.5/site-packages/pip/req'...
Listing './lib/python3.5/site-packages/pip/utils'...
Listing './lib/python3.5/site-packages/pip/vcs'...
Listing './lib/python3.5/site-packages/pip-9.0.1.dist-info'...
Listing './lib/python3.5/site-packages/pkg_resources'...
Listing './lib/python3.5/site-packages/pkg_resources/_vendor'...
Listing './lib/python3.5/site-packages/pkg_resources/_vendor/packaging'...
Listing './lib/python3.5/site-packages/pkg_resources/extern'...
Listing './lib/python3.5/site-packages/pkg_resources-0.0.0.dist-info'...
Listing './lib/python3.5/site-packages/setuptools'...
Listing './lib/python3.5/site-packages/setuptools/command'...
Listing './lib/python3.5/site-packages/setuptools/extern'...
Listing './lib/python3.5/site-packages/setuptools-32.3.1.dist-info'...
Listing './lib/python3.5/site-packages/z3c'...
Listing './lib/python3.5/site-packages/z3c/formwidget'...
Listing './lib/python3.5/site-packages/z3c/formwidget/unit'...
Listing './lib/python3.5/site-packages/z3c/formwidget/unit/locales'...
Listing './lib/python3.5/site-packages/z3c/formwidget/unit/locales/de'...
Listing './lib/python3.5/site-packages/z3c/formwidget/unit/locales/de/LC_MESSAGES'...
Listing './lib/python3.5/site-packages/z3c/formwidget/unit/locales/en'...
Listing './lib/python3.5/site-packages/z3c/formwidget/unit/locales/en/LC_MESSAGES'...
Listing './lib/python3.5/site-packages/z3c/formwidget/unit/locales/es'...
Listing './lib/python3.5/site-packages/z3c/formwidget/unit/locales/es/LC_MESSAGES'...
Listing './lib/python3.5/site-packages/z3c/formwidget/unit/locales/fr'...
Listing './lib/python3.5/site-packages/z3c/formwidget/unit/locales/fr/LC_MESSAGES'...
Listing './lib/python3.5/site-packages/z3c/formwidget/unit/locales/it'...
Listing './lib/python3.5/site-packages/z3c/formwidget/unit/locales/it/LC_MESSAGES'...
Listing './lib/python3.5/site-packages/z3c/formwidget/unit/locales/ja'...
Listing './lib/python3.5/site-packages/z3c/formwidget/unit/locales/ja/LC_MESSAGES'...
Listing './lib/python3.5/site-packages/z3c/formwidget/unit/locales/pt'...
Listing './lib/python3.5/site-packages/z3c/formwidget/unit/locales/pt/LC_MESSAGES'...
Listing './lib/python3.5/site-packages/z3c/formwidget/unit/locales/ru'...
Listing './lib/python3.5/site-packages/z3c/formwidget/unit/locales/ru/LC_MESSAGES'...
Listing './lib/python3.5/site-packages/z3c/formwidget/unit/locales/zh'...
Listing './lib/python3.5/site-packages/z3c/formwidget/unit/locales/zh/LC_MESSAGES'...
Listing './lib/python3.5/site-packages/z3c/formwidget/unit/templates'...
Listing './lib/python3.5/site-packages/z3c.formwidget.unit-0.2.6.egg-info'...
Listing './share'...
Listing './share/python-wheels'...
