Listing '.'...
Listing './bin'...
Listing './include'...
Listing './lib'...
Listing './lib/python3.5'...
Listing './lib/python3.5/site-packages'...
Listing './lib/python3.5/site-packages/colorama'...
Listing './lib/python3.5/site-packages/colorama-0.3.9.dist-info'...
Listing './lib/python3.5/site-packages/jaraco'...
Listing './lib/python3.5/site-packages/jaraco/classes'...
Listing './lib/python3.5/site-packages/jaraco/structures'...
Listing './lib/python3.5/site-packages/jaraco/ui'...
Listing './lib/python3.5/site-packages/jaraco/windows'...
Listing './lib/python3.5/site-packages/jaraco/windows/api'...
Listing './lib/python3.5/site-packages/jaraco/windows/filesystem'...
Listing './lib/python3.5/site-packages/jaraco.classes-1.4.3.dist-info'...
Listing './lib/python3.5/site-packages/jaraco.collections-1.5.2.dist-info'...
Listing './lib/python3.5/site-packages/jaraco.functools-1.17.dist-info'...
Listing './lib/python3.5/site-packages/jaraco.structures-1.1.2.dist-info'...
Listing './lib/python3.5/site-packages/jaraco.text-1.9.2.dist-info'...
Listing './lib/python3.5/site-packages/jaraco.ui-1.6.dist-info'...
Listing './lib/python3.5/site-packages/jaraco.windows-3.8.1.dist-info'...
Listing './lib/python3.5/site-packages/more_itertools'...
Listing './lib/python3.5/site-packages/more_itertools/tests'...
Listing './lib/python3.5/site-packages/more_itertools-4.0.1.dist-info'...
Listing './lib/python3.5/site-packages/path.py-10.5.dist-info'...
Listing './lib/python3.5/site-packages/pip'...
Listing './lib/python3.5/site-packages/pip/_vendor'...
Listing './lib/python3.5/site-packages/pip/commands'...
Listing './lib/python3.5/site-packages/pip/compat'...
Listing './lib/python3.5/site-packages/pip/models'...
Listing './lib/python3.5/site-packages/pip/operations'...
Listing './lib/python3.5/site-packages/pip/req'...
Listing './lib/python3.5/site-packages/pip/utils'...
Listing './lib/python3.5/site-packages/pip/vcs'...
Listing './lib/python3.5/site-packages/pip-9.0.1.dist-info'...
Listing './lib/python3.5/site-packages/pkg_resources'...
Listing './lib/python3.5/site-packages/pkg_resources/_vendor'...
Listing './lib/python3.5/site-packages/pkg_resources/_vendor/packaging'...
Listing './lib/python3.5/site-packages/pkg_resources/extern'...
Listing './lib/python3.5/site-packages/pkg_resources-0.0.0.dist-info'...
Listing './lib/python3.5/site-packages/setuptools'...
Listing './lib/python3.5/site-packages/setuptools/command'...
Listing './lib/python3.5/site-packages/setuptools/extern'...
Listing './lib/python3.5/site-packages/setuptools-32.3.1.dist-info'...
Listing './lib/python3.5/site-packages/six-1.11.0.dist-info'...
Listing './lib/python3.5/site-packages/zerotk'...
Listing './lib/python3.5/site-packages/zerotk/clikit'...
Listing './lib/python3.5/site-packages/zerotk/easyfs'...
Listing './lib/python3.5/site-packages/zerotk/reraiseit'...
Listing './lib/python3.5/site-packages/zerotk.clikit-0.2.0.egg-info'...
Listing './lib/python3.5/site-packages/zerotk.easyfs-1.0.3.egg-info'...
Listing './lib/python3.5/site-packages/zerotk.reraiseit-2.0.7.egg-info'...
Listing './share'...
Listing './share/python-wheels'...
