Listing '.'...
Listing './bin'...
Listing './include'...
Listing './lib'...
Listing './lib/python3.5'...
Listing './lib/python3.5/site-packages'...
Listing './lib/python3.5/site-packages/pip'...
Listing './lib/python3.5/site-packages/pip/_vendor'...
Listing './lib/python3.5/site-packages/pip/commands'...
Listing './lib/python3.5/site-packages/pip/compat'...
Listing './lib/python3.5/site-packages/pip/models'...
Listing './lib/python3.5/site-packages/pip/operations'...
Listing './lib/python3.5/site-packages/pip/req'...
Listing './lib/python3.5/site-packages/pip/utils'...
Listing './lib/python3.5/site-packages/pip/vcs'...
Listing './lib/python3.5/site-packages/pip-9.0.1.dist-info'...
Listing './lib/python3.5/site-packages/pkg_resources'...
Listing './lib/python3.5/site-packages/pkg_resources/_vendor'...
Listing './lib/python3.5/site-packages/pkg_resources/_vendor/packaging'...
Listing './lib/python3.5/site-packages/pkg_resources/extern'...
Listing './lib/python3.5/site-packages/pkg_resources-0.0.0.dist-info'...
Listing './lib/python3.5/site-packages/setuptools'...
Listing './lib/python3.5/site-packages/setuptools/command'...
Listing './lib/python3.5/site-packages/setuptools/extern'...
Listing './lib/python3.5/site-packages/setuptools-32.3.1.dist-info'...
Listing './lib/python3.5/site-packages/zopyx'...
Listing './lib/python3.5/site-packages/zopyx/tinymceplugins'...
Listing './lib/python3.5/site-packages/zopyx/tinymceplugins/tinyautosave'...
Listing './lib/python3.5/site-packages/zopyx/tinymceplugins/tinyautosave/browser'...
Listing './lib/python3.5/site-packages/zopyx/tinymceplugins/tinyautosave/locales'...
Listing './lib/python3.5/site-packages/zopyx/tinymceplugins/tinyautosave/profiles'...
Listing './lib/python3.5/site-packages/zopyx/tinymceplugins/tinyautosave/profiles/default'...
Listing './lib/python3.5/site-packages/zopyx/tinymceplugins/tinyautosave/skins'...
Listing './lib/python3.5/site-packages/zopyx/tinymceplugins/tinyautosave/skins/autosave'...
Listing './lib/python3.5/site-packages/zopyx/tinymceplugins/tinyautosave/skins/autosave/tinyautosave'...
Listing './lib/python3.5/site-packages/zopyx/tinymceplugins/tinyautosave/skins/autosave/tinyautosave/images'...
Listing './lib/python3.5/site-packages/zopyx/tinymceplugins/tinyautosave/skins/autosave/tinyautosave/langs'...
Listing './lib/python3.5/site-packages/zopyx.tinymceplugins.tinyautosave-1.0.1.egg-info'...
Listing './share'...
Listing './share/python-wheels'...
